 Check Payment Inited...!<br>
2018-10-08 06:20:01amstring(16) "1: Alberto Reyes"
string(25) "59: Opinião Conservadora"
string(24) "62: Sibite Comunicação"
string(19) "93: Monize Taniguti"
string(21) "146: Auê Promoções"
string(22) "212: Lìívia Souza II"
string(32) "234: POWERLOOK Vestidos de Festa"
string(18) "245: Access denied"
string(27) "867: joao victor vilas boas"
string(12) "1059: GrAvER"
string(17) "1567: J. Porto™"
string(20) "1607: Carllos Sillva"
string(25) "2036: Sapato do Chef - PA"
string(35) "2175: Virei Loira por Gabriel Nobre"
string(26) "2560: Mercado Modelo Bahia"
string(18) "2847: Decore Mundo"
string(15) "3292: Fraga Bar"
string(17) "4236: Lorena Maia"
string(18) "4827: Pamela Otero"
string(6) "5476: "
string(31) "6264: Por Kátia Souto Carvalho"
string(34) "7143: G R A Z I E L I    A L V E S"
string(30) "7638: Dra. Barbara Vasconcelos"
string(40) "8150: ???? Daniel Gardingo ???? SJC ????"
string(24) "8945: Silvinha Mantovani"
string(26) "9580: Dr. Ricardo Palácio"
string(35) "9615: Poly Ruffini Vallada Gardingo"
string(26) "9735: Star Point Surf Shop"
string(18) "9800: Rodrigo Ruiz"
string(20) "10000: Marcos Medina"
string(29) "10003: Banzai Tattoo Downtown"
string(30) "10259: ??GRANDVILLE HOTÉIS ??"
string(27) "10433: ????JOSIAS DIAS ????"
string(16) "10582: Guilherme"
string(22) "10833: sosoportunidade"
string(25) "10893: ACADEMIA KING THAI"
string(37) "10992: Marcelo Augusto HairStylist ??"
string(18) "11077: NoxBoy Mike"
string(19) "11158: Caio Grunupp"
string(24) "11331: VITÓRIA BRITTO®"
string(18) "11377: Loja Ópera"
string(21) "11431: Hué Alimentos"
string(23) "11465: KST - Importados"
string(21) "11490: Wilson Chueire"
string(29) "11502: S7 Producoes & Eventos"
string(20) "11504: Gabriel Aribi"
string(24) "11510: brunosennaimagens"
string(22) "11541: Maycow Montemor"
string(33) "11546: Aline Marcovici Fotografia"
string(22) "11571: AMA  Assessoria"
string(24) "11618: Juliana Lisciotto"
string(21) "11681: DraAline Silva"
string(20) "11742: Rodas&Motores"
string(19) "11758: Clara Campos"
string(20) "11762: Thamara Elisa"
string(24) "11772: Mega Minas Sports"
string(16) "11791: Portal 37"
string(33) "11792: HF Metalúrgica e Fundidos"
string(22) "11831: Grill & Gourmet"
string(34) "11866: ? David Kapper hair style ?"
string(33) "11927: Sete Chaves Fotografia????"
string(13) "11937: Kether"
string(22) "12117: Luzia Cerqueira"
string(18) "13379: Laura Bergo"
string(22) "13426: Raphaela Becker"
string(27) "13747: André Luiz de Nardo"
string(16) "13880: LET DAHER"
string(19) "14096: João Marcos"
string(17) "14161: it's & co."
string(20) "14239: Access denied"
string(21) "14256: nafurtadocakes"
string(27) "14746: CASTROL AUTO SERVICE"
string(17) "14922: Liv Drinks"
string(37) "15024: MANU FRAGA ???????????????????"
string(22) "15141: Odontowebschool"
string(27) "15576: Joao Victor Giordano"
string(33) "15624: DOM HAIR by Felippe & Will"
string(36) "15942: Artur Abrantes / Pandora ????"
string(22) "16227: Andrei Oliveira"
string(27) "16234: Bianca Coelho Decora"
string(21) "16282: Júnior Portes"
string(20) "16543: Patrick Valle"
string(24) "16659: Luciana Laufer ??"
string(28) "16749: Flávia Vieira D Rosa"
string(20) "16902: ???????? ????"
string(23) "16972: Physical Pilates"
string(20) "17362: Danny- setudo"
string(32) "17484: Pousada Porto de Piranhas"
string(40) "17544: Almir Salvattore ????ATOR com DRT"

<br>Client pay data data expired!!!: Almir Salvattore ????ATOR com DRT (id: 17544)<br>
<br>Email send to client: Almir Salvattore ????ATOR com DRT<br>
string(27) "17556: Guilherme Nascimento"
string(32) "17620: Aluguel de casa na Disney"
string(27) "17760: Jhone Heber ????????"
string(22) "17868: Caipiras Sempre"
string(28) "17899: Rick Santanna Oficial"
string(20) "17901: LeandroGarcia"
string(22) "18053: Osnir Hamburger"
string(26) "18054: Eduardo Truffi Neto"
string(31) "18089: Carolina Norton de Matos"
string(34) "18129: Ethiane Marques de Oliveira"
string(17) "18216: #maedetres"
string(7) "18356: "
string(19) "18435: Holy PopCorn"
string(20) "18517: diego goulart"
string(16) "18568: QUARTO 22"
string(24) "18645: Keli Salatino  ??"
string(24) "18816: Letícia ????????"
string(17) "18842: AWS Mining"
string(21) "18891: Williana Brito"
string(34) "18991: TUM Sound Festival ????????"
string(27) "19101: Casal Bio Equilibrio"
string(31) "19152: GventurinPersonalTrainer"
string(15) "19217: FAST FIT"
string(11) "19268: Raif"
string(23) "19319: Hustler Hardcore"
string(22) "19420: Isabella Rengel"
string(36) "19429: Solus Comunicação e Cultura"
string(30) "19462: Missão Refúgio Hoje®"
string(26) "19463: ?Natalia Fressato ?"
string(35) "19504: Silvia Schaefer Oficial ????"
string(27) "19550: Calçados Pau Brasil"
string(25) "19656: Daly Store????????"
string(18) "19675: Angelosciao"
string(19) "19701: V@sco Sá ®"
string(38) "19768: rekombinando | ????????????????"
string(16) "19831: Sueli S.?"
string(41) "19833: Díade "Acessórios com afeto"????"
string(24) "19839: Christian Pereira"
string(21) "19844: Oficial Pharma"
string(19) "19923: Pedro Wilson"
string(25) "20030: Ateliê Luiz Rocha"
string(21) "20057: Bianca Camargo"
string(24) "20065: Center Perfumaria"
string(17) "20102: Paula Melo"
string(25) "20149: Thalia Castro ????"
string(19) "20180: Yasminn Dias"
string(19) "20272: Jobson Alves"
string(35) "20304: Leonardo Santos Fotografia®"
string(49) "20357: ???????? ACADEMIA  SPORT TOTAL II ????????"
string(21) "20503: Chandler Stout"
string(21) "20559: Maison Biarrô"
string(33) "20565: Isela Mendoza del Castillo"
string(33) "20594: Arquiteta Carolina Martins"
string(15) "20612: Entropia"
string(21) "20664: Gou Taguatinga"
string(26) "20682: Oficial FarmaPharma"
string(25) "20784: Calábria Pizzaria"
string(7) "20818: "
string(23) "20927: Jairo dos Santos"
string(14) "21062: Luciano"
string(20) "21230: Viktor Coelho"
string(31) "21236: Nicolly Magalhães Costa"
string(22) "21368: Ricardo Ribeiro"
string(35) "21396: Ramos Segurança Eletrônica"
string(28) "21407: Camaçari Plaza Hotel"
string(28) "21480: • GABRIEL TELES •"
string(18) "21493: Fabio Lopes"
string(29) "21602: Shopping Casa & Design"
string(25) "21875: Santástica União"
string(28) "21879: Embracon Condomínios"
string(25) "21970: Hamburguinho Moema"
string(20) "22066: Vilma Martins"
string(14) "22368: Zero100"
string(30) "22372: Lion Rolling Circus Rio"
string(19) "22448: Remix Urbano"
string(28) "22538: ELTON ? FIRST OFFICER"
string(18) "22627: lucaswiliam"
string(25) "22701: Falandodemaquiagem"
string(21) "22725: GEORGE MUCHULI"
string(20) "22753: Wendell Alves"
string(12) "22786: João"
string(22) "22791: Lucas Rodrigues"
string(17) "22915: 5000covers"
string(19) "22955: Marcio Moura"
string(23) "23135: DâniaK Boutique"
string(23) "23227: Formatação TCC"
string(14) "23274: Josh GK"
string(12) "23290: lucao"
string(29) "23291: Lucas Silva Dos Santos"
string(34) "23301: M A R C E L O   M A R K E S"
string(22) "23392: DL Beauty Salon"
string(28) "23424: Ariadine Barreto ????"
string(16) "23480: Sem Jacar"
string(19) "23525: Breno Hirata"
string(19) "23760: JessicaIwata"
string(25) "23827: Dna Photo e Vídeo"
string(18) "23898: game center"
string(19) "24097: PACO FISH RD"
string(34) "24098: Quality Hotel Santo Domingo"
string(41) "24172: Isabella Bernardo ????????????????"
string(14) "24233: Ali-Ali"
string(24) "24368: Barbearia do Neno"
string(18) "24472: PL ????????"
string(19) "24518: oscar cauchi"
string(28) "24854: Entre o Mar e a Lagoa"
string(17) "24900: Darlan Red"
string(21) "24992: Studio 4 Cinco"
string(21) "25104: Fabricio Fabre"
string(29) "25130: suamusicapersonalizada"
string(34) "25238: Fiore Mix Ecofriendly Shoes"
string(30) "25260: kevin silva de oliveira"
string(18) "25268: Allan Natal"
string(24) "25269: Polpa Sempre Viva"
string(27) "25448: Kessya Cruz ????????"
string(26) "25451: Maria Celeste Parra"
string(21) "25571: Habner Martins"
string(26) "25591: Fitness Suplementos"
string(24) "25768: Maycon Barroco ??"
string(17) "25933: CAIO CESAR"
string(15) "25968: Lil.Fama"
string(20) "26159: Instituto Ybi"
string(29) "26183: Andresa Lebens Corrêa"

<br>Client pay data data expired!!!: Andresa Lebens Corrêa (id: 26183)<br>
<br>Email send to client: Andresa Lebens Corrêa<br>
string(19) "26241: Lea Casimiro"
string(19) "26371: Malooh Store"
string(22) "26399: lauraivinadecor"
string(27) "26696: Raphael Suss Marques"
string(21) "26812: draraymedeiros"
string(19) "27093: 4youdressing"
string(18) "27186: luis miguel"
string(27) "27262: Dra Flávia Sgavioli"
string(22) "27305: Rafa Mello ????"
string(27) "27345: ?? ???? ??ss????s  ?"
string(20) "27362: Katiane Silva"
string(16) "27378: Labotique"
string(17) "27429: EcoNoronha"
string(21) "27432: Gelotti Sports"
string(30) "27437: Casa de Carnes Bom Beef"
string(15) "27529: Parvathi"
string(19) "27532: LÔ BO'TIQUE"
string(20) "27549: Thales Castro"
string(36) "27559: Visagismo Facial Drika Vianna"
string(21) "27584: Bakwara Brasil"
string(34) "27586: Carla Barcellos Semi Jóias"
string(29) "27603: • AFRODITE STORE •"
string(20) "27654: Ro Giacomello"
string(19) "27686: Solve Brazil"
string(21) "27695: Fernanda Volpi"
string(14) "27722: Maribel"
string(22) "27726: Mioche Menswear"
string(23) "27736: Mercado La Barra"
string(18) "27750: ? Nara ????"
string(36) "27752: Luk moda masculina e feminina"
string(32) "27761: Girl's Garden Acessórios"
string(19) "27797: Capim Limão"
string(24) "27813: Max Premium Jeans"
string(21) "27843: Bruna Bertocco"
string(36) "27896: Na Cara Do Gol: 48 99155 1811"
string(22) "27910: Jéssica Cytrus"
string(19) "28001: Cyro Fuziama"
string(12) "28007: Thays"
string(14) "28022: Dankana"
string(18) "28029: Vivi Veloso"
string(9) "28031: F."
string(22) "28062: closetdasduasto"
string(19) "28075: Gardel Maroz"
string(25) "28098: ? FEREFA CROCHET ?"
string(12) "28099: ECOAN"
string(14) "28105: Nr_Mini"
string(26) "28136: DZ9 Bed & Breakfast"
string(21) "28240: ALVO MARKETING"
string(23) "28373: Danilo Pelegrino"
string(29) "28414: Maria Clara Guimarães"
string(19) "28436: meirellesipc"
string(15) "28447: Anderson"
string(22) "28458: carlota barnabe"
string(23) "28460: Danilo Pelegrino"
string(10) "28481: May"
string(22) "28511: Clube de Bolsas"
string(15) "28522: Fila Lin"
string(29) "28536: Gabriel Binda Carvalho"
string(24) "28554: Pães da Família"
string(31) "28576: Vida Sol e Mar Ecoresort"
string(17) "28577: aco_brasil"
string(22) "28591: Desafio A DoiS2"
string(13) "28614: Karbô"
string(21) "28657: Reserve Viagem"
string(27) "28668: Neovita Fisioterapia"
string(26) "28673: Dunas Hookah Lounge"
string(18) "28680: Rosi Araujo"
string(12) "28707: PAUSE"
string(19) "28712: Quatro Mãos"
string(34) "28751: Priscila Pinheiro - Eventos"
string(27) "28752: ? Renata Canizares ?"
string(26) "28755: Farmaceutico Esteta"
string(21) "28761: PraSempreEmMim"
string(17) "28782: Lili Spada"
string(23) "28843: Rosana Tiburtino"
string(35) "28915: Hypinose Moda &  Acessórios"
string(22) "28927: Shirley Santana"
string(23) "28937: Dr Pedro Ferrari"

<br>Client pay data data expired!!!: Dr Pedro Ferrari (id: 28937)<br>
<br>Email send to client: Dr Pedro Ferrari<br>
string(18) "28962: desativando"
string(13) "28970: bunker"
string(13) "28989: LeoCar"
string(16) "28994: Anna Maya"
string(22) "29001: Rhuan Penaforte"
string(25) "29004: Restaurante Barió"
string(29) "29007: Felippetur Transportes"
string(33) "29025: TX CÂMBIO E TURISMO - Rio"
string(24) "29054: Carnes La Celeste"
string(16) "29123: Luiz Dias"
string(24) "29137: Colegio Guarapuvu"
string(25) "29138: Colégio Guarapuvu"
string(20) "29171: Access denied"
string(27) "29183: Vitor Cardoso Magnus"
string(23) "29193: ???????? ???????"
string(29) "29213: danelonprimeacessorios"
string(17) "29234: Videomaker"
string(32) "29253: Masserini Osteria di Mare"
string(21) "29265: Gilliane Alves"
string(22) "29277: Felippe Augusto"
string(33) "29291: Rodrigo Embracon Consorcio"
string(26) "29305: Não to lendo isso!"
string(16) "29344: Ele Store"
string(19) "29347: Joana Aguiar"
string(25) "29365: PSG Academy Recife"
string(23) "29382: Othmane Jennaoui"
string(23) "29442: The Blonde detox"
string(28) "29446: Doutora Winnie Amaral"
string(18) "29462: Meempreenda"
string(21) "29487: Karineli Suzan"
string(30) "29498: Orla Moda Praia Oficial"
string(26) "29507: Allbot Equipamentos"
string(20) "29527: Andre Menezes"
string(18) "29540: Viviane neu"
string(24) "29541: Douglas Fernandes"
string(26) "29549: Andressa Nascimento"
string(37) "29570: ?r???? ?? ?o?o - Rodr??o R??o?"
string(28) "29593: THE SPACETIME RIPPLES"
string(34) "29598: EMAGRECENDO ???? COM 5 DIAS"
string(38) "29605: Magalhães Consultor Direcional"
string(23) "29628: Emporio Di Fiori"
string(30) "29663: Viajando na Arquitetura"
string(23) "29668: Elite Center Foz"
string(34) "29690: Microblading Roberta Franca"
string(29) "29696: Doceria Ana Ester ????"
string(33) "29699: Tubarao Center/caça/Pesca"
string(11) "29707: E??Y"
string(26) "29719: ?_?   ? ???? ?? ???"
string(32) "29720: FORRÓ PERFEITO - OFICIAL"
string(12) "29724: Higor"
string(22) "29768: Loja NowFitness"
string(16) "29784: MáPoiani"
string(32) "29786: Studio S Salão de Beleza"
string(25) "29788: Personal Mentoring"
string(32) "29814: Studio Hair Internacional"
string(28) "29842: Ábde Hassan Sammour."
string(22) "29845: Ateliê Company"
string(22) "29848: Visual Software"
string(37) "29863: Natal Parapente (Voo Livre RN)"
string(28) "29891: Terapias Alternativas"
string(8) "29918: A"
string(25) "29933: Teatro Clara Nunes"
string(22) "29946: Alaska Clothing"
string(38) "29947: GKT Divisão Feminina(Paulinha)"
string(21) "29964: Blog do Arinos"
string(20) "29968: Access denied"
string(25) "29969: ??General Store ??"
string(43) "29977: ???????? Acervo Modas da 44 ????????"
string(24) "29984: Ginetom Rodrigues"
string(13) "30017: @cgutt"
string(14) "30028: Dr Hulk"
string(23) "30036: Camila Guerreiro"
string(15) "30040: Copa CIA"
string(23) "30051: Tuguinha TV ????"
string(20) "30063: Rentar.com.do"
string(18) "30070: Gustavo Ono"
string(35) "30118: Disfranco Motors Multimarcas"
string(27) "30125: Lucas Bomfim Ribeiro"
string(34) "30136: B Ruschel Ewald Vega Garcia"
string(19) "30138: Murilo Costa"
string(33) "30140: ???????? ???????? ????????"
string(29) "30194: luiz Henrique de Souza"
string(21) "30226: HUESKER Brasil"
string(36) "30227: Rodrigo Otávio Correia Silva"
string(27) "30233: ????Camilla Franklin"
string(28) "30248: Maira Fuzii Terapeuta"
string(17) "30271: CriptoBraz"
string(26) "30296: Gabriel_Barbosa????"
string(20) "30299: Neto Ullisses"
string(18) "30315: Nandokounat"
string(29) "30333: Julio Jose Matias Sosa"
string(18) "30347: Caneli Home"
string(17) "30359: JOSE RAMON"
string(19) "30364: Katia Albany"
string(23) "30380: Lôrrany Miranda"
string(26) "30381: Festival Novo Mundo"
string(30) "30390: D A V I  L E M O S  D J"
string(23) "30391: Clébson França"
string(21) "30415: Rafael Santana"
string(33) "30442: Petit Loli por Amanda Lino"
string(19) "30452: Lorena Costa"
string(20) "30507: Luiara Helmer"
string(18) "30534: Karol Nunes"
string(25) "30536: Rei Dos Mares Tour"
string(7) "30553: "
string(20) "30561: Kevin Martins"
string(23) "30577: Lapinha da Serra"
string(17) "30579: Arena 7 BH"
string(14) "30581: Matheus"
string(24) "30583: Jonatas Batistela"
string(21) "30587: Lorena Queiroz"
string(23) "30593: Roger Siilva????"
string(20) "30606: Sheila Duarte"
string(12) "30617: REDTV"
string(20) "30623: Emagrecer Já"
string(21) "30639: TAMY I cantora"
string(23) "30646: Gabriela  Garcia"
string(39) "30648: .            Amanda Santana ????"
string(22) "30675: Vittor Honorato"
string(32) "30723: Dra. Sheila Watanabe ????"
string(25) "30748: Creativa Papelaria"
string(22) "30816: Tompson Ranieri"
string(20) "30864: Alberto Reyes"
string(27) "30871: Blessed Mãe Me Quer"
string(23) "30874: Francisco Morais"
string(16) "30894: Raquel M."
string(30) "30955: Brasileiros em Portugal"
string(11) "30959: Dazz"
string(32) "30984: Fernando Branco De Moraes"
string(19) "31017: Juliana Mota"
string(33) "31018: Marmitinhas Light Delivery"
string(15) "31076: Priscila"
string(21) "31088: Thamy Silva ??"
string(42) "31097: Loja LevisTudo’u Moda&Humor??????"
string(20) "31124: goMed.digital"
string(16) "31147: Amin Cury"
string(20) "31150: MedConsulting"
string(12) "31155: K usa"
string(28) "31157: Pablo Trindade (Hati)"
string(29) "31177: Yasmin Gonçalves ????"
string(36) "31181: Kharlos Henrique Soares Ramos"
string(24) "31182: Chrystopher Silva"
string(21) "31186: Cahrlos Soares"
string(20) "31189: Emilly mayara"
string(29) "31195: João Paulo Nascimento"
string(21) "31214: antonio portes"
string(19) "31219: aleehzinho_T"
string(23) "31221: Jonas Fahelysson"
string(27) "31250: Clínica Formighieri"
string(26) "31258: Guilherme Turner ®"
string(18) "31272: Oppa Viajei"
string(17) "31283: STUDIO MAD"
string(16) "31310: Gerson A."
string(33) "31323: Como trabalhar na Internet"
string(24) "31337: Anderson Oliveira"
string(20) "31344: Ana Carla????"
string(21) "31346: Simone Pereira"
string(20) "31359: Jubart Design"
string(27) "31383: Jessica Santtos ????"
string(16) "31394: Brazeiker"
string(20) "31433: Ederson Felix"
string(21) "31438: Jéssica Pires"
string(34) "31462: Perder Peso | Emagrecimento"
string(28) "31476: Jean Pires Fotografia"
string(27) "31483: Carlos André Canuto"
string(32) "31484: C H A R L E S   S I L V A"
string(19) "31487: Lucas Santos"
string(25) "31501: Priscila_Lopes????"
string(27) "31502: ???? Biih Faith ????"
string(24) "31520: Leonardo Monteiro"
string(21) "31537: Carla Fagundes"
string(33) "31543: Agueda Maurien do Amarante"
string(17) "31548: Casalzinho"
string(23) "31550: Vinicius Pedrosa"
string(27) "31556: Caique Fregnani ????"
string(36) "31571: Heitor Soares Cavalcante ????"
string(23) "31576: MarcoSuplementos"
string(22) "31600: Andre Wanderley"
string(12) "31605: Vitor"
string(11) "31637: Cam4"
string(27) "31640: Júlia Nunes Vergara"
string(24) "31654: Divulga Gerais ®"
string(28) "31657: Grimaldo Maia Bicalho"
string(41) "31661: Rafael Fritzen | Medicina ????????"
string(20) "31679: André Canuto"
string(23) "31683: DJ Mario Pacheco"
string(24) "31693: Stephanie Marinho"
string(14) "31701: M I L A"
string(27) "31716: Ana Caroline Favacho"

<br>Client pay data data expired!!!: Ana Caroline Favacho (id: 31716)<br>
<br>Email send to client: Ana Caroline Favacho<br>
string(16) "31724: NatPharma"

<br>Client pay data data expired!!!: NatPharma (id: 31724)<br>
<br>Email send to client: NatPharma<br>
string(19) "31730: Tables Decor"

<br>Client pay data data expired!!!: Tables Decor (id: 31730)<br>
<br>Email send to client: Tables Decor<br>
string(28) "31739: Espaço Juliana Silva"
string(21) "31743: Alice Carvalho"
string(21) "31746: Julia Paranhos"
string(27) "31748: Ranna Becker Oficial"
string(36) "31750: Dr. José Gomes da Silva Neto"
string(18) "31755: Filhote&Co."
string(22) "31757: UMBR NO YouTube"
string(21) "31761: Jeferson Couto"


<br>Job Done!2018-10-08 06:20:35am

