DAILY REPORT Inited...!<br>
2018-10-15 06:30:02am<br>
string(14) "alberto_dreyes"
string(27) "Cantidad de follows = 14393"
<br><br><br>string(19) "opiniaoconservadora"
string(27) "Cantidad de follows = 56907"
<br><br><br>string(17) "sibitecomunicacao"
string(27) "Cantidad de follows = 10257"
<br><br><br>string(11) "mo.taniguti"
string(27) "Cantidad de follows = 20836"
<br><br><br>object(stdClass)#30 (2) {
  ["id"]=>
  string(3) "146"
  ["login"]=>
  string(12) "auepromocoes"
}
string(23) "jeunesse_bycrislafratta"
string(25) "Cantidad de follows = 184"
<br><br><br>string(12) "lily.s.alves"
string(26) "Cantidad de follows = 2086"
<br><br><br>string(10) "powerlook_"
string(27) "Cantidad de follows = 60694"
<br><br><br>object(stdClass)#12 (2) {
  ["id"]=>
  string(3) "245"
  ["login"]=>
  string(18) "xodozinho.retratos"
}
object(stdClass)#23 (2) {
  ["id"]=>
  string(3) "867"
  ["login"]=>
  string(14) "joaovictorjvb1"
}
object(stdClass)#12 (2) {
  ["id"]=>
  string(4) "1059"
  ["login"]=>
  string(8) "graverrj"
}
string(7) "ma_luco"
string(27) "Cantidad de follows = 28597"
<br><br><br>string(12) "carlloooooss"
string(26) "Cantidad de follows = 1288"
<br><br><br>string(15) "sapatodochef.pa"
string(26) "Cantidad de follows = 2367"
<br><br><br>object(stdClass)#221 (2) {
  ["id"]=>
  string(4) "2175"
  ["login"]=>
  string(10) "vireiloira"
}
string(18) "mercadomodelobahia"
string(26) "Cantidad de follows = 9046"
<br><br><br>string(11) "thayscalmon"
string(26) "Cantidad de follows = 5281"
<br><br><br>string(11) "decoremundo"
string(27) "Cantidad de follows = 14332"
<br><br><br>string(9) "decorcool"
string(23) "Cantidad de follows = 7"
<br><br><br>string(8) "fragabar"
string(26) "Cantidad de follows = 4349"
<br><br><br>object(stdClass)#194 (2) {
  ["id"]=>
  string(4) "4236"
  ["login"]=>
  string(8) "lorenaym"
}
string(11) "pamelaotero"
string(27) "Cantidad de follows = 46153"
<br><br><br>string(19) "starpointcollection"
string(27) "Cantidad de follows = 12668"
<br><br><br>string(9) "katiacsdc"
string(27) "Cantidad de follows = 18308"
<br><br><br>string(14) "grazielialvess"
string(27) "Cantidad de follows = 21563"
<br><br><br>string(22) "dra_barbaravasconcelos"
string(27) "Cantidad de follows = 24036"
<br><br><br>string(21) "comandantedochurrasco"
string(27) "Cantidad de follows = 56701"
<br><br><br>string(12) "40antesdos40"
string(27) "Cantidad de follows = 27861"
<br><br><br>string(16) "drricardopalacio"
string(27) "Cantidad de follows = 25697"
<br><br><br>string(12) "pollyruffini"
string(26) "Cantidad de follows = 7050"
<br><br><br>string(14) "carlos_skatmar"
string(26) "Cantidad de follows = 2348"
<br><br><br>string(10) "star_point"
string(27) "Cantidad de follows = 32728"
<br><br><br>string(8) "rruizmma"
string(27) "Cantidad de follows = 46945"
<br><br><br>string(8) "dumbu.09"
string(26) "Cantidad de follows = 7678"
<br><br><br>string(14) "marcosp.medina"
string(26) "Cantidad de follows = 4084"
<br><br><br>string(11) "sandrozion7"
string(27) "Cantidad de follows = 21065"
<br><br><br>string(17) "grandville_hoteis"
string(27) "Cantidad de follows = 12700"
<br><br><br>string(11) "josiasdiass"
string(27) "Cantidad de follows = 18081"
<br><br><br>string(18) "barbaracampospalma"
string(26) "Cantidad de follows = 8701"
<br><br><br>string(9) "telless13"
string(27) "Cantidad de follows = 14820"
<br><br><br>string(13) "bandamegafire"
string(27) "Cantidad de follows = 23371"
<br><br><br>string(17) "sosoportunidade10"
string(25) "Cantidad de follows = 963"
<br><br><br>string(18) "academia_king_thai"
string(26) "Cantidad de follows = 5074"
<br><br><br>string(13) "renatafontany"
string(27) "Cantidad de follows = 33144"
<br><br><br>string(14) "cabelosaugusto"
string(27) "Cantidad de follows = 23213"
<br><br><br>string(14) "brunocerqueira"
string(27) "Cantidad de follows = 10549"
<br><br><br>string(10) "noxboymike"
string(26) "Cantidad de follows = 5467"
<br><br><br>string(20) "juliobaptistaoficial"
string(28) "Cantidad de follows = 250592"
<br><br><br>string(21) "ateliermarielamoreira"
string(27) "Cantidad de follows = 15841"
<br><br><br>object(stdClass)#165 (2) {
  ["id"]=>
  string(5) "11096"
  ["login"]=>
  string(12) "michaelletjp"
}
object(stdClass)#42 (2) {
  ["id"]=>
  string(5) "11099"
  ["login"]=>
  string(13) "agostochuvoso"
}
string(11) "insultedboy"
string(26) "Cantidad de follows = 3520"
<br><br><br>string(11) "weilla_morg"
string(25) "Cantidad de follows = 933"
<br><br><br>string(11) "raphabritoo"
string(27) "Cantidad de follows = 16064"
<br><br><br>string(10) "vinihveiga"
string(26) "Cantidad de follows = 4088"
<br><br><br>object(stdClass)#168 (2) {
  ["id"]=>
  string(5) "11131"
  ["login"]=>
  string(14) "deliciasdoronk"
}
string(16) "duuduuzinhosilva"
string(26) "Cantidad de follows = 3035"
<br><br><br>string(9) "carlosbsg"
string(25) "Cantidad de follows = 922"
<br><br><br>string(12) "danndourado0"
string(27) "Cantidad de follows = 14951"
<br><br><br>string(7) "biel312"
string(24) "Cantidad de follows = 10"
<br><br><br>string(11) "caiogrunupp"
string(26) "Cantidad de follows = 3307"
<br><br><br>string(11) "paullonunan"
string(26) "Cantidad de follows = 1436"
<br><br><br>string(12) "pablodiego15"
string(26) "Cantidad de follows = 1108"
<br><br><br>object(stdClass)#129 (2) {
  ["id"]=>
  string(5) "11230"
  ["login"]=>
  string(16) "_luferreiranunes"
}
string(14) "natan_mantelli"
string(25) "Cantidad de follows = 798"
<br><br><br>string(17) "antoniocarlos3627"
string(24) "Cantidad de follows = 43"
<br><br><br>string(11) "365_indubai"
string(27) "Cantidad de follows = 21859"
<br><br><br>object(stdClass)#83 (2) {
  ["id"]=>
  string(5) "11239"
  ["login"]=>
  string(12) "ceottosinuhe"
}
string(14) "vitoriaabritto"
string(27) "Cantidad de follows = 33441"
<br><br><br>string(11) "lojaoperapc"
string(27) "Cantidad de follows = 23892"
<br><br><br>string(12) "huealimentos"
string(26) "Cantidad de follows = 5129"
<br><br><br>string(13) "kstimportados"
string(26) "Cantidad de follows = 4385"
<br><br><br>string(7) "wi11see"
string(27) "Cantidad de follows = 11568"
<br><br><br>string(12) "s7_producoes"
string(26) "Cantidad de follows = 6012"
<br><br><br>string(12) "gabrielaribi"
string(26) "Cantidad de follows = 7627"
<br><br><br>string(17) "brunosennaimagens"
string(27) "Cantidad de follows = 13195"
<br><br><br>string(14) "maycowmontemor"
string(27) "Cantidad de follows = 32429"
<br><br><br>string(14) "alinemarcovici"
string(27) "Cantidad de follows = 18495"
<br><br><br>string(10) "junior.dev"
string(27) "Cantidad de follows = 17704"
<br><br><br>string(13) "amaassessoria"
string(26) "Cantidad de follows = 7663"
<br><br><br>string(11) "julisciotto"
string(27) "Cantidad de follows = 24474"
<br><br><br>string(14) "draalinehsilva"
string(27) "Cantidad de follows = 20210"
<br><br><br>string(13) "rodasemotores"
string(27) "Cantidad de follows = 14512"
<br><br><br>string(13) "euclaracampos"
string(26) "Cantidad de follows = 4289"
<br><br><br>string(19) "thamaraelisa.tattoo"
string(27) "Cantidad de follows = 14258"
<br><br><br>string(15) "megaminassports"
string(26) "Cantidad de follows = 6758"
<br><br><br>string(16) "agencia_portal37"
string(26) "Cantidad de follows = 3328"
<br><br><br>object(stdClass)#139 (2) {
  ["id"]=>
  string(5) "11792"
  ["login"]=>
  string(14) "hf_metalurgica"
}
string(13) "grillegourmet"
string(26) "Cantidad de follows = 5119"
<br><br><br>string(11) "davidkapper"
string(27) "Cantidad de follows = 13035"
<br><br><br>string(11) "7chavesfoto"
string(27) "Cantidad de follows = 11038"
<br><br><br>string(11) "joiaskether"
string(27) "Cantidad de follows = 19520"
<br><br><br>string(14) "luziasantana33"
string(28) "Cantidad de follows = 236732"
<br><br><br>string(13) "thiagovaleiro"
string(26) "Cantidad de follows = 3821"
<br><br><br>object(stdClass)#45 (2) {
  ["id"]=>
  string(5) "12434"
  ["login"]=>
  string(9) "dupicasso"
}
string(11) "laura_bergo"
string(26) "Cantidad de follows = 6426"
<br><br><br>string(15) "dra.raphabecker"
string(27) "Cantidad de follows = 19711"
<br><br><br>string(14) "andreluiznardo"
string(27) "Cantidad de follows = 16487"
<br><br><br>object(stdClass)#11 (2) {
  ["id"]=>
  string(5) "13880"
  ["login"]=>
  string(8) "letdaher"
}
string(9) "dgarciia_"
string(25) "Cantidad de follows = 857"
<br><br><br>string(10) "joaosurf12"
string(24) "Cantidad de follows = 97"
<br><br><br>string(8) "itsandco"
string(27) "Cantidad de follows = 20717"
<br><br><br>string(10) "ela_andrea"
string(27) "Cantidad de follows = 22479"
<br><br><br>string(14) "nafurtadocakes"
string(26) "Cantidad de follows = 6602"
<br><br><br>string(18) "castrolautoservice"
string(26) "Cantidad de follows = 9339"
<br><br><br>string(9) "livdrinks"
string(27) "Cantidad de follows = 47521"
<br><br><br>string(18) "portalautoshopping"
string(27) "Cantidad de follows = 12141"
<br><br><br>string(20) "manu.mamaeaoquadrado"
string(26) "Cantidad de follows = 9581"
<br><br><br>string(15) "odontowebschool"
string(27) "Cantidad de follows = 10567"
<br><br><br>string(9) "abarkeria"
string(27) "Cantidad de follows = 33464"
<br><br><br>object(stdClass)#197 (2) {
  ["id"]=>
  string(5) "15166"
  ["login"]=>
  string(14) "__fehholiveira"
}
string(10) "ninabaking"
string(26) "Cantidad de follows = 8947"
<br><br><br>string(10) "jgiordanoo"
string(27) "Cantidad de follows = 12524"
<br><br><br>string(18) "domhairfelippewill"
string(27) "Cantidad de follows = 11533"
<br><br><br>string(7) "pbpetti"
string(27) "Cantidad de follows = 39674"
<br><br><br>string(10) "psych0wolf"
string(25) "Cantidad de follows = 405"
<br><br><br>string(8) "andreiso"
string(26) "Cantidad de follows = 9533"
<br><br><br>string(13) "biadiascoelho"
string(26) "Cantidad de follows = 4881"
<br><br><br>string(8) "mytrips7"
string(25) "Cantidad de follows = 525"
<br><br><br>string(13) "directdireito"
string(27) "Cantidad de follows = 11220"
<br><br><br>string(12) "patrickvalle"
string(26) "Cantidad de follows = 3554"
<br><br><br>string(21) "lucianalauferofficial"
string(27) "Cantidad de follows = 18800"
<br><br><br>string(13) "matheuspercut"
string(26) "Cantidad de follows = 1157"
<br><br><br>string(10) "flavia_vdr"
string(27) "Cantidad de follows = 11261"
<br><br><br>object(stdClass)#44 (2) {
  ["id"]=>
  string(5) "16861"
  ["login"]=>
  string(14) "mickael_cortes"
}
string(16) "helder_del_monte"
string(27) "Cantidad de follows = 16247"
<br><br><br>string(18) "physicalpilates_bh"
string(26) "Cantidad de follows = 5615"
<br><br><br>string(13) "faleiroslaura"
string(27) "Cantidad de follows = 12881"
<br><br><br>string(11) "dannysetudo"
string(26) "Cantidad de follows = 9637"
<br><br><br>string(15) "portodepiranhas"
string(27) "Cantidad de follows = 10470"
<br><br><br>string(24) "contadordehistoriasreais"
string(27) "Cantidad de follows = 27573"
<br><br><br>string(6) "guil38"
string(26) "Cantidad de follows = 6511"
<br><br><br>string(22) "vacationhomeneardisney"
string(27) "Cantidad de follows = 19610"
<br><br><br>string(16) "drguilhermecravo"
string(26) "Cantidad de follows = 3161"
<br><br><br>string(6) "ossmkt"
string(26) "Cantidad de follows = 5294"
<br><br><br>string(10) "jhoneheber"
string(27) "Cantidad de follows = 23506"
<br><br><br>string(20) "justiniano0_official"
string(26) "Cantidad de follows = 2977"
<br><br><br>string(15) "sao_os_caipiras"
string(26) "Cantidad de follows = 9470"
<br><br><br>string(9) "acerickrj"
string(27) "Cantidad de follows = 12266"
<br><br><br>string(15) "leandrogarciadj"
string(27) "Cantidad de follows = 19394"
<br><br><br>string(14) "osnirhamburger"
string(26) "Cantidad de follows = 6857"
<br><br><br>string(8) "dutruffi"
string(27) "Cantidad de follows = 14192"
<br><br><br>string(9) "lschuback"
string(26) "Cantidad de follows = 7816"
<br><br><br>string(21) "carolinanortondematos"
string(27) "Cantidad de follows = 11811"
<br><br><br>object(stdClass)#10 (2) {
  ["id"]=>
  string(5) "18103"
  ["login"]=>
  string(22) "denisegoncalves.santos"
}
string(14) "ethianemarques"
string(25) "Cantidad de follows = 690"
<br><br><br>string(10) "synaraleal"
string(27) "Cantidad de follows = 16176"
<br><br><br>string(8) "trinjune"
string(23) "Cantidad de follows = 0"
<br><br><br>string(12) "holy_popcorn"
string(27) "Cantidad de follows = 10424"
<br><br><br>string(9) "eltranvia"
string(27) "Cantidad de follows = 15946"
<br><br><br>string(19) "diegogoulartoficial"
string(27) "Cantidad de follows = 20492"
<br><br><br>string(15) "cartolinadesign"
string(26) "Cantidad de follows = 5619"
<br><br><br>string(9) "quarto_22"
string(26) "Cantidad de follows = 5617"
<br><br><br>string(10) "blogdakeli"
string(24) "Cantidad de follows = 12"
<br><br><br>object(stdClass)#20 (2) {
  ["id"]=>
  string(5) "18816"
  ["login"]=>
  string(10) "lefitnessb"
}
string(9) "awsmining"
string(26) "Cantidad de follows = 4680"
<br><br><br>string(13) "willianabrito"
string(26) "Cantidad de follows = 6729"
<br><br><br>string(23) "eusoutestemunhadogolias"
string(25) "Cantidad de follows = 205"
<br><br><br>string(16) "tumsoundfestival"
string(26) "Cantidad de follows = 1489"
<br><br><br>string(18) "casalbioequilibrio"
string(27) "Cantidad de follows = 11235"
<br><br><br>string(13) "mimosearomaas"
string(26) "Cantidad de follows = 9228"
<br><br><br>object(stdClass)#136 (2) {
  ["id"]=>
  string(5) "19152"
  ["login"]=>
  string(17) "gventurinpersonal"
}
string(9) "fastfitsc"
string(26) "Cantidad de follows = 3609"
<br><br><br>string(11) "raif_tattoo"
string(27) "Cantidad de follows = 13147"
<br><br><br>string(10) "hustler.hc"
string(26) "Cantidad de follows = 2465"
<br><br><br>string(9) "isarengel"
string(26) "Cantidad de follows = 6770"
<br><br><br>string(12) "solus_online"
string(26) "Cantidad de follows = 4064"
<br><br><br>string(11) "refugiohoje"
string(27) "Cantidad de follows = 12419"
<br><br><br>string(13) "nati.fressato"
string(26) "Cantidad de follows = 7230"
<br><br><br>string(17) "calcadospaubrasil"
string(26) "Cantidad de follows = 8243"
<br><br><br>string(10) "daly_store"
string(27) "Cantidad de follows = 21680"
<br><br><br>string(11) "angelosciao"
string(26) "Cantidad de follows = 5248"
<br><br><br>string(6) "fuinha"
string(25) "Cantidad de follows = 194"
<br><br><br>string(10) "kombi_krug"
string(25) "Cantidad de follows = 510"
<br><br><br>string(12) "rekombinando"
string(26) "Cantidad de follows = 5975"
<br><br><br>string(15) "blogdasusantoss"
string(26) "Cantidad de follows = 5410"
<br><br><br>string(15) "diadeacessorios"
string(26) "Cantidad de follows = 2314"
<br><br><br>string(18) "christians.pereira"
string(26) "Cantidad de follows = 3763"
<br><br><br>object(stdClass)#153 (2) {
  ["id"]=>
  string(5) "19844"
  ["login"]=>
  string(13) "oficialpharma"
}
string(28) "pedrowilsonrodriguespimentel"
string(26) "Cantidad de follows = 7709"
<br><br><br>string(15) "atelieluizrocha"
string(27) "Cantidad de follows = 10230"
<br><br><br>string(12) "bibiscamargo"
string(26) "Cantidad de follows = 2038"
<br><br><br>string(16) "centerperfumaria"
string(26) "Cantidad de follows = 5511"
<br><br><br>string(10) "pmelorocha"
string(26) "Cantidad de follows = 6343"
<br><br><br>object(stdClass)#80 (2) {
  ["id"]=>
  string(5) "20149"
  ["login"]=>
  string(14) "thaliaalvesdec"
}
string(12) "yasminndias_"
string(26) "Cantidad de follows = 9384"
<br><br><br>string(17) "jb_alves_educador"
string(26) "Cantidad de follows = 3547"
<br><br><br>string(24) "leonardosantosfotografia"
string(27) "Cantidad de follows = 39671"
<br><br><br>string(8) "sporttot"
string(24) "Cantidad de follows = 23"
<br><br><br>object(stdClass)#87 (2) {
  ["id"]=>
  string(5) "20503"
  ["login"]=>
  string(8) "chandler"
}
string(13) "ayllesantiago"
string(28) "Cantidad de follows = 134700"
<br><br><br>string(12) "maisonbiarro"
string(27) "Cantidad de follows = 30341"
<br><br><br>string(15) "iselamendozadec"
string(26) "Cantidad de follows = 6163"
<br><br><br>string(9) "bamboh.pt"
string(26) "Cantidad de follows = 2604"
<br><br><br>string(12) "redeentropia"
string(26) "Cantidad de follows = 5887"
<br><br><br>string(13) "goutaguatinga"
string(26) "Cantidad de follows = 1015"
<br><br><br>object(stdClass)#147 (2) {
  ["id"]=>
  string(5) "20682"
  ["login"]=>
  string(11) "farmapharma"
}
string(18) "calabriapizzariarj"
string(26) "Cantidad de follows = 2469"
<br><br><br>object(stdClass)#147 (2) {
  ["id"]=>
  string(5) "20818"
  ["login"]=>
  string(20) "cadillacs.pastelaria"
}
object(stdClass)#179 (2) {
  ["id"]=>
  string(5) "20927"
  ["login"]=>
  string(25) "missionariojairodossantos"
}
object(stdClass)#147 (2) {
  ["id"]=>
  string(5) "21062"
  ["login"]=>
  string(13) "jesuisluciano"
}
object(stdClass)#179 (2) {
  ["id"]=>
  string(5) "21230"
  ["login"]=>
  string(9) "vikatorsc"
}
string(19) "nicollystoreoficial"
string(26) "Cantidad de follows = 7481"
<br><br><br>object(stdClass)#179 (2) {
  ["id"]=>
  string(5) "21368"
  ["login"]=>
  string(18) "ricardoribeiro0013"
}
string(24) "ramossegurancaeletronica"
string(26) "Cantidad de follows = 3290"
<br><br><br>string(18) "camacariplazahotel"
string(26) "Cantidad de follows = 6284"
<br><br><br>string(13) "_telesgabriel"
string(26) "Cantidad de follows = 2561"
<br><br><br>string(12) "fbfabiolopes"
string(26) "Cantidad de follows = 8993"
<br><br><br>object(stdClass)#218 (2) {
  ["id"]=>
  string(5) "21517"
  ["login"]=>
  string(23) "biscuitporvictorialeite"
}
string(10) "trapburger"
string(26) "Cantidad de follows = 2640"
<br><br><br>string(20) "shoppingcasaedesign_"
string(26) "Cantidad de follows = 8751"
<br><br><br>string(9) "samiilly_"
string(27) "Cantidad de follows = 18249"
<br><br><br>object(stdClass)#53 (2) {
  ["id"]=>
  string(5) "21731"
  ["login"]=>
  string(9) "conhecaes"
}
string(7) "loirasn"
string(25) "Cantidad de follows = 194"
<br><br><br>string(15) "santasticauniao"
string(26) "Cantidad de follows = 6284"
<br><br><br>string(19) "embraconcondominios"
string(26) "Cantidad de follows = 4668"
<br><br><br>string(17) "hamburguinhomoema"
string(27) "Cantidad de follows = 60761"
<br><br><br>string(14) "vilmamartins_7"
string(26) "Cantidad de follows = 1307"
<br><br><br>string(12) "leticiajural"
string(26) "Cantidad de follows = 8485"
<br><br><br>string(8) "_zero100"
string(27) "Cantidad de follows = 52158"
<br><br><br>string(20) "lionrollingcircusrio"
string(27) "Cantidad de follows = 14472"
<br><br><br>string(9) "_nerdjunk"
string(26) "Cantidad de follows = 5356"
<br><br><br>string(10) "pilotelton"
string(27) "Cantidad de follows = 11320"
<br><br><br>string(14) "marcioancelmoo"
string(26) "Cantidad de follows = 4970"
<br><br><br>object(stdClass)#104 (2) {
  ["id"]=>
  string(5) "22627"
  ["login"]=>
  string(18) "lucaswiliamsoliver"
}
string(14) "kevinlorenzorj"
string(26) "Cantidad de follows = 3387"
<br><br><br>object(stdClass)#104 (2) {
  ["id"]=>
  string(5) "22701"
  ["login"]=>
  string(21) "falandodemaquiagem_01"
}
string(13) "georgemuchuli"
string(26) "Cantidad de follows = 7761"
<br><br><br>string(15) "wendell_alvess_"
string(24) "Cantidad de follows = 85"
<br><br><br>object(stdClass)#48 (2) {
  ["id"]=>
  string(5) "22786"
  ["login"]=>
  string(6) "jpzk02"
}
object(stdClass)#163 (2) {
  ["id"]=>
  string(5) "22791"
  ["login"]=>
  string(13) "rodrigues.exe"
}
object(stdClass)#48 (2) {
  ["id"]=>
  string(5) "22915"
  ["login"]=>
  string(10) "5000covers"
}
string(18) "marciomouraoficial"
string(27) "Cantidad de follows = 12414"
<br><br><br>object(stdClass)#48 (2) {
  ["id"]=>
  string(5) "23135"
  ["login"]=>
  string(15) "daniak_boutique"
}
string(23) "formatacaotccmonografia"
string(24) "Cantidad de follows = 95"
<br><br><br>string(6) "nekkow"
string(24) "Cantidad de follows = 15"
<br><br><br>string(5) "lucao"
string(25) "Cantidad de follows = 560"
<br><br><br>string(6) "lucao2"
string(25) "Cantidad de follows = 588"
<br><br><br>string(13) "marcelomarkes"
string(27) "Cantidad de follows = 19931"
<br><br><br>string(14) "dl_beautysalon"
string(26) "Cantidad de follows = 1951"
<br><br><br>string(15) "ariadinebarreto"
string(27) "Cantidad de follows = 14562"
<br><br><br>string(13) "canalsemjacar"
string(27) "Cantidad de follows = 14269"
<br><br><br>string(11) "hiratabreno"
string(27) "Cantidad de follows = 12589"
<br><br><br>string(14) "erickspimentel"
string(26) "Cantidad de follows = 2022"
<br><br><br>string(12) "jessicaiwata"
string(27) "Cantidad de follows = 34300"
<br><br><br>string(14) "dnaphotoevideo"
string(27) "Cantidad de follows = 29294"
<br><br><br>string(18) "gamecenterpaulista"
string(27) "Cantidad de follows = 10332"
<br><br><br>string(10) "pacofishrd"
string(26) "Cantidad de follows = 8062"
<br><br><br>string(14) "qualityhotelsd"
string(26) "Cantidad de follows = 1204"
<br><br><br>string(17) "isabellabofficial"
string(27) "Cantidad de follows = 13993"
<br><br><br>string(13) "alialioficial"
string(25) "Cantidad de follows = 676"
<br><br><br>string(15) "barbeariadoneno"
string(27) "Cantidad de follows = 13746"
<br><br><br>string(10) "plagamba01"
string(26) "Cantidad de follows = 2644"
<br><br><br>string(11) "oscarcauchi"
string(26) "Cantidad de follows = 3619"
<br><br><br>string(7) "18laras"
string(26) "Cantidad de follows = 1820"
<br><br><br>string(16) "entreomarealagoa"
string(26) "Cantidad de follows = 1681"
<br><br><br>string(9) "darlanred"
string(27) "Cantidad de follows = 21297"
<br><br><br>string(15) "riolisboabrasil"
string(25) "Cantidad de follows = 205"
<br><br><br>string(12) "studio4cinco"
string(26) "Cantidad de follows = 4940"
<br><br><br>string(13) "fabriciofabre"
string(26) "Cantidad de follows = 8579"
<br><br><br>string(22) "suamusicapersonalizada"
string(27) "Cantidad de follows = 10735"
<br><br><br>string(10) "fioremixbr"
string(25) "Cantidad de follows = 325"
<br><br><br>string(8) "kevinvem"
string(23) "Cantidad de follows = 5"
<br><br><br>string(12) "djallannatal"
string(27) "Cantidad de follows = 29134"
<br><br><br>string(15) "polpasempreviva"
string(27) "Cantidad de follows = 34491"
<br><br><br>string(8) "kessyaaa"
string(27) "Cantidad de follows = 11075"
<br><br><br>string(8) "celparra"
string(27) "Cantidad de follows = 10634"
<br><br><br>object(stdClass)#174 (2) {
  ["id"]=>
  string(5) "25524"
  ["login"]=>
  string(11) "tompson9345"
}
object(stdClass)#191 (2) {
  ["id"]=>
  string(5) "25571"
  ["login"]=>
  string(14) "habner_martins"
}
string(24) "fitnessuplementosoficial"
string(25) "Cantidad de follows = 327"
<br><br><br>string(13) "mayconbarroco"
string(27) "Cantidad de follows = 18506"
<br><br><br>string(9) "caiocesar"
string(24) "Cantidad de follows = 84"
<br><br><br>string(8) "lil.fama"
string(27) "Cantidad de follows = 21108"
<br><br><br>string(12) "institutoybi"
string(27) "Cantidad de follows = 17972"
<br><br><br>object(stdClass)#52 (2) {
  ["id"]=>
  string(5) "26183"
  ["login"]=>
  string(14) "andresa_lebens"
}
string(7) "yuryv05"
string(27) "Cantidad de follows = 10205"
<br><br><br>string(15) "eliana_casimiro"
string(26) "Cantidad de follows = 5638"
<br><br><br>string(11) "maloohstore"
string(26) "Cantidad de follows = 3704"
<br><br><br>string(15) "lauraivinadecor"
string(26) "Cantidad de follows = 9020"
<br><br><br>string(16) "simplesmenteamei"
string(27) "Cantidad de follows = 16078"
<br><br><br>string(16) "drraphaelmarques"
string(27) "Cantidad de follows = 21321"
<br><br><br>string(10) "casazunzun"
string(26) "Cantidad de follows = 5658"
<br><br><br>string(14) "draraymedeiros"
string(26) "Cantidad de follows = 1576"
<br><br><br>string(12) "4youdressing"
string(26) "Cantidad de follows = 3541"
<br><br><br>object(stdClass)#37 (2) {
  ["id"]=>
  string(5) "27166"
  ["login"]=>
  string(21) "lucaslermenfotografia"
}
string(16) "bracholuismiguel"
string(25) "Cantidad de follows = 837"
<br><br><br>string(17) "draflaviasgavioli"
string(27) "Cantidad de follows = 41710"
<br><br><br>string(16) "rafamello_cantor"
string(26) "Cantidad de follows = 9063"
<br><br><br>string(13) "gabinassyrios"
string(27) "Cantidad de follows = 28131"
<br><br><br>string(13) "cardosodani78"
string(25) "Cantidad de follows = 411"
<br><br><br>object(stdClass)#12 (2) {
  ["id"]=>
  string(5) "27362"
  ["login"]=>
  string(9) "k123silva"
}
string(9) "labotique"
string(25) "Cantidad de follows = 276"
<br><br><br>string(11) "eco.noronha"
string(26) "Cantidad de follows = 1072"
<br><br><br>string(13) "gelottisports"
string(26) "Cantidad de follows = 6256"
<br><br><br>string(13) "bombeefsantos"
string(27) "Cantidad de follows = 70171"
<br><br><br>string(15) "parvathi_brasil"
string(26) "Cantidad de follows = 8573"
<br><br><br>string(9) "lobotique"
string(26) "Cantidad de follows = 6607"
<br><br><br>string(8) "talincas"
string(27) "Cantidad de follows = 22576"
<br><br><br>string(21) "visagismofacial_drika"
string(25) "Cantidad de follows = 742"
<br><br><br>string(13) "bakwarabrasil"
string(26) "Cantidad de follows = 1563"
<br><br><br>string(19) "carlabarcellosjoias"
string(27) "Cantidad de follows = 11440"
<br><br><br>string(16) "programagameover"
string(26) "Cantidad de follows = 1108"
<br><br><br>string(15) "aafrodite.store"
string(26) "Cantidad de follows = 5741"
<br><br><br>string(12) "rogiacomello"
string(26) "Cantidad de follows = 1419"
<br><br><br>string(11) "solvebrazil"
string(26) "Cantidad de follows = 1173"
<br><br><br>string(16) "drafernandavolpi"
string(27) "Cantidad de follows = 12379"
<br><br><br>object(stdClass)#213 (2) {
  ["id"]=>
  string(5) "27722"
  ["login"]=>
  string(14) "maribel.silent"
}
string(13) "miocheoficial"
string(27) "Cantidad de follows = 45547"
<br><br><br>string(11) "daylipadron"
string(26) "Cantidad de follows = 8322"
<br><br><br>string(14) "mercadolabarra"
string(26) "Cantidad de follows = 4569"
<br><br><br>string(10) "naraabreuu"
string(26) "Cantidad de follows = 4553"
<br><br><br>string(8) "lukmodas"
string(26) "Cantidad de follows = 8184"
<br><br><br>string(21) "girlsgardenacessorios"
string(26) "Cantidad de follows = 2017"
<br><br><br>string(13) "capimlimaomga"
string(26) "Cantidad de follows = 5498"
<br><br><br>string(15) "maxpremiumjeans"
string(26) "Cantidad de follows = 8452"
<br><br><br>string(8) "bruna.fb"
string(27) "Cantidad de follows = 21130"
<br><br><br>string(14) "na_cara_do_gol"
string(26) "Cantidad de follows = 3023"
<br><br><br>string(13) "jessicacytrus"
string(27) "Cantidad de follows = 29907"
<br><br><br>string(11) "cyrofuziama"
string(27) "Cantidad de follows = 25167"
<br><br><br>string(11) "thaycomfome"
string(27) "Cantidad de follows = 26875"
<br><br><br>string(10) "dankana_dk"
string(26) "Cantidad de follows = 8846"
<br><br><br>string(13) "vivimaquiagem"
string(26) "Cantidad de follows = 3419"
<br><br><br>string(14) "fshirtsdesigns"
string(25) "Cantidad de follows = 367"
<br><br><br>string(15) "closetdasduasto"
string(27) "Cantidad de follows = 14314"
<br><br><br>object(stdClass)#70 (2) {
  ["id"]=>
  string(5) "28069"
  ["login"]=>
  string(14) "rosaduartelash"
}
string(11) "gardelmaroz"
string(26) "Cantidad de follows = 6306"
<br><br><br>object(stdClass)#70 (2) {
  ["id"]=>
  string(5) "28080"
  ["login"]=>
  string(16) "msanchescaroline"
}
object(stdClass)#109 (2) {
  ["id"]=>
  string(5) "28092"
  ["login"]=>
  string(9) "pri_avlis"
}
string(13) "ferefacrochet"
string(26) "Cantidad de follows = 9040"
<br><br><br>object(stdClass)#109 (2) {
  ["id"]=>
  string(5) "28099"
  ["login"]=>
  string(13) "menezesandree"
}
string(7) "nr_mini"
string(27) "Cantidad de follows = 11243"
<br><br><br>string(6) "dz9bnb"
string(26) "Cantidad de follows = 3431"
<br><br><br>object(stdClass)#173 (2) {
  ["id"]=>
  string(5) "28145"
  ["login"]=>
  string(20) "nossoapartamento_103"
}
string(18) "cheirinhodamariana"
string(26) "Cantidad de follows = 7641"
<br><br><br>object(stdClass)#173 (2) {
  ["id"]=>
  string(5) "28213"
  ["login"]=>
  string(15) "malucassimiro.r"
}
string(16) "alvomarketingagc"
string(26) "Cantidad de follows = 9426"
<br><br><br>string(17) "ilmiocasamentoios"
string(26) "Cantidad de follows = 1009"
<br><br><br>string(16) "dranayanepacheco"
string(28) "Cantidad de follows = 138778"
<br><br><br>string(24) "silvanonunes.hairstylist"
string(27) "Cantidad de follows = 25006"
<br><br><br>object(stdClass)#220 (2) {
  ["id"]=>
  string(5) "28276"
  ["login"]=>
  string(13) "tatyanealvess"
}
string(21) "closetdemulheroficial"
string(26) "Cantidad de follows = 3918"
<br><br><br>string(17) "drdanilopelegrino"
string(26) "Cantidad de follows = 5856"
<br><br><br>string(20) "mariaclaraguimaraes1"
string(27) "Cantidad de follows = 34908"
<br><br><br>string(15) "vitoria.mamedio"
string(26) "Cantidad de follows = 7554"
<br><br><br>string(12) "meirellesipc"
string(26) "Cantidad de follows = 1491"
<br><br><br>string(12) "luporluciana"
string(26) "Cantidad de follows = 8455"
<br><br><br>string(11) "andersonvoo"
string(26) "Cantidad de follows = 1058"
<br><br><br>string(14) "niqueferreiira"
string(27) "Cantidad de follows = 12346"
<br><br><br>string(15) "carlota_barnabe"
string(27) "Cantidad de follows = 12731"
<br><br><br>string(17) "drdanilopelegrino"
string(26) "Cantidad de follows = 5856"
<br><br><br>string(9) "lipinhuss"
string(26) "Cantidad de follows = 1775"
<br><br><br>string(13) "mayaramarkes_"
string(26) "Cantidad de follows = 8588"
<br><br><br>string(10) "ky2oficial"
string(26) "Cantidad de follows = 2429"
<br><br><br>string(11) "mendy_vivii"
string(26) "Cantidad de follows = 3931"
<br><br><br>object(stdClass)#224 (2) {
  ["id"]=>
  string(5) "28497"
  ["login"]=>
  string(21) "_medicinaintegrativa_"
}
string(25) "specialitycoffeegastropub"
string(25) "Cantidad de follows = 553"
<br><br><br>string(11) "carolsousas"
string(26) "Cantidad de follows = 3540"
<br><br><br>object(stdClass)#38 (2) {
  ["id"]=>
  string(5) "28517"
  ["login"]=>
  string(19) "martins_consultoria"
}
string(4) "fila"
string(25) "Cantidad de follows = 851"
<br><br><br>string(6) "reebok"
string(29) "Cantidad de follows = 2139366"
<br><br><br>string(8) "bindanvm"
string(26) "Cantidad de follows = 1509"
<br><br><br>string(18) "wesleyoliveirareal"
string(26) "Cantidad de follows = 2817"
<br><br><br>string(9) "indikqui_"
string(26) "Cantidad de follows = 1331"
<br><br><br>string(10) "luahungria"
string(26) "Cantidad de follows = 4520"
<br><br><br>object(stdClass)#14 (2) {
  ["id"]=>
  string(5) "28557"
  ["login"]=>
  string(10) "kaahcintra"
}
string(17) "reabilitar.studio"
string(26) "Cantidad de follows = 5623"
<br><br><br>string(9) "amaraljej"
string(25) "Cantidad de follows = 615"
<br><br><br>string(14) "websterramalho"
string(25) "Cantidad de follows = 740"
<br><br><br>string(24) "vida_sol_e_mar_ecoresort"
string(26) "Cantidad de follows = 7107"
<br><br><br>string(10) "aco_brasil"
string(26) "Cantidad de follows = 3294"
<br><br><br>string(13) "desafioadois2"
string(26) "Cantidad de follows = 6929"
<br><br><br>string(10) "joaozaneti"
string(27) "Cantidad de follows = 13275"
<br><br><br>string(12) "karbofitness"
string(27) "Cantidad de follows = 10888"
<br><br><br>string(12) "nayaranouber"
string(27) "Cantidad de follows = 18062"
<br><br><br>object(stdClass)#27 (2) {
  ["id"]=>
  string(5) "28654"
  ["login"]=>
  string(11) "ellenrauber"
}
object(stdClass)#140 (2) {
  ["id"]=>
  string(5) "28657"
  ["login"]=>
  string(14) "reserveviagens"
}
string(17) "ingrid_ferreira25"
string(25) "Cantidad de follows = 179"
<br><br><br>string(20) "neovita_fisioterapia"
string(26) "Cantidad de follows = 4964"
<br><br><br>string(17) "dunashookahlounge"
string(26) "Cantidad de follows = 9085"
<br><br><br>string(15) "emporio.forever"
string(25) "Cantidad de follows = 270"
<br><br><br>string(16) "mariakarencosta_"
string(26) "Cantidad de follows = 5968"
<br><br><br>string(13) "pretta_araujo"
string(27) "Cantidad de follows = 11926"
<br><br><br>string(18) "theo_kate_ragdolls"
string(26) "Cantidad de follows = 5259"
<br><br><br>string(9) "xaanndii_"
string(26) "Cantidad de follows = 1241"
<br><br><br>string(15) "pausetakeabreak"
string(26) "Cantidad de follows = 4001"
<br><br><br>string(10) "raquellsan"
string(27) "Cantidad de follows = 26047"
<br><br><br>string(11) "quatro_maos"
string(26) "Cantidad de follows = 4203"
<br><br><br>string(20) "apaudiovisualoficial"
string(25) "Cantidad de follows = 563"
<br><br><br>string(15) "gameoverworldmx"
string(24) "Cantidad de follows = 37"
<br><br><br>string(10) "macielcaio"
string(26) "Cantidad de follows = 3049"
<br><br><br>string(10) "pp_eventos"
string(26) "Cantidad de follows = 3605"
<br><br><br>string(15) "renatacanizares"
string(27) "Cantidad de follows = 13445"
<br><br><br>string(12) "dermatofarma"
string(26) "Cantidad de follows = 8845"
<br><br><br>string(14) "cinarafestasbh"
string(27) "Cantidad de follows = 36539"
<br><br><br>string(10) "mreissilva"
string(27) "Cantidad de follows = 23300"
<br><br><br>string(17) "minutoscomdelavec"
string(27) "Cantidad de follows = 13973"
<br><br><br>string(9) "lilispada"
string(28) "Cantidad de follows = 719768"
<br><br><br>string(13) "edersilveiram"
string(26) "Cantidad de follows = 4501"
<br><br><br>string(15) "rosanatiburtino"
string(26) "Cantidad de follows = 1039"
<br><br><br>string(18) "stopscapautomotivo"
string(26) "Cantidad de follows = 5973"
<br><br><br>object(stdClass)#114 (2) {
  ["id"]=>
  string(5) "28849"
  ["login"]=>
  string(8) "plasjowl"
}
string(12) "itzackcamila"
string(26) "Cantidad de follows = 1347"
<br><br><br>string(15) "eu_gabicarvalho"
string(26) "Cantidad de follows = 3021"
<br><br><br>string(19) "hypinosemodaoficial"
string(26) "Cantidad de follows = 9957"
<br><br><br>string(13) "everttonviana"
string(26) "Cantidad de follows = 9900"
<br><br><br>string(17) "shirleyalesantana"
string(27) "Cantidad de follows = 28227"
<br><br><br>string(14) "leticiastoledo"
string(26) "Cantidad de follows = 2570"
<br><br><br>string(14) "drpedroferrari"
string(27) "Cantidad de follows = 39367"
<br><br><br>string(11) "itamixbazar"
string(26) "Cantidad de follows = 4676"
<br><br><br>string(13) "trader_amador"
string(25) "Cantidad de follows = 167"
<br><br><br>string(16) "isabellasanchess"
string(26) "Cantidad de follows = 3022"
<br><br><br>object(stdClass)#97 (2) {
  ["id"]=>
  string(5) "28962"
  ["login"]=>
  string(15) "tiagomennezes11"
}
string(12) "bunkersounds"
string(26) "Cantidad de follows = 1682"
<br><br><br>string(14) "timmycelulares"
string(25) "Cantidad de follows = 216"
<br><br><br>object(stdClass)#89 (2) {
  ["id"]=>
  string(5) "28988"
  ["login"]=>
  string(15) "programavitrina"
}
object(stdClass)#171 (2) {
  ["id"]=>
  string(5) "28989"
  ["login"]=>
  string(18) "leocar.leonardoniq"
}
object(stdClass)#89 (2) {
  ["id"]=>
  string(5) "28990"
  ["login"]=>
  string(17) "acade_corpoeforma"
}
object(stdClass)#171 (2) {
  ["id"]=>
  string(5) "28993"
  ["login"]=>
  string(11) "atgaranhuns"
}
string(20) "annamaya_arquitetura"
string(26) "Cantidad de follows = 9217"
<br><br><br>string(8) "1kgdobom"
string(27) "Cantidad de follows = 14975"
<br><br><br>string(13) "livre.digital"
string(26) "Cantidad de follows = 3578"
<br><br><br>string(14) "rhuanpenaforte"
string(27) "Cantidad de follows = 10596"
<br><br><br>string(16) "restaurantebario"
string(26) "Cantidad de follows = 1351"
<br><br><br>string(21) "felippeturtransportes"
string(26) "Cantidad de follows = 3118"
<br><br><br>string(15) "solarlifeenergy"
string(25) "Cantidad de follows = 550"
<br><br><br>string(18) "vinteumcomunicacao"
string(25) "Cantidad de follows = 577"
<br><br><br>string(18) "auto_escolaatitude"
string(26) "Cantidad de follows = 2020"
<br><br><br>string(13) "carollremigio"
string(26) "Cantidad de follows = 1065"
<br><br><br>string(13) "pampodelivery"
string(26) "Cantidad de follows = 1266"
<br><br><br>string(20) "txcambioeturismo_rio"
string(26) "Cantidad de follows = 1292"
<br><br><br>string(13) "riveauxmerino"
string(26) "Cantidad de follows = 5423"
<br><br><br>string(15) "carneslaceleste"
string(26) "Cantidad de follows = 2305"
<br><br><br>string(11) "heroairsoft"
string(26) "Cantidad de follows = 3851"
<br><br><br>string(19) "brechoandreaventuro"
string(27) "Cantidad de follows = 36630"
<br><br><br>string(9) "samiilly_"
string(27) "Cantidad de follows = 18249"
<br><br><br>string(14) "luigi_bemporad"
string(24) "Cantidad de follows = 53"
<br><br><br>string(13) "luiz_skydiver"
string(26) "Cantidad de follows = 9854"
<br><br><br>string(15) "luanmachado.arq"
string(26) "Cantidad de follows = 1851"
<br><br><br>string(12) "kaikfariastv"
string(26) "Cantidad de follows = 2085"
<br><br><br>string(16) "colegioguarapuvu"
string(23) "Cantidad de follows = 1"
<br><br><br>string(9) "guarapuvu"
string(26) "Cantidad de follows = 3048"
<br><br><br>string(13) "purocafajeste"
string(27) "Cantidad de follows = 34258"
<br><br><br>string(11) "a_deziderio"
string(26) "Cantidad de follows = 2064"
<br><br><br>object(stdClass)#216 (2) {
  ["id"]=>
  string(5) "29171"
  ["login"]=>
  string(16) "ranchotalisma_mg"
}
object(stdClass)#93 (2) {
  ["id"]=>
  string(5) "29178"
  ["login"]=>
  string(16) "maryana_araujooc"
}
string(13) "vitormagnusss"
string(27) "Cantidad de follows = 42166"
<br><br><br>string(20) "franciscosilva_alves"
string(25) "Cantidad de follows = 268"
<br><br><br>string(17) "mrandersonalmeida"
string(26) "Cantidad de follows = 6322"
<br><br><br>string(10) "inovaluxrj"
string(25) "Cantidad de follows = 188"
<br><br><br>string(17) "mixturinhafashion"
string(26) "Cantidad de follows = 2242"
<br><br><br>object(stdClass)#85 (2) {
  ["id"]=>
  string(5) "29213"
  ["login"]=>
  string(22) "danelonprimeacessorios"
}
object(stdClass)#240 (2) {
  ["id"]=>
  string(5) "29219"
  ["login"]=>
  string(7) "ruivabr"
}
string(17) "luizjatobaoficial"
string(26) "Cantidad de follows = 9579"
<br><br><br>string(8) "thhai97_"
string(26) "Cantidad de follows = 1587"
<br><br><br>string(10) "tiago_kuhn"
string(26) "Cantidad de follows = 2290"
<br><br><br>object(stdClass)#16 (2) {
  ["id"]=>
  string(5) "29228"
  ["login"]=>
  string(13) "tiolavinicius"
}
string(15) "crisoliveiravmk"
string(26) "Cantidad de follows = 2141"
<br><br><br>string(15) "wesleymichelini"
string(26) "Cantidad de follows = 1843"
<br><br><br>string(18) "raphaelacapobiango"
string(26) "Cantidad de follows = 5548"
<br><br><br>string(11) "castrolucas"
string(26) "Cantidad de follows = 3607"
<br><br><br>string(16) "masseriniosteria"
string(26) "Cantidad de follows = 6196"
<br><br><br>string(10) "alvesgilli"
string(26) "Cantidad de follows = 2000"
<br><br><br>string(10) "felippetur"
string(27) "Cantidad de follows = 19165"
<br><br><br>string(25) "rodrigo.embraconconsorcio"
string(26) "Cantidad de follows = 6241"
<br><br><br>string(14) "naotolendoisso"
string(26) "Cantidad de follows = 3295"
<br><br><br>string(14) "elizabet.agent"
string(25) "Cantidad de follows = 781"
<br><br><br>string(12) "elestore.rio"
string(26) "Cantidad de follows = 1741"
<br><br><br>string(14) "joannaa_aguiar"
string(25) "Cantidad de follows = 568"
<br><br><br>string(12) "ale.mmartins"
string(26) "Cantidad de follows = 1276"
<br><br><br>string(14) "ricvrdomoraes_"
string(26) "Cantidad de follows = 3912"
<br><br><br>string(16) "psgacademyrecife"
string(26) "Cantidad de follows = 4359"
<br><br><br>string(11) "diasluciano"
string(27) "Cantidad de follows = 16304"
<br><br><br>string(15) "othmanejennaoui"
string(27) "Cantidad de follows = 11025"
<br><br><br>string(14) "andresza_ramos"
string(26) "Cantidad de follows = 2003"
<br><br><br>string(23) "estetica.michelecamargo"
string(26) "Cantidad de follows = 3432"
<br><br><br>string(19) "fernandalima.decora"
string(26) "Cantidad de follows = 2150"
<br><br><br>string(13) "ghanabranding"
string(26) "Cantidad de follows = 6736"
<br><br><br>string(16) "binhorodriguess_"
string(26) "Cantidad de follows = 3543"
<br><br><br>string(14) "theblondedetox"
string(26) "Cantidad de follows = 3756"
<br><br><br>string(19) "oficialwinnieamaral"
string(27) "Cantidad de follows = 24466"
<br><br><br>string(19) "pezinhofirmenarocha"
string(28) "Cantidad de follows = 116328"
<br><br><br>string(11) "meempreenda"
string(26) "Cantidad de follows = 3629"
<br><br><br>string(14) "joseluizpontes"
string(25) "Cantidad de follows = 985"
<br><br><br>object(stdClass)#237 (2) {
  ["id"]=>
  string(5) "29486"
  ["login"]=>
  string(15) "eduarda.neves13"
}
string(13) "karinelisuzan"
string(26) "Cantidad de follows = 5132"
<br><br><br>object(stdClass)#237 (2) {
  ["id"]=>
  string(5) "29498"
  ["login"]=>
  string(20) "orlamodapraiaoficial"
}
string(17) "advocacia_messias"
string(26) "Cantidad de follows = 3317"
<br><br><br>string(18) "allbotequipamentos"
string(26) "Cantidad de follows = 2917"
<br><br><br>string(20) "emersonlopeshoficial"
string(27) "Cantidad de follows = 12635"
<br><br><br>string(11) "raissataini"
string(27) "Cantidad de follows = 26315"
<br><br><br>object(stdClass)#89 (2) {
  ["id"]=>
  string(5) "29527"
  ["login"]=>
  string(13) "menezesandree"
}
string(10) "vivianeneu"
string(27) "Cantidad de follows = 29176"
<br><br><br>string(8) "dhougie_"
string(27) "Cantidad de follows = 19027"
<br><br><br>string(24) "andressamakeup_penteados"
string(26) "Cantidad de follows = 3066"
<br><br><br>string(13) "iracemaallves"
string(26) "Cantidad de follows = 7413"
<br><br><br>string(11) "renannunes2"
string(26) "Cantidad de follows = 5054"
<br><br><br>string(14) "natha.estetica"
string(26) "Cantidad de follows = 1883"
<br><br><br>string(19) "j.a.estudiodebeleza"
string(25) "Cantidad de follows = 161"
<br><br><br>string(12) "grafianafoto"
string(26) "Cantidad de follows = 9004"
<br><br><br>string(19) "thespacetimeripples"
string(26) "Cantidad de follows = 3315"
<br><br><br>string(14) "rubia_martinss"
string(28) "Cantidad de follows = 101177"
<br><br><br>string(23) "joseguilherme.consultor"
string(26) "Cantidad de follows = 1210"
<br><br><br>string(14) "emporiodifiori"
string(26) "Cantidad de follows = 2245"
<br><br><br>string(21) "viajandonaarquitetura"
string(26) "Cantidad de follows = 4949"
<br><br><br>string(14) "elitecenterfoz"
string(26) "Cantidad de follows = 2392"
<br><br><br>string(10) "yancasilva"
string(26) "Cantidad de follows = 2338"
<br><br><br>string(16) "roberta.amfranca"
string(26) "Cantidad de follows = 3374"
<br><br><br>string(15) "doceriaanaester"
string(26) "Cantidad de follows = 3890"
<br><br><br>string(10) "kathguedes"
string(27) "Cantidad de follows = 42962"
<br><br><br>string(13) "tubaraocenter"
string(26) "Cantidad de follows = 6323"
<br><br><br>object(stdClass)#190 (2) {
  ["id"]=>
  string(5) "29702"
  ["login"]=>
  string(6) "zayrnm"
}
string(9) "chefeeddy"
string(27) "Cantidad de follows = 13490"
<br><br><br>string(10) "acasadecat"
string(27) "Cantidad de follows = 10991"
<br><br><br>string(20) "oficialforroperfeito"
string(27) "Cantidad de follows = 44602"
<br><br><br>string(14) "orabolasbrecho"
string(26) "Cantidad de follows = 3003"
<br><br><br>string(11) "thekingboy_"
string(27) "Cantidad de follows = 17748"
<br><br><br>string(15) "vanessa.wysocki"
string(26) "Cantidad de follows = 3616"
<br><br><br>string(11) "rique.silva"
string(26) "Cantidad de follows = 5007"
<br><br><br>string(22) "gabriellacarvalhostore"
string(27) "Cantidad de follows = 33839"
<br><br><br>string(14) "lojanowfitness"
string(26) "Cantidad de follows = 3976"
<br><br><br>string(8) "mapoiani"
string(26) "Cantidad de follows = 6071"
<br><br><br>string(14) "salaostudiosbc"
string(26) "Cantidad de follows = 1789"
<br><br><br>string(19) "studying_the_secret"
string(26) "Cantidad de follows = 2659"
<br><br><br>string(23) "studiohairinternacional"
string(26) "Cantidad de follows = 5345"
<br><br><br>string(9) "ahdireito"
string(26) "Cantidad de follows = 5375"
<br><br><br>string(7) "kabonkk"
string(26) "Cantidad de follows = 4049"
<br><br><br>string(10) "companyate"
string(25) "Cantidad de follows = 107"
<br><br><br>string(12) "djdavisantos"
string(26) "Cantidad de follows = 8419"
<br><br><br>string(14) "rafaellmoraess"
string(25) "Cantidad de follows = 829"
<br><br><br>string(22) "syflariluminacaoimport"
string(26) "Cantidad de follows = 1747"
<br><br><br>object(stdClass)#16 (2) {
  ["id"]=>
  string(5) "29883"
  ["login"]=>
  string(12) "grupo.efraim"
}
object(stdClass)#144 (2) {
  ["id"]=>
  string(5) "29884"
  ["login"]=>
  string(17) "efraimhoteleflats"
}
string(30) "rpcontrollerinsetodedetizadora"
string(25) "Cantidad de follows = 166"
<br><br><br>string(12) "raunierporto"
string(26) "Cantidad de follows = 3099"
<br><br><br>string(11) "marciabotam"
string(26) "Cantidad de follows = 3801"
<br><br><br>object(stdClass)#239 (2) {
  ["id"]=>
  string(5) "29901"
  ["login"]=>
  string(8) "1jonhbjj"
}
object(stdClass)#47 (2) {
  ["id"]=>
  string(5) "29918"
  ["login"]=>
  string(9) "odeiopera"
}
object(stdClass)#239 (2) {
  ["id"]=>
  string(5) "29932"
  ["login"]=>
  string(11) "eufeearruda"
}
string(11) "tclaranunes"
string(26) "Cantidad de follows = 1771"
<br><br><br>string(19) "alaskaclothingstore"
string(26) "Cantidad de follows = 2286"
<br><br><br>string(14) "gkt_kickboxing"
string(26) "Cantidad de follows = 1605"
<br><br><br>string(19) "character.design.gk"
string(26) "Cantidad de follows = 1189"
<br><br><br>object(stdClass)#148 (2) {
  ["id"]=>
  string(5) "29964"
  ["login"]=>
  string(12) "blogdoarinos"
}
object(stdClass)#219 (2) {
  ["id"]=>
  string(5) "29965"
  ["login"]=>
  string(12) "bela.morenaa"
}
string(24) "leandroquelucifotografia"
string(26) "Cantidad de follows = 3115"
<br><br><br>string(19) "generalstorefitness"
string(26) "Cantidad de follows = 3706"
<br><br><br>string(15) "acervomodasda44"
string(26) "Cantidad de follows = 5693"
<br><br><br>string(12) "mama_costhay"
string(26) "Cantidad de follows = 4913"
<br><br><br>string(17) "ginetom_rodrigues"
string(26) "Cantidad de follows = 7793"
<br><br><br>string(13) "brunnooctavio"
string(25) "Cantidad de follows = 980"
<br><br><br>object(stdClass)#16 (2) {
  ["id"]=>
  string(5) "29996"
  ["login"]=>
  string(12) "doug0liveira"
}
string(10) "gutt_carol"
string(27) "Cantidad de follows = 12125"
<br><br><br>string(9) "hulkdutra"
string(27) "Cantidad de follows = 13381"
<br><br><br>string(16) "camilaguerreiroo"
string(26) "Cantidad de follows = 2375"
<br><br><br>string(15) "sandymakecabelo"
string(26) "Cantidad de follows = 6671"
<br><br><br>string(15) "copaciadvogados"
string(25) "Cantidad de follows = 679"
<br><br><br>string(18) "diegocamargotattoo"
string(26) "Cantidad de follows = 3272"
<br><br><br>string(17) "entretenimento.pe"
string(26) "Cantidad de follows = 3438"
<br><br><br>string(17) "alicemelomakehair"
string(26) "Cantidad de follows = 6776"
<br><br><br>object(stdClass)#182 (2) {
  ["id"]=>
  string(5) "30051"
  ["login"]=>
  string(11) "tuguinha.tv"
}
string(13) "rentar.com.do"
string(27) "Cantidad de follows = 11625"
<br><br><br>string(15) "eriosvaldodiniz"
string(26) "Cantidad de follows = 1637"
<br><br><br>string(11) "gustavo_ono"
string(26) "Cantidad de follows = 5403"
<br><br><br>string(15) "canilredbroncos"
string(26) "Cantidad de follows = 1884"
<br><br><br>string(9) "_brokerst"
string(25) "Cantidad de follows = 304"
<br><br><br>string(14) "lifeprojectone"
string(26) "Cantidad de follows = 1857"
<br><br><br>string(16) "disfranco.motors"
string(26) "Cantidad de follows = 2940"
<br><br><br>string(6) "bomf17"
string(25) "Cantidad de follows = 824"
<br><br><br>string(12) "aliicemello_"
string(26) "Cantidad de follows = 2348"
<br><br><br>string(11) "_bellaforma"
string(27) "Cantidad de follows = 71236"
<br><br><br>string(10) "bruruschel"
string(27) "Cantidad de follows = 11924"
<br><br><br>string(9) "murilooc7"
string(26) "Cantidad de follows = 4461"
<br><br><br>string(9) "a7madov95"
string(25) "Cantidad de follows = 247"
<br><br><br>string(7) "a_mayla"
string(25) "Cantidad de follows = 745"
<br><br><br>string(13) "lidiafeitosa4"
string(26) "Cantidad de follows = 2799"
<br><br><br>string(10) "smokeseila"
string(25) "Cantidad de follows = 647"
<br><br><br>string(10) "rikdelucca"
string(26) "Cantidad de follows = 3644"
<br><br><br>string(19) "corretoracavalcante"
string(25) "Cantidad de follows = 830"
<br><br><br>object(stdClass)#105 (2) {
  ["id"]=>
  string(5) "30218"
  ["login"]=>
  string(14) "thaisaschayder"
}
string(13) "hueskerbrasil"
string(26) "Cantidad de follows = 3744"
<br><br><br>string(22) "rodrigoranchodascabras"
string(25) "Cantidad de follows = 952"
<br><br><br>object(stdClass)#219 (2) {
  ["id"]=>
  string(5) "30232"
  ["login"]=>
  string(15) "arisson_jessica"
}
string(16) "camilla.franklin"
string(26) "Cantidad de follows = 6300"
<br><br><br>string(11) "maira.fuzii"
string(26) "Cantidad de follows = 2150"
<br><br><br>object(stdClass)#229 (2) {
  ["id"]=>
  string(5) "30257"
  ["login"]=>
  string(13) "nathaly_llima"
}
string(21) "laraharantes.piercing"
string(26) "Cantidad de follows = 3247"
<br><br><br>string(11) "maitemellim"
string(26) "Cantidad de follows = 1974"
<br><br><br>string(10) "criptobraz"
string(25) "Cantidad de follows = 703"
<br><br><br>string(14) "meuprojeto.fit"
string(26) "Cantidad de follows = 2081"
<br><br><br>object(stdClass)#156 (2) {
  ["id"]=>
  string(5) "30286"
  ["login"]=>
  string(15) "cmo_odontologia"
}
object(stdClass)#9 (2) {
  ["id"]=>
  string(5) "30293"
  ["login"]=>
  string(14) "ketellenfelix1"
}
string(14) "biel_do_cavaco"
string(27) "Cantidad de follows = 19759"
<br><br><br>string(9) "netto_ull"
string(25) "Cantidad de follows = 616"
<br><br><br>string(11) "nandokounat"
string(27) "Cantidad de follows = 19544"
<br><br><br>object(stdClass)#150 (2) {
  ["id"]=>
  string(5) "30317"
  ["login"]=>
  string(14) "easyartgrafica"
}
string(15) "studio_beauty15"
string(26) "Cantidad de follows = 1043"
<br><br><br>string(18) "julio_sosa_imoveis"
string(25) "Cantidad de follows = 801"
<br><br><br>string(10) "canelihome"
string(26) "Cantidad de follows = 3699"
<br><br><br>string(9) "josergm86"
string(26) "Cantidad de follows = 7220"
<br><br><br>string(11) "katiaalbany"
string(26) "Cantidad de follows = 4795"
<br><br><br>string(11) "leandramora"
string(26) "Cantidad de follows = 1769"
<br><br><br>object(stdClass)#149 (2) {
  ["id"]=>
  string(5) "30380"
  ["login"]=>
  string(7) "_lrnnym"
}
string(17) "festivalnovomundo"
string(26) "Cantidad de follows = 4366"
<br><br><br>string(10) "odavilemos"
string(27) "Cantidad de follows = 13257"
<br><br><br>string(20) "clebsonfrancaoficial"
string(26) "Cantidad de follows = 2176"
<br><br><br>string(15) "mamaesemmanuais"
string(27) "Cantidad de follows = 11498"
<br><br><br>string(13) "victorcastelo"
string(26) "Cantidad de follows = 1177"
<br><br><br>string(17) "fabricio.physique"
string(27) "Cantidad de follows = 11187"
<br><br><br>string(15) "rafaelfsantanaa"
string(25) "Cantidad de follows = 755"
<br><br><br>object(stdClass)#63 (2) {
  ["id"]=>
  string(5) "30436"
  ["login"]=>
  string(15) "kawlicheski1993"
}
string(10) "facamerirr"
string(26) "Cantidad de follows = 3431"
<br><br><br>string(10) "linoamanda"
string(27) "Cantidad de follows = 10031"
<br><br><br>string(10) "_lorecosta"
string(26) "Cantidad de follows = 2053"
<br><br><br>string(21) "clara.goldenretriever"
string(26) "Cantidad de follows = 3734"
<br><br><br>string(14) "andre.grupoark"
string(26) "Cantidad de follows = 4201"
<br><br><br>string(13) "espacoubaense"
string(26) "Cantidad de follows = 1862"
<br><br><br>string(14) "photoboxbrasil"
string(26) "Cantidad de follows = 2826"
<br><br><br>string(13) "luiara_helmer"
string(26) "Cantidad de follows = 5120"
<br><br><br>string(7) "dul_fcy"
string(26) "Cantidad de follows = 2855"
<br><br><br>string(26) "emporiodapapinhasantoandre"
string(26) "Cantidad de follows = 5106"
<br><br><br>string(15) "rayanemarchetta"
string(26) "Cantidad de follows = 1680"
<br><br><br>string(13) "karol_nunes00"
string(26) "Cantidad de follows = 3582"
<br><br><br>string(10) "apedesign_"
string(26) "Cantidad de follows = 2650"
<br><br><br>string(9) "danilelah"
string(26) "Cantidad de follows = 5037"
<br><br><br>string(8) "kevinm5m"
string(26) "Cantidad de follows = 7475"
<br><br><br>string(12) "noahestetica"
string(26) "Cantidad de follows = 8824"
<br><br><br>string(9) "casadovaz"
string(26) "Cantidad de follows = 7098"
<br><br><br>string(8) "arena7bh"
string(26) "Cantidad de follows = 4403"
<br><br><br>object(stdClass)#73 (2) {
  ["id"]=>
  string(5) "30581"
  ["login"]=>
  string(13) "mathoficialbr"
}
string(17) "jonatas.batistela"
string(27) "Cantidad de follows = 14902"
<br><br><br>string(10) "queirozloo"
string(26) "Cantidad de follows = 3666"
<br><br><br>object(stdClass)#155 (2) {
  ["id"]=>
  string(5) "30593"
  ["login"]=>
  string(12) "rogersiiilva"
}
string(11) "marci0viana"
string(26) "Cantidad de follows = 1308"
<br><br><br>string(16) "chefsheiladuarte"
string(26) "Cantidad de follows = 1036"
<br><br><br>string(8) "itsredtv"
string(27) "Cantidad de follows = 44586"
<br><br><br>object(stdClass)#150 (2) {
  ["id"]=>
  string(5) "30622"
  ["login"]=>
  string(8) "lorisfaz"
}
object(stdClass)#90 (2) {
  ["id"]=>
  string(5) "30623"
  ["login"]=>
  string(20) "emagrecer_ja_oficial"
}
string(19) "tamyparadorneptunia"
string(26) "Cantidad de follows = 5769"
<br><br><br>string(9) "gabicoach"
string(26) "Cantidad de follows = 3475"
<br><br><br>object(stdClass)#138 (2) {
  ["id"]=>
  string(5) "30648"
  ["login"]=>
  string(14) "amanda3santana"
}
string(8) "crecleao"
string(26) "Cantidad de follows = 3237"
<br><br><br>string(10) "elluhalves"
string(26) "Cantidad de follows = 5292"
<br><br><br>string(18) "mixsushicafebistek"
string(26) "Cantidad de follows = 5893"
<br><br><br>string(16) "f1ciaimobiliaria"
string(26) "Cantidad de follows = 3278"
<br><br><br>string(15) "vitor_honorato3"
string(26) "Cantidad de follows = 1132"
<br><br><br>string(13) "veneno_daseda"
string(26) "Cantidad de follows = 2056"
<br><br><br>string(10) "mc2turismo"
string(27) "Cantidad de follows = 17886"
<br><br><br>string(19) "erickakamineoficial"
string(26) "Cantidad de follows = 6617"
<br><br><br>string(11) "fredmunizrj"
string(26) "Cantidad de follows = 1491"
<br><br><br>object(stdClass)#87 (2) {
  ["id"]=>
  string(5) "30718"
  ["login"]=>
  string(16) "luis.fernando.br"
}
string(17) "drasheilawatanabe"
string(26) "Cantidad de follows = 1749"
<br><br><br>string(12) "laysasmacedo"
string(26) "Cantidad de follows = 2894"
<br><br><br>string(17) "creativapapelaria"
string(25) "Cantidad de follows = 329"
<br><br><br>string(11) "aondeiremsp"
string(27) "Cantidad de follows = 25282"
<br><br><br>object(stdClass)#126 (2) {
  ["id"]=>
  string(5) "30815"
  ["login"]=>
  string(6) "79_app"
}
string(8) "tompsonr"
string(25) "Cantidad de follows = 351"
<br><br><br>string(15) "dioceliogoulart"
string(27) "Cantidad de follows = 19060"
<br><br><br>string(15) "victorperazzini"
string(26) "Cantidad de follows = 2438"
<br><br><br>string(12) "alberto_test"
string(25) "Cantidad de follows = 289"
<br><br><br>string(13) "fassegseguros"
string(26) "Cantidad de follows = 7174"
<br><br><br>string(18) "giovanni.consultor"
string(25) "Cantidad de follows = 885"
<br><br><br>string(17) "coach.jorgeamorim"
string(26) "Cantidad de follows = 1002"
<br><br><br>string(16) "blessedmaemequer"
string(27) "Cantidad de follows = 16854"
<br><br><br>string(15) "baile_de_camelo"
string(25) "Cantidad de follows = 757"
<br><br><br>string(13) "dentistabruna"
string(25) "Cantidad de follows = 186"
<br><br><br>string(11) "chicomorais"
string(26) "Cantidad de follows = 4645"
<br><br><br>string(13) "adrianemayumi"
string(27) "Cantidad de follows = 13393"
<br><br><br>string(14) "dresscode.byrm"
string(25) "Cantidad de follows = 229"
<br><br><br>object(stdClass)#25 (2) {
  ["id"]=>
  string(5) "30911"
  ["login"]=>
  string(15) "alynemultiforme"
}
string(15) "ehpralaqueeuvou"
string(26) "Cantidad de follows = 1218"
<br><br><br>string(14) "douglasvwalker"
string(26) "Cantidad de follows = 1737"
<br><br><br>string(11) "brimigreipt"
string(25) "Cantidad de follows = 321"
<br><br><br>string(8) "dazz.777"
string(26) "Cantidad de follows = 1012"
<br><br><br>string(14) "rafaella_neves"
string(26) "Cantidad de follows = 3746"
<br><br><br>string(8) "soueuwal"
string(26) "Cantidad de follows = 1644"
<br><br><br>string(22) "lacosdasmeninasoficial"
string(26) "Cantidad de follows = 2236"
<br><br><br>string(13) "talitamcostta"
string(25) "Cantidad de follows = 566"
<br><br><br>string(17) "fernandinhobranco"
string(24) "Cantidad de follows = 59"
<br><br><br>string(8) "pionunes"
string(27) "Cantidad de follows = 16578"
<br><br><br>string(18) "confeitariadagabi_"
string(24) "Cantidad de follows = 63"
<br><br><br>string(14) "brunoalvarez.1"
string(25) "Cantidad de follows = 545"
<br><br><br>string(10) "1989closet"
string(26) "Cantidad de follows = 5867"
<br><br><br>string(12) "jumota_decor"
string(26) "Cantidad de follows = 1695"
<br><br><br>string(16) "marmitinhaslight"
string(26) "Cantidad de follows = 2658"
<br><br><br>string(24) "leoart_desing_paisagismo"
string(26) "Cantidad de follows = 6732"
<br><br><br>string(14) "carolfroemming"
string(26) "Cantidad de follows = 6946"
<br><br><br>string(24) "priscilaaparecidasantoss"
string(25) "Cantidad de follows = 610"
<br><br><br>object(stdClass)#181 (2) {
  ["id"]=>
  string(5) "31080"
  ["login"]=>
  string(9) "chio18789"
}
string(13) "kasamor_store"
string(26) "Cantidad de follows = 2304"
<br><br><br>string(13) "thamysilva201"
string(26) "Cantidad de follows = 3893"
<br><br><br>string(10) "alexrssp12"
string(25) "Cantidad de follows = 314"
<br><br><br>string(14) "silvio.cesarjr"
string(24) "Cantidad de follows = 61"
<br><br><br>string(12) "levis_tudouu"
string(27) "Cantidad de follows = 15778"
<br><br><br>string(8) "euogomez"
string(26) "Cantidad de follows = 2478"
<br><br><br>string(14) "amorefeoficial"
string(26) "Cantidad de follows = 4623"
<br><br><br>string(15) "studioambientes"
string(27) "Cantidad de follows = 14388"
<br><br><br>string(12) "gomilkbrasil"
string(26) "Cantidad de follows = 1018"
<br><br><br>string(13) "gomed.digital"
string(26) "Cantidad de follows = 2294"
<br><br><br>object(stdClass)#203 (2) {
  ["id"]=>
  string(5) "31133"
  ["login"]=>
  string(6) "lv_luh"
}
string(8) "curyamin"
string(25) "Cantidad de follows = 771"
<br><br><br>string(11) "stancefight"
string(27) "Cantidad de follows = 33676"
<br><br><br>string(19) "medconsultingbrasil"
string(27) "Cantidad de follows = 11910"
<br><br><br>string(3) "usa"
string(26) "Cantidad de follows = 4647"
<br><br><br>string(8) "voa_hati"
string(26) "Cantidad de follows = 2968"
<br><br><br>string(18) "robsonbarbosacoach"
string(26) "Cantidad de follows = 6130"
<br><br><br>string(10) "yasmincgr_"
string(26) "Cantidad de follows = 1070"
<br><br><br>string(14) "kharlos_soares"
string(25) "Cantidad de follows = 207"
<br><br><br>string(19) "chrystopher.gabriel"
string(25) "Cantidad de follows = 321"
<br><br><br>string(7) "nega.93"
string(26) "Cantidad de follows = 9999"
<br><br><br>string(13) "cahrlossoares"
string(24) "Cantidad de follows = 61"
<br><br><br>string(8) "emillymv"
string(26) "Cantidad de follows = 4106"
<br><br><br>string(11) "_j.o.a.o___"
string(25) "Cantidad de follows = 181"
<br><br><br>string(14) "antonioportes_"
string(25) "Cantidad de follows = 230"
<br><br><br>string(14) "samo_oliveiraa"
string(25) "Cantidad de follows = 657"
<br><br><br>string(12) "aleehzinho_t"
string(25) "Cantidad de follows = 172"
<br><br><br>string(15) "jonasfahelysson"
string(26) "Cantidad de follows = 6872"
<br><br><br>string(13) "mari_azeredo_"
string(25) "Cantidad de follows = 767"
<br><br><br>string(18) "clinicaformighieri"
string(26) "Cantidad de follows = 2109"
<br><br><br>string(10) "guiturner_"
string(26) "Cantidad de follows = 8885"
<br><br><br>string(14) "carloskpulling"
string(28) "Cantidad de follows = 112770"
<br><br><br>string(10) "oppaviajei"
string(25) "Cantidad de follows = 711"
<br><br><br>string(19) "madtattoobarbershop"
string(25) "Cantidad de follows = 692"
<br><br><br>string(15) "jujucoelhopinto"
string(27) "Cantidad de follows = 28256"
<br><br><br>string(13) "gersonaraujo_"
string(26) "Cantidad de follows = 2259"
<br><br><br>object(stdClass)#133 (2) {
  ["id"]=>
  string(5) "31318"
  ["login"]=>
  string(11) "josiasnetoo"
}
string(19) "blogsairdozeroagora"
string(26) "Cantidad de follows = 1267"
<br><br><br>object(stdClass)#133 (2) {
  ["id"]=>
  string(5) "31325"
  ["login"]=>
  string(18) "neonprodutorapromo"
}
object(stdClass)#192 (2) {
  ["id"]=>
  string(5) "31326"
  ["login"]=>
  string(6) "djrat_"
}
object(stdClass)#133 (2) {
  ["id"]=>
  string(5) "31337"
  ["login"]=>
  string(23) "anderson_diego_oliveira"
}
string(19) "anacarlarodrigues19"
string(26) "Cantidad de follows = 3077"
<br><br><br>object(stdClass)#133 (2) {
  ["id"]=>
  string(5) "31346"
  ["login"]=>
  string(15) "siimoneepereira"
}
string(13) "jubart_design"
string(25) "Cantidad de follows = 594"
<br><br><br>string(19) "bellkeyprofessional"
string(26) "Cantidad de follows = 1656"
<br><br><br>string(8) "ealine._"
string(26) "Cantidad de follows = 4737"
<br><br><br>string(8) "wheresje"
string(27) "Cantidad de follows = 78120"
<br><br><br>object(stdClass)#11 (2) {
  ["id"]=>
  string(5) "31394"
  ["login"]=>
  string(12) "ronyfgomesss"
}
string(16) "jhonatha_feitosa"
string(26) "Cantidad de follows = 1195"
<br><br><br>string(15) "blena.nathallya"
string(26) "Cantidad de follows = 1083"
<br><br><br>string(10) "edersonflx"
string(26) "Cantidad de follows = 6837"
<br><br><br>string(23) "tridorimpermebializacao"
string(25) "Cantidad de follows = 157"
<br><br><br>string(9) "jehdpires"
string(25) "Cantidad de follows = 800"
<br><br><br>string(18) "emagrecer_agora.br"
string(25) "Cantidad de follows = 904"
<br><br><br>string(9) "caio_luka"
string(25) "Cantidad de follows = 284"
<br><br><br>string(10) "brasil.anb"
string(25) "Cantidad de follows = 683"
<br><br><br>string(19) "jeanpiresfotografia"
string(26) "Cantidad de follows = 1059"
<br><br><br>object(stdClass)#209 (2) {
  ["id"]=>
  string(5) "31483"
  ["login"]=>
  string(12) "canutoandree"
}
string(15) "charles_gsilvaa"
string(26) "Cantidad de follows = 1853"
<br><br><br>string(15) "theluccassantos"
string(26) "Cantidad de follows = 1138"
<br><br><br>string(10) "biih_faith"
string(26) "Cantidad de follows = 1472"
<br><br><br>string(18) "leonardomonteiro00"
string(25) "Cantidad de follows = 890"
<br><br><br>string(17) "carlafagundesblog"
string(26) "Cantidad de follows = 6254"
<br><br><br>string(13) "aguedamaurien"
string(26) "Cantidad de follows = 2544"
<br><br><br>string(13) "pedrosagfteam"
string(26) "Cantidad de follows = 1881"
<br><br><br>string(9) "eusoudaro"
string(26) "Cantidad de follows = 1632"
<br><br><br>string(14) "caiquefregnani"
string(27) "Cantidad de follows = 10578"
<br><br><br>string(14) "heitorsoares.c"
string(26) "Cantidad de follows = 7965"
<br><br><br>string(21) "mulheres_que_se_amam_"
string(24) "Cantidad de follows = 71"
<br><br><br>string(17) "marco.suplementos"
string(27) "Cantidad de follows = 10044"
<br><br><br>string(8) "tetovivo"
string(26) "Cantidad de follows = 1880"
<br><br><br>string(14) "andrewanderley"
string(26) "Cantidad de follows = 3421"
<br><br><br>string(9) "vitormc83"
string(25) "Cantidad de follows = 174"
<br><br><br>string(8) "_lsilvva"
string(26) "Cantidad de follows = 6206"
<br><br><br>string(17) "clube_das_gostosa"
string(26) "Cantidad de follows = 1509"
<br><br><br>string(17) "esteticista_julia"
string(25) "Cantidad de follows = 633"
<br><br><br>string(10) "kauadellon"
string(25) "Cantidad de follows = 718"
<br><br><br>string(20) "divulgageraisoficial"
string(27) "Cantidad de follows = 20885"
<br><br><br>string(18) "dr.grimaldobicalho"
string(26) "Cantidad de follows = 1699"
<br><br><br>string(10) "rahfritzen"
string(26) "Cantidad de follows = 9269"
<br><br><br>object(stdClass)#81 (2) {
  ["id"]=>
  string(5) "31679"
  ["login"]=>
  string(13) "eiandrecanuto"
}
string(10) "mariodj.uy"
string(26) "Cantidad de follows = 1825"
<br><br><br>string(14) "stephanmarinho"
string(26) "Cantidad de follows = 7039"
<br><br><br>string(9) "misouza07"
string(25) "Cantidad de follows = 719"
<br><br><br>string(16) "glaubritooficial"
string(26) "Cantidad de follows = 1987"
<br><br><br>string(18) "anacarolinefavacho"
string(26) "Cantidad de follows = 1178"
<br><br><br>string(17) "natpharmafarmacia"
string(25) "Cantidad de follows = 663"
<br><br><br>string(13) "tablesdecorpy"
string(25) "Cantidad de follows = 586"
<br><br><br>string(18) "julianasilvaespaco"
string(26) "Cantidad de follows = 1231"
<br><br><br>string(22) "alice_carvalho_oficial"
string(26) "Cantidad de follows = 1060"
<br><br><br>string(14) "juliaparanhos_"
string(27) "Cantidad de follows = 41351"
<br><br><br>string(18) "rannabeckeroficial"
string(27) "Cantidad de follows = 20231"
<br><br><br>string(13) "gomesterapias"
string(27) "Cantidad de follows = 48996"
<br><br><br>string(10) "filhoteeco"
string(27) "Cantidad de follows = 32760"
<br><br><br>object(stdClass)#103 (2) {
  ["id"]=>
  string(5) "31757"
  ["login"]=>
  string(15) "umbr_no_youtube"
}
string(12) "jeff_valerio"
string(25) "Cantidad de follows = 224"
<br><br><br>string(12) "calmbunnypet"
string(25) "Cantidad de follows = 637"
<br><br><br>string(9) "equipe.dx"
string(26) "Cantidad de follows = 2477"
<br><br><br>string(11) "mr.andyarte"
string(25) "Cantidad de follows = 180"
<br><br><br>string(12) "401loungebar"
string(26) "Cantidad de follows = 6704"
<br><br><br>string(14) "edinhotattoojc"
string(27) "Cantidad de follows = 10819"
<br><br><br>string(16) "claudio__soaress"
string(25) "Cantidad de follows = 157"
<br><br><br>string(17) "eduardo_purapesca"
string(28) "Cantidad de follows = 117817"
<br><br><br>\n<br>JOB DONE!!!<br>\n2018-10-15 07:53:30am