DAILY REPORT Inited...!<br>
2018-10-23 06:30:01am<br>
string(14) "alberto_dreyes"
string(27) "Cantidad de follows = 14345"
<br><br><br>string(19) "opiniaoconservadora"
string(27) "Cantidad de follows = 59093"
<br><br><br>string(17) "sibitecomunicacao"
string(27) "Cantidad de follows = 10224"
<br><br><br>string(11) "mo.taniguti"
string(27) "Cantidad de follows = 20820"
<br><br><br>object(stdClass)#30 (2) {
  ["id"]=>
  string(3) "146"
  ["login"]=>
  string(12) "auepromocoes"
}
string(23) "jeunesse_bycrislafratta"
string(25) "Cantidad de follows = 184"
<br><br><br>string(12) "lily.s.alves"
string(26) "Cantidad de follows = 2078"
<br><br><br>string(10) "powerlook_"
string(27) "Cantidad de follows = 61015"
<br><br><br>object(stdClass)#12 (2) {
  ["id"]=>
  string(3) "245"
  ["login"]=>
  string(18) "xodozinho.retratos"
}
object(stdClass)#22 (2) {
  ["id"]=>
  string(3) "867"
  ["login"]=>
  string(14) "joaovictorjvb1"
}
object(stdClass)#12 (2) {
  ["id"]=>
  string(4) "1059"
  ["login"]=>
  string(8) "graverrj"
}
string(7) "ma_luco"
string(27) "Cantidad de follows = 28582"
<br><br><br>string(12) "carlloooooss"
string(26) "Cantidad de follows = 1290"
<br><br><br>string(15) "sapatodochef.pa"
string(26) "Cantidad de follows = 2362"
<br><br><br>object(stdClass)#225 (2) {
  ["id"]=>
  string(4) "2175"
  ["login"]=>
  string(10) "vireiloira"
}
string(18) "mercadomodelobahia"
string(26) "Cantidad de follows = 9085"
<br><br><br>string(11) "thayscalmon"
string(26) "Cantidad de follows = 5321"
<br><br><br>string(11) "decoremundo"
string(27) "Cantidad de follows = 14338"
<br><br><br>string(9) "decorcool"
string(23) "Cantidad de follows = 7"
<br><br><br>string(8) "fragabar"
string(26) "Cantidad de follows = 4368"
<br><br><br>string(8) "lorenaym"
string(24) "Cantidad de follows = 77"
<br><br><br>string(11) "pamelaotero"
string(27) "Cantidad de follows = 46127"
<br><br><br>string(19) "starpointcollection"
string(27) "Cantidad de follows = 12639"
<br><br><br>string(9) "katiacsdc"
string(27) "Cantidad de follows = 18324"
<br><br><br>string(14) "grazielialvess"
string(27) "Cantidad de follows = 21528"
<br><br><br>string(22) "dra_barbaravasconcelos"
string(27) "Cantidad de follows = 24431"
<br><br><br>string(21) "comandantedochurrasco"
string(27) "Cantidad de follows = 56610"
<br><br><br>string(12) "40antesdos40"
string(27) "Cantidad de follows = 28356"
<br><br><br>string(19) "intimissimisalvador"
string(27) "Cantidad de follows = 13312"
<br><br><br>string(16) "drricardopalacio"
string(27) "Cantidad de follows = 25882"
<br><br><br>string(12) "pollyruffini"
string(26) "Cantidad de follows = 7508"
<br><br><br>string(14) "carlos_skatmar"
string(26) "Cantidad de follows = 2360"
<br><br><br>string(10) "star_point"
string(27) "Cantidad de follows = 32907"
<br><br><br>string(8) "rruizmma"
string(27) "Cantidad de follows = 47011"
<br><br><br>string(8) "dumbu.09"
string(26) "Cantidad de follows = 7667"
<br><br><br>string(14) "marcosp.medina"
string(26) "Cantidad de follows = 4067"
<br><br><br>string(11) "sandrozion7"
string(27) "Cantidad de follows = 21029"
<br><br><br>string(17) "grandville_hoteis"
string(27) "Cantidad de follows = 12694"
<br><br><br>string(11) "josiasdiass"
string(27) "Cantidad de follows = 18079"
<br><br><br>string(18) "barbaracampospalma"
string(26) "Cantidad de follows = 8701"
<br><br><br>string(9) "telless13"
string(27) "Cantidad de follows = 14397"
<br><br><br>string(13) "bandamegafire"
string(27) "Cantidad de follows = 23328"
<br><br><br>string(17) "sosoportunidade10"
string(25) "Cantidad de follows = 964"
<br><br><br>string(18) "academia_king_thai"
string(26) "Cantidad de follows = 5077"
<br><br><br>string(13) "renatafontany"
string(27) "Cantidad de follows = 33483"
<br><br><br>string(14) "cabelosaugusto"
string(27) "Cantidad de follows = 23683"
<br><br><br>string(14) "brunocerqueira"
string(27) "Cantidad de follows = 10527"
<br><br><br>string(10) "noxboymike"
string(26) "Cantidad de follows = 5450"
<br><br><br>string(20) "juliobaptistaoficial"
string(28) "Cantidad de follows = 250966"
<br><br><br>string(21) "ateliermarielamoreira"
string(27) "Cantidad de follows = 15834"
<br><br><br>object(stdClass)#18 (2) {
  ["id"]=>
  string(5) "11096"
  ["login"]=>
  string(12) "michaelletjp"
}
object(stdClass)#188 (2) {
  ["id"]=>
  string(5) "11099"
  ["login"]=>
  string(13) "agostochuvoso"
}
string(11) "insultedboy"
string(26) "Cantidad de follows = 3516"
<br><br><br>string(11) "weilla_morg"
string(25) "Cantidad de follows = 942"
<br><br><br>string(11) "raphabritoo"
string(27) "Cantidad de follows = 16051"
<br><br><br>string(10) "vinihveiga"
string(26) "Cantidad de follows = 4076"
<br><br><br>object(stdClass)#150 (2) {
  ["id"]=>
  string(5) "11131"
  ["login"]=>
  string(14) "deliciasdoronk"
}
string(16) "duuduuzinhosilva"
string(26) "Cantidad de follows = 3046"
<br><br><br>string(9) "carlosbsg"
string(25) "Cantidad de follows = 926"
<br><br><br>string(12) "danndourado0"
string(27) "Cantidad de follows = 15173"
<br><br><br>string(7) "biel312"
string(23) "Cantidad de follows = 9"
<br><br><br>string(11) "caiogrunupp"
string(26) "Cantidad de follows = 3317"
<br><br><br>string(11) "paullonunan"
string(26) "Cantidad de follows = 1429"
<br><br><br>string(12) "pablodiego15"
string(26) "Cantidad de follows = 1112"
<br><br><br>object(stdClass)#167 (2) {
  ["id"]=>
  string(5) "11230"
  ["login"]=>
  string(16) "_luferreiranunes"
}
string(14) "natan_mantelli"
string(25) "Cantidad de follows = 795"
<br><br><br>string(17) "antoniocarlos3627"
string(24) "Cantidad de follows = 45"
<br><br><br>string(11) "365_indubai"
string(27) "Cantidad de follows = 21983"
<br><br><br>object(stdClass)#56 (2) {
  ["id"]=>
  string(5) "11239"
  ["login"]=>
  string(12) "ceottosinuhe"
}
string(14) "vitoriaabritto"
string(27) "Cantidad de follows = 43665"
<br><br><br>string(11) "lojaoperapc"
string(27) "Cantidad de follows = 23902"
<br><br><br>string(12) "huealimentos"
string(26) "Cantidad de follows = 5148"
<br><br><br>string(13) "kstimportados"
string(26) "Cantidad de follows = 4376"
<br><br><br>string(7) "wi11see"
string(27) "Cantidad de follows = 11495"
<br><br><br>string(12) "s7_producoes"
string(26) "Cantidad de follows = 5994"
<br><br><br>string(12) "gabrielaribi"
string(26) "Cantidad de follows = 7622"
<br><br><br>string(17) "brunosennaimagens"
string(27) "Cantidad de follows = 13230"
<br><br><br>string(14) "maycowmontemor"
string(27) "Cantidad de follows = 32557"
<br><br><br>string(14) "alinemarcovici"
string(27) "Cantidad de follows = 18483"
<br><br><br>string(10) "junior.dev"
string(27) "Cantidad de follows = 17661"
<br><br><br>string(13) "amaassessoria"
string(26) "Cantidad de follows = 7640"
<br><br><br>string(11) "julisciotto"
string(27) "Cantidad de follows = 25626"
<br><br><br>string(14) "draalinehsilva"
string(27) "Cantidad de follows = 20148"
<br><br><br>string(13) "rodasemotores"
string(27) "Cantidad de follows = 14763"
<br><br><br>object(stdClass)#127 (2) {
  ["id"]=>
  string(5) "11758"
  ["login"]=>
  string(13) "euclaracampos"
}
string(19) "thamaraelisa.tattoo"
string(27) "Cantidad de follows = 14237"
<br><br><br>string(15) "megaminassports"
string(26) "Cantidad de follows = 6767"
<br><br><br>string(16) "agencia_portal37"
string(26) "Cantidad de follows = 3324"
<br><br><br>object(stdClass)#201 (2) {
  ["id"]=>
  string(5) "11792"
  ["login"]=>
  string(14) "hf_metalurgica"
}
string(13) "grillegourmet"
string(26) "Cantidad de follows = 5115"
<br><br><br>string(11) "davidkapper"
string(27) "Cantidad de follows = 13087"
<br><br><br>string(11) "7chavesfoto"
string(27) "Cantidad de follows = 11016"
<br><br><br>string(11) "joiaskether"
string(27) "Cantidad de follows = 19591"
<br><br><br>string(14) "luziasantana33"
string(28) "Cantidad de follows = 236045"
<br><br><br>string(13) "thiagovaleiro"
string(26) "Cantidad de follows = 3821"
<br><br><br>object(stdClass)#60 (2) {
  ["id"]=>
  string(5) "12434"
  ["login"]=>
  string(9) "dupicasso"
}
string(11) "laura_bergo"
string(26) "Cantidad de follows = 6412"
<br><br><br>string(15) "dra.raphabecker"
string(27) "Cantidad de follows = 19700"
<br><br><br>string(8) "letdaher"
string(27) "Cantidad de follows = 27948"
<br><br><br>string(9) "dgarciia_"
string(25) "Cantidad de follows = 863"
<br><br><br>string(10) "joaosurf12"
string(24) "Cantidad de follows = 97"
<br><br><br>string(8) "itsandco"
string(27) "Cantidad de follows = 21121"
<br><br><br>string(10) "ela_andrea"
string(27) "Cantidad de follows = 22472"
<br><br><br>string(14) "nafurtadocakes"
string(26) "Cantidad de follows = 6626"
<br><br><br>string(18) "castrolautoservice"
string(26) "Cantidad de follows = 9324"
<br><br><br>string(9) "livdrinks"
string(27) "Cantidad de follows = 47446"
<br><br><br>string(18) "portalautoshopping"
string(27) "Cantidad de follows = 12165"
<br><br><br>string(20) "manu.mamaeaoquadrado"
string(26) "Cantidad de follows = 9591"
<br><br><br>string(15) "odontowebschool"
string(27) "Cantidad de follows = 10554"
<br><br><br>string(9) "abarkeria"
string(27) "Cantidad de follows = 33579"
<br><br><br>object(stdClass)#24 (2) {
  ["id"]=>
  string(5) "15166"
  ["login"]=>
  string(14) "__fehholiveira"
}
string(10) "ninabaking"
string(26) "Cantidad de follows = 8943"
<br><br><br>string(10) "jgiordanoo"
string(27) "Cantidad de follows = 12472"
<br><br><br>string(18) "domhairfelippewill"
string(27) "Cantidad de follows = 11562"
<br><br><br>string(7) "pbpetti"
string(27) "Cantidad de follows = 39612"
<br><br><br>string(10) "psych0wolf"
string(25) "Cantidad de follows = 403"
<br><br><br>string(8) "andreiso"
string(26) "Cantidad de follows = 9527"
<br><br><br>string(13) "biadiascoelho"
string(26) "Cantidad de follows = 4883"
<br><br><br>string(8) "mytrips7"
string(25) "Cantidad de follows = 525"
<br><br><br>string(13) "directdireito"
string(27) "Cantidad de follows = 11186"
<br><br><br>string(12) "patrickvalle"
string(26) "Cantidad de follows = 3549"
<br><br><br>string(21) "lucianalauferofficial"
string(27) "Cantidad de follows = 18863"
<br><br><br>string(13) "matheuspercut"
string(26) "Cantidad de follows = 1156"
<br><br><br>string(10) "flavia_vdr"
string(27) "Cantidad de follows = 11266"
<br><br><br>object(stdClass)#26 (2) {
  ["id"]=>
  string(5) "16861"
  ["login"]=>
  string(14) "mickael_cortes"
}
string(16) "helder_del_monte"
string(27) "Cantidad de follows = 16156"
<br><br><br>object(stdClass)#26 (2) {
  ["id"]=>
  string(5) "16972"
  ["login"]=>
  string(18) "physicalpilates_bh"
}
string(13) "faleiroslaura"
string(27) "Cantidad de follows = 12903"
<br><br><br>string(11) "dannysetudo"
string(26) "Cantidad de follows = 9939"
<br><br><br>string(15) "portodepiranhas"
string(27) "Cantidad de follows = 10465"
<br><br><br>string(24) "contadordehistoriasreais"
string(27) "Cantidad de follows = 33337"
<br><br><br>string(6) "guil38"
string(26) "Cantidad de follows = 6659"
<br><br><br>string(22) "vacationhomeneardisney"
string(27) "Cantidad de follows = 19616"
<br><br><br>string(16) "drguilhermecravo"
string(26) "Cantidad de follows = 3157"
<br><br><br>string(6) "ossmkt"
string(26) "Cantidad de follows = 5294"
<br><br><br>string(10) "jhoneheber"
string(27) "Cantidad de follows = 23460"
<br><br><br>string(20) "justiniano0_official"
string(26) "Cantidad de follows = 2975"
<br><br><br>string(15) "sao_os_caipiras"
string(26) "Cantidad de follows = 9451"
<br><br><br>string(9) "acerickrj"
string(27) "Cantidad de follows = 12281"
<br><br><br>string(15) "leandrogarciadj"
string(27) "Cantidad de follows = 19490"
<br><br><br>string(14) "osnirhamburger"
string(26) "Cantidad de follows = 6902"
<br><br><br>string(8) "dutruffi"
string(27) "Cantidad de follows = 14143"
<br><br><br>string(9) "lschuback"
string(26) "Cantidad de follows = 7817"
<br><br><br>string(21) "carolinanortondematos"
string(27) "Cantidad de follows = 12069"
<br><br><br>object(stdClass)#112 (2) {
  ["id"]=>
  string(5) "18103"
  ["login"]=>
  string(22) "denisegoncalves.santos"
}
string(14) "ethianemarques"
string(25) "Cantidad de follows = 694"
<br><br><br>string(10) "synaraleal"
string(27) "Cantidad de follows = 16293"
<br><br><br>string(8) "trinjune"
string(23) "Cantidad de follows = 0"
<br><br><br>string(12) "holy_popcorn"
string(27) "Cantidad de follows = 10621"
<br><br><br>string(9) "eltranvia"
string(27) "Cantidad de follows = 16184"
<br><br><br>string(19) "diegogoulartoficial"
string(27) "Cantidad de follows = 20457"
<br><br><br>string(15) "cartolinadesign"
string(26) "Cantidad de follows = 5717"
<br><br><br>string(9) "quarto_22"
string(26) "Cantidad de follows = 5815"
<br><br><br>string(10) "blogdakeli"
string(24) "Cantidad de follows = 12"
<br><br><br>object(stdClass)#49 (2) {
  ["id"]=>
  string(5) "18816"
  ["login"]=>
  string(10) "lefitnessb"
}
string(9) "awsmining"
string(26) "Cantidad de follows = 4745"
<br><br><br>string(13) "willianabrito"
string(26) "Cantidad de follows = 6720"
<br><br><br>string(23) "eusoutestemunhadogolias"
string(25) "Cantidad de follows = 206"
<br><br><br>string(16) "tumsoundfestival"
string(26) "Cantidad de follows = 1535"
<br><br><br>string(18) "casalbioequilibrio"
string(27) "Cantidad de follows = 11350"
<br><br><br>string(13) "mimosearomaas"
string(26) "Cantidad de follows = 9372"
<br><br><br>object(stdClass)#180 (2) {
  ["id"]=>
  string(5) "19152"
  ["login"]=>
  string(17) "gventurinpersonal"
}
string(9) "fastfitsc"
string(26) "Cantidad de follows = 3585"
<br><br><br>string(11) "raif_tattoo"
string(27) "Cantidad de follows = 13265"
<br><br><br>string(10) "hustler.hc"
string(26) "Cantidad de follows = 2454"
<br><br><br>string(9) "isarengel"
string(26) "Cantidad de follows = 6773"
<br><br><br>string(12) "solus_online"
string(26) "Cantidad de follows = 4132"
<br><br><br>string(11) "refugiohoje"
string(27) "Cantidad de follows = 12406"
<br><br><br>string(13) "nati.fressato"
string(26) "Cantidad de follows = 7207"
<br><br><br>string(17) "calcadospaubrasil"
string(26) "Cantidad de follows = 8250"
<br><br><br>string(10) "daly_store"
string(27) "Cantidad de follows = 21724"
<br><br><br>string(11) "angelosciao"
string(26) "Cantidad de follows = 5232"
<br><br><br>string(6) "fuinha"
string(25) "Cantidad de follows = 194"
<br><br><br>string(10) "kombi_krug"
string(25) "Cantidad de follows = 512"
<br><br><br>string(12) "rekombinando"
string(26) "Cantidad de follows = 5965"
<br><br><br>string(15) "blogdasusantoss"
string(26) "Cantidad de follows = 5397"
<br><br><br>string(15) "diadeacessorios"
string(26) "Cantidad de follows = 2310"
<br><br><br>string(18) "christians.pereira"
string(26) "Cantidad de follows = 3754"
<br><br><br>string(28) "pedrowilsonrodriguespimentel"
string(26) "Cantidad de follows = 7696"
<br><br><br>object(stdClass)#207 (2) {
  ["id"]=>
  string(5) "20030"
  ["login"]=>
  string(15) "atelieluizrocha"
}
string(12) "bibiscamargo"
string(26) "Cantidad de follows = 2028"
<br><br><br>string(16) "centerperfumaria"
string(26) "Cantidad de follows = 5508"
<br><br><br>string(10) "pmelorocha"
string(26) "Cantidad de follows = 6322"
<br><br><br>object(stdClass)#216 (2) {
  ["id"]=>
  string(5) "20149"
  ["login"]=>
  string(14) "thaliaalvesdec"
}
string(12) "yasminndias_"
string(26) "Cantidad de follows = 9327"
<br><br><br>string(17) "jb_alves_educador"
string(26) "Cantidad de follows = 3542"
<br><br><br>string(24) "leonardosantosfotografia"
string(27) "Cantidad de follows = 39598"
<br><br><br>string(8) "sporttot"
string(24) "Cantidad de follows = 23"
<br><br><br>object(stdClass)#74 (2) {
  ["id"]=>
  string(5) "20503"
  ["login"]=>
  string(8) "chandler"
}
string(13) "ayllesantiago"
string(28) "Cantidad de follows = 142866"
<br><br><br>string(12) "maisonbiarro"
string(27) "Cantidad de follows = 30831"
<br><br><br>string(15) "iselamendozadec"
string(26) "Cantidad de follows = 6456"
<br><br><br>string(9) "bamboh.pt"
string(26) "Cantidad de follows = 2598"
<br><br><br>string(12) "redeentropia"
string(26) "Cantidad de follows = 5873"
<br><br><br>object(stdClass)#84 (2) {
  ["id"]=>
  string(5) "20682"
  ["login"]=>
  string(11) "farmapharma"
}
string(18) "calabriapizzariarj"
string(26) "Cantidad de follows = 2462"
<br><br><br>object(stdClass)#84 (2) {
  ["id"]=>
  string(5) "20818"
  ["login"]=>
  string(20) "cadillacs.pastelaria"
}
object(stdClass)#117 (2) {
  ["id"]=>
  string(5) "20927"
  ["login"]=>
  string(25) "missionariojairodossantos"
}
object(stdClass)#84 (2) {
  ["id"]=>
  string(5) "21062"
  ["login"]=>
  string(13) "jesuisluciano"
}
object(stdClass)#117 (2) {
  ["id"]=>
  string(5) "21230"
  ["login"]=>
  string(9) "vikatorsc"
}
string(19) "nicollystoreoficial"
string(26) "Cantidad de follows = 7520"
<br><br><br>object(stdClass)#117 (2) {
  ["id"]=>
  string(5) "21368"
  ["login"]=>
  string(18) "ricardoribeiro0013"
}
string(24) "ramossegurancaeletronica"
string(26) "Cantidad de follows = 3288"
<br><br><br>string(18) "camacariplazahotel"
string(26) "Cantidad de follows = 6304"
<br><br><br>string(13) "_telesgabriel"
string(26) "Cantidad de follows = 3163"
<br><br><br>string(12) "fbfabiolopes"
string(26) "Cantidad de follows = 8960"
<br><br><br>object(stdClass)#48 (2) {
  ["id"]=>
  string(5) "21517"
  ["login"]=>
  string(23) "biscuitporvictorialeite"
}
string(10) "trapburger"
string(26) "Cantidad de follows = 2632"
<br><br><br>string(20) "shoppingcasaedesign_"
string(26) "Cantidad de follows = 8823"
<br><br><br>string(9) "samiilly_"
string(27) "Cantidad de follows = 18222"
<br><br><br>object(stdClass)#55 (2) {
  ["id"]=>
  string(5) "21731"
  ["login"]=>
  string(9) "conhecaes"
}
string(7) "loirasn"
string(25) "Cantidad de follows = 194"
<br><br><br>string(15) "santasticauniao"
string(26) "Cantidad de follows = 6269"
<br><br><br>string(19) "embraconcondominios"
string(26) "Cantidad de follows = 4713"
<br><br><br>string(17) "hamburguinhomoema"
string(27) "Cantidad de follows = 60991"
<br><br><br>string(14) "vilmamartins_7"
string(26) "Cantidad de follows = 1311"
<br><br><br>string(12) "leticiajural"
string(26) "Cantidad de follows = 8472"
<br><br><br>string(8) "_zero100"
string(27) "Cantidad de follows = 52078"
<br><br><br>string(20) "lionrollingcircusrio"
string(27) "Cantidad de follows = 14836"
<br><br><br>string(9) "_nerdjunk"
string(26) "Cantidad de follows = 5343"
<br><br><br>string(10) "pilotelton"
string(27) "Cantidad de follows = 11360"
<br><br><br>string(14) "marcioancelmoo"
string(26) "Cantidad de follows = 4951"
<br><br><br>object(stdClass)#39 (2) {
  ["id"]=>
  string(5) "22627"
  ["login"]=>
  string(18) "lucaswiliamsoliver"
}
string(14) "kevinlorenzorj"
string(26) "Cantidad de follows = 3363"
<br><br><br>object(stdClass)#39 (2) {
  ["id"]=>
  string(5) "22701"
  ["login"]=>
  string(21) "falandodemaquiagem_01"
}
string(13) "georgemuchuli"
string(26) "Cantidad de follows = 7746"
<br><br><br>string(15) "wendell_alvess_"
string(24) "Cantidad de follows = 91"
<br><br><br>object(stdClass)#181 (2) {
  ["id"]=>
  string(5) "22786"
  ["login"]=>
  string(6) "jpzk02"
}
object(stdClass)#27 (2) {
  ["id"]=>
  string(5) "22791"
  ["login"]=>
  string(13) "rodrigues.exe"
}
object(stdClass)#181 (2) {
  ["id"]=>
  string(5) "22915"
  ["login"]=>
  string(10) "5000covers"
}
string(18) "marciomouraoficial"
string(27) "Cantidad de follows = 12451"
<br><br><br>object(stdClass)#181 (2) {
  ["id"]=>
  string(5) "23135"
  ["login"]=>
  string(15) "daniak_boutique"
}
string(23) "formatacaotccmonografia"
string(24) "Cantidad de follows = 96"
<br><br><br>string(6) "nekkow"
string(24) "Cantidad de follows = 15"
<br><br><br>string(5) "lucao"
string(25) "Cantidad de follows = 562"
<br><br><br>string(6) "lucao2"
string(25) "Cantidad de follows = 593"
<br><br><br>string(13) "marcelomarkes"
string(27) "Cantidad de follows = 19944"
<br><br><br>string(14) "dl_beautysalon"
string(26) "Cantidad de follows = 1963"
<br><br><br>string(15) "ariadinebarreto"
string(27) "Cantidad de follows = 14507"
<br><br><br>string(13) "canalsemjacar"
string(27) "Cantidad de follows = 14185"
<br><br><br>string(11) "hiratabreno"
string(27) "Cantidad de follows = 12554"
<br><br><br>string(14) "erickspimentel"
string(26) "Cantidad de follows = 2016"
<br><br><br>string(12) "jessicaiwata"
string(27) "Cantidad de follows = 34306"
<br><br><br>string(14) "dnaphotoevideo"
string(27) "Cantidad de follows = 29300"
<br><br><br>string(18) "gamecenterpaulista"
string(27) "Cantidad de follows = 10318"
<br><br><br>string(10) "pacofishrd"
string(26) "Cantidad de follows = 8057"
<br><br><br>string(14) "qualityhotelsd"
string(26) "Cantidad de follows = 1205"
<br><br><br>string(17) "isabellabofficial"
string(27) "Cantidad de follows = 13931"
<br><br><br>string(13) "alialioficial"
string(25) "Cantidad de follows = 675"
<br><br><br>string(15) "barbeariadoneno"
string(27) "Cantidad de follows = 13661"
<br><br><br>string(10) "plagamba01"
string(26) "Cantidad de follows = 2682"
<br><br><br>string(11) "oscarcauchi"
string(26) "Cantidad de follows = 3622"
<br><br><br>string(7) "18laras"
string(26) "Cantidad de follows = 1811"
<br><br><br>string(16) "entreomarealagoa"
string(26) "Cantidad de follows = 1690"
<br><br><br>string(9) "darlanred"
string(27) "Cantidad de follows = 21276"
<br><br><br>string(15) "riolisboabrasil"
string(25) "Cantidad de follows = 203"
<br><br><br>string(12) "studio4cinco"
string(26) "Cantidad de follows = 4935"
<br><br><br>string(13) "fabriciofabre"
string(26) "Cantidad de follows = 8608"
<br><br><br>string(22) "suamusicapersonalizada"
string(27) "Cantidad de follows = 11477"
<br><br><br>string(8) "kevinvem"
string(23) "Cantidad de follows = 5"
<br><br><br>string(12) "djallannatal"
string(27) "Cantidad de follows = 29698"
<br><br><br>string(15) "polpasempreviva"
string(27) "Cantidad de follows = 34412"
<br><br><br>string(8) "kessyaaa"
string(27) "Cantidad de follows = 11049"
<br><br><br>string(8) "celparra"
string(27) "Cantidad de follows = 10683"
<br><br><br>object(stdClass)#127 (2) {
  ["id"]=>
  string(5) "25524"
  ["login"]=>
  string(11) "tompson9345"
}
object(stdClass)#73 (2) {
  ["id"]=>
  string(5) "25571"
  ["login"]=>
  string(14) "habner_martins"
}
string(13) "mayconbarroco"
string(27) "Cantidad de follows = 18539"
<br><br><br>string(9) "caiocesar"
string(24) "Cantidad de follows = 85"
<br><br><br>string(8) "lil.fama"
string(27) "Cantidad de follows = 20965"
<br><br><br>string(12) "institutoybi"
string(27) "Cantidad de follows = 17909"
<br><br><br>object(stdClass)#188 (2) {
  ["id"]=>
  string(5) "26183"
  ["login"]=>
  string(14) "andresa_lebens"
}
object(stdClass)#172 (2) {
  ["id"]=>
  string(5) "26226"
  ["login"]=>
  string(7) "yuryv05"
}
string(15) "eliana_casimiro"
string(26) "Cantidad de follows = 5607"
<br><br><br>string(11) "maloohstore"
string(26) "Cantidad de follows = 3748"
<br><br><br>string(16) "simplesmenteamei"
string(27) "Cantidad de follows = 16043"
<br><br><br>string(16) "drraphaelmarques"
string(27) "Cantidad de follows = 21319"
<br><br><br>string(10) "casazunzun"
string(26) "Cantidad de follows = 5789"
<br><br><br>string(14) "draraymedeiros"
string(26) "Cantidad de follows = 1570"
<br><br><br>string(12) "4youdressing"
string(26) "Cantidad de follows = 3535"
<br><br><br>string(21) "lucaslermenfotografia"
string(27) "Cantidad de follows = 15261"
<br><br><br>string(16) "bracholuismiguel"
string(25) "Cantidad de follows = 842"
<br><br><br>string(17) "draflaviasgavioli"
string(27) "Cantidad de follows = 42113"
<br><br><br>string(16) "rafamello_cantor"
string(26) "Cantidad de follows = 9069"
<br><br><br>string(13) "gabinassyrios"
string(27) "Cantidad de follows = 28228"
<br><br><br>string(13) "cardosodani78"
string(25) "Cantidad de follows = 403"
<br><br><br>object(stdClass)#73 (2) {
  ["id"]=>
  string(5) "27362"
  ["login"]=>
  string(9) "k123silva"
}
object(stdClass)#139 (2) {
  ["id"]=>
  string(5) "27378"
  ["login"]=>
  string(9) "labotique"
}
string(11) "eco.noronha"
string(26) "Cantidad de follows = 1072"
<br><br><br>string(13) "gelottisports"
string(26) "Cantidad de follows = 6237"
<br><br><br>string(13) "bombeefsantos"
string(27) "Cantidad de follows = 71081"
<br><br><br>string(15) "parvathi_brasil"
string(26) "Cantidad de follows = 8699"
<br><br><br>string(9) "lobotique"
string(26) "Cantidad de follows = 6645"
<br><br><br>string(8) "talincas"
string(27) "Cantidad de follows = 22576"
<br><br><br>string(21) "visagismofacial_drika"
string(25) "Cantidad de follows = 746"
<br><br><br>string(13) "bakwarabrasil"
string(26) "Cantidad de follows = 1565"
<br><br><br>string(19) "carlabarcellosjoias"
string(27) "Cantidad de follows = 11446"
<br><br><br>string(16) "programagameover"
string(26) "Cantidad de follows = 1103"
<br><br><br>string(15) "aafrodite.store"
string(26) "Cantidad de follows = 5717"
<br><br><br>string(12) "rogiacomello"
string(26) "Cantidad de follows = 1433"
<br><br><br>string(11) "solvebrazil"
string(26) "Cantidad de follows = 1168"
<br><br><br>string(16) "drafernandavolpi"
string(27) "Cantidad de follows = 12411"
<br><br><br>object(stdClass)#179 (2) {
  ["id"]=>
  string(5) "27722"
  ["login"]=>
  string(14) "maribel.silent"
}
string(13) "miocheoficial"
string(27) "Cantidad de follows = 45841"
<br><br><br>string(11) "daylipadron"
string(26) "Cantidad de follows = 8438"
<br><br><br>string(14) "mercadolabarra"
string(26) "Cantidad de follows = 4744"
<br><br><br>string(10) "naraabreuu"
string(26) "Cantidad de follows = 4532"
<br><br><br>string(8) "lukmodas"
string(26) "Cantidad de follows = 8245"
<br><br><br>string(21) "girlsgardenacessorios"
string(26) "Cantidad de follows = 2011"
<br><br><br>string(13) "capimlimaomga"
string(26) "Cantidad de follows = 5807"
<br><br><br>string(15) "maxpremiumjeans"
string(26) "Cantidad de follows = 8488"
<br><br><br>string(8) "bruna.fb"
string(27) "Cantidad de follows = 21102"
<br><br><br>string(14) "na_cara_do_gol"
string(26) "Cantidad de follows = 3037"
<br><br><br>string(13) "jessicacytrus"
string(27) "Cantidad de follows = 29955"
<br><br><br>string(11) "cyrofuziama"
string(27) "Cantidad de follows = 25084"
<br><br><br>string(11) "thaycomfome"
string(27) "Cantidad de follows = 27040"
<br><br><br>string(10) "dankana_dk"
string(26) "Cantidad de follows = 8870"
<br><br><br>string(13) "vivimaquiagem"
string(26) "Cantidad de follows = 3463"
<br><br><br>string(14) "fshirtsdesigns"
string(25) "Cantidad de follows = 368"
<br><br><br>string(15) "closetdasduasto"
string(27) "Cantidad de follows = 14545"
<br><br><br>object(stdClass)#133 (2) {
  ["id"]=>
  string(5) "28069"
  ["login"]=>
  string(14) "rosaduartelash"
}
string(11) "gardelmaroz"
string(26) "Cantidad de follows = 6466"
<br><br><br>object(stdClass)#133 (2) {
  ["id"]=>
  string(5) "28080"
  ["login"]=>
  string(16) "msanchescaroline"
}
object(stdClass)#171 (2) {
  ["id"]=>
  string(5) "28092"
  ["login"]=>
  string(9) "pri_avlis"
}
string(13) "ferefacrochet"
string(26) "Cantidad de follows = 9126"
<br><br><br>object(stdClass)#171 (2) {
  ["id"]=>
  string(5) "28099"
  ["login"]=>
  string(13) "menezesandree"
}
string(7) "nr_mini"
string(27) "Cantidad de follows = 11460"
<br><br><br>string(6) "dz9bnb"
string(26) "Cantidad de follows = 3653"
<br><br><br>object(stdClass)#137 (2) {
  ["id"]=>
  string(5) "28145"
  ["login"]=>
  string(20) "nossoapartamento_103"
}
string(18) "cheirinhodamariana"
string(26) "Cantidad de follows = 7682"
<br><br><br>object(stdClass)#137 (2) {
  ["id"]=>
  string(5) "28213"
  ["login"]=>
  string(15) "malucassimiro.r"
}
string(16) "alvomarketingagc"
string(26) "Cantidad de follows = 9396"
<br><br><br>string(17) "ilmiocasamentoios"
string(26) "Cantidad de follows = 1021"
<br><br><br>string(16) "dranayanepacheco"
string(28) "Cantidad de follows = 145961"
<br><br><br>string(24) "silvanonunes.hairstylist"
string(27) "Cantidad de follows = 26830"
<br><br><br>object(stdClass)#9 (2) {
  ["id"]=>
  string(5) "28276"
  ["login"]=>
  string(13) "tatyanealvess"
}
string(21) "closetdemulheroficial"
string(26) "Cantidad de follows = 3990"
<br><br><br>string(12) "maxiprodutos"
string(27) "Cantidad de follows = 20631"
<br><br><br>string(17) "drdanilopelegrino"
string(26) "Cantidad de follows = 5843"
<br><br><br>string(20) "mariaclaraguimaraes1"
string(27) "Cantidad de follows = 35278"
<br><br><br>string(15) "vitoria.mamedio"
string(26) "Cantidad de follows = 7589"
<br><br><br>string(12) "meirellesipc"
string(26) "Cantidad de follows = 1553"
<br><br><br>string(12) "luporluciana"
string(26) "Cantidad de follows = 8444"
<br><br><br>string(11) "andersonvoo"
string(26) "Cantidad de follows = 1052"
<br><br><br>string(14) "niqueferreiira"
string(27) "Cantidad de follows = 12333"
<br><br><br>string(15) "carlota_barnabe"
string(27) "Cantidad de follows = 12715"
<br><br><br>string(17) "drdanilopelegrino"
string(26) "Cantidad de follows = 5843"
<br><br><br>string(9) "lipinhuss"
string(26) "Cantidad de follows = 1772"
<br><br><br>string(13) "mayaramarkes_"
string(26) "Cantidad de follows = 8575"
<br><br><br>string(10) "ky2oficial"
string(26) "Cantidad de follows = 2537"
<br><br><br>string(11) "mendy_vivii"
string(26) "Cantidad de follows = 4116"
<br><br><br>object(stdClass)#111 (2) {
  ["id"]=>
  string(5) "28497"
  ["login"]=>
  string(21) "_medicinaintegrativa_"
}
string(25) "specialitycoffeegastropub"
string(25) "Cantidad de follows = 552"
<br><br><br>string(11) "carolsousas"
string(26) "Cantidad de follows = 3531"
<br><br><br>object(stdClass)#49 (2) {
  ["id"]=>
  string(5) "28517"
  ["login"]=>
  string(19) "martins_consultoria"
}
string(4) "fila"
string(25) "Cantidad de follows = 867"
<br><br><br>string(6) "reebok"
string(29) "Cantidad de follows = 2153385"
<br><br><br>string(8) "bindanvm"
string(26) "Cantidad de follows = 1510"
<br><br><br>string(18) "wesleyoliveirareal"
string(26) "Cantidad de follows = 2814"
<br><br><br>string(9) "indikqui_"
string(26) "Cantidad de follows = 1323"
<br><br><br>string(10) "luahungria"
string(26) "Cantidad de follows = 4493"
<br><br><br>object(stdClass)#118 (2) {
  ["id"]=>
  string(5) "28557"
  ["login"]=>
  string(10) "kaahcintra"
}
string(17) "reabilitar.studio"
string(26) "Cantidad de follows = 5769"
<br><br><br>string(9) "amaraljej"
string(25) "Cantidad de follows = 615"
<br><br><br>string(14) "websterramalho"
string(25) "Cantidad de follows = 733"
<br><br><br>string(24) "vida_sol_e_mar_ecoresort"
string(26) "Cantidad de follows = 7160"
<br><br><br>string(10) "aco_brasil"
string(26) "Cantidad de follows = 3377"
<br><br><br>string(13) "desafioadois2"
string(26) "Cantidad de follows = 6902"
<br><br><br>string(10) "joaozaneti"
string(27) "Cantidad de follows = 13191"
<br><br><br>string(12) "karbofitness"
string(27) "Cantidad de follows = 10923"
<br><br><br>string(12) "nayaranouber"
string(27) "Cantidad de follows = 18176"
<br><br><br>object(stdClass)#34 (2) {
  ["id"]=>
  string(5) "28654"
  ["login"]=>
  string(11) "ellenrauber"
}
object(stdClass)#95 (2) {
  ["id"]=>
  string(5) "28657"
  ["login"]=>
  string(14) "reserveviagens"
}
string(17) "ingrid_ferreira25"
string(25) "Cantidad de follows = 177"
<br><br><br>string(20) "neovita_fisioterapia"
string(26) "Cantidad de follows = 5007"
<br><br><br>string(17) "dunashookahlounge"
string(26) "Cantidad de follows = 9089"
<br><br><br>string(15) "emporio.forever"
string(25) "Cantidad de follows = 274"
<br><br><br>object(stdClass)#63 (2) {
  ["id"]=>
  string(5) "28678"
  ["login"]=>
  string(16) "mariakarencosta_"
}
string(13) "pretta_araujo"
string(27) "Cantidad de follows = 11911"
<br><br><br>string(18) "theo_kate_ragdolls"
string(26) "Cantidad de follows = 6871"
<br><br><br>string(9) "xaanndii_"
string(26) "Cantidad de follows = 1256"
<br><br><br>string(10) "raquellsan"
string(27) "Cantidad de follows = 25858"
<br><br><br>string(11) "quatro_maos"
string(26) "Cantidad de follows = 4190"
<br><br><br>string(20) "apaudiovisualoficial"
string(25) "Cantidad de follows = 571"
<br><br><br>string(15) "gameoverworldmx"
string(24) "Cantidad de follows = 32"
<br><br><br>string(10) "macielcaio"
string(26) "Cantidad de follows = 3042"
<br><br><br>string(10) "pp_eventos"
string(26) "Cantidad de follows = 3631"
<br><br><br>string(15) "renatacanizares"
string(27) "Cantidad de follows = 13558"
<br><br><br>string(12) "dermatofarma"
string(26) "Cantidad de follows = 8816"
<br><br><br>string(14) "cinarafestasbh"
string(27) "Cantidad de follows = 41640"
<br><br><br>string(10) "mreissilva"
string(27) "Cantidad de follows = 23878"
<br><br><br>string(17) "minutoscomdelavec"
string(27) "Cantidad de follows = 14194"
<br><br><br>string(9) "lilispada"
string(28) "Cantidad de follows = 718607"
<br><br><br>string(13) "edersilveiram"
string(26) "Cantidad de follows = 4498"
<br><br><br>string(15) "rosanatiburtino"
string(26) "Cantidad de follows = 1033"
<br><br><br>string(18) "stopscapautomotivo"
string(26) "Cantidad de follows = 6084"
<br><br><br>object(stdClass)#82 (2) {
  ["id"]=>
  string(5) "28849"
  ["login"]=>
  string(8) "plasjowl"
}
string(12) "itzackcamila"
string(26) "Cantidad de follows = 1343"
<br><br><br>string(15) "eu_gabicarvalho"
string(26) "Cantidad de follows = 3025"
<br><br><br>string(13) "everttonviana"
string(27) "Cantidad de follows = 10028"
<br><br><br>string(17) "shirleyalesantana"
string(27) "Cantidad de follows = 28492"
<br><br><br>string(14) "leticiastoledo"
string(26) "Cantidad de follows = 2552"
<br><br><br>string(14) "drpedroferrari"
string(27) "Cantidad de follows = 39331"
<br><br><br>string(11) "itamixbazar"
string(26) "Cantidad de follows = 4757"
<br><br><br>string(13) "trader_amador"
string(25) "Cantidad de follows = 167"
<br><br><br>string(16) "isabellasanchess"
string(26) "Cantidad de follows = 3035"
<br><br><br>object(stdClass)#140 (2) {
  ["id"]=>
  string(5) "28962"
  ["login"]=>
  string(15) "tiagomennezes11"
}
string(12) "bunkersounds"
string(26) "Cantidad de follows = 1708"
<br><br><br>string(14) "timmycelulares"
string(25) "Cantidad de follows = 217"
<br><br><br>object(stdClass)#82 (2) {
  ["id"]=>
  string(5) "28988"
  ["login"]=>
  string(15) "programavitrina"
}
object(stdClass)#26 (2) {
  ["id"]=>
  string(5) "28990"
  ["login"]=>
  string(17) "acade_corpoeforma"
}
object(stdClass)#82 (2) {
  ["id"]=>
  string(5) "28993"
  ["login"]=>
  string(11) "atgaranhuns"
}
string(20) "annamaya_arquitetura"
string(26) "Cantidad de follows = 9435"
<br><br><br>string(8) "1kgdobom"
string(27) "Cantidad de follows = 14979"
<br><br><br>string(13) "livre.digital"
string(26) "Cantidad de follows = 3762"
<br><br><br>string(14) "rhuanpenaforte"
string(27) "Cantidad de follows = 10641"
<br><br><br>string(16) "restaurantebario"
string(26) "Cantidad de follows = 1415"
<br><br><br>string(21) "felippeturtransportes"
string(26) "Cantidad de follows = 5081"
<br><br><br>string(15) "solarlifeenergy"
string(25) "Cantidad de follows = 548"
<br><br><br>string(18) "vinteumcomunicacao"
string(25) "Cantidad de follows = 576"
<br><br><br>string(18) "auto_escolaatitude"
string(26) "Cantidad de follows = 2026"
<br><br><br>string(13) "carollremigio"
string(26) "Cantidad de follows = 1063"
<br><br><br>string(20) "txcambioeturismo_rio"
string(26) "Cantidad de follows = 1287"
<br><br><br>string(13) "riveauxmerino"
string(26) "Cantidad de follows = 5411"
<br><br><br>string(15) "carneslaceleste"
string(26) "Cantidad de follows = 2630"
<br><br><br>string(11) "heroairsoft"
string(26) "Cantidad de follows = 3842"
<br><br><br>string(19) "brechoandreaventuro"
string(27) "Cantidad de follows = 36624"
<br><br><br>string(9) "samiilly_"
string(27) "Cantidad de follows = 18222"
<br><br><br>string(14) "luigi_bemporad"
string(24) "Cantidad de follows = 54"
<br><br><br>string(13) "luiz_skydiver"
string(26) "Cantidad de follows = 9830"
<br><br><br>string(15) "luanmachado.arq"
string(26) "Cantidad de follows = 1842"
<br><br><br>string(12) "kaikfariastv"
string(26) "Cantidad de follows = 2134"
<br><br><br>string(16) "colegioguarapuvu"
string(23) "Cantidad de follows = 1"
<br><br><br>string(9) "guarapuvu"
string(26) "Cantidad de follows = 3098"
<br><br><br>string(13) "purocafajeste"
string(27) "Cantidad de follows = 34183"
<br><br><br>string(11) "a_deziderio"
string(26) "Cantidad de follows = 2065"
<br><br><br>object(stdClass)#190 (2) {
  ["id"]=>
  string(5) "29171"
  ["login"]=>
  string(16) "ranchotalisma_mg"
}
object(stdClass)#123 (2) {
  ["id"]=>
  string(5) "29178"
  ["login"]=>
  string(16) "maryana_araujooc"
}
string(13) "vitormagnusss"
string(27) "Cantidad de follows = 42395"
<br><br><br>string(20) "franciscosilva_alves"
string(25) "Cantidad de follows = 266"
<br><br><br>string(17) "mrandersonalmeida"
string(26) "Cantidad de follows = 6352"
<br><br><br>string(10) "inovaluxrj"
string(25) "Cantidad de follows = 191"
<br><br><br>string(17) "mixturinhafashion"
string(26) "Cantidad de follows = 2225"
<br><br><br>string(22) "danelonprimeacessorios"
string(26) "Cantidad de follows = 4807"
<br><br><br>object(stdClass)#238 (2) {
  ["id"]=>
  string(5) "29219"
  ["login"]=>
  string(7) "ruivabr"
}
string(17) "luizjatobaoficial"
string(26) "Cantidad de follows = 9877"
<br><br><br>string(8) "thhai97_"
string(26) "Cantidad de follows = 1631"
<br><br><br>string(10) "tiago_kuhn"
string(26) "Cantidad de follows = 2291"
<br><br><br>object(stdClass)#40 (2) {
  ["id"]=>
  string(5) "29228"
  ["login"]=>
  string(13) "tiolavinicius"
}
string(15) "crisoliveiravmk"
string(26) "Cantidad de follows = 2240"
<br><br><br>string(15) "wesleymichelini"
string(26) "Cantidad de follows = 2012"
<br><br><br>string(18) "raphaelacapobiango"
string(26) "Cantidad de follows = 5654"
<br><br><br>string(11) "castrolucas"
string(26) "Cantidad de follows = 3591"
<br><br><br>string(16) "masseriniosteria"
string(26) "Cantidad de follows = 6337"
<br><br><br>string(10) "alvesgilli"
string(26) "Cantidad de follows = 2002"
<br><br><br>string(10) "felippetur"
string(27) "Cantidad de follows = 20608"
<br><br><br>string(25) "rodrigo.embraconconsorcio"
string(26) "Cantidad de follows = 6281"
<br><br><br>string(14) "naotolendoisso"
string(26) "Cantidad de follows = 3580"
<br><br><br>string(24) "elizabet_insurance_agent"
string(25) "Cantidad de follows = 909"
<br><br><br>string(12) "elestore.rio"
string(26) "Cantidad de follows = 1868"
<br><br><br>string(14) "joannaa_aguiar"
string(25) "Cantidad de follows = 562"
<br><br><br>string(12) "ale.mmartins"
string(26) "Cantidad de follows = 1278"
<br><br><br>string(14) "ricvrdomoraes_"
string(26) "Cantidad de follows = 4120"
<br><br><br>string(16) "psgacademyrecife"
string(26) "Cantidad de follows = 4460"
<br><br><br>string(11) "diasluciano"
string(27) "Cantidad de follows = 16784"
<br><br><br>string(15) "othmanejennaoui"
string(27) "Cantidad de follows = 10956"
<br><br><br>string(14) "andresza_ramos"
string(26) "Cantidad de follows = 2006"
<br><br><br>string(23) "estetica.michelecamargo"
string(26) "Cantidad de follows = 3542"
<br><br><br>string(19) "fernandalima.decora"
string(26) "Cantidad de follows = 2144"
<br><br><br>string(13) "ghanabranding"
string(26) "Cantidad de follows = 6766"
<br><br><br>string(16) "binhorodriguess_"
string(26) "Cantidad de follows = 3542"
<br><br><br>string(14) "theblondedetox"
string(26) "Cantidad de follows = 3723"
<br><br><br>string(19) "oficialwinnieamaral"
string(27) "Cantidad de follows = 23910"
<br><br><br>string(19) "pezinhofirmenarocha"
string(28) "Cantidad de follows = 116261"
<br><br><br>string(11) "meempreenda"
string(26) "Cantidad de follows = 3627"
<br><br><br>string(14) "joseluizpontes"
string(25) "Cantidad de follows = 992"
<br><br><br>object(stdClass)#116 (2) {
  ["id"]=>
  string(5) "29486"
  ["login"]=>
  string(15) "eduarda.neves13"
}
object(stdClass)#84 (2) {
  ["id"]=>
  string(5) "29498"
  ["login"]=>
  string(20) "orlamodapraiaoficial"
}
string(17) "advocacia_messias"
string(26) "Cantidad de follows = 3299"
<br><br><br>string(18) "allbotequipamentos"
string(26) "Cantidad de follows = 2912"
<br><br><br>string(20) "emersonlopeshoficial"
string(27) "Cantidad de follows = 12589"
<br><br><br>string(11) "raissataini"
string(27) "Cantidad de follows = 40420"
<br><br><br>object(stdClass)#172 (2) {
  ["id"]=>
  string(5) "29527"
  ["login"]=>
  string(13) "menezesandree"
}
string(10) "vivianeneu"
string(27) "Cantidad de follows = 28814"
<br><br><br>string(8) "dhougie_"
string(27) "Cantidad de follows = 15644"
<br><br><br>string(24) "andressamakeup_penteados"
string(26) "Cantidad de follows = 3045"
<br><br><br>string(13) "iracemaallves"
string(26) "Cantidad de follows = 7390"
<br><br><br>string(11) "renannunes2"
string(26) "Cantidad de follows = 5042"
<br><br><br>string(14) "natha.estetica"
string(26) "Cantidad de follows = 1896"
<br><br><br>string(19) "j.a.estudiodebeleza"
string(25) "Cantidad de follows = 175"
<br><br><br>string(12) "grafianafoto"
string(26) "Cantidad de follows = 9030"
<br><br><br>string(19) "thespacetimeripples"
string(26) "Cantidad de follows = 3349"
<br><br><br>string(14) "rubia_martinss"
string(28) "Cantidad de follows = 109280"
<br><br><br>string(23) "joseguilherme.consultor"
string(26) "Cantidad de follows = 1199"
<br><br><br>string(14) "emporiodifiori"
string(26) "Cantidad de follows = 2256"
<br><br><br>string(21) "viajandonaarquitetura"
string(26) "Cantidad de follows = 5039"
<br><br><br>string(14) "elitecenterfoz"
string(26) "Cantidad de follows = 2388"
<br><br><br>string(10) "yancasilva"
string(26) "Cantidad de follows = 3811"
<br><br><br>string(15) "doceriaanaester"
string(26) "Cantidad de follows = 3896"
<br><br><br>string(10) "kathguedes"
string(27) "Cantidad de follows = 43043"
<br><br><br>string(13) "tubaraocenter"
string(26) "Cantidad de follows = 6320"
<br><br><br>object(stdClass)#45 (2) {
  ["id"]=>
  string(5) "29702"
  ["login"]=>
  string(6) "zayrnm"
}
string(9) "chefeeddy"
string(27) "Cantidad de follows = 14185"
<br><br><br>string(10) "acasadecat"
string(27) "Cantidad de follows = 11401"
<br><br><br>string(20) "oficialforroperfeito"
string(27) "Cantidad de follows = 49739"
<br><br><br>string(14) "orabolasbrecho"
string(26) "Cantidad de follows = 2994"
<br><br><br>string(11) "thekingboy_"
string(27) "Cantidad de follows = 17736"
<br><br><br>string(15) "vanessa.wysocki"
string(26) "Cantidad de follows = 3597"
<br><br><br>string(11) "rique.silva"
string(26) "Cantidad de follows = 4989"
<br><br><br>string(22) "gabriellacarvalhostore"
string(27) "Cantidad de follows = 33983"
<br><br><br>string(14) "lojanowfitness"
string(26) "Cantidad de follows = 3977"
<br><br><br>string(8) "mapoiani"
string(26) "Cantidad de follows = 6129"
<br><br><br>string(14) "salaostudiosbc"
string(26) "Cantidad de follows = 1791"
<br><br><br>string(19) "studying_the_secret"
string(26) "Cantidad de follows = 2782"
<br><br><br>string(23) "studiohairinternacional"
string(26) "Cantidad de follows = 5373"
<br><br><br>string(9) "ahdireito"
string(26) "Cantidad de follows = 5419"
<br><br><br>string(7) "kabonkk"
string(26) "Cantidad de follows = 4025"
<br><br><br>string(10) "companyate"
string(25) "Cantidad de follows = 112"
<br><br><br>string(12) "djdavisantos"
string(26) "Cantidad de follows = 8414"
<br><br><br>string(14) "rafaellmoraess"
string(25) "Cantidad de follows = 846"
<br><br><br>string(22) "syflariluminacaoimport"
string(26) "Cantidad de follows = 1859"
<br><br><br>object(stdClass)#40 (2) {
  ["id"]=>
  string(5) "29883"
  ["login"]=>
  string(12) "grupo.efraim"
}
object(stdClass)#21 (2) {
  ["id"]=>
  string(5) "29884"
  ["login"]=>
  string(17) "efraimhoteleflats"
}
string(30) "rpcontrollerinsetodedetizadora"
string(25) "Cantidad de follows = 165"
<br><br><br>string(12) "raunierporto"
string(26) "Cantidad de follows = 3097"
<br><br><br>string(11) "marciabotam"
string(26) "Cantidad de follows = 3857"
<br><br><br>object(stdClass)#72 (2) {
  ["id"]=>
  string(5) "29901"
  ["login"]=>
  string(8) "1jonhbjj"
}
object(stdClass)#78 (2) {
  ["id"]=>
  string(5) "29918"
  ["login"]=>
  string(9) "odeiopera"
}
object(stdClass)#72 (2) {
  ["id"]=>
  string(5) "29932"
  ["login"]=>
  string(11) "eufeearruda"
}
string(11) "tclaranunes"
string(26) "Cantidad de follows = 1793"
<br><br><br>string(19) "alaskaclothingstore"
string(26) "Cantidad de follows = 2289"
<br><br><br>string(14) "gkt_kickboxing"
string(26) "Cantidad de follows = 1643"
<br><br><br>string(19) "character.design.gk"
string(26) "Cantidad de follows = 1187"
<br><br><br>object(stdClass)#153 (2) {
  ["id"]=>
  string(5) "29964"
  ["login"]=>
  string(12) "blogdoarinos"
}
object(stdClass)#66 (2) {
  ["id"]=>
  string(5) "29965"
  ["login"]=>
  string(12) "bela.morenaa"
}
string(24) "leandroquelucifotografia"
string(26) "Cantidad de follows = 3195"
<br><br><br>string(19) "generalstorefitness"
string(26) "Cantidad de follows = 3798"
<br><br><br>string(15) "acervomodasda44"
string(26) "Cantidad de follows = 5691"
<br><br><br>string(12) "mama_costhay"
string(26) "Cantidad de follows = 4869"
<br><br><br>string(17) "ginetom_rodrigues"
string(26) "Cantidad de follows = 7945"
<br><br><br>string(13) "brunnooctavio"
string(25) "Cantidad de follows = 984"
<br><br><br>object(stdClass)#40 (2) {
  ["id"]=>
  string(5) "29996"
  ["login"]=>
  string(12) "doug0liveira"
}
string(10) "gutt_carol"
string(27) "Cantidad de follows = 12052"
<br><br><br>string(9) "hulkdutra"
string(27) "Cantidad de follows = 13391"
<br><br><br>string(16) "camilaguerreiroo"
string(26) "Cantidad de follows = 2375"
<br><br><br>string(15) "sandymakecabelo"
string(26) "Cantidad de follows = 6653"
<br><br><br>string(15) "copaciadvogados"
string(25) "Cantidad de follows = 679"
<br><br><br>string(18) "diegocamargotattoo"
string(26) "Cantidad de follows = 3327"
<br><br><br>string(17) "entretenimento.pe"
string(26) "Cantidad de follows = 3420"
<br><br><br>string(17) "alicemelomakehair"
string(26) "Cantidad de follows = 6792"
<br><br><br>object(stdClass)#132 (2) {
  ["id"]=>
  string(5) "30051"
  ["login"]=>
  string(11) "tuguinha.tv"
}
string(13) "rentar.com.do"
string(27) "Cantidad de follows = 11612"
<br><br><br>string(15) "eriosvaldodiniz"
string(26) "Cantidad de follows = 1632"
<br><br><br>string(11) "gustavo_ono"
string(26) "Cantidad de follows = 5491"
<br><br><br>string(15) "canilredbroncos"
string(26) "Cantidad de follows = 1887"
<br><br><br>string(9) "_brokerst"
string(25) "Cantidad de follows = 302"
<br><br><br>string(14) "lifeprojectone"
string(26) "Cantidad de follows = 1898"
<br><br><br>string(16) "disfranco.motors"
string(26) "Cantidad de follows = 3071"
<br><br><br>string(6) "bomf17"
string(25) "Cantidad de follows = 875"
<br><br><br>string(12) "aliicemello_"
string(26) "Cantidad de follows = 2525"
<br><br><br>string(11) "_bellaforma"
string(27) "Cantidad de follows = 71463"
<br><br><br>string(10) "bruruschel"
string(27) "Cantidad de follows = 11906"
<br><br><br>string(9) "murilooc7"
string(26) "Cantidad de follows = 4567"
<br><br><br>string(9) "a7madov95"
string(25) "Cantidad de follows = 246"
<br><br><br>string(7) "a_mayla"
string(25) "Cantidad de follows = 751"
<br><br><br>string(13) "lidiafeitosa4"
string(26) "Cantidad de follows = 2803"
<br><br><br>string(10) "smokeseila"
string(25) "Cantidad de follows = 650"
<br><br><br>string(10) "rikdelucca"
string(26) "Cantidad de follows = 3674"
<br><br><br>string(19) "corretoracavalcante"
string(25) "Cantidad de follows = 843"
<br><br><br>object(stdClass)#14 (2) {
  ["id"]=>
  string(5) "30218"
  ["login"]=>
  string(14) "thaisaschayder"
}
string(13) "hueskerbrasil"
string(26) "Cantidad de follows = 3818"
<br><br><br>string(22) "rodrigoranchodascabras"
string(25) "Cantidad de follows = 956"
<br><br><br>object(stdClass)#96 (2) {
  ["id"]=>
  string(5) "30232"
  ["login"]=>
  string(15) "arisson_jessica"
}
object(stdClass)#84 (2) {
  ["id"]=>
  string(5) "30257"
  ["login"]=>
  string(13) "nathaly_llima"
}
string(21) "laraharantes.piercing"
string(26) "Cantidad de follows = 3226"
<br><br><br>string(11) "maitemellim"
string(26) "Cantidad de follows = 1956"
<br><br><br>string(10) "criptobraz"
string(25) "Cantidad de follows = 698"
<br><br><br>string(14) "meuprojeto.fit"
string(26) "Cantidad de follows = 2137"
<br><br><br>object(stdClass)#201 (2) {
  ["id"]=>
  string(5) "30286"
  ["login"]=>
  string(15) "cmo_odontologia"
}
object(stdClass)#95 (2) {
  ["id"]=>
  string(5) "30293"
  ["login"]=>
  string(14) "ketellenfelix1"
}
string(14) "biel_do_cavaco"
string(27) "Cantidad de follows = 19406"
<br><br><br>string(9) "netto_ull"
string(25) "Cantidad de follows = 612"
<br><br><br>string(11) "nandokounat"
string(27) "Cantidad de follows = 19490"
<br><br><br>object(stdClass)#19 (2) {
  ["id"]=>
  string(5) "30317"
  ["login"]=>
  string(14) "easyartgrafica"
}
string(15) "studio_beauty15"
string(26) "Cantidad de follows = 1041"
<br><br><br>string(18) "julio_sosa_imoveis"
string(25) "Cantidad de follows = 798"
<br><br><br>string(10) "canelihome"
string(26) "Cantidad de follows = 3735"
<br><br><br>string(9) "josergm86"
string(26) "Cantidad de follows = 7209"
<br><br><br>string(11) "katiaalbany"
string(26) "Cantidad de follows = 4719"
<br><br><br>string(11) "leandramora"
string(26) "Cantidad de follows = 4791"
<br><br><br>object(stdClass)#167 (2) {
  ["id"]=>
  string(5) "30380"
  ["login"]=>
  string(7) "_lrnnym"
}
string(17) "festivalnovomundo"
string(26) "Cantidad de follows = 4472"
<br><br><br>string(10) "odavilemos"
string(27) "Cantidad de follows = 13337"
<br><br><br>string(20) "clebsonfrancaoficial"
string(26) "Cantidad de follows = 2227"
<br><br><br>string(15) "mamaesemmanuais"
string(27) "Cantidad de follows = 11480"
<br><br><br>string(13) "victorcastelo"
string(26) "Cantidad de follows = 1195"
<br><br><br>string(17) "fabricio.physique"
string(27) "Cantidad de follows = 11564"
<br><br><br>string(15) "rafaelfsantanaa"
string(25) "Cantidad de follows = 754"
<br><br><br>object(stdClass)#34 (2) {
  ["id"]=>
  string(5) "30436"
  ["login"]=>
  string(15) "kawlicheski1993"
}
string(10) "facamerirr"
string(26) "Cantidad de follows = 3409"
<br><br><br>string(10) "linoamanda"
string(27) "Cantidad de follows = 10120"
<br><br><br>string(10) "_lorecosta"
string(26) "Cantidad de follows = 2109"
<br><br><br>string(21) "clara.goldenretriever"
string(26) "Cantidad de follows = 3625"
<br><br><br>string(14) "andre.grupoark"
string(26) "Cantidad de follows = 4185"
<br><br><br>object(stdClass)#141 (2) {
  ["id"]=>
  string(5) "30478"
  ["login"]=>
  string(13) "espacoubaense"
}
string(14) "photoboxbrasil"
string(26) "Cantidad de follows = 2841"
<br><br><br>string(13) "luiara_helmer"
string(26) "Cantidad de follows = 5037"
<br><br><br>string(7) "dul_fcy"
string(26) "Cantidad de follows = 2987"
<br><br><br>string(26) "emporiodapapinhasantoandre"
string(26) "Cantidad de follows = 5525"
<br><br><br>string(15) "rayanemarchetta"
string(26) "Cantidad de follows = 1712"
<br><br><br>string(13) "karol_nunes00"
string(26) "Cantidad de follows = 3584"
<br><br><br>string(10) "apedesign_"
string(26) "Cantidad de follows = 2735"
<br><br><br>string(9) "danilelah"
string(26) "Cantidad de follows = 5205"
<br><br><br>string(8) "kevinm5m"
string(26) "Cantidad de follows = 7365"
<br><br><br>string(12) "noahestetica"
string(26) "Cantidad de follows = 8834"
<br><br><br>string(9) "casadovaz"
string(26) "Cantidad de follows = 7303"
<br><br><br>string(8) "arena7bh"
string(26) "Cantidad de follows = 4391"
<br><br><br>object(stdClass)#216 (2) {
  ["id"]=>
  string(5) "30581"
  ["login"]=>
  string(13) "mathoficialbr"
}
string(17) "jonatas.batistela"
string(27) "Cantidad de follows = 16045"
<br><br><br>string(10) "queirozloo"
string(26) "Cantidad de follows = 3694"
<br><br><br>object(stdClass)#98 (2) {
  ["id"]=>
  string(5) "30593"
  ["login"]=>
  string(12) "rogersiiilva"
}
string(11) "marci0viana"
string(26) "Cantidad de follows = 1317"
<br><br><br>string(16) "chefsheiladuarte"
string(26) "Cantidad de follows = 1040"
<br><br><br>string(8) "itsredtv"
string(27) "Cantidad de follows = 44891"
<br><br><br>object(stdClass)#16 (2) {
  ["id"]=>
  string(5) "30622"
  ["login"]=>
  string(8) "lorisfaz"
}
object(stdClass)#176 (2) {
  ["id"]=>
  string(5) "30623"
  ["login"]=>
  string(20) "emagrecer_ja_oficial"
}
string(19) "tamyparadorneptunia"
string(26) "Cantidad de follows = 5851"
<br><br><br>string(9) "gabicoach"
string(26) "Cantidad de follows = 3475"
<br><br><br>object(stdClass)#57 (2) {
  ["id"]=>
  string(5) "30648"
  ["login"]=>
  string(14) "amanda3santana"
}
string(8) "crecleao"
string(26) "Cantidad de follows = 3248"
<br><br><br>string(10) "elluhalves"
string(26) "Cantidad de follows = 5212"
<br><br><br>string(18) "mixsushicafebistek"
string(26) "Cantidad de follows = 5908"
<br><br><br>string(16) "f1ciaimobiliaria"
string(26) "Cantidad de follows = 3339"
<br><br><br>string(15) "vitor_honorato3"
string(26) "Cantidad de follows = 1134"
<br><br><br>string(13) "veneno_daseda"
string(26) "Cantidad de follows = 2075"
<br><br><br>string(10) "mc2turismo"
string(27) "Cantidad de follows = 17850"
<br><br><br>string(19) "erickakamineoficial"
string(26) "Cantidad de follows = 6607"
<br><br><br>string(11) "fredmunizrj"
string(26) "Cantidad de follows = 1540"
<br><br><br>object(stdClass)#138 (2) {
  ["id"]=>
  string(5) "30718"
  ["login"]=>
  string(16) "luis.fernando.br"
}
string(17) "drasheilawatanabe"
string(26) "Cantidad de follows = 1813"
<br><br><br>string(12) "laysasmacedo"
string(26) "Cantidad de follows = 2854"
<br><br><br>string(17) "creativapapelaria"
string(25) "Cantidad de follows = 332"
<br><br><br>string(11) "aondeiremsp"
string(27) "Cantidad de follows = 25642"
<br><br><br>object(stdClass)#96 (2) {
  ["id"]=>
  string(5) "30815"
  ["login"]=>
  string(6) "79_app"
}
string(15) "dioceliogoulart"
string(27) "Cantidad de follows = 19134"
<br><br><br>string(15) "victorperazzini"
string(26) "Cantidad de follows = 2592"
<br><br><br>string(12) "alberto_test"
string(25) "Cantidad de follows = 304"
<br><br><br>string(13) "fassegseguros"
string(26) "Cantidad de follows = 7112"
<br><br><br>string(18) "giovanni.consultor"
string(25) "Cantidad de follows = 943"
<br><br><br>string(17) "coach.jorgeamorim"
string(25) "Cantidad de follows = 990"
<br><br><br>string(16) "blessedmaemequer"
string(27) "Cantidad de follows = 17453"
<br><br><br>string(15) "baile_de_camelo"
string(25) "Cantidad de follows = 762"
<br><br><br>object(stdClass)#17 (2) {
  ["id"]=>
  string(5) "30873"
  ["login"]=>
  string(13) "dentistabruna"
}
string(11) "chicomorais"
string(26) "Cantidad de follows = 4621"
<br><br><br>string(13) "adrianemayumi"
string(27) "Cantidad de follows = 14051"
<br><br><br>string(14) "dresscode.byrm"
string(25) "Cantidad de follows = 234"
<br><br><br>object(stdClass)#58 (2) {
  ["id"]=>
  string(5) "30911"
  ["login"]=>
  string(15) "alynemultiforme"
}
string(15) "ehpralaqueeuvou"
string(26) "Cantidad de follows = 1253"
<br><br><br>string(14) "douglasvwalker"
string(26) "Cantidad de follows = 1786"
<br><br><br>string(8) "dazz.777"
string(26) "Cantidad de follows = 1006"
<br><br><br>string(14) "rafaella_neves"
string(26) "Cantidad de follows = 3751"
<br><br><br>string(8) "soueuwal"
string(26) "Cantidad de follows = 1638"
<br><br><br>string(22) "lacosdasmeninasoficial"
string(26) "Cantidad de follows = 2233"
<br><br><br>string(13) "talitamcostta"
string(25) "Cantidad de follows = 584"
<br><br><br>object(stdClass)#50 (2) {
  ["id"]=>
  string(5) "30989"
  ["login"]=>
  string(8) "pionunes"
}
string(18) "confeitariadagabi_"
string(24) "Cantidad de follows = 63"
<br><br><br>string(14) "brunoalvarez.1"
string(25) "Cantidad de follows = 593"
<br><br><br>string(10) "1989closet"
string(26) "Cantidad de follows = 5843"
<br><br><br>string(12) "jumota_decor"
string(26) "Cantidad de follows = 1696"
<br><br><br>string(16) "marmitinhaslight"
string(26) "Cantidad de follows = 2655"
<br><br><br>string(24) "leoart_desing_paisagismo"
string(26) "Cantidad de follows = 6348"
<br><br><br>string(14) "carolfroemming"
string(26) "Cantidad de follows = 7169"
<br><br><br>object(stdClass)#43 (2) {
  ["id"]=>
  string(5) "31076"
  ["login"]=>
  string(24) "priscilaaparecidasantoss"
}
object(stdClass)#60 (2) {
  ["id"]=>
  string(5) "31080"
  ["login"]=>
  string(9) "chio18789"
}
string(13) "kasamor_store"
string(26) "Cantidad de follows = 2330"
<br><br><br>string(13) "thamysilva201"
string(26) "Cantidad de follows = 4044"
<br><br><br>string(10) "alexrssp12"
string(25) "Cantidad de follows = 313"
<br><br><br>string(14) "silvio.cesarjr"
string(24) "Cantidad de follows = 57"
<br><br><br>string(12) "levis_tudouu"
string(27) "Cantidad de follows = 16517"
<br><br><br>string(8) "euogomez"
string(26) "Cantidad de follows = 2485"
<br><br><br>string(14) "amorefeoficial"
string(26) "Cantidad de follows = 5066"
<br><br><br>string(15) "studioambientes"
string(27) "Cantidad de follows = 14472"
<br><br><br>string(12) "gomilkbrasil"
string(26) "Cantidad de follows = 1058"
<br><br><br>string(13) "gomed.digital"
string(26) "Cantidad de follows = 2297"
<br><br><br>object(stdClass)#165 (2) {
  ["id"]=>
  string(5) "31133"
  ["login"]=>
  string(6) "lv_luh"
}
string(8) "curyamin"
string(25) "Cantidad de follows = 759"
<br><br><br>string(11) "stancefight"
string(27) "Cantidad de follows = 33602"
<br><br><br>string(19) "medconsultingbrasil"
string(27) "Cantidad de follows = 11953"
<br><br><br>string(3) "usa"
string(26) "Cantidad de follows = 4640"
<br><br><br>string(8) "voa_hati"
string(26) "Cantidad de follows = 2966"
<br><br><br>object(stdClass)#235 (2) {
  ["id"]=>
  string(5) "31170"
  ["login"]=>
  string(18) "robsonbarbosacoach"
}
string(10) "yasmincgr_"
string(26) "Cantidad de follows = 1096"
<br><br><br>string(14) "kharlos_soares"
string(25) "Cantidad de follows = 204"
<br><br><br>string(19) "chrystopher.gabriel"
string(25) "Cantidad de follows = 327"
<br><br><br>string(7) "nega.93"
string(27) "Cantidad de follows = 10712"
<br><br><br>string(13) "cahrlossoares"
string(24) "Cantidad de follows = 63"
<br><br><br>string(8) "emillymv"
string(26) "Cantidad de follows = 4099"
<br><br><br>string(11) "_j.o.a.o___"
string(25) "Cantidad de follows = 189"
<br><br><br>string(14) "antonioportes_"
string(25) "Cantidad de follows = 232"
<br><br><br>string(14) "samo_oliveiraa"
string(25) "Cantidad de follows = 766"
<br><br><br>string(12) "aleehzinho_t"
string(25) "Cantidad de follows = 170"
<br><br><br>string(15) "jonasfahelysson"
string(26) "Cantidad de follows = 6903"
<br><br><br>string(13) "mari_azeredo_"
string(25) "Cantidad de follows = 763"
<br><br><br>string(18) "clinicaformighieri"
string(26) "Cantidad de follows = 2186"
<br><br><br>string(10) "guiturner_"
string(26) "Cantidad de follows = 8891"
<br><br><br>string(14) "carloskpulling"
string(28) "Cantidad de follows = 112194"
<br><br><br>string(10) "oppaviajei"
string(25) "Cantidad de follows = 738"
<br><br><br>string(15) "jujucoelhopinto"
string(27) "Cantidad de follows = 28200"
<br><br><br>string(13) "gersonaraujo_"
string(26) "Cantidad de follows = 2258"
<br><br><br>object(stdClass)#182 (2) {
  ["id"]=>
  string(5) "31318"
  ["login"]=>
  string(11) "josiasnetoo"
}
string(19) "blogsairdozeroagora"
string(26) "Cantidad de follows = 1266"
<br><br><br>object(stdClass)#182 (2) {
  ["id"]=>
  string(5) "31325"
  ["login"]=>
  string(18) "neonprodutorapromo"
}
object(stdClass)#118 (2) {
  ["id"]=>
  string(5) "31326"
  ["login"]=>
  string(6) "djrat_"
}
object(stdClass)#182 (2) {
  ["id"]=>
  string(5) "31337"
  ["login"]=>
  string(23) "anderson_diego_oliveira"
}
string(19) "anacarlarodrigues19"
string(26) "Cantidad de follows = 3021"
<br><br><br>object(stdClass)#182 (2) {
  ["id"]=>
  string(5) "31346"
  ["login"]=>
  string(15) "siimoneepereira"
}
string(13) "jubart_design"
string(25) "Cantidad de follows = 634"
<br><br><br>string(19) "bellkeyprofessional"
string(26) "Cantidad de follows = 1714"
<br><br><br>string(8) "ealine._"
string(26) "Cantidad de follows = 4780"
<br><br><br>object(stdClass)#153 (2) {
  ["id"]=>
  string(5) "31383"
  ["login"]=>
  string(8) "wheresje"
}
object(stdClass)#79 (2) {
  ["id"]=>
  string(5) "31394"
  ["login"]=>
  string(12) "ronyfgomesss"
}
string(16) "jhonatha_feitosa"
string(26) "Cantidad de follows = 1189"
<br><br><br>string(15) "blena.nathallya"
string(26) "Cantidad de follows = 1088"
<br><br><br>string(10) "edersonflx"
string(26) "Cantidad de follows = 6845"
<br><br><br>string(23) "tridorimpermebializacao"
string(25) "Cantidad de follows = 246"
<br><br><br>string(9) "jehdpires"
string(25) "Cantidad de follows = 805"
<br><br><br>object(stdClass)#155 (2) {
  ["id"]=>
  string(5) "31462"
  ["login"]=>
  string(18) "emagrecer_agora.br"
}
string(9) "caio_luka"
string(25) "Cantidad de follows = 339"
<br><br><br>string(10) "brasil.anb"
string(25) "Cantidad de follows = 702"
<br><br><br>string(19) "jeanpiresfotografia"
string(26) "Cantidad de follows = 1098"
<br><br><br>object(stdClass)#207 (2) {
  ["id"]=>
  string(5) "31483"
  ["login"]=>
  string(12) "canutoandree"
}
string(15) "charles_gsilvaa"
string(26) "Cantidad de follows = 1882"
<br><br><br>string(15) "theluccassantos"
string(26) "Cantidad de follows = 1167"
<br><br><br>string(10) "biih_faith"
string(26) "Cantidad de follows = 1467"
<br><br><br>string(18) "leonardomonteiro00"
string(25) "Cantidad de follows = 894"
<br><br><br>string(17) "carlafagundesblog"
string(26) "Cantidad de follows = 6209"
<br><br><br>string(13) "aguedamaurien"
string(26) "Cantidad de follows = 2592"
<br><br><br>string(13) "pedrosagfteam"
string(26) "Cantidad de follows = 1890"
<br><br><br>string(9) "eusoudaro"
string(26) "Cantidad de follows = 1654"
<br><br><br>string(14) "caiquefregnani"
string(27) "Cantidad de follows = 10959"
<br><br><br>string(14) "heitorsoares.c"
string(26) "Cantidad de follows = 7887"
<br><br><br>string(21) "mulheres_que_se_amam_"
string(24) "Cantidad de follows = 73"
<br><br><br>string(17) "marco.suplementos"
string(27) "Cantidad de follows = 10133"
<br><br><br>string(8) "tetovivo"
string(26) "Cantidad de follows = 2040"
<br><br><br>string(14) "andrewanderley"
string(26) "Cantidad de follows = 3657"
<br><br><br>string(9) "vitormc83"
string(25) "Cantidad de follows = 175"
<br><br><br>string(8) "_lsilvva"
string(26) "Cantidad de follows = 6223"
<br><br><br>string(17) "clube_das_gostosa"
string(26) "Cantidad de follows = 2268"
<br><br><br>string(17) "esteticista_julia"
string(25) "Cantidad de follows = 639"
<br><br><br>string(10) "kauadellon"
string(26) "Cantidad de follows = 1017"
<br><br><br>string(20) "divulgageraisoficial"
string(27) "Cantidad de follows = 21033"
<br><br><br>string(18) "dr.grimaldobicalho"
string(26) "Cantidad de follows = 1727"
<br><br><br>object(stdClass)#158 (2) {
  ["id"]=>
  string(5) "31679"
  ["login"]=>
  string(13) "eiandrecanuto"
}
string(10) "mariodj.uy"
string(26) "Cantidad de follows = 2069"
<br><br><br>string(14) "stephanmarinho"
string(26) "Cantidad de follows = 7079"
<br><br><br>string(9) "misouza07"
string(25) "Cantidad de follows = 721"
<br><br><br>string(16) "glaubritooficial"
string(26) "Cantidad de follows = 2258"
<br><br><br>string(18) "anacarolinefavacho"
string(26) "Cantidad de follows = 1168"
<br><br><br>string(17) "natpharmafarmacia"
string(25) "Cantidad de follows = 775"
<br><br><br>string(13) "tablesdecorpy"
string(25) "Cantidad de follows = 680"
<br><br><br>string(18) "julianasilvaespaco"
string(26) "Cantidad de follows = 1248"
<br><br><br>string(22) "alice_carvalho_oficial"
string(26) "Cantidad de follows = 1628"
<br><br><br>string(14) "juliaparanhos_"
string(27) "Cantidad de follows = 41420"
<br><br><br>string(18) "rannabeckeroficial"
string(27) "Cantidad de follows = 20266"
<br><br><br>string(13) "gomesterapias"
string(27) "Cantidad de follows = 48765"
<br><br><br>string(10) "filhoteeco"
string(27) "Cantidad de follows = 32716"
<br><br><br>object(stdClass)#116 (2) {
  ["id"]=>
  string(5) "31757"
  ["login"]=>
  string(15) "umbr_no_youtube"
}
string(12) "jeff_valerio"
string(25) "Cantidad de follows = 411"
<br><br><br>string(12) "calmbunnypet"
string(25) "Cantidad de follows = 634"
<br><br><br>string(9) "equipe.dx"
string(26) "Cantidad de follows = 2476"
<br><br><br>string(11) "mr.andyarte"
string(25) "Cantidad de follows = 368"
<br><br><br>string(12) "401loungebar"
string(26) "Cantidad de follows = 6816"
<br><br><br>string(14) "edinhotattoojc"
string(27) "Cantidad de follows = 10927"
<br><br><br>string(16) "claudio__soaress"
string(25) "Cantidad de follows = 154"
<br><br><br>string(17) "eduardo_purapesca"
string(28) "Cantidad de follows = 118599"
<br><br><br>string(18) "psi.brunarodrigues"
string(25) "Cantidad de follows = 201"
<br><br><br>string(14) "dillyscoralick"
string(26) "Cantidad de follows = 7992"
<br><br><br>string(15) "vitorhugomsouza"
string(25) "Cantidad de follows = 216"
<br><br><br>string(21) "maktubemiratessbrasil"
string(25) "Cantidad de follows = 244"
<br><br><br>string(8) "opldecor"
string(25) "Cantidad de follows = 258"
<br><br><br>string(8) "yslaoker"
string(24) "Cantidad de follows = 16"
<br><br><br>string(15) "brunoxavierhair"
string(27) "Cantidad de follows = 14555"
<br><br><br>string(12) "thaaysbastos"
string(26) "Cantidad de follows = 6828"
<br><br><br>\n<br>JOB DONE!!!<br>\n2018-10-23 07:57:02am