DAILY REPORT Inited...!<br>
2018-10-17 06:30:01am<br>
string(14) "alberto_dreyes"
string(27) "Cantidad de follows = 14387"
<br><br><br>string(19) "opiniaoconservadora"
string(27) "Cantidad de follows = 57467"
<br><br><br>string(17) "sibitecomunicacao"
string(27) "Cantidad de follows = 10244"
<br><br><br>string(11) "mo.taniguti"
string(27) "Cantidad de follows = 20828"
<br><br><br>object(stdClass)#30 (2) {
  ["id"]=>
  string(3) "146"
  ["login"]=>
  string(12) "auepromocoes"
}
string(23) "jeunesse_bycrislafratta"
string(25) "Cantidad de follows = 184"
<br><br><br>string(12) "lily.s.alves"
string(26) "Cantidad de follows = 2084"
<br><br><br>string(10) "powerlook_"
string(27) "Cantidad de follows = 60743"
<br><br><br>object(stdClass)#12 (2) {
  ["id"]=>
  string(3) "245"
  ["login"]=>
  string(18) "xodozinho.retratos"
}
object(stdClass)#23 (2) {
  ["id"]=>
  string(3) "867"
  ["login"]=>
  string(14) "joaovictorjvb1"
}
object(stdClass)#12 (2) {
  ["id"]=>
  string(4) "1059"
  ["login"]=>
  string(8) "graverrj"
}
string(7) "ma_luco"
string(27) "Cantidad de follows = 28588"
<br><br><br>string(12) "carlloooooss"
string(26) "Cantidad de follows = 1290"
<br><br><br>string(15) "sapatodochef.pa"
string(26) "Cantidad de follows = 2366"
<br><br><br>object(stdClass)#219 (2) {
  ["id"]=>
  string(4) "2175"
  ["login"]=>
  string(10) "vireiloira"
}
string(18) "mercadomodelobahia"
string(26) "Cantidad de follows = 9048"
<br><br><br>string(11) "thayscalmon"
string(26) "Cantidad de follows = 5285"
<br><br><br>string(11) "decoremundo"
string(27) "Cantidad de follows = 14349"
<br><br><br>string(9) "decorcool"
string(23) "Cantidad de follows = 7"
<br><br><br>string(8) "fragabar"
string(26) "Cantidad de follows = 4337"
<br><br><br>object(stdClass)#192 (2) {
  ["id"]=>
  string(4) "4236"
  ["login"]=>
  string(8) "lorenaym"
}
string(11) "pamelaotero"
string(27) "Cantidad de follows = 46183"
<br><br><br>string(19) "starpointcollection"
string(27) "Cantidad de follows = 12658"
<br><br><br>string(9) "katiacsdc"
string(27) "Cantidad de follows = 18291"
<br><br><br>string(14) "grazielialvess"
string(27) "Cantidad de follows = 21557"
<br><br><br>string(22) "dra_barbaravasconcelos"
string(27) "Cantidad de follows = 24158"
<br><br><br>string(21) "comandantedochurrasco"
string(27) "Cantidad de follows = 56681"
<br><br><br>string(12) "40antesdos40"
string(27) "Cantidad de follows = 27950"
<br><br><br>string(16) "drricardopalacio"
string(27) "Cantidad de follows = 25770"
<br><br><br>string(12) "pollyruffini"
string(26) "Cantidad de follows = 7166"
<br><br><br>string(14) "carlos_skatmar"
string(26) "Cantidad de follows = 2354"
<br><br><br>string(10) "star_point"
string(27) "Cantidad de follows = 32761"
<br><br><br>string(8) "rruizmma"
string(27) "Cantidad de follows = 47004"
<br><br><br>string(8) "dumbu.09"
string(26) "Cantidad de follows = 7677"
<br><br><br>string(14) "marcosp.medina"
string(26) "Cantidad de follows = 4063"
<br><br><br>string(11) "sandrozion7"
string(27) "Cantidad de follows = 21049"
<br><br><br>string(17) "grandville_hoteis"
string(27) "Cantidad de follows = 12702"
<br><br><br>string(11) "josiasdiass"
string(27) "Cantidad de follows = 18088"
<br><br><br>string(18) "barbaracampospalma"
string(26) "Cantidad de follows = 8696"
<br><br><br>string(9) "telless13"
string(27) "Cantidad de follows = 14254"
<br><br><br>string(13) "bandamegafire"
string(27) "Cantidad de follows = 23356"
<br><br><br>string(17) "sosoportunidade10"
string(25) "Cantidad de follows = 963"
<br><br><br>string(18) "academia_king_thai"
string(26) "Cantidad de follows = 5070"
<br><br><br>string(13) "renatafontany"
string(27) "Cantidad de follows = 33211"
<br><br><br>string(14) "cabelosaugusto"
string(27) "Cantidad de follows = 23433"
<br><br><br>string(14) "brunocerqueira"
string(27) "Cantidad de follows = 10552"
<br><br><br>string(10) "noxboymike"
string(26) "Cantidad de follows = 5461"
<br><br><br>string(20) "juliobaptistaoficial"
string(28) "Cantidad de follows = 250620"
<br><br><br>string(21) "ateliermarielamoreira"
string(27) "Cantidad de follows = 15847"
<br><br><br>object(stdClass)#159 (2) {
  ["id"]=>
  string(5) "11096"
  ["login"]=>
  string(12) "michaelletjp"
}
object(stdClass)#201 (2) {
  ["id"]=>
  string(5) "11099"
  ["login"]=>
  string(13) "agostochuvoso"
}
string(11) "insultedboy"
string(26) "Cantidad de follows = 3519"
<br><br><br>string(11) "weilla_morg"
string(25) "Cantidad de follows = 951"
<br><br><br>string(11) "raphabritoo"
string(27) "Cantidad de follows = 16065"
<br><br><br>string(10) "vinihveiga"
string(26) "Cantidad de follows = 4083"
<br><br><br>object(stdClass)#162 (2) {
  ["id"]=>
  string(5) "11131"
  ["login"]=>
  string(14) "deliciasdoronk"
}
string(16) "duuduuzinhosilva"
string(26) "Cantidad de follows = 3038"
<br><br><br>string(9) "carlosbsg"
string(25) "Cantidad de follows = 921"
<br><br><br>string(12) "danndourado0"
string(27) "Cantidad de follows = 15018"
<br><br><br>string(7) "biel312"
string(24) "Cantidad de follows = 10"
<br><br><br>string(11) "caiogrunupp"
string(26) "Cantidad de follows = 3310"
<br><br><br>string(11) "paullonunan"
string(26) "Cantidad de follows = 1436"
<br><br><br>string(12) "pablodiego15"
string(26) "Cantidad de follows = 1110"
<br><br><br>object(stdClass)#192 (2) {
  ["id"]=>
  string(5) "11230"
  ["login"]=>
  string(16) "_luferreiranunes"
}
string(14) "natan_mantelli"
string(25) "Cantidad de follows = 798"
<br><br><br>string(17) "antoniocarlos3627"
string(24) "Cantidad de follows = 44"
<br><br><br>string(11) "365_indubai"
string(27) "Cantidad de follows = 21899"
<br><br><br>object(stdClass)#13 (2) {
  ["id"]=>
  string(5) "11239"
  ["login"]=>
  string(12) "ceottosinuhe"
}
string(14) "vitoriaabritto"
string(27) "Cantidad de follows = 33479"
<br><br><br>string(11) "lojaoperapc"
string(27) "Cantidad de follows = 23895"
<br><br><br>string(12) "huealimentos"
string(26) "Cantidad de follows = 5135"
<br><br><br>string(13) "kstimportados"
string(26) "Cantidad de follows = 4382"
<br><br><br>string(7) "wi11see"
string(27) "Cantidad de follows = 11553"
<br><br><br>string(12) "s7_producoes"
string(26) "Cantidad de follows = 6009"
<br><br><br>string(12) "gabrielaribi"
string(26) "Cantidad de follows = 7614"
<br><br><br>string(17) "brunosennaimagens"
string(27) "Cantidad de follows = 13179"
<br><br><br>string(14) "maycowmontemor"
string(27) "Cantidad de follows = 32421"
<br><br><br>string(14) "alinemarcovici"
string(27) "Cantidad de follows = 18472"
<br><br><br>string(10) "junior.dev"
string(27) "Cantidad de follows = 17692"
<br><br><br>string(13) "amaassessoria"
string(26) "Cantidad de follows = 7659"
<br><br><br>string(11) "julisciotto"
string(27) "Cantidad de follows = 24400"
<br><br><br>string(14) "draalinehsilva"
string(27) "Cantidad de follows = 20196"
<br><br><br>string(13) "rodasemotores"
string(27) "Cantidad de follows = 14538"
<br><br><br>object(stdClass)#27 (2) {
  ["id"]=>
  string(5) "11758"
  ["login"]=>
  string(13) "euclaracampos"
}
string(19) "thamaraelisa.tattoo"
string(27) "Cantidad de follows = 14260"
<br><br><br>string(15) "megaminassports"
string(26) "Cantidad de follows = 6756"
<br><br><br>string(16) "agencia_portal37"
string(26) "Cantidad de follows = 3323"
<br><br><br>object(stdClass)#48 (2) {
  ["id"]=>
  string(5) "11792"
  ["login"]=>
  string(14) "hf_metalurgica"
}
string(13) "grillegourmet"
string(26) "Cantidad de follows = 5118"
<br><br><br>string(11) "davidkapper"
string(27) "Cantidad de follows = 13101"
<br><br><br>string(11) "7chavesfoto"
string(27) "Cantidad de follows = 11030"
<br><br><br>string(11) "joiaskether"
string(27) "Cantidad de follows = 19512"
<br><br><br>string(14) "luziasantana33"
string(28) "Cantidad de follows = 236569"
<br><br><br>string(13) "thiagovaleiro"
string(26) "Cantidad de follows = 3820"
<br><br><br>object(stdClass)#172 (2) {
  ["id"]=>
  string(5) "12434"
  ["login"]=>
  string(9) "dupicasso"
}
string(11) "laura_bergo"
string(26) "Cantidad de follows = 6426"
<br><br><br>string(15) "dra.raphabecker"
string(27) "Cantidad de follows = 19716"
<br><br><br>object(stdClass)#13 (2) {
  ["id"]=>
  string(5) "13880"
  ["login"]=>
  string(8) "letdaher"
}
string(9) "dgarciia_"
string(25) "Cantidad de follows = 859"
<br><br><br>string(10) "joaosurf12"
string(24) "Cantidad de follows = 97"
<br><br><br>string(8) "itsandco"
string(27) "Cantidad de follows = 20799"
<br><br><br>string(10) "ela_andrea"
string(27) "Cantidad de follows = 22479"
<br><br><br>string(14) "nafurtadocakes"
string(26) "Cantidad de follows = 6613"
<br><br><br>string(18) "castrolautoservice"
string(26) "Cantidad de follows = 9329"
<br><br><br>string(9) "livdrinks"
string(27) "Cantidad de follows = 47492"
<br><br><br>string(18) "portalautoshopping"
string(27) "Cantidad de follows = 12151"
<br><br><br>string(20) "manu.mamaeaoquadrado"
string(26) "Cantidad de follows = 9590"
<br><br><br>string(15) "odontowebschool"
string(27) "Cantidad de follows = 10568"
<br><br><br>string(9) "abarkeria"
string(27) "Cantidad de follows = 33479"
<br><br><br>object(stdClass)#188 (2) {
  ["id"]=>
  string(5) "15166"
  ["login"]=>
  string(14) "__fehholiveira"
}
string(10) "ninabaking"
string(26) "Cantidad de follows = 8943"
<br><br><br>string(10) "jgiordanoo"
string(27) "Cantidad de follows = 12513"
<br><br><br>string(18) "domhairfelippewill"
string(27) "Cantidad de follows = 11540"
<br><br><br>string(7) "pbpetti"
string(27) "Cantidad de follows = 39661"
<br><br><br>string(10) "psych0wolf"
string(25) "Cantidad de follows = 405"
<br><br><br>string(8) "andreiso"
string(26) "Cantidad de follows = 9534"
<br><br><br>string(13) "biadiascoelho"
string(26) "Cantidad de follows = 4878"
<br><br><br>string(8) "mytrips7"
string(25) "Cantidad de follows = 525"
<br><br><br>string(13) "directdireito"
string(27) "Cantidad de follows = 11214"
<br><br><br>string(12) "patrickvalle"
string(26) "Cantidad de follows = 3551"
<br><br><br>string(21) "lucianalauferofficial"
string(27) "Cantidad de follows = 18824"
<br><br><br>string(13) "matheuspercut"
string(26) "Cantidad de follows = 1156"
<br><br><br>string(10) "flavia_vdr"
string(27) "Cantidad de follows = 11253"
<br><br><br>object(stdClass)#167 (2) {
  ["id"]=>
  string(5) "16861"
  ["login"]=>
  string(14) "mickael_cortes"
}
string(16) "helder_del_monte"
string(27) "Cantidad de follows = 16233"
<br><br><br>string(18) "physicalpilates_bh"
string(26) "Cantidad de follows = 5611"
<br><br><br>string(13) "faleiroslaura"
string(27) "Cantidad de follows = 12870"
<br><br><br>string(11) "dannysetudo"
string(26) "Cantidad de follows = 9739"
<br><br><br>string(15) "portodepiranhas"
string(27) "Cantidad de follows = 10471"
<br><br><br>string(24) "contadordehistoriasreais"
string(27) "Cantidad de follows = 27558"
<br><br><br>string(6) "guil38"
string(26) "Cantidad de follows = 6562"
<br><br><br>string(22) "vacationhomeneardisney"
string(27) "Cantidad de follows = 19609"
<br><br><br>string(16) "drguilhermecravo"
string(26) "Cantidad de follows = 3161"
<br><br><br>string(6) "ossmkt"
string(26) "Cantidad de follows = 5301"
<br><br><br>string(10) "jhoneheber"
string(27) "Cantidad de follows = 23498"
<br><br><br>string(20) "justiniano0_official"
string(26) "Cantidad de follows = 2977"
<br><br><br>string(15) "sao_os_caipiras"
string(26) "Cantidad de follows = 9462"
<br><br><br>string(9) "acerickrj"
string(27) "Cantidad de follows = 12279"
<br><br><br>string(15) "leandrogarciadj"
string(27) "Cantidad de follows = 19422"
<br><br><br>string(14) "osnirhamburger"
string(26) "Cantidad de follows = 6863"
<br><br><br>string(8) "dutruffi"
string(27) "Cantidad de follows = 14183"
<br><br><br>string(9) "lschuback"
string(26) "Cantidad de follows = 7807"
<br><br><br>string(21) "carolinanortondematos"
string(27) "Cantidad de follows = 12064"
<br><br><br>object(stdClass)#202 (2) {
  ["id"]=>
  string(5) "18103"
  ["login"]=>
  string(22) "denisegoncalves.santos"
}
string(14) "ethianemarques"
string(25) "Cantidad de follows = 686"
<br><br><br>string(10) "synaraleal"
string(27) "Cantidad de follows = 16232"
<br><br><br>string(8) "trinjune"
string(23) "Cantidad de follows = 0"
<br><br><br>string(12) "holy_popcorn"
string(27) "Cantidad de follows = 10526"
<br><br><br>string(9) "eltranvia"
string(27) "Cantidad de follows = 15955"
<br><br><br>string(19) "diegogoulartoficial"
string(27) "Cantidad de follows = 20515"
<br><br><br>string(15) "cartolinadesign"
string(26) "Cantidad de follows = 5626"
<br><br><br>string(9) "quarto_22"
string(26) "Cantidad de follows = 5656"
<br><br><br>string(10) "blogdakeli"
string(24) "Cantidad de follows = 12"
<br><br><br>object(stdClass)#58 (2) {
  ["id"]=>
  string(5) "18816"
  ["login"]=>
  string(10) "lefitnessb"
}
string(9) "awsmining"
string(26) "Cantidad de follows = 4693"
<br><br><br>string(13) "willianabrito"
string(26) "Cantidad de follows = 6731"
<br><br><br>string(23) "eusoutestemunhadogolias"
string(25) "Cantidad de follows = 206"
<br><br><br>string(16) "tumsoundfestival"
string(26) "Cantidad de follows = 1512"
<br><br><br>string(18) "casalbioequilibrio"
string(27) "Cantidad de follows = 11240"
<br><br><br>string(13) "mimosearomaas"
string(26) "Cantidad de follows = 9319"
<br><br><br>object(stdClass)#190 (2) {
  ["id"]=>
  string(5) "19152"
  ["login"]=>
  string(17) "gventurinpersonal"
}
string(9) "fastfitsc"
string(26) "Cantidad de follows = 3605"
<br><br><br>string(11) "raif_tattoo"
string(27) "Cantidad de follows = 13244"
<br><br><br>string(10) "hustler.hc"
string(26) "Cantidad de follows = 2460"
<br><br><br>string(9) "isarengel"
string(26) "Cantidad de follows = 6775"
<br><br><br>string(12) "solus_online"
string(26) "Cantidad de follows = 4071"
<br><br><br>string(11) "refugiohoje"
string(27) "Cantidad de follows = 12417"
<br><br><br>string(13) "nati.fressato"
string(26) "Cantidad de follows = 7222"
<br><br><br>string(17) "calcadospaubrasil"
string(26) "Cantidad de follows = 8243"
<br><br><br>string(10) "daly_store"
string(27) "Cantidad de follows = 21688"
<br><br><br>string(11) "angelosciao"
string(26) "Cantidad de follows = 5247"
<br><br><br>string(6) "fuinha"
string(25) "Cantidad de follows = 194"
<br><br><br>string(10) "kombi_krug"
string(25) "Cantidad de follows = 511"
<br><br><br>string(12) "rekombinando"
string(26) "Cantidad de follows = 5976"
<br><br><br>string(15) "blogdasusantoss"
string(26) "Cantidad de follows = 5404"
<br><br><br>string(15) "diadeacessorios"
string(26) "Cantidad de follows = 2314"
<br><br><br>string(18) "christians.pereira"
string(26) "Cantidad de follows = 3763"
<br><br><br>string(28) "pedrowilsonrodriguespimentel"
string(26) "Cantidad de follows = 7705"
<br><br><br>string(15) "atelieluizrocha"
string(27) "Cantidad de follows = 10226"
<br><br><br>string(12) "bibiscamargo"
string(26) "Cantidad de follows = 2034"
<br><br><br>string(16) "centerperfumaria"
string(26) "Cantidad de follows = 5521"
<br><br><br>string(10) "pmelorocha"
string(26) "Cantidad de follows = 6341"
<br><br><br>object(stdClass)#208 (2) {
  ["id"]=>
  string(5) "20149"
  ["login"]=>
  string(14) "thaliaalvesdec"
}
string(12) "yasminndias_"
string(26) "Cantidad de follows = 9360"
<br><br><br>string(17) "jb_alves_educador"
string(26) "Cantidad de follows = 3546"
<br><br><br>string(24) "leonardosantosfotografia"
string(27) "Cantidad de follows = 39641"
<br><br><br>string(8) "sporttot"
string(24) "Cantidad de follows = 23"
<br><br><br>object(stdClass)#122 (2) {
  ["id"]=>
  string(5) "20503"
  ["login"]=>
  string(8) "chandler"
}
string(13) "ayllesantiago"
string(28) "Cantidad de follows = 135037"
<br><br><br>string(12) "maisonbiarro"
string(27) "Cantidad de follows = 30355"
<br><br><br>string(15) "iselamendozadec"
string(26) "Cantidad de follows = 6241"
<br><br><br>string(9) "bamboh.pt"
string(26) "Cantidad de follows = 2605"
<br><br><br>string(12) "redeentropia"
string(26) "Cantidad de follows = 5886"
<br><br><br>string(13) "goutaguatinga"
string(26) "Cantidad de follows = 1015"
<br><br><br>object(stdClass)#204 (2) {
  ["id"]=>
  string(5) "20682"
  ["login"]=>
  string(11) "farmapharma"
}
object(stdClass)#223 (2) {
  ["id"]=>
  string(5) "20784"
  ["login"]=>
  string(18) "calabriapizzariarj"
}
object(stdClass)#204 (2) {
  ["id"]=>
  string(5) "20818"
  ["login"]=>
  string(20) "cadillacs.pastelaria"
}
object(stdClass)#223 (2) {
  ["id"]=>
  string(5) "20927"
  ["login"]=>
  string(25) "missionariojairodossantos"
}
object(stdClass)#204 (2) {
  ["id"]=>
  string(5) "21062"
  ["login"]=>
  string(13) "jesuisluciano"
}
object(stdClass)#223 (2) {
  ["id"]=>
  string(5) "21230"
  ["login"]=>
  string(9) "vikatorsc"
}
string(19) "nicollystoreoficial"
string(26) "Cantidad de follows = 7492"
<br><br><br>object(stdClass)#223 (2) {
  ["id"]=>
  string(5) "21368"
  ["login"]=>
  string(18) "ricardoribeiro0013"
}
string(24) "ramossegurancaeletronica"
string(26) "Cantidad de follows = 3289"
<br><br><br>string(18) "camacariplazahotel"
string(26) "Cantidad de follows = 6285"
<br><br><br>string(13) "_telesgabriel"
string(26) "Cantidad de follows = 2549"
<br><br><br>string(12) "fbfabiolopes"
string(26) "Cantidad de follows = 8980"
<br><br><br>object(stdClass)#208 (2) {
  ["id"]=>
  string(5) "21517"
  ["login"]=>
  string(23) "biscuitporvictorialeite"
}
string(10) "trapburger"
string(26) "Cantidad de follows = 2632"
<br><br><br>string(20) "shoppingcasaedesign_"
string(26) "Cantidad de follows = 8770"
<br><br><br>string(9) "samiilly_"
string(27) "Cantidad de follows = 18234"
<br><br><br>object(stdClass)#52 (2) {
  ["id"]=>
  string(5) "21731"
  ["login"]=>
  string(9) "conhecaes"
}
string(7) "loirasn"
string(25) "Cantidad de follows = 193"
<br><br><br>string(15) "santasticauniao"
string(26) "Cantidad de follows = 6274"
<br><br><br>string(19) "embraconcondominios"
string(26) "Cantidad de follows = 4666"
<br><br><br>string(17) "hamburguinhomoema"
string(27) "Cantidad de follows = 60856"
<br><br><br>string(14) "vilmamartins_7"
string(26) "Cantidad de follows = 1308"
<br><br><br>string(12) "leticiajural"
string(26) "Cantidad de follows = 8476"
<br><br><br>string(8) "_zero100"
string(27) "Cantidad de follows = 52129"
<br><br><br>string(20) "lionrollingcircusrio"
string(27) "Cantidad de follows = 14496"
<br><br><br>string(9) "_nerdjunk"
string(26) "Cantidad de follows = 5353"
<br><br><br>string(10) "pilotelton"
string(27) "Cantidad de follows = 11330"
<br><br><br>string(14) "marcioancelmoo"
string(26) "Cantidad de follows = 4963"
<br><br><br>object(stdClass)#80 (2) {
  ["id"]=>
  string(5) "22627"
  ["login"]=>
  string(18) "lucaswiliamsoliver"
}
string(14) "kevinlorenzorj"
string(26) "Cantidad de follows = 3377"
<br><br><br>object(stdClass)#80 (2) {
  ["id"]=>
  string(5) "22701"
  ["login"]=>
  string(21) "falandodemaquiagem_01"
}
string(13) "georgemuchuli"
string(26) "Cantidad de follows = 7759"
<br><br><br>string(15) "wendell_alvess_"
string(24) "Cantidad de follows = 85"
<br><br><br>object(stdClass)#47 (2) {
  ["id"]=>
  string(5) "22786"
  ["login"]=>
  string(6) "jpzk02"
}
object(stdClass)#154 (2) {
  ["id"]=>
  string(5) "22791"
  ["login"]=>
  string(13) "rodrigues.exe"
}
object(stdClass)#47 (2) {
  ["id"]=>
  string(5) "22915"
  ["login"]=>
  string(10) "5000covers"
}
string(18) "marciomouraoficial"
string(27) "Cantidad de follows = 12407"
<br><br><br>object(stdClass)#47 (2) {
  ["id"]=>
  string(5) "23135"
  ["login"]=>
  string(15) "daniak_boutique"
}
string(23) "formatacaotccmonografia"
string(24) "Cantidad de follows = 95"
<br><br><br>string(6) "nekkow"
string(24) "Cantidad de follows = 15"
<br><br><br>string(5) "lucao"
string(25) "Cantidad de follows = 562"
<br><br><br>string(6) "lucao2"
string(25) "Cantidad de follows = 590"
<br><br><br>string(13) "marcelomarkes"
string(27) "Cantidad de follows = 19932"
<br><br><br>string(14) "dl_beautysalon"
string(26) "Cantidad de follows = 1952"
<br><br><br>string(15) "ariadinebarreto"
string(27) "Cantidad de follows = 14541"
<br><br><br>string(13) "canalsemjacar"
string(27) "Cantidad de follows = 14243"
<br><br><br>string(11) "hiratabreno"
string(27) "Cantidad de follows = 12580"
<br><br><br>string(14) "erickspimentel"
string(26) "Cantidad de follows = 2021"
<br><br><br>string(12) "jessicaiwata"
string(27) "Cantidad de follows = 34305"
<br><br><br>string(14) "dnaphotoevideo"
string(27) "Cantidad de follows = 29439"
<br><br><br>string(18) "gamecenterpaulista"
string(27) "Cantidad de follows = 10336"
<br><br><br>string(10) "pacofishrd"
string(26) "Cantidad de follows = 8058"
<br><br><br>string(14) "qualityhotelsd"
string(26) "Cantidad de follows = 1203"
<br><br><br>string(17) "isabellabofficial"
string(27) "Cantidad de follows = 13980"
<br><br><br>string(13) "alialioficial"
string(25) "Cantidad de follows = 675"
<br><br><br>string(15) "barbeariadoneno"
string(27) "Cantidad de follows = 13716"
<br><br><br>string(10) "plagamba01"
string(26) "Cantidad de follows = 2647"
<br><br><br>string(11) "oscarcauchi"
string(26) "Cantidad de follows = 3612"
<br><br><br>string(7) "18laras"
string(26) "Cantidad de follows = 1810"
<br><br><br>string(16) "entreomarealagoa"
string(26) "Cantidad de follows = 1686"
<br><br><br>string(9) "darlanred"
string(27) "Cantidad de follows = 21280"
<br><br><br>string(15) "riolisboabrasil"
string(25) "Cantidad de follows = 205"
<br><br><br>string(12) "studio4cinco"
string(26) "Cantidad de follows = 4938"
<br><br><br>string(13) "fabriciofabre"
string(26) "Cantidad de follows = 8586"
<br><br><br>string(22) "suamusicapersonalizada"
string(27) "Cantidad de follows = 10920"
<br><br><br>string(10) "fioremixbr"
string(25) "Cantidad de follows = 329"
<br><br><br>string(8) "kevinvem"
string(23) "Cantidad de follows = 5"
<br><br><br>string(12) "djallannatal"
string(27) "Cantidad de follows = 29425"
<br><br><br>string(15) "polpasempreviva"
string(27) "Cantidad de follows = 34472"
<br><br><br>string(8) "kessyaaa"
string(27) "Cantidad de follows = 11080"
<br><br><br>string(8) "celparra"
string(27) "Cantidad de follows = 10633"
<br><br><br>object(stdClass)#24 (2) {
  ["id"]=>
  string(5) "25524"
  ["login"]=>
  string(11) "tompson9345"
}
object(stdClass)#111 (2) {
  ["id"]=>
  string(5) "25571"
  ["login"]=>
  string(14) "habner_martins"
}
string(24) "fitnessuplementosoficial"
string(25) "Cantidad de follows = 333"
<br><br><br>string(13) "mayconbarroco"
string(27) "Cantidad de follows = 18534"
<br><br><br>string(9) "caiocesar"
string(24) "Cantidad de follows = 84"
<br><br><br>string(8) "lil.fama"
string(27) "Cantidad de follows = 21065"
<br><br><br>string(12) "institutoybi"
string(27) "Cantidad de follows = 17959"
<br><br><br>object(stdClass)#100 (2) {
  ["id"]=>
  string(5) "26183"
  ["login"]=>
  string(14) "andresa_lebens"
}
string(7) "yuryv05"
string(27) "Cantidad de follows = 10197"
<br><br><br>string(15) "eliana_casimiro"
string(26) "Cantidad de follows = 5631"
<br><br><br>string(11) "maloohstore"
string(26) "Cantidad de follows = 3724"
<br><br><br>string(16) "simplesmenteamei"
string(27) "Cantidad de follows = 16050"
<br><br><br>string(16) "drraphaelmarques"
string(27) "Cantidad de follows = 21317"
<br><br><br>string(10) "casazunzun"
string(26) "Cantidad de follows = 5697"
<br><br><br>string(14) "draraymedeiros"
string(26) "Cantidad de follows = 1573"
<br><br><br>string(12) "4youdressing"
string(26) "Cantidad de follows = 3539"
<br><br><br>string(21) "lucaslermenfotografia"
string(27) "Cantidad de follows = 15151"
<br><br><br>string(16) "bracholuismiguel"
string(25) "Cantidad de follows = 844"
<br><br><br>string(17) "draflaviasgavioli"
string(27) "Cantidad de follows = 41764"
<br><br><br>string(16) "rafamello_cantor"
string(26) "Cantidad de follows = 9090"
<br><br><br>string(13) "gabinassyrios"
string(27) "Cantidad de follows = 28199"
<br><br><br>string(13) "cardosodani78"
string(25) "Cantidad de follows = 416"
<br><br><br>object(stdClass)#117 (2) {
  ["id"]=>
  string(5) "27362"
  ["login"]=>
  string(9) "k123silva"
}
string(9) "labotique"
string(25) "Cantidad de follows = 276"
<br><br><br>string(11) "eco.noronha"
string(26) "Cantidad de follows = 1073"
<br><br><br>string(13) "gelottisports"
string(26) "Cantidad de follows = 6246"
<br><br><br>string(13) "bombeefsantos"
string(27) "Cantidad de follows = 70526"
<br><br><br>string(15) "parvathi_brasil"
string(26) "Cantidad de follows = 8590"
<br><br><br>string(9) "lobotique"
string(26) "Cantidad de follows = 6608"
<br><br><br>string(8) "talincas"
string(27) "Cantidad de follows = 22569"
<br><br><br>string(21) "visagismofacial_drika"
string(25) "Cantidad de follows = 740"
<br><br><br>string(13) "bakwarabrasil"
string(26) "Cantidad de follows = 1563"
<br><br><br>string(19) "carlabarcellosjoias"
string(27) "Cantidad de follows = 11435"
<br><br><br>string(16) "programagameover"
string(26) "Cantidad de follows = 1108"
<br><br><br>string(15) "aafrodite.store"
string(26) "Cantidad de follows = 5729"
<br><br><br>string(12) "rogiacomello"
string(26) "Cantidad de follows = 1423"
<br><br><br>string(11) "solvebrazil"
string(26) "Cantidad de follows = 1171"
<br><br><br>string(16) "drafernandavolpi"
string(27) "Cantidad de follows = 12385"
<br><br><br>object(stdClass)#95 (2) {
  ["id"]=>
  string(5) "27722"
  ["login"]=>
  string(14) "maribel.silent"
}
string(13) "miocheoficial"
string(27) "Cantidad de follows = 45601"
<br><br><br>string(11) "daylipadron"
string(26) "Cantidad de follows = 8374"
<br><br><br>string(14) "mercadolabarra"
string(26) "Cantidad de follows = 4720"
<br><br><br>string(10) "naraabreuu"
string(26) "Cantidad de follows = 4542"
<br><br><br>string(8) "lukmodas"
string(26) "Cantidad de follows = 8205"
<br><br><br>string(21) "girlsgardenacessorios"
string(26) "Cantidad de follows = 2015"
<br><br><br>string(13) "capimlimaomga"
string(26) "Cantidad de follows = 5497"
<br><br><br>string(15) "maxpremiumjeans"
string(26) "Cantidad de follows = 8466"
<br><br><br>string(8) "bruna.fb"
string(27) "Cantidad de follows = 21111"
<br><br><br>string(14) "na_cara_do_gol"
string(26) "Cantidad de follows = 3033"
<br><br><br>string(13) "jessicacytrus"
string(27) "Cantidad de follows = 29943"
<br><br><br>string(11) "cyrofuziama"
string(27) "Cantidad de follows = 25160"
<br><br><br>string(11) "thaycomfome"
string(27) "Cantidad de follows = 26891"
<br><br><br>string(10) "dankana_dk"
string(26) "Cantidad de follows = 8844"
<br><br><br>string(13) "vivimaquiagem"
string(26) "Cantidad de follows = 3437"
<br><br><br>string(14) "fshirtsdesigns"
string(25) "Cantidad de follows = 368"
<br><br><br>string(15) "closetdasduasto"
string(27) "Cantidad de follows = 14361"
<br><br><br>object(stdClass)#57 (2) {
  ["id"]=>
  string(5) "28069"
  ["login"]=>
  string(14) "rosaduartelash"
}
string(11) "gardelmaroz"
string(26) "Cantidad de follows = 6352"
<br><br><br>object(stdClass)#57 (2) {
  ["id"]=>
  string(5) "28080"
  ["login"]=>
  string(16) "msanchescaroline"
}
object(stdClass)#185 (2) {
  ["id"]=>
  string(5) "28092"
  ["login"]=>
  string(9) "pri_avlis"
}
string(13) "ferefacrochet"
string(26) "Cantidad de follows = 9047"
<br><br><br>object(stdClass)#185 (2) {
  ["id"]=>
  string(5) "28099"
  ["login"]=>
  string(13) "menezesandree"
}
string(7) "nr_mini"
string(27) "Cantidad de follows = 11294"
<br><br><br>string(6) "dz9bnb"
string(26) "Cantidad de follows = 3484"
<br><br><br>object(stdClass)#89 (2) {
  ["id"]=>
  string(5) "28145"
  ["login"]=>
  string(20) "nossoapartamento_103"
}
string(18) "cheirinhodamariana"
string(26) "Cantidad de follows = 7654"
<br><br><br>object(stdClass)#89 (2) {
  ["id"]=>
  string(5) "28213"
  ["login"]=>
  string(15) "malucassimiro.r"
}
string(16) "alvomarketingagc"
string(26) "Cantidad de follows = 9421"
<br><br><br>string(17) "ilmiocasamentoios"
string(26) "Cantidad de follows = 1016"
<br><br><br>string(16) "dranayanepacheco"
string(28) "Cantidad de follows = 141729"
<br><br><br>string(24) "silvanonunes.hairstylist"
string(27) "Cantidad de follows = 26006"
<br><br><br>object(stdClass)#158 (2) {
  ["id"]=>
  string(5) "28276"
  ["login"]=>
  string(13) "tatyanealvess"
}
string(21) "closetdemulheroficial"
string(26) "Cantidad de follows = 3917"
<br><br><br>string(12) "maxiprodutos"
string(27) "Cantidad de follows = 20570"
<br><br><br>string(17) "drdanilopelegrino"
string(26) "Cantidad de follows = 5843"
<br><br><br>string(20) "mariaclaraguimaraes1"
string(27) "Cantidad de follows = 34972"
<br><br><br>string(15) "vitoria.mamedio"
string(26) "Cantidad de follows = 7568"
<br><br><br>string(12) "meirellesipc"
string(26) "Cantidad de follows = 1487"
<br><br><br>string(12) "luporluciana"
string(26) "Cantidad de follows = 8454"
<br><br><br>string(11) "andersonvoo"
string(26) "Cantidad de follows = 1054"
<br><br><br>string(14) "niqueferreiira"
string(27) "Cantidad de follows = 12339"
<br><br><br>string(15) "carlota_barnabe"
string(27) "Cantidad de follows = 12729"
<br><br><br>string(17) "drdanilopelegrino"
string(26) "Cantidad de follows = 5842"
<br><br><br>string(9) "lipinhuss"
string(26) "Cantidad de follows = 1773"
<br><br><br>string(13) "mayaramarkes_"
string(26) "Cantidad de follows = 8593"
<br><br><br>string(10) "ky2oficial"
string(26) "Cantidad de follows = 2438"
<br><br><br>string(11) "mendy_vivii"
string(26) "Cantidad de follows = 3961"
<br><br><br>object(stdClass)#8 (2) {
  ["id"]=>
  string(5) "28497"
  ["login"]=>
  string(21) "_medicinaintegrativa_"
}
string(25) "specialitycoffeegastropub"
string(25) "Cantidad de follows = 552"
<br><br><br>string(11) "carolsousas"
string(26) "Cantidad de follows = 3537"
<br><br><br>object(stdClass)#139 (2) {
  ["id"]=>
  string(5) "28517"
  ["login"]=>
  string(19) "martins_consultoria"
}
string(4) "fila"
string(25) "Cantidad de follows = 855"
<br><br><br>string(6) "reebok"
string(29) "Cantidad de follows = 2143054"
<br><br><br>string(8) "bindanvm"
string(26) "Cantidad de follows = 1509"
<br><br><br>string(18) "wesleyoliveirareal"
string(26) "Cantidad de follows = 2813"
<br><br><br>string(9) "indikqui_"
string(26) "Cantidad de follows = 1330"
<br><br><br>string(10) "luahungria"
string(26) "Cantidad de follows = 4514"
<br><br><br>object(stdClass)#142 (2) {
  ["id"]=>
  string(5) "28557"
  ["login"]=>
  string(10) "kaahcintra"
}
string(17) "reabilitar.studio"
string(26) "Cantidad de follows = 5626"
<br><br><br>string(9) "amaraljej"
string(25) "Cantidad de follows = 614"
<br><br><br>string(14) "websterramalho"
string(25) "Cantidad de follows = 736"
<br><br><br>string(24) "vida_sol_e_mar_ecoresort"
string(26) "Cantidad de follows = 7115"
<br><br><br>string(10) "aco_brasil"
string(26) "Cantidad de follows = 3287"
<br><br><br>string(13) "desafioadois2"
string(26) "Cantidad de follows = 6928"
<br><br><br>string(10) "joaozaneti"
string(27) "Cantidad de follows = 13249"
<br><br><br>string(12) "karbofitness"
string(27) "Cantidad de follows = 10888"
<br><br><br>string(12) "nayaranouber"
string(27) "Cantidad de follows = 18100"
<br><br><br>object(stdClass)#60 (2) {
  ["id"]=>
  string(5) "28654"
  ["login"]=>
  string(11) "ellenrauber"
}
object(stdClass)#175 (2) {
  ["id"]=>
  string(5) "28657"
  ["login"]=>
  string(14) "reserveviagens"
}
string(17) "ingrid_ferreira25"
string(25) "Cantidad de follows = 179"
<br><br><br>string(20) "neovita_fisioterapia"
string(26) "Cantidad de follows = 4971"
<br><br><br>string(17) "dunashookahlounge"
string(26) "Cantidad de follows = 9087"
<br><br><br>string(15) "emporio.forever"
string(25) "Cantidad de follows = 270"
<br><br><br>string(16) "mariakarencosta_"
string(26) "Cantidad de follows = 5989"
<br><br><br>string(13) "pretta_araujo"
string(27) "Cantidad de follows = 11915"
<br><br><br>string(18) "theo_kate_ragdolls"
string(26) "Cantidad de follows = 6140"
<br><br><br>string(9) "xaanndii_"
string(26) "Cantidad de follows = 1242"
<br><br><br>string(15) "pausetakeabreak"
string(26) "Cantidad de follows = 4049"
<br><br><br>string(10) "raquellsan"
string(27) "Cantidad de follows = 26058"
<br><br><br>string(11) "quatro_maos"
string(26) "Cantidad de follows = 4200"
<br><br><br>string(20) "apaudiovisualoficial"
string(25) "Cantidad de follows = 566"
<br><br><br>string(15) "gameoverworldmx"
string(24) "Cantidad de follows = 38"
<br><br><br>string(10) "macielcaio"
string(26) "Cantidad de follows = 3045"
<br><br><br>string(10) "pp_eventos"
string(26) "Cantidad de follows = 3591"
<br><br><br>string(15) "renatacanizares"
string(27) "Cantidad de follows = 13475"
<br><br><br>string(12) "dermatofarma"
string(26) "Cantidad de follows = 8839"
<br><br><br>string(14) "cinarafestasbh"
string(27) "Cantidad de follows = 36109"
<br><br><br>string(10) "mreissilva"
string(27) "Cantidad de follows = 23941"
<br><br><br>string(17) "minutoscomdelavec"
string(27) "Cantidad de follows = 13971"
<br><br><br>string(9) "lilispada"
string(28) "Cantidad de follows = 719515"
<br><br><br>string(13) "edersilveiram"
string(26) "Cantidad de follows = 4496"
<br><br><br>string(15) "rosanatiburtino"
string(26) "Cantidad de follows = 1037"
<br><br><br>string(18) "stopscapautomotivo"
string(26) "Cantidad de follows = 6018"
<br><br><br>object(stdClass)#64 (2) {
  ["id"]=>
  string(5) "28849"
  ["login"]=>
  string(8) "plasjowl"
}
string(12) "itzackcamila"
string(26) "Cantidad de follows = 1346"
<br><br><br>string(15) "eu_gabicarvalho"
string(26) "Cantidad de follows = 3018"
<br><br><br>string(13) "everttonviana"
string(26) "Cantidad de follows = 9866"
<br><br><br>string(17) "shirleyalesantana"
string(27) "Cantidad de follows = 28278"
<br><br><br>string(14) "leticiastoledo"
string(26) "Cantidad de follows = 2570"
<br><br><br>string(14) "drpedroferrari"
string(27) "Cantidad de follows = 39352"
<br><br><br>string(11) "itamixbazar"
string(26) "Cantidad de follows = 4701"
<br><br><br>string(13) "trader_amador"
string(25) "Cantidad de follows = 167"
<br><br><br>string(16) "isabellasanchess"
string(26) "Cantidad de follows = 3030"
<br><br><br>object(stdClass)#57 (2) {
  ["id"]=>
  string(5) "28962"
  ["login"]=>
  string(15) "tiagomennezes11"
}
string(12) "bunkersounds"
string(26) "Cantidad de follows = 1681"
<br><br><br>string(14) "timmycelulares"
string(25) "Cantidad de follows = 217"
<br><br><br>object(stdClass)#64 (2) {
  ["id"]=>
  string(5) "28988"
  ["login"]=>
  string(15) "programavitrina"
}
object(stdClass)#92 (2) {
  ["id"]=>
  string(5) "28990"
  ["login"]=>
  string(17) "acade_corpoeforma"
}
object(stdClass)#64 (2) {
  ["id"]=>
  string(5) "28993"
  ["login"]=>
  string(11) "atgaranhuns"
}
string(20) "annamaya_arquitetura"
string(26) "Cantidad de follows = 9263"
<br><br><br>string(8) "1kgdobom"
string(27) "Cantidad de follows = 14992"
<br><br><br>string(13) "livre.digital"
string(26) "Cantidad de follows = 3627"
<br><br><br>string(14) "rhuanpenaforte"
string(27) "Cantidad de follows = 10628"
<br><br><br>string(16) "restaurantebario"
string(26) "Cantidad de follows = 1354"
<br><br><br>string(21) "felippeturtransportes"
string(26) "Cantidad de follows = 4005"
<br><br><br>string(15) "solarlifeenergy"
string(25) "Cantidad de follows = 547"
<br><br><br>string(18) "vinteumcomunicacao"
string(25) "Cantidad de follows = 576"
<br><br><br>string(18) "auto_escolaatitude"
string(26) "Cantidad de follows = 2024"
<br><br><br>string(13) "carollremigio"
string(26) "Cantidad de follows = 1063"
<br><br><br>string(13) "pampodelivery"
string(26) "Cantidad de follows = 1263"
<br><br><br>string(20) "txcambioeturismo_rio"
string(26) "Cantidad de follows = 1285"
<br><br><br>string(13) "riveauxmerino"
string(26) "Cantidad de follows = 5421"
<br><br><br>string(15) "carneslaceleste"
string(26) "Cantidad de follows = 2297"
<br><br><br>string(11) "heroairsoft"
string(26) "Cantidad de follows = 3841"
<br><br><br>string(19) "brechoandreaventuro"
string(27) "Cantidad de follows = 36626"
<br><br><br>string(9) "samiilly_"
string(27) "Cantidad de follows = 18231"
<br><br><br>string(14) "luigi_bemporad"
string(24) "Cantidad de follows = 53"
<br><br><br>string(13) "luiz_skydiver"
string(26) "Cantidad de follows = 9846"
<br><br><br>string(15) "luanmachado.arq"
string(26) "Cantidad de follows = 1849"
<br><br><br>string(12) "kaikfariastv"
string(26) "Cantidad de follows = 2089"
<br><br><br>string(16) "colegioguarapuvu"
string(23) "Cantidad de follows = 1"
<br><br><br>string(9) "guarapuvu"
string(26) "Cantidad de follows = 3061"
<br><br><br>string(13) "purocafajeste"
string(27) "Cantidad de follows = 34241"
<br><br><br>string(11) "a_deziderio"
string(26) "Cantidad de follows = 2059"
<br><br><br>object(stdClass)#129 (2) {
  ["id"]=>
  string(5) "29171"
  ["login"]=>
  string(16) "ranchotalisma_mg"
}
object(stdClass)#120 (2) {
  ["id"]=>
  string(5) "29178"
  ["login"]=>
  string(16) "maryana_araujooc"
}
string(13) "vitormagnusss"
string(27) "Cantidad de follows = 42225"
<br><br><br>string(20) "franciscosilva_alves"
string(25) "Cantidad de follows = 266"
<br><br><br>string(17) "mrandersonalmeida"
string(26) "Cantidad de follows = 6317"
<br><br><br>string(10) "inovaluxrj"
string(25) "Cantidad de follows = 189"
<br><br><br>string(17) "mixturinhafashion"
string(26) "Cantidad de follows = 2234"
<br><br><br>string(22) "danelonprimeacessorios"
string(26) "Cantidad de follows = 4668"
<br><br><br>object(stdClass)#238 (2) {
  ["id"]=>
  string(5) "29219"
  ["login"]=>
  string(7) "ruivabr"
}
string(17) "luizjatobaoficial"
string(26) "Cantidad de follows = 9552"
<br><br><br>string(8) "thhai97_"
string(26) "Cantidad de follows = 1593"
<br><br><br>string(10) "tiago_kuhn"
string(26) "Cantidad de follows = 2286"
<br><br><br>object(stdClass)#203 (2) {
  ["id"]=>
  string(5) "29228"
  ["login"]=>
  string(13) "tiolavinicius"
}
string(15) "crisoliveiravmk"
string(26) "Cantidad de follows = 2154"
<br><br><br>string(15) "wesleymichelini"
string(26) "Cantidad de follows = 1885"
<br><br><br>string(18) "raphaelacapobiango"
string(26) "Cantidad de follows = 5602"
<br><br><br>string(11) "castrolucas"
string(26) "Cantidad de follows = 3603"
<br><br><br>string(16) "masseriniosteria"
string(26) "Cantidad de follows = 6199"
<br><br><br>string(10) "alvesgilli"
string(26) "Cantidad de follows = 2001"
<br><br><br>string(10) "felippetur"
string(27) "Cantidad de follows = 19760"
<br><br><br>string(25) "rodrigo.embraconconsorcio"
string(26) "Cantidad de follows = 6247"
<br><br><br>string(14) "naotolendoisso"
string(26) "Cantidad de follows = 3363"
<br><br><br>string(14) "elizabet.agent"
string(25) "Cantidad de follows = 781"
<br><br><br>string(12) "elestore.rio"
string(26) "Cantidad de follows = 1794"
<br><br><br>string(14) "joannaa_aguiar"
string(25) "Cantidad de follows = 568"
<br><br><br>string(12) "ale.mmartins"
string(26) "Cantidad de follows = 1280"
<br><br><br>string(14) "ricvrdomoraes_"
string(26) "Cantidad de follows = 3908"
<br><br><br>string(16) "psgacademyrecife"
string(26) "Cantidad de follows = 4378"
<br><br><br>string(11) "diasluciano"
string(27) "Cantidad de follows = 16445"
<br><br><br>string(15) "othmanejennaoui"
string(27) "Cantidad de follows = 11011"
<br><br><br>string(14) "andresza_ramos"
string(26) "Cantidad de follows = 2007"
<br><br><br>string(23) "estetica.michelecamargo"
string(26) "Cantidad de follows = 3452"
<br><br><br>string(19) "fernandalima.decora"
string(26) "Cantidad de follows = 2143"
<br><br><br>string(13) "ghanabranding"
string(26) "Cantidad de follows = 6725"
<br><br><br>string(16) "binhorodriguess_"
string(26) "Cantidad de follows = 3542"
<br><br><br>string(14) "theblondedetox"
string(26) "Cantidad de follows = 3747"
<br><br><br>string(19) "oficialwinnieamaral"
string(27) "Cantidad de follows = 24264"
<br><br><br>string(19) "pezinhofirmenarocha"
string(28) "Cantidad de follows = 116337"
<br><br><br>string(11) "meempreenda"
string(26) "Cantidad de follows = 3628"
<br><br><br>string(14) "joseluizpontes"
string(25) "Cantidad de follows = 983"
<br><br><br>object(stdClass)#137 (2) {
  ["id"]=>
  string(5) "29486"
  ["login"]=>
  string(15) "eduarda.neves13"
}
object(stdClass)#114 (2) {
  ["id"]=>
  string(5) "29498"
  ["login"]=>
  string(20) "orlamodapraiaoficial"
}
string(17) "advocacia_messias"
string(26) "Cantidad de follows = 3311"
<br><br><br>string(18) "allbotequipamentos"
string(26) "Cantidad de follows = 2916"
<br><br><br>string(20) "emersonlopeshoficial"
string(27) "Cantidad de follows = 12612"
<br><br><br>string(11) "raissataini"
string(27) "Cantidad de follows = 26283"
<br><br><br>object(stdClass)#182 (2) {
  ["id"]=>
  string(5) "29527"
  ["login"]=>
  string(13) "menezesandree"
}
string(10) "vivianeneu"
string(27) "Cantidad de follows = 29050"
<br><br><br>string(8) "dhougie_"
string(27) "Cantidad de follows = 19041"
<br><br><br>string(24) "andressamakeup_penteados"
string(26) "Cantidad de follows = 3056"
<br><br><br>string(13) "iracemaallves"
string(26) "Cantidad de follows = 7410"
<br><br><br>string(11) "renannunes2"
string(26) "Cantidad de follows = 5050"
<br><br><br>string(14) "natha.estetica"
string(26) "Cantidad de follows = 1882"
<br><br><br>string(19) "j.a.estudiodebeleza"
string(25) "Cantidad de follows = 167"
<br><br><br>string(12) "grafianafoto"
string(26) "Cantidad de follows = 8994"
<br><br><br>string(19) "thespacetimeripples"
string(26) "Cantidad de follows = 3312"
<br><br><br>string(14) "rubia_martinss"
string(27) "Cantidad de follows = 99739"
<br><br><br>string(23) "joseguilherme.consultor"
string(26) "Cantidad de follows = 1211"
<br><br><br>string(14) "emporiodifiori"
string(26) "Cantidad de follows = 2244"
<br><br><br>string(21) "viajandonaarquitetura"
string(26) "Cantidad de follows = 4969"
<br><br><br>string(14) "elitecenterfoz"
string(26) "Cantidad de follows = 2392"
<br><br><br>string(10) "yancasilva"
string(26) "Cantidad de follows = 3325"
<br><br><br>string(16) "roberta.amfranca"
string(26) "Cantidad de follows = 3381"
<br><br><br>string(15) "doceriaanaester"
string(26) "Cantidad de follows = 3891"
<br><br><br>string(10) "kathguedes"
string(27) "Cantidad de follows = 43066"
<br><br><br>string(13) "tubaraocenter"
string(26) "Cantidad de follows = 6326"
<br><br><br>object(stdClass)#99 (2) {
  ["id"]=>
  string(5) "29702"
  ["login"]=>
  string(6) "zayrnm"
}
string(9) "chefeeddy"
string(27) "Cantidad de follows = 13358"
<br><br><br>string(10) "acasadecat"
string(27) "Cantidad de follows = 11098"
<br><br><br>string(20) "oficialforroperfeito"
string(27) "Cantidad de follows = 43364"
<br><br><br>string(14) "orabolasbrecho"
string(26) "Cantidad de follows = 2999"
<br><br><br>string(11) "thekingboy_"
string(27) "Cantidad de follows = 17740"
<br><br><br>string(15) "vanessa.wysocki"
string(26) "Cantidad de follows = 3610"
<br><br><br>string(11) "rique.silva"
string(26) "Cantidad de follows = 4996"
<br><br><br>string(22) "gabriellacarvalhostore"
string(27) "Cantidad de follows = 34014"
<br><br><br>string(14) "lojanowfitness"
string(26) "Cantidad de follows = 3979"
<br><br><br>string(8) "mapoiani"
string(26) "Cantidad de follows = 6099"
<br><br><br>string(14) "salaostudiosbc"
string(26) "Cantidad de follows = 1791"
<br><br><br>string(19) "studying_the_secret"
string(26) "Cantidad de follows = 2701"
<br><br><br>string(23) "studiohairinternacional"
string(26) "Cantidad de follows = 5342"
<br><br><br>string(9) "ahdireito"
string(26) "Cantidad de follows = 5385"
<br><br><br>string(7) "kabonkk"
string(26) "Cantidad de follows = 4039"
<br><br><br>string(10) "companyate"
string(25) "Cantidad de follows = 108"
<br><br><br>string(12) "djdavisantos"
string(26) "Cantidad de follows = 8415"
<br><br><br>string(14) "rafaellmoraess"
string(25) "Cantidad de follows = 828"
<br><br><br>string(22) "syflariluminacaoimport"
string(26) "Cantidad de follows = 1766"
<br><br><br>object(stdClass)#203 (2) {
  ["id"]=>
  string(5) "29883"
  ["login"]=>
  string(12) "grupo.efraim"
}
object(stdClass)#136 (2) {
  ["id"]=>
  string(5) "29884"
  ["login"]=>
  string(17) "efraimhoteleflats"
}
string(30) "rpcontrollerinsetodedetizadora"
string(25) "Cantidad de follows = 165"
<br><br><br>string(12) "raunierporto"
string(26) "Cantidad de follows = 3098"
<br><br><br>string(11) "marciabotam"
string(26) "Cantidad de follows = 3843"
<br><br><br>object(stdClass)#45 (2) {
  ["id"]=>
  string(5) "29901"
  ["login"]=>
  string(8) "1jonhbjj"
}
object(stdClass)#33 (2) {
  ["id"]=>
  string(5) "29918"
  ["login"]=>
  string(9) "odeiopera"
}
object(stdClass)#45 (2) {
  ["id"]=>
  string(5) "29932"
  ["login"]=>
  string(11) "eufeearruda"
}
string(11) "tclaranunes"
string(26) "Cantidad de follows = 1775"
<br><br><br>string(19) "alaskaclothingstore"
string(26) "Cantidad de follows = 2289"
<br><br><br>string(14) "gkt_kickboxing"
string(26) "Cantidad de follows = 1618"
<br><br><br>string(19) "character.design.gk"
string(26) "Cantidad de follows = 1190"
<br><br><br>object(stdClass)#241 (2) {
  ["id"]=>
  string(5) "29964"
  ["login"]=>
  string(12) "blogdoarinos"
}
object(stdClass)#128 (2) {
  ["id"]=>
  string(5) "29965"
  ["login"]=>
  string(12) "bela.morenaa"
}
string(24) "leandroquelucifotografia"
string(26) "Cantidad de follows = 3127"
<br><br><br>string(19) "generalstorefitness"
string(26) "Cantidad de follows = 3727"
<br><br><br>string(15) "acervomodasda44"
string(26) "Cantidad de follows = 5693"
<br><br><br>string(12) "mama_costhay"
string(26) "Cantidad de follows = 4884"
<br><br><br>string(17) "ginetom_rodrigues"
string(26) "Cantidad de follows = 7792"
<br><br><br>string(13) "brunnooctavio"
string(25) "Cantidad de follows = 979"
<br><br><br>object(stdClass)#203 (2) {
  ["id"]=>
  string(5) "29996"
  ["login"]=>
  string(12) "doug0liveira"
}
string(10) "gutt_carol"
string(27) "Cantidad de follows = 12082"
<br><br><br>string(9) "hulkdutra"
string(27) "Cantidad de follows = 13394"
<br><br><br>string(16) "camilaguerreiroo"
string(26) "Cantidad de follows = 2375"
<br><br><br>string(15) "sandymakecabelo"
string(26) "Cantidad de follows = 6673"
<br><br><br>string(15) "copaciadvogados"
string(25) "Cantidad de follows = 675"
<br><br><br>string(18) "diegocamargotattoo"
string(26) "Cantidad de follows = 3278"
<br><br><br>string(17) "entretenimento.pe"
string(26) "Cantidad de follows = 3436"
<br><br><br>string(17) "alicemelomakehair"
string(26) "Cantidad de follows = 6780"
<br><br><br>object(stdClass)#35 (2) {
  ["id"]=>
  string(5) "30051"
  ["login"]=>
  string(11) "tuguinha.tv"
}
string(13) "rentar.com.do"
string(27) "Cantidad de follows = 11622"
<br><br><br>string(15) "eriosvaldodiniz"
string(26) "Cantidad de follows = 1628"
<br><br><br>string(11) "gustavo_ono"
string(26) "Cantidad de follows = 5408"
<br><br><br>string(15) "canilredbroncos"
string(26) "Cantidad de follows = 1889"
<br><br><br>string(9) "_brokerst"
string(25) "Cantidad de follows = 302"
<br><br><br>string(14) "lifeprojectone"
string(26) "Cantidad de follows = 1869"
<br><br><br>string(16) "disfranco.motors"
string(26) "Cantidad de follows = 2949"
<br><br><br>string(6) "bomf17"
string(25) "Cantidad de follows = 820"
<br><br><br>string(12) "aliicemello_"
string(26) "Cantidad de follows = 2353"
<br><br><br>string(11) "_bellaforma"
string(27) "Cantidad de follows = 71304"
<br><br><br>string(10) "bruruschel"
string(27) "Cantidad de follows = 11922"
<br><br><br>string(9) "murilooc7"
string(26) "Cantidad de follows = 4439"
<br><br><br>string(9) "a7madov95"
string(25) "Cantidad de follows = 247"
<br><br><br>string(7) "a_mayla"
string(25) "Cantidad de follows = 749"
<br><br><br>string(13) "lidiafeitosa4"
string(26) "Cantidad de follows = 2806"
<br><br><br>string(10) "smokeseila"
string(25) "Cantidad de follows = 647"
<br><br><br>string(10) "rikdelucca"
string(26) "Cantidad de follows = 3648"
<br><br><br>string(19) "corretoracavalcante"
string(25) "Cantidad de follows = 834"
<br><br><br>object(stdClass)#160 (2) {
  ["id"]=>
  string(5) "30218"
  ["login"]=>
  string(14) "thaisaschayder"
}
string(13) "hueskerbrasil"
string(26) "Cantidad de follows = 3741"
<br><br><br>string(22) "rodrigoranchodascabras"
string(25) "Cantidad de follows = 952"
<br><br><br>object(stdClass)#120 (2) {
  ["id"]=>
  string(5) "30232"
  ["login"]=>
  string(15) "arisson_jessica"
}
string(16) "camilla.franklin"
string(26) "Cantidad de follows = 6301"
<br><br><br>string(11) "maira.fuzii"
string(26) "Cantidad de follows = 2196"
<br><br><br>object(stdClass)#112 (2) {
  ["id"]=>
  string(5) "30257"
  ["login"]=>
  string(13) "nathaly_llima"
}
string(21) "laraharantes.piercing"
string(26) "Cantidad de follows = 3240"
<br><br><br>string(11) "maitemellim"
string(26) "Cantidad de follows = 1969"
<br><br><br>string(10) "criptobraz"
string(25) "Cantidad de follows = 701"
<br><br><br>string(14) "meuprojeto.fit"
string(26) "Cantidad de follows = 2088"
<br><br><br>object(stdClass)#66 (2) {
  ["id"]=>
  string(5) "30286"
  ["login"]=>
  string(15) "cmo_odontologia"
}
object(stdClass)#15 (2) {
  ["id"]=>
  string(5) "30293"
  ["login"]=>
  string(14) "ketellenfelix1"
}
string(14) "biel_do_cavaco"
string(27) "Cantidad de follows = 19643"
<br><br><br>string(9) "netto_ull"
string(25) "Cantidad de follows = 617"
<br><br><br>string(11) "nandokounat"
string(27) "Cantidad de follows = 19536"
<br><br><br>object(stdClass)#25 (2) {
  ["id"]=>
  string(5) "30317"
  ["login"]=>
  string(14) "easyartgrafica"
}
string(15) "studio_beauty15"
string(26) "Cantidad de follows = 1041"
<br><br><br>string(18) "julio_sosa_imoveis"
string(25) "Cantidad de follows = 797"
<br><br><br>string(10) "canelihome"
string(26) "Cantidad de follows = 3703"
<br><br><br>string(9) "josergm86"
string(26) "Cantidad de follows = 7215"
<br><br><br>string(11) "katiaalbany"
string(26) "Cantidad de follows = 4777"
<br><br><br>string(11) "leandramora"
string(26) "Cantidad de follows = 4822"
<br><br><br>object(stdClass)#98 (2) {
  ["id"]=>
  string(5) "30380"
  ["login"]=>
  string(7) "_lrnnym"
}
string(17) "festivalnovomundo"
string(26) "Cantidad de follows = 4374"
<br><br><br>string(10) "odavilemos"
string(27) "Cantidad de follows = 13335"
<br><br><br>string(20) "clebsonfrancaoficial"
string(26) "Cantidad de follows = 2205"
<br><br><br>string(15) "mamaesemmanuais"
string(27) "Cantidad de follows = 11490"
<br><br><br>string(13) "victorcastelo"
string(26) "Cantidad de follows = 1190"
<br><br><br>string(17) "fabricio.physique"
string(27) "Cantidad de follows = 11127"
<br><br><br>string(15) "rafaelfsantanaa"
string(25) "Cantidad de follows = 756"
<br><br><br>object(stdClass)#151 (2) {
  ["id"]=>
  string(5) "30436"
  ["login"]=>
  string(15) "kawlicheski1993"
}
string(10) "facamerirr"
string(26) "Cantidad de follows = 3420"
<br><br><br>string(10) "linoamanda"
string(27) "Cantidad de follows = 10007"
<br><br><br>string(10) "_lorecosta"
string(26) "Cantidad de follows = 2072"
<br><br><br>string(21) "clara.goldenretriever"
string(26) "Cantidad de follows = 3695"
<br><br><br>string(14) "andre.grupoark"
string(26) "Cantidad de follows = 4197"
<br><br><br>string(13) "espacoubaense"
string(26) "Cantidad de follows = 1866"
<br><br><br>string(14) "photoboxbrasil"
string(26) "Cantidad de follows = 2826"
<br><br><br>string(13) "luiara_helmer"
string(26) "Cantidad de follows = 5086"
<br><br><br>string(7) "dul_fcy"
string(26) "Cantidad de follows = 2868"
<br><br><br>string(26) "emporiodapapinhasantoandre"
string(26) "Cantidad de follows = 5308"
<br><br><br>string(15) "rayanemarchetta"
string(26) "Cantidad de follows = 1721"
<br><br><br>string(13) "karol_nunes00"
string(26) "Cantidad de follows = 3580"
<br><br><br>string(10) "apedesign_"
string(26) "Cantidad de follows = 2685"
<br><br><br>string(9) "danilelah"
string(26) "Cantidad de follows = 5036"
<br><br><br>string(8) "kevinm5m"
string(26) "Cantidad de follows = 7446"
<br><br><br>string(12) "noahestetica"
string(26) "Cantidad de follows = 8825"
<br><br><br>string(9) "casadovaz"
string(26) "Cantidad de follows = 7170"
<br><br><br>string(8) "arena7bh"
string(26) "Cantidad de follows = 4391"
<br><br><br>object(stdClass)#146 (2) {
  ["id"]=>
  string(5) "30581"
  ["login"]=>
  string(13) "mathoficialbr"
}
string(17) "jonatas.batistela"
string(27) "Cantidad de follows = 15538"
<br><br><br>string(10) "queirozloo"
string(26) "Cantidad de follows = 3678"
<br><br><br>object(stdClass)#65 (2) {
  ["id"]=>
  string(5) "30593"
  ["login"]=>
  string(12) "rogersiiilva"
}
string(11) "marci0viana"
string(26) "Cantidad de follows = 1311"
<br><br><br>string(16) "chefsheiladuarte"
string(26) "Cantidad de follows = 1034"
<br><br><br>string(8) "itsredtv"
string(27) "Cantidad de follows = 44751"
<br><br><br>object(stdClass)#25 (2) {
  ["id"]=>
  string(5) "30622"
  ["login"]=>
  string(8) "lorisfaz"
}
object(stdClass)#235 (2) {
  ["id"]=>
  string(5) "30623"
  ["login"]=>
  string(20) "emagrecer_ja_oficial"
}
string(19) "tamyparadorneptunia"
string(26) "Cantidad de follows = 5782"
<br><br><br>string(9) "gabicoach"
string(26) "Cantidad de follows = 3463"
<br><br><br>object(stdClass)#196 (2) {
  ["id"]=>
  string(5) "30648"
  ["login"]=>
  string(14) "amanda3santana"
}
string(8) "crecleao"
string(26) "Cantidad de follows = 3242"
<br><br><br>string(10) "elluhalves"
string(26) "Cantidad de follows = 5267"
<br><br><br>string(18) "mixsushicafebistek"
string(26) "Cantidad de follows = 5892"
<br><br><br>string(16) "f1ciaimobiliaria"
string(26) "Cantidad de follows = 3290"
<br><br><br>string(15) "vitor_honorato3"
string(26) "Cantidad de follows = 1136"
<br><br><br>string(13) "veneno_daseda"
string(26) "Cantidad de follows = 2057"
<br><br><br>string(10) "mc2turismo"
string(27) "Cantidad de follows = 17870"
<br><br><br>string(19) "erickakamineoficial"
string(26) "Cantidad de follows = 6610"
<br><br><br>string(11) "fredmunizrj"
string(26) "Cantidad de follows = 1486"
<br><br><br>object(stdClass)#27 (2) {
  ["id"]=>
  string(5) "30718"
  ["login"]=>
  string(16) "luis.fernando.br"
}
string(17) "drasheilawatanabe"
string(26) "Cantidad de follows = 1751"
<br><br><br>string(12) "laysasmacedo"
string(26) "Cantidad de follows = 2881"
<br><br><br>string(17) "creativapapelaria"
string(25) "Cantidad de follows = 329"
<br><br><br>string(11) "aondeiremsp"
string(27) "Cantidad de follows = 25393"
<br><br><br>object(stdClass)#181 (2) {
  ["id"]=>
  string(5) "30815"
  ["login"]=>
  string(6) "79_app"
}
string(8) "tompsonr"
string(25) "Cantidad de follows = 348"
<br><br><br>string(15) "dioceliogoulart"
string(27) "Cantidad de follows = 19078"
<br><br><br>string(15) "victorperazzini"
string(26) "Cantidad de follows = 2485"
<br><br><br>string(12) "alberto_test"
string(25) "Cantidad de follows = 305"
<br><br><br>string(13) "fassegseguros"
string(26) "Cantidad de follows = 7144"
<br><br><br>string(18) "giovanni.consultor"
string(25) "Cantidad de follows = 891"
<br><br><br>string(17) "coach.jorgeamorim"
string(25) "Cantidad de follows = 996"
<br><br><br>string(16) "blessedmaemequer"
string(27) "Cantidad de follows = 16923"
<br><br><br>string(15) "baile_de_camelo"
string(25) "Cantidad de follows = 755"
<br><br><br>string(13) "dentistabruna"
string(25) "Cantidad de follows = 187"
<br><br><br>string(11) "chicomorais"
string(26) "Cantidad de follows = 4634"
<br><br><br>string(13) "adrianemayumi"
string(27) "Cantidad de follows = 13466"
<br><br><br>string(14) "dresscode.byrm"
string(25) "Cantidad de follows = 233"
<br><br><br>object(stdClass)#237 (2) {
  ["id"]=>
  string(5) "30911"
  ["login"]=>
  string(15) "alynemultiforme"
}
string(15) "ehpralaqueeuvou"
string(26) "Cantidad de follows = 1212"
<br><br><br>string(14) "douglasvwalker"
string(26) "Cantidad de follows = 1750"
<br><br><br>string(11) "brimigreipt"
string(25) "Cantidad de follows = 318"
<br><br><br>string(8) "dazz.777"
string(26) "Cantidad de follows = 1009"
<br><br><br>string(14) "rafaella_neves"
string(26) "Cantidad de follows = 3741"
<br><br><br>string(8) "soueuwal"
string(26) "Cantidad de follows = 1641"
<br><br><br>string(22) "lacosdasmeninasoficial"
string(26) "Cantidad de follows = 2234"
<br><br><br>string(13) "talitamcostta"
string(25) "Cantidad de follows = 578"
<br><br><br>string(8) "pionunes"
string(27) "Cantidad de follows = 17307"
<br><br><br>string(18) "confeitariadagabi_"
string(24) "Cantidad de follows = 63"
<br><br><br>string(14) "brunoalvarez.1"
string(25) "Cantidad de follows = 558"
<br><br><br>string(10) "1989closet"
string(26) "Cantidad de follows = 5855"
<br><br><br>string(12) "jumota_decor"
string(26) "Cantidad de follows = 1698"
<br><br><br>string(16) "marmitinhaslight"
string(26) "Cantidad de follows = 2654"
<br><br><br>string(24) "leoart_desing_paisagismo"
string(26) "Cantidad de follows = 6619"
<br><br><br>string(14) "carolfroemming"
string(26) "Cantidad de follows = 6984"
<br><br><br>string(24) "priscilaaparecidasantoss"
string(25) "Cantidad de follows = 605"
<br><br><br>object(stdClass)#233 (2) {
  ["id"]=>
  string(5) "31080"
  ["login"]=>
  string(9) "chio18789"
}
string(13) "kasamor_store"
string(26) "Cantidad de follows = 2315"
<br><br><br>string(13) "thamysilva201"
string(26) "Cantidad de follows = 3874"
<br><br><br>string(10) "alexrssp12"
string(25) "Cantidad de follows = 313"
<br><br><br>string(14) "silvio.cesarjr"
string(24) "Cantidad de follows = 59"
<br><br><br>string(12) "levis_tudouu"
string(27) "Cantidad de follows = 15857"
<br><br><br>string(8) "euogomez"
string(26) "Cantidad de follows = 2496"
<br><br><br>string(14) "amorefeoficial"
string(26) "Cantidad de follows = 4716"
<br><br><br>string(15) "studioambientes"
string(27) "Cantidad de follows = 14411"
<br><br><br>string(12) "gomilkbrasil"
string(26) "Cantidad de follows = 1008"
<br><br><br>string(13) "gomed.digital"
string(26) "Cantidad de follows = 2296"
<br><br><br>object(stdClass)#60 (2) {
  ["id"]=>
  string(5) "31133"
  ["login"]=>
  string(6) "lv_luh"
}
string(8) "curyamin"
string(25) "Cantidad de follows = 767"
<br><br><br>string(11) "stancefight"
string(27) "Cantidad de follows = 33656"
<br><br><br>string(19) "medconsultingbrasil"
string(27) "Cantidad de follows = 11919"
<br><br><br>string(3) "usa"
string(26) "Cantidad de follows = 4644"
<br><br><br>string(8) "voa_hati"
string(26) "Cantidad de follows = 2965"
<br><br><br>string(18) "robsonbarbosacoach"
string(26) "Cantidad de follows = 6124"
<br><br><br>string(10) "yasmincgr_"
string(26) "Cantidad de follows = 1082"
<br><br><br>string(14) "kharlos_soares"
string(25) "Cantidad de follows = 204"
<br><br><br>string(19) "chrystopher.gabriel"
string(25) "Cantidad de follows = 321"
<br><br><br>string(7) "nega.93"
string(27) "Cantidad de follows = 10101"
<br><br><br>string(13) "cahrlossoares"
string(24) "Cantidad de follows = 61"
<br><br><br>string(8) "emillymv"
string(26) "Cantidad de follows = 4085"
<br><br><br>string(11) "_j.o.a.o___"
string(25) "Cantidad de follows = 184"
<br><br><br>string(14) "antonioportes_"
string(25) "Cantidad de follows = 229"
<br><br><br>string(14) "samo_oliveiraa"
string(25) "Cantidad de follows = 651"
<br><br><br>string(12) "aleehzinho_t"
string(25) "Cantidad de follows = 176"
<br><br><br>string(15) "jonasfahelysson"
string(26) "Cantidad de follows = 6879"
<br><br><br>string(13) "mari_azeredo_"
string(25) "Cantidad de follows = 768"
<br><br><br>string(18) "clinicaformighieri"
string(26) "Cantidad de follows = 2130"
<br><br><br>string(10) "guiturner_"
string(26) "Cantidad de follows = 8882"
<br><br><br>string(14) "carloskpulling"
string(28) "Cantidad de follows = 112464"
<br><br><br>string(10) "oppaviajei"
string(25) "Cantidad de follows = 722"
<br><br><br>string(19) "madtattoobarbershop"
string(25) "Cantidad de follows = 695"
<br><br><br>string(15) "jujucoelhopinto"
string(27) "Cantidad de follows = 28244"
<br><br><br>string(13) "gersonaraujo_"
string(26) "Cantidad de follows = 2257"
<br><br><br>object(stdClass)#173 (2) {
  ["id"]=>
  string(5) "31318"
  ["login"]=>
  string(11) "josiasnetoo"
}
string(19) "blogsairdozeroagora"
string(26) "Cantidad de follows = 1270"
<br><br><br>object(stdClass)#173 (2) {
  ["id"]=>
  string(5) "31325"
  ["login"]=>
  string(18) "neonprodutorapromo"
}
object(stdClass)#183 (2) {
  ["id"]=>
  string(5) "31326"
  ["login"]=>
  string(6) "djrat_"
}
object(stdClass)#173 (2) {
  ["id"]=>
  string(5) "31337"
  ["login"]=>
  string(23) "anderson_diego_oliveira"
}
string(19) "anacarlarodrigues19"
string(26) "Cantidad de follows = 3048"
<br><br><br>object(stdClass)#173 (2) {
  ["id"]=>
  string(5) "31346"
  ["login"]=>
  string(15) "siimoneepereira"
}
string(13) "jubart_design"
string(25) "Cantidad de follows = 598"
<br><br><br>string(19) "bellkeyprofessional"
string(26) "Cantidad de follows = 1671"
<br><br><br>string(8) "ealine._"
string(26) "Cantidad de follows = 4784"
<br><br><br>string(8) "wheresje"
string(27) "Cantidad de follows = 95586"
<br><br><br>object(stdClass)#149 (2) {
  ["id"]=>
  string(5) "31394"
  ["login"]=>
  string(12) "ronyfgomesss"
}
string(16) "jhonatha_feitosa"
string(26) "Cantidad de follows = 1192"
<br><br><br>string(15) "blena.nathallya"
string(26) "Cantidad de follows = 1085"
<br><br><br>string(10) "edersonflx"
string(26) "Cantidad de follows = 6835"
<br><br><br>string(23) "tridorimpermebializacao"
string(25) "Cantidad de follows = 167"
<br><br><br>string(9) "jehdpires"
string(25) "Cantidad de follows = 798"
<br><br><br>string(18) "emagrecer_agora.br"
string(25) "Cantidad de follows = 899"
<br><br><br>string(9) "caio_luka"
string(25) "Cantidad de follows = 288"
<br><br><br>string(10) "brasil.anb"
string(25) "Cantidad de follows = 683"
<br><br><br>string(19) "jeanpiresfotografia"
string(26) "Cantidad de follows = 1068"
<br><br><br>object(stdClass)#223 (2) {
  ["id"]=>
  string(5) "31483"
  ["login"]=>
  string(12) "canutoandree"
}
string(15) "charles_gsilvaa"
string(26) "Cantidad de follows = 1884"
<br><br><br>string(15) "theluccassantos"
string(26) "Cantidad de follows = 1142"
<br><br><br>string(10) "biih_faith"
string(26) "Cantidad de follows = 1463"
<br><br><br>string(18) "leonardomonteiro00"
string(25) "Cantidad de follows = 891"
<br><br><br>string(17) "carlafagundesblog"
string(26) "Cantidad de follows = 6240"
<br><br><br>string(13) "aguedamaurien"
string(26) "Cantidad de follows = 2551"
<br><br><br>string(13) "pedrosagfteam"
string(26) "Cantidad de follows = 1889"
<br><br><br>string(9) "eusoudaro"
string(26) "Cantidad de follows = 1654"
<br><br><br>string(14) "caiquefregnani"
string(27) "Cantidad de follows = 10634"
<br><br><br>string(14) "heitorsoares.c"
string(26) "Cantidad de follows = 7926"
<br><br><br>string(21) "mulheres_que_se_amam_"
string(24) "Cantidad de follows = 68"
<br><br><br>string(17) "marco.suplementos"
string(27) "Cantidad de follows = 10106"
<br><br><br>string(8) "tetovivo"
string(26) "Cantidad de follows = 1884"
<br><br><br>string(14) "andrewanderley"
string(26) "Cantidad de follows = 3467"
<br><br><br>string(9) "vitormc83"
string(25) "Cantidad de follows = 177"
<br><br><br>string(8) "_lsilvva"
string(26) "Cantidad de follows = 6204"
<br><br><br>string(17) "clube_das_gostosa"
string(26) "Cantidad de follows = 1598"
<br><br><br>string(17) "esteticista_julia"
string(25) "Cantidad de follows = 634"
<br><br><br>string(10) "kauadellon"
string(25) "Cantidad de follows = 733"
<br><br><br>string(20) "divulgageraisoficial"
string(27) "Cantidad de follows = 20920"
<br><br><br>string(18) "dr.grimaldobicalho"
string(26) "Cantidad de follows = 1711"
<br><br><br>string(10) "rahfritzen"
string(26) "Cantidad de follows = 9327"
<br><br><br>object(stdClass)#157 (2) {
  ["id"]=>
  string(5) "31679"
  ["login"]=>
  string(13) "eiandrecanuto"
}
string(10) "mariodj.uy"
string(26) "Cantidad de follows = 1822"
<br><br><br>string(14) "stephanmarinho"
string(26) "Cantidad de follows = 7033"
<br><br><br>string(9) "misouza07"
string(25) "Cantidad de follows = 720"
<br><br><br>string(16) "glaubritooficial"
string(26) "Cantidad de follows = 2077"
<br><br><br>string(18) "anacarolinefavacho"
string(26) "Cantidad de follows = 1170"
<br><br><br>string(17) "natpharmafarmacia"
string(25) "Cantidad de follows = 683"
<br><br><br>string(13) "tablesdecorpy"
string(25) "Cantidad de follows = 599"
<br><br><br>string(18) "julianasilvaespaco"
string(26) "Cantidad de follows = 1238"
<br><br><br>string(22) "alice_carvalho_oficial"
string(26) "Cantidad de follows = 1115"
<br><br><br>string(14) "juliaparanhos_"
string(27) "Cantidad de follows = 41419"
<br><br><br>string(18) "rannabeckeroficial"
string(27) "Cantidad de follows = 20245"
<br><br><br>string(13) "gomesterapias"
string(27) "Cantidad de follows = 48889"
<br><br><br>string(10) "filhoteeco"
string(27) "Cantidad de follows = 32745"
<br><br><br>object(stdClass)#150 (2) {
  ["id"]=>
  string(5) "31757"
  ["login"]=>
  string(15) "umbr_no_youtube"
}
string(12) "jeff_valerio"
string(25) "Cantidad de follows = 226"
<br><br><br>string(12) "calmbunnypet"
string(25) "Cantidad de follows = 635"
<br><br><br>string(9) "equipe.dx"
string(26) "Cantidad de follows = 2466"
<br><br><br>string(11) "mr.andyarte"
string(25) "Cantidad de follows = 233"
<br><br><br>string(12) "401loungebar"
string(26) "Cantidad de follows = 6711"
<br><br><br>string(14) "edinhotattoojc"
string(27) "Cantidad de follows = 10840"
<br><br><br>string(16) "claudio__soaress"
string(25) "Cantidad de follows = 154"
<br><br><br>string(17) "eduardo_purapesca"
string(28) "Cantidad de follows = 118011"
<br><br><br>string(18) "psi.brunarodrigues"
string(24) "Cantidad de follows = 15"
<br><br><br>string(14) "dillyscoralick"
string(26) "Cantidad de follows = 7830"
<br><br><br>string(15) "vitorhugomsouza"
string(25) "Cantidad de follows = 174"
<br><br><br>string(21) "maktubemiratessbrasil"
string(24) "Cantidad de follows = 46"
<br><br><br>\n<br>JOB DONE!!!<br>\n2018-10-17 07:54:40am