DAILY REPORT Inited...!<br>
2018-10-13 06:30:01am<br>
string(14) "alberto_dreyes"
string(27) "Cantidad de follows = 14396"
<br><br><br>string(19) "opiniaoconservadora"
string(27) "Cantidad de follows = 56305"
<br><br><br>string(17) "sibitecomunicacao"
string(27) "Cantidad de follows = 10263"
<br><br><br>string(11) "mo.taniguti"
string(27) "Cantidad de follows = 20845"
<br><br><br>object(stdClass)#30 (2) {
  ["id"]=>
  string(3) "146"
  ["login"]=>
  string(12) "auepromocoes"
}
string(23) "jeunesse_bycrislafratta"
string(25) "Cantidad de follows = 184"
<br><br><br>string(12) "lily.s.alves"
string(26) "Cantidad de follows = 2089"
<br><br><br>string(10) "powerlook_"
string(27) "Cantidad de follows = 60693"
<br><br><br>object(stdClass)#12 (2) {
  ["id"]=>
  string(3) "245"
  ["login"]=>
  string(18) "xodozinho.retratos"
}
object(stdClass)#23 (2) {
  ["id"]=>
  string(3) "867"
  ["login"]=>
  string(14) "joaovictorjvb1"
}
object(stdClass)#12 (2) {
  ["id"]=>
  string(4) "1059"
  ["login"]=>
  string(8) "graverrj"
}
string(7) "ma_luco"
string(27) "Cantidad de follows = 28607"
<br><br><br>string(12) "carlloooooss"
string(26) "Cantidad de follows = 1287"
<br><br><br>string(15) "sapatodochef.pa"
string(26) "Cantidad de follows = 2371"
<br><br><br>object(stdClass)#221 (2) {
  ["id"]=>
  string(4) "2175"
  ["login"]=>
  string(10) "vireiloira"
}
string(18) "mercadomodelobahia"
string(26) "Cantidad de follows = 9052"
<br><br><br>string(11) "thayscalmon"
string(26) "Cantidad de follows = 5267"
<br><br><br>string(11) "decoremundo"
string(27) "Cantidad de follows = 14339"
<br><br><br>string(9) "decorcool"
string(23) "Cantidad de follows = 7"
<br><br><br>string(8) "fragabar"
string(26) "Cantidad de follows = 4331"
<br><br><br>object(stdClass)#192 (2) {
  ["id"]=>
  string(4) "4236"
  ["login"]=>
  string(8) "lorenaym"
}
string(11) "pamelaotero"
string(27) "Cantidad de follows = 46119"
<br><br><br>string(19) "starpointcollection"
string(27) "Cantidad de follows = 12672"
<br><br><br>string(9) "katiacsdc"
string(27) "Cantidad de follows = 18321"
<br><br><br>string(14) "grazielialvess"
string(27) "Cantidad de follows = 21576"
<br><br><br>string(22) "dra_barbaravasconcelos"
string(27) "Cantidad de follows = 24008"
<br><br><br>string(21) "comandantedochurrasco"
string(27) "Cantidad de follows = 56717"
<br><br><br>string(12) "40antesdos40"
string(27) "Cantidad de follows = 27753"
<br><br><br>string(16) "drricardopalacio"
string(27) "Cantidad de follows = 25669"
<br><br><br>string(12) "pollyruffini"
string(26) "Cantidad de follows = 6982"
<br><br><br>string(14) "carlos_skatmar"
string(26) "Cantidad de follows = 2342"
<br><br><br>string(10) "star_point"
string(27) "Cantidad de follows = 32699"
<br><br><br>string(8) "rruizmma"
string(27) "Cantidad de follows = 46989"
<br><br><br>string(8) "dumbu.09"
string(26) "Cantidad de follows = 7679"
<br><br><br>string(14) "marcosp.medina"
string(26) "Cantidad de follows = 4108"
<br><br><br>string(11) "sandrozion7"
string(27) "Cantidad de follows = 21078"
<br><br><br>string(17) "grandville_hoteis"
string(27) "Cantidad de follows = 12702"
<br><br><br>string(11) "josiasdiass"
string(27) "Cantidad de follows = 18074"
<br><br><br>string(18) "barbaracampospalma"
string(26) "Cantidad de follows = 8702"
<br><br><br>string(9) "telless13"
string(27) "Cantidad de follows = 14401"
<br><br><br>string(13) "bandamegafire"
string(27) "Cantidad de follows = 23385"
<br><br><br>string(17) "sosoportunidade10"
string(25) "Cantidad de follows = 964"
<br><br><br>string(18) "academia_king_thai"
string(26) "Cantidad de follows = 5072"
<br><br><br>string(13) "renatafontany"
string(27) "Cantidad de follows = 33131"
<br><br><br>string(14) "cabelosaugusto"
string(27) "Cantidad de follows = 23071"
<br><br><br>string(14) "brunocerqueira"
string(27) "Cantidad de follows = 10558"
<br><br><br>string(10) "noxboymike"
string(26) "Cantidad de follows = 5467"
<br><br><br>string(20) "juliobaptistaoficial"
string(28) "Cantidad de follows = 250627"
<br><br><br>string(21) "ateliermarielamoreira"
string(27) "Cantidad de follows = 15841"
<br><br><br>object(stdClass)#216 (2) {
  ["id"]=>
  string(5) "11096"
  ["login"]=>
  string(12) "michaelletjp"
}
object(stdClass)#50 (2) {
  ["id"]=>
  string(5) "11099"
  ["login"]=>
  string(13) "agostochuvoso"
}
string(11) "insultedboy"
string(26) "Cantidad de follows = 3520"
<br><br><br>string(11) "weilla_morg"
string(25) "Cantidad de follows = 933"
<br><br><br>string(11) "raphabritoo"
string(27) "Cantidad de follows = 16067"
<br><br><br>string(10) "vinihveiga"
string(26) "Cantidad de follows = 4089"
<br><br><br>object(stdClass)#212 (2) {
  ["id"]=>
  string(5) "11131"
  ["login"]=>
  string(14) "deliciasdoronk"
}
string(16) "duuduuzinhosilva"
string(26) "Cantidad de follows = 3030"
<br><br><br>string(9) "carlosbsg"
string(25) "Cantidad de follows = 922"
<br><br><br>string(12) "danndourado0"
string(27) "Cantidad de follows = 14957"
<br><br><br>string(7) "biel312"
string(24) "Cantidad de follows = 10"
<br><br><br>string(11) "caiogrunupp"
string(26) "Cantidad de follows = 3313"
<br><br><br>string(11) "paullonunan"
string(26) "Cantidad de follows = 1435"
<br><br><br>string(12) "pablodiego15"
string(26) "Cantidad de follows = 1105"
<br><br><br>object(stdClass)#139 (2) {
  ["id"]=>
  string(5) "11230"
  ["login"]=>
  string(16) "_luferreiranunes"
}
string(14) "natan_mantelli"
string(25) "Cantidad de follows = 800"
<br><br><br>string(17) "antoniocarlos3627"
string(24) "Cantidad de follows = 43"
<br><br><br>string(11) "365_indubai"
string(27) "Cantidad de follows = 21789"
<br><br><br>object(stdClass)#83 (2) {
  ["id"]=>
  string(5) "11239"
  ["login"]=>
  string(12) "ceottosinuhe"
}
string(14) "vitoriaabritto"
string(27) "Cantidad de follows = 33431"
<br><br><br>string(11) "lojaoperapc"
string(27) "Cantidad de follows = 23900"
<br><br><br>string(12) "huealimentos"
string(26) "Cantidad de follows = 5124"
<br><br><br>string(13) "kstimportados"
string(26) "Cantidad de follows = 4388"
<br><br><br>string(7) "wi11see"
string(27) "Cantidad de follows = 11573"
<br><br><br>string(12) "s7_producoes"
string(26) "Cantidad de follows = 6008"
<br><br><br>string(12) "gabrielaribi"
string(26) "Cantidad de follows = 7622"
<br><br><br>string(17) "brunosennaimagens"
string(27) "Cantidad de follows = 13187"
<br><br><br>string(14) "maycowmontemor"
string(27) "Cantidad de follows = 32453"
<br><br><br>string(14) "alinemarcovici"
string(27) "Cantidad de follows = 18513"
<br><br><br>string(10) "junior.dev"
string(27) "Cantidad de follows = 17713"
<br><br><br>string(13) "amaassessoria"
string(26) "Cantidad de follows = 7663"
<br><br><br>string(11) "julisciotto"
string(27) "Cantidad de follows = 24548"
<br><br><br>string(14) "draalinehsilva"
string(27) "Cantidad de follows = 20224"
<br><br><br>string(13) "rodasemotores"
string(27) "Cantidad de follows = 14341"
<br><br><br>string(13) "euclaracampos"
string(26) "Cantidad de follows = 4290"
<br><br><br>string(19) "thamaraelisa.tattoo"
string(27) "Cantidad de follows = 14277"
<br><br><br>string(15) "megaminassports"
string(26) "Cantidad de follows = 6759"
<br><br><br>string(16) "agencia_portal37"
string(26) "Cantidad de follows = 3335"
<br><br><br>object(stdClass)#149 (2) {
  ["id"]=>
  string(5) "11792"
  ["login"]=>
  string(14) "hf_metalurgica"
}
string(13) "grillegourmet"
string(26) "Cantidad de follows = 5119"
<br><br><br>string(11) "davidkapper"
string(27) "Cantidad de follows = 13016"
<br><br><br>string(11) "7chavesfoto"
string(27) "Cantidad de follows = 11040"
<br><br><br>string(11) "joiaskether"
string(27) "Cantidad de follows = 19519"
<br><br><br>string(14) "luziasantana33"
string(28) "Cantidad de follows = 236877"
<br><br><br>string(13) "thiagovaleiro"
string(26) "Cantidad de follows = 3821"
<br><br><br>object(stdClass)#53 (2) {
  ["id"]=>
  string(5) "12434"
  ["login"]=>
  string(9) "dupicasso"
}
string(11) "laura_bergo"
string(26) "Cantidad de follows = 6422"
<br><br><br>string(15) "dra.raphabecker"
string(27) "Cantidad de follows = 19717"
<br><br><br>string(14) "andreluiznardo"
string(27) "Cantidad de follows = 16504"
<br><br><br>object(stdClass)#94 (2) {
  ["id"]=>
  string(5) "13880"
  ["login"]=>
  string(8) "letdaher"
}
string(9) "dgarciia_"
string(25) "Cantidad de follows = 859"
<br><br><br>string(10) "joaosurf12"
string(24) "Cantidad de follows = 96"
<br><br><br>string(8) "itsandco"
string(27) "Cantidad de follows = 20646"
<br><br><br>string(10) "ela_andrea"
string(27) "Cantidad de follows = 22480"
<br><br><br>string(14) "nafurtadocakes"
string(26) "Cantidad de follows = 6598"
<br><br><br>string(18) "castrolautoservice"
string(26) "Cantidad de follows = 9338"
<br><br><br>string(9) "livdrinks"
string(27) "Cantidad de follows = 47545"
<br><br><br>string(18) "portalautoshopping"
string(27) "Cantidad de follows = 12137"
<br><br><br>string(20) "manu.mamaeaoquadrado"
string(26) "Cantidad de follows = 9588"
<br><br><br>string(15) "odontowebschool"
string(27) "Cantidad de follows = 10578"
<br><br><br>string(9) "abarkeria"
string(27) "Cantidad de follows = 33472"
<br><br><br>object(stdClass)#147 (2) {
  ["id"]=>
  string(5) "15166"
  ["login"]=>
  string(14) "__fehholiveira"
}
string(10) "ninabaking"
string(26) "Cantidad de follows = 8956"
<br><br><br>string(10) "jgiordanoo"
string(27) "Cantidad de follows = 12556"
<br><br><br>string(18) "domhairfelippewill"
string(27) "Cantidad de follows = 11526"
<br><br><br>string(7) "pbpetti"
string(27) "Cantidad de follows = 39693"
<br><br><br>string(10) "psych0wolf"
string(25) "Cantidad de follows = 406"
<br><br><br>string(8) "andreiso"
string(26) "Cantidad de follows = 9536"
<br><br><br>string(13) "biadiascoelho"
string(26) "Cantidad de follows = 4884"
<br><br><br>string(8) "mytrips7"
string(25) "Cantidad de follows = 525"
<br><br><br>string(13) "directdireito"
string(27) "Cantidad de follows = 11231"
<br><br><br>string(12) "patrickvalle"
string(26) "Cantidad de follows = 3563"
<br><br><br>string(21) "lucianalauferofficial"
string(27) "Cantidad de follows = 18795"
<br><br><br>string(13) "matheuspercut"
string(26) "Cantidad de follows = 1158"
<br><br><br>string(10) "flavia_vdr"
string(27) "Cantidad de follows = 11274"
<br><br><br>object(stdClass)#32 (2) {
  ["id"]=>
  string(5) "16861"
  ["login"]=>
  string(14) "mickael_cortes"
}
string(16) "helder_del_monte"
string(27) "Cantidad de follows = 16261"
<br><br><br>string(18) "physicalpilates_bh"
string(26) "Cantidad de follows = 5615"
<br><br><br>string(13) "faleiroslaura"
string(27) "Cantidad de follows = 12878"
<br><br><br>string(11) "dannysetudo"
string(26) "Cantidad de follows = 9648"
<br><br><br>string(15) "portodepiranhas"
string(27) "Cantidad de follows = 10472"
<br><br><br>string(24) "contadordehistoriasreais"
string(27) "Cantidad de follows = 27577"
<br><br><br>string(6) "guil38"
string(26) "Cantidad de follows = 6511"
<br><br><br>string(22) "vacationhomeneardisney"
string(27) "Cantidad de follows = 19607"
<br><br><br>string(16) "drguilhermecravo"
string(26) "Cantidad de follows = 3162"
<br><br><br>string(6) "ossmkt"
string(26) "Cantidad de follows = 5290"
<br><br><br>string(10) "jhoneheber"
string(27) "Cantidad de follows = 23513"
<br><br><br>string(20) "justiniano0_official"
string(26) "Cantidad de follows = 2975"
<br><br><br>string(15) "sao_os_caipiras"
string(26) "Cantidad de follows = 9480"
<br><br><br>string(9) "acerickrj"
string(27) "Cantidad de follows = 12283"
<br><br><br>string(15) "leandrogarciadj"
string(27) "Cantidad de follows = 19327"
<br><br><br>string(14) "osnirhamburger"
string(26) "Cantidad de follows = 6853"
<br><br><br>string(8) "dutruffi"
string(27) "Cantidad de follows = 14203"
<br><br><br>string(9) "lschuback"
string(26) "Cantidad de follows = 7815"
<br><br><br>string(21) "carolinanortondematos"
string(27) "Cantidad de follows = 11785"
<br><br><br>object(stdClass)#8 (2) {
  ["id"]=>
  string(5) "18103"
  ["login"]=>
  string(22) "denisegoncalves.santos"
}
string(14) "ethianemarques"
string(25) "Cantidad de follows = 687"
<br><br><br>string(10) "synaraleal"
string(27) "Cantidad de follows = 16175"
<br><br><br>string(8) "trinjune"
string(23) "Cantidad de follows = 0"
<br><br><br>string(12) "holy_popcorn"
string(27) "Cantidad de follows = 10353"
<br><br><br>string(9) "eltranvia"
string(27) "Cantidad de follows = 15833"
<br><br><br>string(19) "diegogoulartoficial"
string(27) "Cantidad de follows = 20486"
<br><br><br>string(15) "cartolinadesign"
string(26) "Cantidad de follows = 5620"
<br><br><br>string(9) "quarto_22"
string(26) "Cantidad de follows = 5601"
<br><br><br>string(10) "blogdakeli"
string(24) "Cantidad de follows = 12"
<br><br><br>object(stdClass)#68 (2) {
  ["id"]=>
  string(5) "18816"
  ["login"]=>
  string(10) "lefitnessb"
}
string(9) "awsmining"
string(26) "Cantidad de follows = 4654"
<br><br><br>string(13) "willianabrito"
string(26) "Cantidad de follows = 6742"
<br><br><br>string(23) "eusoutestemunhadogolias"
string(25) "Cantidad de follows = 205"
<br><br><br>string(16) "tumsoundfestival"
string(26) "Cantidad de follows = 1476"
<br><br><br>string(18) "casalbioequilibrio"
string(27) "Cantidad de follows = 11256"
<br><br><br>string(13) "mimosearomaas"
string(26) "Cantidad de follows = 9096"
<br><br><br>object(stdClass)#94 (2) {
  ["id"]=>
  string(5) "19152"
  ["login"]=>
  string(17) "gventurinpersonal"
}
string(9) "fastfitsc"
string(26) "Cantidad de follows = 3611"
<br><br><br>string(11) "raif_tattoo"
string(27) "Cantidad de follows = 13133"
<br><br><br>string(10) "hustler.hc"
string(26) "Cantidad de follows = 2465"
<br><br><br>string(9) "isarengel"
string(26) "Cantidad de follows = 6780"
<br><br><br>string(12) "solus_online"
string(26) "Cantidad de follows = 4056"
<br><br><br>string(11) "refugiohoje"
string(27) "Cantidad de follows = 12422"
<br><br><br>string(13) "nati.fressato"
string(26) "Cantidad de follows = 7238"
<br><br><br>string(17) "calcadospaubrasil"
string(26) "Cantidad de follows = 8240"
<br><br><br>string(10) "daly_store"
string(27) "Cantidad de follows = 21678"
<br><br><br>string(11) "angelosciao"
string(26) "Cantidad de follows = 5253"
<br><br><br>string(6) "fuinha"
string(25) "Cantidad de follows = 194"
<br><br><br>string(10) "kombi_krug"
string(25) "Cantidad de follows = 508"
<br><br><br>string(12) "rekombinando"
string(26) "Cantidad de follows = 5961"
<br><br><br>string(15) "blogdasusantoss"
string(26) "Cantidad de follows = 5414"
<br><br><br>string(15) "diadeacessorios"
string(26) "Cantidad de follows = 2315"
<br><br><br>string(18) "christians.pereira"
string(26) "Cantidad de follows = 3764"
<br><br><br>object(stdClass)#23 (2) {
  ["id"]=>
  string(5) "19844"
  ["login"]=>
  string(13) "oficialpharma"
}
string(28) "pedrowilsonrodriguespimentel"
string(26) "Cantidad de follows = 7716"
<br><br><br>string(15) "atelieluizrocha"
string(27) "Cantidad de follows = 10232"
<br><br><br>string(12) "bibiscamargo"
string(26) "Cantidad de follows = 2039"
<br><br><br>string(16) "centerperfumaria"
string(26) "Cantidad de follows = 5517"
<br><br><br>string(10) "pmelorocha"
string(26) "Cantidad de follows = 6353"
<br><br><br>object(stdClass)#75 (2) {
  ["id"]=>
  string(5) "20149"
  ["login"]=>
  string(14) "thaliaalvesdec"
}
string(12) "yasminndias_"
string(26) "Cantidad de follows = 9393"
<br><br><br>string(17) "jb_alves_educador"
string(26) "Cantidad de follows = 3539"
<br><br><br>string(24) "leonardosantosfotografia"
string(27) "Cantidad de follows = 39697"
<br><br><br>string(8) "sporttot"
string(24) "Cantidad de follows = 23"
<br><br><br>object(stdClass)#156 (2) {
  ["id"]=>
  string(5) "20503"
  ["login"]=>
  string(8) "chandler"
}
string(13) "ayllesantiago"
string(28) "Cantidad de follows = 133606"
<br><br><br>string(12) "maisonbiarro"
string(27) "Cantidad de follows = 30418"
<br><br><br>string(15) "iselamendozadec"
string(26) "Cantidad de follows = 6049"
<br><br><br>string(9) "bamboh.pt"
string(26) "Cantidad de follows = 2604"
<br><br><br>string(12) "redeentropia"
string(26) "Cantidad de follows = 5892"
<br><br><br>string(13) "goutaguatinga"
string(26) "Cantidad de follows = 1015"
<br><br><br>object(stdClass)#146 (2) {
  ["id"]=>
  string(5) "20682"
  ["login"]=>
  string(11) "farmapharma"
}
string(18) "calabriapizzariarj"
string(26) "Cantidad de follows = 2470"
<br><br><br>object(stdClass)#146 (2) {
  ["id"]=>
  string(5) "20818"
  ["login"]=>
  string(20) "cadillacs.pastelaria"
}
object(stdClass)#77 (2) {
  ["id"]=>
  string(5) "20927"
  ["login"]=>
  string(25) "missionariojairodossantos"
}
object(stdClass)#146 (2) {
  ["id"]=>
  string(5) "21062"
  ["login"]=>
  string(13) "jesuisluciano"
}
object(stdClass)#77 (2) {
  ["id"]=>
  string(5) "21230"
  ["login"]=>
  string(9) "vikatorsc"
}
string(19) "nicollystoreoficial"
string(26) "Cantidad de follows = 7489"
<br><br><br>object(stdClass)#77 (2) {
  ["id"]=>
  string(5) "21368"
  ["login"]=>
  string(18) "ricardoribeiro0013"
}
string(24) "ramossegurancaeletronica"
string(26) "Cantidad de follows = 3290"
<br><br><br>string(18) "camacariplazahotel"
string(26) "Cantidad de follows = 6284"
<br><br><br>string(13) "_telesgabriel"
string(26) "Cantidad de follows = 2535"
<br><br><br>string(12) "fbfabiolopes"
string(26) "Cantidad de follows = 8987"
<br><br><br>object(stdClass)#216 (2) {
  ["id"]=>
  string(5) "21517"
  ["login"]=>
  string(23) "biscuitporvictorialeite"
}
string(10) "trapburger"
string(26) "Cantidad de follows = 2640"
<br><br><br>string(20) "shoppingcasaedesign_"
string(26) "Cantidad de follows = 8746"
<br><br><br>string(9) "samiilly_"
string(27) "Cantidad de follows = 18246"
<br><br><br>object(stdClass)#57 (2) {
  ["id"]=>
  string(5) "21731"
  ["login"]=>
  string(9) "conhecaes"
}
string(7) "loirasn"
string(25) "Cantidad de follows = 195"
<br><br><br>string(15) "santasticauniao"
string(26) "Cantidad de follows = 6290"
<br><br><br>string(19) "embraconcondominios"
string(26) "Cantidad de follows = 4660"
<br><br><br>string(17) "hamburguinhomoema"
string(27) "Cantidad de follows = 60689"
<br><br><br>string(14) "vilmamartins_7"
string(26) "Cantidad de follows = 1306"
<br><br><br>string(12) "leticiajural"
string(26) "Cantidad de follows = 8493"
<br><br><br>string(8) "_zero100"
string(27) "Cantidad de follows = 52182"
<br><br><br>string(20) "lionrollingcircusrio"
string(27) "Cantidad de follows = 14475"
<br><br><br>string(9) "_nerdjunk"
string(26) "Cantidad de follows = 5367"
<br><br><br>string(10) "pilotelton"
string(27) "Cantidad de follows = 11315"
<br><br><br>string(14) "marcioancelmoo"
string(26) "Cantidad de follows = 4981"
<br><br><br>object(stdClass)#182 (2) {
  ["id"]=>
  string(5) "22627"
  ["login"]=>
  string(18) "lucaswiliamsoliver"
}
string(14) "kevinlorenzorj"
string(26) "Cantidad de follows = 3390"
<br><br><br>object(stdClass)#182 (2) {
  ["id"]=>
  string(5) "22701"
  ["login"]=>
  string(21) "falandodemaquiagem_01"
}
string(13) "georgemuchuli"
string(26) "Cantidad de follows = 7770"
<br><br><br>string(15) "wendell_alvess_"
string(24) "Cantidad de follows = 85"
<br><br><br>object(stdClass)#100 (2) {
  ["id"]=>
  string(5) "22786"
  ["login"]=>
  string(6) "jpzk02"
}
object(stdClass)#71 (2) {
  ["id"]=>
  string(5) "22791"
  ["login"]=>
  string(13) "rodrigues.exe"
}
object(stdClass)#100 (2) {
  ["id"]=>
  string(5) "22915"
  ["login"]=>
  string(10) "5000covers"
}
string(18) "marciomouraoficial"
string(27) "Cantidad de follows = 12424"
<br><br><br>object(stdClass)#100 (2) {
  ["id"]=>
  string(5) "23135"
  ["login"]=>
  string(15) "daniak_boutique"
}
string(23) "formatacaotccmonografia"
string(24) "Cantidad de follows = 95"
<br><br><br>string(6) "nekkow"
string(24) "Cantidad de follows = 15"
<br><br><br>string(5) "lucao"
string(25) "Cantidad de follows = 556"
<br><br><br>string(6) "lucao2"
string(25) "Cantidad de follows = 588"
<br><br><br>string(13) "marcelomarkes"
string(27) "Cantidad de follows = 19933"
<br><br><br>string(14) "dl_beautysalon"
string(26) "Cantidad de follows = 1949"
<br><br><br>string(15) "ariadinebarreto"
string(27) "Cantidad de follows = 14582"
<br><br><br>string(13) "canalsemjacar"
string(27) "Cantidad de follows = 14278"
<br><br><br>string(11) "hiratabreno"
string(27) "Cantidad de follows = 12598"
<br><br><br>string(14) "erickspimentel"
string(26) "Cantidad de follows = 2024"
<br><br><br>string(12) "jessicaiwata"
string(27) "Cantidad de follows = 34290"
<br><br><br>string(14) "dnaphotoevideo"
string(27) "Cantidad de follows = 29162"
<br><br><br>string(18) "gamecenterpaulista"
string(27) "Cantidad de follows = 10340"
<br><br><br>string(10) "pacofishrd"
string(26) "Cantidad de follows = 8067"
<br><br><br>string(14) "qualityhotelsd"
string(26) "Cantidad de follows = 1206"
<br><br><br>string(17) "isabellabofficial"
string(27) "Cantidad de follows = 14008"
<br><br><br>string(13) "alialioficial"
string(25) "Cantidad de follows = 675"
<br><br><br>string(15) "barbeariadoneno"
string(27) "Cantidad de follows = 13777"
<br><br><br>string(10) "plagamba01"
string(26) "Cantidad de follows = 2644"
<br><br><br>string(11) "oscarcauchi"
string(26) "Cantidad de follows = 3622"
<br><br><br>string(7) "18laras"
string(26) "Cantidad de follows = 1819"
<br><br><br>string(16) "entreomarealagoa"
string(26) "Cantidad de follows = 1677"
<br><br><br>string(9) "darlanred"
string(27) "Cantidad de follows = 21308"
<br><br><br>string(15) "riolisboabrasil"
string(25) "Cantidad de follows = 205"
<br><br><br>string(12) "studio4cinco"
string(26) "Cantidad de follows = 4935"
<br><br><br>string(13) "fabriciofabre"
string(26) "Cantidad de follows = 8582"
<br><br><br>string(22) "suamusicapersonalizada"
string(27) "Cantidad de follows = 10546"
<br><br><br>string(10) "fioremixbr"
string(25) "Cantidad de follows = 327"
<br><br><br>string(8) "kevinvem"
string(23) "Cantidad de follows = 5"
<br><br><br>string(12) "djallannatal"
string(27) "Cantidad de follows = 29009"
<br><br><br>string(15) "polpasempreviva"
string(27) "Cantidad de follows = 34506"
<br><br><br>string(8) "kessyaaa"
string(27) "Cantidad de follows = 11062"
<br><br><br>string(8) "celparra"
string(27) "Cantidad de follows = 10648"
<br><br><br>object(stdClass)#171 (2) {
  ["id"]=>
  string(5) "25524"
  ["login"]=>
  string(11) "tompson9345"
}
object(stdClass)#95 (2) {
  ["id"]=>
  string(5) "25571"
  ["login"]=>
  string(14) "habner_martins"
}
string(24) "fitnessuplementosoficial"
string(25) "Cantidad de follows = 329"
<br><br><br>string(13) "mayconbarroco"
string(27) "Cantidad de follows = 18516"
<br><br><br>string(9) "caiocesar"
string(24) "Cantidad de follows = 84"
<br><br><br>string(8) "lil.fama"
string(27) "Cantidad de follows = 21154"
<br><br><br>string(12) "institutoybi"
string(27) "Cantidad de follows = 18010"
<br><br><br>object(stdClass)#203 (2) {
  ["id"]=>
  string(5) "26183"
  ["login"]=>
  string(14) "andresa_lebens"
}
string(7) "yuryv05"
string(27) "Cantidad de follows = 10266"
<br><br><br>string(15) "eliana_casimiro"
string(26) "Cantidad de follows = 5634"
<br><br><br>string(11) "maloohstore"
string(26) "Cantidad de follows = 3697"
<br><br><br>string(15) "lauraivinadecor"
string(26) "Cantidad de follows = 8997"
<br><br><br>string(16) "simplesmenteamei"
string(27) "Cantidad de follows = 16085"
<br><br><br>string(16) "drraphaelmarques"
string(27) "Cantidad de follows = 21332"
<br><br><br>string(10) "casazunzun"
string(26) "Cantidad de follows = 5630"
<br><br><br>string(14) "draraymedeiros"
string(26) "Cantidad de follows = 1580"
<br><br><br>string(12) "4youdressing"
string(26) "Cantidad de follows = 3547"
<br><br><br>string(21) "lucaslermenfotografia"
string(27) "Cantidad de follows = 15071"
<br><br><br>string(16) "bracholuismiguel"
string(25) "Cantidad de follows = 835"
<br><br><br>string(17) "draflaviasgavioli"
string(27) "Cantidad de follows = 41593"
<br><br><br>string(16) "rafamello_cantor"
string(26) "Cantidad de follows = 9045"
<br><br><br>string(13) "gabinassyrios"
string(27) "Cantidad de follows = 28075"
<br><br><br>string(13) "cardosodani78"
string(25) "Cantidad de follows = 413"
<br><br><br>object(stdClass)#212 (2) {
  ["id"]=>
  string(5) "27362"
  ["login"]=>
  string(9) "k123silva"
}
string(9) "labotique"
string(25) "Cantidad de follows = 276"
<br><br><br>string(11) "eco.noronha"
string(26) "Cantidad de follows = 1076"
<br><br><br>string(13) "gelottisports"
string(26) "Cantidad de follows = 6266"
<br><br><br>string(13) "bombeefsantos"
string(27) "Cantidad de follows = 69826"
<br><br><br>string(15) "parvathi_brasil"
string(26) "Cantidad de follows = 8557"
<br><br><br>string(9) "lobotique"
string(26) "Cantidad de follows = 6617"
<br><br><br>string(8) "talincas"
string(27) "Cantidad de follows = 22593"
<br><br><br>string(21) "visagismofacial_drika"
string(25) "Cantidad de follows = 744"
<br><br><br>string(13) "bakwarabrasil"
string(26) "Cantidad de follows = 1564"
<br><br><br>string(19) "carlabarcellosjoias"
string(27) "Cantidad de follows = 11463"
<br><br><br>string(16) "programagameover"
string(26) "Cantidad de follows = 1112"
<br><br><br>string(15) "aafrodite.store"
string(26) "Cantidad de follows = 5748"
<br><br><br>string(12) "rogiacomello"
string(26) "Cantidad de follows = 1419"
<br><br><br>string(11) "solvebrazil"
string(26) "Cantidad de follows = 1174"
<br><br><br>string(16) "drafernandavolpi"
string(27) "Cantidad de follows = 12390"
<br><br><br>object(stdClass)#62 (2) {
  ["id"]=>
  string(5) "27722"
  ["login"]=>
  string(14) "maribel.silent"
}
string(13) "miocheoficial"
string(27) "Cantidad de follows = 45483"
<br><br><br>string(11) "daylipadron"
string(26) "Cantidad de follows = 8271"
<br><br><br>string(14) "mercadolabarra"
string(26) "Cantidad de follows = 4474"
<br><br><br>string(10) "naraabreuu"
string(26) "Cantidad de follows = 4565"
<br><br><br>string(8) "lukmodas"
string(26) "Cantidad de follows = 8173"
<br><br><br>string(21) "girlsgardenacessorios"
string(26) "Cantidad de follows = 2016"
<br><br><br>string(13) "capimlimaomga"
string(26) "Cantidad de follows = 5487"
<br><br><br>string(15) "maxpremiumjeans"
string(26) "Cantidad de follows = 8446"
<br><br><br>string(8) "bruna.fb"
string(27) "Cantidad de follows = 21148"
<br><br><br>string(14) "na_cara_do_gol"
string(26) "Cantidad de follows = 3023"
<br><br><br>string(13) "jessicacytrus"
string(27) "Cantidad de follows = 29901"
<br><br><br>string(11) "cyrofuziama"
string(27) "Cantidad de follows = 25186"
<br><br><br>string(11) "thaycomfome"
string(27) "Cantidad de follows = 26884"
<br><br><br>string(10) "dankana_dk"
string(26) "Cantidad de follows = 8839"
<br><br><br>string(13) "vivimaquiagem"
string(26) "Cantidad de follows = 3455"
<br><br><br>string(14) "fshirtsdesigns"
string(25) "Cantidad de follows = 368"
<br><br><br>string(15) "closetdasduasto"
string(27) "Cantidad de follows = 14281"
<br><br><br>object(stdClass)#216 (2) {
  ["id"]=>
  string(5) "28069"
  ["login"]=>
  string(14) "rosaduartelash"
}
string(11) "gardelmaroz"
string(26) "Cantidad de follows = 6271"
<br><br><br>object(stdClass)#216 (2) {
  ["id"]=>
  string(5) "28080"
  ["login"]=>
  string(16) "msanchescaroline"
}
object(stdClass)#187 (2) {
  ["id"]=>
  string(5) "28092"
  ["login"]=>
  string(9) "pri_avlis"
}
string(13) "ferefacrochet"
string(26) "Cantidad de follows = 9036"
<br><br><br>object(stdClass)#187 (2) {
  ["id"]=>
  string(5) "28099"
  ["login"]=>
  string(13) "menezesandree"
}
string(7) "nr_mini"
string(27) "Cantidad de follows = 11177"
<br><br><br>string(6) "dz9bnb"
string(26) "Cantidad de follows = 3383"
<br><br><br>object(stdClass)#140 (2) {
  ["id"]=>
  string(5) "28145"
  ["login"]=>
  string(20) "nossoapartamento_103"
}
string(18) "cheirinhodamariana"
string(26) "Cantidad de follows = 7631"
<br><br><br>object(stdClass)#140 (2) {
  ["id"]=>
  string(5) "28213"
  ["login"]=>
  string(15) "malucassimiro.r"
}
string(16) "alvomarketingagc"
string(26) "Cantidad de follows = 9431"
<br><br><br>string(17) "ilmiocasamentoios"
string(26) "Cantidad de follows = 1016"
<br><br><br>string(16) "dranayanepacheco"
string(28) "Cantidad de follows = 138855"
<br><br><br>string(24) "silvanonunes.hairstylist"
string(27) "Cantidad de follows = 23115"
<br><br><br>object(stdClass)#18 (2) {
  ["id"]=>
  string(5) "28276"
  ["login"]=>
  string(13) "tatyanealvess"
}
string(21) "closetdemulheroficial"
string(26) "Cantidad de follows = 3917"
<br><br><br>string(17) "drdanilopelegrino"
string(26) "Cantidad de follows = 5850"
<br><br><br>string(20) "mariaclaraguimaraes1"
string(27) "Cantidad de follows = 34756"
<br><br><br>string(15) "vitoria.mamedio"
string(26) "Cantidad de follows = 7565"
<br><br><br>string(12) "meirellesipc"
string(26) "Cantidad de follows = 1498"
<br><br><br>string(12) "luporluciana"
string(26) "Cantidad de follows = 8468"
<br><br><br>string(11) "andersonvoo"
string(26) "Cantidad de follows = 1055"
<br><br><br>string(14) "niqueferreiira"
string(27) "Cantidad de follows = 12349"
<br><br><br>string(15) "carlota_barnabe"
string(27) "Cantidad de follows = 12704"
<br><br><br>string(17) "drdanilopelegrino"
string(26) "Cantidad de follows = 5850"
<br><br><br>string(9) "lipinhuss"
string(26) "Cantidad de follows = 1774"
<br><br><br>string(13) "mayaramarkes_"
string(26) "Cantidad de follows = 8578"
<br><br><br>string(10) "ky2oficial"
string(26) "Cantidad de follows = 2421"
<br><br><br>string(11) "mendy_vivii"
string(26) "Cantidad de follows = 3967"
<br><br><br>object(stdClass)#221 (2) {
  ["id"]=>
  string(5) "28497"
  ["login"]=>
  string(21) "_medicinaintegrativa_"
}
string(25) "specialitycoffeegastropub"
string(25) "Cantidad de follows = 555"
<br><br><br>string(11) "carolsousas"
string(26) "Cantidad de follows = 3546"
<br><br><br>object(stdClass)#146 (2) {
  ["id"]=>
  string(5) "28517"
  ["login"]=>
  string(19) "martins_consultoria"
}
string(4) "fila"
string(25) "Cantidad de follows = 837"
<br><br><br>string(6) "reebok"
string(29) "Cantidad de follows = 2133957"
<br><br><br>string(8) "bindanvm"
string(26) "Cantidad de follows = 1485"
<br><br><br>string(18) "wesleyoliveirareal"
string(26) "Cantidad de follows = 2820"
<br><br><br>string(9) "indikqui_"
string(26) "Cantidad de follows = 1330"
<br><br><br>string(10) "luahungria"
string(26) "Cantidad de follows = 4522"
<br><br><br>object(stdClass)#54 (2) {
  ["id"]=>
  string(5) "28557"
  ["login"]=>
  string(10) "kaahcintra"
}
string(17) "reabilitar.studio"
string(26) "Cantidad de follows = 5629"
<br><br><br>string(9) "amaraljej"
string(25) "Cantidad de follows = 613"
<br><br><br>string(14) "websterramalho"
string(25) "Cantidad de follows = 738"
<br><br><br>string(24) "vida_sol_e_mar_ecoresort"
string(26) "Cantidad de follows = 7104"
<br><br><br>string(10) "aco_brasil"
string(26) "Cantidad de follows = 3297"
<br><br><br>string(13) "desafioadois2"
string(26) "Cantidad de follows = 6940"
<br><br><br>string(10) "joaozaneti"
string(27) "Cantidad de follows = 13297"
<br><br><br>string(12) "karbofitness"
string(27) "Cantidad de follows = 10879"
<br><br><br>string(12) "nayaranouber"
string(27) "Cantidad de follows = 18018"
<br><br><br>object(stdClass)#215 (2) {
  ["id"]=>
  string(5) "28654"
  ["login"]=>
  string(11) "ellenrauber"
}
object(stdClass)#98 (2) {
  ["id"]=>
  string(5) "28657"
  ["login"]=>
  string(14) "reserveviagens"
}
string(17) "ingrid_ferreira25"
string(25) "Cantidad de follows = 178"
<br><br><br>string(20) "neovita_fisioterapia"
string(26) "Cantidad de follows = 4956"
<br><br><br>string(17) "dunashookahlounge"
string(26) "Cantidad de follows = 9085"
<br><br><br>string(15) "emporio.forever"
string(25) "Cantidad de follows = 275"
<br><br><br>string(16) "mariakarencosta_"
string(26) "Cantidad de follows = 5951"
<br><br><br>string(13) "pretta_araujo"
string(27) "Cantidad de follows = 11935"
<br><br><br>string(18) "theo_kate_ragdolls"
string(26) "Cantidad de follows = 5108"
<br><br><br>string(9) "xaanndii_"
string(26) "Cantidad de follows = 1243"
<br><br><br>string(15) "pausetakeabreak"
string(26) "Cantidad de follows = 3971"
<br><br><br>string(10) "raquellsan"
string(27) "Cantidad de follows = 26124"
<br><br><br>string(11) "quatro_maos"
string(26) "Cantidad de follows = 4212"
<br><br><br>string(20) "apaudiovisualoficial"
string(25) "Cantidad de follows = 570"
<br><br><br>string(15) "gameoverworldmx"
string(24) "Cantidad de follows = 37"
<br><br><br>string(10) "macielcaio"
string(26) "Cantidad de follows = 3048"
<br><br><br>string(10) "pp_eventos"
string(26) "Cantidad de follows = 3617"
<br><br><br>string(15) "renatacanizares"
string(27) "Cantidad de follows = 13427"
<br><br><br>string(12) "dermatofarma"
string(26) "Cantidad de follows = 8856"
<br><br><br>string(14) "cinarafestasbh"
string(27) "Cantidad de follows = 38103"
<br><br><br>string(10) "mreissilva"
string(27) "Cantidad de follows = 23338"
<br><br><br>string(17) "minutoscomdelavec"
string(27) "Cantidad de follows = 13981"
<br><br><br>string(9) "lilispada"
string(28) "Cantidad de follows = 719911"
<br><br><br>string(13) "edersilveiram"
string(26) "Cantidad de follows = 4505"
<br><br><br>string(15) "rosanatiburtino"
string(26) "Cantidad de follows = 1037"
<br><br><br>string(18) "stopscapautomotivo"
string(26) "Cantidad de follows = 5980"
<br><br><br>object(stdClass)#144 (2) {
  ["id"]=>
  string(5) "28849"
  ["login"]=>
  string(8) "plasjowl"
}
string(12) "itzackcamila"
string(26) "Cantidad de follows = 1348"
<br><br><br>string(15) "eu_gabicarvalho"
string(26) "Cantidad de follows = 3026"
<br><br><br>string(19) "hypinosemodaoficial"
string(26) "Cantidad de follows = 9934"
<br><br><br>string(13) "everttonviana"
string(26) "Cantidad de follows = 9666"
<br><br><br>string(17) "shirleyalesantana"
string(27) "Cantidad de follows = 28080"
<br><br><br>string(14) "leticiastoledo"
string(26) "Cantidad de follows = 2577"
<br><br><br>string(14) "drpedroferrari"
string(27) "Cantidad de follows = 39252"
<br><br><br>string(11) "itamixbazar"
string(26) "Cantidad de follows = 4675"
<br><br><br>string(13) "trader_amador"
string(25) "Cantidad de follows = 167"
<br><br><br>string(16) "isabellasanchess"
string(26) "Cantidad de follows = 3000"
<br><br><br>object(stdClass)#62 (2) {
  ["id"]=>
  string(5) "28962"
  ["login"]=>
  string(15) "tiagomennezes11"
}
string(12) "bunkersounds"
string(26) "Cantidad de follows = 1680"
<br><br><br>string(14) "timmycelulares"
string(25) "Cantidad de follows = 216"
<br><br><br>object(stdClass)#52 (2) {
  ["id"]=>
  string(5) "28988"
  ["login"]=>
  string(15) "programavitrina"
}
object(stdClass)#198 (2) {
  ["id"]=>
  string(5) "28989"
  ["login"]=>
  string(18) "leocar.leonardoniq"
}
object(stdClass)#52 (2) {
  ["id"]=>
  string(5) "28990"
  ["login"]=>
  string(17) "acade_corpoeforma"
}
object(stdClass)#198 (2) {
  ["id"]=>
  string(5) "28993"
  ["login"]=>
  string(11) "atgaranhuns"
}
string(20) "annamaya_arquitetura"
string(26) "Cantidad de follows = 9196"
<br><br><br>string(8) "1kgdobom"
string(27) "Cantidad de follows = 14956"
<br><br><br>string(13) "livre.digital"
string(26) "Cantidad de follows = 3533"
<br><br><br>string(14) "rhuanpenaforte"
string(27) "Cantidad de follows = 10599"
<br><br><br>string(16) "restaurantebario"
string(26) "Cantidad de follows = 1351"
<br><br><br>string(21) "felippeturtransportes"
string(26) "Cantidad de follows = 3113"
<br><br><br>string(15) "solarlifeenergy"
string(25) "Cantidad de follows = 552"
<br><br><br>string(18) "vinteumcomunicacao"
string(25) "Cantidad de follows = 577"
<br><br><br>string(18) "auto_escolaatitude"
string(26) "Cantidad de follows = 2018"
<br><br><br>string(13) "carollremigio"
string(26) "Cantidad de follows = 1068"
<br><br><br>string(13) "pampodelivery"
string(26) "Cantidad de follows = 1266"
<br><br><br>string(20) "txcambioeturismo_rio"
string(26) "Cantidad de follows = 1291"
<br><br><br>string(13) "riveauxmerino"
string(26) "Cantidad de follows = 5420"
<br><br><br>string(15) "carneslaceleste"
string(26) "Cantidad de follows = 2325"
<br><br><br>string(11) "heroairsoft"
string(26) "Cantidad de follows = 3851"
<br><br><br>string(19) "brechoandreaventuro"
string(27) "Cantidad de follows = 36627"
<br><br><br>string(9) "samiilly_"
string(27) "Cantidad de follows = 18250"
<br><br><br>string(14) "luigi_bemporad"
string(24) "Cantidad de follows = 53"
<br><br><br>string(13) "luiz_skydiver"
string(26) "Cantidad de follows = 9852"
<br><br><br>string(15) "luanmachado.arq"
string(26) "Cantidad de follows = 1854"
<br><br><br>string(12) "kaikfariastv"
string(26) "Cantidad de follows = 2102"
<br><br><br>string(16) "colegioguarapuvu"
string(23) "Cantidad de follows = 1"
<br><br><br>string(9) "guarapuvu"
string(26) "Cantidad de follows = 3035"
<br><br><br>string(13) "purocafajeste"
string(27) "Cantidad de follows = 34272"
<br><br><br>string(11) "a_deziderio"
string(26) "Cantidad de follows = 2067"
<br><br><br>object(stdClass)#108 (2) {
  ["id"]=>
  string(5) "29171"
  ["login"]=>
  string(16) "ranchotalisma_mg"
}
object(stdClass)#220 (2) {
  ["id"]=>
  string(5) "29178"
  ["login"]=>
  string(16) "maryana_araujooc"
}
string(13) "vitormagnusss"
string(27) "Cantidad de follows = 42111"
<br><br><br>string(20) "franciscosilva_alves"
string(25) "Cantidad de follows = 268"
<br><br><br>string(17) "mrandersonalmeida"
string(26) "Cantidad de follows = 6318"
<br><br><br>string(10) "inovaluxrj"
string(25) "Cantidad de follows = 190"
<br><br><br>string(17) "mixturinhafashion"
string(26) "Cantidad de follows = 2255"
<br><br><br>string(22) "danelonprimeacessorios"
string(26) "Cantidad de follows = 4661"
<br><br><br>object(stdClass)#240 (2) {
  ["id"]=>
  string(5) "29219"
  ["login"]=>
  string(7) "ruivabr"
}
string(17) "luizjatobaoficial"
string(26) "Cantidad de follows = 9594"
<br><br><br>string(8) "thhai97_"
string(26) "Cantidad de follows = 1589"
<br><br><br>string(10) "tiago_kuhn"
string(26) "Cantidad de follows = 2292"
<br><br><br>object(stdClass)#34 (2) {
  ["id"]=>
  string(5) "29228"
  ["login"]=>
  string(13) "tiolavinicius"
}
string(15) "crisoliveiravmk"
string(26) "Cantidad de follows = 2132"
<br><br><br>string(15) "wesleymichelini"
string(26) "Cantidad de follows = 1812"
<br><br><br>string(18) "raphaelacapobiango"
string(26) "Cantidad de follows = 5551"
<br><br><br>string(11) "castrolucas"
string(26) "Cantidad de follows = 3616"
<br><br><br>string(16) "masseriniosteria"
string(26) "Cantidad de follows = 6190"
<br><br><br>string(10) "alvesgilli"
string(26) "Cantidad de follows = 2003"
<br><br><br>string(10) "felippetur"
string(27) "Cantidad de follows = 19159"
<br><br><br>string(25) "rodrigo.embraconconsorcio"
string(26) "Cantidad de follows = 6244"
<br><br><br>string(14) "naotolendoisso"
string(26) "Cantidad de follows = 3252"
<br><br><br>string(14) "elizabet.agent"
string(25) "Cantidad de follows = 749"
<br><br><br>string(12) "elestore.rio"
string(26) "Cantidad de follows = 1689"
<br><br><br>string(14) "joannaa_aguiar"
string(25) "Cantidad de follows = 569"
<br><br><br>string(12) "ale.mmartins"
string(26) "Cantidad de follows = 1271"
<br><br><br>string(14) "ricvrdomoraes_"
string(26) "Cantidad de follows = 3702"
<br><br><br>string(16) "psgacademyrecife"
string(26) "Cantidad de follows = 4356"
<br><br><br>string(11) "diasluciano"
string(27) "Cantidad de follows = 16200"
<br><br><br>string(15) "othmanejennaoui"
string(27) "Cantidad de follows = 11027"
<br><br><br>string(14) "andresza_ramos"
string(26) "Cantidad de follows = 2003"
<br><br><br>string(23) "estetica.michelecamargo"
string(26) "Cantidad de follows = 3317"
<br><br><br>string(19) "fernandalima.decora"
string(26) "Cantidad de follows = 2149"
<br><br><br>string(13) "ghanabranding"
string(26) "Cantidad de follows = 6739"
<br><br><br>string(16) "binhorodriguess_"
string(26) "Cantidad de follows = 3543"
<br><br><br>string(14) "theblondedetox"
string(26) "Cantidad de follows = 3755"
<br><br><br>string(19) "oficialwinnieamaral"
string(27) "Cantidad de follows = 22911"
<br><br><br>string(19) "pezinhofirmenarocha"
string(28) "Cantidad de follows = 116325"
<br><br><br>string(11) "meempreenda"
string(26) "Cantidad de follows = 3632"
<br><br><br>string(14) "joseluizpontes"
string(25) "Cantidad de follows = 992"
<br><br><br>object(stdClass)#233 (2) {
  ["id"]=>
  string(5) "29486"
  ["login"]=>
  string(15) "eduarda.neves13"
}
string(13) "karinelisuzan"
string(26) "Cantidad de follows = 5139"
<br><br><br>object(stdClass)#233 (2) {
  ["id"]=>
  string(5) "29498"
  ["login"]=>
  string(20) "orlamodapraiaoficial"
}
string(17) "advocacia_messias"
string(26) "Cantidad de follows = 3318"
<br><br><br>string(18) "allbotequipamentos"
string(26) "Cantidad de follows = 2922"
<br><br><br>string(20) "emersonlopeshoficial"
string(27) "Cantidad de follows = 12646"
<br><br><br>string(11) "raissataini"
string(27) "Cantidad de follows = 26355"
<br><br><br>object(stdClass)#12 (2) {
  ["id"]=>
  string(5) "29527"
  ["login"]=>
  string(13) "menezesandree"
}
string(10) "vivianeneu"
string(27) "Cantidad de follows = 29389"
<br><br><br>string(8) "dhougie_"
string(27) "Cantidad de follows = 18881"
<br><br><br>string(24) "andressamakeup_penteados"
string(26) "Cantidad de follows = 3087"
<br><br><br>string(13) "iracemaallves"
string(26) "Cantidad de follows = 7421"
<br><br><br>string(11) "renannunes2"
string(26) "Cantidad de follows = 5060"
<br><br><br>string(14) "natha.estetica"
string(26) "Cantidad de follows = 1873"
<br><br><br>string(19) "j.a.estudiodebeleza"
string(25) "Cantidad de follows = 160"
<br><br><br>string(12) "grafianafoto"
string(26) "Cantidad de follows = 8999"
<br><br><br>string(19) "thespacetimeripples"
string(26) "Cantidad de follows = 3309"
<br><br><br>string(14) "rubia_martinss"
string(28) "Cantidad de follows = 103182"
<br><br><br>string(23) "joseguilherme.consultor"
string(26) "Cantidad de follows = 1218"
<br><br><br>string(14) "emporiodifiori"
string(26) "Cantidad de follows = 2242"
<br><br><br>string(21) "viajandonaarquitetura"
string(26) "Cantidad de follows = 4942"
<br><br><br>string(14) "elitecenterfoz"
string(26) "Cantidad de follows = 2394"
<br><br><br>string(10) "yancasilva"
string(26) "Cantidad de follows = 2342"
<br><br><br>string(16) "roberta.amfranca"
string(26) "Cantidad de follows = 3389"
<br><br><br>string(15) "doceriaanaester"
string(26) "Cantidad de follows = 3888"
<br><br><br>string(10) "kathguedes"
string(27) "Cantidad de follows = 42909"
<br><br><br>string(13) "tubaraocenter"
string(26) "Cantidad de follows = 6335"
<br><br><br>object(stdClass)#228 (2) {
  ["id"]=>
  string(5) "29702"
  ["login"]=>
  string(6) "zayrnm"
}
string(9) "chefeeddy"
string(27) "Cantidad de follows = 13690"
<br><br><br>string(10) "acasadecat"
string(27) "Cantidad de follows = 10903"
<br><br><br>string(20) "oficialforroperfeito"
string(27) "Cantidad de follows = 45526"
<br><br><br>string(14) "orabolasbrecho"
string(26) "Cantidad de follows = 3008"
<br><br><br>string(11) "thekingboy_"
string(27) "Cantidad de follows = 17780"
<br><br><br>string(15) "vanessa.wysocki"
string(26) "Cantidad de follows = 3623"
<br><br><br>string(11) "rique.silva"
string(26) "Cantidad de follows = 5010"
<br><br><br>string(22) "gabriellacarvalhostore"
string(27) "Cantidad de follows = 33737"
<br><br><br>string(14) "lojanowfitness"
string(26) "Cantidad de follows = 3975"
<br><br><br>string(8) "mapoiani"
string(26) "Cantidad de follows = 6075"
<br><br><br>string(14) "salaostudiosbc"
string(26) "Cantidad de follows = 1795"
<br><br><br>string(19) "studying_the_secret"
string(26) "Cantidad de follows = 2628"
<br><br><br>string(23) "studiohairinternacional"
string(26) "Cantidad de follows = 5347"
<br><br><br>string(9) "ahdireito"
string(26) "Cantidad de follows = 5380"
<br><br><br>string(7) "kabonkk"
string(26) "Cantidad de follows = 4057"
<br><br><br>string(10) "companyate"
string(25) "Cantidad de follows = 106"
<br><br><br>string(12) "djdavisantos"
string(26) "Cantidad de follows = 8428"
<br><br><br>string(14) "rafaellmoraess"
string(25) "Cantidad de follows = 828"
<br><br><br>string(22) "syflariluminacaoimport"
string(26) "Cantidad de follows = 1728"
<br><br><br>object(stdClass)#34 (2) {
  ["id"]=>
  string(5) "29883"
  ["login"]=>
  string(12) "grupo.efraim"
}
object(stdClass)#203 (2) {
  ["id"]=>
  string(5) "29884"
  ["login"]=>
  string(17) "efraimhoteleflats"
}
string(30) "rpcontrollerinsetodedetizadora"
string(25) "Cantidad de follows = 166"
<br><br><br>string(12) "raunierporto"
string(26) "Cantidad de follows = 3103"
<br><br><br>string(11) "marciabotam"
string(26) "Cantidad de follows = 3802"
<br><br><br>object(stdClass)#235 (2) {
  ["id"]=>
  string(5) "29901"
  ["login"]=>
  string(8) "1jonhbjj"
}
object(stdClass)#83 (2) {
  ["id"]=>
  string(5) "29918"
  ["login"]=>
  string(9) "odeiopera"
}
object(stdClass)#235 (2) {
  ["id"]=>
  string(5) "29932"
  ["login"]=>
  string(11) "eufeearruda"
}
string(11) "tclaranunes"
string(26) "Cantidad de follows = 1773"
<br><br><br>string(19) "alaskaclothingstore"
string(26) "Cantidad de follows = 2283"
<br><br><br>string(14) "gkt_kickboxing"
string(26) "Cantidad de follows = 1606"
<br><br><br>string(19) "character.design.gk"
string(26) "Cantidad de follows = 1192"
<br><br><br>object(stdClass)#94 (2) {
  ["id"]=>
  string(5) "29964"
  ["login"]=>
  string(12) "blogdoarinos"
}
object(stdClass)#23 (2) {
  ["id"]=>
  string(5) "29965"
  ["login"]=>
  string(12) "bela.morenaa"
}
string(24) "leandroquelucifotografia"
string(26) "Cantidad de follows = 3105"
<br><br><br>string(19) "generalstorefitness"
string(26) "Cantidad de follows = 3685"
<br><br><br>string(15) "acervomodasda44"
string(26) "Cantidad de follows = 5696"
<br><br><br>string(12) "mama_costhay"
string(26) "Cantidad de follows = 4930"
<br><br><br>object(stdClass)#17 (2) {
  ["id"]=>
  string(5) "29984"
  ["login"]=>
  string(17) "ginetom_rodrigues"
}
string(13) "brunnooctavio"
string(25) "Cantidad de follows = 981"
<br><br><br>object(stdClass)#17 (2) {
  ["id"]=>
  string(5) "29996"
  ["login"]=>
  string(12) "doug0liveira"
}
string(10) "gutt_carol"
string(27) "Cantidad de follows = 12142"
<br><br><br>string(9) "hulkdutra"
string(27) "Cantidad de follows = 13389"
<br><br><br>string(16) "camilaguerreiroo"
string(26) "Cantidad de follows = 2379"
<br><br><br>string(15) "sandymakecabelo"
string(26) "Cantidad de follows = 6680"
<br><br><br>string(15) "copaciadvogados"
string(25) "Cantidad de follows = 677"
<br><br><br>string(18) "diegocamargotattoo"
string(26) "Cantidad de follows = 3272"
<br><br><br>string(17) "entretenimento.pe"
string(26) "Cantidad de follows = 3441"
<br><br><br>string(17) "alicemelomakehair"
string(26) "Cantidad de follows = 6779"
<br><br><br>object(stdClass)#222 (2) {
  ["id"]=>
  string(5) "30051"
  ["login"]=>
  string(11) "tuguinha.tv"
}
string(13) "rentar.com.do"
string(27) "Cantidad de follows = 11628"
<br><br><br>string(15) "eriosvaldodiniz"
string(26) "Cantidad de follows = 1621"
<br><br><br>string(11) "gustavo_ono"
string(26) "Cantidad de follows = 5408"
<br><br><br>string(15) "canilredbroncos"
string(26) "Cantidad de follows = 1890"
<br><br><br>string(9) "_brokerst"
string(25) "Cantidad de follows = 302"
<br><br><br>string(14) "lifeprojectone"
string(26) "Cantidad de follows = 1842"
<br><br><br>string(16) "disfranco.motors"
string(26) "Cantidad de follows = 2942"
<br><br><br>string(6) "bomf17"
string(25) "Cantidad de follows = 825"
<br><br><br>string(12) "aliicemello_"
string(26) "Cantidad de follows = 2343"
<br><br><br>string(11) "_bellaforma"
string(27) "Cantidad de follows = 71180"
<br><br><br>string(10) "bruruschel"
string(27) "Cantidad de follows = 11940"
<br><br><br>string(9) "murilooc7"
string(26) "Cantidad de follows = 4373"
<br><br><br>string(9) "a7madov95"
string(25) "Cantidad de follows = 247"
<br><br><br>string(7) "a_mayla"
string(25) "Cantidad de follows = 748"
<br><br><br>string(13) "lidiafeitosa4"
string(26) "Cantidad de follows = 2795"
<br><br><br>string(10) "smokeseila"
string(25) "Cantidad de follows = 644"
<br><br><br>string(10) "rikdelucca"
string(26) "Cantidad de follows = 3637"
<br><br><br>string(19) "corretoracavalcante"
string(25) "Cantidad de follows = 831"
<br><br><br>object(stdClass)#40 (2) {
  ["id"]=>
  string(5) "30218"
  ["login"]=>
  string(14) "thaisaschayder"
}
string(13) "hueskerbrasil"
string(26) "Cantidad de follows = 3749"
<br><br><br>string(22) "rodrigoranchodascabras"
string(25) "Cantidad de follows = 952"
<br><br><br>object(stdClass)#8 (2) {
  ["id"]=>
  string(5) "30232"
  ["login"]=>
  string(15) "arisson_jessica"
}
string(16) "camilla.franklin"
string(26) "Cantidad de follows = 6315"
<br><br><br>string(11) "maira.fuzii"
string(26) "Cantidad de follows = 2132"
<br><br><br>object(stdClass)#18 (2) {
  ["id"]=>
  string(5) "30257"
  ["login"]=>
  string(13) "nathaly_llima"
}
string(21) "laraharantes.piercing"
string(26) "Cantidad de follows = 3248"
<br><br><br>string(11) "maitemellim"
string(26) "Cantidad de follows = 1977"
<br><br><br>string(10) "criptobraz"
string(25) "Cantidad de follows = 705"
<br><br><br>string(14) "meuprojeto.fit"
string(26) "Cantidad de follows = 2091"
<br><br><br>object(stdClass)#36 (2) {
  ["id"]=>
  string(5) "30286"
  ["login"]=>
  string(15) "cmo_odontologia"
}
object(stdClass)#199 (2) {
  ["id"]=>
  string(5) "30293"
  ["login"]=>
  string(14) "ketellenfelix1"
}
string(14) "biel_do_cavaco"
string(27) "Cantidad de follows = 19880"
<br><br><br>string(9) "netto_ull"
string(25) "Cantidad de follows = 617"
<br><br><br>string(11) "nandokounat"
string(27) "Cantidad de follows = 19562"
<br><br><br>object(stdClass)#149 (2) {
  ["id"]=>
  string(5) "30317"
  ["login"]=>
  string(14) "easyartgrafica"
}
string(15) "studio_beauty15"
string(26) "Cantidad de follows = 1044"
<br><br><br>string(18) "julio_sosa_imoveis"
string(25) "Cantidad de follows = 800"
<br><br><br>string(10) "canelihome"
string(26) "Cantidad de follows = 3699"
<br><br><br>string(9) "josergm86"
string(26) "Cantidad de follows = 7222"
<br><br><br>string(11) "katiaalbany"
string(26) "Cantidad de follows = 4806"
<br><br><br>string(11) "leandramora"
string(26) "Cantidad de follows = 1775"
<br><br><br>object(stdClass)#111 (2) {
  ["id"]=>
  string(5) "30380"
  ["login"]=>
  string(7) "_lrnnym"
}
string(17) "festivalnovomundo"
string(26) "Cantidad de follows = 4365"
<br><br><br>string(10) "odavilemos"
string(27) "Cantidad de follows = 13268"
<br><br><br>string(20) "clebsonfrancaoficial"
string(26) "Cantidad de follows = 2177"
<br><br><br>string(15) "mamaesemmanuais"
string(27) "Cantidad de follows = 11506"
<br><br><br>string(13) "victorcastelo"
string(26) "Cantidad de follows = 1186"
<br><br><br>string(17) "fabricio.physique"
string(27) "Cantidad de follows = 11126"
<br><br><br>string(15) "rafaelfsantanaa"
string(25) "Cantidad de follows = 756"
<br><br><br>object(stdClass)#210 (2) {
  ["id"]=>
  string(5) "30436"
  ["login"]=>
  string(15) "kawlicheski1993"
}
string(10) "facamerirr"
string(26) "Cantidad de follows = 3448"
<br><br><br>string(10) "linoamanda"
string(27) "Cantidad de follows = 10046"
<br><br><br>string(10) "_lorecosta"
string(26) "Cantidad de follows = 2055"
<br><br><br>string(21) "clara.goldenretriever"
string(26) "Cantidad de follows = 3777"
<br><br><br>string(14) "andre.grupoark"
string(26) "Cantidad de follows = 4201"
<br><br><br>string(13) "espacoubaense"
string(26) "Cantidad de follows = 1863"
<br><br><br>string(14) "photoboxbrasil"
string(26) "Cantidad de follows = 2826"
<br><br><br>string(13) "luiara_helmer"
string(26) "Cantidad de follows = 5158"
<br><br><br>string(7) "dul_fcy"
string(26) "Cantidad de follows = 2861"
<br><br><br>string(26) "emporiodapapinhasantoandre"
string(26) "Cantidad de follows = 5010"
<br><br><br>string(15) "rayanemarchetta"
string(26) "Cantidad de follows = 1680"
<br><br><br>string(13) "karol_nunes00"
string(26) "Cantidad de follows = 3607"
<br><br><br>string(10) "apedesign_"
string(26) "Cantidad de follows = 2629"
<br><br><br>string(9) "danilelah"
string(26) "Cantidad de follows = 5046"
<br><br><br>string(8) "kevinm5m"
string(26) "Cantidad de follows = 7524"
<br><br><br>string(12) "noahestetica"
string(26) "Cantidad de follows = 8837"
<br><br><br>string(9) "casadovaz"
string(26) "Cantidad de follows = 7083"
<br><br><br>string(8) "arena7bh"
string(26) "Cantidad de follows = 4403"
<br><br><br>object(stdClass)#107 (2) {
  ["id"]=>
  string(5) "30581"
  ["login"]=>
  string(13) "mathoficialbr"
}
string(17) "jonatas.batistela"
string(27) "Cantidad de follows = 14913"
<br><br><br>string(10) "queirozloo"
string(26) "Cantidad de follows = 3655"
<br><br><br>object(stdClass)#197 (2) {
  ["id"]=>
  string(5) "30593"
  ["login"]=>
  string(12) "rogersiiilva"
}
string(11) "marci0viana"
string(26) "Cantidad de follows = 1307"
<br><br><br>string(16) "chefsheiladuarte"
string(26) "Cantidad de follows = 1038"
<br><br><br>string(8) "itsredtv"
string(27) "Cantidad de follows = 44433"
<br><br><br>object(stdClass)#108 (2) {
  ["id"]=>
  string(5) "30622"
  ["login"]=>
  string(8) "lorisfaz"
}
object(stdClass)#45 (2) {
  ["id"]=>
  string(5) "30623"
  ["login"]=>
  string(20) "emagrecer_ja_oficial"
}
string(19) "tamyparadorneptunia"
string(26) "Cantidad de follows = 5747"
<br><br><br>string(9) "gabicoach"
string(26) "Cantidad de follows = 3489"
<br><br><br>string(14) "amanda3santana"
string(26) "Cantidad de follows = 6368"
<br><br><br>string(8) "crecleao"
string(26) "Cantidad de follows = 3243"
<br><br><br>string(10) "elluhalves"
string(26) "Cantidad de follows = 5327"
<br><br><br>string(18) "mixsushicafebistek"
string(26) "Cantidad de follows = 5896"
<br><br><br>string(16) "f1ciaimobiliaria"
string(26) "Cantidad de follows = 3272"
<br><br><br>string(15) "vitor_honorato3"
string(26) "Cantidad de follows = 1130"
<br><br><br>string(13) "veneno_daseda"
string(26) "Cantidad de follows = 2069"
<br><br><br>string(10) "mc2turismo"
string(27) "Cantidad de follows = 17896"
<br><br><br>string(19) "erickakamineoficial"
string(26) "Cantidad de follows = 6617"
<br><br><br>string(11) "fredmunizrj"
string(26) "Cantidad de follows = 1470"
<br><br><br>object(stdClass)#200 (2) {
  ["id"]=>
  string(5) "30718"
  ["login"]=>
  string(16) "luis.fernando.br"
}
string(17) "drasheilawatanabe"
string(26) "Cantidad de follows = 1746"
<br><br><br>string(12) "laysasmacedo"
string(26) "Cantidad de follows = 2894"
<br><br><br>string(17) "creativapapelaria"
string(25) "Cantidad de follows = 329"
<br><br><br>string(11) "aondeiremsp"
string(27) "Cantidad de follows = 25236"
<br><br><br>object(stdClass)#149 (2) {
  ["id"]=>
  string(5) "30815"
  ["login"]=>
  string(6) "79_app"
}
string(8) "tompsonr"
string(25) "Cantidad de follows = 349"
<br><br><br>string(15) "dioceliogoulart"
string(27) "Cantidad de follows = 19026"
<br><br><br>string(15) "victorperazzini"
string(26) "Cantidad de follows = 2439"
<br><br><br>string(12) "alberto_test"
string(25) "Cantidad de follows = 295"
<br><br><br>string(13) "fassegseguros"
string(26) "Cantidad de follows = 7219"
<br><br><br>string(18) "giovanni.consultor"
string(25) "Cantidad de follows = 865"
<br><br><br>string(17) "coach.jorgeamorim"
string(25) "Cantidad de follows = 997"
<br><br><br>string(16) "blessedmaemequer"
string(27) "Cantidad de follows = 16538"
<br><br><br>string(15) "baile_de_camelo"
string(25) "Cantidad de follows = 752"
<br><br><br>string(13) "dentistabruna"
string(25) "Cantidad de follows = 187"
<br><br><br>string(11) "chicomorais"
string(26) "Cantidad de follows = 4640"
<br><br><br>string(13) "adrianemayumi"
string(27) "Cantidad de follows = 13432"
<br><br><br>string(14) "dresscode.byrm"
string(25) "Cantidad de follows = 230"
<br><br><br>object(stdClass)#35 (2) {
  ["id"]=>
  string(5) "30911"
  ["login"]=>
  string(15) "alynemultiforme"
}
string(15) "ehpralaqueeuvou"
string(26) "Cantidad de follows = 1223"
<br><br><br>string(14) "douglasvwalker"
string(26) "Cantidad de follows = 1727"
<br><br><br>string(11) "brimigreipt"
string(25) "Cantidad de follows = 324"
<br><br><br>string(8) "dazz.777"
string(26) "Cantidad de follows = 1017"
<br><br><br>string(14) "rafaella_neves"
string(26) "Cantidad de follows = 3741"
<br><br><br>string(8) "soueuwal"
string(26) "Cantidad de follows = 1648"
<br><br><br>string(22) "lacosdasmeninasoficial"
string(26) "Cantidad de follows = 2240"
<br><br><br>string(13) "talitamcostta"
string(25) "Cantidad de follows = 561"
<br><br><br>string(17) "fernandinhobranco"
string(24) "Cantidad de follows = 60"
<br><br><br>string(8) "pionunes"
string(27) "Cantidad de follows = 16703"
<br><br><br>string(18) "confeitariadagabi_"
string(24) "Cantidad de follows = 65"
<br><br><br>string(14) "brunoalvarez.1"
string(25) "Cantidad de follows = 542"
<br><br><br>string(10) "1989closet"
string(26) "Cantidad de follows = 5870"
<br><br><br>string(12) "jumota_decor"
string(26) "Cantidad de follows = 1676"
<br><br><br>string(16) "marmitinhaslight"
string(26) "Cantidad de follows = 2654"
<br><br><br>string(24) "leoart_desing_paisagismo"
string(26) "Cantidad de follows = 6846"
<br><br><br>string(14) "carolfroemming"
string(26) "Cantidad de follows = 6940"
<br><br><br>string(24) "priscilaaparecidasantoss"
string(25) "Cantidad de follows = 610"
<br><br><br>object(stdClass)#70 (2) {
  ["id"]=>
  string(5) "31080"
  ["login"]=>
  string(9) "chio18789"
}
string(13) "kasamor_store"
string(26) "Cantidad de follows = 2299"
<br><br><br>string(13) "thamysilva201"
string(26) "Cantidad de follows = 3916"
<br><br><br>string(10) "alexrssp12"
string(25) "Cantidad de follows = 314"
<br><br><br>string(14) "silvio.cesarjr"
string(24) "Cantidad de follows = 60"
<br><br><br>string(12) "levis_tudouu"
string(27) "Cantidad de follows = 15689"
<br><br><br>string(8) "euogomez"
string(26) "Cantidad de follows = 2475"
<br><br><br>string(14) "amorefeoficial"
string(26) "Cantidad de follows = 4550"
<br><br><br>string(15) "studioambientes"
string(27) "Cantidad de follows = 14371"
<br><br><br>string(12) "gomilkbrasil"
string(26) "Cantidad de follows = 1023"
<br><br><br>string(13) "gomed.digital"
string(26) "Cantidad de follows = 2286"
<br><br><br>object(stdClass)#9 (2) {
  ["id"]=>
  string(5) "31133"
  ["login"]=>
  string(6) "lv_luh"
}
string(8) "curyamin"
string(25) "Cantidad de follows = 777"
<br><br><br>string(11) "stancefight"
string(27) "Cantidad de follows = 33689"
<br><br><br>string(19) "medconsultingbrasil"
string(27) "Cantidad de follows = 11901"
<br><br><br>string(3) "usa"
string(26) "Cantidad de follows = 4652"
<br><br><br>string(8) "voa_hati"
string(26) "Cantidad de follows = 2961"
<br><br><br>string(18) "robsonbarbosacoach"
string(26) "Cantidad de follows = 6140"
<br><br><br>string(10) "yasmincgr_"
string(26) "Cantidad de follows = 1042"
<br><br><br>string(14) "kharlos_soares"
string(25) "Cantidad de follows = 206"
<br><br><br>string(19) "chrystopher.gabriel"
string(25) "Cantidad de follows = 321"
<br><br><br>string(7) "nega.93"
string(26) "Cantidad de follows = 9814"
<br><br><br>string(13) "cahrlossoares"
string(24) "Cantidad de follows = 61"
<br><br><br>string(8) "emillymv"
string(26) "Cantidad de follows = 3950"
<br><br><br>string(11) "_j.o.a.o___"
string(25) "Cantidad de follows = 184"
<br><br><br>string(14) "antonioportes_"
string(25) "Cantidad de follows = 224"
<br><br><br>string(14) "samo_oliveiraa"
string(25) "Cantidad de follows = 641"
<br><br><br>string(12) "aleehzinho_t"
string(25) "Cantidad de follows = 172"
<br><br><br>string(15) "jonasfahelysson"
string(26) "Cantidad de follows = 6881"
<br><br><br>string(13) "mari_azeredo_"
string(25) "Cantidad de follows = 769"
<br><br><br>string(18) "clinicaformighieri"
string(26) "Cantidad de follows = 2082"
<br><br><br>string(10) "guiturner_"
string(26) "Cantidad de follows = 8903"
<br><br><br>string(14) "carloskpulling"
string(28) "Cantidad de follows = 112820"
<br><br><br>string(10) "oppaviajei"
string(25) "Cantidad de follows = 709"
<br><br><br>string(19) "madtattoobarbershop"
string(25) "Cantidad de follows = 690"
<br><br><br>string(15) "jujucoelhopinto"
string(27) "Cantidad de follows = 28262"
<br><br><br>string(13) "gersonaraujo_"
string(26) "Cantidad de follows = 2262"
<br><br><br>object(stdClass)#132 (2) {
  ["id"]=>
  string(5) "31318"
  ["login"]=>
  string(11) "josiasnetoo"
}
string(19) "blogsairdozeroagora"
string(26) "Cantidad de follows = 1269"
<br><br><br>object(stdClass)#132 (2) {
  ["id"]=>
  string(5) "31325"
  ["login"]=>
  string(18) "neonprodutorapromo"
}
object(stdClass)#160 (2) {
  ["id"]=>
  string(5) "31326"
  ["login"]=>
  string(6) "djrat_"
}
object(stdClass)#132 (2) {
  ["id"]=>
  string(5) "31337"
  ["login"]=>
  string(23) "anderson_diego_oliveira"
}
string(19) "anacarlarodrigues19"
string(26) "Cantidad de follows = 3038"
<br><br><br>object(stdClass)#132 (2) {
  ["id"]=>
  string(5) "31346"
  ["login"]=>
  string(15) "siimoneepereira"
}
string(13) "jubart_design"
string(25) "Cantidad de follows = 592"
<br><br><br>string(19) "bellkeyprofessional"
string(26) "Cantidad de follows = 1641"
<br><br><br>string(8) "ealine._"
string(26) "Cantidad de follows = 4715"
<br><br><br>string(8) "wheresje"
string(27) "Cantidad de follows = 72123"
<br><br><br>string(12) "ronyfgomesss"
string(26) "Cantidad de follows = 3117"
<br><br><br>string(16) "jhonatha_feitosa"
string(26) "Cantidad de follows = 1197"
<br><br><br>string(15) "blena.nathallya"
string(26) "Cantidad de follows = 1085"
<br><br><br>string(10) "edersonflx"
string(26) "Cantidad de follows = 6847"
<br><br><br>string(23) "tridorimpermebializacao"
string(25) "Cantidad de follows = 145"
<br><br><br>string(9) "jehdpires"
string(25) "Cantidad de follows = 799"
<br><br><br>string(18) "emagrecer_agora.br"
string(25) "Cantidad de follows = 877"
<br><br><br>string(9) "caio_luka"
string(25) "Cantidad de follows = 285"
<br><br><br>string(10) "brasil.anb"
string(25) "Cantidad de follows = 661"
<br><br><br>string(19) "jeanpiresfotografia"
string(26) "Cantidad de follows = 1056"
<br><br><br>object(stdClass)#27 (2) {
  ["id"]=>
  string(5) "31483"
  ["login"]=>
  string(12) "canutoandree"
}
string(15) "charles_gsilvaa"
string(26) "Cantidad de follows = 1850"
<br><br><br>string(15) "theluccassantos"
string(26) "Cantidad de follows = 1130"
<br><br><br>string(10) "biih_faith"
string(26) "Cantidad de follows = 1472"
<br><br><br>string(18) "leonardomonteiro00"
string(25) "Cantidad de follows = 896"
<br><br><br>string(17) "carlafagundesblog"
string(26) "Cantidad de follows = 6268"
<br><br><br>string(13) "aguedamaurien"
string(26) "Cantidad de follows = 2546"
<br><br><br>string(13) "pedrosagfteam"
string(26) "Cantidad de follows = 1886"
<br><br><br>string(9) "eusoudaro"
string(26) "Cantidad de follows = 1618"
<br><br><br>string(14) "caiquefregnani"
string(27) "Cantidad de follows = 10514"
<br><br><br>string(14) "heitorsoares.c"
string(26) "Cantidad de follows = 7844"
<br><br><br>string(21) "mulheres_que_se_amam_"
string(24) "Cantidad de follows = 68"
<br><br><br>string(17) "marco.suplementos"
string(27) "Cantidad de follows = 10049"
<br><br><br>string(8) "tetovivo"
string(26) "Cantidad de follows = 1876"
<br><br><br>string(14) "andrewanderley"
string(26) "Cantidad de follows = 3330"
<br><br><br>string(9) "vitormc83"
string(25) "Cantidad de follows = 171"
<br><br><br>string(8) "_lsilvva"
string(26) "Cantidad de follows = 6211"
<br><br><br>string(17) "clube_das_gostosa"
string(26) "Cantidad de follows = 1501"
<br><br><br>string(17) "esteticista_julia"
string(25) "Cantidad de follows = 627"
<br><br><br>string(10) "kauadellon"
string(25) "Cantidad de follows = 639"
<br><br><br>string(20) "divulgageraisoficial"
string(27) "Cantidad de follows = 20914"
<br><br><br>string(18) "dr.grimaldobicalho"
string(26) "Cantidad de follows = 1693"
<br><br><br>string(10) "rahfritzen"
string(26) "Cantidad de follows = 9142"
<br><br><br>object(stdClass)#165 (2) {
  ["id"]=>
  string(5) "31679"
  ["login"]=>
  string(13) "eiandrecanuto"
}
string(10) "mariodj.uy"
string(26) "Cantidad de follows = 1809"
<br><br><br>string(14) "stephanmarinho"
string(26) "Cantidad de follows = 7033"
<br><br><br>string(9) "misouza07"
string(25) "Cantidad de follows = 721"
<br><br><br>string(16) "glaubritooficial"
string(26) "Cantidad de follows = 1907"
<br><br><br>string(18) "anacarolinefavacho"
string(26) "Cantidad de follows = 1199"
<br><br><br>string(17) "natpharmafarmacia"
string(25) "Cantidad de follows = 661"
<br><br><br>string(13) "tablesdecorpy"
string(25) "Cantidad de follows = 576"
<br><br><br>string(18) "julianasilvaespaco"
string(26) "Cantidad de follows = 1229"
<br><br><br>string(22) "alice_carvalho_oficial"
string(25) "Cantidad de follows = 930"
<br><br><br>string(14) "juliaparanhos_"
string(27) "Cantidad de follows = 41354"
<br><br><br>string(18) "rannabeckeroficial"
string(27) "Cantidad de follows = 20252"
<br><br><br>string(13) "gomesterapias"
string(27) "Cantidad de follows = 49101"
<br><br><br>string(10) "filhoteeco"
string(27) "Cantidad de follows = 32780"
<br><br><br>object(stdClass)#109 (2) {
  ["id"]=>
  string(5) "31757"
  ["login"]=>
  string(15) "umbr_no_youtube"
}
string(12) "jeff_valerio"
string(25) "Cantidad de follows = 221"
<br><br><br>string(12) "calmbunnypet"
string(25) "Cantidad de follows = 641"
<br><br><br>string(9) "equipe.dx"
string(26) "Cantidad de follows = 2476"
<br><br><br>string(11) "mr.andyarte"
string(25) "Cantidad de follows = 104"
<br><br><br>string(12) "401loungebar"
string(26) "Cantidad de follows = 6703"
<br><br><br>string(14) "edinhotattoojc"
string(27) "Cantidad de follows = 10809"
<br><br><br>string(16) "claudio__soaress"
string(25) "Cantidad de follows = 158"
<br><br><br>\n<br>JOB DONE!!!<br>\n2018-10-13 07:53:28am