DAILY REPORT Inited...!<br>
2018-10-07 06:30:01am<br>
string(14) "alberto_dreyes"
string(27) "Cantidad de follows = 14443"
<br><br><br>string(19) "opiniaoconservadora"
string(27) "Cantidad de follows = 55683"
<br><br><br>string(17) "sibitecomunicacao"
string(27) "Cantidad de follows = 10286"
<br><br><br>string(11) "mo.taniguti"
string(27) "Cantidad de follows = 20856"
<br><br><br>object(stdClass)#27 (2) {
  ["id"]=>
  string(3) "146"
  ["login"]=>
  string(12) "auepromocoes"
}
string(23) "jeunesse_bycrislafratta"
string(25) "Cantidad de follows = 186"
<br><br><br>string(12) "lily.s.alves"
string(26) "Cantidad de follows = 2091"
<br><br><br>string(10) "powerlook_"
string(27) "Cantidad de follows = 60525"
<br><br><br>object(stdClass)#12 (2) {
  ["id"]=>
  string(3) "245"
  ["login"]=>
  string(18) "xodozinho.retratos"
}
object(stdClass)#29 (2) {
  ["id"]=>
  string(3) "867"
  ["login"]=>
  string(14) "joaovictorjvb1"
}
object(stdClass)#12 (2) {
  ["id"]=>
  string(4) "1059"
  ["login"]=>
  string(8) "graverrj"
}
string(7) "ma_luco"
string(27) "Cantidad de follows = 28572"
<br><br><br>string(12) "carlloooooss"
string(26) "Cantidad de follows = 1287"
<br><br><br>string(15) "sapatodochef.pa"
string(26) "Cantidad de follows = 2377"
<br><br><br>object(stdClass)#218 (2) {
  ["id"]=>
  string(4) "2175"
  ["login"]=>
  string(10) "vireiloira"
}
string(18) "mercadomodelobahia"
string(26) "Cantidad de follows = 9063"
<br><br><br>string(11) "thayscalmon"
string(26) "Cantidad de follows = 5241"
<br><br><br>string(11) "decoremundo"
string(27) "Cantidad de follows = 14308"
<br><br><br>string(9) "decorcool"
string(23) "Cantidad de follows = 7"
<br><br><br>string(8) "fragabar"
string(26) "Cantidad de follows = 4311"
<br><br><br>object(stdClass)#190 (2) {
  ["id"]=>
  string(4) "4236"
  ["login"]=>
  string(8) "lorenaym"
}
string(11) "pamelaotero"
string(27) "Cantidad de follows = 46063"
<br><br><br>string(19) "starpointcollection"
string(27) "Cantidad de follows = 12709"
<br><br><br>string(9) "katiacsdc"
string(27) "Cantidad de follows = 18346"
<br><br><br>string(14) "grazielialvess"
string(27) "Cantidad de follows = 21611"
<br><br><br>string(22) "dra_barbaravasconcelos"
string(27) "Cantidad de follows = 23667"
<br><br><br>string(21) "comandantedochurrasco"
string(27) "Cantidad de follows = 56784"
<br><br><br>string(12) "40antesdos40"
string(27) "Cantidad de follows = 26482"
<br><br><br>string(16) "drricardopalacio"
string(27) "Cantidad de follows = 25568"
<br><br><br>string(12) "pollyruffini"
string(26) "Cantidad de follows = 6992"
<br><br><br>string(14) "carlos_skatmar"
string(26) "Cantidad de follows = 2335"
<br><br><br>string(10) "star_point"
string(27) "Cantidad de follows = 32562"
<br><br><br>string(8) "rruizmma"
string(27) "Cantidad de follows = 47023"
<br><br><br>string(8) "dumbu.09"
string(26) "Cantidad de follows = 7691"
<br><br><br>string(14) "marcosp.medina"
string(26) "Cantidad de follows = 4138"
<br><br><br>string(11) "sandrozion7"
string(27) "Cantidad de follows = 21095"
<br><br><br>string(17) "grandville_hoteis"
string(27) "Cantidad de follows = 12683"
<br><br><br>string(11) "josiasdiass"
string(27) "Cantidad de follows = 18052"
<br><br><br>string(18) "barbaracampospalma"
string(26) "Cantidad de follows = 8724"
<br><br><br>string(9) "telless13"
string(27) "Cantidad de follows = 16038"
<br><br><br>string(13) "bandamegafire"
string(27) "Cantidad de follows = 23413"
<br><br><br>string(17) "sosoportunidade10"
string(25) "Cantidad de follows = 965"
<br><br><br>string(18) "academia_king_thai"
string(26) "Cantidad de follows = 5075"
<br><br><br>string(13) "renatafontany"
string(27) "Cantidad de follows = 32890"
<br><br><br>string(14) "cabelosaugusto"
string(27) "Cantidad de follows = 22821"
<br><br><br>string(14) "brunocerqueira"
string(27) "Cantidad de follows = 10583"
<br><br><br>string(10) "noxboymike"
string(26) "Cantidad de follows = 5471"
<br><br><br>string(20) "juliobaptistaoficial"
string(28) "Cantidad de follows = 250855"
<br><br><br>string(21) "ateliermarielamoreira"
string(27) "Cantidad de follows = 15833"
<br><br><br>object(stdClass)#11 (2) {
  ["id"]=>
  string(5) "11096"
  ["login"]=>
  string(12) "michaelletjp"
}
object(stdClass)#44 (2) {
  ["id"]=>
  string(5) "11099"
  ["login"]=>
  string(13) "agostochuvoso"
}
string(11) "insultedboy"
string(26) "Cantidad de follows = 3527"
<br><br><br>string(11) "weilla_morg"
string(25) "Cantidad de follows = 932"
<br><br><br>string(11) "raphabritoo"
string(27) "Cantidad de follows = 16064"
<br><br><br>string(10) "vinihveiga"
string(26) "Cantidad de follows = 4097"
<br><br><br>object(stdClass)#96 (2) {
  ["id"]=>
  string(5) "11131"
  ["login"]=>
  string(14) "deliciasdoronk"
}
string(16) "duuduuzinhosilva"
string(26) "Cantidad de follows = 3028"
<br><br><br>string(9) "carlosbsg"
string(25) "Cantidad de follows = 922"
<br><br><br>string(12) "danndourado0"
string(27) "Cantidad de follows = 14813"
<br><br><br>string(7) "biel312"
string(24) "Cantidad de follows = 10"
<br><br><br>string(11) "caiogrunupp"
string(26) "Cantidad de follows = 3318"
<br><br><br>string(11) "paullonunan"
string(26) "Cantidad de follows = 1430"
<br><br><br>string(12) "pablodiego15"
string(26) "Cantidad de follows = 1099"
<br><br><br>object(stdClass)#206 (2) {
  ["id"]=>
  string(5) "11230"
  ["login"]=>
  string(16) "_luferreiranunes"
}
string(14) "natan_mantelli"
string(25) "Cantidad de follows = 801"
<br><br><br>string(17) "antoniocarlos3627"
string(24) "Cantidad de follows = 43"
<br><br><br>string(11) "365_indubai"
string(27) "Cantidad de follows = 21573"
<br><br><br>object(stdClass)#80 (2) {
  ["id"]=>
  string(5) "11239"
  ["login"]=>
  string(12) "ceottosinuhe"
}
string(14) "vitoriaabritto"
string(27) "Cantidad de follows = 33425"
<br><br><br>string(11) "lojaoperapc"
string(27) "Cantidad de follows = 23900"
<br><br><br>string(12) "huealimentos"
string(26) "Cantidad de follows = 5010"
<br><br><br>string(13) "kstimportados"
string(26) "Cantidad de follows = 4397"
<br><br><br>string(7) "wi11see"
string(27) "Cantidad de follows = 11604"
<br><br><br>string(12) "s7_producoes"
string(26) "Cantidad de follows = 6014"
<br><br><br>string(12) "gabrielaribi"
string(26) "Cantidad de follows = 7621"
<br><br><br>string(17) "brunosennaimagens"
string(27) "Cantidad de follows = 13136"
<br><br><br>string(14) "maycowmontemor"
string(27) "Cantidad de follows = 32276"
<br><br><br>string(14) "alinemarcovici"
string(27) "Cantidad de follows = 18559"
<br><br><br>string(10) "junior.dev"
string(27) "Cantidad de follows = 17746"
<br><br><br>string(13) "amaassessoria"
string(26) "Cantidad de follows = 7680"
<br><br><br>string(11) "julisciotto"
string(27) "Cantidad de follows = 23750"
<br><br><br>string(14) "draalinehsilva"
string(27) "Cantidad de follows = 20227"
<br><br><br>string(13) "rodasemotores"
string(27) "Cantidad de follows = 13675"
<br><br><br>string(13) "euclaracampos"
string(26) "Cantidad de follows = 4287"
<br><br><br>string(19) "thamaraelisa.tattoo"
string(27) "Cantidad de follows = 14279"
<br><br><br>string(15) "megaminassports"
string(26) "Cantidad de follows = 6766"
<br><br><br>string(16) "agencia_portal37"
string(26) "Cantidad de follows = 3342"
<br><br><br>object(stdClass)#49 (2) {
  ["id"]=>
  string(5) "11792"
  ["login"]=>
  string(14) "hf_metalurgica"
}
string(13) "grillegourmet"
string(26) "Cantidad de follows = 5121"
<br><br><br>string(11) "davidkapper"
string(27) "Cantidad de follows = 12897"
<br><br><br>string(11) "7chavesfoto"
string(27) "Cantidad de follows = 11065"
<br><br><br>string(11) "joiaskether"
string(27) "Cantidad de follows = 19509"
<br><br><br>string(14) "luziasantana33"
string(28) "Cantidad de follows = 237326"
<br><br><br>string(13) "thiagovaleiro"
string(26) "Cantidad de follows = 3837"
<br><br><br>object(stdClass)#45 (2) {
  ["id"]=>
  string(5) "12434"
  ["login"]=>
  string(9) "dupicasso"
}
string(11) "laura_bergo"
string(26) "Cantidad de follows = 6421"
<br><br><br>string(15) "dra.raphabecker"
string(27) "Cantidad de follows = 19664"
<br><br><br>string(14) "andreluiznardo"
string(27) "Cantidad de follows = 16547"
<br><br><br>string(8) "letdaher"
string(27) "Cantidad de follows = 27990"
<br><br><br>string(9) "dgarciia_"
string(25) "Cantidad de follows = 849"
<br><br><br>string(10) "joaosurf12"
string(24) "Cantidad de follows = 96"
<br><br><br>string(8) "itsandco"
string(27) "Cantidad de follows = 19615"
<br><br><br>string(10) "ela_andrea"
string(27) "Cantidad de follows = 22504"
<br><br><br>string(14) "nafurtadocakes"
string(26) "Cantidad de follows = 6550"
<br><br><br>string(18) "castrolautoservice"
string(26) "Cantidad de follows = 9352"
<br><br><br>string(9) "livdrinks"
string(27) "Cantidad de follows = 47633"
<br><br><br>string(18) "portalautoshopping"
string(27) "Cantidad de follows = 12134"
<br><br><br>string(20) "manu.mamaeaoquadrado"
string(26) "Cantidad de follows = 9552"
<br><br><br>string(15) "odontowebschool"
string(27) "Cantidad de follows = 10598"
<br><br><br>string(9) "abarkeria"
string(27) "Cantidad de follows = 33498"
<br><br><br>object(stdClass)#211 (2) {
  ["id"]=>
  string(5) "15166"
  ["login"]=>
  string(14) "__fehholiveira"
}
string(10) "ninabaking"
string(26) "Cantidad de follows = 8968"
<br><br><br>string(10) "jgiordanoo"
string(27) "Cantidad de follows = 12542"
<br><br><br>string(18) "domhairfelippewill"
string(27) "Cantidad de follows = 11506"
<br><br><br>string(7) "pbpetti"
string(27) "Cantidad de follows = 39756"
<br><br><br>string(10) "psych0wolf"
string(25) "Cantidad de follows = 408"
<br><br><br>string(8) "andreiso"
string(26) "Cantidad de follows = 9496"
<br><br><br>string(13) "biadiascoelho"
string(26) "Cantidad de follows = 4880"
<br><br><br>string(8) "mytrips7"
string(25) "Cantidad de follows = 527"
<br><br><br>string(13) "directdireito"
string(27) "Cantidad de follows = 11256"
<br><br><br>string(12) "patrickvalle"
string(26) "Cantidad de follows = 3555"
<br><br><br>string(21) "lucianalauferofficial"
string(27) "Cantidad de follows = 18737"
<br><br><br>string(13) "matheuspercut"
string(26) "Cantidad de follows = 1159"
<br><br><br>string(10) "flavia_vdr"
string(27) "Cantidad de follows = 11260"
<br><br><br>object(stdClass)#113 (2) {
  ["id"]=>
  string(5) "16861"
  ["login"]=>
  string(14) "mickael_cortes"
}
string(16) "helder_del_monte"
string(27) "Cantidad de follows = 16352"
<br><br><br>string(18) "physicalpilates_bh"
string(26) "Cantidad de follows = 5616"
<br><br><br>string(13) "faleiroslaura"
string(27) "Cantidad de follows = 12922"
<br><br><br>string(11) "dannysetudo"
string(26) "Cantidad de follows = 9639"
<br><br><br>string(15) "portodepiranhas"
string(27) "Cantidad de follows = 10484"
<br><br><br>string(24) "contadordehistoriasreais"
string(27) "Cantidad de follows = 27620"
<br><br><br>string(6) "guil38"
string(26) "Cantidad de follows = 6514"
<br><br><br>string(22) "vacationhomeneardisney"
string(27) "Cantidad de follows = 19635"
<br><br><br>string(16) "drguilhermecravo"
string(26) "Cantidad de follows = 3163"
<br><br><br>string(6) "ossmkt"
string(26) "Cantidad de follows = 5264"
<br><br><br>string(10) "jhoneheber"
string(27) "Cantidad de follows = 23530"
<br><br><br>string(20) "justiniano0_official"
string(26) "Cantidad de follows = 2986"
<br><br><br>string(15) "sao_os_caipiras"
string(26) "Cantidad de follows = 9500"
<br><br><br>string(9) "acerickrj"
string(27) "Cantidad de follows = 12265"
<br><br><br>string(15) "leandrogarciadj"
string(27) "Cantidad de follows = 19248"
<br><br><br>string(14) "osnirhamburger"
string(26) "Cantidad de follows = 6840"
<br><br><br>string(8) "dutruffi"
string(27) "Cantidad de follows = 14235"
<br><br><br>string(9) "lschuback"
string(26) "Cantidad de follows = 7792"
<br><br><br>string(21) "carolinanortondematos"
string(27) "Cantidad de follows = 11626"
<br><br><br>object(stdClass)#136 (2) {
  ["id"]=>
  string(5) "18103"
  ["login"]=>
  string(22) "denisegoncalves.santos"
}
string(14) "ethianemarques"
string(25) "Cantidad de follows = 696"
<br><br><br>string(10) "synaraleal"
string(27) "Cantidad de follows = 16183"
<br><br><br>string(8) "trinjune"
string(23) "Cantidad de follows = 0"
<br><br><br>string(12) "holy_popcorn"
string(27) "Cantidad de follows = 10280"
<br><br><br>string(9) "eltranvia"
string(27) "Cantidad de follows = 15552"
<br><br><br>string(19) "diegogoulartoficial"
string(27) "Cantidad de follows = 20493"
<br><br><br>string(15) "cartolinadesign"
string(26) "Cantidad de follows = 5640"
<br><br><br>string(9) "quarto_22"
string(26) "Cantidad de follows = 5541"
<br><br><br>string(10) "blogdakeli"
string(24) "Cantidad de follows = 12"
<br><br><br>object(stdClass)#151 (2) {
  ["id"]=>
  string(5) "18816"
  ["login"]=>
  string(10) "lefitnessb"
}
string(9) "awsmining"
string(26) "Cantidad de follows = 4588"
<br><br><br>string(13) "willianabrito"
string(26) "Cantidad de follows = 6740"
<br><br><br>string(23) "eusoutestemunhadogolias"
string(25) "Cantidad de follows = 207"
<br><br><br>string(16) "tumsoundfestival"
string(26) "Cantidad de follows = 1432"
<br><br><br>string(18) "casalbioequilibrio"
string(27) "Cantidad de follows = 11226"
<br><br><br>string(13) "mimosearomaas"
string(26) "Cantidad de follows = 8902"
<br><br><br>string(17) "gventurinpersonal"
string(26) "Cantidad de follows = 2508"
<br><br><br>string(9) "fastfitsc"
string(26) "Cantidad de follows = 3616"
<br><br><br>string(11) "raif_tattoo"
string(27) "Cantidad de follows = 13146"
<br><br><br>string(10) "hustler.hc"
string(26) "Cantidad de follows = 2471"
<br><br><br>string(9) "isarengel"
string(26) "Cantidad de follows = 6757"
<br><br><br>string(12) "solus_online"
string(26) "Cantidad de follows = 4040"
<br><br><br>string(11) "refugiohoje"
string(27) "Cantidad de follows = 12423"
<br><br><br>string(13) "nati.fressato"
string(26) "Cantidad de follows = 7249"
<br><br><br>string(16) "bysilviaschaefer"
string(23) "Cantidad de follows = 1"
<br><br><br>string(17) "calcadospaubrasil"
string(26) "Cantidad de follows = 8248"
<br><br><br>string(10) "daly_store"
string(27) "Cantidad de follows = 21613"
<br><br><br>string(11) "angelosciao"
string(26) "Cantidad de follows = 5257"
<br><br><br>string(6) "fuinha"
string(25) "Cantidad de follows = 194"
<br><br><br>string(10) "kombi_krug"
string(25) "Cantidad de follows = 508"
<br><br><br>string(12) "rekombinando"
string(26) "Cantidad de follows = 5958"
<br><br><br>string(15) "blogdasusantoss"
string(26) "Cantidad de follows = 5419"
<br><br><br>string(15) "diadeacessorios"
string(26) "Cantidad de follows = 2317"
<br><br><br>string(18) "christians.pereira"
string(26) "Cantidad de follows = 3755"
<br><br><br>object(stdClass)#154 (2) {
  ["id"]=>
  string(5) "19844"
  ["login"]=>
  string(13) "oficialpharma"
}
string(28) "pedrowilsonrodriguespimentel"
string(26) "Cantidad de follows = 7738"
<br><br><br>string(15) "atelieluizrocha"
string(27) "Cantidad de follows = 10258"
<br><br><br>string(12) "bibiscamargo"
string(26) "Cantidad de follows = 2045"
<br><br><br>string(16) "centerperfumaria"
string(26) "Cantidad de follows = 5527"
<br><br><br>string(10) "pmelorocha"
string(26) "Cantidad de follows = 6371"
<br><br><br>object(stdClass)#51 (2) {
  ["id"]=>
  string(5) "20149"
  ["login"]=>
  string(14) "thaliaalvesdec"
}
string(12) "yasminndias_"
string(26) "Cantidad de follows = 9430"
<br><br><br>string(17) "jb_alves_educador"
string(26) "Cantidad de follows = 3530"
<br><br><br>string(24) "leonardosantosfotografia"
string(27) "Cantidad de follows = 39762"
<br><br><br>string(8) "sporttot"
string(24) "Cantidad de follows = 21"
<br><br><br>object(stdClass)#89 (2) {
  ["id"]=>
  string(5) "20503"
  ["login"]=>
  string(8) "chandler"
}
string(13) "ayllesantiago"
string(28) "Cantidad de follows = 129459"
<br><br><br>string(12) "maisonbiarro"
string(27) "Cantidad de follows = 29082"
<br><br><br>string(15) "iselamendozadec"
string(26) "Cantidad de follows = 6072"
<br><br><br>string(9) "bamboh.pt"
string(26) "Cantidad de follows = 2614"
<br><br><br>string(12) "redeentropia"
string(26) "Cantidad de follows = 5915"
<br><br><br>string(13) "goutaguatinga"
string(26) "Cantidad de follows = 1013"
<br><br><br>object(stdClass)#182 (2) {
  ["id"]=>
  string(5) "20682"
  ["login"]=>
  string(11) "farmapharma"
}
string(18) "calabriapizzariarj"
string(26) "Cantidad de follows = 2475"
<br><br><br>object(stdClass)#182 (2) {
  ["id"]=>
  string(5) "20818"
  ["login"]=>
  string(20) "cadillacs.pastelaria"
}
object(stdClass)#81 (2) {
  ["id"]=>
  string(5) "20927"
  ["login"]=>
  string(25) "missionariojairodossantos"
}
object(stdClass)#182 (2) {
  ["id"]=>
  string(5) "21062"
  ["login"]=>
  string(13) "jesuisluciano"
}
object(stdClass)#81 (2) {
  ["id"]=>
  string(5) "21230"
  ["login"]=>
  string(9) "vikatorsc"
}
string(19) "nicollystoreoficial"
string(26) "Cantidad de follows = 7508"
<br><br><br>object(stdClass)#81 (2) {
  ["id"]=>
  string(5) "21368"
  ["login"]=>
  string(18) "ricardoribeiro0013"
}
string(24) "ramossegurancaeletronica"
string(26) "Cantidad de follows = 3294"
<br><br><br>string(18) "camacariplazahotel"
string(26) "Cantidad de follows = 6263"
<br><br><br>string(13) "_telesgabriel"
string(26) "Cantidad de follows = 2520"
<br><br><br>string(12) "fbfabiolopes"
string(26) "Cantidad de follows = 9009"
<br><br><br>object(stdClass)#75 (2) {
  ["id"]=>
  string(5) "21517"
  ["login"]=>
  string(23) "biscuitporvictorialeite"
}
string(10) "trapburger"
string(26) "Cantidad de follows = 2638"
<br><br><br>string(20) "shoppingcasaedesign_"
string(26) "Cantidad de follows = 8702"
<br><br><br>string(9) "samiilly_"
string(27) "Cantidad de follows = 18236"
<br><br><br>object(stdClass)#27 (2) {
  ["id"]=>
  string(5) "21731"
  ["login"]=>
  string(9) "conhecaes"
}
string(7) "loirasn"
string(25) "Cantidad de follows = 194"
<br><br><br>string(15) "santasticauniao"
string(26) "Cantidad de follows = 6295"
<br><br><br>string(19) "embraconcondominios"
string(26) "Cantidad de follows = 4641"
<br><br><br>string(17) "hamburguinhomoema"
string(27) "Cantidad de follows = 60579"
<br><br><br>string(14) "vilmamartins_7"
string(26) "Cantidad de follows = 1312"
<br><br><br>string(12) "leticiajural"
string(26) "Cantidad de follows = 8538"
<br><br><br>string(8) "_zero100"
string(27) "Cantidad de follows = 52239"
<br><br><br>string(20) "lionrollingcircusrio"
string(27) "Cantidad de follows = 14424"
<br><br><br>string(9) "_nerdjunk"
string(26) "Cantidad de follows = 5367"
<br><br><br>string(10) "pilotelton"
string(27) "Cantidad de follows = 11217"
<br><br><br>string(14) "marcioancelmoo"
string(26) "Cantidad de follows = 4995"
<br><br><br>object(stdClass)#45 (2) {
  ["id"]=>
  string(5) "22627"
  ["login"]=>
  string(18) "lucaswiliamsoliver"
}
string(14) "kevinlorenzorj"
string(26) "Cantidad de follows = 3403"
<br><br><br>object(stdClass)#45 (2) {
  ["id"]=>
  string(5) "22701"
  ["login"]=>
  string(21) "falandodemaquiagem_01"
}
string(13) "georgemuchuli"
string(26) "Cantidad de follows = 7783"
<br><br><br>string(15) "wendell_alvess_"
string(24) "Cantidad de follows = 84"
<br><br><br>object(stdClass)#167 (2) {
  ["id"]=>
  string(5) "22786"
  ["login"]=>
  string(6) "jpzk02"
}
object(stdClass)#169 (2) {
  ["id"]=>
  string(5) "22791"
  ["login"]=>
  string(13) "rodrigues.exe"
}
object(stdClass)#167 (2) {
  ["id"]=>
  string(5) "22915"
  ["login"]=>
  string(10) "5000covers"
}
string(18) "marciomouraoficial"
string(27) "Cantidad de follows = 12440"
<br><br><br>object(stdClass)#167 (2) {
  ["id"]=>
  string(5) "23135"
  ["login"]=>
  string(15) "daniak_boutique"
}
string(23) "formatacaotccmonografia"
string(24) "Cantidad de follows = 95"
<br><br><br>string(6) "nekkow"
string(24) "Cantidad de follows = 15"
<br><br><br>string(5) "lucao"
string(25) "Cantidad de follows = 559"
<br><br><br>string(6) "lucao2"
string(25) "Cantidad de follows = 586"
<br><br><br>string(13) "marcelomarkes"
string(27) "Cantidad de follows = 19936"
<br><br><br>string(14) "dl_beautysalon"
string(26) "Cantidad de follows = 1944"
<br><br><br>string(15) "ariadinebarreto"
string(27) "Cantidad de follows = 14597"
<br><br><br>string(13) "canalsemjacar"
string(27) "Cantidad de follows = 14301"
<br><br><br>string(11) "hiratabreno"
string(27) "Cantidad de follows = 12629"
<br><br><br>object(stdClass)#216 (2) {
  ["id"]=>
  string(5) "23543"
  ["login"]=>
  string(14) "erickspimentel"
}
string(12) "jessicaiwata"
string(27) "Cantidad de follows = 34229"
<br><br><br>string(14) "dnaphotoevideo"
string(27) "Cantidad de follows = 29011"
<br><br><br>string(18) "gamecenterpaulista"
string(27) "Cantidad de follows = 10322"
<br><br><br>string(10) "pacofishrd"
string(26) "Cantidad de follows = 8076"
<br><br><br>string(14) "qualityhotelsd"
string(26) "Cantidad de follows = 1204"
<br><br><br>string(17) "isabellabofficial"
string(27) "Cantidad de follows = 14039"
<br><br><br>string(13) "alialioficial"
string(25) "Cantidad de follows = 672"
<br><br><br>string(15) "barbeariadoneno"
string(27) "Cantidad de follows = 13661"
<br><br><br>string(10) "plagamba01"
string(26) "Cantidad de follows = 2648"
<br><br><br>string(11) "oscarcauchi"
string(26) "Cantidad de follows = 3638"
<br><br><br>string(7) "18laras"
string(26) "Cantidad de follows = 1840"
<br><br><br>string(16) "entreomarealagoa"
string(26) "Cantidad de follows = 1677"
<br><br><br>string(9) "darlanred"
string(27) "Cantidad de follows = 21340"
<br><br><br>string(15) "riolisboabrasil"
string(25) "Cantidad de follows = 206"
<br><br><br>string(12) "studio4cinco"
string(26) "Cantidad de follows = 4931"
<br><br><br>string(13) "fabriciofabre"
string(26) "Cantidad de follows = 8606"
<br><br><br>string(22) "suamusicapersonalizada"
string(27) "Cantidad de follows = 10222"
<br><br><br>string(10) "fioremixbr"
string(25) "Cantidad de follows = 325"
<br><br><br>string(8) "kevinvem"
string(23) "Cantidad de follows = 5"
<br><br><br>string(12) "djallannatal"
string(27) "Cantidad de follows = 28359"
<br><br><br>string(15) "polpasempreviva"
string(27) "Cantidad de follows = 34548"
<br><br><br>string(8) "kessyaaa"
string(27) "Cantidad de follows = 11087"
<br><br><br>string(8) "celparra"
string(27) "Cantidad de follows = 10680"
<br><br><br>object(stdClass)#185 (2) {
  ["id"]=>
  string(5) "25524"
  ["login"]=>
  string(11) "tompson9345"
}
object(stdClass)#97 (2) {
  ["id"]=>
  string(5) "25571"
  ["login"]=>
  string(14) "habner_martins"
}
string(24) "fitnessuplementosoficial"
string(25) "Cantidad de follows = 335"
<br><br><br>string(13) "mayconbarroco"
string(27) "Cantidad de follows = 18498"
<br><br><br>string(9) "caiocesar"
string(24) "Cantidad de follows = 84"
<br><br><br>string(8) "lil.fama"
string(27) "Cantidad de follows = 21209"
<br><br><br>string(12) "institutoybi"
string(27) "Cantidad de follows = 18000"
<br><br><br>object(stdClass)#220 (2) {
  ["id"]=>
  string(5) "26183"
  ["login"]=>
  string(14) "andresa_lebens"
}
string(7) "yuryv05"
string(27) "Cantidad de follows = 10316"
<br><br><br>string(15) "eliana_casimiro"
string(26) "Cantidad de follows = 5640"
<br><br><br>string(11) "maloohstore"
string(26) "Cantidad de follows = 3672"
<br><br><br>string(15) "lauraivinadecor"
string(26) "Cantidad de follows = 8950"
<br><br><br>string(16) "simplesmenteamei"
string(27) "Cantidad de follows = 16106"
<br><br><br>string(16) "drraphaelmarques"
string(27) "Cantidad de follows = 21374"
<br><br><br>string(10) "casazunzun"
string(26) "Cantidad de follows = 5587"
<br><br><br>string(14) "draraymedeiros"
string(26) "Cantidad de follows = 1579"
<br><br><br>string(12) "4youdressing"
string(26) "Cantidad de follows = 3559"
<br><br><br>string(21) "lucaslermenfotografia"
string(27) "Cantidad de follows = 14854"
<br><br><br>string(16) "bracholuismiguel"
string(25) "Cantidad de follows = 830"
<br><br><br>string(17) "draflaviasgavioli"
string(27) "Cantidad de follows = 41478"
<br><br><br>string(16) "rafamello_cantor"
string(26) "Cantidad de follows = 9022"
<br><br><br>string(13) "gabinassyrios"
string(27) "Cantidad de follows = 28048"
<br><br><br>string(13) "cardosodani78"
string(25) "Cantidad de follows = 423"
<br><br><br>object(stdClass)#217 (2) {
  ["id"]=>
  string(5) "27362"
  ["login"]=>
  string(9) "k123silva"
}
string(9) "labotique"
string(25) "Cantidad de follows = 276"
<br><br><br>string(11) "eco.noronha"
string(26) "Cantidad de follows = 1075"
<br><br><br>string(13) "gelottisports"
string(26) "Cantidad de follows = 6279"
<br><br><br>string(13) "bombeefsantos"
string(27) "Cantidad de follows = 69213"
<br><br><br>string(15) "parvathi_brasil"
string(26) "Cantidad de follows = 8537"
<br><br><br>string(9) "lobotique"
string(26) "Cantidad de follows = 6607"
<br><br><br>string(8) "talincas"
string(27) "Cantidad de follows = 22595"
<br><br><br>string(21) "visagismofacial_drika"
string(25) "Cantidad de follows = 735"
<br><br><br>string(13) "bakwarabrasil"
string(26) "Cantidad de follows = 1564"
<br><br><br>string(19) "carlabarcellosjoias"
string(27) "Cantidad de follows = 11424"
<br><br><br>string(16) "programagameover"
string(26) "Cantidad de follows = 1119"
<br><br><br>string(15) "aafrodite.store"
string(26) "Cantidad de follows = 5763"
<br><br><br>string(12) "rogiacomello"
string(26) "Cantidad de follows = 1423"
<br><br><br>string(11) "solvebrazil"
string(26) "Cantidad de follows = 1173"
<br><br><br>string(16) "drafernandavolpi"
string(27) "Cantidad de follows = 12418"
<br><br><br>object(stdClass)#100 (2) {
  ["id"]=>
  string(5) "27722"
  ["login"]=>
  string(14) "maribel.silent"
}
string(13) "miocheoficial"
string(27) "Cantidad de follows = 45349"
<br><br><br>string(11) "daylipadron"
string(26) "Cantidad de follows = 8208"
<br><br><br>string(14) "mercadolabarra"
string(26) "Cantidad de follows = 4196"
<br><br><br>string(10) "naraabreuu"
string(26) "Cantidad de follows = 4581"
<br><br><br>string(8) "lukmodas"
string(26) "Cantidad de follows = 8122"
<br><br><br>string(21) "girlsgardenacessorios"
string(26) "Cantidad de follows = 2023"
<br><br><br>string(13) "capimlimaomga"
string(26) "Cantidad de follows = 5453"
<br><br><br>string(15) "maxpremiumjeans"
string(26) "Cantidad de follows = 8429"
<br><br><br>string(8) "bruna.fb"
string(27) "Cantidad de follows = 21193"
<br><br><br>string(14) "na_cara_do_gol"
string(26) "Cantidad de follows = 3028"
<br><br><br>string(13) "jessicacytrus"
string(27) "Cantidad de follows = 29803"
<br><br><br>string(11) "cyrofuziama"
string(27) "Cantidad de follows = 25230"
<br><br><br>string(11) "thaycomfome"
string(27) "Cantidad de follows = 26443"
<br><br><br>string(10) "dankana_dk"
string(26) "Cantidad de follows = 8842"
<br><br><br>string(13) "vivimaquiagem"
string(26) "Cantidad de follows = 2461"
<br><br><br>string(14) "fshirtsdesigns"
string(25) "Cantidad de follows = 368"
<br><br><br>string(15) "closetdasduasto"
string(27) "Cantidad de follows = 14198"
<br><br><br>object(stdClass)#83 (2) {
  ["id"]=>
  string(5) "28069"
  ["login"]=>
  string(14) "rosaduartelash"
}
string(11) "gardelmaroz"
string(26) "Cantidad de follows = 6159"
<br><br><br>object(stdClass)#83 (2) {
  ["id"]=>
  string(5) "28080"
  ["login"]=>
  string(16) "msanchescaroline"
}
object(stdClass)#156 (2) {
  ["id"]=>
  string(5) "28092"
  ["login"]=>
  string(9) "pri_avlis"
}
string(13) "ferefacrochet"
string(26) "Cantidad de follows = 8992"
<br><br><br>object(stdClass)#156 (2) {
  ["id"]=>
  string(5) "28099"
  ["login"]=>
  string(13) "menezesandree"
}
string(7) "nr_mini"
string(27) "Cantidad de follows = 11026"
<br><br><br>string(6) "dz9bnb"
string(26) "Cantidad de follows = 3307"
<br><br><br>object(stdClass)#53 (2) {
  ["id"]=>
  string(5) "28145"
  ["login"]=>
  string(20) "nossoapartamento_103"
}
string(18) "cheirinhodamariana"
string(26) "Cantidad de follows = 7629"
<br><br><br>object(stdClass)#53 (2) {
  ["id"]=>
  string(5) "28213"
  ["login"]=>
  string(15) "malucassimiro.r"
}
string(16) "alvomarketingagc"
string(26) "Cantidad de follows = 9465"
<br><br><br>string(17) "ilmiocasamentoios"
string(26) "Cantidad de follows = 1008"
<br><br><br>string(16) "dranayanepacheco"
string(28) "Cantidad de follows = 139152"
<br><br><br>string(24) "silvanonunes.hairstylist"
string(27) "Cantidad de follows = 21419"
<br><br><br>object(stdClass)#97 (2) {
  ["id"]=>
  string(5) "28276"
  ["login"]=>
  string(13) "tatyanealvess"
}
string(21) "closetdemulheroficial"
string(26) "Cantidad de follows = 3924"
<br><br><br>string(17) "drdanilopelegrino"
string(26) "Cantidad de follows = 5854"
<br><br><br>string(20) "mariaclaraguimaraes1"
string(27) "Cantidad de follows = 34712"
<br><br><br>string(15) "vitoria.mamedio"
string(26) "Cantidad de follows = 7527"
<br><br><br>string(12) "meirellesipc"
string(26) "Cantidad de follows = 1513"
<br><br><br>string(12) "luporluciana"
string(26) "Cantidad de follows = 8483"
<br><br><br>string(11) "andersonvoo"
string(26) "Cantidad de follows = 1050"
<br><br><br>string(14) "niqueferreiira"
string(27) "Cantidad de follows = 12340"
<br><br><br>string(15) "carlota_barnabe"
string(27) "Cantidad de follows = 12770"
<br><br><br>string(17) "drdanilopelegrino"
string(26) "Cantidad de follows = 5855"
<br><br><br>string(9) "lipinhuss"
string(26) "Cantidad de follows = 1771"
<br><br><br>string(13) "mayaramarkes_"
string(26) "Cantidad de follows = 8589"
<br><br><br>string(10) "ky2oficial"
string(26) "Cantidad de follows = 2417"
<br><br><br>string(11) "mendy_vivii"
string(26) "Cantidad de follows = 3792"
<br><br><br>object(stdClass)#51 (2) {
  ["id"]=>
  string(5) "28497"
  ["login"]=>
  string(21) "_medicinaintegrativa_"
}
string(25) "specialitycoffeegastropub"
string(25) "Cantidad de follows = 557"
<br><br><br>string(13) "clubedebolsas"
string(27) "Cantidad de follows = 10222"
<br><br><br>string(11) "carolsousas"
string(26) "Cantidad de follows = 3558"
<br><br><br>object(stdClass)#59 (2) {
  ["id"]=>
  string(5) "28517"
  ["login"]=>
  string(19) "martins_consultoria"
}
string(4) "fila"
string(25) "Cantidad de follows = 827"
<br><br><br>string(6) "reebok"
string(29) "Cantidad de follows = 2120722"
<br><br><br>string(8) "bindanvm"
string(26) "Cantidad de follows = 1484"
<br><br><br>string(18) "wesleyoliveirareal"
string(26) "Cantidad de follows = 2819"
<br><br><br>string(9) "indikqui_"
string(26) "Cantidad de follows = 1328"
<br><br><br>string(10) "luahungria"
string(26) "Cantidad de follows = 4526"
<br><br><br>string(14) "paesda_familia"
string(26) "Cantidad de follows = 3446"
<br><br><br>object(stdClass)#144 (2) {
  ["id"]=>
  string(5) "28557"
  ["login"]=>
  string(10) "kaahcintra"
}
string(17) "reabilitar.studio"
string(26) "Cantidad de follows = 5636"
<br><br><br>string(9) "amaraljej"
string(25) "Cantidad de follows = 612"
<br><br><br>string(14) "websterramalho"
string(25) "Cantidad de follows = 731"
<br><br><br>string(24) "vida_sol_e_mar_ecoresort"
string(26) "Cantidad de follows = 7094"
<br><br><br>string(10) "aco_brasil"
string(26) "Cantidad de follows = 3300"
<br><br><br>string(13) "desafioadois2"
string(26) "Cantidad de follows = 6968"
<br><br><br>string(10) "joaozaneti"
string(27) "Cantidad de follows = 13348"
<br><br><br>string(12) "karbofitness"
string(27) "Cantidad de follows = 10853"
<br><br><br>string(12) "nayaranouber"
string(27) "Cantidad de follows = 17936"
<br><br><br>object(stdClass)#154 (2) {
  ["id"]=>
  string(5) "28654"
  ["login"]=>
  string(11) "ellenrauber"
}
object(stdClass)#200 (2) {
  ["id"]=>
  string(5) "28657"
  ["login"]=>
  string(14) "reserveviagens"
}
string(17) "ingrid_ferreira25"
string(25) "Cantidad de follows = 179"
<br><br><br>string(20) "neovita_fisioterapia"
string(26) "Cantidad de follows = 4918"
<br><br><br>string(17) "dunashookahlounge"
string(26) "Cantidad de follows = 9077"
<br><br><br>string(15) "emporio.forever"
string(25) "Cantidad de follows = 278"
<br><br><br>string(16) "mariakarencosta_"
string(26) "Cantidad de follows = 5885"
<br><br><br>string(13) "pretta_araujo"
string(27) "Cantidad de follows = 11933"
<br><br><br>string(18) "theo_kate_ragdolls"
string(26) "Cantidad de follows = 3614"
<br><br><br>string(9) "xaanndii_"
string(26) "Cantidad de follows = 1234"
<br><br><br>string(15) "pausetakeabreak"
string(26) "Cantidad de follows = 3752"
<br><br><br>string(10) "raquellsan"
string(27) "Cantidad de follows = 26304"
<br><br><br>string(11) "quatro_maos"
string(26) "Cantidad de follows = 4190"
<br><br><br>string(20) "apaudiovisualoficial"
string(25) "Cantidad de follows = 569"
<br><br><br>string(15) "gameoverworldmx"
string(24) "Cantidad de follows = 30"
<br><br><br>string(10) "macielcaio"
string(26) "Cantidad de follows = 3053"
<br><br><br>string(10) "pp_eventos"
string(26) "Cantidad de follows = 3647"
<br><br><br>string(15) "renatacanizares"
string(27) "Cantidad de follows = 13462"
<br><br><br>string(12) "dermatofarma"
string(26) "Cantidad de follows = 8878"
<br><br><br>string(14) "cinarafestasbh"
string(27) "Cantidad de follows = 34078"
<br><br><br>string(10) "mreissilva"
string(27) "Cantidad de follows = 23390"
<br><br><br>string(17) "minutoscomdelavec"
string(27) "Cantidad de follows = 14002"
<br><br><br>string(9) "lilispada"
string(28) "Cantidad de follows = 720490"
<br><br><br>string(13) "edersilveiram"
string(26) "Cantidad de follows = 4512"
<br><br><br>string(15) "rosanatiburtino"
string(26) "Cantidad de follows = 1034"
<br><br><br>string(18) "stopscapautomotivo"
string(26) "Cantidad de follows = 5981"
<br><br><br>object(stdClass)#65 (2) {
  ["id"]=>
  string(5) "28849"
  ["login"]=>
  string(8) "plasjowl"
}
string(12) "itzackcamila"
string(26) "Cantidad de follows = 1345"
<br><br><br>string(15) "eu_gabicarvalho"
string(26) "Cantidad de follows = 2976"
<br><br><br>string(19) "hypinosemodaoficial"
string(26) "Cantidad de follows = 9865"
<br><br><br>string(13) "everttonviana"
string(26) "Cantidad de follows = 9628"
<br><br><br>string(17) "shirleyalesantana"
string(27) "Cantidad de follows = 27898"
<br><br><br>string(14) "leticiastoledo"
string(26) "Cantidad de follows = 2583"
<br><br><br>string(14) "drpedroferrari"
string(27) "Cantidad de follows = 39342"
<br><br><br>string(11) "itamixbazar"
string(26) "Cantidad de follows = 4645"
<br><br><br>string(13) "trader_amador"
string(25) "Cantidad de follows = 167"
<br><br><br>string(16) "isabellasanchess"
string(26) "Cantidad de follows = 3015"
<br><br><br>object(stdClass)#71 (2) {
  ["id"]=>
  string(5) "28962"
  ["login"]=>
  string(15) "tiagomennezes11"
}
string(12) "bunkersounds"
string(26) "Cantidad de follows = 1679"
<br><br><br>string(14) "timmycelulares"
string(25) "Cantidad de follows = 216"
<br><br><br>object(stdClass)#199 (2) {
  ["id"]=>
  string(5) "28988"
  ["login"]=>
  string(15) "programavitrina"
}
object(stdClass)#141 (2) {
  ["id"]=>
  string(5) "28989"
  ["login"]=>
  string(18) "leocar.leonardoniq"
}
object(stdClass)#199 (2) {
  ["id"]=>
  string(5) "28990"
  ["login"]=>
  string(17) "acade_corpoeforma"
}
object(stdClass)#141 (2) {
  ["id"]=>
  string(5) "28993"
  ["login"]=>
  string(11) "atgaranhuns"
}
string(20) "annamaya_arquitetura"
string(26) "Cantidad de follows = 9192"
<br><br><br>string(8) "1kgdobom"
string(27) "Cantidad de follows = 14964"
<br><br><br>string(13) "livre.digital"
string(26) "Cantidad de follows = 3448"
<br><br><br>string(14) "rhuanpenaforte"
string(27) "Cantidad de follows = 10617"
<br><br><br>string(16) "restaurantebario"
string(26) "Cantidad de follows = 1357"
<br><br><br>string(21) "felippeturtransportes"
string(26) "Cantidad de follows = 3129"
<br><br><br>string(15) "solarlifeenergy"
string(25) "Cantidad de follows = 551"
<br><br><br>string(18) "vinteumcomunicacao"
string(25) "Cantidad de follows = 580"
<br><br><br>string(18) "auto_escolaatitude"
string(26) "Cantidad de follows = 2002"
<br><br><br>string(13) "carollremigio"
string(26) "Cantidad de follows = 1069"
<br><br><br>string(13) "pampodelivery"
string(26) "Cantidad de follows = 1269"
<br><br><br>string(20) "txcambioeturismo_rio"
string(26) "Cantidad de follows = 1295"
<br><br><br>string(13) "riveauxmerino"
string(26) "Cantidad de follows = 5428"
<br><br><br>string(15) "carneslaceleste"
string(26) "Cantidad de follows = 2284"
<br><br><br>string(11) "heroairsoft"
string(26) "Cantidad de follows = 3833"
<br><br><br>string(19) "brechoandreaventuro"
string(27) "Cantidad de follows = 36567"
<br><br><br>string(9) "samiilly_"
string(27) "Cantidad de follows = 18236"
<br><br><br>string(14) "luigi_bemporad"
string(24) "Cantidad de follows = 52"
<br><br><br>string(13) "luiz_skydiver"
string(26) "Cantidad de follows = 9855"
<br><br><br>string(15) "luanmachado.arq"
string(26) "Cantidad de follows = 1860"
<br><br><br>string(12) "kaikfariastv"
string(26) "Cantidad de follows = 1997"
<br><br><br>string(16) "colegioguarapuvu"
string(23) "Cantidad de follows = 1"
<br><br><br>string(9) "guarapuvu"
string(26) "Cantidad de follows = 3021"
<br><br><br>string(13) "purocafajeste"
string(27) "Cantidad de follows = 34257"
<br><br><br>string(11) "a_deziderio"
string(26) "Cantidad de follows = 2071"
<br><br><br>object(stdClass)#99 (2) {
  ["id"]=>
  string(5) "29171"
  ["login"]=>
  string(16) "ranchotalisma_mg"
}
object(stdClass)#150 (2) {
  ["id"]=>
  string(5) "29178"
  ["login"]=>
  string(16) "maryana_araujooc"
}
string(13) "vitormagnusss"
string(27) "Cantidad de follows = 42158"
<br><br><br>string(20) "franciscosilva_alves"
string(25) "Cantidad de follows = 272"
<br><br><br>string(17) "mrandersonalmeida"
string(26) "Cantidad de follows = 6329"
<br><br><br>string(10) "inovaluxrj"
string(25) "Cantidad de follows = 191"
<br><br><br>string(17) "mixturinhafashion"
string(26) "Cantidad de follows = 2248"
<br><br><br>string(22) "danelonprimeacessorios"
string(26) "Cantidad de follows = 4660"
<br><br><br>object(stdClass)#44 (2) {
  ["id"]=>
  string(5) "29219"
  ["login"]=>
  string(7) "ruivabr"
}
string(17) "luizjatobaoficial"
string(26) "Cantidad de follows = 9643"
<br><br><br>string(8) "thhai97_"
string(26) "Cantidad de follows = 1614"
<br><br><br>string(10) "tiago_kuhn"
string(26) "Cantidad de follows = 2281"
<br><br><br>object(stdClass)#132 (2) {
  ["id"]=>
  string(5) "29228"
  ["login"]=>
  string(13) "tiolavinicius"
}
string(15) "crisoliveiravmk"
string(26) "Cantidad de follows = 2091"
<br><br><br>string(15) "wesleymichelini"
string(26) "Cantidad de follows = 1820"
<br><br><br>string(18) "raphaelacapobiango"
string(26) "Cantidad de follows = 5556"
<br><br><br>string(11) "castrolucas"
string(26) "Cantidad de follows = 3616"
<br><br><br>string(16) "masseriniosteria"
string(26) "Cantidad de follows = 6134"
<br><br><br>string(10) "alvesgilli"
string(26) "Cantidad de follows = 2009"
<br><br><br>string(10) "felippetur"
string(27) "Cantidad de follows = 19225"
<br><br><br>string(25) "rodrigo.embraconconsorcio"
string(26) "Cantidad de follows = 6249"
<br><br><br>string(14) "naotolendoisso"
string(26) "Cantidad de follows = 3205"
<br><br><br>string(18) "tropical.insurance"
string(25) "Cantidad de follows = 680"
<br><br><br>string(12) "elestore.rio"
string(26) "Cantidad de follows = 1508"
<br><br><br>string(14) "joannaa_aguiar"
string(25) "Cantidad de follows = 573"
<br><br><br>string(12) "ale.mmartins"
string(26) "Cantidad de follows = 1278"
<br><br><br>string(14) "ricvrdomoraes_"
string(26) "Cantidad de follows = 3487"
<br><br><br>string(16) "psgacademyrecife"
string(26) "Cantidad de follows = 4210"
<br><br><br>string(11) "diasluciano"
string(27) "Cantidad de follows = 16280"
<br><br><br>string(15) "othmanejennaoui"
string(27) "Cantidad de follows = 11075"
<br><br><br>string(14) "andresza_ramos"
string(26) "Cantidad de follows = 2000"
<br><br><br>string(23) "estetica.michelecamargo"
string(26) "Cantidad de follows = 3203"
<br><br><br>string(19) "fernandalima.decora"
string(26) "Cantidad de follows = 2154"
<br><br><br>string(13) "ghanabranding"
string(26) "Cantidad de follows = 6753"
<br><br><br>string(16) "binhorodriguess_"
string(26) "Cantidad de follows = 3558"
<br><br><br>string(14) "theblondedetox"
string(26) "Cantidad de follows = 3775"
<br><br><br>string(19) "oficialwinnieamaral"
string(27) "Cantidad de follows = 22979"
<br><br><br>string(19) "pezinhofirmenarocha"
string(28) "Cantidad de follows = 116370"
<br><br><br>string(11) "meempreenda"
string(26) "Cantidad de follows = 3632"
<br><br><br>string(14) "joseluizpontes"
string(25) "Cantidad de follows = 994"
<br><br><br>object(stdClass)#98 (2) {
  ["id"]=>
  string(5) "29486"
  ["login"]=>
  string(15) "eduarda.neves13"
}
string(13) "karinelisuzan"
string(26) "Cantidad de follows = 5093"
<br><br><br>object(stdClass)#98 (2) {
  ["id"]=>
  string(5) "29498"
  ["login"]=>
  string(20) "orlamodapraiaoficial"
}
string(17) "advocacia_messias"
string(26) "Cantidad de follows = 3324"
<br><br><br>string(18) "allbotequipamentos"
string(26) "Cantidad de follows = 2921"
<br><br><br>string(20) "emersonlopeshoficial"
string(27) "Cantidad de follows = 12667"
<br><br><br>string(11) "raissataini"
string(27) "Cantidad de follows = 26280"
<br><br><br>object(stdClass)#212 (2) {
  ["id"]=>
  string(5) "29527"
  ["login"]=>
  string(13) "menezesandree"
}
string(10) "vivianeneu"
string(27) "Cantidad de follows = 28230"
<br><br><br>object(stdClass)#212 (2) {
  ["id"]=>
  string(5) "29541"
  ["login"]=>
  string(8) "dhougie_"
}
string(24) "andressamakeup_penteados"
string(26) "Cantidad de follows = 3097"
<br><br><br>string(13) "iracemaallves"
string(26) "Cantidad de follows = 7433"
<br><br><br>string(11) "renannunes2"
string(26) "Cantidad de follows = 5079"
<br><br><br>string(14) "natha.estetica"
string(26) "Cantidad de follows = 1853"
<br><br><br>string(19) "j.a.estudiodebeleza"
string(25) "Cantidad de follows = 151"
<br><br><br>string(12) "grafianafoto"
string(26) "Cantidad de follows = 8988"
<br><br><br>string(19) "thespacetimeripples"
string(26) "Cantidad de follows = 3299"
<br><br><br>string(14) "rubia_martinss"
string(28) "Cantidad de follows = 111161"
<br><br><br>string(23) "joseguilherme.consultor"
string(26) "Cantidad de follows = 1224"
<br><br><br>string(14) "emporiodifiori"
string(26) "Cantidad de follows = 2220"
<br><br><br>string(21) "viajandonaarquitetura"
string(26) "Cantidad de follows = 4893"
<br><br><br>string(14) "elitecenterfoz"
string(26) "Cantidad de follows = 2388"
<br><br><br>string(10) "yancasilva"
string(26) "Cantidad de follows = 2345"
<br><br><br>string(16) "roberta.amfranca"
string(26) "Cantidad de follows = 3372"
<br><br><br>string(15) "doceriaanaester"
string(26) "Cantidad de follows = 3870"
<br><br><br>string(10) "kathguedes"
string(27) "Cantidad de follows = 42813"
<br><br><br>string(13) "tubaraocenter"
string(26) "Cantidad de follows = 6350"
<br><br><br>object(stdClass)#58 (2) {
  ["id"]=>
  string(5) "29702"
  ["login"]=>
  string(6) "zayrnm"
}
string(9) "chefeeddy"
string(27) "Cantidad de follows = 12405"
<br><br><br>string(10) "acasadecat"
string(27) "Cantidad de follows = 10569"
<br><br><br>string(20) "oficialforroperfeito"
string(27) "Cantidad de follows = 48894"
<br><br><br>string(14) "orabolasbrecho"
string(26) "Cantidad de follows = 3001"
<br><br><br>string(11) "thekingboy_"
string(27) "Cantidad de follows = 17817"
<br><br><br>string(15) "vanessa.wysocki"
string(26) "Cantidad de follows = 3627"
<br><br><br>string(11) "rique.silva"
string(26) "Cantidad de follows = 5042"
<br><br><br>string(22) "gabriellacarvalhostore"
string(27) "Cantidad de follows = 33402"
<br><br><br>string(14) "lojanowfitness"
string(26) "Cantidad de follows = 3980"
<br><br><br>string(8) "mapoiani"
string(26) "Cantidad de follows = 6068"
<br><br><br>string(14) "salaostudiosbc"
string(26) "Cantidad de follows = 1795"
<br><br><br>string(19) "studying_the_secret"
string(26) "Cantidad de follows = 2586"
<br><br><br>string(23) "studiohairinternacional"
string(26) "Cantidad de follows = 5348"
<br><br><br>string(9) "ahdireito"
string(26) "Cantidad de follows = 5351"
<br><br><br>string(7) "kabonkk"
string(26) "Cantidad de follows = 4074"
<br><br><br>string(10) "companyate"
string(25) "Cantidad de follows = 106"
<br><br><br>string(15) "visual.software"
string(26) "Cantidad de follows = 1535"
<br><br><br>string(12) "djdavisantos"
string(26) "Cantidad de follows = 8393"
<br><br><br>string(14) "rafaellmoraess"
string(25) "Cantidad de follows = 825"
<br><br><br>string(22) "syflariluminacaoimport"
string(26) "Cantidad de follows = 1683"
<br><br><br>string(12) "grupo.efraim"
string(26) "Cantidad de follows = 1298"
<br><br><br>string(17) "efraimhoteleflats"
string(25) "Cantidad de follows = 781"
<br><br><br>string(30) "rpcontrollerinsetodedetizadora"
string(25) "Cantidad de follows = 165"
<br><br><br>string(12) "raunierporto"
string(26) "Cantidad de follows = 3106"
<br><br><br>string(11) "marciabotam"
string(26) "Cantidad de follows = 3798"
<br><br><br>object(stdClass)#148 (2) {
  ["id"]=>
  string(5) "29901"
  ["login"]=>
  string(8) "1jonhbjj"
}
object(stdClass)#220 (2) {
  ["id"]=>
  string(5) "29918"
  ["login"]=>
  string(9) "odeiopera"
}
object(stdClass)#148 (2) {
  ["id"]=>
  string(5) "29932"
  ["login"]=>
  string(11) "eufeearruda"
}
string(11) "tclaranunes"
string(26) "Cantidad de follows = 1744"
<br><br><br>string(19) "alaskaclothingstore"
string(26) "Cantidad de follows = 2284"
<br><br><br>string(14) "gkt_kickboxing"
string(26) "Cantidad de follows = 1610"
<br><br><br>string(19) "character.design.gk"
string(26) "Cantidad de follows = 1196"
<br><br><br>object(stdClass)#114 (2) {
  ["id"]=>
  string(5) "29964"
  ["login"]=>
  string(12) "blogdoarinos"
}
object(stdClass)#188 (2) {
  ["id"]=>
  string(5) "29965"
  ["login"]=>
  string(12) "bela.morenaa"
}
string(24) "leandroquelucifotografia"
string(26) "Cantidad de follows = 3009"
<br><br><br>string(19) "generalstorefitness"
string(26) "Cantidad de follows = 3678"
<br><br><br>string(15) "acervomodasda44"
string(26) "Cantidad de follows = 5708"
<br><br><br>string(12) "mama_costhay"
string(26) "Cantidad de follows = 4975"
<br><br><br>string(17) "ginetom_rodrigues"
string(26) "Cantidad de follows = 7751"
<br><br><br>string(13) "brunnooctavio"
string(25) "Cantidad de follows = 987"
<br><br><br>object(stdClass)#30 (2) {
  ["id"]=>
  string(5) "29996"
  ["login"]=>
  string(12) "doug0liveira"
}
string(10) "gutt_carol"
string(27) "Cantidad de follows = 12167"
<br><br><br>string(9) "hulkdutra"
string(27) "Cantidad de follows = 13386"
<br><br><br>string(16) "camilaguerreiroo"
string(26) "Cantidad de follows = 2379"
<br><br><br>string(15) "sandymakecabelo"
string(26) "Cantidad de follows = 6703"
<br><br><br>string(15) "copaciadvogados"
string(25) "Cantidad de follows = 684"
<br><br><br>string(18) "diegocamargotattoo"
string(26) "Cantidad de follows = 3267"
<br><br><br>string(17) "entretenimento.pe"
string(26) "Cantidad de follows = 3453"
<br><br><br>string(17) "alicemelomakehair"
string(26) "Cantidad de follows = 6774"
<br><br><br>object(stdClass)#199 (2) {
  ["id"]=>
  string(5) "30051"
  ["login"]=>
  string(11) "tuguinha.tv"
}
string(13) "rentar.com.do"
string(27) "Cantidad de follows = 11634"
<br><br><br>string(15) "eriosvaldodiniz"
string(26) "Cantidad de follows = 1632"
<br><br><br>string(11) "gustavo_ono"
string(26) "Cantidad de follows = 5379"
<br><br><br>string(15) "canilredbroncos"
string(26) "Cantidad de follows = 1884"
<br><br><br>string(9) "_brokerst"
string(25) "Cantidad de follows = 303"
<br><br><br>string(14) "lifeprojectone"
string(26) "Cantidad de follows = 1862"
<br><br><br>string(16) "disfranco.motors"
string(26) "Cantidad de follows = 2937"
<br><br><br>string(6) "bomf17"
string(25) "Cantidad de follows = 824"
<br><br><br>string(12) "aliicemello_"
string(26) "Cantidad de follows = 2161"
<br><br><br>string(11) "_bellaforma"
string(27) "Cantidad de follows = 70992"
<br><br><br>string(10) "bruruschel"
string(27) "Cantidad de follows = 11960"
<br><br><br>string(9) "murilooc7"
string(26) "Cantidad de follows = 4228"
<br><br><br>string(9) "a7madov95"
string(25) "Cantidad de follows = 247"
<br><br><br>string(7) "a_mayla"
string(25) "Cantidad de follows = 749"
<br><br><br>string(13) "lidiafeitosa4"
string(26) "Cantidad de follows = 2795"
<br><br><br>string(10) "smokeseila"
string(25) "Cantidad de follows = 643"
<br><br><br>string(10) "rikdelucca"
string(26) "Cantidad de follows = 3615"
<br><br><br>string(19) "corretoracavalcante"
string(25) "Cantidad de follows = 834"
<br><br><br>object(stdClass)#205 (2) {
  ["id"]=>
  string(5) "30218"
  ["login"]=>
  string(14) "thaisaschayder"
}
string(13) "hueskerbrasil"
string(26) "Cantidad de follows = 3749"
<br><br><br>string(22) "rodrigoranchodascabras"
string(25) "Cantidad de follows = 954"
<br><br><br>object(stdClass)#67 (2) {
  ["id"]=>
  string(5) "30232"
  ["login"]=>
  string(15) "arisson_jessica"
}
string(16) "camilla.franklin"
string(26) "Cantidad de follows = 6330"
<br><br><br>string(11) "maira.fuzii"
string(26) "Cantidad de follows = 1919"
<br><br><br>object(stdClass)#158 (2) {
  ["id"]=>
  string(5) "30257"
  ["login"]=>
  string(13) "nathaly_llima"
}
string(21) "laraharantes.piercing"
string(26) "Cantidad de follows = 3271"
<br><br><br>string(11) "maitemellim"
string(26) "Cantidad de follows = 1986"
<br><br><br>string(10) "criptobraz"
string(25) "Cantidad de follows = 707"
<br><br><br>string(14) "meuprojeto.fit"
string(26) "Cantidad de follows = 2090"
<br><br><br>object(stdClass)#41 (2) {
  ["id"]=>
  string(5) "30286"
  ["login"]=>
  string(15) "cmo_odontologia"
}
object(stdClass)#148 (2) {
  ["id"]=>
  string(5) "30293"
  ["login"]=>
  string(14) "ketellenfelix1"
}
string(14) "biel_do_cavaco"
string(27) "Cantidad de follows = 20108"
<br><br><br>string(9) "netto_ull"
string(25) "Cantidad de follows = 620"
<br><br><br>string(11) "nandokounat"
string(27) "Cantidad de follows = 19611"
<br><br><br>object(stdClass)#45 (2) {
  ["id"]=>
  string(5) "30317"
  ["login"]=>
  string(14) "easyartgrafica"
}
string(15) "studio_beauty15"
string(26) "Cantidad de follows = 1038"
<br><br><br>string(18) "julio_sosa_imoveis"
string(25) "Cantidad de follows = 797"
<br><br><br>string(10) "canelihome"
string(26) "Cantidad de follows = 3667"
<br><br><br>string(9) "josergm86"
string(26) "Cantidad de follows = 7211"
<br><br><br>string(11) "katiaalbany"
string(26) "Cantidad de follows = 4819"
<br><br><br>string(11) "leandramora"
string(26) "Cantidad de follows = 1785"
<br><br><br>object(stdClass)#91 (2) {
  ["id"]=>
  string(5) "30380"
  ["login"]=>
  string(7) "_lrnnym"
}
string(17) "festivalnovomundo"
string(26) "Cantidad de follows = 4352"
<br><br><br>string(10) "odavilemos"
string(27) "Cantidad de follows = 13248"
<br><br><br>string(20) "clebsonfrancaoficial"
string(26) "Cantidad de follows = 2126"
<br><br><br>string(15) "mamaesemmanuais"
string(27) "Cantidad de follows = 11535"
<br><br><br>string(13) "victorcastelo"
string(26) "Cantidad de follows = 1183"
<br><br><br>string(17) "fabricio.physique"
string(27) "Cantidad de follows = 10923"
<br><br><br>string(15) "rafaelfsantanaa"
string(25) "Cantidad de follows = 746"
<br><br><br>object(stdClass)#19 (2) {
  ["id"]=>
  string(5) "30436"
  ["login"]=>
  string(15) "kawlicheski1993"
}
string(10) "facamerirr"
string(26) "Cantidad de follows = 3467"
<br><br><br>string(10) "linoamanda"
string(27) "Cantidad de follows = 10048"
<br><br><br>string(10) "_lorecosta"
string(26) "Cantidad de follows = 2058"
<br><br><br>string(21) "clara.goldenretriever"
string(26) "Cantidad de follows = 3403"
<br><br><br>string(14) "andre.grupoark"
string(26) "Cantidad de follows = 4206"
<br><br><br>string(13) "espacoubaense"
string(26) "Cantidad de follows = 1867"
<br><br><br>string(14) "photoboxbrasil"
string(26) "Cantidad de follows = 2824"
<br><br><br>string(13) "luiara_helmer"
string(26) "Cantidad de follows = 5164"
<br><br><br>string(7) "dul_fcy"
string(26) "Cantidad de follows = 2872"
<br><br><br>string(26) "emporiodapapinhasantoandre"
string(26) "Cantidad de follows = 4850"
<br><br><br>string(15) "rayanemarchetta"
string(26) "Cantidad de follows = 1694"
<br><br><br>string(13) "karol_nunes00"
string(26) "Cantidad de follows = 3598"
<br><br><br>string(15) "reidosmarestour"
string(26) "Cantidad de follows = 3363"
<br><br><br>string(10) "apedesign_"
string(26) "Cantidad de follows = 2611"
<br><br><br>string(9) "danilelah"
string(26) "Cantidad de follows = 5070"
<br><br><br>string(8) "kevinm5m"
string(26) "Cantidad de follows = 7580"
<br><br><br>string(12) "noahestetica"
string(26) "Cantidad de follows = 8847"
<br><br><br>string(9) "casadovaz"
string(26) "Cantidad de follows = 6951"
<br><br><br>string(8) "arena7bh"
string(26) "Cantidad de follows = 4423"
<br><br><br>object(stdClass)#48 (2) {
  ["id"]=>
  string(5) "30581"
  ["login"]=>
  string(13) "mathoficialbr"
}
string(17) "jonatas.batistela"
string(27) "Cantidad de follows = 14662"
<br><br><br>string(10) "queirozloo"
string(26) "Cantidad de follows = 3644"
<br><br><br>object(stdClass)#91 (2) {
  ["id"]=>
  string(5) "30593"
  ["login"]=>
  string(12) "rogersiiilva"
}
string(11) "marci0viana"
string(26) "Cantidad de follows = 1309"
<br><br><br>string(16) "chefsheiladuarte"
string(26) "Cantidad de follows = 1040"
<br><br><br>string(8) "itsredtv"
string(27) "Cantidad de follows = 44099"
<br><br><br>object(stdClass)#43 (2) {
  ["id"]=>
  string(5) "30622"
  ["login"]=>
  string(8) "lorisfaz"
}
object(stdClass)#75 (2) {
  ["id"]=>
  string(5) "30623"
  ["login"]=>
  string(20) "emagrecer_ja_oficial"
}
string(19) "tamyparadorneptunia"
string(26) "Cantidad de follows = 5769"
<br><br><br>string(9) "gabicoach"
string(26) "Cantidad de follows = 3520"
<br><br><br>string(14) "amanda3santana"
string(26) "Cantidad de follows = 6376"
<br><br><br>string(8) "crecleao"
string(26) "Cantidad de follows = 3218"
<br><br><br>string(10) "elluhalves"
string(26) "Cantidad de follows = 4987"
<br><br><br>string(18) "mixsushicafebistek"
string(26) "Cantidad de follows = 5882"
<br><br><br>string(16) "f1ciaimobiliaria"
string(26) "Cantidad de follows = 3263"
<br><br><br>string(15) "vitor_honorato3"
string(26) "Cantidad de follows = 1127"
<br><br><br>string(13) "veneno_daseda"
string(26) "Cantidad de follows = 2063"
<br><br><br>string(10) "mc2turismo"
string(27) "Cantidad de follows = 17916"
<br><br><br>string(19) "erickakamineoficial"
string(26) "Cantidad de follows = 6629"
<br><br><br>string(11) "fredmunizrj"
string(26) "Cantidad de follows = 1507"
<br><br><br>object(stdClass)#57 (2) {
  ["id"]=>
  string(5) "30718"
  ["login"]=>
  string(16) "luis.fernando.br"
}
string(17) "drasheilawatanabe"
string(26) "Cantidad de follows = 1750"
<br><br><br>string(12) "laysasmacedo"
string(26) "Cantidad de follows = 2911"
<br><br><br>string(17) "creativapapelaria"
string(25) "Cantidad de follows = 327"
<br><br><br>string(11) "aondeiremsp"
string(27) "Cantidad de follows = 25080"
<br><br><br>object(stdClass)#181 (2) {
  ["id"]=>
  string(5) "30815"
  ["login"]=>
  string(6) "79_app"
}
string(8) "tompsonr"
string(25) "Cantidad de follows = 351"
<br><br><br>string(15) "dioceliogoulart"
string(27) "Cantidad de follows = 18926"
<br><br><br>string(15) "victorperazzini"
string(26) "Cantidad de follows = 2410"
<br><br><br>string(12) "alberto_test"
string(25) "Cantidad de follows = 245"
<br><br><br>string(13) "fassegseguros"
string(26) "Cantidad de follows = 7272"
<br><br><br>string(18) "giovanni.consultor"
string(25) "Cantidad de follows = 811"
<br><br><br>string(17) "coach.jorgeamorim"
string(25) "Cantidad de follows = 998"
<br><br><br>string(16) "blessedmaemequer"
string(27) "Cantidad de follows = 15260"
<br><br><br>string(15) "baile_de_camelo"
string(25) "Cantidad de follows = 752"
<br><br><br>string(13) "dentistabruna"
string(25) "Cantidad de follows = 183"
<br><br><br>string(11) "chicomorais"
string(26) "Cantidad de follows = 4658"
<br><br><br>string(13) "adrianemayumi"
string(27) "Cantidad de follows = 12918"
<br><br><br>string(14) "dresscode.byrm"
string(25) "Cantidad de follows = 232"
<br><br><br>object(stdClass)#154 (2) {
  ["id"]=>
  string(5) "30911"
  ["login"]=>
  string(15) "alynemultiforme"
}
string(15) "ehpralaqueeuvou"
string(26) "Cantidad de follows = 1276"
<br><br><br>string(19) "douglasvaldeswalker"
string(26) "Cantidad de follows = 1719"
<br><br><br>string(11) "brimigreipt"
string(25) "Cantidad de follows = 306"
<br><br><br>string(8) "dazz.777"
string(26) "Cantidad de follows = 1014"
<br><br><br>string(14) "rafaella_neves"
string(26) "Cantidad de follows = 3737"
<br><br><br>string(8) "soueuwal"
string(26) "Cantidad de follows = 1642"
<br><br><br>string(22) "lacosdasmeninasoficial"
string(26) "Cantidad de follows = 2237"
<br><br><br>string(13) "talitamcostta"
string(25) "Cantidad de follows = 560"
<br><br><br>string(17) "fernandinhobranco"
string(24) "Cantidad de follows = 60"
<br><br><br>string(8) "pionunes"
string(26) "Cantidad de follows = 1424"
<br><br><br>string(18) "confeitariadagabi_"
string(24) "Cantidad de follows = 65"
<br><br><br>string(14) "brunoalvarez.1"
string(25) "Cantidad de follows = 468"
<br><br><br>string(10) "1989closet"
string(26) "Cantidad de follows = 5884"
<br><br><br>string(12) "jumota_decor"
string(26) "Cantidad de follows = 1372"
<br><br><br>string(16) "marmitinhaslight"
string(26) "Cantidad de follows = 2645"
<br><br><br>string(24) "leoart_desing_paisagismo"
string(26) "Cantidad de follows = 6719"
<br><br><br>string(14) "carolfroemming"
string(26) "Cantidad de follows = 6847"
<br><br><br>string(24) "priscilaaparecidasantoss"
string(25) "Cantidad de follows = 596"
<br><br><br>string(9) "chio18789"
string(26) "Cantidad de follows = 3701"
<br><br><br>string(13) "kasamor_store"
string(26) "Cantidad de follows = 2289"
<br><br><br>string(13) "thamysilva201"
string(26) "Cantidad de follows = 3854"
<br><br><br>string(10) "alexrssp12"
string(25) "Cantidad de follows = 318"
<br><br><br>string(14) "silvio.cesarjr"
string(24) "Cantidad de follows = 62"
<br><br><br>string(12) "levis_tudouu"
string(27) "Cantidad de follows = 15746"
<br><br><br>string(8) "euogomez"
string(26) "Cantidad de follows = 2461"
<br><br><br>string(14) "amorefeoficial"
string(26) "Cantidad de follows = 4477"
<br><br><br>string(15) "studioambientes"
string(27) "Cantidad de follows = 14349"
<br><br><br>string(12) "gomilkbrasil"
string(26) "Cantidad de follows = 1038"
<br><br><br>string(13) "gomed.digital"
string(26) "Cantidad de follows = 2256"
<br><br><br>object(stdClass)#105 (2) {
  ["id"]=>
  string(5) "31133"
  ["login"]=>
  string(6) "lv_luh"
}
string(8) "curyamin"
string(25) "Cantidad de follows = 824"
<br><br><br>string(11) "stancefight"
string(27) "Cantidad de follows = 33734"
<br><br><br>string(19) "medconsultingbrasil"
string(27) "Cantidad de follows = 11838"
<br><br><br>string(3) "usa"
string(26) "Cantidad de follows = 4659"
<br><br><br>string(8) "voa_hati"
string(26) "Cantidad de follows = 2946"
<br><br><br>string(18) "robsonbarbosacoach"
string(26) "Cantidad de follows = 6165"
<br><br><br>string(10) "yasmincgr_"
string(26) "Cantidad de follows = 1039"
<br><br><br>string(14) "kharlos_soares"
string(25) "Cantidad de follows = 209"
<br><br><br>string(19) "chrystopher.gabriel"
string(25) "Cantidad de follows = 320"
<br><br><br>string(7) "nega.93"
string(26) "Cantidad de follows = 9392"
<br><br><br>string(13) "cahrlossoares"
string(24) "Cantidad de follows = 58"
<br><br><br>string(8) "emillymv"
string(26) "Cantidad de follows = 3600"
<br><br><br>string(11) "_j.o.a.o___"
string(25) "Cantidad de follows = 179"
<br><br><br>string(14) "antonioportes_"
string(25) "Cantidad de follows = 217"
<br><br><br>string(12) "aleehzinho_t"
string(25) "Cantidad de follows = 168"
<br><br><br>string(15) "jonasfahelysson"
string(26) "Cantidad de follows = 6885"
<br><br><br>string(13) "mari_azeredo_"
string(25) "Cantidad de follows = 770"
<br><br><br>string(18) "clinicaformighieri"
string(26) "Cantidad de follows = 2011"
<br><br><br>string(10) "guiturner_"
string(26) "Cantidad de follows = 8926"
<br><br><br>string(14) "carloskpulling"
string(28) "Cantidad de follows = 112127"
<br><br><br>string(10) "oppaviajei"
string(25) "Cantidad de follows = 679"
<br><br><br>string(19) "madtattoobarbershop"
string(25) "Cantidad de follows = 666"
<br><br><br>string(15) "jujucoelhopinto"
string(27) "Cantidad de follows = 28288"
<br><br><br>string(13) "gersonaraujo_"
string(26) "Cantidad de follows = 2264"
<br><br><br>object(stdClass)#121 (2) {
  ["id"]=>
  string(5) "31318"
  ["login"]=>
  string(11) "josiasnetoo"
}
string(19) "blogsairdozeroagora"
string(26) "Cantidad de follows = 1265"
<br><br><br>object(stdClass)#121 (2) {
  ["id"]=>
  string(5) "31325"
  ["login"]=>
  string(18) "neonprodutorapromo"
}
object(stdClass)#35 (2) {
  ["id"]=>
  string(5) "31326"
  ["login"]=>
  string(6) "djrat_"
}
object(stdClass)#121 (2) {
  ["id"]=>
  string(5) "31337"
  ["login"]=>
  string(23) "anderson_diego_oliveira"
}
string(19) "anacarlarodrigues19"
string(26) "Cantidad de follows = 3123"
<br><br><br>object(stdClass)#121 (2) {
  ["id"]=>
  string(5) "31346"
  ["login"]=>
  string(15) "siimoneepereira"
}
string(13) "jubart_design"
string(25) "Cantidad de follows = 494"
<br><br><br>string(19) "bellkeyprofessional"
string(26) "Cantidad de follows = 1613"
<br><br><br>string(8) "ealine._"
string(26) "Cantidad de follows = 4580"
<br><br><br>string(8) "wheresje"
string(27) "Cantidad de follows = 73214"
<br><br><br>string(12) "ronyfgomesss"
string(26) "Cantidad de follows = 3135"
<br><br><br>string(16) "jhonatha_feitosa"
string(26) "Cantidad de follows = 1201"
<br><br><br>string(15) "blena.nathallya"
string(26) "Cantidad de follows = 1085"
<br><br><br>string(10) "edersonflx"
string(26) "Cantidad de follows = 6838"
<br><br><br>string(23) "tridorimpermebializacao"
string(24) "Cantidad de follows = 83"
<br><br><br>string(9) "jehdpires"
string(25) "Cantidad de follows = 816"
<br><br><br>string(18) "emagrecer_agora.br"
string(25) "Cantidad de follows = 421"
<br><br><br>string(9) "caio_luka"
string(25) "Cantidad de follows = 279"
<br><br><br>string(10) "brasil.anb"
string(25) "Cantidad de follows = 574"
<br><br><br>string(19) "jeanpiresfotografia"
string(25) "Cantidad de follows = 956"
<br><br><br>object(stdClass)#200 (2) {
  ["id"]=>
  string(5) "31483"
  ["login"]=>
  string(12) "canutoandree"
}
string(15) "charles_gsilvaa"
string(26) "Cantidad de follows = 1827"
<br><br><br>string(15) "theluccassantos"
string(26) "Cantidad de follows = 1121"
<br><br><br>string(16) "priscila_lopes12"
string(26) "Cantidad de follows = 1147"
<br><br><br>string(10) "biih_faith"
string(26) "Cantidad de follows = 1471"
<br><br><br>string(18) "leonardomonteiro00"
string(25) "Cantidad de follows = 892"
<br><br><br>string(17) "carlafagundesblog"
string(26) "Cantidad de follows = 6281"
<br><br><br>string(13) "aguedamaurien"
string(26) "Cantidad de follows = 2560"
<br><br><br>string(13) "casalavnturax"
string(25) "Cantidad de follows = 785"
<br><br><br>string(13) "pedrosagfteam"
string(26) "Cantidad de follows = 1877"
<br><br><br>string(9) "eusoudaro"
string(26) "Cantidad de follows = 1554"
<br><br><br>string(14) "caiquefregnani"
string(27) "Cantidad de follows = 10453"
<br><br><br>string(14) "heitorsoares.c"
string(26) "Cantidad de follows = 6933"
<br><br><br>string(21) "mulheres_que_se_amam_"
string(24) "Cantidad de follows = 64"
<br><br><br>string(17) "marco.suplementos"
string(26) "Cantidad de follows = 9929"
<br><br><br>string(8) "tetovivo"
string(26) "Cantidad de follows = 1855"
<br><br><br>string(14) "andrewanderley"
string(26) "Cantidad de follows = 3254"
<br><br><br>string(9) "vitormc83"
string(25) "Cantidad de follows = 161"
<br><br><br>string(8) "_lsilvva"
string(26) "Cantidad de follows = 6223"
<br><br><br>string(17) "clube_das_gostosa"
string(26) "Cantidad de follows = 1029"
<br><br><br>string(17) "esteticista_julia"
string(25) "Cantidad de follows = 601"
<br><br><br>string(10) "kauadellon"
string(25) "Cantidad de follows = 351"
<br><br><br>string(20) "divulgageraisoficial"
string(27) "Cantidad de follows = 20891"
<br><br><br>string(18) "dr.grimaldobicalho"
string(26) "Cantidad de follows = 1562"
<br><br><br>string(10) "rahfritzen"
string(26) "Cantidad de follows = 9087"
<br><br><br>string(13) "eiandrecanuto"
string(25) "Cantidad de follows = 985"
<br><br><br>string(10) "mariodj.uy"
string(26) "Cantidad de follows = 1792"
<br><br><br>string(14) "stephanmarinho"
string(26) "Cantidad de follows = 7013"
<br><br><br>string(9) "misouza07"
string(25) "Cantidad de follows = 717"
<br><br><br>string(16) "glaubritooficial"
string(26) "Cantidad de follows = 1811"
<br><br><br>string(18) "anacarolinefavacho"
string(25) "Cantidad de follows = 973"
<br><br><br>string(17) "natpharmafarmacia"
string(25) "Cantidad de follows = 628"
<br><br><br>object(stdClass)#46 (2) {
  ["id"]=>
  string(5) "31730"
  ["login"]=>
  string(13) "tablesdecorpy"
}
string(18) "julianasilvaespaco"
string(26) "Cantidad de follows = 1224"
<br><br><br>string(22) "alice_carvalho_oficial"
string(25) "Cantidad de follows = 767"
<br><br><br>string(14) "juliaparanhos_"
string(27) "Cantidad de follows = 41324"
<br><br><br>string(18) "rannabeckeroficial"
string(27) "Cantidad de follows = 20230"
<br><br><br>string(13) "gomesterapias"
string(27) "Cantidad de follows = 49198"
<br><br><br>\n<br>JOB DONE!!!<br>\n2018-10-07 07:53:37am