DAILY REPORT Inited...!<br>
2018-10-11 06:30:01am<br>
string(14) "alberto_dreyes"
string(27) "Cantidad de follows = 14406"
<br><br><br>string(19) "opiniaoconservadora"
string(27) "Cantidad de follows = 56034"
<br><br><br>string(17) "sibitecomunicacao"
string(27) "Cantidad de follows = 10270"
<br><br><br>string(11) "mo.taniguti"
string(27) "Cantidad de follows = 20848"
<br><br><br>object(stdClass)#30 (2) {
  ["id"]=>
  string(3) "146"
  ["login"]=>
  string(12) "auepromocoes"
}
string(23) "jeunesse_bycrislafratta"
string(25) "Cantidad de follows = 185"
<br><br><br>string(12) "lily.s.alves"
string(26) "Cantidad de follows = 2089"
<br><br><br>string(10) "powerlook_"
string(27) "Cantidad de follows = 60623"
<br><br><br>object(stdClass)#12 (2) {
  ["id"]=>
  string(3) "245"
  ["login"]=>
  string(18) "xodozinho.retratos"
}
object(stdClass)#23 (2) {
  ["id"]=>
  string(3) "867"
  ["login"]=>
  string(14) "joaovictorjvb1"
}
object(stdClass)#12 (2) {
  ["id"]=>
  string(4) "1059"
  ["login"]=>
  string(8) "graverrj"
}
string(7) "ma_luco"
string(27) "Cantidad de follows = 28600"
<br><br><br>string(12) "carlloooooss"
string(26) "Cantidad de follows = 1288"
<br><br><br>string(15) "sapatodochef.pa"
string(26) "Cantidad de follows = 2374"
<br><br><br>object(stdClass)#219 (2) {
  ["id"]=>
  string(4) "2175"
  ["login"]=>
  string(10) "vireiloira"
}
string(18) "mercadomodelobahia"
string(26) "Cantidad de follows = 9058"
<br><br><br>string(11) "thayscalmon"
string(26) "Cantidad de follows = 5248"
<br><br><br>string(11) "decoremundo"
string(27) "Cantidad de follows = 14318"
<br><br><br>string(9) "decorcool"
string(23) "Cantidad de follows = 7"
<br><br><br>string(8) "fragabar"
string(26) "Cantidad de follows = 4325"
<br><br><br>object(stdClass)#190 (2) {
  ["id"]=>
  string(4) "4236"
  ["login"]=>
  string(8) "lorenaym"
}
string(11) "pamelaotero"
string(27) "Cantidad de follows = 46117"
<br><br><br>string(19) "starpointcollection"
string(27) "Cantidad de follows = 12685"
<br><br><br>string(9) "katiacsdc"
string(27) "Cantidad de follows = 18327"
<br><br><br>string(14) "grazielialvess"
string(27) "Cantidad de follows = 21593"
<br><br><br>string(22) "dra_barbaravasconcelos"
string(27) "Cantidad de follows = 23891"
<br><br><br>string(21) "comandantedochurrasco"
string(27) "Cantidad de follows = 56736"
<br><br><br>string(12) "40antesdos40"
string(27) "Cantidad de follows = 27728"
<br><br><br>string(16) "drricardopalacio"
string(27) "Cantidad de follows = 25652"
<br><br><br>string(12) "pollyruffini"
string(26) "Cantidad de follows = 6986"
<br><br><br>string(14) "carlos_skatmar"
string(26) "Cantidad de follows = 2328"
<br><br><br>string(10) "star_point"
string(27) "Cantidad de follows = 32686"
<br><br><br>string(8) "rruizmma"
string(27) "Cantidad de follows = 47002"
<br><br><br>string(8) "dumbu.09"
string(26) "Cantidad de follows = 7679"
<br><br><br>string(14) "marcosp.medina"
string(26) "Cantidad de follows = 4116"
<br><br><br>string(11) "sandrozion7"
string(27) "Cantidad de follows = 21087"
<br><br><br>string(17) "grandville_hoteis"
string(27) "Cantidad de follows = 12710"
<br><br><br>string(11) "josiasdiass"
string(27) "Cantidad de follows = 18067"
<br><br><br>string(18) "barbaracampospalma"
string(26) "Cantidad de follows = 8713"
<br><br><br>string(9) "telless13"
string(27) "Cantidad de follows = 14744"
<br><br><br>string(13) "bandamegafire"
string(27) "Cantidad de follows = 23402"
<br><br><br>string(17) "sosoportunidade10"
string(25) "Cantidad de follows = 962"
<br><br><br>string(18) "academia_king_thai"
string(26) "Cantidad de follows = 5073"
<br><br><br>string(13) "renatafontany"
string(27) "Cantidad de follows = 33013"
<br><br><br>string(14) "cabelosaugusto"
string(27) "Cantidad de follows = 23015"
<br><br><br>string(14) "brunocerqueira"
string(27) "Cantidad de follows = 10566"
<br><br><br>string(10) "noxboymike"
string(26) "Cantidad de follows = 5467"
<br><br><br>string(20) "juliobaptistaoficial"
string(28) "Cantidad de follows = 250701"
<br><br><br>string(21) "ateliermarielamoreira"
string(27) "Cantidad de follows = 15832"
<br><br><br>object(stdClass)#102 (2) {
  ["id"]=>
  string(5) "11096"
  ["login"]=>
  string(12) "michaelletjp"
}
object(stdClass)#56 (2) {
  ["id"]=>
  string(5) "11099"
  ["login"]=>
  string(13) "agostochuvoso"
}
string(11) "insultedboy"
string(26) "Cantidad de follows = 3523"
<br><br><br>string(11) "weilla_morg"
string(25) "Cantidad de follows = 933"
<br><br><br>string(11) "raphabritoo"
string(27) "Cantidad de follows = 16066"
<br><br><br>string(10) "vinihveiga"
string(26) "Cantidad de follows = 4088"
<br><br><br>object(stdClass)#99 (2) {
  ["id"]=>
  string(5) "11131"
  ["login"]=>
  string(14) "deliciasdoronk"
}
string(16) "duuduuzinhosilva"
string(26) "Cantidad de follows = 3032"
<br><br><br>string(9) "carlosbsg"
string(25) "Cantidad de follows = 921"
<br><br><br>string(12) "danndourado0"
string(27) "Cantidad de follows = 14924"
<br><br><br>string(7) "biel312"
string(24) "Cantidad de follows = 10"
<br><br><br>string(11) "caiogrunupp"
string(26) "Cantidad de follows = 3315"
<br><br><br>string(11) "paullonunan"
string(26) "Cantidad de follows = 1433"
<br><br><br>string(12) "pablodiego15"
string(26) "Cantidad de follows = 1098"
<br><br><br>object(stdClass)#98 (2) {
  ["id"]=>
  string(5) "11230"
  ["login"]=>
  string(16) "_luferreiranunes"
}
string(14) "natan_mantelli"
string(25) "Cantidad de follows = 801"
<br><br><br>string(17) "antoniocarlos3627"
string(24) "Cantidad de follows = 43"
<br><br><br>string(11) "365_indubai"
string(27) "Cantidad de follows = 21717"
<br><br><br>object(stdClass)#106 (2) {
  ["id"]=>
  string(5) "11239"
  ["login"]=>
  string(12) "ceottosinuhe"
}
string(14) "vitoriaabritto"
string(27) "Cantidad de follows = 33424"
<br><br><br>string(11) "lojaoperapc"
string(27) "Cantidad de follows = 23902"
<br><br><br>string(12) "huealimentos"
string(26) "Cantidad de follows = 5120"
<br><br><br>string(13) "kstimportados"
string(26) "Cantidad de follows = 4392"
<br><br><br>string(7) "wi11see"
string(27) "Cantidad de follows = 11583"
<br><br><br>string(12) "s7_producoes"
string(26) "Cantidad de follows = 6016"
<br><br><br>string(12) "gabrielaribi"
string(26) "Cantidad de follows = 7619"
<br><br><br>string(17) "brunosennaimagens"
string(27) "Cantidad de follows = 13162"
<br><br><br>string(14) "maycowmontemor"
string(27) "Cantidad de follows = 32386"
<br><br><br>string(14) "alinemarcovici"
string(27) "Cantidad de follows = 18530"
<br><br><br>string(10) "junior.dev"
string(27) "Cantidad de follows = 17721"
<br><br><br>string(13) "amaassessoria"
string(26) "Cantidad de follows = 7675"
<br><br><br>string(11) "julisciotto"
string(27) "Cantidad de follows = 24619"
<br><br><br>string(14) "draalinehsilva"
string(27) "Cantidad de follows = 20235"
<br><br><br>string(13) "rodasemotores"
string(27) "Cantidad de follows = 13999"
<br><br><br>string(13) "euclaracampos"
string(26) "Cantidad de follows = 4291"
<br><br><br>string(19) "thamaraelisa.tattoo"
string(27) "Cantidad de follows = 14279"
<br><br><br>string(15) "megaminassports"
string(26) "Cantidad de follows = 6757"
<br><br><br>string(16) "agencia_portal37"
string(26) "Cantidad de follows = 3341"
<br><br><br>object(stdClass)#71 (2) {
  ["id"]=>
  string(5) "11792"
  ["login"]=>
  string(14) "hf_metalurgica"
}
string(13) "grillegourmet"
string(26) "Cantidad de follows = 5120"
<br><br><br>string(11) "davidkapper"
string(27) "Cantidad de follows = 12968"
<br><br><br>string(11) "7chavesfoto"
string(27) "Cantidad de follows = 11045"
<br><br><br>string(11) "joiaskether"
string(27) "Cantidad de follows = 19527"
<br><br><br>string(14) "luziasantana33"
string(28) "Cantidad de follows = 237007"
<br><br><br>string(13) "thiagovaleiro"
string(26) "Cantidad de follows = 3826"
<br><br><br>object(stdClass)#24 (2) {
  ["id"]=>
  string(5) "12434"
  ["login"]=>
  string(9) "dupicasso"
}
string(11) "laura_bergo"
string(26) "Cantidad de follows = 6421"
<br><br><br>string(15) "dra.raphabecker"
string(27) "Cantidad de follows = 19707"
<br><br><br>string(14) "andreluiznardo"
string(27) "Cantidad de follows = 16510"
<br><br><br>object(stdClass)#27 (2) {
  ["id"]=>
  string(5) "13880"
  ["login"]=>
  string(8) "letdaher"
}
string(9) "dgarciia_"
string(25) "Cantidad de follows = 858"
<br><br><br>string(10) "joaosurf12"
string(24) "Cantidad de follows = 96"
<br><br><br>string(8) "itsandco"
string(27) "Cantidad de follows = 20639"
<br><br><br>string(10) "ela_andrea"
string(27) "Cantidad de follows = 22479"
<br><br><br>string(14) "nafurtadocakes"
string(26) "Cantidad de follows = 6597"
<br><br><br>string(18) "castrolautoservice"
string(26) "Cantidad de follows = 9343"
<br><br><br>string(9) "livdrinks"
string(27) "Cantidad de follows = 47580"
<br><br><br>string(18) "portalautoshopping"
string(27) "Cantidad de follows = 12139"
<br><br><br>string(20) "manu.mamaeaoquadrado"
string(26) "Cantidad de follows = 9569"
<br><br><br>string(15) "odontowebschool"
string(27) "Cantidad de follows = 10585"
<br><br><br>string(9) "abarkeria"
string(27) "Cantidad de follows = 33493"
<br><br><br>object(stdClass)#69 (2) {
  ["id"]=>
  string(5) "15166"
  ["login"]=>
  string(14) "__fehholiveira"
}
string(10) "ninabaking"
string(26) "Cantidad de follows = 8956"
<br><br><br>string(10) "jgiordanoo"
string(27) "Cantidad de follows = 12560"
<br><br><br>string(18) "domhairfelippewill"
string(27) "Cantidad de follows = 11517"
<br><br><br>string(7) "pbpetti"
string(27) "Cantidad de follows = 39709"
<br><br><br>string(10) "psych0wolf"
string(25) "Cantidad de follows = 407"
<br><br><br>string(8) "andreiso"
string(26) "Cantidad de follows = 9505"
<br><br><br>string(13) "biadiascoelho"
string(26) "Cantidad de follows = 4888"
<br><br><br>string(8) "mytrips7"
string(25) "Cantidad de follows = 529"
<br><br><br>string(13) "directdireito"
string(27) "Cantidad de follows = 11240"
<br><br><br>string(12) "patrickvalle"
string(26) "Cantidad de follows = 3562"
<br><br><br>string(21) "lucianalauferofficial"
string(27) "Cantidad de follows = 18773"
<br><br><br>string(13) "matheuspercut"
string(26) "Cantidad de follows = 1157"
<br><br><br>string(10) "flavia_vdr"
string(27) "Cantidad de follows = 11269"
<br><br><br>object(stdClass)#159 (2) {
  ["id"]=>
  string(5) "16861"
  ["login"]=>
  string(14) "mickael_cortes"
}
string(16) "helder_del_monte"
string(27) "Cantidad de follows = 16304"
<br><br><br>string(18) "physicalpilates_bh"
string(26) "Cantidad de follows = 5614"
<br><br><br>string(13) "faleiroslaura"
string(27) "Cantidad de follows = 12905"
<br><br><br>string(11) "dannysetudo"
string(26) "Cantidad de follows = 9650"
<br><br><br>string(15) "portodepiranhas"
string(27) "Cantidad de follows = 10472"
<br><br><br>string(24) "contadordehistoriasreais"
string(27) "Cantidad de follows = 27598"
<br><br><br>string(6) "guil38"
string(26) "Cantidad de follows = 6507"
<br><br><br>string(22) "vacationhomeneardisney"
string(27) "Cantidad de follows = 19615"
<br><br><br>string(16) "drguilhermecravo"
string(26) "Cantidad de follows = 3166"
<br><br><br>string(6) "ossmkt"
string(26) "Cantidad de follows = 5283"
<br><br><br>string(10) "jhoneheber"
string(27) "Cantidad de follows = 23501"
<br><br><br>string(20) "justiniano0_official"
string(26) "Cantidad de follows = 2980"
<br><br><br>string(15) "sao_os_caipiras"
string(26) "Cantidad de follows = 9482"
<br><br><br>string(9) "acerickrj"
string(27) "Cantidad de follows = 12281"
<br><br><br>string(15) "leandrogarciadj"
string(27) "Cantidad de follows = 19262"
<br><br><br>string(14) "osnirhamburger"
string(26) "Cantidad de follows = 6851"
<br><br><br>string(8) "dutruffi"
string(27) "Cantidad de follows = 14212"
<br><br><br>string(9) "lschuback"
string(26) "Cantidad de follows = 7812"
<br><br><br>string(21) "carolinanortondematos"
string(27) "Cantidad de follows = 11767"
<br><br><br>object(stdClass)#149 (2) {
  ["id"]=>
  string(5) "18103"
  ["login"]=>
  string(22) "denisegoncalves.santos"
}
string(14) "ethianemarques"
string(25) "Cantidad de follows = 691"
<br><br><br>string(10) "synaraleal"
string(27) "Cantidad de follows = 16167"
<br><br><br>string(8) "trinjune"
string(23) "Cantidad de follows = 0"
<br><br><br>string(12) "holy_popcorn"
string(27) "Cantidad de follows = 10363"
<br><br><br>string(9) "eltranvia"
string(27) "Cantidad de follows = 15713"
<br><br><br>string(19) "diegogoulartoficial"
string(27) "Cantidad de follows = 20475"
<br><br><br>string(15) "cartolinadesign"
string(26) "Cantidad de follows = 5619"
<br><br><br>string(9) "quarto_22"
string(26) "Cantidad de follows = 5562"
<br><br><br>string(10) "blogdakeli"
string(24) "Cantidad de follows = 12"
<br><br><br>object(stdClass)#167 (2) {
  ["id"]=>
  string(5) "18816"
  ["login"]=>
  string(10) "lefitnessb"
}
string(9) "awsmining"
string(26) "Cantidad de follows = 4632"
<br><br><br>string(13) "willianabrito"
string(26) "Cantidad de follows = 6746"
<br><br><br>string(23) "eusoutestemunhadogolias"
string(25) "Cantidad de follows = 206"
<br><br><br>string(16) "tumsoundfestival"
string(26) "Cantidad de follows = 1464"
<br><br><br>string(18) "casalbioequilibrio"
string(27) "Cantidad de follows = 11248"
<br><br><br>string(13) "mimosearomaas"
string(26) "Cantidad de follows = 9064"
<br><br><br>string(17) "gventurinpersonal"
string(26) "Cantidad de follows = 2499"
<br><br><br>string(9) "fastfitsc"
string(26) "Cantidad de follows = 3607"
<br><br><br>string(11) "raif_tattoo"
string(27) "Cantidad de follows = 13144"
<br><br><br>string(10) "hustler.hc"
string(26) "Cantidad de follows = 2471"
<br><br><br>string(9) "isarengel"
string(26) "Cantidad de follows = 6781"
<br><br><br>string(12) "solus_online"
string(26) "Cantidad de follows = 4050"
<br><br><br>string(11) "refugiohoje"
string(27) "Cantidad de follows = 12425"
<br><br><br>string(13) "nati.fressato"
string(26) "Cantidad de follows = 7243"
<br><br><br>string(17) "calcadospaubrasil"
string(26) "Cantidad de follows = 8243"
<br><br><br>string(10) "daly_store"
string(27) "Cantidad de follows = 21676"
<br><br><br>string(11) "angelosciao"
string(26) "Cantidad de follows = 5257"
<br><br><br>string(6) "fuinha"
string(25) "Cantidad de follows = 193"
<br><br><br>string(10) "kombi_krug"
string(25) "Cantidad de follows = 510"
<br><br><br>string(12) "rekombinando"
string(26) "Cantidad de follows = 5952"
<br><br><br>string(15) "blogdasusantoss"
string(26) "Cantidad de follows = 5416"
<br><br><br>string(15) "diadeacessorios"
string(26) "Cantidad de follows = 2316"
<br><br><br>string(18) "christians.pereira"
string(26) "Cantidad de follows = 3755"
<br><br><br>object(stdClass)#93 (2) {
  ["id"]=>
  string(5) "19844"
  ["login"]=>
  string(13) "oficialpharma"
}
string(28) "pedrowilsonrodriguespimentel"
string(26) "Cantidad de follows = 7724"
<br><br><br>string(15) "atelieluizrocha"
string(27) "Cantidad de follows = 10240"
<br><br><br>string(12) "bibiscamargo"
string(26) "Cantidad de follows = 2038"
<br><br><br>string(16) "centerperfumaria"
string(26) "Cantidad de follows = 5512"
<br><br><br>string(10) "pmelorocha"
string(26) "Cantidad de follows = 6360"
<br><br><br>object(stdClass)#64 (2) {
  ["id"]=>
  string(5) "20149"
  ["login"]=>
  string(14) "thaliaalvesdec"
}
string(12) "yasminndias_"
string(26) "Cantidad de follows = 9399"
<br><br><br>string(17) "jb_alves_educador"
string(26) "Cantidad de follows = 3534"
<br><br><br>string(24) "leonardosantosfotografia"
string(27) "Cantidad de follows = 39716"
<br><br><br>string(8) "sporttot"
string(24) "Cantidad de follows = 23"
<br><br><br>object(stdClass)#123 (2) {
  ["id"]=>
  string(5) "20503"
  ["login"]=>
  string(8) "chandler"
}
string(13) "ayllesantiago"
string(28) "Cantidad de follows = 133627"
<br><br><br>string(12) "maisonbiarro"
string(27) "Cantidad de follows = 30207"
<br><br><br>string(15) "iselamendozadec"
string(26) "Cantidad de follows = 6053"
<br><br><br>string(9) "bamboh.pt"
string(26) "Cantidad de follows = 2610"
<br><br><br>string(12) "redeentropia"
string(26) "Cantidad de follows = 5904"
<br><br><br>string(13) "goutaguatinga"
string(26) "Cantidad de follows = 1014"
<br><br><br>object(stdClass)#68 (2) {
  ["id"]=>
  string(5) "20682"
  ["login"]=>
  string(11) "farmapharma"
}
string(18) "calabriapizzariarj"
string(26) "Cantidad de follows = 2471"
<br><br><br>object(stdClass)#68 (2) {
  ["id"]=>
  string(5) "20818"
  ["login"]=>
  string(20) "cadillacs.pastelaria"
}
object(stdClass)#194 (2) {
  ["id"]=>
  string(5) "20927"
  ["login"]=>
  string(25) "missionariojairodossantos"
}
object(stdClass)#68 (2) {
  ["id"]=>
  string(5) "21062"
  ["login"]=>
  string(13) "jesuisluciano"
}
object(stdClass)#194 (2) {
  ["id"]=>
  string(5) "21230"
  ["login"]=>
  string(9) "vikatorsc"
}
string(19) "nicollystoreoficial"
string(26) "Cantidad de follows = 7499"
<br><br><br>object(stdClass)#194 (2) {
  ["id"]=>
  string(5) "21368"
  ["login"]=>
  string(18) "ricardoribeiro0013"
}
string(24) "ramossegurancaeletronica"
string(26) "Cantidad de follows = 3289"
<br><br><br>string(18) "camacariplazahotel"
string(26) "Cantidad de follows = 6277"
<br><br><br>string(13) "_telesgabriel"
string(26) "Cantidad de follows = 2522"
<br><br><br>string(12) "fbfabiolopes"
string(26) "Cantidad de follows = 8998"
<br><br><br>object(stdClass)#156 (2) {
  ["id"]=>
  string(5) "21517"
  ["login"]=>
  string(23) "biscuitporvictorialeite"
}
string(10) "trapburger"
string(26) "Cantidad de follows = 2640"
<br><br><br>string(20) "shoppingcasaedesign_"
string(26) "Cantidad de follows = 8731"
<br><br><br>string(9) "samiilly_"
string(27) "Cantidad de follows = 18241"
<br><br><br>object(stdClass)#200 (2) {
  ["id"]=>
  string(5) "21731"
  ["login"]=>
  string(9) "conhecaes"
}
string(7) "loirasn"
string(25) "Cantidad de follows = 194"
<br><br><br>string(15) "santasticauniao"
string(26) "Cantidad de follows = 6291"
<br><br><br>string(19) "embraconcondominios"
string(26) "Cantidad de follows = 4657"
<br><br><br>string(17) "hamburguinhomoema"
string(27) "Cantidad de follows = 60609"
<br><br><br>string(14) "vilmamartins_7"
string(26) "Cantidad de follows = 1307"
<br><br><br>string(12) "leticiajural"
string(26) "Cantidad de follows = 8502"
<br><br><br>string(8) "_zero100"
string(27) "Cantidad de follows = 52195"
<br><br><br>string(20) "lionrollingcircusrio"
string(27) "Cantidad de follows = 14453"
<br><br><br>string(9) "_nerdjunk"
string(26) "Cantidad de follows = 5367"
<br><br><br>string(10) "pilotelton"
string(27) "Cantidad de follows = 11287"
<br><br><br>string(14) "marcioancelmoo"
string(26) "Cantidad de follows = 4985"
<br><br><br>object(stdClass)#121 (2) {
  ["id"]=>
  string(5) "22627"
  ["login"]=>
  string(18) "lucaswiliamsoliver"
}
string(14) "kevinlorenzorj"
string(26) "Cantidad de follows = 3397"
<br><br><br>object(stdClass)#121 (2) {
  ["id"]=>
  string(5) "22701"
  ["login"]=>
  string(21) "falandodemaquiagem_01"
}
string(13) "georgemuchuli"
string(26) "Cantidad de follows = 7770"
<br><br><br>string(15) "wendell_alvess_"
string(24) "Cantidad de follows = 84"
<br><br><br>object(stdClass)#71 (2) {
  ["id"]=>
  string(5) "22786"
  ["login"]=>
  string(6) "jpzk02"
}
object(stdClass)#155 (2) {
  ["id"]=>
  string(5) "22791"
  ["login"]=>
  string(13) "rodrigues.exe"
}
object(stdClass)#71 (2) {
  ["id"]=>
  string(5) "22915"
  ["login"]=>
  string(10) "5000covers"
}
string(18) "marciomouraoficial"
string(27) "Cantidad de follows = 12424"
<br><br><br>object(stdClass)#71 (2) {
  ["id"]=>
  string(5) "23135"
  ["login"]=>
  string(15) "daniak_boutique"
}
string(23) "formatacaotccmonografia"
string(24) "Cantidad de follows = 95"
<br><br><br>string(6) "nekkow"
string(24) "Cantidad de follows = 15"
<br><br><br>string(5) "lucao"
string(25) "Cantidad de follows = 556"
<br><br><br>string(6) "lucao2"
string(25) "Cantidad de follows = 588"
<br><br><br>string(13) "marcelomarkes"
string(27) "Cantidad de follows = 19935"
<br><br><br>string(14) "dl_beautysalon"
string(26) "Cantidad de follows = 1952"
<br><br><br>string(15) "ariadinebarreto"
string(27) "Cantidad de follows = 14591"
<br><br><br>string(13) "canalsemjacar"
string(27) "Cantidad de follows = 14269"
<br><br><br>string(11) "hiratabreno"
string(27) "Cantidad de follows = 12602"
<br><br><br>string(14) "erickspimentel"
string(26) "Cantidad de follows = 2022"
<br><br><br>string(12) "jessicaiwata"
string(27) "Cantidad de follows = 34280"
<br><br><br>string(14) "dnaphotoevideo"
string(27) "Cantidad de follows = 29103"
<br><br><br>string(18) "gamecenterpaulista"
string(27) "Cantidad de follows = 10341"
<br><br><br>string(10) "pacofishrd"
string(26) "Cantidad de follows = 8067"
<br><br><br>string(14) "qualityhotelsd"
string(26) "Cantidad de follows = 1207"
<br><br><br>string(17) "isabellabofficial"
string(27) "Cantidad de follows = 14005"
<br><br><br>string(13) "alialioficial"
string(25) "Cantidad de follows = 675"
<br><br><br>string(15) "barbeariadoneno"
string(27) "Cantidad de follows = 13834"
<br><br><br>string(10) "plagamba01"
string(26) "Cantidad de follows = 2648"
<br><br><br>string(11) "oscarcauchi"
string(26) "Cantidad de follows = 3626"
<br><br><br>string(7) "18laras"
string(26) "Cantidad de follows = 1821"
<br><br><br>string(16) "entreomarealagoa"
string(26) "Cantidad de follows = 1677"
<br><br><br>string(9) "darlanred"
string(27) "Cantidad de follows = 21326"
<br><br><br>string(15) "riolisboabrasil"
string(25) "Cantidad de follows = 205"
<br><br><br>string(12) "studio4cinco"
string(26) "Cantidad de follows = 4928"
<br><br><br>string(13) "fabriciofabre"
string(26) "Cantidad de follows = 8593"
<br><br><br>string(22) "suamusicapersonalizada"
string(27) "Cantidad de follows = 10264"
<br><br><br>string(10) "fioremixbr"
string(25) "Cantidad de follows = 326"
<br><br><br>string(8) "kevinvem"
string(23) "Cantidad de follows = 5"
<br><br><br>string(12) "djallannatal"
string(27) "Cantidad de follows = 28816"
<br><br><br>string(15) "polpasempreviva"
string(27) "Cantidad de follows = 34521"
<br><br><br>string(8) "kessyaaa"
string(27) "Cantidad de follows = 11079"
<br><br><br>string(8) "celparra"
string(27) "Cantidad de follows = 10648"
<br><br><br>object(stdClass)#9 (2) {
  ["id"]=>
  string(5) "25524"
  ["login"]=>
  string(11) "tompson9345"
}
object(stdClass)#44 (2) {
  ["id"]=>
  string(5) "25571"
  ["login"]=>
  string(14) "habner_martins"
}
string(24) "fitnessuplementosoficial"
string(25) "Cantidad de follows = 329"
<br><br><br>string(13) "mayconbarroco"
string(27) "Cantidad de follows = 18513"
<br><br><br>string(9) "caiocesar"
string(24) "Cantidad de follows = 84"
<br><br><br>string(8) "lil.fama"
string(27) "Cantidad de follows = 21201"
<br><br><br>string(12) "institutoybi"
string(27) "Cantidad de follows = 18037"
<br><br><br>object(stdClass)#22 (2) {
  ["id"]=>
  string(5) "26183"
  ["login"]=>
  string(14) "andresa_lebens"
}
string(7) "yuryv05"
string(27) "Cantidad de follows = 10283"
<br><br><br>string(15) "eliana_casimiro"
string(26) "Cantidad de follows = 5639"
<br><br><br>string(11) "maloohstore"
string(26) "Cantidad de follows = 3687"
<br><br><br>string(15) "lauraivinadecor"
string(26) "Cantidad de follows = 9005"
<br><br><br>string(16) "simplesmenteamei"
string(27) "Cantidad de follows = 16089"
<br><br><br>string(16) "drraphaelmarques"
string(27) "Cantidad de follows = 21348"
<br><br><br>string(10) "casazunzun"
string(26) "Cantidad de follows = 5593"
<br><br><br>string(14) "draraymedeiros"
string(26) "Cantidad de follows = 1579"
<br><br><br>string(12) "4youdressing"
string(26) "Cantidad de follows = 3552"
<br><br><br>string(21) "lucaslermenfotografia"
string(27) "Cantidad de follows = 15023"
<br><br><br>string(16) "bracholuismiguel"
string(25) "Cantidad de follows = 833"
<br><br><br>string(17) "draflaviasgavioli"
string(27) "Cantidad de follows = 41498"
<br><br><br>string(16) "rafamello_cantor"
string(26) "Cantidad de follows = 9032"
<br><br><br>string(13) "gabinassyrios"
string(27) "Cantidad de follows = 28056"
<br><br><br>string(13) "cardosodani78"
string(25) "Cantidad de follows = 419"
<br><br><br>object(stdClass)#96 (2) {
  ["id"]=>
  string(5) "27362"
  ["login"]=>
  string(9) "k123silva"
}
string(9) "labotique"
string(25) "Cantidad de follows = 276"
<br><br><br>string(11) "eco.noronha"
string(26) "Cantidad de follows = 1076"
<br><br><br>string(13) "gelottisports"
string(26) "Cantidad de follows = 6264"
<br><br><br>string(13) "bombeefsantos"
string(27) "Cantidad de follows = 69635"
<br><br><br>string(15) "parvathi_brasil"
string(26) "Cantidad de follows = 8537"
<br><br><br>string(9) "lobotique"
string(26) "Cantidad de follows = 6620"
<br><br><br>string(8) "talincas"
string(27) "Cantidad de follows = 22578"
<br><br><br>string(21) "visagismofacial_drika"
string(25) "Cantidad de follows = 742"
<br><br><br>string(13) "bakwarabrasil"
string(26) "Cantidad de follows = 1568"
<br><br><br>string(19) "carlabarcellosjoias"
string(27) "Cantidad de follows = 11452"
<br><br><br>string(16) "programagameover"
string(26) "Cantidad de follows = 1116"
<br><br><br>string(15) "aafrodite.store"
string(26) "Cantidad de follows = 5752"
<br><br><br>string(12) "rogiacomello"
string(26) "Cantidad de follows = 1418"
<br><br><br>string(11) "solvebrazil"
string(26) "Cantidad de follows = 1174"
<br><br><br>string(16) "drafernandavolpi"
string(27) "Cantidad de follows = 12410"
<br><br><br>object(stdClass)#133 (2) {
  ["id"]=>
  string(5) "27722"
  ["login"]=>
  string(14) "maribel.silent"
}
string(13) "miocheoficial"
string(27) "Cantidad de follows = 45409"
<br><br><br>string(11) "daylipadron"
string(26) "Cantidad de follows = 8224"
<br><br><br>string(14) "mercadolabarra"
string(26) "Cantidad de follows = 4372"
<br><br><br>string(10) "naraabreuu"
string(26) "Cantidad de follows = 4571"
<br><br><br>string(8) "lukmodas"
string(26) "Cantidad de follows = 8147"
<br><br><br>string(21) "girlsgardenacessorios"
string(26) "Cantidad de follows = 2019"
<br><br><br>string(13) "capimlimaomga"
string(26) "Cantidad de follows = 5482"
<br><br><br>string(15) "maxpremiumjeans"
string(26) "Cantidad de follows = 8444"
<br><br><br>string(8) "bruna.fb"
string(27) "Cantidad de follows = 21157"
<br><br><br>string(14) "na_cara_do_gol"
string(26) "Cantidad de follows = 3024"
<br><br><br>string(13) "jessicacytrus"
string(27) "Cantidad de follows = 29890"
<br><br><br>string(11) "cyrofuziama"
string(27) "Cantidad de follows = 25230"
<br><br><br>string(11) "thaycomfome"
string(27) "Cantidad de follows = 26882"
<br><br><br>string(10) "dankana_dk"
string(26) "Cantidad de follows = 8843"
<br><br><br>string(13) "vivimaquiagem"
string(26) "Cantidad de follows = 2449"
<br><br><br>string(14) "fshirtsdesigns"
string(25) "Cantidad de follows = 366"
<br><br><br>string(15) "closetdasduasto"
string(27) "Cantidad de follows = 14254"
<br><br><br>object(stdClass)#16 (2) {
  ["id"]=>
  string(5) "28069"
  ["login"]=>
  string(14) "rosaduartelash"
}
string(11) "gardelmaroz"
string(26) "Cantidad de follows = 6236"
<br><br><br>object(stdClass)#16 (2) {
  ["id"]=>
  string(5) "28080"
  ["login"]=>
  string(16) "msanchescaroline"
}
object(stdClass)#17 (2) {
  ["id"]=>
  string(5) "28092"
  ["login"]=>
  string(9) "pri_avlis"
}
string(13) "ferefacrochet"
string(26) "Cantidad de follows = 9025"
<br><br><br>object(stdClass)#17 (2) {
  ["id"]=>
  string(5) "28099"
  ["login"]=>
  string(13) "menezesandree"
}
string(7) "nr_mini"
string(27) "Cantidad de follows = 11097"
<br><br><br>string(6) "dz9bnb"
string(26) "Cantidad de follows = 3338"
<br><br><br>object(stdClass)#106 (2) {
  ["id"]=>
  string(5) "28145"
  ["login"]=>
  string(20) "nossoapartamento_103"
}
string(18) "cheirinhodamariana"
string(26) "Cantidad de follows = 7631"
<br><br><br>object(stdClass)#106 (2) {
  ["id"]=>
  string(5) "28213"
  ["login"]=>
  string(15) "malucassimiro.r"
}
string(16) "alvomarketingagc"
string(26) "Cantidad de follows = 9440"
<br><br><br>string(17) "ilmiocasamentoios"
string(26) "Cantidad de follows = 1029"
<br><br><br>string(16) "dranayanepacheco"
string(28) "Cantidad de follows = 138958"
<br><br><br>string(24) "silvanonunes.hairstylist"
string(27) "Cantidad de follows = 23310"
<br><br><br>object(stdClass)#40 (2) {
  ["id"]=>
  string(5) "28276"
  ["login"]=>
  string(13) "tatyanealvess"
}
string(21) "closetdemulheroficial"
string(26) "Cantidad de follows = 3922"
<br><br><br>string(17) "drdanilopelegrino"
string(26) "Cantidad de follows = 5858"
<br><br><br>string(20) "mariaclaraguimaraes1"
string(27) "Cantidad de follows = 34709"
<br><br><br>string(15) "vitoria.mamedio"
string(26) "Cantidad de follows = 7567"
<br><br><br>string(12) "meirellesipc"
string(26) "Cantidad de follows = 1506"
<br><br><br>string(12) "luporluciana"
string(26) "Cantidad de follows = 8470"
<br><br><br>string(11) "andersonvoo"
string(26) "Cantidad de follows = 1048"
<br><br><br>string(14) "niqueferreiira"
string(27) "Cantidad de follows = 12350"
<br><br><br>string(15) "carlota_barnabe"
string(27) "Cantidad de follows = 12730"
<br><br><br>string(17) "drdanilopelegrino"
string(26) "Cantidad de follows = 5860"
<br><br><br>string(9) "lipinhuss"
string(26) "Cantidad de follows = 1778"
<br><br><br>string(13) "mayaramarkes_"
string(26) "Cantidad de follows = 8584"
<br><br><br>string(10) "ky2oficial"
string(26) "Cantidad de follows = 2420"
<br><br><br>string(11) "mendy_vivii"
string(26) "Cantidad de follows = 3929"
<br><br><br>object(stdClass)#162 (2) {
  ["id"]=>
  string(5) "28497"
  ["login"]=>
  string(21) "_medicinaintegrativa_"
}
string(25) "specialitycoffeegastropub"
string(25) "Cantidad de follows = 555"
<br><br><br>string(11) "carolsousas"
string(26) "Cantidad de follows = 3548"
<br><br><br>object(stdClass)#29 (2) {
  ["id"]=>
  string(5) "28517"
  ["login"]=>
  string(19) "martins_consultoria"
}
string(4) "fila"
string(25) "Cantidad de follows = 831"
<br><br><br>string(6) "reebok"
string(29) "Cantidad de follows = 2129786"
<br><br><br>string(8) "bindanvm"
string(26) "Cantidad de follows = 1486"
<br><br><br>string(18) "wesleyoliveirareal"
string(26) "Cantidad de follows = 2826"
<br><br><br>string(9) "indikqui_"
string(26) "Cantidad de follows = 1328"
<br><br><br>string(10) "luahungria"
string(26) "Cantidad de follows = 4526"
<br><br><br>string(14) "paesda_familia"
string(26) "Cantidad de follows = 3474"
<br><br><br>object(stdClass)#208 (2) {
  ["id"]=>
  string(5) "28557"
  ["login"]=>
  string(10) "kaahcintra"
}
string(17) "reabilitar.studio"
string(26) "Cantidad de follows = 5629"
<br><br><br>string(9) "amaraljej"
string(25) "Cantidad de follows = 613"
<br><br><br>string(14) "websterramalho"
string(25) "Cantidad de follows = 734"
<br><br><br>string(24) "vida_sol_e_mar_ecoresort"
string(26) "Cantidad de follows = 7097"
<br><br><br>string(10) "aco_brasil"
string(26) "Cantidad de follows = 3298"
<br><br><br>string(13) "desafioadois2"
string(26) "Cantidad de follows = 6944"
<br><br><br>string(10) "joaozaneti"
string(27) "Cantidad de follows = 13318"
<br><br><br>string(12) "karbofitness"
string(27) "Cantidad de follows = 10880"
<br><br><br>string(12) "nayaranouber"
string(27) "Cantidad de follows = 17983"
<br><br><br>object(stdClass)#157 (2) {
  ["id"]=>
  string(5) "28654"
  ["login"]=>
  string(11) "ellenrauber"
}
object(stdClass)#181 (2) {
  ["id"]=>
  string(5) "28657"
  ["login"]=>
  string(14) "reserveviagens"
}
string(17) "ingrid_ferreira25"
string(25) "Cantidad de follows = 178"
<br><br><br>string(20) "neovita_fisioterapia"
string(26) "Cantidad de follows = 4950"
<br><br><br>string(17) "dunashookahlounge"
string(26) "Cantidad de follows = 9078"
<br><br><br>string(15) "emporio.forever"
string(25) "Cantidad de follows = 278"
<br><br><br>string(16) "mariakarencosta_"
string(26) "Cantidad de follows = 5934"
<br><br><br>string(13) "pretta_araujo"
string(27) "Cantidad de follows = 11946"
<br><br><br>string(18) "theo_kate_ragdolls"
string(26) "Cantidad de follows = 4875"
<br><br><br>string(9) "xaanndii_"
string(26) "Cantidad de follows = 1244"
<br><br><br>string(15) "pausetakeabreak"
string(26) "Cantidad de follows = 3917"
<br><br><br>string(10) "raquellsan"
string(27) "Cantidad de follows = 26218"
<br><br><br>string(11) "quatro_maos"
string(26) "Cantidad de follows = 4207"
<br><br><br>string(20) "apaudiovisualoficial"
string(25) "Cantidad de follows = 567"
<br><br><br>string(15) "gameoverworldmx"
string(24) "Cantidad de follows = 37"
<br><br><br>string(10) "macielcaio"
string(26) "Cantidad de follows = 3049"
<br><br><br>string(10) "pp_eventos"
string(26) "Cantidad de follows = 3627"
<br><br><br>string(15) "renatacanizares"
string(27) "Cantidad de follows = 13443"
<br><br><br>string(12) "dermatofarma"
string(26) "Cantidad de follows = 8869"
<br><br><br>string(14) "cinarafestasbh"
string(27) "Cantidad de follows = 35980"
<br><br><br>string(10) "mreissilva"
string(27) "Cantidad de follows = 23384"
<br><br><br>string(17) "minutoscomdelavec"
string(27) "Cantidad de follows = 13996"
<br><br><br>string(9) "lilispada"
string(28) "Cantidad de follows = 719894"
<br><br><br>string(13) "edersilveiram"
string(26) "Cantidad de follows = 4507"
<br><br><br>string(15) "rosanatiburtino"
string(26) "Cantidad de follows = 1036"
<br><br><br>string(18) "stopscapautomotivo"
string(26) "Cantidad de follows = 5974"
<br><br><br>object(stdClass)#108 (2) {
  ["id"]=>
  string(5) "28849"
  ["login"]=>
  string(8) "plasjowl"
}
string(12) "itzackcamila"
string(26) "Cantidad de follows = 1347"
<br><br><br>string(15) "eu_gabicarvalho"
string(26) "Cantidad de follows = 3058"
<br><br><br>string(19) "hypinosemodaoficial"
string(26) "Cantidad de follows = 9914"
<br><br><br>string(13) "everttonviana"
string(26) "Cantidad de follows = 9632"
<br><br><br>string(17) "shirleyalesantana"
string(27) "Cantidad de follows = 28062"
<br><br><br>string(14) "leticiastoledo"
string(26) "Cantidad de follows = 2580"
<br><br><br>string(14) "drpedroferrari"
string(27) "Cantidad de follows = 39220"
<br><br><br>string(11) "itamixbazar"
string(26) "Cantidad de follows = 4663"
<br><br><br>string(13) "trader_amador"
string(25) "Cantidad de follows = 167"
<br><br><br>string(16) "isabellasanchess"
string(26) "Cantidad de follows = 3004"
<br><br><br>object(stdClass)#130 (2) {
  ["id"]=>
  string(5) "28962"
  ["login"]=>
  string(15) "tiagomennezes11"
}
string(12) "bunkersounds"
string(26) "Cantidad de follows = 1675"
<br><br><br>string(14) "timmycelulares"
string(25) "Cantidad de follows = 216"
<br><br><br>object(stdClass)#183 (2) {
  ["id"]=>
  string(5) "28988"
  ["login"]=>
  string(15) "programavitrina"
}
object(stdClass)#55 (2) {
  ["id"]=>
  string(5) "28989"
  ["login"]=>
  string(18) "leocar.leonardoniq"
}
object(stdClass)#183 (2) {
  ["id"]=>
  string(5) "28990"
  ["login"]=>
  string(17) "acade_corpoeforma"
}
object(stdClass)#55 (2) {
  ["id"]=>
  string(5) "28993"
  ["login"]=>
  string(11) "atgaranhuns"
}
string(20) "annamaya_arquitetura"
string(26) "Cantidad de follows = 9178"
<br><br><br>string(8) "1kgdobom"
string(27) "Cantidad de follows = 14960"
<br><br><br>string(13) "livre.digital"
string(26) "Cantidad de follows = 3478"
<br><br><br>string(14) "rhuanpenaforte"
string(27) "Cantidad de follows = 10604"
<br><br><br>string(16) "restaurantebario"
string(26) "Cantidad de follows = 1356"
<br><br><br>string(21) "felippeturtransportes"
string(26) "Cantidad de follows = 3121"
<br><br><br>string(15) "solarlifeenergy"
string(25) "Cantidad de follows = 553"
<br><br><br>string(18) "vinteumcomunicacao"
string(25) "Cantidad de follows = 579"
<br><br><br>string(18) "auto_escolaatitude"
string(26) "Cantidad de follows = 2007"
<br><br><br>string(13) "carollremigio"
string(26) "Cantidad de follows = 1073"
<br><br><br>string(13) "pampodelivery"
string(26) "Cantidad de follows = 1272"
<br><br><br>string(20) "txcambioeturismo_rio"
string(26) "Cantidad de follows = 1292"
<br><br><br>string(13) "riveauxmerino"
string(26) "Cantidad de follows = 5424"
<br><br><br>string(15) "carneslaceleste"
string(26) "Cantidad de follows = 2320"
<br><br><br>string(11) "heroairsoft"
string(26) "Cantidad de follows = 3840"
<br><br><br>string(19) "brechoandreaventuro"
string(27) "Cantidad de follows = 36592"
<br><br><br>string(9) "samiilly_"
string(27) "Cantidad de follows = 18246"
<br><br><br>string(14) "luigi_bemporad"
string(24) "Cantidad de follows = 53"
<br><br><br>string(13) "luiz_skydiver"
string(26) "Cantidad de follows = 9843"
<br><br><br>string(15) "luanmachado.arq"
string(26) "Cantidad de follows = 1855"
<br><br><br>string(12) "kaikfariastv"
string(26) "Cantidad de follows = 2027"
<br><br><br>string(16) "colegioguarapuvu"
string(23) "Cantidad de follows = 1"
<br><br><br>string(9) "guarapuvu"
string(26) "Cantidad de follows = 3027"
<br><br><br>string(13) "purocafajeste"
string(27) "Cantidad de follows = 34279"
<br><br><br>string(11) "a_deziderio"
string(26) "Cantidad de follows = 2066"
<br><br><br>object(stdClass)#194 (2) {
  ["id"]=>
  string(5) "29171"
  ["login"]=>
  string(16) "ranchotalisma_mg"
}
object(stdClass)#109 (2) {
  ["id"]=>
  string(5) "29178"
  ["login"]=>
  string(16) "maryana_araujooc"
}
string(13) "vitormagnusss"
string(27) "Cantidad de follows = 42106"
<br><br><br>string(20) "franciscosilva_alves"
string(25) "Cantidad de follows = 269"
<br><br><br>string(17) "mrandersonalmeida"
string(26) "Cantidad de follows = 6315"
<br><br><br>string(10) "inovaluxrj"
string(25) "Cantidad de follows = 190"
<br><br><br>string(17) "mixturinhafashion"
string(26) "Cantidad de follows = 2264"
<br><br><br>string(22) "danelonprimeacessorios"
string(26) "Cantidad de follows = 4662"
<br><br><br>object(stdClass)#24 (2) {
  ["id"]=>
  string(5) "29219"
  ["login"]=>
  string(7) "ruivabr"
}
string(17) "luizjatobaoficial"
string(26) "Cantidad de follows = 9611"
<br><br><br>string(8) "thhai97_"
string(26) "Cantidad de follows = 1598"
<br><br><br>string(10) "tiago_kuhn"
string(26) "Cantidad de follows = 2286"
<br><br><br>object(stdClass)#128 (2) {
  ["id"]=>
  string(5) "29228"
  ["login"]=>
  string(13) "tiolavinicius"
}
string(15) "crisoliveiravmk"
string(26) "Cantidad de follows = 2122"
<br><br><br>string(15) "wesleymichelini"
string(26) "Cantidad de follows = 1812"
<br><br><br>string(18) "raphaelacapobiango"
string(26) "Cantidad de follows = 5547"
<br><br><br>string(11) "castrolucas"
string(26) "Cantidad de follows = 3619"
<br><br><br>string(16) "masseriniosteria"
string(26) "Cantidad de follows = 6172"
<br><br><br>string(10) "alvesgilli"
string(26) "Cantidad de follows = 2005"
<br><br><br>string(10) "felippetur"
string(27) "Cantidad de follows = 19151"
<br><br><br>string(25) "rodrigo.embraconconsorcio"
string(26) "Cantidad de follows = 6255"
<br><br><br>string(14) "naotolendoisso"
string(26) "Cantidad de follows = 3242"
<br><br><br>string(18) "tropical.insurance"
string(25) "Cantidad de follows = 677"
<br><br><br>string(12) "elestore.rio"
string(26) "Cantidad de follows = 1632"
<br><br><br>string(14) "joannaa_aguiar"
string(25) "Cantidad de follows = 571"
<br><br><br>string(12) "ale.mmartins"
string(26) "Cantidad de follows = 1275"
<br><br><br>string(14) "ricvrdomoraes_"
string(26) "Cantidad de follows = 3730"
<br><br><br>string(16) "psgacademyrecife"
string(26) "Cantidad de follows = 4313"
<br><br><br>string(11) "diasluciano"
string(27) "Cantidad de follows = 16229"
<br><br><br>string(15) "othmanejennaoui"
string(27) "Cantidad de follows = 11041"
<br><br><br>string(14) "andresza_ramos"
string(26) "Cantidad de follows = 2002"
<br><br><br>string(23) "estetica.michelecamargo"
string(26) "Cantidad de follows = 3231"
<br><br><br>string(19) "fernandalima.decora"
string(26) "Cantidad de follows = 2150"
<br><br><br>string(13) "ghanabranding"
string(26) "Cantidad de follows = 6743"
<br><br><br>string(16) "binhorodriguess_"
string(26) "Cantidad de follows = 3550"
<br><br><br>string(14) "theblondedetox"
string(26) "Cantidad de follows = 3769"
<br><br><br>string(19) "oficialwinnieamaral"
string(27) "Cantidad de follows = 22951"
<br><br><br>string(19) "pezinhofirmenarocha"
string(28) "Cantidad de follows = 116332"
<br><br><br>string(11) "meempreenda"
string(26) "Cantidad de follows = 3635"
<br><br><br>string(14) "joseluizpontes"
string(25) "Cantidad de follows = 981"
<br><br><br>object(stdClass)#86 (2) {
  ["id"]=>
  string(5) "29486"
  ["login"]=>
  string(15) "eduarda.neves13"
}
string(13) "karinelisuzan"
string(26) "Cantidad de follows = 5147"
<br><br><br>object(stdClass)#86 (2) {
  ["id"]=>
  string(5) "29498"
  ["login"]=>
  string(20) "orlamodapraiaoficial"
}
string(17) "advocacia_messias"
string(26) "Cantidad de follows = 3317"
<br><br><br>string(18) "allbotequipamentos"
string(26) "Cantidad de follows = 2920"
<br><br><br>string(20) "emersonlopeshoficial"
string(27) "Cantidad de follows = 12654"
<br><br><br>string(11) "raissataini"
string(27) "Cantidad de follows = 26320"
<br><br><br>object(stdClass)#54 (2) {
  ["id"]=>
  string(5) "29527"
  ["login"]=>
  string(13) "menezesandree"
}
string(10) "vivianeneu"
string(27) "Cantidad de follows = 28123"
<br><br><br>string(8) "dhougie_"
string(27) "Cantidad de follows = 18786"
<br><br><br>string(24) "andressamakeup_penteados"
string(26) "Cantidad de follows = 3070"
<br><br><br>string(13) "iracemaallves"
string(26) "Cantidad de follows = 7425"
<br><br><br>string(11) "renannunes2"
string(26) "Cantidad de follows = 5071"
<br><br><br>string(14) "natha.estetica"
string(26) "Cantidad de follows = 1873"
<br><br><br>string(19) "j.a.estudiodebeleza"
string(25) "Cantidad de follows = 156"
<br><br><br>string(12) "grafianafoto"
string(26) "Cantidad de follows = 8997"
<br><br><br>string(19) "thespacetimeripples"
string(26) "Cantidad de follows = 3308"
<br><br><br>string(14) "rubia_martinss"
string(28) "Cantidad de follows = 105045"
<br><br><br>string(23) "joseguilherme.consultor"
string(26) "Cantidad de follows = 1218"
<br><br><br>string(14) "emporiodifiori"
string(26) "Cantidad de follows = 2237"
<br><br><br>string(21) "viajandonaarquitetura"
string(26) "Cantidad de follows = 4932"
<br><br><br>string(14) "elitecenterfoz"
string(26) "Cantidad de follows = 2392"
<br><br><br>string(10) "yancasilva"
string(26) "Cantidad de follows = 2351"
<br><br><br>string(16) "roberta.amfranca"
string(26) "Cantidad de follows = 3374"
<br><br><br>string(15) "doceriaanaester"
string(26) "Cantidad de follows = 3882"
<br><br><br>string(10) "kathguedes"
string(27) "Cantidad de follows = 42812"
<br><br><br>string(13) "tubaraocenter"
string(26) "Cantidad de follows = 6352"
<br><br><br>object(stdClass)#93 (2) {
  ["id"]=>
  string(5) "29702"
  ["login"]=>
  string(6) "zayrnm"
}
string(9) "chefeeddy"
string(27) "Cantidad de follows = 12306"
<br><br><br>string(10) "acasadecat"
string(27) "Cantidad de follows = 10788"
<br><br><br>string(20) "oficialforroperfeito"
string(27) "Cantidad de follows = 46226"
<br><br><br>string(14) "orabolasbrecho"
string(26) "Cantidad de follows = 3001"
<br><br><br>string(11) "thekingboy_"
string(27) "Cantidad de follows = 17778"
<br><br><br>string(15) "vanessa.wysocki"
string(26) "Cantidad de follows = 3620"
<br><br><br>string(11) "rique.silva"
string(26) "Cantidad de follows = 5024"
<br><br><br>string(22) "gabriellacarvalhostore"
string(27) "Cantidad de follows = 33572"
<br><br><br>string(14) "lojanowfitness"
string(26) "Cantidad de follows = 3977"
<br><br><br>string(8) "mapoiani"
string(26) "Cantidad de follows = 6071"
<br><br><br>string(14) "salaostudiosbc"
string(26) "Cantidad de follows = 1794"
<br><br><br>string(19) "studying_the_secret"
string(26) "Cantidad de follows = 2599"
<br><br><br>string(23) "studiohairinternacional"
string(26) "Cantidad de follows = 5341"
<br><br><br>string(9) "ahdireito"
string(26) "Cantidad de follows = 5378"
<br><br><br>string(7) "kabonkk"
string(26) "Cantidad de follows = 4062"
<br><br><br>string(10) "companyate"
string(25) "Cantidad de follows = 106"
<br><br><br>string(12) "djdavisantos"
string(26) "Cantidad de follows = 8429"
<br><br><br>string(14) "rafaellmoraess"
string(25) "Cantidad de follows = 823"
<br><br><br>string(22) "syflariluminacaoimport"
string(26) "Cantidad de follows = 1704"
<br><br><br>string(12) "grupo.efraim"
string(26) "Cantidad de follows = 1303"
<br><br><br>string(17) "efraimhoteleflats"
string(25) "Cantidad de follows = 777"
<br><br><br>string(30) "rpcontrollerinsetodedetizadora"
string(25) "Cantidad de follows = 166"
<br><br><br>string(12) "raunierporto"
string(26) "Cantidad de follows = 3105"
<br><br><br>string(11) "marciabotam"
string(26) "Cantidad de follows = 3809"
<br><br><br>object(stdClass)#163 (2) {
  ["id"]=>
  string(5) "29901"
  ["login"]=>
  string(8) "1jonhbjj"
}
object(stdClass)#101 (2) {
  ["id"]=>
  string(5) "29918"
  ["login"]=>
  string(9) "odeiopera"
}
object(stdClass)#163 (2) {
  ["id"]=>
  string(5) "29932"
  ["login"]=>
  string(11) "eufeearruda"
}
string(11) "tclaranunes"
string(26) "Cantidad de follows = 1765"
<br><br><br>string(19) "alaskaclothingstore"
string(26) "Cantidad de follows = 2279"
<br><br><br>string(14) "gkt_kickboxing"
string(26) "Cantidad de follows = 1608"
<br><br><br>string(19) "character.design.gk"
string(26) "Cantidad de follows = 1197"
<br><br><br>object(stdClass)#168 (2) {
  ["id"]=>
  string(5) "29964"
  ["login"]=>
  string(12) "blogdoarinos"
}
object(stdClass)#186 (2) {
  ["id"]=>
  string(5) "29965"
  ["login"]=>
  string(12) "bela.morenaa"
}
string(24) "leandroquelucifotografia"
string(26) "Cantidad de follows = 3079"
<br><br><br>string(19) "generalstorefitness"
string(26) "Cantidad de follows = 3674"
<br><br><br>string(15) "acervomodasda44"
string(26) "Cantidad de follows = 5704"
<br><br><br>string(12) "mama_costhay"
string(26) "Cantidad de follows = 4945"
<br><br><br>string(17) "ginetom_rodrigues"
string(26) "Cantidad de follows = 7783"
<br><br><br>string(13) "brunnooctavio"
string(25) "Cantidad de follows = 979"
<br><br><br>object(stdClass)#185 (2) {
  ["id"]=>
  string(5) "29996"
  ["login"]=>
  string(12) "doug0liveira"
}
string(10) "gutt_carol"
string(27) "Cantidad de follows = 12152"
<br><br><br>string(9) "hulkdutra"
string(27) "Cantidad de follows = 13387"
<br><br><br>string(16) "camilaguerreiroo"
string(26) "Cantidad de follows = 2376"
<br><br><br>string(15) "sandymakecabelo"
string(26) "Cantidad de follows = 6684"
<br><br><br>string(15) "copaciadvogados"
string(25) "Cantidad de follows = 680"
<br><br><br>string(18) "diegocamargotattoo"
string(26) "Cantidad de follows = 3269"
<br><br><br>string(17) "entretenimento.pe"
string(26) "Cantidad de follows = 3446"
<br><br><br>string(17) "alicemelomakehair"
string(26) "Cantidad de follows = 6783"
<br><br><br>object(stdClass)#19 (2) {
  ["id"]=>
  string(5) "30051"
  ["login"]=>
  string(11) "tuguinha.tv"
}
string(13) "rentar.com.do"
string(27) "Cantidad de follows = 11631"
<br><br><br>string(15) "eriosvaldodiniz"
string(26) "Cantidad de follows = 1623"
<br><br><br>string(11) "gustavo_ono"
string(26) "Cantidad de follows = 5404"
<br><br><br>string(15) "canilredbroncos"
string(26) "Cantidad de follows = 1886"
<br><br><br>string(9) "_brokerst"
string(25) "Cantidad de follows = 301"
<br><br><br>string(14) "lifeprojectone"
string(26) "Cantidad de follows = 1849"
<br><br><br>string(16) "disfranco.motors"
string(26) "Cantidad de follows = 2939"
<br><br><br>string(6) "bomf17"
string(25) "Cantidad de follows = 827"
<br><br><br>string(12) "aliicemello_"
string(26) "Cantidad de follows = 2274"
<br><br><br>string(11) "_bellaforma"
string(27) "Cantidad de follows = 71112"
<br><br><br>string(10) "bruruschel"
string(27) "Cantidad de follows = 11946"
<br><br><br>string(9) "murilooc7"
string(26) "Cantidad de follows = 4372"
<br><br><br>string(9) "a7madov95"
string(25) "Cantidad de follows = 247"
<br><br><br>string(7) "a_mayla"
string(25) "Cantidad de follows = 749"
<br><br><br>string(13) "lidiafeitosa4"
string(26) "Cantidad de follows = 2800"
<br><br><br>string(10) "smokeseila"
string(25) "Cantidad de follows = 638"
<br><br><br>string(10) "rikdelucca"
string(26) "Cantidad de follows = 3632"
<br><br><br>string(19) "corretoracavalcante"
string(25) "Cantidad de follows = 830"
<br><br><br>object(stdClass)#24 (2) {
  ["id"]=>
  string(5) "30218"
  ["login"]=>
  string(14) "thaisaschayder"
}
string(13) "hueskerbrasil"
string(26) "Cantidad de follows = 3747"
<br><br><br>string(22) "rodrigoranchodascabras"
string(25) "Cantidad de follows = 951"
<br><br><br>object(stdClass)#77 (2) {
  ["id"]=>
  string(5) "30232"
  ["login"]=>
  string(15) "arisson_jessica"
}
string(16) "camilla.franklin"
string(26) "Cantidad de follows = 6317"
<br><br><br>string(11) "maira.fuzii"
string(26) "Cantidad de follows = 2118"
<br><br><br>object(stdClass)#140 (2) {
  ["id"]=>
  string(5) "30257"
  ["login"]=>
  string(13) "nathaly_llima"
}
string(21) "laraharantes.piercing"
string(26) "Cantidad de follows = 3258"
<br><br><br>string(11) "maitemellim"
string(26) "Cantidad de follows = 1980"
<br><br><br>string(10) "criptobraz"
string(25) "Cantidad de follows = 708"
<br><br><br>string(14) "meuprojeto.fit"
string(26) "Cantidad de follows = 2078"
<br><br><br>object(stdClass)#129 (2) {
  ["id"]=>
  string(5) "30286"
  ["login"]=>
  string(15) "cmo_odontologia"
}
object(stdClass)#32 (2) {
  ["id"]=>
  string(5) "30293"
  ["login"]=>
  string(14) "ketellenfelix1"
}
string(14) "biel_do_cavaco"
string(27) "Cantidad de follows = 20078"
<br><br><br>string(9) "netto_ull"
string(25) "Cantidad de follows = 614"
<br><br><br>string(11) "nandokounat"
string(27) "Cantidad de follows = 19588"
<br><br><br>object(stdClass)#29 (2) {
  ["id"]=>
  string(5) "30317"
  ["login"]=>
  string(14) "easyartgrafica"
}
string(15) "studio_beauty15"
string(26) "Cantidad de follows = 1040"
<br><br><br>string(18) "julio_sosa_imoveis"
string(25) "Cantidad de follows = 798"
<br><br><br>string(10) "canelihome"
string(26) "Cantidad de follows = 3695"
<br><br><br>string(9) "josergm86"
string(26) "Cantidad de follows = 7218"
<br><br><br>string(11) "katiaalbany"
string(26) "Cantidad de follows = 4816"
<br><br><br>string(11) "leandramora"
string(26) "Cantidad de follows = 1782"
<br><br><br>object(stdClass)#170 (2) {
  ["id"]=>
  string(5) "30380"
  ["login"]=>
  string(7) "_lrnnym"
}
string(17) "festivalnovomundo"
string(26) "Cantidad de follows = 4367"
<br><br><br>string(10) "odavilemos"
string(27) "Cantidad de follows = 13289"
<br><br><br>string(20) "clebsonfrancaoficial"
string(26) "Cantidad de follows = 2155"
<br><br><br>string(15) "mamaesemmanuais"
string(27) "Cantidad de follows = 11514"
<br><br><br>string(13) "victorcastelo"
string(26) "Cantidad de follows = 1185"
<br><br><br>string(17) "fabricio.physique"
string(27) "Cantidad de follows = 10969"
<br><br><br>string(15) "rafaelfsantanaa"
string(25) "Cantidad de follows = 751"
<br><br><br>object(stdClass)#26 (2) {
  ["id"]=>
  string(5) "30436"
  ["login"]=>
  string(15) "kawlicheski1993"
}
string(10) "facamerirr"
string(26) "Cantidad de follows = 3445"
<br><br><br>string(10) "linoamanda"
string(27) "Cantidad de follows = 10062"
<br><br><br>string(10) "_lorecosta"
string(26) "Cantidad de follows = 2055"
<br><br><br>string(21) "clara.goldenretriever"
string(26) "Cantidad de follows = 3828"
<br><br><br>string(14) "andre.grupoark"
string(26) "Cantidad de follows = 4204"
<br><br><br>string(13) "espacoubaense"
string(26) "Cantidad de follows = 1862"
<br><br><br>string(14) "photoboxbrasil"
string(26) "Cantidad de follows = 2822"
<br><br><br>string(13) "luiara_helmer"
string(26) "Cantidad de follows = 5145"
<br><br><br>string(7) "dul_fcy"
string(26) "Cantidad de follows = 2869"
<br><br><br>string(26) "emporiodapapinhasantoandre"
string(26) "Cantidad de follows = 5006"
<br><br><br>string(15) "rayanemarchetta"
string(26) "Cantidad de follows = 1685"
<br><br><br>string(13) "karol_nunes00"
string(26) "Cantidad de follows = 3616"
<br><br><br>string(10) "apedesign_"
string(26) "Cantidad de follows = 2613"
<br><br><br>string(9) "danilelah"
string(26) "Cantidad de follows = 5055"
<br><br><br>string(8) "kevinm5m"
string(26) "Cantidad de follows = 7557"
<br><br><br>string(12) "noahestetica"
string(26) "Cantidad de follows = 8835"
<br><br><br>string(9) "casadovaz"
string(26) "Cantidad de follows = 7043"
<br><br><br>string(8) "arena7bh"
string(26) "Cantidad de follows = 4412"
<br><br><br>object(stdClass)#164 (2) {
  ["id"]=>
  string(5) "30581"
  ["login"]=>
  string(13) "mathoficialbr"
}
string(17) "jonatas.batistela"
string(27) "Cantidad de follows = 14918"
<br><br><br>string(10) "queirozloo"
string(26) "Cantidad de follows = 3660"
<br><br><br>object(stdClass)#184 (2) {
  ["id"]=>
  string(5) "30593"
  ["login"]=>
  string(12) "rogersiiilva"
}
string(11) "marci0viana"
string(26) "Cantidad de follows = 1307"
<br><br><br>string(16) "chefsheiladuarte"
string(26) "Cantidad de follows = 1037"
<br><br><br>string(8) "itsredtv"
string(27) "Cantidad de follows = 44317"
<br><br><br>object(stdClass)#205 (2) {
  ["id"]=>
  string(5) "30622"
  ["login"]=>
  string(8) "lorisfaz"
}
object(stdClass)#151 (2) {
  ["id"]=>
  string(5) "30623"
  ["login"]=>
  string(20) "emagrecer_ja_oficial"
}
string(19) "tamyparadorneptunia"
string(26) "Cantidad de follows = 5747"
<br><br><br>string(9) "gabicoach"
string(26) "Cantidad de follows = 3495"
<br><br><br>string(14) "amanda3santana"
string(26) "Cantidad de follows = 6363"
<br><br><br>string(8) "crecleao"
string(26) "Cantidad de follows = 3236"
<br><br><br>string(10) "elluhalves"
string(26) "Cantidad de follows = 5386"
<br><br><br>string(18) "mixsushicafebistek"
string(26) "Cantidad de follows = 5891"
<br><br><br>string(16) "f1ciaimobiliaria"
string(26) "Cantidad de follows = 3277"
<br><br><br>string(15) "vitor_honorato3"
string(26) "Cantidad de follows = 1132"
<br><br><br>string(13) "veneno_daseda"
string(26) "Cantidad de follows = 2069"
<br><br><br>string(10) "mc2turismo"
string(27) "Cantidad de follows = 17899"
<br><br><br>string(19) "erickakamineoficial"
string(26) "Cantidad de follows = 6623"
<br><br><br>string(11) "fredmunizrj"
string(26) "Cantidad de follows = 1467"
<br><br><br>object(stdClass)#48 (2) {
  ["id"]=>
  string(5) "30718"
  ["login"]=>
  string(16) "luis.fernando.br"
}
string(17) "drasheilawatanabe"
string(26) "Cantidad de follows = 1746"
<br><br><br>string(12) "laysasmacedo"
string(26) "Cantidad de follows = 2895"
<br><br><br>string(17) "creativapapelaria"
string(25) "Cantidad de follows = 327"
<br><br><br>string(11) "aondeiremsp"
string(27) "Cantidad de follows = 25237"
<br><br><br>object(stdClass)#118 (2) {
  ["id"]=>
  string(5) "30815"
  ["login"]=>
  string(6) "79_app"
}
string(8) "tompsonr"
string(25) "Cantidad de follows = 351"
<br><br><br>string(15) "dioceliogoulart"
string(27) "Cantidad de follows = 18985"
<br><br><br>string(15) "victorperazzini"
string(26) "Cantidad de follows = 2420"
<br><br><br>string(12) "alberto_test"
string(25) "Cantidad de follows = 297"
<br><br><br>string(13) "fassegseguros"
string(26) "Cantidad de follows = 7238"
<br><br><br>string(18) "giovanni.consultor"
string(25) "Cantidad de follows = 837"
<br><br><br>string(17) "coach.jorgeamorim"
string(26) "Cantidad de follows = 1000"
<br><br><br>string(16) "blessedmaemequer"
string(27) "Cantidad de follows = 15988"
<br><br><br>string(15) "baile_de_camelo"
string(25) "Cantidad de follows = 752"
<br><br><br>string(13) "dentistabruna"
string(25) "Cantidad de follows = 186"
<br><br><br>string(11) "chicomorais"
string(26) "Cantidad de follows = 4643"
<br><br><br>string(13) "adrianemayumi"
string(27) "Cantidad de follows = 13444"
<br><br><br>string(14) "dresscode.byrm"
string(25) "Cantidad de follows = 233"
<br><br><br>object(stdClass)#44 (2) {
  ["id"]=>
  string(5) "30911"
  ["login"]=>
  string(15) "alynemultiforme"
}
string(15) "ehpralaqueeuvou"
string(26) "Cantidad de follows = 1240"
<br><br><br>string(19) "douglasvaldeswalker"
string(26) "Cantidad de follows = 1712"
<br><br><br>string(11) "brimigreipt"
string(25) "Cantidad de follows = 311"
<br><br><br>string(8) "dazz.777"
string(26) "Cantidad de follows = 1013"
<br><br><br>string(14) "rafaella_neves"
string(26) "Cantidad de follows = 3748"
<br><br><br>string(8) "soueuwal"
string(26) "Cantidad de follows = 1644"
<br><br><br>string(22) "lacosdasmeninasoficial"
string(26) "Cantidad de follows = 2236"
<br><br><br>string(13) "talitamcostta"
string(25) "Cantidad de follows = 561"
<br><br><br>string(17) "fernandinhobranco"
string(24) "Cantidad de follows = 60"
<br><br><br>string(8) "pionunes"
string(27) "Cantidad de follows = 13767"
<br><br><br>string(18) "confeitariadagabi_"
string(24) "Cantidad de follows = 65"
<br><br><br>string(14) "brunoalvarez.1"
string(25) "Cantidad de follows = 531"
<br><br><br>string(10) "1989closet"
string(26) "Cantidad de follows = 5880"
<br><br><br>string(12) "jumota_decor"
string(26) "Cantidad de follows = 1401"
<br><br><br>string(16) "marmitinhaslight"
string(26) "Cantidad de follows = 2652"
<br><br><br>string(24) "leoart_desing_paisagismo"
string(26) "Cantidad de follows = 6722"
<br><br><br>string(14) "carolfroemming"
string(26) "Cantidad de follows = 6910"
<br><br><br>string(24) "priscilaaparecidasantoss"
string(25) "Cantidad de follows = 604"
<br><br><br>object(stdClass)#123 (2) {
  ["id"]=>
  string(5) "31080"
  ["login"]=>
  string(9) "chio18789"
}
string(13) "kasamor_store"
string(26) "Cantidad de follows = 2287"
<br><br><br>string(13) "thamysilva201"
string(26) "Cantidad de follows = 3836"
<br><br><br>string(10) "alexrssp12"
string(25) "Cantidad de follows = 316"
<br><br><br>string(14) "silvio.cesarjr"
string(24) "Cantidad de follows = 60"
<br><br><br>string(12) "levis_tudouu"
string(27) "Cantidad de follows = 15701"
<br><br><br>string(8) "euogomez"
string(26) "Cantidad de follows = 2471"
<br><br><br>string(14) "amorefeoficial"
string(26) "Cantidad de follows = 4487"
<br><br><br>string(15) "studioambientes"
string(27) "Cantidad de follows = 14370"
<br><br><br>string(12) "gomilkbrasil"
string(26) "Cantidad de follows = 1017"
<br><br><br>string(13) "gomed.digital"
string(26) "Cantidad de follows = 2260"
<br><br><br>object(stdClass)#84 (2) {
  ["id"]=>
  string(5) "31133"
  ["login"]=>
  string(6) "lv_luh"
}
string(8) "curyamin"
string(25) "Cantidad de follows = 795"
<br><br><br>string(11) "stancefight"
string(27) "Cantidad de follows = 33705"
<br><br><br>string(19) "medconsultingbrasil"
string(27) "Cantidad de follows = 11900"
<br><br><br>string(3) "usa"
string(26) "Cantidad de follows = 4654"
<br><br><br>string(8) "voa_hati"
string(26) "Cantidad de follows = 2969"
<br><br><br>string(18) "robsonbarbosacoach"
string(26) "Cantidad de follows = 6143"
<br><br><br>string(10) "yasmincgr_"
string(26) "Cantidad de follows = 1038"
<br><br><br>string(14) "kharlos_soares"
string(25) "Cantidad de follows = 206"
<br><br><br>string(19) "chrystopher.gabriel"
string(25) "Cantidad de follows = 322"
<br><br><br>string(7) "nega.93"
string(26) "Cantidad de follows = 9435"
<br><br><br>string(13) "cahrlossoares"
string(24) "Cantidad de follows = 60"
<br><br><br>string(8) "emillymv"
string(26) "Cantidad de follows = 3960"
<br><br><br>string(11) "_j.o.a.o___"
string(25) "Cantidad de follows = 183"
<br><br><br>string(14) "antonioportes_"
string(25) "Cantidad de follows = 223"
<br><br><br>string(14) "samo_oliveiraa"
string(25) "Cantidad de follows = 642"
<br><br><br>string(12) "aleehzinho_t"
string(25) "Cantidad de follows = 169"
<br><br><br>string(15) "jonasfahelysson"
string(26) "Cantidad de follows = 6882"
<br><br><br>string(13) "mari_azeredo_"
string(25) "Cantidad de follows = 769"
<br><br><br>string(18) "clinicaformighieri"
string(26) "Cantidad de follows = 2043"
<br><br><br>string(10) "guiturner_"
string(26) "Cantidad de follows = 8917"
<br><br><br>string(14) "carloskpulling"
string(28) "Cantidad de follows = 112465"
<br><br><br>string(10) "oppaviajei"
string(25) "Cantidad de follows = 705"
<br><br><br>string(19) "madtattoobarbershop"
string(25) "Cantidad de follows = 686"
<br><br><br>string(15) "jujucoelhopinto"
string(27) "Cantidad de follows = 28279"
<br><br><br>string(13) "gersonaraujo_"
string(26) "Cantidad de follows = 2263"
<br><br><br>object(stdClass)#199 (2) {
  ["id"]=>
  string(5) "31318"
  ["login"]=>
  string(11) "josiasnetoo"
}
string(19) "blogsairdozeroagora"
string(26) "Cantidad de follows = 1268"
<br><br><br>object(stdClass)#199 (2) {
  ["id"]=>
  string(5) "31325"
  ["login"]=>
  string(18) "neonprodutorapromo"
}
object(stdClass)#51 (2) {
  ["id"]=>
  string(5) "31326"
  ["login"]=>
  string(6) "djrat_"
}
object(stdClass)#199 (2) {
  ["id"]=>
  string(5) "31337"
  ["login"]=>
  string(23) "anderson_diego_oliveira"
}
string(19) "anacarlarodrigues19"
string(26) "Cantidad de follows = 3019"
<br><br><br>object(stdClass)#199 (2) {
  ["id"]=>
  string(5) "31346"
  ["login"]=>
  string(15) "siimoneepereira"
}
string(13) "jubart_design"
string(25) "Cantidad de follows = 588"
<br><br><br>string(19) "bellkeyprofessional"
string(26) "Cantidad de follows = 1626"
<br><br><br>string(8) "ealine._"
string(26) "Cantidad de follows = 4580"
<br><br><br>string(8) "wheresje"
string(27) "Cantidad de follows = 72510"
<br><br><br>string(12) "ronyfgomesss"
string(26) "Cantidad de follows = 3124"
<br><br><br>string(16) "jhonatha_feitosa"
string(26) "Cantidad de follows = 1198"
<br><br><br>string(15) "blena.nathallya"
string(26) "Cantidad de follows = 1086"
<br><br><br>string(10) "edersonflx"
string(26) "Cantidad de follows = 6849"
<br><br><br>string(23) "tridorimpermebializacao"
string(25) "Cantidad de follows = 125"
<br><br><br>string(9) "jehdpires"
string(25) "Cantidad de follows = 811"
<br><br><br>string(18) "emagrecer_agora.br"
string(25) "Cantidad de follows = 708"
<br><br><br>string(9) "caio_luka"
string(25) "Cantidad de follows = 284"
<br><br><br>string(10) "brasil.anb"
string(25) "Cantidad de follows = 601"
<br><br><br>string(19) "jeanpiresfotografia"
string(26) "Cantidad de follows = 1043"
<br><br><br>object(stdClass)#61 (2) {
  ["id"]=>
  string(5) "31483"
  ["login"]=>
  string(12) "canutoandree"
}
string(15) "charles_gsilvaa"
string(26) "Cantidad de follows = 1851"
<br><br><br>string(15) "theluccassantos"
string(26) "Cantidad de follows = 1127"
<br><br><br>string(10) "biih_faith"
string(26) "Cantidad de follows = 1480"
<br><br><br>string(18) "leonardomonteiro00"
string(25) "Cantidad de follows = 896"
<br><br><br>string(17) "carlafagundesblog"
string(26) "Cantidad de follows = 6282"
<br><br><br>string(13) "aguedamaurien"
string(26) "Cantidad de follows = 2561"
<br><br><br>string(13) "pedrosagfteam"
string(26) "Cantidad de follows = 1881"
<br><br><br>string(9) "eusoudaro"
string(26) "Cantidad de follows = 1594"
<br><br><br>string(14) "caiquefregnani"
string(27) "Cantidad de follows = 10453"
<br><br><br>string(14) "heitorsoares.c"
string(26) "Cantidad de follows = 7957"
<br><br><br>string(21) "mulheres_que_se_amam_"
string(24) "Cantidad de follows = 66"
<br><br><br>string(17) "marco.suplementos"
string(27) "Cantidad de follows = 10043"
<br><br><br>string(8) "tetovivo"
string(26) "Cantidad de follows = 1873"
<br><br><br>string(14) "andrewanderley"
string(26) "Cantidad de follows = 3272"
<br><br><br>string(9) "vitormc83"
string(25) "Cantidad de follows = 173"
<br><br><br>string(8) "_lsilvva"
string(26) "Cantidad de follows = 6212"
<br><br><br>string(17) "clube_das_gostosa"
string(26) "Cantidad de follows = 1351"
<br><br><br>string(17) "esteticista_julia"
string(25) "Cantidad de follows = 615"
<br><br><br>string(10) "kauadellon"
string(25) "Cantidad de follows = 432"
<br><br><br>string(20) "divulgageraisoficial"
string(27) "Cantidad de follows = 20907"
<br><br><br>string(18) "dr.grimaldobicalho"
string(26) "Cantidad de follows = 1669"
<br><br><br>string(10) "rahfritzen"
string(26) "Cantidad de follows = 9116"
<br><br><br>object(stdClass)#98 (2) {
  ["id"]=>
  string(5) "31679"
  ["login"]=>
  string(13) "eiandrecanuto"
}
string(10) "mariodj.uy"
string(26) "Cantidad de follows = 1812"
<br><br><br>string(14) "stephanmarinho"
string(26) "Cantidad de follows = 7024"
<br><br><br>string(9) "misouza07"
string(25) "Cantidad de follows = 721"
<br><br><br>string(16) "glaubritooficial"
string(26) "Cantidad de follows = 1855"
<br><br><br>string(18) "anacarolinefavacho"
string(26) "Cantidad de follows = 1291"
<br><br><br>string(17) "natpharmafarmacia"
string(25) "Cantidad de follows = 657"
<br><br><br>string(13) "tablesdecorpy"
string(25) "Cantidad de follows = 554"
<br><br><br>string(18) "julianasilvaespaco"
string(26) "Cantidad de follows = 1230"
<br><br><br>string(22) "alice_carvalho_oficial"
string(25) "Cantidad de follows = 883"
<br><br><br>string(14) "juliaparanhos_"
string(27) "Cantidad de follows = 41421"
<br><br><br>string(18) "rannabeckeroficial"
string(27) "Cantidad de follows = 20274"
<br><br><br>string(13) "gomesterapias"
string(27) "Cantidad de follows = 49149"
<br><br><br>string(10) "filhoteeco"
string(27) "Cantidad de follows = 32787"
<br><br><br>string(15) "umbr_no_youtube"
string(26) "Cantidad de follows = 3001"
<br><br><br>string(12) "jeff_valerio"
string(25) "Cantidad de follows = 220"
<br><br><br>string(12) "calmbunnypet"
string(25) "Cantidad de follows = 644"
<br><br><br>object(stdClass)#156 (2) {
  ["id"]=>
  string(5) "31788"
  ["login"]=>
  string(9) "equipe.dx"
}
string(11) "mr.andyarte"
string(24) "Cantidad de follows = 62"
<br><br><br>\n<br>JOB DONE!!!<br>\n2018-10-11 07:53:03am