DAILY REPORT Inited...!<br>
2018-10-06 06:30:01am<br>
string(14) "alberto_dreyes"
string(27) "Cantidad de follows = 14448"
<br><br><br>string(19) "opiniaoconservadora"
string(27) "Cantidad de follows = 55640"
<br><br><br>string(17) "sibitecomunicacao"
string(27) "Cantidad de follows = 10288"
<br><br><br>string(11) "mo.taniguti"
string(27) "Cantidad de follows = 20863"
<br><br><br>object(stdClass)#27 (2) {
  ["id"]=>
  string(3) "146"
  ["login"]=>
  string(12) "auepromocoes"
}
string(23) "jeunesse_bycrislafratta"
string(25) "Cantidad de follows = 185"
<br><br><br>string(12) "lily.s.alves"
string(26) "Cantidad de follows = 2091"
<br><br><br>string(10) "powerlook_"
string(27) "Cantidad de follows = 60504"
<br><br><br>object(stdClass)#12 (2) {
  ["id"]=>
  string(3) "245"
  ["login"]=>
  string(18) "xodozinho.retratos"
}
object(stdClass)#29 (2) {
  ["id"]=>
  string(3) "867"
  ["login"]=>
  string(14) "joaovictorjvb1"
}
object(stdClass)#12 (2) {
  ["id"]=>
  string(4) "1059"
  ["login"]=>
  string(8) "graverrj"
}
string(7) "ma_luco"
string(27) "Cantidad de follows = 28560"
<br><br><br>string(12) "carlloooooss"
string(26) "Cantidad de follows = 1288"
<br><br><br>string(15) "sapatodochef.pa"
string(26) "Cantidad de follows = 2381"
<br><br><br>object(stdClass)#216 (2) {
  ["id"]=>
  string(4) "2175"
  ["login"]=>
  string(10) "vireiloira"
}
string(18) "mercadomodelobahia"
string(26) "Cantidad de follows = 9065"
<br><br><br>string(11) "thayscalmon"
string(26) "Cantidad de follows = 5238"
<br><br><br>string(11) "decoremundo"
string(27) "Cantidad de follows = 14314"
<br><br><br>string(9) "decorcool"
string(23) "Cantidad de follows = 7"
<br><br><br>string(8) "fragabar"
string(26) "Cantidad de follows = 4311"
<br><br><br>object(stdClass)#189 (2) {
  ["id"]=>
  string(4) "4236"
  ["login"]=>
  string(8) "lorenaym"
}
string(11) "pamelaotero"
string(27) "Cantidad de follows = 46043"
<br><br><br>string(19) "starpointcollection"
string(27) "Cantidad de follows = 12705"
<br><br><br>string(9) "katiacsdc"
string(27) "Cantidad de follows = 18347"
<br><br><br>string(14) "grazielialvess"
string(27) "Cantidad de follows = 21614"
<br><br><br>string(22) "dra_barbaravasconcelos"
string(27) "Cantidad de follows = 23613"
<br><br><br>string(21) "comandantedochurrasco"
string(27) "Cantidad de follows = 56791"
<br><br><br>string(12) "40antesdos40"
string(27) "Cantidad de follows = 26134"
<br><br><br>string(16) "drricardopalacio"
string(27) "Cantidad de follows = 25534"
<br><br><br>string(12) "pollyruffini"
string(26) "Cantidad de follows = 6993"
<br><br><br>string(14) "carlos_skatmar"
string(26) "Cantidad de follows = 2333"
<br><br><br>string(10) "star_point"
string(27) "Cantidad de follows = 32527"
<br><br><br>string(8) "rruizmma"
string(27) "Cantidad de follows = 47023"
<br><br><br>string(8) "dumbu.09"
string(26) "Cantidad de follows = 7693"
<br><br><br>string(14) "marcosp.medina"
string(26) "Cantidad de follows = 4106"
<br><br><br>string(11) "sandrozion7"
string(27) "Cantidad de follows = 21095"
<br><br><br>string(17) "grandville_hoteis"
string(27) "Cantidad de follows = 12666"
<br><br><br>string(11) "josiasdiass"
string(27) "Cantidad de follows = 18043"
<br><br><br>string(18) "barbaracampospalma"
string(26) "Cantidad de follows = 8719"
<br><br><br>string(9) "telless13"
string(27) "Cantidad de follows = 15924"
<br><br><br>string(13) "bandamegafire"
string(27) "Cantidad de follows = 23414"
<br><br><br>string(17) "sosoportunidade10"
string(25) "Cantidad de follows = 965"
<br><br><br>string(18) "academia_king_thai"
string(26) "Cantidad de follows = 5073"
<br><br><br>string(13) "renatafontany"
string(27) "Cantidad de follows = 32867"
<br><br><br>string(14) "cabelosaugusto"
string(27) "Cantidad de follows = 22804"
<br><br><br>string(14) "brunocerqueira"
string(27) "Cantidad de follows = 10587"
<br><br><br>string(10) "noxboymike"
string(26) "Cantidad de follows = 5473"
<br><br><br>string(20) "juliobaptistaoficial"
string(28) "Cantidad de follows = 250760"
<br><br><br>string(21) "ateliermarielamoreira"
string(27) "Cantidad de follows = 15829"
<br><br><br>object(stdClass)#99 (2) {
  ["id"]=>
  string(5) "11096"
  ["login"]=>
  string(12) "michaelletjp"
}
object(stdClass)#46 (2) {
  ["id"]=>
  string(5) "11099"
  ["login"]=>
  string(13) "agostochuvoso"
}
string(11) "insultedboy"
string(26) "Cantidad de follows = 3530"
<br><br><br>string(11) "weilla_morg"
string(25) "Cantidad de follows = 932"
<br><br><br>string(11) "raphabritoo"
string(27) "Cantidad de follows = 16069"
<br><br><br>string(10) "vinihveiga"
string(26) "Cantidad de follows = 4099"
<br><br><br>object(stdClass)#217 (2) {
  ["id"]=>
  string(5) "11131"
  ["login"]=>
  string(14) "deliciasdoronk"
}
string(16) "duuduuzinhosilva"
string(26) "Cantidad de follows = 3028"
<br><br><br>string(9) "carlosbsg"
string(25) "Cantidad de follows = 920"
<br><br><br>string(12) "danndourado0"
string(27) "Cantidad de follows = 14765"
<br><br><br>string(7) "biel312"
string(24) "Cantidad de follows = 10"
<br><br><br>string(11) "caiogrunupp"
string(26) "Cantidad de follows = 3318"
<br><br><br>string(11) "paullonunan"
string(26) "Cantidad de follows = 1430"
<br><br><br>string(12) "pablodiego15"
string(26) "Cantidad de follows = 1092"
<br><br><br>object(stdClass)#57 (2) {
  ["id"]=>
  string(5) "11230"
  ["login"]=>
  string(16) "_luferreiranunes"
}
string(14) "natan_mantelli"
string(25) "Cantidad de follows = 799"
<br><br><br>string(17) "antoniocarlos3627"
string(24) "Cantidad de follows = 43"
<br><br><br>string(11) "365_indubai"
string(27) "Cantidad de follows = 21541"
<br><br><br>object(stdClass)#91 (2) {
  ["id"]=>
  string(5) "11239"
  ["login"]=>
  string(12) "ceottosinuhe"
}
string(14) "vitoriaabritto"
string(27) "Cantidad de follows = 33423"
<br><br><br>string(11) "lojaoperapc"
string(27) "Cantidad de follows = 23897"
<br><br><br>string(12) "huealimentos"
string(26) "Cantidad de follows = 5009"
<br><br><br>string(13) "kstimportados"
string(26) "Cantidad de follows = 4397"
<br><br><br>string(7) "wi11see"
string(27) "Cantidad de follows = 11644"
<br><br><br>string(12) "s7_producoes"
string(26) "Cantidad de follows = 6018"
<br><br><br>string(12) "gabrielaribi"
string(26) "Cantidad de follows = 7619"
<br><br><br>string(17) "brunosennaimagens"
string(27) "Cantidad de follows = 13153"
<br><br><br>string(14) "maycowmontemor"
string(27) "Cantidad de follows = 32246"
<br><br><br>string(14) "alinemarcovici"
string(27) "Cantidad de follows = 18542"
<br><br><br>string(10) "junior.dev"
string(27) "Cantidad de follows = 17744"
<br><br><br>string(13) "amaassessoria"
string(26) "Cantidad de follows = 7681"
<br><br><br>string(11) "julisciotto"
string(27) "Cantidad de follows = 23809"
<br><br><br>string(14) "draalinehsilva"
string(27) "Cantidad de follows = 20231"
<br><br><br>string(13) "rodasemotores"
string(27) "Cantidad de follows = 13740"
<br><br><br>string(13) "euclaracampos"
string(26) "Cantidad de follows = 4290"
<br><br><br>string(19) "thamaraelisa.tattoo"
string(27) "Cantidad de follows = 14287"
<br><br><br>string(15) "megaminassports"
string(26) "Cantidad de follows = 6769"
<br><br><br>string(16) "agencia_portal37"
string(26) "Cantidad de follows = 3343"
<br><br><br>object(stdClass)#65 (2) {
  ["id"]=>
  string(5) "11792"
  ["login"]=>
  string(14) "hf_metalurgica"
}
string(13) "grillegourmet"
string(26) "Cantidad de follows = 5126"
<br><br><br>string(11) "davidkapper"
string(27) "Cantidad de follows = 12875"
<br><br><br>string(11) "7chavesfoto"
string(27) "Cantidad de follows = 11068"
<br><br><br>string(11) "joiaskether"
string(27) "Cantidad de follows = 19511"
<br><br><br>string(14) "luziasantana33"
string(28) "Cantidad de follows = 237409"
<br><br><br>string(13) "thiagovaleiro"
string(26) "Cantidad de follows = 3836"
<br><br><br>object(stdClass)#103 (2) {
  ["id"]=>
  string(5) "12434"
  ["login"]=>
  string(9) "dupicasso"
}
string(11) "laura_bergo"
string(26) "Cantidad de follows = 6420"
<br><br><br>string(15) "dra.raphabecker"
string(27) "Cantidad de follows = 19637"
<br><br><br>string(14) "andreluiznardo"
string(27) "Cantidad de follows = 16542"
<br><br><br>string(8) "letdaher"
string(27) "Cantidad de follows = 27973"
<br><br><br>string(9) "dgarciia_"
string(25) "Cantidad de follows = 844"
<br><br><br>string(10) "joaosurf12"
string(24) "Cantidad de follows = 96"
<br><br><br>string(8) "itsandco"
string(27) "Cantidad de follows = 19565"
<br><br><br>string(10) "ela_andrea"
string(27) "Cantidad de follows = 22507"
<br><br><br>string(14) "nafurtadocakes"
string(26) "Cantidad de follows = 6536"
<br><br><br>string(18) "castrolautoservice"
string(26) "Cantidad de follows = 9355"
<br><br><br>string(9) "livdrinks"
string(27) "Cantidad de follows = 47627"
<br><br><br>string(18) "portalautoshopping"
string(27) "Cantidad de follows = 12135"
<br><br><br>string(20) "manu.mamaeaoquadrado"
string(26) "Cantidad de follows = 9545"
<br><br><br>string(15) "odontowebschool"
string(27) "Cantidad de follows = 10599"
<br><br><br>string(9) "abarkeria"
string(27) "Cantidad de follows = 33500"
<br><br><br>object(stdClass)#61 (2) {
  ["id"]=>
  string(5) "15166"
  ["login"]=>
  string(14) "__fehholiveira"
}
string(10) "ninabaking"
string(26) "Cantidad de follows = 8966"
<br><br><br>string(10) "jgiordanoo"
string(27) "Cantidad de follows = 12545"
<br><br><br>string(18) "domhairfelippewill"
string(27) "Cantidad de follows = 11511"
<br><br><br>string(7) "pbpetti"
string(27) "Cantidad de follows = 39757"
<br><br><br>string(10) "psych0wolf"
string(25) "Cantidad de follows = 409"
<br><br><br>string(8) "andreiso"
string(26) "Cantidad de follows = 9492"
<br><br><br>string(13) "biadiascoelho"
string(26) "Cantidad de follows = 4874"
<br><br><br>string(8) "mytrips7"
string(25) "Cantidad de follows = 525"
<br><br><br>string(13) "directdireito"
string(27) "Cantidad de follows = 11257"
<br><br><br>string(12) "patrickvalle"
string(26) "Cantidad de follows = 3552"
<br><br><br>string(21) "lucianalauferofficial"
string(27) "Cantidad de follows = 18735"
<br><br><br>string(13) "matheuspercut"
string(26) "Cantidad de follows = 1159"
<br><br><br>string(10) "flavia_vdr"
string(27) "Cantidad de follows = 11256"
<br><br><br>object(stdClass)#125 (2) {
  ["id"]=>
  string(5) "16861"
  ["login"]=>
  string(14) "mickael_cortes"
}
string(16) "helder_del_monte"
string(27) "Cantidad de follows = 16380"
<br><br><br>string(18) "physicalpilates_bh"
string(26) "Cantidad de follows = 5614"
<br><br><br>string(13) "faleiroslaura"
string(27) "Cantidad de follows = 12917"
<br><br><br>string(11) "dannysetudo"
string(26) "Cantidad de follows = 9586"
<br><br><br>string(15) "portodepiranhas"
string(27) "Cantidad de follows = 10484"
<br><br><br>string(24) "contadordehistoriasreais"
string(27) "Cantidad de follows = 27622"
<br><br><br>string(6) "guil38"
string(26) "Cantidad de follows = 6500"
<br><br><br>string(22) "vacationhomeneardisney"
string(27) "Cantidad de follows = 19645"
<br><br><br>string(16) "drguilhermecravo"
string(26) "Cantidad de follows = 3163"
<br><br><br>string(6) "ossmkt"
string(26) "Cantidad de follows = 5263"
<br><br><br>string(10) "jhoneheber"
string(27) "Cantidad de follows = 23599"
<br><br><br>string(20) "justiniano0_official"
string(26) "Cantidad de follows = 2985"
<br><br><br>string(15) "sao_os_caipiras"
string(26) "Cantidad de follows = 9477"
<br><br><br>string(9) "acerickrj"
string(27) "Cantidad de follows = 12265"
<br><br><br>string(15) "leandrogarciadj"
string(27) "Cantidad de follows = 19256"
<br><br><br>string(14) "osnirhamburger"
string(26) "Cantidad de follows = 6841"
<br><br><br>string(8) "dutruffi"
string(27) "Cantidad de follows = 14236"
<br><br><br>string(9) "lschuback"
string(26) "Cantidad de follows = 7796"
<br><br><br>string(21) "carolinanortondematos"
string(27) "Cantidad de follows = 11624"
<br><br><br>object(stdClass)#148 (2) {
  ["id"]=>
  string(5) "18103"
  ["login"]=>
  string(22) "denisegoncalves.santos"
}
string(14) "ethianemarques"
string(25) "Cantidad de follows = 696"
<br><br><br>string(10) "synaraleal"
string(27) "Cantidad de follows = 16163"
<br><br><br>string(8) "trinjune"
string(23) "Cantidad de follows = 0"
<br><br><br>string(12) "holy_popcorn"
string(27) "Cantidad de follows = 10324"
<br><br><br>string(9) "eltranvia"
string(27) "Cantidad de follows = 15519"
<br><br><br>string(19) "diegogoulartoficial"
string(27) "Cantidad de follows = 20480"
<br><br><br>string(15) "cartolinadesign"
string(26) "Cantidad de follows = 5638"
<br><br><br>string(9) "quarto_22"
string(26) "Cantidad de follows = 5517"
<br><br><br>string(10) "blogdakeli"
string(24) "Cantidad de follows = 12"
<br><br><br>object(stdClass)#167 (2) {
  ["id"]=>
  string(5) "18816"
  ["login"]=>
  string(10) "lefitnessb"
}
string(9) "awsmining"
string(26) "Cantidad de follows = 4584"
<br><br><br>string(13) "willianabrito"
string(26) "Cantidad de follows = 6741"
<br><br><br>string(23) "eusoutestemunhadogolias"
string(25) "Cantidad de follows = 206"
<br><br><br>string(16) "tumsoundfestival"
string(26) "Cantidad de follows = 1430"
<br><br><br>string(18) "casalbioequilibrio"
string(27) "Cantidad de follows = 11207"
<br><br><br>string(13) "mimosearomaas"
string(26) "Cantidad de follows = 8840"
<br><br><br>string(17) "gventurinpersonal"
string(26) "Cantidad de follows = 2508"
<br><br><br>string(9) "fastfitsc"
string(26) "Cantidad de follows = 3615"
<br><br><br>string(11) "raif_tattoo"
string(27) "Cantidad de follows = 13142"
<br><br><br>string(10) "hustler.hc"
string(26) "Cantidad de follows = 2469"
<br><br><br>string(9) "isarengel"
string(26) "Cantidad de follows = 6747"
<br><br><br>string(12) "solus_online"
string(26) "Cantidad de follows = 4042"
<br><br><br>string(11) "refugiohoje"
string(27) "Cantidad de follows = 12427"
<br><br><br>string(13) "nati.fressato"
string(26) "Cantidad de follows = 7249"
<br><br><br>string(16) "bysilviaschaefer"
string(23) "Cantidad de follows = 1"
<br><br><br>string(17) "calcadospaubrasil"
string(26) "Cantidad de follows = 8246"
<br><br><br>string(10) "daly_store"
string(27) "Cantidad de follows = 21618"
<br><br><br>string(11) "angelosciao"
string(26) "Cantidad de follows = 5256"
<br><br><br>string(6) "fuinha"
string(25) "Cantidad de follows = 194"
<br><br><br>string(10) "kombi_krug"
string(25) "Cantidad de follows = 508"
<br><br><br>string(12) "rekombinando"
string(26) "Cantidad de follows = 5962"
<br><br><br>string(15) "blogdasusantoss"
string(26) "Cantidad de follows = 5420"
<br><br><br>string(15) "diadeacessorios"
string(26) "Cantidad de follows = 2315"
<br><br><br>string(18) "christians.pereira"
string(26) "Cantidad de follows = 3756"
<br><br><br>object(stdClass)#164 (2) {
  ["id"]=>
  string(5) "19844"
  ["login"]=>
  string(13) "oficialpharma"
}
string(28) "pedrowilsonrodriguespimentel"
string(26) "Cantidad de follows = 7734"
<br><br><br>string(15) "atelieluizrocha"
string(27) "Cantidad de follows = 10262"
<br><br><br>string(12) "bibiscamargo"
string(26) "Cantidad de follows = 2045"
<br><br><br>string(16) "centerperfumaria"
string(26) "Cantidad de follows = 5532"
<br><br><br>string(10) "pmelorocha"
string(26) "Cantidad de follows = 6372"
<br><br><br>object(stdClass)#67 (2) {
  ["id"]=>
  string(5) "20149"
  ["login"]=>
  string(14) "thaliaalvesdec"
}
string(12) "yasminndias_"
string(26) "Cantidad de follows = 9432"
<br><br><br>string(17) "jb_alves_educador"
string(26) "Cantidad de follows = 3519"
<br><br><br>string(24) "leonardosantosfotografia"
string(27) "Cantidad de follows = 39766"
<br><br><br>string(8) "sporttot"
string(24) "Cantidad de follows = 21"
<br><br><br>object(stdClass)#157 (2) {
  ["id"]=>
  string(5) "20503"
  ["login"]=>
  string(8) "chandler"
}
string(13) "ayllesantiago"
string(28) "Cantidad de follows = 128253"
<br><br><br>string(12) "maisonbiarro"
string(27) "Cantidad de follows = 28840"
<br><br><br>string(15) "iselamendozadec"
string(26) "Cantidad de follows = 6079"
<br><br><br>string(9) "bamboh.pt"
string(26) "Cantidad de follows = 2614"
<br><br><br>string(12) "redeentropia"
string(26) "Cantidad de follows = 5913"
<br><br><br>string(13) "goutaguatinga"
string(26) "Cantidad de follows = 1014"
<br><br><br>object(stdClass)#80 (2) {
  ["id"]=>
  string(5) "20682"
  ["login"]=>
  string(11) "farmapharma"
}
string(18) "calabriapizzariarj"
string(26) "Cantidad de follows = 2477"
<br><br><br>object(stdClass)#80 (2) {
  ["id"]=>
  string(5) "20818"
  ["login"]=>
  string(20) "cadillacs.pastelaria"
}
object(stdClass)#55 (2) {
  ["id"]=>
  string(5) "20927"
  ["login"]=>
  string(25) "missionariojairodossantos"
}
object(stdClass)#80 (2) {
  ["id"]=>
  string(5) "21062"
  ["login"]=>
  string(13) "jesuisluciano"
}
object(stdClass)#55 (2) {
  ["id"]=>
  string(5) "21230"
  ["login"]=>
  string(9) "vikatorsc"
}
string(19) "nicollystoreoficial"
string(26) "Cantidad de follows = 7513"
<br><br><br>object(stdClass)#55 (2) {
  ["id"]=>
  string(5) "21368"
  ["login"]=>
  string(18) "ricardoribeiro0013"
}
string(24) "ramossegurancaeletronica"
string(26) "Cantidad de follows = 3295"
<br><br><br>string(18) "camacariplazahotel"
string(26) "Cantidad de follows = 6241"
<br><br><br>string(13) "_telesgabriel"
string(26) "Cantidad de follows = 2517"
<br><br><br>string(12) "fbfabiolopes"
string(26) "Cantidad de follows = 9022"
<br><br><br>object(stdClass)#195 (2) {
  ["id"]=>
  string(5) "21517"
  ["login"]=>
  string(23) "biscuitporvictorialeite"
}
string(10) "trapburger"
string(26) "Cantidad de follows = 2639"
<br><br><br>string(20) "shoppingcasaedesign_"
string(26) "Cantidad de follows = 8678"
<br><br><br>string(9) "samiilly_"
string(27) "Cantidad de follows = 18221"
<br><br><br>object(stdClass)#184 (2) {
  ["id"]=>
  string(5) "21731"
  ["login"]=>
  string(9) "conhecaes"
}
string(7) "loirasn"
string(25) "Cantidad de follows = 194"
<br><br><br>string(15) "santasticauniao"
string(26) "Cantidad de follows = 6299"
<br><br><br>string(19) "embraconcondominios"
string(26) "Cantidad de follows = 4639"
<br><br><br>string(17) "hamburguinhomoema"
string(27) "Cantidad de follows = 60506"
<br><br><br>string(14) "vilmamartins_7"
string(26) "Cantidad de follows = 1314"
<br><br><br>string(12) "leticiajural"
string(26) "Cantidad de follows = 8543"
<br><br><br>string(8) "_zero100"
string(27) "Cantidad de follows = 52220"
<br><br><br>string(20) "lionrollingcircusrio"
string(27) "Cantidad de follows = 14393"
<br><br><br>string(9) "_nerdjunk"
string(26) "Cantidad de follows = 5380"
<br><br><br>string(10) "pilotelton"
string(27) "Cantidad de follows = 11174"
<br><br><br>string(14) "marcioancelmoo"
string(26) "Cantidad de follows = 5000"
<br><br><br>object(stdClass)#33 (2) {
  ["id"]=>
  string(5) "22627"
  ["login"]=>
  string(18) "lucaswiliamsoliver"
}
string(14) "kevinlorenzorj"
string(26) "Cantidad de follows = 3402"
<br><br><br>object(stdClass)#33 (2) {
  ["id"]=>
  string(5) "22701"
  ["login"]=>
  string(21) "falandodemaquiagem_01"
}
string(13) "georgemuchuli"
string(26) "Cantidad de follows = 7781"
<br><br><br>string(15) "wendell_alvess_"
string(24) "Cantidad de follows = 84"
<br><br><br>object(stdClass)#182 (2) {
  ["id"]=>
  string(5) "22786"
  ["login"]=>
  string(6) "jpzk02"
}
object(stdClass)#179 (2) {
  ["id"]=>
  string(5) "22791"
  ["login"]=>
  string(13) "rodrigues.exe"
}
object(stdClass)#182 (2) {
  ["id"]=>
  string(5) "22915"
  ["login"]=>
  string(10) "5000covers"
}
string(18) "marciomouraoficial"
string(27) "Cantidad de follows = 12442"
<br><br><br>object(stdClass)#182 (2) {
  ["id"]=>
  string(5) "23135"
  ["login"]=>
  string(15) "daniak_boutique"
}
string(23) "formatacaotccmonografia"
string(24) "Cantidad de follows = 95"
<br><br><br>string(6) "nekkow"
string(24) "Cantidad de follows = 15"
<br><br><br>string(5) "lucao"
string(25) "Cantidad de follows = 558"
<br><br><br>string(6) "lucao2"
string(25) "Cantidad de follows = 586"
<br><br><br>string(13) "marcelomarkes"
string(27) "Cantidad de follows = 19943"
<br><br><br>string(14) "dl_beautysalon"
string(26) "Cantidad de follows = 1942"
<br><br><br>string(15) "ariadinebarreto"
string(27) "Cantidad de follows = 14609"
<br><br><br>string(13) "canalsemjacar"
string(27) "Cantidad de follows = 14315"
<br><br><br>string(11) "hiratabreno"
string(27) "Cantidad de follows = 12633"
<br><br><br>object(stdClass)#134 (2) {
  ["id"]=>
  string(5) "23543"
  ["login"]=>
  string(14) "erickspimentel"
}
string(12) "jessicaiwata"
string(27) "Cantidad de follows = 34225"
<br><br><br>string(14) "dnaphotoevideo"
string(27) "Cantidad de follows = 29002"
<br><br><br>string(18) "gamecenterpaulista"
string(27) "Cantidad de follows = 10329"
<br><br><br>string(10) "pacofishrd"
string(26) "Cantidad de follows = 8078"
<br><br><br>string(14) "qualityhotelsd"
string(26) "Cantidad de follows = 1204"
<br><br><br>string(17) "isabellabofficial"
string(27) "Cantidad de follows = 14051"
<br><br><br>string(13) "alialioficial"
string(25) "Cantidad de follows = 673"
<br><br><br>string(15) "barbeariadoneno"
string(27) "Cantidad de follows = 13643"
<br><br><br>string(10) "plagamba01"
string(26) "Cantidad de follows = 2645"
<br><br><br>string(11) "oscarcauchi"
string(26) "Cantidad de follows = 3634"
<br><br><br>string(7) "18laras"
string(26) "Cantidad de follows = 1850"
<br><br><br>string(16) "entreomarealagoa"
string(26) "Cantidad de follows = 1678"
<br><br><br>string(9) "darlanred"
string(27) "Cantidad de follows = 21349"
<br><br><br>string(15) "riolisboabrasil"
string(25) "Cantidad de follows = 206"
<br><br><br>string(12) "studio4cinco"
string(26) "Cantidad de follows = 4937"
<br><br><br>string(13) "fabriciofabre"
string(26) "Cantidad de follows = 8603"
<br><br><br>string(22) "suamusicapersonalizada"
string(27) "Cantidad de follows = 10155"
<br><br><br>string(10) "fioremixbr"
string(25) "Cantidad de follows = 325"
<br><br><br>string(8) "kevinvem"
string(23) "Cantidad de follows = 5"
<br><br><br>string(12) "djallannatal"
string(27) "Cantidad de follows = 28265"
<br><br><br>string(15) "polpasempreviva"
string(27) "Cantidad de follows = 34541"
<br><br><br>string(8) "kessyaaa"
string(27) "Cantidad de follows = 11100"
<br><br><br>string(8) "celparra"
string(27) "Cantidad de follows = 10686"
<br><br><br>object(stdClass)#64 (2) {
  ["id"]=>
  string(5) "25524"
  ["login"]=>
  string(11) "tompson9345"
}
object(stdClass)#186 (2) {
  ["id"]=>
  string(5) "25571"
  ["login"]=>
  string(14) "habner_martins"
}
string(24) "fitnessuplementosoficial"
string(25) "Cantidad de follows = 338"
<br><br><br>string(13) "mayconbarroco"
string(27) "Cantidad de follows = 18497"
<br><br><br>string(9) "caiocesar"
string(24) "Cantidad de follows = 84"
<br><br><br>string(8) "lil.fama"
string(27) "Cantidad de follows = 21238"
<br><br><br>string(12) "institutoybi"
string(27) "Cantidad de follows = 17976"
<br><br><br>object(stdClass)#220 (2) {
  ["id"]=>
  string(5) "26183"
  ["login"]=>
  string(14) "andresa_lebens"
}
string(7) "yuryv05"
string(27) "Cantidad de follows = 10301"
<br><br><br>string(15) "eliana_casimiro"
string(26) "Cantidad de follows = 5642"
<br><br><br>string(11) "maloohstore"
string(26) "Cantidad de follows = 3665"
<br><br><br>string(15) "lauraivinadecor"
string(26) "Cantidad de follows = 8924"
<br><br><br>string(16) "simplesmenteamei"
string(27) "Cantidad de follows = 16111"
<br><br><br>string(16) "drraphaelmarques"
string(27) "Cantidad de follows = 21378"
<br><br><br>string(10) "casazunzun"
string(26) "Cantidad de follows = 5581"
<br><br><br>string(14) "draraymedeiros"
string(26) "Cantidad de follows = 1578"
<br><br><br>string(12) "4youdressing"
string(26) "Cantidad de follows = 3561"
<br><br><br>string(21) "lucaslermenfotografia"
string(27) "Cantidad de follows = 14845"
<br><br><br>string(16) "bracholuismiguel"
string(25) "Cantidad de follows = 826"
<br><br><br>string(17) "draflaviasgavioli"
string(27) "Cantidad de follows = 41463"
<br><br><br>string(16) "rafamello_cantor"
string(26) "Cantidad de follows = 9022"
<br><br><br>string(13) "gabinassyrios"
string(27) "Cantidad de follows = 28032"
<br><br><br>string(13) "cardosodani78"
string(25) "Cantidad de follows = 423"
<br><br><br>object(stdClass)#62 (2) {
  ["id"]=>
  string(5) "27362"
  ["login"]=>
  string(9) "k123silva"
}
string(9) "labotique"
string(25) "Cantidad de follows = 276"
<br><br><br>string(11) "eco.noronha"
string(26) "Cantidad de follows = 1074"
<br><br><br>string(13) "gelottisports"
string(26) "Cantidad de follows = 6276"
<br><br><br>string(13) "bombeefsantos"
string(27) "Cantidad de follows = 69036"
<br><br><br>string(15) "parvathi_brasil"
string(26) "Cantidad de follows = 8534"
<br><br><br>string(9) "lobotique"
string(26) "Cantidad de follows = 6604"
<br><br><br>string(8) "talincas"
string(27) "Cantidad de follows = 22586"
<br><br><br>string(21) "visagismofacial_drika"
string(25) "Cantidad de follows = 733"
<br><br><br>string(13) "bakwarabrasil"
string(26) "Cantidad de follows = 1565"
<br><br><br>string(19) "carlabarcellosjoias"
string(27) "Cantidad de follows = 11415"
<br><br><br>string(16) "programagameover"
string(26) "Cantidad de follows = 1120"
<br><br><br>string(15) "aafrodite.store"
string(26) "Cantidad de follows = 5767"
<br><br><br>string(12) "rogiacomello"
string(26) "Cantidad de follows = 1418"
<br><br><br>string(11) "solvebrazil"
string(26) "Cantidad de follows = 1173"
<br><br><br>string(16) "drafernandavolpi"
string(27) "Cantidad de follows = 12421"
<br><br><br>object(stdClass)#26 (2) {
  ["id"]=>
  string(5) "27722"
  ["login"]=>
  string(14) "maribel.silent"
}
string(13) "miocheoficial"
string(27) "Cantidad de follows = 45336"
<br><br><br>string(11) "daylipadron"
string(26) "Cantidad de follows = 8200"
<br><br><br>string(14) "mercadolabarra"
string(26) "Cantidad de follows = 4193"
<br><br><br>string(10) "naraabreuu"
string(26) "Cantidad de follows = 4574"
<br><br><br>string(8) "lukmodas"
string(26) "Cantidad de follows = 8117"
<br><br><br>string(21) "girlsgardenacessorios"
string(26) "Cantidad de follows = 2025"
<br><br><br>string(13) "capimlimaomga"
string(26) "Cantidad de follows = 5455"
<br><br><br>string(15) "maxpremiumjeans"
string(26) "Cantidad de follows = 8429"
<br><br><br>string(8) "bruna.fb"
string(27) "Cantidad de follows = 21193"
<br><br><br>string(14) "na_cara_do_gol"
string(26) "Cantidad de follows = 3029"
<br><br><br>string(13) "jessicacytrus"
string(27) "Cantidad de follows = 29794"
<br><br><br>string(11) "cyrofuziama"
string(27) "Cantidad de follows = 25232"
<br><br><br>string(11) "thaycomfome"
string(27) "Cantidad de follows = 26463"
<br><br><br>string(10) "dankana_dk"
string(26) "Cantidad de follows = 8841"
<br><br><br>string(13) "vivimaquiagem"
string(26) "Cantidad de follows = 2459"
<br><br><br>string(14) "fshirtsdesigns"
string(25) "Cantidad de follows = 368"
<br><br><br>string(15) "closetdasduasto"
string(27) "Cantidad de follows = 14185"
<br><br><br>object(stdClass)#209 (2) {
  ["id"]=>
  string(5) "28069"
  ["login"]=>
  string(14) "rosaduartelash"
}
object(stdClass)#10 (2) {
  ["id"]=>
  string(5) "28075"
  ["login"]=>
  string(11) "gardelmaroz"
}
object(stdClass)#209 (2) {
  ["id"]=>
  string(5) "28080"
  ["login"]=>
  string(16) "msanchescaroline"
}
string(3) "ola"
string(26) "Cantidad de follows = 3225"
<br><br><br>object(stdClass)#209 (2) {
  ["id"]=>
  string(5) "28092"
  ["login"]=>
  string(9) "pri_avlis"
}
string(13) "ferefacrochet"
string(26) "Cantidad de follows = 8967"
<br><br><br>object(stdClass)#209 (2) {
  ["id"]=>
  string(5) "28099"
  ["login"]=>
  string(13) "menezesandree"
}
string(7) "nr_mini"
string(27) "Cantidad de follows = 11013"
<br><br><br>string(6) "dz9bnb"
string(26) "Cantidad de follows = 3298"
<br><br><br>object(stdClass)#72 (2) {
  ["id"]=>
  string(5) "28145"
  ["login"]=>
  string(20) "nossoapartamento_103"
}
string(18) "cheirinhodamariana"
string(26) "Cantidad de follows = 7628"
<br><br><br>object(stdClass)#72 (2) {
  ["id"]=>
  string(5) "28213"
  ["login"]=>
  string(15) "malucassimiro.r"
}
string(16) "alvomarketingagc"
string(26) "Cantidad de follows = 9475"
<br><br><br>string(17) "ilmiocasamentoios"
string(26) "Cantidad de follows = 1007"
<br><br><br>string(16) "dranayanepacheco"
string(28) "Cantidad de follows = 139119"
<br><br><br>string(24) "silvanonunes.hairstylist"
string(27) "Cantidad de follows = 20891"
<br><br><br>object(stdClass)#51 (2) {
  ["id"]=>
  string(5) "28276"
  ["login"]=>
  string(13) "tatyanealvess"
}
string(21) "closetdemulheroficial"
string(26) "Cantidad de follows = 3927"
<br><br><br>string(17) "drdanilopelegrino"
string(26) "Cantidad de follows = 5856"
<br><br><br>string(20) "mariaclaraguimaraes1"
string(27) "Cantidad de follows = 34712"
<br><br><br>string(15) "vitoria.mamedio"
string(26) "Cantidad de follows = 7521"
<br><br><br>string(12) "meirellesipc"
string(26) "Cantidad de follows = 1519"
<br><br><br>string(12) "luporluciana"
string(26) "Cantidad de follows = 8482"
<br><br><br>string(11) "andersonvoo"
string(26) "Cantidad de follows = 1053"
<br><br><br>string(14) "niqueferreiira"
string(27) "Cantidad de follows = 12343"
<br><br><br>string(15) "carlota_barnabe"
string(27) "Cantidad de follows = 12786"
<br><br><br>string(17) "drdanilopelegrino"
string(26) "Cantidad de follows = 5856"
<br><br><br>string(9) "lipinhuss"
string(26) "Cantidad de follows = 1773"
<br><br><br>string(13) "mayaramarkes_"
string(26) "Cantidad de follows = 8585"
<br><br><br>string(10) "ky2oficial"
string(26) "Cantidad de follows = 2417"
<br><br><br>string(11) "mendy_vivii"
string(26) "Cantidad de follows = 3828"
<br><br><br>object(stdClass)#17 (2) {
  ["id"]=>
  string(5) "28497"
  ["login"]=>
  string(21) "_medicinaintegrativa_"
}
string(25) "specialitycoffeegastropub"
string(25) "Cantidad de follows = 557"
<br><br><br>string(13) "clubedebolsas"
string(27) "Cantidad de follows = 10241"
<br><br><br>string(11) "carolsousas"
string(26) "Cantidad de follows = 3559"
<br><br><br>object(stdClass)#13 (2) {
  ["id"]=>
  string(5) "28517"
  ["login"]=>
  string(19) "martins_consultoria"
}
string(4) "fila"
string(25) "Cantidad de follows = 825"
<br><br><br>string(6) "reebok"
string(29) "Cantidad de follows = 2118270"
<br><br><br>string(8) "bindanvm"
string(26) "Cantidad de follows = 1484"
<br><br><br>string(18) "wesleyoliveirareal"
string(26) "Cantidad de follows = 2819"
<br><br><br>string(9) "indikqui_"
string(26) "Cantidad de follows = 1329"
<br><br><br>string(10) "luahungria"
string(26) "Cantidad de follows = 4527"
<br><br><br>string(14) "paesda_familia"
string(26) "Cantidad de follows = 3440"
<br><br><br>object(stdClass)#203 (2) {
  ["id"]=>
  string(5) "28557"
  ["login"]=>
  string(10) "kaahcintra"
}
string(17) "reabilitar.studio"
string(26) "Cantidad de follows = 5643"
<br><br><br>string(9) "amaraljej"
string(25) "Cantidad de follows = 613"
<br><br><br>string(14) "websterramalho"
string(25) "Cantidad de follows = 737"
<br><br><br>string(24) "vida_sol_e_mar_ecoresort"
string(26) "Cantidad de follows = 7101"
<br><br><br>string(10) "aco_brasil"
string(26) "Cantidad de follows = 3299"
<br><br><br>string(13) "desafioadois2"
string(26) "Cantidad de follows = 6974"
<br><br><br>string(10) "joaozaneti"
string(27) "Cantidad de follows = 13347"
<br><br><br>string(12) "karbofitness"
string(27) "Cantidad de follows = 10842"
<br><br><br>string(12) "nayaranouber"
string(27) "Cantidad de follows = 17920"
<br><br><br>object(stdClass)#87 (2) {
  ["id"]=>
  string(5) "28654"
  ["login"]=>
  string(11) "ellenrauber"
}
object(stdClass)#22 (2) {
  ["id"]=>
  string(5) "28657"
  ["login"]=>
  string(14) "reserveviagens"
}
string(17) "ingrid_ferreira25"
string(25) "Cantidad de follows = 182"
<br><br><br>string(20) "neovita_fisioterapia"
string(26) "Cantidad de follows = 4908"
<br><br><br>string(17) "dunashookahlounge"
string(26) "Cantidad de follows = 9077"
<br><br><br>string(15) "emporio.forever"
string(25) "Cantidad de follows = 280"
<br><br><br>string(16) "mariakarencosta_"
string(26) "Cantidad de follows = 5869"
<br><br><br>string(13) "pretta_araujo"
string(27) "Cantidad de follows = 11930"
<br><br><br>string(18) "theo_kate_ragdolls"
string(26) "Cantidad de follows = 3585"
<br><br><br>string(9) "xaanndii_"
string(26) "Cantidad de follows = 1233"
<br><br><br>string(15) "pausetakeabreak"
string(26) "Cantidad de follows = 3733"
<br><br><br>string(10) "raquellsan"
string(27) "Cantidad de follows = 26424"
<br><br><br>string(11) "quatro_maos"
string(26) "Cantidad de follows = 4146"
<br><br><br>string(20) "apaudiovisualoficial"
string(25) "Cantidad de follows = 570"
<br><br><br>string(15) "gameoverworldmx"
string(24) "Cantidad de follows = 29"
<br><br><br>string(10) "macielcaio"
string(26) "Cantidad de follows = 3055"
<br><br><br>string(10) "pp_eventos"
string(26) "Cantidad de follows = 3633"
<br><br><br>string(15) "renatacanizares"
string(27) "Cantidad de follows = 13463"
<br><br><br>string(12) "dermatofarma"
string(26) "Cantidad de follows = 8879"
<br><br><br>string(14) "cinarafestasbh"
string(27) "Cantidad de follows = 34418"
<br><br><br>string(10) "mreissilva"
string(27) "Cantidad de follows = 23253"
<br><br><br>string(17) "minutoscomdelavec"
string(27) "Cantidad de follows = 14013"
<br><br><br>string(9) "lilispada"
string(28) "Cantidad de follows = 720458"
<br><br><br>string(13) "edersilveiram"
string(26) "Cantidad de follows = 4515"
<br><br><br>string(15) "rosanatiburtino"
string(26) "Cantidad de follows = 1038"
<br><br><br>string(18) "stopscapautomotivo"
string(26) "Cantidad de follows = 5989"
<br><br><br>object(stdClass)#10 (2) {
  ["id"]=>
  string(5) "28849"
  ["login"]=>
  string(8) "plasjowl"
}
string(12) "itzackcamila"
string(26) "Cantidad de follows = 1347"
<br><br><br>string(15) "eu_gabicarvalho"
string(26) "Cantidad de follows = 2984"
<br><br><br>string(19) "hypinosemodaoficial"
string(26) "Cantidad de follows = 9863"
<br><br><br>string(13) "everttonviana"
string(26) "Cantidad de follows = 9635"
<br><br><br>string(17) "shirleyalesantana"
string(27) "Cantidad de follows = 27925"
<br><br><br>string(14) "leticiastoledo"
string(26) "Cantidad de follows = 2585"
<br><br><br>string(14) "drpedroferrari"
string(27) "Cantidad de follows = 39340"
<br><br><br>string(11) "itamixbazar"
string(26) "Cantidad de follows = 4644"
<br><br><br>string(13) "trader_amador"
string(25) "Cantidad de follows = 167"
<br><br><br>string(16) "isabellasanchess"
string(26) "Cantidad de follows = 3011"
<br><br><br>object(stdClass)#45 (2) {
  ["id"]=>
  string(5) "28962"
  ["login"]=>
  string(15) "tiagomennezes11"
}
string(12) "bunkersounds"
string(26) "Cantidad de follows = 1680"
<br><br><br>string(14) "timmycelulares"
string(25) "Cantidad de follows = 216"
<br><br><br>object(stdClass)#89 (2) {
  ["id"]=>
  string(5) "28988"
  ["login"]=>
  string(15) "programavitrina"
}
object(stdClass)#49 (2) {
  ["id"]=>
  string(5) "28989"
  ["login"]=>
  string(18) "leocar.leonardoniq"
}
object(stdClass)#89 (2) {
  ["id"]=>
  string(5) "28990"
  ["login"]=>
  string(17) "acade_corpoeforma"
}
object(stdClass)#49 (2) {
  ["id"]=>
  string(5) "28993"
  ["login"]=>
  string(11) "atgaranhuns"
}
string(20) "annamaya_arquitetura"
string(26) "Cantidad de follows = 9182"
<br><br><br>string(8) "1kgdobom"
string(27) "Cantidad de follows = 14955"
<br><br><br>string(13) "livre.digital"
string(26) "Cantidad de follows = 3446"
<br><br><br>string(14) "rhuanpenaforte"
string(27) "Cantidad de follows = 10624"
<br><br><br>string(16) "restaurantebario"
string(26) "Cantidad de follows = 1346"
<br><br><br>string(21) "felippeturtransportes"
string(26) "Cantidad de follows = 3124"
<br><br><br>string(15) "solarlifeenergy"
string(25) "Cantidad de follows = 554"
<br><br><br>string(18) "vinteumcomunicacao"
string(25) "Cantidad de follows = 580"
<br><br><br>string(18) "auto_escolaatitude"
string(26) "Cantidad de follows = 2007"
<br><br><br>string(13) "carollremigio"
string(26) "Cantidad de follows = 1068"
<br><br><br>string(13) "pampodelivery"
string(26) "Cantidad de follows = 1277"
<br><br><br>string(20) "txcambioeturismo_rio"
string(26) "Cantidad de follows = 1293"
<br><br><br>string(13) "riveauxmerino"
string(26) "Cantidad de follows = 5428"
<br><br><br>string(15) "carneslaceleste"
string(26) "Cantidad de follows = 2215"
<br><br><br>string(11) "heroairsoft"
string(26) "Cantidad de follows = 3836"
<br><br><br>string(19) "brechoandreaventuro"
string(27) "Cantidad de follows = 36660"
<br><br><br>string(9) "samiilly_"
string(27) "Cantidad de follows = 18228"
<br><br><br>string(14) "luigi_bemporad"
string(24) "Cantidad de follows = 52"
<br><br><br>string(13) "luiz_skydiver"
string(26) "Cantidad de follows = 9857"
<br><br><br>string(15) "luanmachado.arq"
string(26) "Cantidad de follows = 1862"
<br><br><br>string(12) "kaikfariastv"
string(26) "Cantidad de follows = 1986"
<br><br><br>string(16) "colegioguarapuvu"
string(23) "Cantidad de follows = 1"
<br><br><br>string(9) "guarapuvu"
string(26) "Cantidad de follows = 3027"
<br><br><br>string(13) "purocafajeste"
string(27) "Cantidad de follows = 34261"
<br><br><br>string(11) "a_deziderio"
string(26) "Cantidad de follows = 2070"
<br><br><br>object(stdClass)#61 (2) {
  ["id"]=>
  string(5) "29171"
  ["login"]=>
  string(16) "ranchotalisma_mg"
}
object(stdClass)#74 (2) {
  ["id"]=>
  string(5) "29178"
  ["login"]=>
  string(16) "maryana_araujooc"
}
string(13) "vitormagnusss"
string(27) "Cantidad de follows = 42166"
<br><br><br>string(20) "franciscosilva_alves"
string(25) "Cantidad de follows = 272"
<br><br><br>string(17) "mrandersonalmeida"
string(26) "Cantidad de follows = 6333"
<br><br><br>string(10) "inovaluxrj"
string(25) "Cantidad de follows = 190"
<br><br><br>string(17) "mixturinhafashion"
string(26) "Cantidad de follows = 2250"
<br><br><br>string(22) "danelonprimeacessorios"
string(26) "Cantidad de follows = 4656"
<br><br><br>object(stdClass)#185 (2) {
  ["id"]=>
  string(5) "29219"
  ["login"]=>
  string(7) "ruivabr"
}
string(17) "luizjatobaoficial"
string(26) "Cantidad de follows = 9640"
<br><br><br>string(8) "thhai97_"
string(26) "Cantidad de follows = 1613"
<br><br><br>string(10) "tiago_kuhn"
string(26) "Cantidad de follows = 2286"
<br><br><br>object(stdClass)#13 (2) {
  ["id"]=>
  string(5) "29228"
  ["login"]=>
  string(13) "tiolavinicius"
}
string(15) "crisoliveiravmk"
string(26) "Cantidad de follows = 2091"
<br><br><br>string(15) "wesleymichelini"
string(26) "Cantidad de follows = 1819"
<br><br><br>string(18) "raphaelacapobiango"
string(26) "Cantidad de follows = 5555"
<br><br><br>string(11) "castrolucas"
string(26) "Cantidad de follows = 3621"
<br><br><br>string(16) "masseriniosteria"
string(26) "Cantidad de follows = 6112"
<br><br><br>string(10) "alvesgilli"
string(26) "Cantidad de follows = 2008"
<br><br><br>string(10) "felippetur"
string(27) "Cantidad de follows = 19217"
<br><br><br>string(25) "rodrigo.embraconconsorcio"
string(26) "Cantidad de follows = 6237"
<br><br><br>string(14) "naotolendoisso"
string(26) "Cantidad de follows = 3202"
<br><br><br>string(18) "tropical.insurance"
string(25) "Cantidad de follows = 678"
<br><br><br>string(12) "elestore.rio"
string(26) "Cantidad de follows = 1500"
<br><br><br>string(14) "joannaa_aguiar"
string(25) "Cantidad de follows = 573"
<br><br><br>string(12) "ale.mmartins"
string(26) "Cantidad de follows = 1278"
<br><br><br>string(14) "ricvrdomoraes_"
string(26) "Cantidad de follows = 3490"
<br><br><br>string(16) "psgacademyrecife"
string(26) "Cantidad de follows = 4202"
<br><br><br>string(11) "diasluciano"
string(27) "Cantidad de follows = 16189"
<br><br><br>string(15) "othmanejennaoui"
string(27) "Cantidad de follows = 11088"
<br><br><br>string(14) "andresza_ramos"
string(26) "Cantidad de follows = 2004"
<br><br><br>string(23) "estetica.michelecamargo"
string(26) "Cantidad de follows = 3204"
<br><br><br>string(19) "fernandalima.decora"
string(26) "Cantidad de follows = 2155"
<br><br><br>string(13) "ghanabranding"
string(26) "Cantidad de follows = 6752"
<br><br><br>string(16) "binhorodriguess_"
string(26) "Cantidad de follows = 3555"
<br><br><br>string(14) "theblondedetox"
string(26) "Cantidad de follows = 3781"
<br><br><br>string(19) "oficialwinnieamaral"
string(27) "Cantidad de follows = 22989"
<br><br><br>string(19) "pezinhofirmenarocha"
string(28) "Cantidad de follows = 116364"
<br><br><br>string(11) "meempreenda"
string(26) "Cantidad de follows = 3628"
<br><br><br>string(14) "joseluizpontes"
string(25) "Cantidad de follows = 988"
<br><br><br>object(stdClass)#56 (2) {
  ["id"]=>
  string(5) "29486"
  ["login"]=>
  string(15) "eduarda.neves13"
}
string(13) "karinelisuzan"
string(26) "Cantidad de follows = 5091"
<br><br><br>object(stdClass)#56 (2) {
  ["id"]=>
  string(5) "29498"
  ["login"]=>
  string(20) "orlamodapraiaoficial"
}
string(17) "advocacia_messias"
string(26) "Cantidad de follows = 3329"
<br><br><br>string(18) "allbotequipamentos"
string(26) "Cantidad de follows = 2925"
<br><br><br>string(20) "emersonlopeshoficial"
string(27) "Cantidad de follows = 12675"
<br><br><br>string(11) "raissataini"
string(27) "Cantidad de follows = 26472"
<br><br><br>object(stdClass)#69 (2) {
  ["id"]=>
  string(5) "29527"
  ["login"]=>
  string(13) "menezesandree"
}
string(10) "vivianeneu"
string(27) "Cantidad de follows = 28286"
<br><br><br>string(8) "dhougie_"
string(27) "Cantidad de follows = 18730"
<br><br><br>string(24) "andressamakeup_penteados"
string(26) "Cantidad de follows = 3116"
<br><br><br>string(13) "iracemaallves"
string(26) "Cantidad de follows = 7430"
<br><br><br>string(11) "renannunes2"
string(26) "Cantidad de follows = 5090"
<br><br><br>string(14) "natha.estetica"
string(26) "Cantidad de follows = 1846"
<br><br><br>string(19) "j.a.estudiodebeleza"
string(25) "Cantidad de follows = 149"
<br><br><br>string(12) "grafianafoto"
string(26) "Cantidad de follows = 8978"
<br><br><br>string(19) "thespacetimeripples"
string(26) "Cantidad de follows = 3288"
<br><br><br>string(14) "rubia_martinss"
string(28) "Cantidad de follows = 112024"
<br><br><br>string(23) "joseguilherme.consultor"
string(26) "Cantidad de follows = 1224"
<br><br><br>string(14) "emporiodifiori"
string(26) "Cantidad de follows = 2203"
<br><br><br>string(21) "viajandonaarquitetura"
string(26) "Cantidad de follows = 4862"
<br><br><br>string(14) "elitecenterfoz"
string(26) "Cantidad de follows = 2386"
<br><br><br>string(10) "yancasilva"
string(26) "Cantidad de follows = 2335"
<br><br><br>string(16) "roberta.amfranca"
string(26) "Cantidad de follows = 3372"
<br><br><br>string(15) "doceriaanaester"
string(26) "Cantidad de follows = 3855"
<br><br><br>string(10) "kathguedes"
string(27) "Cantidad de follows = 42808"
<br><br><br>string(13) "tubaraocenter"
string(26) "Cantidad de follows = 6353"
<br><br><br>object(stdClass)#117 (2) {
  ["id"]=>
  string(5) "29702"
  ["login"]=>
  string(6) "zayrnm"
}
string(9) "chefeeddy"
string(27) "Cantidad de follows = 12590"
<br><br><br>string(10) "acasadecat"
string(27) "Cantidad de follows = 10526"
<br><br><br>string(20) "oficialforroperfeito"
string(27) "Cantidad de follows = 49225"
<br><br><br>string(14) "orabolasbrecho"
string(26) "Cantidad de follows = 2999"
<br><br><br>string(11) "thekingboy_"
string(27) "Cantidad de follows = 17802"
<br><br><br>string(15) "vanessa.wysocki"
string(26) "Cantidad de follows = 3641"
<br><br><br>string(11) "rique.silva"
string(26) "Cantidad de follows = 5047"
<br><br><br>string(22) "gabriellacarvalhostore"
string(27) "Cantidad de follows = 33405"
<br><br><br>string(14) "lojanowfitness"
string(26) "Cantidad de follows = 3981"
<br><br><br>string(8) "mapoiani"
string(26) "Cantidad de follows = 6067"
<br><br><br>string(14) "salaostudiosbc"
string(26) "Cantidad de follows = 1786"
<br><br><br>string(19) "studying_the_secret"
string(26) "Cantidad de follows = 2558"
<br><br><br>string(23) "studiohairinternacional"
string(26) "Cantidad de follows = 5354"
<br><br><br>string(9) "ahdireito"
string(26) "Cantidad de follows = 5327"
<br><br><br>string(7) "kabonkk"
string(26) "Cantidad de follows = 4072"
<br><br><br>string(10) "companyate"
string(25) "Cantidad de follows = 106"
<br><br><br>string(15) "visual.software"
string(26) "Cantidad de follows = 1537"
<br><br><br>string(12) "djdavisantos"
string(26) "Cantidad de follows = 8394"
<br><br><br>string(14) "rafaellmoraess"
string(25) "Cantidad de follows = 824"
<br><br><br>string(22) "syflariluminacaoimport"
string(26) "Cantidad de follows = 1667"
<br><br><br>string(12) "grupo.efraim"
string(26) "Cantidad de follows = 1298"
<br><br><br>string(17) "efraimhoteleflats"
string(25) "Cantidad de follows = 784"
<br><br><br>string(30) "rpcontrollerinsetodedetizadora"
string(25) "Cantidad de follows = 165"
<br><br><br>string(12) "raunierporto"
string(26) "Cantidad de follows = 3110"
<br><br><br>string(11) "marciabotam"
string(26) "Cantidad de follows = 3807"
<br><br><br>object(stdClass)#18 (2) {
  ["id"]=>
  string(5) "29901"
  ["login"]=>
  string(8) "1jonhbjj"
}
object(stdClass)#46 (2) {
  ["id"]=>
  string(5) "29918"
  ["login"]=>
  string(9) "odeiopera"
}
object(stdClass)#18 (2) {
  ["id"]=>
  string(5) "29932"
  ["login"]=>
  string(11) "eufeearruda"
}
string(11) "tclaranunes"
string(26) "Cantidad de follows = 1737"
<br><br><br>string(19) "alaskaclothingstore"
string(26) "Cantidad de follows = 2284"
<br><br><br>string(14) "gkt_kickboxing"
string(26) "Cantidad de follows = 1611"
<br><br><br>string(19) "character.design.gk"
string(26) "Cantidad de follows = 1198"
<br><br><br>object(stdClass)#109 (2) {
  ["id"]=>
  string(5) "29964"
  ["login"]=>
  string(12) "blogdoarinos"
}
object(stdClass)#190 (2) {
  ["id"]=>
  string(5) "29965"
  ["login"]=>
  string(12) "bela.morenaa"
}
string(24) "leandroquelucifotografia"
string(26) "Cantidad de follows = 3007"
<br><br><br>string(19) "generalstorefitness"
string(26) "Cantidad de follows = 3673"
<br><br><br>string(15) "acervomodasda44"
string(26) "Cantidad de follows = 5721"
<br><br><br>string(12) "mama_costhay"
string(26) "Cantidad de follows = 4987"
<br><br><br>string(17) "ginetom_rodrigues"
string(26) "Cantidad de follows = 7730"
<br><br><br>string(13) "brunnooctavio"
string(25) "Cantidad de follows = 984"
<br><br><br>object(stdClass)#112 (2) {
  ["id"]=>
  string(5) "29996"
  ["login"]=>
  string(12) "doug0liveira"
}
string(10) "gutt_carol"
string(27) "Cantidad de follows = 12113"
<br><br><br>string(9) "hulkdutra"
string(27) "Cantidad de follows = 13392"
<br><br><br>string(16) "camilaguerreiroo"
string(26) "Cantidad de follows = 2382"
<br><br><br>string(15) "sandymakecabelo"
string(26) "Cantidad de follows = 6702"
<br><br><br>string(15) "copaciadvogados"
string(25) "Cantidad de follows = 687"
<br><br><br>string(18) "diegocamargotattoo"
string(26) "Cantidad de follows = 3250"
<br><br><br>string(17) "entretenimento.pe"
string(26) "Cantidad de follows = 3459"
<br><br><br>string(17) "alicemelomakehair"
string(26) "Cantidad de follows = 6767"
<br><br><br>object(stdClass)#116 (2) {
  ["id"]=>
  string(5) "30051"
  ["login"]=>
  string(11) "tuguinha.tv"
}
string(13) "rentar.com.do"
string(27) "Cantidad de follows = 11637"
<br><br><br>string(15) "eriosvaldodiniz"
string(26) "Cantidad de follows = 1631"
<br><br><br>string(11) "gustavo_ono"
string(26) "Cantidad de follows = 5365"
<br><br><br>string(15) "canilredbroncos"
string(26) "Cantidad de follows = 1880"
<br><br><br>string(9) "_brokerst"
string(25) "Cantidad de follows = 304"
<br><br><br>string(14) "lifeprojectone"
string(26) "Cantidad de follows = 1861"
<br><br><br>string(16) "disfranco.motors"
string(26) "Cantidad de follows = 2929"
<br><br><br>string(6) "bomf17"
string(25) "Cantidad de follows = 823"
<br><br><br>string(12) "aliicemello_"
string(26) "Cantidad de follows = 2161"
<br><br><br>string(11) "_bellaforma"
string(27) "Cantidad de follows = 70969"
<br><br><br>string(10) "bruruschel"
string(27) "Cantidad de follows = 11960"
<br><br><br>string(9) "murilooc7"
string(26) "Cantidad de follows = 4218"
<br><br><br>string(9) "a7madov95"
string(25) "Cantidad de follows = 247"
<br><br><br>string(7) "a_mayla"
string(25) "Cantidad de follows = 749"
<br><br><br>string(13) "lidiafeitosa4"
string(26) "Cantidad de follows = 2797"
<br><br><br>string(10) "smokeseila"
string(25) "Cantidad de follows = 641"
<br><br><br>string(10) "rikdelucca"
string(26) "Cantidad de follows = 3605"
<br><br><br>string(19) "corretoracavalcante"
string(25) "Cantidad de follows = 835"
<br><br><br>object(stdClass)#127 (2) {
  ["id"]=>
  string(5) "30218"
  ["login"]=>
  string(14) "thaisaschayder"
}
string(13) "hueskerbrasil"
string(26) "Cantidad de follows = 3743"
<br><br><br>string(22) "rodrigoranchodascabras"
string(25) "Cantidad de follows = 955"
<br><br><br>object(stdClass)#57 (2) {
  ["id"]=>
  string(5) "30232"
  ["login"]=>
  string(15) "arisson_jessica"
}
string(16) "camilla.franklin"
string(26) "Cantidad de follows = 6340"
<br><br><br>string(11) "maira.fuzii"
string(26) "Cantidad de follows = 1867"
<br><br><br>object(stdClass)#124 (2) {
  ["id"]=>
  string(5) "30257"
  ["login"]=>
  string(13) "nathaly_llima"
}
string(21) "laraharantes.piercing"
string(26) "Cantidad de follows = 3275"
<br><br><br>string(11) "maitemellim"
string(26) "Cantidad de follows = 1987"
<br><br><br>string(10) "criptobraz"
string(25) "Cantidad de follows = 707"
<br><br><br>string(14) "meuprojeto.fit"
string(26) "Cantidad de follows = 2105"
<br><br><br>object(stdClass)#151 (2) {
  ["id"]=>
  string(5) "30286"
  ["login"]=>
  string(15) "cmo_odontologia"
}
object(stdClass)#210 (2) {
  ["id"]=>
  string(5) "30293"
  ["login"]=>
  string(14) "ketellenfelix1"
}
string(14) "biel_do_cavaco"
string(27) "Cantidad de follows = 19414"
<br><br><br>string(9) "netto_ull"
string(25) "Cantidad de follows = 621"
<br><br><br>string(11) "nandokounat"
string(27) "Cantidad de follows = 19618"
<br><br><br>object(stdClass)#61 (2) {
  ["id"]=>
  string(5) "30317"
  ["login"]=>
  string(14) "easyartgrafica"
}
string(15) "studio_beauty15"
string(26) "Cantidad de follows = 1038"
<br><br><br>string(18) "julio_sosa_imoveis"
string(25) "Cantidad de follows = 796"
<br><br><br>string(10) "canelihome"
string(26) "Cantidad de follows = 3648"
<br><br><br>string(9) "josergm86"
string(26) "Cantidad de follows = 7204"
<br><br><br>string(11) "katiaalbany"
string(26) "Cantidad de follows = 4812"
<br><br><br>string(11) "leandramora"
string(26) "Cantidad de follows = 1780"
<br><br><br>object(stdClass)#42 (2) {
  ["id"]=>
  string(5) "30380"
  ["login"]=>
  string(7) "_lrnnym"
}
string(17) "festivalnovomundo"
string(26) "Cantidad de follows = 4349"
<br><br><br>string(10) "odavilemos"
string(27) "Cantidad de follows = 13246"
<br><br><br>string(20) "clebsonfrancaoficial"
string(26) "Cantidad de follows = 2134"
<br><br><br>string(15) "mamaesemmanuais"
string(27) "Cantidad de follows = 11535"
<br><br><br>string(13) "victorcastelo"
string(26) "Cantidad de follows = 1179"
<br><br><br>string(17) "fabricio.physique"
string(27) "Cantidad de follows = 10966"
<br><br><br>string(15) "rafaelfsantanaa"
string(25) "Cantidad de follows = 748"
<br><br><br>object(stdClass)#121 (2) {
  ["id"]=>
  string(5) "30436"
  ["login"]=>
  string(15) "kawlicheski1993"
}
string(10) "facamerirr"
string(26) "Cantidad de follows = 3469"
<br><br><br>string(10) "linoamanda"
string(27) "Cantidad de follows = 10033"
<br><br><br>string(10) "_lorecosta"
string(26) "Cantidad de follows = 2051"
<br><br><br>string(21) "clara.goldenretriever"
string(26) "Cantidad de follows = 3455"
<br><br><br>string(14) "andre.grupoark"
string(26) "Cantidad de follows = 4200"
<br><br><br>string(13) "espacoubaense"
string(26) "Cantidad de follows = 1867"
<br><br><br>string(14) "photoboxbrasil"
string(26) "Cantidad de follows = 2825"
<br><br><br>string(13) "luiara_helmer"
string(26) "Cantidad de follows = 5191"
<br><br><br>string(7) "dul_fcy"
string(26) "Cantidad de follows = 2873"
<br><br><br>string(26) "emporiodapapinhasantoandre"
string(26) "Cantidad de follows = 4719"
<br><br><br>string(15) "rayanemarchetta"
string(26) "Cantidad de follows = 1694"
<br><br><br>string(13) "karol_nunes00"
string(26) "Cantidad de follows = 3607"
<br><br><br>string(15) "reidosmarestour"
string(26) "Cantidad de follows = 3300"
<br><br><br>string(10) "apedesign_"
string(26) "Cantidad de follows = 2609"
<br><br><br>string(9) "danilelah"
string(26) "Cantidad de follows = 5071"
<br><br><br>string(8) "kevinm5m"
string(26) "Cantidad de follows = 7612"
<br><br><br>string(12) "noahestetica"
string(26) "Cantidad de follows = 8848"
<br><br><br>string(9) "casadovaz"
string(26) "Cantidad de follows = 6923"
<br><br><br>string(8) "arena7bh"
string(26) "Cantidad de follows = 4421"
<br><br><br>object(stdClass)#43 (2) {
  ["id"]=>
  string(5) "30581"
  ["login"]=>
  string(13) "mathoficialbr"
}
string(17) "jonatas.batistela"
string(27) "Cantidad de follows = 14605"
<br><br><br>string(10) "queirozloo"
string(26) "Cantidad de follows = 3651"
<br><br><br>object(stdClass)#42 (2) {
  ["id"]=>
  string(5) "30593"
  ["login"]=>
  string(12) "rogersiiilva"
}
string(11) "marci0viana"
string(26) "Cantidad de follows = 1310"
<br><br><br>string(16) "chefsheiladuarte"
string(26) "Cantidad de follows = 1044"
<br><br><br>string(8) "itsredtv"
string(27) "Cantidad de follows = 44080"
<br><br><br>object(stdClass)#8 (2) {
  ["id"]=>
  string(5) "30622"
  ["login"]=>
  string(8) "lorisfaz"
}
object(stdClass)#87 (2) {
  ["id"]=>
  string(5) "30623"
  ["login"]=>
  string(20) "emagrecer_ja_oficial"
}
string(19) "tamyparadorneptunia"
string(26) "Cantidad de follows = 5771"
<br><br><br>string(9) "gabicoach"
string(26) "Cantidad de follows = 3527"
<br><br><br>string(14) "amanda3santana"
string(26) "Cantidad de follows = 6376"
<br><br><br>string(8) "crecleao"
string(26) "Cantidad de follows = 3203"
<br><br><br>string(10) "elluhalves"
string(26) "Cantidad de follows = 5022"
<br><br><br>string(18) "mixsushicafebistek"
string(26) "Cantidad de follows = 5887"
<br><br><br>string(16) "f1ciaimobiliaria"
string(26) "Cantidad de follows = 3260"
<br><br><br>string(15) "vitor_honorato3"
string(26) "Cantidad de follows = 1125"
<br><br><br>string(13) "veneno_daseda"
string(26) "Cantidad de follows = 2059"
<br><br><br>string(10) "mc2turismo"
string(27) "Cantidad de follows = 17925"
<br><br><br>string(19) "erickakamineoficial"
string(26) "Cantidad de follows = 6629"
<br><br><br>string(11) "fredmunizrj"
string(26) "Cantidad de follows = 1503"
<br><br><br>object(stdClass)#127 (2) {
  ["id"]=>
  string(5) "30718"
  ["login"]=>
  string(16) "luis.fernando.br"
}
string(17) "drasheilawatanabe"
string(26) "Cantidad de follows = 1748"
<br><br><br>string(12) "laysasmacedo"
string(26) "Cantidad de follows = 2917"
<br><br><br>string(17) "creativapapelaria"
string(25) "Cantidad de follows = 326"
<br><br><br>string(11) "aondeiremsp"
string(27) "Cantidad de follows = 25081"
<br><br><br>object(stdClass)#66 (2) {
  ["id"]=>
  string(5) "30815"
  ["login"]=>
  string(6) "79_app"
}
string(8) "tompsonr"
string(25) "Cantidad de follows = 355"
<br><br><br>string(15) "dioceliogoulart"
string(27) "Cantidad de follows = 18896"
<br><br><br>string(15) "victorperazzini"
string(26) "Cantidad de follows = 2385"
<br><br><br>string(12) "alberto_test"
string(25) "Cantidad de follows = 224"
<br><br><br>string(13) "fassegseguros"
string(26) "Cantidad de follows = 7275"
<br><br><br>string(18) "giovanni.consultor"
string(25) "Cantidad de follows = 810"
<br><br><br>string(17) "coach.jorgeamorim"
string(25) "Cantidad de follows = 998"
<br><br><br>string(16) "blessedmaemequer"
string(27) "Cantidad de follows = 15262"
<br><br><br>string(15) "baile_de_camelo"
string(25) "Cantidad de follows = 749"
<br><br><br>string(13) "dentistabruna"
string(25) "Cantidad de follows = 182"
<br><br><br>string(11) "chicomorais"
string(26) "Cantidad de follows = 4659"
<br><br><br>string(13) "adrianemayumi"
string(27) "Cantidad de follows = 12762"
<br><br><br>string(14) "dresscode.byrm"
string(25) "Cantidad de follows = 232"
<br><br><br>object(stdClass)#109 (2) {
  ["id"]=>
  string(5) "30911"
  ["login"]=>
  string(15) "alynemultiforme"
}
string(15) "ehpralaqueeuvou"
string(26) "Cantidad de follows = 1275"
<br><br><br>string(19) "douglasvaldeswalker"
string(26) "Cantidad de follows = 1723"
<br><br><br>string(11) "brimigreipt"
string(25) "Cantidad de follows = 303"
<br><br><br>string(8) "dazz.777"
string(26) "Cantidad de follows = 1020"
<br><br><br>string(14) "rafaella_neves"
string(26) "Cantidad de follows = 3740"
<br><br><br>string(8) "soueuwal"
string(26) "Cantidad de follows = 1638"
<br><br><br>string(22) "lacosdasmeninasoficial"
string(26) "Cantidad de follows = 2236"
<br><br><br>string(13) "talitamcostta"
string(25) "Cantidad de follows = 557"
<br><br><br>string(17) "fernandinhobranco"
string(24) "Cantidad de follows = 60"
<br><br><br>string(8) "pionunes"
string(26) "Cantidad de follows = 1428"
<br><br><br>string(18) "confeitariadagabi_"
string(24) "Cantidad de follows = 65"
<br><br><br>string(14) "brunoalvarez.1"
string(25) "Cantidad de follows = 468"
<br><br><br>string(10) "1989closet"
string(26) "Cantidad de follows = 5891"
<br><br><br>string(12) "jumota_decor"
string(26) "Cantidad de follows = 1360"
<br><br><br>string(16) "marmitinhaslight"
string(26) "Cantidad de follows = 2647"
<br><br><br>string(24) "leoart_desing_paisagismo"
string(26) "Cantidad de follows = 6706"
<br><br><br>string(14) "carolfroemming"
string(26) "Cantidad de follows = 6848"
<br><br><br>string(24) "priscilaaparecidasantoss"
string(25) "Cantidad de follows = 600"
<br><br><br>string(9) "chio18789"
string(26) "Cantidad de follows = 3626"
<br><br><br>string(13) "kasamor_store"
string(26) "Cantidad de follows = 2289"
<br><br><br>string(13) "thamysilva201"
string(26) "Cantidad de follows = 3868"
<br><br><br>string(10) "alexrssp12"
string(25) "Cantidad de follows = 317"
<br><br><br>string(14) "silvio.cesarjr"
string(24) "Cantidad de follows = 64"
<br><br><br>string(12) "levis_tudouu"
string(27) "Cantidad de follows = 15824"
<br><br><br>string(8) "euogomez"
string(26) "Cantidad de follows = 2460"
<br><br><br>string(14) "amorefeoficial"
string(26) "Cantidad de follows = 4472"
<br><br><br>string(15) "studioambientes"
string(27) "Cantidad de follows = 14335"
<br><br><br>string(12) "gomilkbrasil"
string(26) "Cantidad de follows = 1041"
<br><br><br>string(13) "gomed.digital"
string(26) "Cantidad de follows = 2256"
<br><br><br>object(stdClass)#131 (2) {
  ["id"]=>
  string(5) "31133"
  ["login"]=>
  string(6) "lv_luh"
}
string(8) "curyamin"
string(25) "Cantidad de follows = 830"
<br><br><br>string(11) "stancefight"
string(27) "Cantidad de follows = 33736"
<br><br><br>string(19) "medconsultingbrasil"
string(27) "Cantidad de follows = 11801"
<br><br><br>string(3) "usa"
string(26) "Cantidad de follows = 4658"
<br><br><br>string(8) "voa_hati"
string(26) "Cantidad de follows = 2945"
<br><br><br>string(18) "robsonbarbosacoach"
string(26) "Cantidad de follows = 6164"
<br><br><br>string(10) "yasmincgr_"
string(26) "Cantidad de follows = 1045"
<br><br><br>string(14) "kharlos_soares"
string(25) "Cantidad de follows = 208"
<br><br><br>string(19) "chrystopher.gabriel"
string(25) "Cantidad de follows = 320"
<br><br><br>string(7) "nega.93"
string(26) "Cantidad de follows = 9180"
<br><br><br>string(13) "cahrlossoares"
string(24) "Cantidad de follows = 59"
<br><br><br>string(8) "emillymv"
string(26) "Cantidad de follows = 3599"
<br><br><br>string(11) "_j.o.a.o___"
string(25) "Cantidad de follows = 181"
<br><br><br>string(14) "antonioportes_"
string(25) "Cantidad de follows = 220"
<br><br><br>string(12) "aleehzinho_t"
string(25) "Cantidad de follows = 169"
<br><br><br>string(15) "jonasfahelysson"
string(26) "Cantidad de follows = 6894"
<br><br><br>string(13) "mari_azeredo_"
string(25) "Cantidad de follows = 770"
<br><br><br>string(18) "clinicaformighieri"
string(26) "Cantidad de follows = 2013"
<br><br><br>string(10) "guiturner_"
string(26) "Cantidad de follows = 8934"
<br><br><br>string(14) "carloskpulling"
string(28) "Cantidad de follows = 112645"
<br><br><br>string(10) "oppaviajei"
string(25) "Cantidad de follows = 676"
<br><br><br>string(19) "madtattoobarbershop"
string(25) "Cantidad de follows = 667"
<br><br><br>string(15) "jujucoelhopinto"
string(27) "Cantidad de follows = 28281"
<br><br><br>string(13) "gersonaraujo_"
string(26) "Cantidad de follows = 2264"
<br><br><br>object(stdClass)#13 (2) {
  ["id"]=>
  string(5) "31318"
  ["login"]=>
  string(11) "josiasnetoo"
}
string(19) "blogsairdozeroagora"
string(26) "Cantidad de follows = 1266"
<br><br><br>object(stdClass)#13 (2) {
  ["id"]=>
  string(5) "31325"
  ["login"]=>
  string(18) "neonprodutorapromo"
}
object(stdClass)#189 (2) {
  ["id"]=>
  string(5) "31326"
  ["login"]=>
  string(6) "djrat_"
}
object(stdClass)#13 (2) {
  ["id"]=>
  string(5) "31337"
  ["login"]=>
  string(23) "anderson_diego_oliveira"
}
string(19) "anacarlarodrigues19"
string(26) "Cantidad de follows = 3080"
<br><br><br>object(stdClass)#13 (2) {
  ["id"]=>
  string(5) "31346"
  ["login"]=>
  string(15) "siimoneepereira"
}
string(13) "jubart_design"
string(25) "Cantidad de follows = 488"
<br><br><br>string(19) "bellkeyprofessional"
string(26) "Cantidad de follows = 1608"
<br><br><br>string(8) "ealine._"
string(26) "Cantidad de follows = 4587"
<br><br><br>string(8) "wheresje"
string(27) "Cantidad de follows = 72823"
<br><br><br>string(12) "ronyfgomesss"
string(26) "Cantidad de follows = 3141"
<br><br><br>string(16) "jhonatha_feitosa"
string(26) "Cantidad de follows = 1201"
<br><br><br>string(15) "blena.nathallya"
string(26) "Cantidad de follows = 1075"
<br><br><br>string(10) "edersonflx"
string(26) "Cantidad de follows = 6832"
<br><br><br>string(23) "tridorimpermebializacao"
string(24) "Cantidad de follows = 69"
<br><br><br>string(9) "jehdpires"
string(25) "Cantidad de follows = 796"
<br><br><br>string(18) "emagrecer_agora.br"
string(25) "Cantidad de follows = 416"
<br><br><br>string(9) "caio_luka"
string(25) "Cantidad de follows = 278"
<br><br><br>string(10) "brasil.anb"
string(25) "Cantidad de follows = 574"
<br><br><br>string(19) "jeanpiresfotografia"
string(25) "Cantidad de follows = 941"
<br><br><br>object(stdClass)#67 (2) {
  ["id"]=>
  string(5) "31483"
  ["login"]=>
  string(12) "canutoandree"
}
string(15) "charles_gsilvaa"
string(26) "Cantidad de follows = 1832"
<br><br><br>string(15) "theluccassantos"
string(26) "Cantidad de follows = 1112"
<br><br><br>string(16) "priscila_lopes12"
string(26) "Cantidad de follows = 1146"
<br><br><br>string(10) "biih_faith"
string(26) "Cantidad de follows = 1468"
<br><br><br>string(18) "leonardomonteiro00"
string(25) "Cantidad de follows = 888"
<br><br><br>string(17) "carlafagundesblog"
string(26) "Cantidad de follows = 6295"
<br><br><br>string(13) "aguedamaurien"
string(26) "Cantidad de follows = 2514"
<br><br><br>string(13) "casalavnturax"
string(25) "Cantidad de follows = 769"
<br><br><br>string(13) "pedrosagfteam"
string(26) "Cantidad de follows = 1879"
<br><br><br>string(9) "eusoudaro"
string(26) "Cantidad de follows = 1533"
<br><br><br>string(14) "caiquefregnani"
string(27) "Cantidad de follows = 10443"
<br><br><br>string(14) "heitorsoares.c"
string(26) "Cantidad de follows = 6923"
<br><br><br>string(21) "mulheres_que_se_amam_"
string(24) "Cantidad de follows = 66"
<br><br><br>string(17) "marco.suplementos"
string(26) "Cantidad de follows = 9910"
<br><br><br>string(8) "tetovivo"
string(26) "Cantidad de follows = 1844"
<br><br><br>string(14) "andrewanderley"
string(26) "Cantidad de follows = 3200"
<br><br><br>string(9) "vitormc83"
string(25) "Cantidad de follows = 158"
<br><br><br>string(8) "_lsilvva"
string(26) "Cantidad de follows = 6244"
<br><br><br>string(17) "clube_das_gostosa"
string(25) "Cantidad de follows = 901"
<br><br><br>string(17) "esteticista_julia"
string(25) "Cantidad de follows = 589"
<br><br><br>string(10) "kauadellon"
string(25) "Cantidad de follows = 326"
<br><br><br>string(20) "divulgageraisoficial"
string(27) "Cantidad de follows = 20841"
<br><br><br>string(18) "dr.grimaldobicalho"
string(26) "Cantidad de follows = 1471"
<br><br><br>string(10) "rahfritzen"
string(26) "Cantidad de follows = 9086"
<br><br><br>string(13) "eiandrecanuto"
string(25) "Cantidad de follows = 914"
<br><br><br>string(10) "mariodj.uy"
string(26) "Cantidad de follows = 1785"
<br><br><br>string(14) "stephanmarinho"
string(26) "Cantidad de follows = 6987"
<br><br><br>string(9) "misouza07"
string(25) "Cantidad de follows = 716"
<br><br><br>string(16) "glaubritooficial"
string(26) "Cantidad de follows = 1802"
<br><br><br>string(18) "anacarolinefavacho"
string(25) "Cantidad de follows = 974"
<br><br><br>string(17) "natpharmafarmacia"
string(25) "Cantidad de follows = 611"
<br><br><br>object(stdClass)#212 (2) {
  ["id"]=>
  string(5) "31730"
  ["login"]=>
  string(13) "tablesdecorpy"
}
\n<br>JOB DONE!!!<br>\n2018-10-06 07:52:50am