DAILY REPORT Inited...!<br>
2018-10-08 06:30:01am<br>
string(14) "alberto_dreyes"
string(27) "Cantidad de follows = 14434"
<br><br><br>string(19) "opiniaoconservadora"
string(27) "Cantidad de follows = 55771"
<br><br><br>string(17) "sibitecomunicacao"
string(27) "Cantidad de follows = 10280"
<br><br><br>string(11) "mo.taniguti"
string(27) "Cantidad de follows = 20850"
<br><br><br>object(stdClass)#27 (2) {
  ["id"]=>
  string(3) "146"
  ["login"]=>
  string(12) "auepromocoes"
}
string(23) "jeunesse_bycrislafratta"
string(25) "Cantidad de follows = 186"
<br><br><br>string(12) "lily.s.alves"
string(26) "Cantidad de follows = 2090"
<br><br><br>string(10) "powerlook_"
string(27) "Cantidad de follows = 60536"
<br><br><br>object(stdClass)#12 (2) {
  ["id"]=>
  string(3) "245"
  ["login"]=>
  string(18) "xodozinho.retratos"
}
object(stdClass)#29 (2) {
  ["id"]=>
  string(3) "867"
  ["login"]=>
  string(14) "joaovictorjvb1"
}
object(stdClass)#12 (2) {
  ["id"]=>
  string(4) "1059"
  ["login"]=>
  string(8) "graverrj"
}
string(7) "ma_luco"
string(27) "Cantidad de follows = 28583"
<br><br><br>string(12) "carlloooooss"
string(26) "Cantidad de follows = 1286"
<br><br><br>string(15) "sapatodochef.pa"
string(26) "Cantidad de follows = 2379"
<br><br><br>object(stdClass)#218 (2) {
  ["id"]=>
  string(4) "2175"
  ["login"]=>
  string(10) "vireiloira"
}
string(18) "mercadomodelobahia"
string(26) "Cantidad de follows = 9067"
<br><br><br>string(11) "thayscalmon"
string(26) "Cantidad de follows = 5241"
<br><br><br>string(11) "decoremundo"
string(27) "Cantidad de follows = 14306"
<br><br><br>string(9) "decorcool"
string(23) "Cantidad de follows = 7"
<br><br><br>string(8) "fragabar"
string(26) "Cantidad de follows = 4317"
<br><br><br>object(stdClass)#193 (2) {
  ["id"]=>
  string(4) "4236"
  ["login"]=>
  string(8) "lorenaym"
}
string(11) "pamelaotero"
string(27) "Cantidad de follows = 46078"
<br><br><br>string(19) "starpointcollection"
string(27) "Cantidad de follows = 12708"
<br><br><br>string(9) "katiacsdc"
string(27) "Cantidad de follows = 18345"
<br><br><br>string(14) "grazielialvess"
string(27) "Cantidad de follows = 21612"
<br><br><br>string(22) "dra_barbaravasconcelos"
string(27) "Cantidad de follows = 23714"
<br><br><br>string(21) "comandantedochurrasco"
string(27) "Cantidad de follows = 56783"
<br><br><br>string(12) "40antesdos40"
string(27) "Cantidad de follows = 26903"
<br><br><br>string(16) "drricardopalacio"
string(27) "Cantidad de follows = 25583"
<br><br><br>string(12) "pollyruffini"
string(26) "Cantidad de follows = 6980"
<br><br><br>string(14) "carlos_skatmar"
string(26) "Cantidad de follows = 2329"
<br><br><br>string(10) "star_point"
string(27) "Cantidad de follows = 32595"
<br><br><br>string(8) "rruizmma"
string(27) "Cantidad de follows = 47003"
<br><br><br>string(8) "dumbu.09"
string(26) "Cantidad de follows = 7684"
<br><br><br>string(14) "marcosp.medina"
string(26) "Cantidad de follows = 4141"
<br><br><br>string(11) "sandrozion7"
string(27) "Cantidad de follows = 21098"
<br><br><br>string(17) "grandville_hoteis"
string(27) "Cantidad de follows = 12699"
<br><br><br>string(11) "josiasdiass"
string(27) "Cantidad de follows = 18061"
<br><br><br>string(18) "barbaracampospalma"
string(26) "Cantidad de follows = 8726"
<br><br><br>string(9) "telless13"
string(27) "Cantidad de follows = 15535"
<br><br><br>string(13) "bandamegafire"
string(27) "Cantidad de follows = 23411"
<br><br><br>string(17) "sosoportunidade10"
string(25) "Cantidad de follows = 965"
<br><br><br>string(18) "academia_king_thai"
string(26) "Cantidad de follows = 5074"
<br><br><br>string(13) "renatafontany"
string(27) "Cantidad de follows = 32907"
<br><br><br>string(14) "cabelosaugusto"
string(27) "Cantidad de follows = 22846"
<br><br><br>string(14) "brunocerqueira"
string(27) "Cantidad de follows = 10577"
<br><br><br>string(10) "noxboymike"
string(26) "Cantidad de follows = 5470"
<br><br><br>string(20) "juliobaptistaoficial"
string(28) "Cantidad de follows = 250801"
<br><br><br>string(21) "ateliermarielamoreira"
string(27) "Cantidad de follows = 15830"
<br><br><br>object(stdClass)#89 (2) {
  ["id"]=>
  string(5) "11096"
  ["login"]=>
  string(12) "michaelletjp"
}
object(stdClass)#28 (2) {
  ["id"]=>
  string(5) "11099"
  ["login"]=>
  string(13) "agostochuvoso"
}
string(11) "insultedboy"
string(26) "Cantidad de follows = 3522"
<br><br><br>string(11) "weilla_morg"
string(25) "Cantidad de follows = 931"
<br><br><br>string(11) "raphabritoo"
string(27) "Cantidad de follows = 16062"
<br><br><br>string(10) "vinihveiga"
string(26) "Cantidad de follows = 4093"
<br><br><br>object(stdClass)#94 (2) {
  ["id"]=>
  string(5) "11131"
  ["login"]=>
  string(14) "deliciasdoronk"
}
string(16) "duuduuzinhosilva"
string(26) "Cantidad de follows = 3028"
<br><br><br>string(9) "carlosbsg"
string(25) "Cantidad de follows = 922"
<br><br><br>string(12) "danndourado0"
string(27) "Cantidad de follows = 14853"
<br><br><br>string(7) "biel312"
string(24) "Cantidad de follows = 10"
<br><br><br>string(11) "caiogrunupp"
string(26) "Cantidad de follows = 3317"
<br><br><br>string(11) "paullonunan"
string(26) "Cantidad de follows = 1432"
<br><br><br>string(12) "pablodiego15"
string(26) "Cantidad de follows = 1098"
<br><br><br>object(stdClass)#54 (2) {
  ["id"]=>
  string(5) "11230"
  ["login"]=>
  string(16) "_luferreiranunes"
}
string(14) "natan_mantelli"
string(25) "Cantidad de follows = 801"
<br><br><br>string(17) "antoniocarlos3627"
string(24) "Cantidad de follows = 43"
<br><br><br>string(11) "365_indubai"
string(27) "Cantidad de follows = 21609"
<br><br><br>object(stdClass)#95 (2) {
  ["id"]=>
  string(5) "11239"
  ["login"]=>
  string(12) "ceottosinuhe"
}
string(14) "vitoriaabritto"
string(27) "Cantidad de follows = 33429"
<br><br><br>string(11) "lojaoperapc"
string(27) "Cantidad de follows = 23907"
<br><br><br>string(12) "huealimentos"
string(26) "Cantidad de follows = 5004"
<br><br><br>string(13) "kstimportados"
string(26) "Cantidad de follows = 4394"
<br><br><br>string(7) "wi11see"
string(27) "Cantidad de follows = 11606"
<br><br><br>string(12) "s7_producoes"
string(26) "Cantidad de follows = 6014"
<br><br><br>string(12) "gabrielaribi"
string(26) "Cantidad de follows = 7621"
<br><br><br>string(17) "brunosennaimagens"
string(27) "Cantidad de follows = 13149"
<br><br><br>string(14) "maycowmontemor"
string(27) "Cantidad de follows = 32320"
<br><br><br>string(14) "alinemarcovici"
string(27) "Cantidad de follows = 18545"
<br><br><br>string(10) "junior.dev"
string(27) "Cantidad de follows = 17741"
<br><br><br>string(13) "amaassessoria"
string(26) "Cantidad de follows = 7678"
<br><br><br>string(11) "julisciotto"
string(27) "Cantidad de follows = 24639"
<br><br><br>string(14) "draalinehsilva"
string(27) "Cantidad de follows = 20230"
<br><br><br>string(13) "rodasemotores"
string(27) "Cantidad de follows = 13815"
<br><br><br>string(13) "euclaracampos"
string(26) "Cantidad de follows = 4290"
<br><br><br>string(19) "thamaraelisa.tattoo"
string(27) "Cantidad de follows = 14289"
<br><br><br>string(15) "megaminassports"
string(26) "Cantidad de follows = 6761"
<br><br><br>string(16) "agencia_portal37"
string(26) "Cantidad de follows = 3336"
<br><br><br>object(stdClass)#62 (2) {
  ["id"]=>
  string(5) "11792"
  ["login"]=>
  string(14) "hf_metalurgica"
}
string(13) "grillegourmet"
string(26) "Cantidad de follows = 5118"
<br><br><br>string(11) "davidkapper"
string(27) "Cantidad de follows = 12929"
<br><br><br>string(11) "7chavesfoto"
string(27) "Cantidad de follows = 11058"
<br><br><br>string(11) "joiaskether"
string(27) "Cantidad de follows = 19500"
<br><br><br>string(14) "luziasantana33"
string(28) "Cantidad de follows = 237249"
<br><br><br>string(13) "thiagovaleiro"
string(26) "Cantidad de follows = 3836"
<br><br><br>object(stdClass)#118 (2) {
  ["id"]=>
  string(5) "12434"
  ["login"]=>
  string(9) "dupicasso"
}
string(11) "laura_bergo"
string(26) "Cantidad de follows = 6422"
<br><br><br>string(15) "dra.raphabecker"
string(27) "Cantidad de follows = 19677"
<br><br><br>string(14) "andreluiznardo"
string(27) "Cantidad de follows = 16507"
<br><br><br>string(8) "letdaher"
string(27) "Cantidad de follows = 27946"
<br><br><br>string(9) "dgarciia_"
string(25) "Cantidad de follows = 852"
<br><br><br>string(10) "joaosurf12"
string(24) "Cantidad de follows = 96"
<br><br><br>string(8) "itsandco"
string(27) "Cantidad de follows = 19640"
<br><br><br>string(10) "ela_andrea"
string(27) "Cantidad de follows = 22493"
<br><br><br>string(14) "nafurtadocakes"
string(26) "Cantidad de follows = 6578"
<br><br><br>string(18) "castrolautoservice"
string(26) "Cantidad de follows = 9354"
<br><br><br>string(9) "livdrinks"
string(27) "Cantidad de follows = 47615"
<br><br><br>string(18) "portalautoshopping"
string(27) "Cantidad de follows = 12129"
<br><br><br>string(20) "manu.mamaeaoquadrado"
string(26) "Cantidad de follows = 9559"
<br><br><br>string(15) "odontowebschool"
string(27) "Cantidad de follows = 10594"
<br><br><br>string(9) "abarkeria"
string(27) "Cantidad de follows = 33491"
<br><br><br>object(stdClass)#68 (2) {
  ["id"]=>
  string(5) "15166"
  ["login"]=>
  string(14) "__fehholiveira"
}
string(10) "ninabaking"
string(26) "Cantidad de follows = 8959"
<br><br><br>string(10) "jgiordanoo"
string(27) "Cantidad de follows = 12535"
<br><br><br>string(18) "domhairfelippewill"
string(27) "Cantidad de follows = 11505"
<br><br><br>string(7) "pbpetti"
string(27) "Cantidad de follows = 39745"
<br><br><br>string(10) "psych0wolf"
string(25) "Cantidad de follows = 408"
<br><br><br>string(8) "andreiso"
string(26) "Cantidad de follows = 9498"
<br><br><br>string(13) "biadiascoelho"
string(26) "Cantidad de follows = 4882"
<br><br><br>string(8) "mytrips7"
string(25) "Cantidad de follows = 529"
<br><br><br>string(13) "directdireito"
string(27) "Cantidad de follows = 11262"
<br><br><br>string(12) "patrickvalle"
string(26) "Cantidad de follows = 3554"
<br><br><br>string(21) "lucianalauferofficial"
string(27) "Cantidad de follows = 18757"
<br><br><br>string(13) "matheuspercut"
string(26) "Cantidad de follows = 1159"
<br><br><br>string(10) "flavia_vdr"
string(27) "Cantidad de follows = 11266"
<br><br><br>object(stdClass)#165 (2) {
  ["id"]=>
  string(5) "16861"
  ["login"]=>
  string(14) "mickael_cortes"
}
string(16) "helder_del_monte"
string(27) "Cantidad de follows = 16332"
<br><br><br>string(18) "physicalpilates_bh"
string(26) "Cantidad de follows = 5616"
<br><br><br>string(13) "faleiroslaura"
string(27) "Cantidad de follows = 12920"
<br><br><br>string(11) "dannysetudo"
string(26) "Cantidad de follows = 9649"
<br><br><br>string(15) "portodepiranhas"
string(27) "Cantidad de follows = 10483"
<br><br><br>string(24) "contadordehistoriasreais"
string(27) "Cantidad de follows = 27620"
<br><br><br>string(6) "guil38"
string(26) "Cantidad de follows = 6516"
<br><br><br>string(22) "vacationhomeneardisney"
string(27) "Cantidad de follows = 19623"
<br><br><br>string(16) "drguilhermecravo"
string(26) "Cantidad de follows = 3163"
<br><br><br>string(6) "ossmkt"
string(26) "Cantidad de follows = 5264"
<br><br><br>string(10) "jhoneheber"
string(27) "Cantidad de follows = 23531"
<br><br><br>string(20) "justiniano0_official"
string(26) "Cantidad de follows = 2983"
<br><br><br>string(15) "sao_os_caipiras"
string(26) "Cantidad de follows = 9492"
<br><br><br>string(9) "acerickrj"
string(27) "Cantidad de follows = 12268"
<br><br><br>string(15) "leandrogarciadj"
string(27) "Cantidad de follows = 19265"
<br><br><br>string(14) "osnirhamburger"
string(26) "Cantidad de follows = 6839"
<br><br><br>string(8) "dutruffi"
string(27) "Cantidad de follows = 14230"
<br><br><br>string(9) "lschuback"
string(26) "Cantidad de follows = 7805"
<br><br><br>string(21) "carolinanortondematos"
string(27) "Cantidad de follows = 11622"
<br><br><br>object(stdClass)#142 (2) {
  ["id"]=>
  string(5) "18103"
  ["login"]=>
  string(22) "denisegoncalves.santos"
}
string(14) "ethianemarques"
string(25) "Cantidad de follows = 692"
<br><br><br>string(10) "synaraleal"
string(27) "Cantidad de follows = 16183"
<br><br><br>string(8) "trinjune"
string(23) "Cantidad de follows = 0"
<br><br><br>string(12) "holy_popcorn"
string(27) "Cantidad de follows = 10278"
<br><br><br>string(9) "eltranvia"
string(27) "Cantidad de follows = 15571"
<br><br><br>string(19) "diegogoulartoficial"
string(27) "Cantidad de follows = 20489"
<br><br><br>string(15) "cartolinadesign"
string(26) "Cantidad de follows = 5634"
<br><br><br>string(9) "quarto_22"
string(26) "Cantidad de follows = 5543"
<br><br><br>string(10) "blogdakeli"
string(24) "Cantidad de follows = 12"
<br><br><br>object(stdClass)#181 (2) {
  ["id"]=>
  string(5) "18816"
  ["login"]=>
  string(10) "lefitnessb"
}
string(9) "awsmining"
string(26) "Cantidad de follows = 4595"
<br><br><br>string(13) "willianabrito"
string(26) "Cantidad de follows = 6741"
<br><br><br>string(23) "eusoutestemunhadogolias"
string(25) "Cantidad de follows = 207"
<br><br><br>string(16) "tumsoundfestival"
string(26) "Cantidad de follows = 1432"
<br><br><br>string(18) "casalbioequilibrio"
string(27) "Cantidad de follows = 11236"
<br><br><br>string(13) "mimosearomaas"
string(26) "Cantidad de follows = 8965"
<br><br><br>string(17) "gventurinpersonal"
string(26) "Cantidad de follows = 2507"
<br><br><br>string(9) "fastfitsc"
string(26) "Cantidad de follows = 3611"
<br><br><br>string(11) "raif_tattoo"
string(27) "Cantidad de follows = 13146"
<br><br><br>string(10) "hustler.hc"
string(26) "Cantidad de follows = 2471"
<br><br><br>string(9) "isarengel"
string(26) "Cantidad de follows = 6753"
<br><br><br>string(12) "solus_online"
string(26) "Cantidad de follows = 4041"
<br><br><br>string(11) "refugiohoje"
string(27) "Cantidad de follows = 12423"
<br><br><br>string(13) "nati.fressato"
string(26) "Cantidad de follows = 7249"
<br><br><br>string(16) "bysilviaschaefer"
string(23) "Cantidad de follows = 1"
<br><br><br>string(17) "calcadospaubrasil"
string(26) "Cantidad de follows = 8243"
<br><br><br>string(10) "daly_store"
string(27) "Cantidad de follows = 21613"
<br><br><br>string(11) "angelosciao"
string(26) "Cantidad de follows = 5253"
<br><br><br>string(6) "fuinha"
string(25) "Cantidad de follows = 194"
<br><br><br>string(10) "kombi_krug"
string(25) "Cantidad de follows = 508"
<br><br><br>string(12) "rekombinando"
string(26) "Cantidad de follows = 5953"
<br><br><br>string(15) "blogdasusantoss"
string(26) "Cantidad de follows = 5422"
<br><br><br>string(15) "diadeacessorios"
string(26) "Cantidad de follows = 2320"
<br><br><br>string(18) "christians.pereira"
string(26) "Cantidad de follows = 3752"
<br><br><br>object(stdClass)#184 (2) {
  ["id"]=>
  string(5) "19844"
  ["login"]=>
  string(13) "oficialpharma"
}
string(28) "pedrowilsonrodriguespimentel"
string(26) "Cantidad de follows = 7731"
<br><br><br>string(15) "atelieluizrocha"
string(27) "Cantidad de follows = 10258"
<br><br><br>string(12) "bibiscamargo"
string(26) "Cantidad de follows = 2043"
<br><br><br>string(16) "centerperfumaria"
string(26) "Cantidad de follows = 5523"
<br><br><br>string(10) "pmelorocha"
string(26) "Cantidad de follows = 6366"
<br><br><br>object(stdClass)#191 (2) {
  ["id"]=>
  string(5) "20149"
  ["login"]=>
  string(14) "thaliaalvesdec"
}
string(12) "yasminndias_"
string(26) "Cantidad de follows = 9417"
<br><br><br>string(17) "jb_alves_educador"
string(26) "Cantidad de follows = 3533"
<br><br><br>string(24) "leonardosantosfotografia"
string(27) "Cantidad de follows = 39745"
<br><br><br>string(8) "sporttot"
string(24) "Cantidad de follows = 22"
<br><br><br>object(stdClass)#25 (2) {
  ["id"]=>
  string(5) "20503"
  ["login"]=>
  string(8) "chandler"
}
string(13) "ayllesantiago"
string(28) "Cantidad de follows = 131889"
<br><br><br>string(12) "maisonbiarro"
string(27) "Cantidad de follows = 29244"
<br><br><br>string(15) "iselamendozadec"
string(26) "Cantidad de follows = 6065"
<br><br><br>string(9) "bamboh.pt"
string(26) "Cantidad de follows = 2614"
<br><br><br>string(12) "redeentropia"
string(26) "Cantidad de follows = 5915"
<br><br><br>string(13) "goutaguatinga"
string(26) "Cantidad de follows = 1014"
<br><br><br>object(stdClass)#86 (2) {
  ["id"]=>
  string(5) "20682"
  ["login"]=>
  string(11) "farmapharma"
}
string(18) "calabriapizzariarj"
string(26) "Cantidad de follows = 2474"
<br><br><br>object(stdClass)#86 (2) {
  ["id"]=>
  string(5) "20818"
  ["login"]=>
  string(20) "cadillacs.pastelaria"
}
object(stdClass)#145 (2) {
  ["id"]=>
  string(5) "20927"
  ["login"]=>
  string(25) "missionariojairodossantos"
}
object(stdClass)#86 (2) {
  ["id"]=>
  string(5) "21062"
  ["login"]=>
  string(13) "jesuisluciano"
}
object(stdClass)#145 (2) {
  ["id"]=>
  string(5) "21230"
  ["login"]=>
  string(9) "vikatorsc"
}
string(19) "nicollystoreoficial"
string(26) "Cantidad de follows = 7505"
<br><br><br>object(stdClass)#145 (2) {
  ["id"]=>
  string(5) "21368"
  ["login"]=>
  string(18) "ricardoribeiro0013"
}
string(24) "ramossegurancaeletronica"
string(26) "Cantidad de follows = 3291"
<br><br><br>string(18) "camacariplazahotel"
string(26) "Cantidad de follows = 6269"
<br><br><br>string(13) "_telesgabriel"
string(26) "Cantidad de follows = 2520"
<br><br><br>string(12) "fbfabiolopes"
string(26) "Cantidad de follows = 9007"
<br><br><br>object(stdClass)#82 (2) {
  ["id"]=>
  string(5) "21517"
  ["login"]=>
  string(23) "biscuitporvictorialeite"
}
string(10) "trapburger"
string(26) "Cantidad de follows = 2640"
<br><br><br>string(20) "shoppingcasaedesign_"
string(26) "Cantidad de follows = 8709"
<br><br><br>string(9) "samiilly_"
string(27) "Cantidad de follows = 18244"
<br><br><br>object(stdClass)#199 (2) {
  ["id"]=>
  string(5) "21731"
  ["login"]=>
  string(9) "conhecaes"
}
string(7) "loirasn"
string(25) "Cantidad de follows = 196"
<br><br><br>string(15) "santasticauniao"
string(26) "Cantidad de follows = 6292"
<br><br><br>string(19) "embraconcondominios"
string(26) "Cantidad de follows = 4644"
<br><br><br>string(17) "hamburguinhomoema"
string(27) "Cantidad de follows = 60587"
<br><br><br>string(14) "vilmamartins_7"
string(26) "Cantidad de follows = 1310"
<br><br><br>string(12) "leticiajural"
string(26) "Cantidad de follows = 8530"
<br><br><br>string(8) "_zero100"
string(27) "Cantidad de follows = 52223"
<br><br><br>string(20) "lionrollingcircusrio"
string(27) "Cantidad de follows = 14426"
<br><br><br>string(9) "_nerdjunk"
string(26) "Cantidad de follows = 5367"
<br><br><br>string(10) "pilotelton"
string(27) "Cantidad de follows = 11241"
<br><br><br>string(14) "marcioancelmoo"
string(26) "Cantidad de follows = 4991"
<br><br><br>object(stdClass)#183 (2) {
  ["id"]=>
  string(5) "22627"
  ["login"]=>
  string(18) "lucaswiliamsoliver"
}
string(14) "kevinlorenzorj"
string(26) "Cantidad de follows = 3399"
<br><br><br>object(stdClass)#183 (2) {
  ["id"]=>
  string(5) "22701"
  ["login"]=>
  string(21) "falandodemaquiagem_01"
}
string(13) "georgemuchuli"
string(26) "Cantidad de follows = 7780"
<br><br><br>string(15) "wendell_alvess_"
string(24) "Cantidad de follows = 85"
<br><br><br>object(stdClass)#191 (2) {
  ["id"]=>
  string(5) "22786"
  ["login"]=>
  string(6) "jpzk02"
}
object(stdClass)#33 (2) {
  ["id"]=>
  string(5) "22791"
  ["login"]=>
  string(13) "rodrigues.exe"
}
object(stdClass)#191 (2) {
  ["id"]=>
  string(5) "22915"
  ["login"]=>
  string(10) "5000covers"
}
string(18) "marciomouraoficial"
string(27) "Cantidad de follows = 12430"
<br><br><br>object(stdClass)#191 (2) {
  ["id"]=>
  string(5) "23135"
  ["login"]=>
  string(15) "daniak_boutique"
}
string(23) "formatacaotccmonografia"
string(24) "Cantidad de follows = 94"
<br><br><br>string(6) "nekkow"
string(24) "Cantidad de follows = 15"
<br><br><br>string(5) "lucao"
string(25) "Cantidad de follows = 559"
<br><br><br>string(6) "lucao2"
string(25) "Cantidad de follows = 587"
<br><br><br>string(13) "marcelomarkes"
string(27) "Cantidad de follows = 19934"
<br><br><br>string(14) "dl_beautysalon"
string(26) "Cantidad de follows = 1947"
<br><br><br>string(15) "ariadinebarreto"
string(27) "Cantidad de follows = 14594"
<br><br><br>string(13) "canalsemjacar"
string(27) "Cantidad de follows = 14283"
<br><br><br>string(11) "hiratabreno"
string(27) "Cantidad de follows = 12627"
<br><br><br>object(stdClass)#175 (2) {
  ["id"]=>
  string(5) "23543"
  ["login"]=>
  string(14) "erickspimentel"
}
string(12) "jessicaiwata"
string(27) "Cantidad de follows = 34235"
<br><br><br>string(14) "dnaphotoevideo"
string(27) "Cantidad de follows = 29046"
<br><br><br>string(18) "gamecenterpaulista"
string(27) "Cantidad de follows = 10326"
<br><br><br>string(10) "pacofishrd"
string(26) "Cantidad de follows = 8077"
<br><br><br>string(14) "qualityhotelsd"
string(26) "Cantidad de follows = 1205"
<br><br><br>string(17) "isabellabofficial"
string(27) "Cantidad de follows = 14029"
<br><br><br>string(13) "alialioficial"
string(25) "Cantidad de follows = 672"
<br><br><br>string(15) "barbeariadoneno"
string(27) "Cantidad de follows = 13681"
<br><br><br>string(10) "plagamba01"
string(26) "Cantidad de follows = 2651"
<br><br><br>string(11) "oscarcauchi"
string(26) "Cantidad de follows = 3633"
<br><br><br>string(7) "18laras"
string(26) "Cantidad de follows = 1832"
<br><br><br>string(16) "entreomarealagoa"
string(26) "Cantidad de follows = 1676"
<br><br><br>string(9) "darlanred"
string(27) "Cantidad de follows = 21335"
<br><br><br>string(15) "riolisboabrasil"
string(25) "Cantidad de follows = 206"
<br><br><br>string(12) "studio4cinco"
string(26) "Cantidad de follows = 4933"
<br><br><br>string(13) "fabriciofabre"
string(26) "Cantidad de follows = 8604"
<br><br><br>string(22) "suamusicapersonalizada"
string(27) "Cantidad de follows = 10233"
<br><br><br>string(10) "fioremixbr"
string(25) "Cantidad de follows = 324"
<br><br><br>string(8) "kevinvem"
string(23) "Cantidad de follows = 5"
<br><br><br>string(12) "djallannatal"
string(27) "Cantidad de follows = 28489"
<br><br><br>string(15) "polpasempreviva"
string(27) "Cantidad de follows = 34533"
<br><br><br>string(8) "kessyaaa"
string(27) "Cantidad de follows = 11081"
<br><br><br>string(8) "celparra"
string(27) "Cantidad de follows = 10670"
<br><br><br>object(stdClass)#16 (2) {
  ["id"]=>
  string(5) "25524"
  ["login"]=>
  string(11) "tompson9345"
}
object(stdClass)#189 (2) {
  ["id"]=>
  string(5) "25571"
  ["login"]=>
  string(14) "habner_martins"
}
string(24) "fitnessuplementosoficial"
string(25) "Cantidad de follows = 335"
<br><br><br>string(13) "mayconbarroco"
string(27) "Cantidad de follows = 18502"
<br><br><br>string(9) "caiocesar"
string(24) "Cantidad de follows = 84"
<br><br><br>string(8) "lil.fama"
string(27) "Cantidad de follows = 21216"
<br><br><br>string(12) "institutoybi"
string(27) "Cantidad de follows = 18012"
<br><br><br>object(stdClass)#220 (2) {
  ["id"]=>
  string(5) "26183"
  ["login"]=>
  string(14) "andresa_lebens"
}
string(7) "yuryv05"
string(27) "Cantidad de follows = 10296"
<br><br><br>string(15) "eliana_casimiro"
string(26) "Cantidad de follows = 5640"
<br><br><br>string(11) "maloohstore"
string(26) "Cantidad de follows = 3673"
<br><br><br>string(15) "lauraivinadecor"
string(26) "Cantidad de follows = 8980"
<br><br><br>string(16) "simplesmenteamei"
string(27) "Cantidad de follows = 16097"
<br><br><br>string(16) "drraphaelmarques"
string(27) "Cantidad de follows = 21381"
<br><br><br>string(10) "casazunzun"
string(26) "Cantidad de follows = 5588"
<br><br><br>string(14) "draraymedeiros"
string(26) "Cantidad de follows = 1580"
<br><br><br>string(12) "4youdressing"
string(26) "Cantidad de follows = 3558"
<br><br><br>string(21) "lucaslermenfotografia"
string(27) "Cantidad de follows = 14871"
<br><br><br>string(16) "bracholuismiguel"
string(25) "Cantidad de follows = 827"
<br><br><br>string(17) "draflaviasgavioli"
string(27) "Cantidad de follows = 41471"
<br><br><br>string(16) "rafamello_cantor"
string(26) "Cantidad de follows = 9019"
<br><br><br>string(13) "gabinassyrios"
string(27) "Cantidad de follows = 28048"
<br><br><br>string(13) "cardosodani78"
string(25) "Cantidad de follows = 419"
<br><br><br>object(stdClass)#50 (2) {
  ["id"]=>
  string(5) "27362"
  ["login"]=>
  string(9) "k123silva"
}
string(9) "labotique"
string(25) "Cantidad de follows = 277"
<br><br><br>string(11) "eco.noronha"
string(26) "Cantidad de follows = 1076"
<br><br><br>string(13) "gelottisports"
string(26) "Cantidad de follows = 6270"
<br><br><br>string(13) "bombeefsantos"
string(27) "Cantidad de follows = 69314"
<br><br><br>string(15) "parvathi_brasil"
string(26) "Cantidad de follows = 8530"
<br><br><br>string(9) "lobotique"
string(26) "Cantidad de follows = 6627"
<br><br><br>string(8) "talincas"
string(27) "Cantidad de follows = 22576"
<br><br><br>string(21) "visagismofacial_drika"
string(25) "Cantidad de follows = 734"
<br><br><br>string(13) "bakwarabrasil"
string(26) "Cantidad de follows = 1565"
<br><br><br>string(19) "carlabarcellosjoias"
string(27) "Cantidad de follows = 11418"
<br><br><br>string(16) "programagameover"
string(26) "Cantidad de follows = 1118"
<br><br><br>string(15) "aafrodite.store"
string(26) "Cantidad de follows = 5763"
<br><br><br>string(12) "rogiacomello"
string(26) "Cantidad de follows = 1415"
<br><br><br>string(11) "solvebrazil"
string(26) "Cantidad de follows = 1171"
<br><br><br>string(16) "drafernandavolpi"
string(27) "Cantidad de follows = 12419"
<br><br><br>object(stdClass)#66 (2) {
  ["id"]=>
  string(5) "27722"
  ["login"]=>
  string(14) "maribel.silent"
}
string(13) "miocheoficial"
string(27) "Cantidad de follows = 45359"
<br><br><br>string(11) "daylipadron"
string(26) "Cantidad de follows = 8209"
<br><br><br>string(14) "mercadolabarra"
string(26) "Cantidad de follows = 4195"
<br><br><br>string(10) "naraabreuu"
string(26) "Cantidad de follows = 4573"
<br><br><br>string(8) "lukmodas"
string(26) "Cantidad de follows = 8124"
<br><br><br>string(21) "girlsgardenacessorios"
string(26) "Cantidad de follows = 2023"
<br><br><br>string(13) "capimlimaomga"
string(26) "Cantidad de follows = 5460"
<br><br><br>string(15) "maxpremiumjeans"
string(26) "Cantidad de follows = 8420"
<br><br><br>string(8) "bruna.fb"
string(27) "Cantidad de follows = 21203"
<br><br><br>string(14) "na_cara_do_gol"
string(26) "Cantidad de follows = 3025"
<br><br><br>string(13) "jessicacytrus"
string(27) "Cantidad de follows = 29813"
<br><br><br>string(11) "cyrofuziama"
string(27) "Cantidad de follows = 25231"
<br><br><br>string(11) "thaycomfome"
string(27) "Cantidad de follows = 26423"
<br><br><br>string(10) "dankana_dk"
string(26) "Cantidad de follows = 8844"
<br><br><br>string(13) "vivimaquiagem"
string(26) "Cantidad de follows = 2459"
<br><br><br>string(14) "fshirtsdesigns"
string(25) "Cantidad de follows = 367"
<br><br><br>string(15) "closetdasduasto"
string(27) "Cantidad de follows = 14196"
<br><br><br>object(stdClass)#119 (2) {
  ["id"]=>
  string(5) "28069"
  ["login"]=>
  string(14) "rosaduartelash"
}
string(11) "gardelmaroz"
string(26) "Cantidad de follows = 6158"
<br><br><br>object(stdClass)#119 (2) {
  ["id"]=>
  string(5) "28080"
  ["login"]=>
  string(16) "msanchescaroline"
}
object(stdClass)#153 (2) {
  ["id"]=>
  string(5) "28092"
  ["login"]=>
  string(9) "pri_avlis"
}
string(13) "ferefacrochet"
string(26) "Cantidad de follows = 9000"
<br><br><br>object(stdClass)#153 (2) {
  ["id"]=>
  string(5) "28099"
  ["login"]=>
  string(13) "menezesandree"
}
string(7) "nr_mini"
string(27) "Cantidad de follows = 11039"
<br><br><br>string(6) "dz9bnb"
string(26) "Cantidad de follows = 3313"
<br><br><br>object(stdClass)#55 (2) {
  ["id"]=>
  string(5) "28145"
  ["login"]=>
  string(20) "nossoapartamento_103"
}
string(18) "cheirinhodamariana"
string(26) "Cantidad de follows = 7627"
<br><br><br>object(stdClass)#55 (2) {
  ["id"]=>
  string(5) "28213"
  ["login"]=>
  string(15) "malucassimiro.r"
}
string(16) "alvomarketingagc"
string(26) "Cantidad de follows = 9457"
<br><br><br>string(17) "ilmiocasamentoios"
string(26) "Cantidad de follows = 1007"
<br><br><br>string(16) "dranayanepacheco"
string(28) "Cantidad de follows = 139169"
<br><br><br>string(24) "silvanonunes.hairstylist"
string(27) "Cantidad de follows = 21389"
<br><br><br>object(stdClass)#189 (2) {
  ["id"]=>
  string(5) "28276"
  ["login"]=>
  string(13) "tatyanealvess"
}
string(21) "closetdemulheroficial"
string(26) "Cantidad de follows = 3925"
<br><br><br>string(17) "drdanilopelegrino"
string(26) "Cantidad de follows = 5856"
<br><br><br>string(20) "mariaclaraguimaraes1"
string(27) "Cantidad de follows = 34675"
<br><br><br>string(15) "vitoria.mamedio"
string(26) "Cantidad de follows = 7531"
<br><br><br>string(12) "meirellesipc"
string(26) "Cantidad de follows = 1511"
<br><br><br>string(12) "luporluciana"
string(26) "Cantidad de follows = 8485"
<br><br><br>string(11) "andersonvoo"
string(26) "Cantidad de follows = 1054"
<br><br><br>string(14) "niqueferreiira"
string(27) "Cantidad de follows = 12329"
<br><br><br>string(15) "carlota_barnabe"
string(27) "Cantidad de follows = 12762"
<br><br><br>string(17) "drdanilopelegrino"
string(26) "Cantidad de follows = 5856"
<br><br><br>string(9) "lipinhuss"
string(26) "Cantidad de follows = 1773"
<br><br><br>string(13) "mayaramarkes_"
string(26) "Cantidad de follows = 8586"
<br><br><br>string(10) "ky2oficial"
string(26) "Cantidad de follows = 2417"
<br><br><br>string(11) "mendy_vivii"
string(26) "Cantidad de follows = 3805"
<br><br><br>object(stdClass)#218 (2) {
  ["id"]=>
  string(5) "28497"
  ["login"]=>
  string(21) "_medicinaintegrativa_"
}
string(25) "specialitycoffeegastropub"
string(25) "Cantidad de follows = 557"
<br><br><br>string(13) "clubedebolsas"
string(27) "Cantidad de follows = 10213"
<br><br><br>string(11) "carolsousas"
string(26) "Cantidad de follows = 3551"
<br><br><br>object(stdClass)#22 (2) {
  ["id"]=>
  string(5) "28517"
  ["login"]=>
  string(19) "martins_consultoria"
}
string(4) "fila"
string(25) "Cantidad de follows = 830"
<br><br><br>string(6) "reebok"
string(29) "Cantidad de follows = 2123376"
<br><br><br>string(8) "bindanvm"
string(26) "Cantidad de follows = 1485"
<br><br><br>string(18) "wesleyoliveirareal"
string(26) "Cantidad de follows = 2821"
<br><br><br>string(9) "indikqui_"
string(26) "Cantidad de follows = 1331"
<br><br><br>string(10) "luahungria"
string(26) "Cantidad de follows = 4526"
<br><br><br>string(14) "paesda_familia"
string(26) "Cantidad de follows = 3451"
<br><br><br>object(stdClass)#208 (2) {
  ["id"]=>
  string(5) "28557"
  ["login"]=>
  string(10) "kaahcintra"
}
string(17) "reabilitar.studio"
string(26) "Cantidad de follows = 5628"
<br><br><br>string(9) "amaraljej"
string(25) "Cantidad de follows = 612"
<br><br><br>string(14) "websterramalho"
string(25) "Cantidad de follows = 735"
<br><br><br>string(24) "vida_sol_e_mar_ecoresort"
string(26) "Cantidad de follows = 7087"
<br><br><br>string(10) "aco_brasil"
string(26) "Cantidad de follows = 3298"
<br><br><br>string(13) "desafioadois2"
string(26) "Cantidad de follows = 6961"
<br><br><br>string(10) "joaozaneti"
string(27) "Cantidad de follows = 13343"
<br><br><br>string(12) "karbofitness"
string(27) "Cantidad de follows = 10843"
<br><br><br>string(12) "nayaranouber"
string(27) "Cantidad de follows = 17946"
<br><br><br>object(stdClass)#143 (2) {
  ["id"]=>
  string(5) "28654"
  ["login"]=>
  string(11) "ellenrauber"
}
object(stdClass)#84 (2) {
  ["id"]=>
  string(5) "28657"
  ["login"]=>
  string(14) "reserveviagens"
}
string(17) "ingrid_ferreira25"
string(25) "Cantidad de follows = 178"
<br><br><br>string(20) "neovita_fisioterapia"
string(26) "Cantidad de follows = 4932"
<br><br><br>string(17) "dunashookahlounge"
string(26) "Cantidad de follows = 9082"
<br><br><br>string(15) "emporio.forever"
string(25) "Cantidad de follows = 279"
<br><br><br>string(16) "mariakarencosta_"
string(26) "Cantidad de follows = 5885"
<br><br><br>string(13) "pretta_araujo"
string(27) "Cantidad de follows = 11946"
<br><br><br>string(18) "theo_kate_ragdolls"
string(26) "Cantidad de follows = 3610"
<br><br><br>string(9) "xaanndii_"
string(26) "Cantidad de follows = 1229"
<br><br><br>string(15) "pausetakeabreak"
string(26) "Cantidad de follows = 3781"
<br><br><br>string(10) "raquellsan"
string(27) "Cantidad de follows = 26267"
<br><br><br>string(11) "quatro_maos"
string(26) "Cantidad de follows = 4205"
<br><br><br>string(20) "apaudiovisualoficial"
string(25) "Cantidad de follows = 575"
<br><br><br>string(15) "gameoverworldmx"
string(24) "Cantidad de follows = 30"
<br><br><br>string(10) "macielcaio"
string(26) "Cantidad de follows = 3057"
<br><br><br>string(10) "pp_eventos"
string(26) "Cantidad de follows = 3652"
<br><br><br>string(15) "renatacanizares"
string(27) "Cantidad de follows = 13449"
<br><br><br>string(12) "dermatofarma"
string(26) "Cantidad de follows = 8876"
<br><br><br>string(14) "cinarafestasbh"
string(27) "Cantidad de follows = 33989"
<br><br><br>string(10) "mreissilva"
string(27) "Cantidad de follows = 23350"
<br><br><br>string(17) "minutoscomdelavec"
string(27) "Cantidad de follows = 13964"
<br><br><br>string(9) "lilispada"
string(28) "Cantidad de follows = 720392"
<br><br><br>string(13) "edersilveiram"
string(26) "Cantidad de follows = 4514"
<br><br><br>string(15) "rosanatiburtino"
string(26) "Cantidad de follows = 1034"
<br><br><br>string(18) "stopscapautomotivo"
string(26) "Cantidad de follows = 5980"
<br><br><br>object(stdClass)#8 (2) {
  ["id"]=>
  string(5) "28849"
  ["login"]=>
  string(8) "plasjowl"
}
string(12) "itzackcamila"
string(26) "Cantidad de follows = 1346"
<br><br><br>string(15) "eu_gabicarvalho"
string(26) "Cantidad de follows = 2966"
<br><br><br>string(19) "hypinosemodaoficial"
string(26) "Cantidad de follows = 9863"
<br><br><br>string(13) "everttonviana"
string(26) "Cantidad de follows = 9631"
<br><br><br>string(17) "shirleyalesantana"
string(27) "Cantidad de follows = 27879"
<br><br><br>string(14) "leticiastoledo"
string(26) "Cantidad de follows = 2581"
<br><br><br>string(14) "drpedroferrari"
string(27) "Cantidad de follows = 39277"
<br><br><br>string(11) "itamixbazar"
string(26) "Cantidad de follows = 4647"
<br><br><br>string(13) "trader_amador"
string(25) "Cantidad de follows = 167"
<br><br><br>string(16) "isabellasanchess"
string(26) "Cantidad de follows = 3011"
<br><br><br>object(stdClass)#33 (2) {
  ["id"]=>
  string(5) "28962"
  ["login"]=>
  string(15) "tiagomennezes11"
}
string(12) "bunkersounds"
string(26) "Cantidad de follows = 1676"
<br><br><br>string(14) "timmycelulares"
string(25) "Cantidad de follows = 216"
<br><br><br>object(stdClass)#12 (2) {
  ["id"]=>
  string(5) "28988"
  ["login"]=>
  string(15) "programavitrina"
}
object(stdClass)#156 (2) {
  ["id"]=>
  string(5) "28989"
  ["login"]=>
  string(18) "leocar.leonardoniq"
}
object(stdClass)#12 (2) {
  ["id"]=>
  string(5) "28990"
  ["login"]=>
  string(17) "acade_corpoeforma"
}
object(stdClass)#156 (2) {
  ["id"]=>
  string(5) "28993"
  ["login"]=>
  string(11) "atgaranhuns"
}
string(20) "annamaya_arquitetura"
string(26) "Cantidad de follows = 9171"
<br><br><br>string(8) "1kgdobom"
string(27) "Cantidad de follows = 14972"
<br><br><br>string(13) "livre.digital"
string(26) "Cantidad de follows = 3445"
<br><br><br>string(14) "rhuanpenaforte"
string(27) "Cantidad de follows = 10611"
<br><br><br>string(16) "restaurantebario"
string(26) "Cantidad de follows = 1357"
<br><br><br>string(21) "felippeturtransportes"
string(26) "Cantidad de follows = 3124"
<br><br><br>string(15) "solarlifeenergy"
string(25) "Cantidad de follows = 553"
<br><br><br>string(18) "vinteumcomunicacao"
string(25) "Cantidad de follows = 579"
<br><br><br>string(18) "auto_escolaatitude"
string(26) "Cantidad de follows = 2002"
<br><br><br>string(13) "carollremigio"
string(26) "Cantidad de follows = 1071"
<br><br><br>string(13) "pampodelivery"
string(26) "Cantidad de follows = 1274"
<br><br><br>string(20) "txcambioeturismo_rio"
string(26) "Cantidad de follows = 1291"
<br><br><br>string(13) "riveauxmerino"
string(26) "Cantidad de follows = 5424"
<br><br><br>string(15) "carneslaceleste"
string(26) "Cantidad de follows = 2302"
<br><br><br>string(11) "heroairsoft"
string(26) "Cantidad de follows = 3832"
<br><br><br>string(19) "brechoandreaventuro"
string(27) "Cantidad de follows = 36543"
<br><br><br>string(9) "samiilly_"
string(27) "Cantidad de follows = 18245"
<br><br><br>string(14) "luigi_bemporad"
string(24) "Cantidad de follows = 52"
<br><br><br>string(13) "luiz_skydiver"
string(26) "Cantidad de follows = 9854"
<br><br><br>string(15) "luanmachado.arq"
string(26) "Cantidad de follows = 1857"
<br><br><br>string(12) "kaikfariastv"
string(26) "Cantidad de follows = 2000"
<br><br><br>string(16) "colegioguarapuvu"
string(23) "Cantidad de follows = 1"
<br><br><br>string(9) "guarapuvu"
string(26) "Cantidad de follows = 3023"
<br><br><br>string(13) "purocafajeste"
string(27) "Cantidad de follows = 34262"
<br><br><br>string(11) "a_deziderio"
string(26) "Cantidad de follows = 2067"
<br><br><br>object(stdClass)#128 (2) {
  ["id"]=>
  string(5) "29171"
  ["login"]=>
  string(16) "ranchotalisma_mg"
}
object(stdClass)#145 (2) {
  ["id"]=>
  string(5) "29178"
  ["login"]=>
  string(16) "maryana_araujooc"
}
string(13) "vitormagnusss"
string(27) "Cantidad de follows = 42134"
<br><br><br>string(20) "franciscosilva_alves"
string(25) "Cantidad de follows = 272"
<br><br><br>string(17) "mrandersonalmeida"
string(26) "Cantidad de follows = 6324"
<br><br><br>string(10) "inovaluxrj"
string(25) "Cantidad de follows = 190"
<br><br><br>string(17) "mixturinhafashion"
string(26) "Cantidad de follows = 2237"
<br><br><br>string(22) "danelonprimeacessorios"
string(26) "Cantidad de follows = 4658"
<br><br><br>object(stdClass)#17 (2) {
  ["id"]=>
  string(5) "29219"
  ["login"]=>
  string(7) "ruivabr"
}
string(17) "luizjatobaoficial"
string(26) "Cantidad de follows = 9628"
<br><br><br>string(8) "thhai97_"
string(26) "Cantidad de follows = 1609"
<br><br><br>string(10) "tiago_kuhn"
string(26) "Cantidad de follows = 2283"
<br><br><br>object(stdClass)#85 (2) {
  ["id"]=>
  string(5) "29228"
  ["login"]=>
  string(13) "tiolavinicius"
}
string(15) "crisoliveiravmk"
string(26) "Cantidad de follows = 2086"
<br><br><br>string(15) "wesleymichelini"
string(26) "Cantidad de follows = 1820"
<br><br><br>string(18) "raphaelacapobiango"
string(26) "Cantidad de follows = 5553"
<br><br><br>string(11) "castrolucas"
string(26) "Cantidad de follows = 3617"
<br><br><br>string(16) "masseriniosteria"
string(26) "Cantidad de follows = 6139"
<br><br><br>string(10) "alvesgilli"
string(26) "Cantidad de follows = 2006"
<br><br><br>string(10) "felippetur"
string(27) "Cantidad de follows = 19201"
<br><br><br>string(25) "rodrigo.embraconconsorcio"
string(26) "Cantidad de follows = 6247"
<br><br><br>string(14) "naotolendoisso"
string(26) "Cantidad de follows = 3228"
<br><br><br>string(18) "tropical.insurance"
string(25) "Cantidad de follows = 683"
<br><br><br>string(12) "elestore.rio"
string(26) "Cantidad de follows = 1521"
<br><br><br>string(14) "joannaa_aguiar"
string(25) "Cantidad de follows = 573"
<br><br><br>string(12) "ale.mmartins"
string(26) "Cantidad de follows = 1276"
<br><br><br>string(14) "ricvrdomoraes_"
string(26) "Cantidad de follows = 3749"
<br><br><br>string(16) "psgacademyrecife"
string(26) "Cantidad de follows = 4238"
<br><br><br>string(11) "diasluciano"
string(27) "Cantidad de follows = 16286"
<br><br><br>string(15) "othmanejennaoui"
string(27) "Cantidad de follows = 11072"
<br><br><br>string(14) "andresza_ramos"
string(26) "Cantidad de follows = 2002"
<br><br><br>string(23) "estetica.michelecamargo"
string(26) "Cantidad de follows = 3204"
<br><br><br>string(19) "fernandalima.decora"
string(26) "Cantidad de follows = 2156"
<br><br><br>string(13) "ghanabranding"
string(26) "Cantidad de follows = 6753"
<br><br><br>string(16) "binhorodriguess_"
string(26) "Cantidad de follows = 3552"
<br><br><br>string(14) "theblondedetox"
string(26) "Cantidad de follows = 3769"
<br><br><br>string(19) "oficialwinnieamaral"
string(27) "Cantidad de follows = 22965"
<br><br><br>string(19) "pezinhofirmenarocha"
string(28) "Cantidad de follows = 116359"
<br><br><br>string(11) "meempreenda"
string(26) "Cantidad de follows = 3627"
<br><br><br>string(14) "joseluizpontes"
string(25) "Cantidad de follows = 990"
<br><br><br>object(stdClass)#81 (2) {
  ["id"]=>
  string(5) "29486"
  ["login"]=>
  string(15) "eduarda.neves13"
}
string(13) "karinelisuzan"
string(26) "Cantidad de follows = 5083"
<br><br><br>object(stdClass)#81 (2) {
  ["id"]=>
  string(5) "29498"
  ["login"]=>
  string(20) "orlamodapraiaoficial"
}
string(17) "advocacia_messias"
string(26) "Cantidad de follows = 3321"
<br><br><br>string(18) "allbotequipamentos"
string(26) "Cantidad de follows = 2922"
<br><br><br>string(20) "emersonlopeshoficial"
string(27) "Cantidad de follows = 12668"
<br><br><br>string(11) "raissataini"
string(27) "Cantidad de follows = 26333"
<br><br><br>object(stdClass)#66 (2) {
  ["id"]=>
  string(5) "29527"
  ["login"]=>
  string(13) "menezesandree"
}
string(10) "vivianeneu"
string(27) "Cantidad de follows = 28200"
<br><br><br>string(8) "dhougie_"
string(27) "Cantidad de follows = 18812"
<br><br><br>string(24) "andressamakeup_penteados"
string(26) "Cantidad de follows = 3080"
<br><br><br>string(13) "iracemaallves"
string(26) "Cantidad de follows = 7431"
<br><br><br>string(11) "renannunes2"
string(26) "Cantidad de follows = 5083"
<br><br><br>string(14) "natha.estetica"
string(26) "Cantidad de follows = 1857"
<br><br><br>string(19) "j.a.estudiodebeleza"
string(25) "Cantidad de follows = 152"
<br><br><br>string(12) "grafianafoto"
string(26) "Cantidad de follows = 8976"
<br><br><br>string(19) "thespacetimeripples"
string(26) "Cantidad de follows = 3313"
<br><br><br>string(14) "rubia_martinss"
string(28) "Cantidad de follows = 108667"
<br><br><br>string(23) "joseguilherme.consultor"
string(26) "Cantidad de follows = 1212"
<br><br><br>string(14) "emporiodifiori"
string(26) "Cantidad de follows = 2223"
<br><br><br>string(21) "viajandonaarquitetura"
string(26) "Cantidad de follows = 4910"
<br><br><br>string(14) "elitecenterfoz"
string(26) "Cantidad de follows = 2388"
<br><br><br>string(10) "yancasilva"
string(26) "Cantidad de follows = 2352"
<br><br><br>string(16) "roberta.amfranca"
string(26) "Cantidad de follows = 3362"
<br><br><br>string(15) "doceriaanaester"
string(26) "Cantidad de follows = 3869"
<br><br><br>string(10) "kathguedes"
string(27) "Cantidad de follows = 42811"
<br><br><br>string(13) "tubaraocenter"
string(26) "Cantidad de follows = 6346"
<br><br><br>object(stdClass)#191 (2) {
  ["id"]=>
  string(5) "29702"
  ["login"]=>
  string(6) "zayrnm"
}
string(9) "chefeeddy"
string(27) "Cantidad de follows = 12399"
<br><br><br>string(10) "acasadecat"
string(27) "Cantidad de follows = 10645"
<br><br><br>string(20) "oficialforroperfeito"
string(27) "Cantidad de follows = 47916"
<br><br><br>string(14) "orabolasbrecho"
string(26) "Cantidad de follows = 2999"
<br><br><br>string(11) "thekingboy_"
string(27) "Cantidad de follows = 17805"
<br><br><br>string(15) "vanessa.wysocki"
string(26) "Cantidad de follows = 3614"
<br><br><br>string(11) "rique.silva"
string(26) "Cantidad de follows = 5036"
<br><br><br>string(22) "gabriellacarvalhostore"
string(27) "Cantidad de follows = 33448"
<br><br><br>string(14) "lojanowfitness"
string(26) "Cantidad de follows = 3976"
<br><br><br>string(8) "mapoiani"
string(26) "Cantidad de follows = 6072"
<br><br><br>string(14) "salaostudiosbc"
string(26) "Cantidad de follows = 1790"
<br><br><br>string(19) "studying_the_secret"
string(26) "Cantidad de follows = 2591"
<br><br><br>string(23) "studiohairinternacional"
string(26) "Cantidad de follows = 5346"
<br><br><br>string(9) "ahdireito"
string(26) "Cantidad de follows = 5375"
<br><br><br>string(7) "kabonkk"
string(26) "Cantidad de follows = 4061"
<br><br><br>string(10) "companyate"
string(25) "Cantidad de follows = 106"
<br><br><br>string(15) "visual.software"
string(26) "Cantidad de follows = 1538"
<br><br><br>string(12) "djdavisantos"
string(26) "Cantidad de follows = 8407"
<br><br><br>string(14) "rafaellmoraess"
string(25) "Cantidad de follows = 827"
<br><br><br>string(22) "syflariluminacaoimport"
string(26) "Cantidad de follows = 1692"
<br><br><br>string(12) "grupo.efraim"
string(26) "Cantidad de follows = 1298"
<br><br><br>string(17) "efraimhoteleflats"
string(25) "Cantidad de follows = 780"
<br><br><br>string(30) "rpcontrollerinsetodedetizadora"
string(25) "Cantidad de follows = 165"
<br><br><br>string(12) "raunierporto"
string(26) "Cantidad de follows = 3103"
<br><br><br>string(11) "marciabotam"
string(26) "Cantidad de follows = 3808"
<br><br><br>object(stdClass)#12 (2) {
  ["id"]=>
  string(5) "29901"
  ["login"]=>
  string(8) "1jonhbjj"
}
object(stdClass)#43 (2) {
  ["id"]=>
  string(5) "29918"
  ["login"]=>
  string(9) "odeiopera"
}
object(stdClass)#12 (2) {
  ["id"]=>
  string(5) "29932"
  ["login"]=>
  string(11) "eufeearruda"
}
string(11) "tclaranunes"
string(26) "Cantidad de follows = 1742"
<br><br><br>string(19) "alaskaclothingstore"
string(26) "Cantidad de follows = 2280"
<br><br><br>string(14) "gkt_kickboxing"
string(26) "Cantidad de follows = 1609"
<br><br><br>string(19) "character.design.gk"
string(26) "Cantidad de follows = 1196"
<br><br><br>object(stdClass)#57 (2) {
  ["id"]=>
  string(5) "29964"
  ["login"]=>
  string(12) "blogdoarinos"
}
object(stdClass)#147 (2) {
  ["id"]=>
  string(5) "29965"
  ["login"]=>
  string(12) "bela.morenaa"
}
string(24) "leandroquelucifotografia"
string(26) "Cantidad de follows = 3024"
<br><br><br>string(19) "generalstorefitness"
string(26) "Cantidad de follows = 3676"
<br><br><br>string(15) "acervomodasda44"
string(26) "Cantidad de follows = 5707"
<br><br><br>string(12) "mama_costhay"
string(26) "Cantidad de follows = 4966"
<br><br><br>string(17) "ginetom_rodrigues"
string(26) "Cantidad de follows = 7771"
<br><br><br>string(13) "brunnooctavio"
string(25) "Cantidad de follows = 982"
<br><br><br>object(stdClass)#125 (2) {
  ["id"]=>
  string(5) "29996"
  ["login"]=>
  string(12) "doug0liveira"
}
string(10) "gutt_carol"
string(27) "Cantidad de follows = 12175"
<br><br><br>string(9) "hulkdutra"
string(27) "Cantidad de follows = 13384"
<br><br><br>string(16) "camilaguerreiroo"
string(26) "Cantidad de follows = 2383"
<br><br><br>string(15) "sandymakecabelo"
string(26) "Cantidad de follows = 6693"
<br><br><br>string(15) "copaciadvogados"
string(25) "Cantidad de follows = 683"
<br><br><br>string(18) "diegocamargotattoo"
string(26) "Cantidad de follows = 3276"
<br><br><br>string(17) "entretenimento.pe"
string(26) "Cantidad de follows = 3451"
<br><br><br>string(17) "alicemelomakehair"
string(26) "Cantidad de follows = 6772"
<br><br><br>object(stdClass)#89 (2) {
  ["id"]=>
  string(5) "30051"
  ["login"]=>
  string(11) "tuguinha.tv"
}
string(13) "rentar.com.do"
string(27) "Cantidad de follows = 11634"
<br><br><br>string(15) "eriosvaldodiniz"
string(26) "Cantidad de follows = 1631"
<br><br><br>string(11) "gustavo_ono"
string(26) "Cantidad de follows = 5382"
<br><br><br>string(15) "canilredbroncos"
string(26) "Cantidad de follows = 1883"
<br><br><br>string(9) "_brokerst"
string(25) "Cantidad de follows = 302"
<br><br><br>string(14) "lifeprojectone"
string(26) "Cantidad de follows = 1863"
<br><br><br>string(16) "disfranco.motors"
string(26) "Cantidad de follows = 2938"
<br><br><br>string(6) "bomf17"
string(25) "Cantidad de follows = 821"
<br><br><br>string(12) "aliicemello_"
string(26) "Cantidad de follows = 2155"
<br><br><br>string(11) "_bellaforma"
string(27) "Cantidad de follows = 71028"
<br><br><br>string(10) "bruruschel"
string(27) "Cantidad de follows = 11960"
<br><br><br>string(9) "murilooc7"
string(26) "Cantidad de follows = 4209"
<br><br><br>string(9) "a7madov95"
string(25) "Cantidad de follows = 247"
<br><br><br>string(7) "a_mayla"
string(25) "Cantidad de follows = 750"
<br><br><br>string(13) "lidiafeitosa4"
string(26) "Cantidad de follows = 2789"
<br><br><br>string(10) "smokeseila"
string(25) "Cantidad de follows = 642"
<br><br><br>string(10) "rikdelucca"
string(26) "Cantidad de follows = 3624"
<br><br><br>string(19) "corretoracavalcante"
string(25) "Cantidad de follows = 830"
<br><br><br>object(stdClass)#108 (2) {
  ["id"]=>
  string(5) "30218"
  ["login"]=>
  string(14) "thaisaschayder"
}
string(13) "hueskerbrasil"
string(26) "Cantidad de follows = 3750"
<br><br><br>string(22) "rodrigoranchodascabras"
string(25) "Cantidad de follows = 952"
<br><br><br>object(stdClass)#151 (2) {
  ["id"]=>
  string(5) "30232"
  ["login"]=>
  string(15) "arisson_jessica"
}
string(16) "camilla.franklin"
string(26) "Cantidad de follows = 6328"
<br><br><br>string(11) "maira.fuzii"
string(26) "Cantidad de follows = 1962"
<br><br><br>object(stdClass)#200 (2) {
  ["id"]=>
  string(5) "30257"
  ["login"]=>
  string(13) "nathaly_llima"
}
string(21) "laraharantes.piercing"
string(26) "Cantidad de follows = 3267"
<br><br><br>string(11) "maitemellim"
string(26) "Cantidad de follows = 1985"
<br><br><br>string(10) "criptobraz"
string(25) "Cantidad de follows = 704"
<br><br><br>string(14) "meuprojeto.fit"
string(26) "Cantidad de follows = 2082"
<br><br><br>object(stdClass)#137 (2) {
  ["id"]=>
  string(5) "30286"
  ["login"]=>
  string(15) "cmo_odontologia"
}
object(stdClass)#38 (2) {
  ["id"]=>
  string(5) "30293"
  ["login"]=>
  string(14) "ketellenfelix1"
}
string(14) "biel_do_cavaco"
string(27) "Cantidad de follows = 19934"
<br><br><br>string(9) "netto_ull"
string(25) "Cantidad de follows = 619"
<br><br><br>string(11) "nandokounat"
string(27) "Cantidad de follows = 19609"
<br><br><br>object(stdClass)#87 (2) {
  ["id"]=>
  string(5) "30317"
  ["login"]=>
  string(14) "easyartgrafica"
}
string(15) "studio_beauty15"
string(26) "Cantidad de follows = 1039"
<br><br><br>string(18) "julio_sosa_imoveis"
string(25) "Cantidad de follows = 797"
<br><br><br>string(10) "canelihome"
string(26) "Cantidad de follows = 3683"
<br><br><br>string(9) "josergm86"
string(26) "Cantidad de follows = 7216"
<br><br><br>string(11) "katiaalbany"
string(26) "Cantidad de follows = 4814"
<br><br><br>string(11) "leandramora"
string(26) "Cantidad de follows = 1785"
<br><br><br>object(stdClass)#107 (2) {
  ["id"]=>
  string(5) "30380"
  ["login"]=>
  string(7) "_lrnnym"
}
string(17) "festivalnovomundo"
string(26) "Cantidad de follows = 4349"
<br><br><br>string(10) "odavilemos"
string(27) "Cantidad de follows = 13247"
<br><br><br>string(20) "clebsonfrancaoficial"
string(26) "Cantidad de follows = 2121"
<br><br><br>string(15) "mamaesemmanuais"
string(27) "Cantidad de follows = 11532"
<br><br><br>string(13) "victorcastelo"
string(26) "Cantidad de follows = 1184"
<br><br><br>string(17) "fabricio.physique"
string(27) "Cantidad de follows = 11013"
<br><br><br>string(15) "rafaelfsantanaa"
string(25) "Cantidad de follows = 748"
<br><br><br>object(stdClass)#114 (2) {
  ["id"]=>
  string(5) "30436"
  ["login"]=>
  string(15) "kawlicheski1993"
}
string(10) "facamerirr"
string(26) "Cantidad de follows = 3454"
<br><br><br>string(10) "linoamanda"
string(27) "Cantidad de follows = 10059"
<br><br><br>string(10) "_lorecosta"
string(26) "Cantidad de follows = 2056"
<br><br><br>string(21) "clara.goldenretriever"
string(26) "Cantidad de follows = 3383"
<br><br><br>string(14) "andre.grupoark"
string(26) "Cantidad de follows = 4202"
<br><br><br>string(13) "espacoubaense"
string(26) "Cantidad de follows = 1864"
<br><br><br>string(14) "photoboxbrasil"
string(26) "Cantidad de follows = 2826"
<br><br><br>string(13) "luiara_helmer"
string(26) "Cantidad de follows = 5162"
<br><br><br>string(7) "dul_fcy"
string(26) "Cantidad de follows = 2879"
<br><br><br>string(26) "emporiodapapinhasantoandre"
string(26) "Cantidad de follows = 4930"
<br><br><br>string(15) "rayanemarchetta"
string(26) "Cantidad de follows = 1691"
<br><br><br>string(13) "karol_nunes00"
string(26) "Cantidad de follows = 3600"
<br><br><br>string(15) "reidosmarestour"
string(26) "Cantidad de follows = 3454"
<br><br><br>string(10) "apedesign_"
string(26) "Cantidad de follows = 2601"
<br><br><br>string(9) "danilelah"
string(26) "Cantidad de follows = 5063"
<br><br><br>string(8) "kevinm5m"
string(26) "Cantidad de follows = 7583"
<br><br><br>string(12) "noahestetica"
string(26) "Cantidad de follows = 8836"
<br><br><br>string(9) "casadovaz"
string(26) "Cantidad de follows = 6973"
<br><br><br>string(8) "arena7bh"
string(26) "Cantidad de follows = 4418"
<br><br><br>object(stdClass)#131 (2) {
  ["id"]=>
  string(5) "30581"
  ["login"]=>
  string(13) "mathoficialbr"
}
string(17) "jonatas.batistela"
string(27) "Cantidad de follows = 14709"
<br><br><br>string(10) "queirozloo"
string(26) "Cantidad de follows = 3649"
<br><br><br>object(stdClass)#107 (2) {
  ["id"]=>
  string(5) "30593"
  ["login"]=>
  string(12) "rogersiiilva"
}
string(11) "marci0viana"
string(26) "Cantidad de follows = 1310"
<br><br><br>string(16) "chefsheiladuarte"
string(26) "Cantidad de follows = 1040"
<br><br><br>string(8) "itsredtv"
string(27) "Cantidad de follows = 44170"
<br><br><br>object(stdClass)#145 (2) {
  ["id"]=>
  string(5) "30622"
  ["login"]=>
  string(8) "lorisfaz"
}
object(stdClass)#97 (2) {
  ["id"]=>
  string(5) "30623"
  ["login"]=>
  string(20) "emagrecer_ja_oficial"
}
string(19) "tamyparadorneptunia"
string(26) "Cantidad de follows = 5764"
<br><br><br>string(9) "gabicoach"
string(26) "Cantidad de follows = 3512"
<br><br><br>string(14) "amanda3santana"
string(26) "Cantidad de follows = 6376"
<br><br><br>string(8) "crecleao"
string(26) "Cantidad de follows = 3231"
<br><br><br>string(10) "elluhalves"
string(26) "Cantidad de follows = 5416"
<br><br><br>string(18) "mixsushicafebistek"
string(26) "Cantidad de follows = 5883"
<br><br><br>string(16) "f1ciaimobiliaria"
string(26) "Cantidad de follows = 3262"
<br><br><br>string(15) "vitor_honorato3"
string(26) "Cantidad de follows = 1122"
<br><br><br>string(13) "veneno_daseda"
string(26) "Cantidad de follows = 2061"
<br><br><br>string(10) "mc2turismo"
string(27) "Cantidad de follows = 17916"
<br><br><br>string(19) "erickakamineoficial"
string(26) "Cantidad de follows = 6632"
<br><br><br>string(11) "fredmunizrj"
string(26) "Cantidad de follows = 1491"
<br><br><br>object(stdClass)#108 (2) {
  ["id"]=>
  string(5) "30718"
  ["login"]=>
  string(16) "luis.fernando.br"
}
string(17) "drasheilawatanabe"
string(26) "Cantidad de follows = 1749"
<br><br><br>string(12) "laysasmacedo"
string(26) "Cantidad de follows = 2904"
<br><br><br>string(17) "creativapapelaria"
string(25) "Cantidad de follows = 326"
<br><br><br>string(11) "aondeiremsp"
string(27) "Cantidad de follows = 25050"
<br><br><br>object(stdClass)#104 (2) {
  ["id"]=>
  string(5) "30815"
  ["login"]=>
  string(6) "79_app"
}
string(8) "tompsonr"
string(25) "Cantidad de follows = 347"
<br><br><br>string(15) "dioceliogoulart"
string(27) "Cantidad de follows = 18955"
<br><br><br>string(15) "victorperazzini"
string(26) "Cantidad de follows = 2411"
<br><br><br>string(12) "alberto_test"
string(25) "Cantidad de follows = 266"
<br><br><br>string(13) "fassegseguros"
string(26) "Cantidad de follows = 7263"
<br><br><br>string(18) "giovanni.consultor"
string(25) "Cantidad de follows = 812"
<br><br><br>string(17) "coach.jorgeamorim"
string(26) "Cantidad de follows = 1000"
<br><br><br>string(16) "blessedmaemequer"
string(27) "Cantidad de follows = 15249"
<br><br><br>string(15) "baile_de_camelo"
string(25) "Cantidad de follows = 753"
<br><br><br>string(13) "dentistabruna"
string(25) "Cantidad de follows = 183"
<br><br><br>string(11) "chicomorais"
string(26) "Cantidad de follows = 4660"
<br><br><br>string(13) "adrianemayumi"
string(27) "Cantidad de follows = 13067"
<br><br><br>string(14) "dresscode.byrm"
string(25) "Cantidad de follows = 230"
<br><br><br>object(stdClass)#188 (2) {
  ["id"]=>
  string(5) "30911"
  ["login"]=>
  string(15) "alynemultiforme"
}
string(15) "ehpralaqueeuvou"
string(26) "Cantidad de follows = 1277"
<br><br><br>string(19) "douglasvaldeswalker"
string(26) "Cantidad de follows = 1713"
<br><br><br>string(11) "brimigreipt"
string(25) "Cantidad de follows = 305"
<br><br><br>string(8) "dazz.777"
string(26) "Cantidad de follows = 1014"
<br><br><br>string(14) "rafaella_neves"
string(26) "Cantidad de follows = 3734"
<br><br><br>string(8) "soueuwal"
string(26) "Cantidad de follows = 1644"
<br><br><br>string(22) "lacosdasmeninasoficial"
string(26) "Cantidad de follows = 2236"
<br><br><br>string(13) "talitamcostta"
string(25) "Cantidad de follows = 557"
<br><br><br>string(17) "fernandinhobranco"
string(24) "Cantidad de follows = 60"
<br><br><br>string(8) "pionunes"
string(26) "Cantidad de follows = 1407"
<br><br><br>string(18) "confeitariadagabi_"
string(24) "Cantidad de follows = 65"
<br><br><br>string(14) "brunoalvarez.1"
string(25) "Cantidad de follows = 493"
<br><br><br>string(10) "1989closet"
string(26) "Cantidad de follows = 5882"
<br><br><br>string(12) "jumota_decor"
string(26) "Cantidad de follows = 1380"
<br><br><br>string(16) "marmitinhaslight"
string(26) "Cantidad de follows = 2652"
<br><br><br>string(24) "leoart_desing_paisagismo"
string(26) "Cantidad de follows = 6734"
<br><br><br>string(14) "carolfroemming"
string(26) "Cantidad de follows = 6855"
<br><br><br>string(24) "priscilaaparecidasantoss"
string(25) "Cantidad de follows = 596"
<br><br><br>string(9) "chio18789"
string(26) "Cantidad de follows = 3836"
<br><br><br>string(13) "kasamor_store"
string(26) "Cantidad de follows = 2290"
<br><br><br>string(13) "thamysilva201"
string(26) "Cantidad de follows = 3848"
<br><br><br>string(10) "alexrssp12"
string(25) "Cantidad de follows = 316"
<br><br><br>string(14) "silvio.cesarjr"
string(24) "Cantidad de follows = 64"
<br><br><br>string(12) "levis_tudouu"
string(27) "Cantidad de follows = 15726"
<br><br><br>string(8) "euogomez"
string(26) "Cantidad de follows = 2462"
<br><br><br>string(14) "amorefeoficial"
string(26) "Cantidad de follows = 4475"
<br><br><br>string(15) "studioambientes"
string(27) "Cantidad de follows = 14353"
<br><br><br>string(12) "gomilkbrasil"
string(26) "Cantidad de follows = 1027"
<br><br><br>string(13) "gomed.digital"
string(26) "Cantidad de follows = 2260"
<br><br><br>object(stdClass)#200 (2) {
  ["id"]=>
  string(5) "31133"
  ["login"]=>
  string(6) "lv_luh"
}
string(8) "curyamin"
string(25) "Cantidad de follows = 824"
<br><br><br>string(11) "stancefight"
string(27) "Cantidad de follows = 33725"
<br><br><br>string(19) "medconsultingbrasil"
string(27) "Cantidad de follows = 11878"
<br><br><br>string(3) "usa"
string(26) "Cantidad de follows = 4657"
<br><br><br>string(8) "voa_hati"
string(26) "Cantidad de follows = 2946"
<br><br><br>string(18) "robsonbarbosacoach"
string(26) "Cantidad de follows = 6161"
<br><br><br>string(10) "yasmincgr_"
string(26) "Cantidad de follows = 1039"
<br><br><br>string(14) "kharlos_soares"
string(25) "Cantidad de follows = 209"
<br><br><br>string(19) "chrystopher.gabriel"
string(25) "Cantidad de follows = 321"
<br><br><br>string(7) "nega.93"
string(26) "Cantidad de follows = 9330"
<br><br><br>string(13) "cahrlossoares"
string(24) "Cantidad de follows = 60"
<br><br><br>string(8) "emillymv"
string(26) "Cantidad de follows = 3599"
<br><br><br>string(11) "_j.o.a.o___"
string(25) "Cantidad de follows = 182"
<br><br><br>string(14) "antonioportes_"
string(25) "Cantidad de follows = 216"
<br><br><br>string(12) "aleehzinho_t"
string(25) "Cantidad de follows = 168"
<br><br><br>string(15) "jonasfahelysson"
string(26) "Cantidad de follows = 6882"
<br><br><br>string(13) "mari_azeredo_"
string(25) "Cantidad de follows = 770"
<br><br><br>string(18) "clinicaformighieri"
string(26) "Cantidad de follows = 2010"
<br><br><br>string(10) "guiturner_"
string(26) "Cantidad de follows = 8928"
<br><br><br>string(14) "carloskpulling"
string(28) "Cantidad de follows = 112522"
<br><br><br>string(10) "oppaviajei"
string(25) "Cantidad de follows = 687"
<br><br><br>string(19) "madtattoobarbershop"
string(25) "Cantidad de follows = 670"
<br><br><br>string(15) "jujucoelhopinto"
string(27) "Cantidad de follows = 28286"
<br><br><br>string(13) "gersonaraujo_"
string(26) "Cantidad de follows = 2261"
<br><br><br>object(stdClass)#212 (2) {
  ["id"]=>
  string(5) "31318"
  ["login"]=>
  string(11) "josiasnetoo"
}
string(19) "blogsairdozeroagora"
string(26) "Cantidad de follows = 1255"
<br><br><br>object(stdClass)#212 (2) {
  ["id"]=>
  string(5) "31325"
  ["login"]=>
  string(18) "neonprodutorapromo"
}
object(stdClass)#153 (2) {
  ["id"]=>
  string(5) "31326"
  ["login"]=>
  string(6) "djrat_"
}
object(stdClass)#212 (2) {
  ["id"]=>
  string(5) "31337"
  ["login"]=>
  string(23) "anderson_diego_oliveira"
}
string(19) "anacarlarodrigues19"
string(26) "Cantidad de follows = 3099"
<br><br><br>object(stdClass)#212 (2) {
  ["id"]=>
  string(5) "31346"
  ["login"]=>
  string(15) "siimoneepereira"
}
string(13) "jubart_design"
string(25) "Cantidad de follows = 498"
<br><br><br>string(19) "bellkeyprofessional"
string(26) "Cantidad de follows = 1615"
<br><br><br>string(8) "ealine._"
string(26) "Cantidad de follows = 4575"
<br><br><br>string(8) "wheresje"
string(27) "Cantidad de follows = 73617"
<br><br><br>string(12) "ronyfgomesss"
string(26) "Cantidad de follows = 3133"
<br><br><br>string(16) "jhonatha_feitosa"
string(26) "Cantidad de follows = 1201"
<br><br><br>string(15) "blena.nathallya"
string(26) "Cantidad de follows = 1082"
<br><br><br>string(10) "edersonflx"
string(26) "Cantidad de follows = 6861"
<br><br><br>string(23) "tridorimpermebializacao"
string(24) "Cantidad de follows = 98"
<br><br><br>string(9) "jehdpires"
string(25) "Cantidad de follows = 817"
<br><br><br>string(18) "emagrecer_agora.br"
string(25) "Cantidad de follows = 490"
<br><br><br>string(9) "caio_luka"
string(25) "Cantidad de follows = 279"
<br><br><br>object(stdClass)#12 (2) {
  ["id"]=>
  string(5) "31474"
  ["login"]=>
  string(10) "brasil.anb"
}
string(19) "jeanpiresfotografia"
string(25) "Cantidad de follows = 997"
<br><br><br>object(stdClass)#12 (2) {
  ["id"]=>
  string(5) "31483"
  ["login"]=>
  string(12) "canutoandree"
}
string(15) "charles_gsilvaa"
string(26) "Cantidad de follows = 1840"
<br><br><br>string(15) "theluccassantos"
string(26) "Cantidad de follows = 1132"
<br><br><br>string(16) "priscila_lopes12"
string(26) "Cantidad de follows = 1145"
<br><br><br>string(10) "biih_faith"
string(26) "Cantidad de follows = 1466"
<br><br><br>string(18) "leonardomonteiro00"
string(25) "Cantidad de follows = 889"
<br><br><br>string(17) "carlafagundesblog"
string(26) "Cantidad de follows = 6279"
<br><br><br>string(13) "aguedamaurien"
string(26) "Cantidad de follows = 2559"
<br><br><br>string(13) "casalavnturax"
string(25) "Cantidad de follows = 794"
<br><br><br>string(13) "pedrosagfteam"
string(26) "Cantidad de follows = 1871"
<br><br><br>string(9) "eusoudaro"
string(26) "Cantidad de follows = 1568"
<br><br><br>string(14) "caiquefregnani"
string(27) "Cantidad de follows = 10440"
<br><br><br>string(14) "heitorsoares.c"
string(26) "Cantidad de follows = 6947"
<br><br><br>string(21) "mulheres_que_se_amam_"
string(24) "Cantidad de follows = 65"
<br><br><br>string(17) "marco.suplementos"
string(26) "Cantidad de follows = 9960"
<br><br><br>string(8) "tetovivo"
string(26) "Cantidad de follows = 1854"
<br><br><br>string(14) "andrewanderley"
string(26) "Cantidad de follows = 3274"
<br><br><br>string(9) "vitormc83"
string(25) "Cantidad de follows = 161"
<br><br><br>string(8) "_lsilvva"
string(26) "Cantidad de follows = 6220"
<br><br><br>string(17) "clube_das_gostosa"
string(26) "Cantidad de follows = 1045"
<br><br><br>string(17) "esteticista_julia"
string(25) "Cantidad de follows = 605"
<br><br><br>string(10) "kauadellon"
string(25) "Cantidad de follows = 374"
<br><br><br>string(20) "divulgageraisoficial"
string(27) "Cantidad de follows = 20860"
<br><br><br>string(18) "dr.grimaldobicalho"
string(26) "Cantidad de follows = 1605"
<br><br><br>string(10) "rahfritzen"
string(26) "Cantidad de follows = 9087"
<br><br><br>string(13) "eiandrecanuto"
string(26) "Cantidad de follows = 1013"
<br><br><br>string(10) "mariodj.uy"
string(26) "Cantidad de follows = 1801"
<br><br><br>string(14) "stephanmarinho"
string(26) "Cantidad de follows = 7031"
<br><br><br>string(9) "misouza07"
string(25) "Cantidad de follows = 717"
<br><br><br>string(16) "glaubritooficial"
string(26) "Cantidad de follows = 1807"
<br><br><br>string(18) "anacarolinefavacho"
string(25) "Cantidad de follows = 977"
<br><br><br>string(17) "natpharmafarmacia"
string(25) "Cantidad de follows = 649"
<br><br><br>string(13) "tablesdecorpy"
string(25) "Cantidad de follows = 426"
<br><br><br>string(18) "julianasilvaespaco"
string(26) "Cantidad de follows = 1225"
<br><br><br>string(22) "alice_carvalho_oficial"
string(25) "Cantidad de follows = 777"
<br><br><br>string(14) "juliaparanhos_"
string(27) "Cantidad de follows = 41413"
<br><br><br>string(18) "rannabeckeroficial"
string(27) "Cantidad de follows = 20275"
<br><br><br>string(13) "gomesterapias"
string(27) "Cantidad de follows = 49200"
<br><br><br>string(10) "filhoteeco"
string(27) "Cantidad de follows = 32774"
<br><br><br>string(15) "umbr_no_youtube"
string(26) "Cantidad de follows = 1509"
<br><br><br>string(12) "jeff_valerio"
string(25) "Cantidad de follows = 172"
<br><br><br>\n<br>JOB DONE!!!<br>\n2018-10-08 07:53:47am