DAILY REPORT Inited...!<br>
2018-10-28 06:30:01am<br>
string(14) "alberto_dreyes"
string(27) "Cantidad de follows = 14300"
<br><br><br>string(19) "opiniaoconservadora"
string(27) "Cantidad de follows = 59853"
<br><br><br>string(17) "sibitecomunicacao"
string(27) "Cantidad de follows = 10200"
<br><br><br>string(11) "mo.taniguti"
string(27) "Cantidad de follows = 20789"
<br><br><br>object(stdClass)#30 (2) {
  ["id"]=>
  string(3) "146"
  ["login"]=>
  string(12) "auepromocoes"
}
string(23) "jeunesse_bycrislafratta"
string(25) "Cantidad de follows = 185"
<br><br><br>string(12) "lily.s.alves"
string(26) "Cantidad de follows = 2073"
<br><br><br>string(10) "powerlook_"
string(27) "Cantidad de follows = 61218"
<br><br><br>object(stdClass)#12 (2) {
  ["id"]=>
  string(3) "245"
  ["login"]=>
  string(18) "xodozinho.retratos"
}
object(stdClass)#22 (2) {
  ["id"]=>
  string(3) "867"
  ["login"]=>
  string(14) "joaovictorjvb1"
}
object(stdClass)#12 (2) {
  ["id"]=>
  string(4) "1059"
  ["login"]=>
  string(8) "graverrj"
}
string(7) "ma_luco"
string(27) "Cantidad de follows = 28571"
<br><br><br>string(12) "carlloooooss"
string(26) "Cantidad de follows = 1297"
<br><br><br>string(15) "sapatodochef.pa"
string(26) "Cantidad de follows = 2360"
<br><br><br>object(stdClass)#219 (2) {
  ["id"]=>
  string(4) "2175"
  ["login"]=>
  string(10) "vireiloira"
}
string(18) "mercadomodelobahia"
string(26) "Cantidad de follows = 9077"
<br><br><br>string(11) "thayscalmon"
string(26) "Cantidad de follows = 5310"
<br><br><br>string(11) "decoremundo"
string(27) "Cantidad de follows = 14317"
<br><br><br>string(9) "decorcool"
string(23) "Cantidad de follows = 7"
<br><br><br>string(8) "fragabar"
string(26) "Cantidad de follows = 4384"
<br><br><br>string(8) "lorenaym"
string(24) "Cantidad de follows = 77"
<br><br><br>string(11) "pamelaotero"
string(27) "Cantidad de follows = 46091"
<br><br><br>string(19) "starpointcollection"
string(27) "Cantidad de follows = 12622"
<br><br><br>string(9) "katiacsdc"
string(27) "Cantidad de follows = 18379"
<br><br><br>string(14) "grazielialvess"
string(27) "Cantidad de follows = 21514"
<br><br><br>string(22) "dra_barbaravasconcelos"
string(27) "Cantidad de follows = 24677"
<br><br><br>string(21) "comandantedochurrasco"
string(27) "Cantidad de follows = 56603"
<br><br><br>string(12) "40antesdos40"
string(27) "Cantidad de follows = 28495"
<br><br><br>string(19) "intimissimisalvador"
string(27) "Cantidad de follows = 13344"
<br><br><br>string(16) "drricardopalacio"
string(27) "Cantidad de follows = 25990"
<br><br><br>string(12) "pollyruffini"
string(26) "Cantidad de follows = 7530"
<br><br><br>string(14) "carlos_skatmar"
string(26) "Cantidad de follows = 2352"
<br><br><br>string(10) "star_point"
string(27) "Cantidad de follows = 33027"
<br><br><br>string(8) "rruizmma"
string(27) "Cantidad de follows = 47040"
<br><br><br>string(8) "dumbu.09"
string(26) "Cantidad de follows = 7665"
<br><br><br>string(11) "sandrozion7"
string(27) "Cantidad de follows = 20987"
<br><br><br>string(17) "grandville_hoteis"
string(27) "Cantidad de follows = 12695"
<br><br><br>string(11) "josiasdiass"
string(27) "Cantidad de follows = 18075"
<br><br><br>string(18) "barbaracampospalma"
string(26) "Cantidad de follows = 8707"
<br><br><br>string(9) "telless13"
string(27) "Cantidad de follows = 14404"
<br><br><br>string(13) "bandamegafire"
string(27) "Cantidad de follows = 23302"
<br><br><br>string(17) "sosoportunidade10"
string(25) "Cantidad de follows = 965"
<br><br><br>string(18) "academia_king_thai"
string(26) "Cantidad de follows = 5077"
<br><br><br>string(13) "renatafontany"
string(27) "Cantidad de follows = 33716"
<br><br><br>string(14) "cabelosaugusto"
string(27) "Cantidad de follows = 23788"
<br><br><br>string(14) "brunocerqueira"
string(27) "Cantidad de follows = 10517"
<br><br><br>string(10) "noxboymike"
string(26) "Cantidad de follows = 5441"
<br><br><br>string(20) "juliobaptistaoficial"
string(28) "Cantidad de follows = 250994"
<br><br><br>string(21) "ateliermarielamoreira"
string(27) "Cantidad de follows = 15860"
<br><br><br>object(stdClass)#178 (2) {
  ["id"]=>
  string(5) "11096"
  ["login"]=>
  string(12) "michaelletjp"
}
object(stdClass)#173 (2) {
  ["id"]=>
  string(5) "11099"
  ["login"]=>
  string(13) "agostochuvoso"
}
string(11) "insultedboy"
string(26) "Cantidad de follows = 3509"
<br><br><br>string(11) "weilla_morg"
string(25) "Cantidad de follows = 940"
<br><br><br>string(11) "raphabritoo"
string(27) "Cantidad de follows = 16047"
<br><br><br>string(10) "vinihveiga"
string(26) "Cantidad de follows = 4067"
<br><br><br>object(stdClass)#175 (2) {
  ["id"]=>
  string(5) "11131"
  ["login"]=>
  string(14) "deliciasdoronk"
}
string(16) "duuduuzinhosilva"
string(26) "Cantidad de follows = 3045"
<br><br><br>string(9) "carlosbsg"
string(25) "Cantidad de follows = 924"
<br><br><br>string(12) "danndourado0"
string(27) "Cantidad de follows = 15343"
<br><br><br>string(7) "biel312"
string(23) "Cantidad de follows = 9"
<br><br><br>string(11) "caiogrunupp"
string(26) "Cantidad de follows = 3309"
<br><br><br>string(11) "paullonunan"
string(26) "Cantidad de follows = 1434"
<br><br><br>string(12) "pablodiego15"
string(26) "Cantidad de follows = 1129"
<br><br><br>object(stdClass)#149 (2) {
  ["id"]=>
  string(5) "11230"
  ["login"]=>
  string(16) "_luferreiranunes"
}
string(14) "natan_mantelli"
string(25) "Cantidad de follows = 796"
<br><br><br>string(17) "antoniocarlos3627"
string(24) "Cantidad de follows = 45"
<br><br><br>string(11) "365_indubai"
string(27) "Cantidad de follows = 22076"
<br><br><br>object(stdClass)#64 (2) {
  ["id"]=>
  string(5) "11239"
  ["login"]=>
  string(12) "ceottosinuhe"
}
string(14) "vitoriaabritto"
string(27) "Cantidad de follows = 40247"
<br><br><br>string(11) "lojaoperapc"
string(27) "Cantidad de follows = 23936"
<br><br><br>string(12) "huealimentos"
string(26) "Cantidad de follows = 5171"
<br><br><br>string(13) "kstimportados"
string(26) "Cantidad de follows = 4370"
<br><br><br>string(7) "wi11see"
string(27) "Cantidad de follows = 11466"
<br><br><br>string(12) "s7_producoes"
string(26) "Cantidad de follows = 5990"
<br><br><br>string(12) "gabrielaribi"
string(26) "Cantidad de follows = 7614"
<br><br><br>string(17) "brunosennaimagens"
string(27) "Cantidad de follows = 13176"
<br><br><br>string(14) "maycowmontemor"
string(27) "Cantidad de follows = 32553"
<br><br><br>string(14) "alinemarcovici"
string(27) "Cantidad de follows = 18492"
<br><br><br>string(10) "junior.dev"
string(27) "Cantidad de follows = 17619"
<br><br><br>string(13) "amaassessoria"
string(26) "Cantidad de follows = 7631"
<br><br><br>string(11) "julisciotto"
string(27) "Cantidad de follows = 25512"
<br><br><br>string(14) "draalinehsilva"
string(27) "Cantidad de follows = 20138"
<br><br><br>string(13) "rodasemotores"
string(27) "Cantidad de follows = 14619"
<br><br><br>string(15) "claracamposmaya"
string(26) "Cantidad de follows = 4317"
<br><br><br>string(19) "thamaraelisa.tattoo"
string(27) "Cantidad de follows = 14251"
<br><br><br>string(15) "megaminassports"
string(26) "Cantidad de follows = 6768"
<br><br><br>string(16) "agencia_portal37"
string(26) "Cantidad de follows = 3314"
<br><br><br>object(stdClass)#157 (2) {
  ["id"]=>
  string(5) "11792"
  ["login"]=>
  string(14) "hf_metalurgica"
}
string(13) "grillegourmet"
string(26) "Cantidad de follows = 5107"
<br><br><br>string(11) "davidkapper"
string(27) "Cantidad de follows = 13079"
<br><br><br>string(11) "7chavesfoto"
string(27) "Cantidad de follows = 11007"
<br><br><br>string(11) "joiaskether"
string(27) "Cantidad de follows = 19550"
<br><br><br>string(14) "luziasantana33"
string(28) "Cantidad de follows = 235643"
<br><br><br>string(13) "thiagovaleiro"
string(26) "Cantidad de follows = 3817"
<br><br><br>object(stdClass)#77 (2) {
  ["id"]=>
  string(5) "12434"
  ["login"]=>
  string(9) "dupicasso"
}
string(11) "laura_bergo"
string(26) "Cantidad de follows = 6409"
<br><br><br>string(15) "dra.raphabecker"
string(27) "Cantidad de follows = 19701"
<br><br><br>string(8) "letdaher"
string(27) "Cantidad de follows = 28251"
<br><br><br>string(9) "dgarciia_"
string(25) "Cantidad de follows = 865"
<br><br><br>string(10) "joaosurf12"
string(24) "Cantidad de follows = 97"
<br><br><br>string(8) "itsandco"
string(27) "Cantidad de follows = 21272"
<br><br><br>string(10) "ela_andrea"
string(27) "Cantidad de follows = 22474"
<br><br><br>string(14) "nafurtadocakes"
string(26) "Cantidad de follows = 6657"
<br><br><br>string(18) "castrolautoservice"
string(26) "Cantidad de follows = 9318"
<br><br><br>string(9) "livdrinks"
string(27) "Cantidad de follows = 47423"
<br><br><br>string(18) "portalautoshopping"
string(27) "Cantidad de follows = 12153"
<br><br><br>string(20) "manu.mamaeaoquadrado"
string(26) "Cantidad de follows = 9607"
<br><br><br>string(15) "odontowebschool"
string(27) "Cantidad de follows = 10537"
<br><br><br>string(9) "abarkeria"
string(27) "Cantidad de follows = 33541"
<br><br><br>object(stdClass)#188 (2) {
  ["id"]=>
  string(5) "15166"
  ["login"]=>
  string(14) "__fehholiveira"
}
string(10) "ninabaking"
string(26) "Cantidad de follows = 8991"
<br><br><br>string(10) "jgiordanoo"
string(27) "Cantidad de follows = 12481"
<br><br><br>string(18) "domhairfelippewill"
string(27) "Cantidad de follows = 11626"
<br><br><br>string(7) "pbpetti"
string(27) "Cantidad de follows = 39566"
<br><br><br>string(10) "psych0wolf"
string(25) "Cantidad de follows = 401"
<br><br><br>string(8) "andreiso"
string(26) "Cantidad de follows = 9578"
<br><br><br>string(13) "biadiascoelho"
string(26) "Cantidad de follows = 4881"
<br><br><br>string(8) "mytrips7"
string(25) "Cantidad de follows = 526"
<br><br><br>string(13) "directdireito"
string(27) "Cantidad de follows = 11156"
<br><br><br>string(12) "patrickvalle"
string(26) "Cantidad de follows = 3544"
<br><br><br>string(21) "lucianalauferofficial"
string(27) "Cantidad de follows = 18916"
<br><br><br>string(10) "flavia_vdr"
string(27) "Cantidad de follows = 11257"
<br><br><br>object(stdClass)#104 (2) {
  ["id"]=>
  string(5) "16861"
  ["login"]=>
  string(14) "mickael_cortes"
}
string(16) "helder_del_monte"
string(27) "Cantidad de follows = 17130"
<br><br><br>string(18) "physicalpilates_bh"
string(26) "Cantidad de follows = 5596"
<br><br><br>string(13) "faleiroslaura"
string(27) "Cantidad de follows = 12920"
<br><br><br>string(11) "dannysetudo"
string(27) "Cantidad de follows = 10974"
<br><br><br>string(15) "portodepiranhas"
string(27) "Cantidad de follows = 10449"
<br><br><br>string(24) "contadordehistoriasreais"
string(27) "Cantidad de follows = 32830"
<br><br><br>string(6) "guil38"
string(26) "Cantidad de follows = 6698"
<br><br><br>string(22) "vacationhomeneardisney"
string(27) "Cantidad de follows = 19586"
<br><br><br>string(16) "drguilhermecravo"
string(26) "Cantidad de follows = 3155"
<br><br><br>string(6) "ossmkt"
string(26) "Cantidad de follows = 5285"
<br><br><br>string(10) "jhoneheber"
string(27) "Cantidad de follows = 23418"
<br><br><br>string(20) "justiniano0_official"
string(26) "Cantidad de follows = 2974"
<br><br><br>string(15) "sao_os_caipiras"
string(26) "Cantidad de follows = 9440"
<br><br><br>string(9) "acerickrj"
string(27) "Cantidad de follows = 12335"
<br><br><br>string(15) "leandrogarciadj"
string(27) "Cantidad de follows = 19657"
<br><br><br>string(14) "osnirhamburger"
string(26) "Cantidad de follows = 6904"
<br><br><br>string(8) "dutruffi"
string(27) "Cantidad de follows = 14124"
<br><br><br>string(9) "lschuback"
string(26) "Cantidad de follows = 7816"
<br><br><br>object(stdClass)#116 (2) {
  ["id"]=>
  string(5) "18103"
  ["login"]=>
  string(22) "denisegoncalves.santos"
}
string(14) "ethianemarques"
string(25) "Cantidad de follows = 689"
<br><br><br>string(10) "synaraleal"
string(27) "Cantidad de follows = 16305"
<br><br><br>string(8) "trinjune"
string(23) "Cantidad de follows = 0"
<br><br><br>string(12) "holy_popcorn"
string(27) "Cantidad de follows = 10767"
<br><br><br>string(9) "eltranvia"
string(27) "Cantidad de follows = 16227"
<br><br><br>string(19) "diegogoulartoficial"
string(27) "Cantidad de follows = 20476"
<br><br><br>string(15) "cartolinadesign"
string(26) "Cantidad de follows = 5711"
<br><br><br>string(9) "quarto_22"
string(26) "Cantidad de follows = 5841"
<br><br><br>string(10) "blogdakeli"
string(24) "Cantidad de follows = 12"
<br><br><br>object(stdClass)#26 (2) {
  ["id"]=>
  string(5) "18816"
  ["login"]=>
  string(10) "lefitnessb"
}
string(9) "awsmining"
string(26) "Cantidad de follows = 4790"
<br><br><br>string(13) "willianabrito"
string(26) "Cantidad de follows = 6717"
<br><br><br>string(23) "eusoutestemunhadogolias"
string(25) "Cantidad de follows = 204"
<br><br><br>string(16) "tumsoundfestival"
string(26) "Cantidad de follows = 1575"
<br><br><br>string(18) "casalbioequilibrio"
string(27) "Cantidad de follows = 11493"
<br><br><br>string(13) "mimosearomaas"
string(27) "Cantidad de follows = 11181"
<br><br><br>object(stdClass)#12 (2) {
  ["id"]=>
  string(5) "19152"
  ["login"]=>
  string(17) "gventurinpersonal"
}
string(9) "fastfitsc"
string(26) "Cantidad de follows = 3575"
<br><br><br>string(11) "raif_tattoo"
string(27) "Cantidad de follows = 13271"
<br><br><br>string(10) "hustler.hc"
string(26) "Cantidad de follows = 2448"
<br><br><br>string(9) "isarengel"
string(26) "Cantidad de follows = 6786"
<br><br><br>string(12) "solus_online"
string(26) "Cantidad de follows = 4150"
<br><br><br>string(11) "refugiohoje"
string(27) "Cantidad de follows = 12391"
<br><br><br>string(13) "nati.fressato"
string(26) "Cantidad de follows = 7197"
<br><br><br>string(17) "calcadospaubrasil"
string(26) "Cantidad de follows = 8248"
<br><br><br>string(10) "daly_store"
string(27) "Cantidad de follows = 21721"
<br><br><br>string(11) "angelosciao"
string(26) "Cantidad de follows = 5223"
<br><br><br>string(6) "fuinha"
string(25) "Cantidad de follows = 193"
<br><br><br>string(10) "kombi_krug"
string(25) "Cantidad de follows = 509"
<br><br><br>string(12) "rekombinando"
string(26) "Cantidad de follows = 5957"
<br><br><br>string(15) "blogdasusantoss"
string(26) "Cantidad de follows = 5393"
<br><br><br>string(15) "diadeacessorios"
string(26) "Cantidad de follows = 2309"
<br><br><br>string(18) "christians.pereira"
string(26) "Cantidad de follows = 3760"
<br><br><br>string(28) "pedrowilsonrodriguespimentel"
string(26) "Cantidad de follows = 7680"
<br><br><br>string(15) "atelieluizrocha"
string(27) "Cantidad de follows = 10177"
<br><br><br>string(12) "bibiscamargo"
string(26) "Cantidad de follows = 2025"
<br><br><br>string(16) "centerperfumaria"
string(26) "Cantidad de follows = 5501"
<br><br><br>string(10) "pmelorocha"
string(26) "Cantidad de follows = 6349"
<br><br><br>object(stdClass)#202 (2) {
  ["id"]=>
  string(5) "20149"
  ["login"]=>
  string(14) "thaliaalvesdec"
}
string(12) "yasminndias_"
string(26) "Cantidad de follows = 9303"
<br><br><br>string(17) "jb_alves_educador"
string(26) "Cantidad de follows = 3564"
<br><br><br>string(24) "leonardosantosfotografia"
string(27) "Cantidad de follows = 39568"
<br><br><br>string(8) "sporttot"
string(24) "Cantidad de follows = 23"
<br><br><br>object(stdClass)#89 (2) {
  ["id"]=>
  string(5) "20503"
  ["login"]=>
  string(8) "chandler"
}
string(13) "ayllesantiago"
string(28) "Cantidad de follows = 144162"
<br><br><br>string(12) "maisonbiarro"
string(27) "Cantidad de follows = 31041"
<br><br><br>string(15) "iselamendozadec"
string(26) "Cantidad de follows = 6464"
<br><br><br>string(9) "bamboh.pt"
string(26) "Cantidad de follows = 2602"
<br><br><br>string(12) "redeentropia"
string(26) "Cantidad de follows = 5873"
<br><br><br>object(stdClass)#23 (2) {
  ["id"]=>
  string(5) "20682"
  ["login"]=>
  string(11) "farmapharma"
}
string(18) "calabriapizzariarj"
string(26) "Cantidad de follows = 2457"
<br><br><br>object(stdClass)#23 (2) {
  ["id"]=>
  string(5) "20818"
  ["login"]=>
  string(20) "cadillacs.pastelaria"
}
object(stdClass)#110 (2) {
  ["id"]=>
  string(5) "20927"
  ["login"]=>
  string(25) "missionariojairodossantos"
}
object(stdClass)#23 (2) {
  ["id"]=>
  string(5) "21062"
  ["login"]=>
  string(13) "jesuisluciano"
}
object(stdClass)#110 (2) {
  ["id"]=>
  string(5) "21230"
  ["login"]=>
  string(9) "vikatorsc"
}
string(19) "nicollystoreoficial"
string(26) "Cantidad de follows = 7583"
<br><br><br>object(stdClass)#110 (2) {
  ["id"]=>
  string(5) "21368"
  ["login"]=>
  string(18) "ricardoribeiro0013"
}
string(24) "ramossegurancaeletronica"
string(26) "Cantidad de follows = 3285"
<br><br><br>string(18) "camacariplazahotel"
string(26) "Cantidad de follows = 6323"
<br><br><br>string(13) "_telesgabriel"
string(26) "Cantidad de follows = 3154"
<br><br><br>string(12) "fbfabiolopes"
string(26) "Cantidad de follows = 8916"
<br><br><br>object(stdClass)#148 (2) {
  ["id"]=>
  string(5) "21517"
  ["login"]=>
  string(23) "biscuitporvictorialeite"
}
string(10) "trapburger"
string(26) "Cantidad de follows = 2624"
<br><br><br>string(20) "shoppingcasaedesign_"
string(26) "Cantidad de follows = 8861"
<br><br><br>string(9) "samiilly_"
string(27) "Cantidad de follows = 18409"
<br><br><br>object(stdClass)#165 (2) {
  ["id"]=>
  string(5) "21731"
  ["login"]=>
  string(9) "conhecaes"
}
string(7) "loirasn"
string(25) "Cantidad de follows = 193"
<br><br><br>string(15) "santasticauniao"
string(26) "Cantidad de follows = 6264"
<br><br><br>string(19) "embraconcondominios"
string(26) "Cantidad de follows = 4902"
<br><br><br>string(17) "hamburguinhomoema"
string(27) "Cantidad de follows = 61168"
<br><br><br>string(14) "vilmamartins_7"
string(26) "Cantidad de follows = 1309"
<br><br><br>string(12) "leticiajural"
string(26) "Cantidad de follows = 8454"
<br><br><br>string(8) "_zero100"
string(27) "Cantidad de follows = 52024"
<br><br><br>string(20) "lionrollingcircusrio"
string(27) "Cantidad de follows = 14896"
<br><br><br>string(9) "_nerdjunk"
string(26) "Cantidad de follows = 5330"
<br><br><br>string(10) "pilotelton"
string(27) "Cantidad de follows = 11418"
<br><br><br>string(14) "marcioancelmoo"
string(26) "Cantidad de follows = 4942"
<br><br><br>object(stdClass)#201 (2) {
  ["id"]=>
  string(5) "22627"
  ["login"]=>
  string(18) "lucaswiliamsoliver"
}
string(14) "kevinlorenzorj"
string(26) "Cantidad de follows = 3363"
<br><br><br>object(stdClass)#201 (2) {
  ["id"]=>
  string(5) "22701"
  ["login"]=>
  string(21) "falandodemaquiagem_01"
}
string(13) "georgemuchuli"
string(26) "Cantidad de follows = 7733"
<br><br><br>string(15) "wendell_alvess_"
string(24) "Cantidad de follows = 94"
<br><br><br>object(stdClass)#63 (2) {
  ["id"]=>
  string(5) "22786"
  ["login"]=>
  string(6) "jpzk02"
}
object(stdClass)#54 (2) {
  ["id"]=>
  string(5) "22791"
  ["login"]=>
  string(13) "rodrigues.exe"
}
object(stdClass)#63 (2) {
  ["id"]=>
  string(5) "22915"
  ["login"]=>
  string(10) "5000covers"
}
string(18) "marciomouraoficial"
string(27) "Cantidad de follows = 12476"
<br><br><br>object(stdClass)#63 (2) {
  ["id"]=>
  string(5) "23135"
  ["login"]=>
  string(15) "daniak_boutique"
}
string(23) "formatacaotccmonografia"
string(24) "Cantidad de follows = 96"
<br><br><br>string(6) "nekkow"
string(24) "Cantidad de follows = 15"
<br><br><br>string(5) "lucao"
string(25) "Cantidad de follows = 562"
<br><br><br>string(6) "lucao2"
string(25) "Cantidad de follows = 594"
<br><br><br>string(13) "marcelomarkes"
string(27) "Cantidad de follows = 19942"
<br><br><br>string(14) "dl_beautysalon"
string(26) "Cantidad de follows = 1957"
<br><br><br>string(15) "ariadinebarreto"
string(27) "Cantidad de follows = 14451"
<br><br><br>string(13) "canalsemjacar"
string(27) "Cantidad de follows = 14142"
<br><br><br>string(11) "hiratabreno"
string(27) "Cantidad de follows = 12527"
<br><br><br>string(14) "erickspimentel"
string(26) "Cantidad de follows = 2018"
<br><br><br>string(12) "jessicaiwata"
string(27) "Cantidad de follows = 34216"
<br><br><br>string(14) "dnaphotoevideo"
string(27) "Cantidad de follows = 29195"
<br><br><br>string(18) "gamecenterpaulista"
string(27) "Cantidad de follows = 10329"
<br><br><br>string(10) "pacofishrd"
string(26) "Cantidad de follows = 8046"
<br><br><br>string(14) "qualityhotelsd"
string(26) "Cantidad de follows = 1203"
<br><br><br>string(17) "isabellabofficial"
string(27) "Cantidad de follows = 13921"
<br><br><br>string(13) "alialioficial"
string(25) "Cantidad de follows = 673"
<br><br><br>string(15) "barbeariadoneno"
string(27) "Cantidad de follows = 13614"
<br><br><br>string(10) "plagamba01"
string(26) "Cantidad de follows = 2709"
<br><br><br>string(11) "oscarcauchi"
string(26) "Cantidad de follows = 3598"
<br><br><br>string(7) "18laras"
string(26) "Cantidad de follows = 1822"
<br><br><br>string(16) "entreomarealagoa"
string(26) "Cantidad de follows = 1695"
<br><br><br>string(9) "darlanred"
string(27) "Cantidad de follows = 21243"
<br><br><br>string(15) "riolisboabrasil"
string(25) "Cantidad de follows = 205"
<br><br><br>string(12) "studio4cinco"
string(26) "Cantidad de follows = 4928"
<br><br><br>string(13) "fabriciofabre"
string(26) "Cantidad de follows = 8620"
<br><br><br>string(22) "suamusicapersonalizada"
string(27) "Cantidad de follows = 11697"
<br><br><br>string(8) "kevinvem"
string(23) "Cantidad de follows = 5"
<br><br><br>string(12) "djallannatal"
string(27) "Cantidad de follows = 29950"
<br><br><br>string(15) "polpasempreviva"
string(27) "Cantidad de follows = 34368"
<br><br><br>string(9) "eccgamers"
string(25) "Cantidad de follows = 170"
<br><br><br>string(8) "kessyaaa"
string(27) "Cantidad de follows = 11017"
<br><br><br>string(8) "celparra"
string(27) "Cantidad de follows = 10695"
<br><br><br>object(stdClass)#16 (2) {
  ["id"]=>
  string(5) "25524"
  ["login"]=>
  string(11) "tompson9345"
}
string(13) "mayconbarroco"
string(27) "Cantidad de follows = 18529"
<br><br><br>string(9) "caiocesar"
string(24) "Cantidad de follows = 87"
<br><br><br>object(stdClass)#107 (2) {
  ["id"]=>
  string(5) "25968"
  ["login"]=>
  string(8) "lil.fama"
}
string(12) "institutoybi"
string(27) "Cantidad de follows = 17864"
<br><br><br>object(stdClass)#107 (2) {
  ["id"]=>
  string(5) "26183"
  ["login"]=>
  string(14) "andresa_lebens"
}
object(stdClass)#149 (2) {
  ["id"]=>
  string(5) "26226"
  ["login"]=>
  string(7) "yuryv05"
}
string(15) "eliana_casimiro"
string(26) "Cantidad de follows = 5594"
<br><br><br>string(11) "maloohstore"
string(26) "Cantidad de follows = 3843"
<br><br><br>string(16) "simplesmenteamei"
string(27) "Cantidad de follows = 16029"
<br><br><br>string(16) "drraphaelmarques"
string(27) "Cantidad de follows = 21312"
<br><br><br>string(10) "casazunzun"
string(26) "Cantidad de follows = 5891"
<br><br><br>string(14) "draraymedeiros"
string(26) "Cantidad de follows = 1562"
<br><br><br>string(21) "lucaslermenfotografia"
string(27) "Cantidad de follows = 15379"
<br><br><br>string(16) "bracholuismiguel"
string(25) "Cantidad de follows = 841"
<br><br><br>string(17) "draflaviasgavioli"
string(27) "Cantidad de follows = 42059"
<br><br><br>string(16) "rafamello_cantor"
string(26) "Cantidad de follows = 9049"
<br><br><br>string(13) "gabinassyrios"
string(27) "Cantidad de follows = 28369"
<br><br><br>string(13) "cardosodani78"
string(25) "Cantidad de follows = 404"
<br><br><br>object(stdClass)#25 (2) {
  ["id"]=>
  string(5) "27362"
  ["login"]=>
  string(9) "k123silva"
}
string(9) "labotique"
string(25) "Cantidad de follows = 275"
<br><br><br>string(11) "eco.noronha"
string(26) "Cantidad de follows = 1072"
<br><br><br>string(13) "gelottisports"
string(26) "Cantidad de follows = 6286"
<br><br><br>string(13) "bombeefsantos"
string(27) "Cantidad de follows = 71556"
<br><br><br>string(15) "parvathi_brasil"
string(26) "Cantidad de follows = 8867"
<br><br><br>string(9) "lobotique"
string(26) "Cantidad de follows = 6661"
<br><br><br>string(8) "talincas"
string(27) "Cantidad de follows = 22533"
<br><br><br>string(21) "visagismofacial_drika"
string(25) "Cantidad de follows = 752"
<br><br><br>string(13) "bakwarabrasil"
string(26) "Cantidad de follows = 1563"
<br><br><br>string(19) "carlabarcellosjoias"
string(27) "Cantidad de follows = 11496"
<br><br><br>string(16) "programagameover"
string(26) "Cantidad de follows = 1100"
<br><br><br>string(15) "aafrodite.store"
string(26) "Cantidad de follows = 5711"
<br><br><br>string(12) "rogiacomello"
string(26) "Cantidad de follows = 1426"
<br><br><br>string(11) "solvebrazil"
string(26) "Cantidad de follows = 1162"
<br><br><br>string(16) "drafernandavolpi"
string(27) "Cantidad de follows = 12429"
<br><br><br>object(stdClass)#115 (2) {
  ["id"]=>
  string(5) "27722"
  ["login"]=>
  string(14) "maribel.silent"
}
string(13) "miocheoficial"
string(27) "Cantidad de follows = 46052"
<br><br><br>string(11) "daylipadron"
string(26) "Cantidad de follows = 8647"
<br><br><br>string(14) "mercadolabarra"
string(26) "Cantidad de follows = 4728"
<br><br><br>string(10) "naraabreuu"
string(26) "Cantidad de follows = 4506"
<br><br><br>string(8) "lukmodas"
string(26) "Cantidad de follows = 8286"
<br><br><br>string(21) "girlsgardenacessorios"
string(26) "Cantidad de follows = 2004"
<br><br><br>string(13) "capimlimaomga"
string(26) "Cantidad de follows = 5802"
<br><br><br>string(15) "maxpremiumjeans"
string(26) "Cantidad de follows = 8495"
<br><br><br>string(8) "bruna.fb"
string(27) "Cantidad de follows = 21092"
<br><br><br>string(14) "na_cara_do_gol"
string(26) "Cantidad de follows = 3034"
<br><br><br>string(13) "jessicacytrus"
string(27) "Cantidad de follows = 29999"
<br><br><br>string(11) "cyrofuziama"
string(27) "Cantidad de follows = 25029"
<br><br><br>string(11) "thaycomfome"
string(27) "Cantidad de follows = 27109"
<br><br><br>string(10) "dankana_dk"
string(26) "Cantidad de follows = 8931"
<br><br><br>string(13) "vivimaquiagem"
string(26) "Cantidad de follows = 3453"
<br><br><br>string(14) "fshirtsdesigns"
string(25) "Cantidad de follows = 368"
<br><br><br>string(15) "closetdasduasto"
string(27) "Cantidad de follows = 14645"
<br><br><br>object(stdClass)#169 (2) {
  ["id"]=>
  string(5) "28069"
  ["login"]=>
  string(14) "rosaduartelash"
}
string(11) "gardelmaroz"
string(26) "Cantidad de follows = 6617"
<br><br><br>object(stdClass)#169 (2) {
  ["id"]=>
  string(5) "28080"
  ["login"]=>
  string(16) "msanchescaroline"
}
object(stdClass)#15 (2) {
  ["id"]=>
  string(5) "28092"
  ["login"]=>
  string(9) "pri_avlis"
}
string(13) "ferefacrochet"
string(26) "Cantidad de follows = 9155"
<br><br><br>object(stdClass)#15 (2) {
  ["id"]=>
  string(5) "28099"
  ["login"]=>
  string(13) "menezesandree"
}
string(7) "nr_mini"
string(27) "Cantidad de follows = 11611"
<br><br><br>string(6) "dz9bnb"
string(26) "Cantidad de follows = 3791"
<br><br><br>object(stdClass)#26 (2) {
  ["id"]=>
  string(5) "28145"
  ["login"]=>
  string(20) "nossoapartamento_103"
}
string(18) "cheirinhodamariana"
string(26) "Cantidad de follows = 7683"
<br><br><br>object(stdClass)#26 (2) {
  ["id"]=>
  string(5) "28213"
  ["login"]=>
  string(15) "malucassimiro.r"
}
string(16) "alvomarketingagc"
string(26) "Cantidad de follows = 9382"
<br><br><br>string(17) "ilmiocasamentoios"
string(26) "Cantidad de follows = 4326"
<br><br><br>string(16) "dranayanepacheco"
string(28) "Cantidad de follows = 147963"
<br><br><br>string(24) "silvanonunes.hairstylist"
string(27) "Cantidad de follows = 26773"
<br><br><br>object(stdClass)#220 (2) {
  ["id"]=>
  string(5) "28276"
  ["login"]=>
  string(13) "tatyanealvess"
}
string(21) "closetdemulheroficial"
string(26) "Cantidad de follows = 4024"
<br><br><br>string(12) "maxiprodutos"
string(27) "Cantidad de follows = 20676"
<br><br><br>string(17) "drdanilopelegrino"
string(26) "Cantidad de follows = 5873"
<br><br><br>string(20) "mariaclaraguimaraes1"
string(27) "Cantidad de follows = 35500"
<br><br><br>string(15) "vitoria.mamedio"
string(26) "Cantidad de follows = 7605"
<br><br><br>string(12) "meirellesipc"
string(26) "Cantidad de follows = 1581"
<br><br><br>string(12) "luporluciana"
string(26) "Cantidad de follows = 8411"
<br><br><br>string(11) "andersonvoo"
string(26) "Cantidad de follows = 1059"
<br><br><br>string(14) "niqueferreiira"
string(27) "Cantidad de follows = 12311"
<br><br><br>string(15) "carlota_barnabe"
string(27) "Cantidad de follows = 12717"
<br><br><br>string(17) "drdanilopelegrino"
string(26) "Cantidad de follows = 5873"
<br><br><br>string(9) "lipinhuss"
string(26) "Cantidad de follows = 1786"
<br><br><br>string(13) "mayaramarkes_"
string(26) "Cantidad de follows = 8552"
<br><br><br>string(10) "ky2oficial"
string(26) "Cantidad de follows = 2640"
<br><br><br>string(11) "mendy_vivii"
string(26) "Cantidad de follows = 4318"
<br><br><br>object(stdClass)#129 (2) {
  ["id"]=>
  string(5) "28497"
  ["login"]=>
  string(21) "_medicinaintegrativa_"
}
string(25) "specialitycoffeegastropub"
string(25) "Cantidad de follows = 552"
<br><br><br>string(11) "carolsousas"
string(26) "Cantidad de follows = 3522"
<br><br><br>object(stdClass)#183 (2) {
  ["id"]=>
  string(5) "28517"
  ["login"]=>
  string(19) "martins_consultoria"
}
string(4) "fila"
string(25) "Cantidad de follows = 874"
<br><br><br>string(6) "reebok"
string(29) "Cantidad de follows = 2157936"
<br><br><br>string(8) "bindanvm"
string(26) "Cantidad de follows = 1505"
<br><br><br>string(18) "wesleyoliveirareal"
string(26) "Cantidad de follows = 2804"
<br><br><br>string(9) "indikqui_"
string(26) "Cantidad de follows = 1324"
<br><br><br>string(10) "luahungria"
string(26) "Cantidad de follows = 4477"
<br><br><br>object(stdClass)#117 (2) {
  ["id"]=>
  string(5) "28557"
  ["login"]=>
  string(10) "kaahcintra"
}
string(17) "reabilitar.studio"
string(26) "Cantidad de follows = 5903"
<br><br><br>string(9) "amaraljej"
string(25) "Cantidad de follows = 619"
<br><br><br>string(14) "websterramalho"
string(25) "Cantidad de follows = 729"
<br><br><br>string(24) "vida_sol_e_mar_ecoresort"
string(26) "Cantidad de follows = 7228"
<br><br><br>string(10) "aco_brasil"
string(26) "Cantidad de follows = 3438"
<br><br><br>string(13) "desafioadois2"
string(26) "Cantidad de follows = 6945"
<br><br><br>string(10) "joaozaneti"
string(27) "Cantidad de follows = 13149"
<br><br><br>string(12) "karbofitness"
string(27) "Cantidad de follows = 10940"
<br><br><br>string(12) "nayaranouber"
string(27) "Cantidad de follows = 18412"
<br><br><br>object(stdClass)#173 (2) {
  ["id"]=>
  string(5) "28654"
  ["login"]=>
  string(11) "ellenrauber"
}
object(stdClass)#22 (2) {
  ["id"]=>
  string(5) "28657"
  ["login"]=>
  string(14) "reserveviagens"
}
string(17) "ingrid_ferreira25"
string(25) "Cantidad de follows = 178"
<br><br><br>string(20) "neovita_fisioterapia"
string(26) "Cantidad de follows = 5056"
<br><br><br>string(17) "dunashookahlounge"
string(26) "Cantidad de follows = 9080"
<br><br><br>string(15) "emporio.forever"
string(25) "Cantidad de follows = 267"
<br><br><br>object(stdClass)#87 (2) {
  ["id"]=>
  string(5) "28678"
  ["login"]=>
  string(16) "mariakarencosta_"
}
string(13) "pretta_araujo"
string(27) "Cantidad de follows = 11875"
<br><br><br>string(18) "theo_kate_ragdolls"
string(26) "Cantidad de follows = 8325"
<br><br><br>string(9) "xaanndii_"
string(26) "Cantidad de follows = 1260"
<br><br><br>string(10) "raquellsan"
string(27) "Cantidad de follows = 25964"
<br><br><br>string(11) "quatro_maos"
string(26) "Cantidad de follows = 4230"
<br><br><br>string(20) "apaudiovisualoficial"
string(25) "Cantidad de follows = 569"
<br><br><br>string(15) "gameoverworldmx"
string(24) "Cantidad de follows = 31"
<br><br><br>string(10) "macielcaio"
string(26) "Cantidad de follows = 3034"
<br><br><br>string(10) "pp_eventos"
string(26) "Cantidad de follows = 3656"
<br><br><br>string(15) "renatacanizares"
string(27) "Cantidad de follows = 13555"
<br><br><br>string(12) "dermatofarma"
string(26) "Cantidad de follows = 8804"
<br><br><br>string(14) "cinarafestasbh"
string(27) "Cantidad de follows = 39633"
<br><br><br>string(10) "mreissilva"
string(27) "Cantidad de follows = 24229"
<br><br><br>string(17) "minutoscomdelavec"
string(27) "Cantidad de follows = 14249"
<br><br><br>string(9) "lilispada"
string(28) "Cantidad de follows = 718773"
<br><br><br>string(13) "edersilveiram"
string(26) "Cantidad de follows = 4502"
<br><br><br>string(15) "rosanatiburtino"
string(26) "Cantidad de follows = 1029"
<br><br><br>string(18) "stopscapautomotivo"
string(26) "Cantidad de follows = 6127"
<br><br><br>object(stdClass)#201 (2) {
  ["id"]=>
  string(5) "28849"
  ["login"]=>
  string(8) "plasjowl"
}
string(12) "itzackcamila"
string(26) "Cantidad de follows = 1340"
<br><br><br>string(15) "eu_gabicarvalho"
string(26) "Cantidad de follows = 3005"
<br><br><br>string(13) "everttonviana"
string(27) "Cantidad de follows = 10067"
<br><br><br>string(17) "shirleyalesantana"
string(27) "Cantidad de follows = 28550"
<br><br><br>string(14) "leticiastoledo"
string(26) "Cantidad de follows = 2542"
<br><br><br>string(14) "drpedroferrari"
string(27) "Cantidad de follows = 39462"
<br><br><br>string(11) "itamixbazar"
string(26) "Cantidad de follows = 4798"
<br><br><br>string(13) "trader_amador"
string(25) "Cantidad de follows = 165"
<br><br><br>string(16) "isabellasanchess"
string(26) "Cantidad de follows = 3013"
<br><br><br>object(stdClass)#12 (2) {
  ["id"]=>
  string(5) "28962"
  ["login"]=>
  string(15) "tiagomennezes11"
}
string(12) "bunkersounds"
string(26) "Cantidad de follows = 1726"
<br><br><br>string(14) "timmycelulares"
string(25) "Cantidad de follows = 219"
<br><br><br>object(stdClass)#201 (2) {
  ["id"]=>
  string(5) "28988"
  ["login"]=>
  string(15) "programavitrina"
}
object(stdClass)#226 (2) {
  ["id"]=>
  string(5) "28990"
  ["login"]=>
  string(17) "acade_corpoeforma"
}
object(stdClass)#201 (2) {
  ["id"]=>
  string(5) "28993"
  ["login"]=>
  string(11) "atgaranhuns"
}
string(20) "annamaya_arquitetura"
string(26) "Cantidad de follows = 9517"
<br><br><br>string(8) "1kgdobom"
string(27) "Cantidad de follows = 14984"
<br><br><br>string(13) "livre.digital"
string(26) "Cantidad de follows = 3884"
<br><br><br>string(14) "rhuanpenaforte"
string(27) "Cantidad de follows = 10665"
<br><br><br>string(16) "restaurantebario"
string(26) "Cantidad de follows = 1444"
<br><br><br>string(21) "felippeturtransportes"
string(26) "Cantidad de follows = 5722"
<br><br><br>string(15) "solarlifeenergy"
string(25) "Cantidad de follows = 551"
<br><br><br>string(18) "vinteumcomunicacao"
string(25) "Cantidad de follows = 575"
<br><br><br>string(18) "auto_escolaatitude"
string(26) "Cantidad de follows = 2037"
<br><br><br>string(13) "carollremigio"
string(26) "Cantidad de follows = 1062"
<br><br><br>string(20) "txcambioeturismo_rio"
string(26) "Cantidad de follows = 1288"
<br><br><br>string(13) "riveauxmerino"
string(26) "Cantidad de follows = 5451"
<br><br><br>string(15) "carneslaceleste"
string(26) "Cantidad de follows = 3020"
<br><br><br>string(11) "heroairsoft"
string(26) "Cantidad de follows = 3841"
<br><br><br>string(19) "brechoandreaventuro"
string(27) "Cantidad de follows = 36641"
<br><br><br>string(9) "samiilly_"
string(27) "Cantidad de follows = 18409"
<br><br><br>string(14) "luigi_bemporad"
string(24) "Cantidad de follows = 54"
<br><br><br>string(13) "luiz_skydiver"
string(26) "Cantidad de follows = 9815"
<br><br><br>string(15) "luanmachado.arq"
string(26) "Cantidad de follows = 1837"
<br><br><br>string(12) "kaikfariastv"
string(26) "Cantidad de follows = 2128"
<br><br><br>string(16) "colegioguarapuvu"
string(23) "Cantidad de follows = 1"
<br><br><br>string(9) "guarapuvu"
string(26) "Cantidad de follows = 3130"
<br><br><br>string(13) "purocafajeste"
string(27) "Cantidad de follows = 34164"
<br><br><br>string(11) "a_deziderio"
string(26) "Cantidad de follows = 2069"
<br><br><br>object(stdClass)#69 (2) {
  ["id"]=>
  string(5) "29171"
  ["login"]=>
  string(16) "ranchotalisma_mg"
}
object(stdClass)#59 (2) {
  ["id"]=>
  string(5) "29178"
  ["login"]=>
  string(16) "maryana_araujooc"
}
string(13) "vitormagnusss"
string(27) "Cantidad de follows = 42453"
<br><br><br>string(20) "franciscosilva_alves"
string(25) "Cantidad de follows = 264"
<br><br><br>string(17) "mrandersonalmeida"
string(26) "Cantidad de follows = 6451"
<br><br><br>string(10) "inovaluxrj"
string(25) "Cantidad de follows = 189"
<br><br><br>string(17) "mixturinhafashion"
string(26) "Cantidad de follows = 2217"
<br><br><br>string(22) "danelonprimeacessorios"
string(26) "Cantidad de follows = 4829"
<br><br><br>object(stdClass)#244 (2) {
  ["id"]=>
  string(5) "29219"
  ["login"]=>
  string(7) "ruivabr"
}
string(17) "luizjatobaoficial"
string(27) "Cantidad de follows = 10289"
<br><br><br>string(8) "thhai97_"
string(26) "Cantidad de follows = 1642"
<br><br><br>string(10) "tiago_kuhn"
string(26) "Cantidad de follows = 2300"
<br><br><br>object(stdClass)#50 (2) {
  ["id"]=>
  string(5) "29228"
  ["login"]=>
  string(13) "tiolavinicius"
}
string(15) "crisoliveiravmk"
string(26) "Cantidad de follows = 2268"
<br><br><br>string(15) "wesleymichelini"
string(26) "Cantidad de follows = 2009"
<br><br><br>string(18) "raphaelacapobiango"
string(26) "Cantidad de follows = 5686"
<br><br><br>string(11) "castrolucas"
string(26) "Cantidad de follows = 3569"
<br><br><br>string(16) "masseriniosteria"
string(26) "Cantidad de follows = 6428"
<br><br><br>string(10) "alvesgilli"
string(26) "Cantidad de follows = 2008"
<br><br><br>string(10) "felippetur"
string(27) "Cantidad de follows = 21126"
<br><br><br>string(25) "rodrigo.embraconconsorcio"
string(26) "Cantidad de follows = 6283"
<br><br><br>string(14) "naotolendoisso"
string(26) "Cantidad de follows = 3724"
<br><br><br>string(24) "elizabet_insurance_agent"
string(25) "Cantidad de follows = 997"
<br><br><br>string(12) "elestore.rio"
string(26) "Cantidad de follows = 1884"
<br><br><br>string(14) "joannaa_aguiar"
string(25) "Cantidad de follows = 561"
<br><br><br>string(12) "ale.mmartins"
string(26) "Cantidad de follows = 1289"
<br><br><br>string(14) "ricvrdomoraes_"
string(26) "Cantidad de follows = 4069"
<br><br><br>string(16) "psgacademyrecife"
string(26) "Cantidad de follows = 4703"
<br><br><br>string(11) "diasluciano"
string(27) "Cantidad de follows = 16735"
<br><br><br>string(15) "othmanejennaoui"
string(27) "Cantidad de follows = 10935"
<br><br><br>string(14) "andresza_ramos"
string(26) "Cantidad de follows = 2006"
<br><br><br>string(23) "estetica.michelecamargo"
string(26) "Cantidad de follows = 3572"
<br><br><br>string(19) "fernandalima.decora"
string(26) "Cantidad de follows = 2135"
<br><br><br>string(13) "ghanabranding"
string(26) "Cantidad de follows = 6825"
<br><br><br>string(16) "binhorodriguess_"
string(26) "Cantidad de follows = 3552"
<br><br><br>string(14) "theblondedetox"
string(26) "Cantidad de follows = 3716"
<br><br><br>string(19) "oficialwinnieamaral"
string(27) "Cantidad de follows = 23868"
<br><br><br>string(19) "pezinhofirmenarocha"
string(28) "Cantidad de follows = 116228"
<br><br><br>string(11) "meempreenda"
string(26) "Cantidad de follows = 3621"
<br><br><br>string(14) "joseluizpontes"
string(25) "Cantidad de follows = 986"
<br><br><br>object(stdClass)#105 (2) {
  ["id"]=>
  string(5) "29486"
  ["login"]=>
  string(15) "eduarda.neves13"
}
object(stdClass)#12 (2) {
  ["id"]=>
  string(5) "29498"
  ["login"]=>
  string(20) "orlamodapraiaoficial"
}
string(17) "advocacia_messias"
string(26) "Cantidad de follows = 3329"
<br><br><br>string(18) "allbotequipamentos"
string(26) "Cantidad de follows = 2912"
<br><br><br>string(20) "emersonlopeshoficial"
string(27) "Cantidad de follows = 12561"
<br><br><br>string(11) "raissataini"
string(27) "Cantidad de follows = 34771"
<br><br><br>object(stdClass)#17 (2) {
  ["id"]=>
  string(5) "29527"
  ["login"]=>
  string(13) "menezesandree"
}
string(17) "jeferson__brandao"
string(27) "Cantidad de follows = 57561"
<br><br><br>string(10) "vivianeneu"
string(27) "Cantidad de follows = 28686"
<br><br><br>string(8) "dhougie_"
string(27) "Cantidad de follows = 13322"
<br><br><br>string(24) "andressamakeup_penteados"
string(26) "Cantidad de follows = 3045"
<br><br><br>string(13) "iracemaallves"
string(26) "Cantidad de follows = 7378"
<br><br><br>string(11) "renannunes2"
string(26) "Cantidad de follows = 5020"
<br><br><br>string(14) "natha.estetica"
string(26) "Cantidad de follows = 1908"
<br><br><br>string(19) "j.a.estudiodebeleza"
string(25) "Cantidad de follows = 185"
<br><br><br>string(12) "grafianafoto"
string(26) "Cantidad de follows = 9093"
<br><br><br>string(19) "thespacetimeripples"
string(26) "Cantidad de follows = 3368"
<br><br><br>string(14) "rubia_martinss"
string(28) "Cantidad de follows = 100677"
<br><br><br>string(23) "joseguilherme.consultor"
string(26) "Cantidad de follows = 1202"
<br><br><br>string(14) "emporiodifiori"
string(26) "Cantidad de follows = 2301"
<br><br><br>string(21) "viajandonaarquitetura"
string(26) "Cantidad de follows = 5139"
<br><br><br>string(14) "elitecenterfoz"
string(26) "Cantidad de follows = 2398"
<br><br><br>string(10) "yancasilva"
string(26) "Cantidad de follows = 3827"
<br><br><br>string(15) "doceriaanaester"
string(26) "Cantidad de follows = 3933"
<br><br><br>string(10) "kathguedes"
string(27) "Cantidad de follows = 43038"
<br><br><br>string(13) "tubaraocenter"
string(26) "Cantidad de follows = 6311"
<br><br><br>object(stdClass)#150 (2) {
  ["id"]=>
  string(5) "29702"
  ["login"]=>
  string(6) "zayrnm"
}
string(9) "chefeeddy"
string(27) "Cantidad de follows = 14193"
<br><br><br>string(10) "acasadecat"
string(27) "Cantidad de follows = 11568"
<br><br><br>string(20) "oficialforroperfeito"
string(27) "Cantidad de follows = 49155"
<br><br><br>string(14) "orabolasbrecho"
string(26) "Cantidad de follows = 2988"
<br><br><br>string(11) "thekingboy_"
string(27) "Cantidad de follows = 17737"
<br><br><br>string(15) "vanessa.wysocki"
string(26) "Cantidad de follows = 3586"
<br><br><br>string(11) "rique.silva"
string(26) "Cantidad de follows = 4984"
<br><br><br>string(22) "gabriellacarvalhostore"
string(27) "Cantidad de follows = 34090"
<br><br><br>string(14) "lojanowfitness"
string(26) "Cantidad de follows = 3971"
<br><br><br>string(8) "mapoiani"
string(26) "Cantidad de follows = 6166"
<br><br><br>string(14) "salaostudiosbc"
string(26) "Cantidad de follows = 1805"
<br><br><br>string(19) "studying_the_secret"
string(26) "Cantidad de follows = 2886"
<br><br><br>string(23) "studiohairinternacional"
string(26) "Cantidad de follows = 5419"
<br><br><br>string(9) "ahdireito"
string(26) "Cantidad de follows = 5435"
<br><br><br>string(7) "kabonkk"
string(26) "Cantidad de follows = 4024"
<br><br><br>string(10) "companyate"
string(25) "Cantidad de follows = 111"
<br><br><br>string(12) "djdavisantos"
string(26) "Cantidad de follows = 8392"
<br><br><br>string(14) "rafaellmoraess"
string(25) "Cantidad de follows = 841"
<br><br><br>object(stdClass)#139 (2) {
  ["id"]=>
  string(5) "29883"
  ["login"]=>
  string(12) "grupo.efraim"
}
object(stdClass)#104 (2) {
  ["id"]=>
  string(5) "29884"
  ["login"]=>
  string(17) "efraimhoteleflats"
}
string(30) "rpcontrollerinsetodedetizadora"
string(25) "Cantidad de follows = 165"
<br><br><br>string(12) "raunierporto"
string(26) "Cantidad de follows = 3092"
<br><br><br>string(11) "marciabotam"
string(26) "Cantidad de follows = 3869"
<br><br><br>object(stdClass)#26 (2) {
  ["id"]=>
  string(5) "29901"
  ["login"]=>
  string(8) "1jonhbjj"
}
object(stdClass)#134 (2) {
  ["id"]=>
  string(5) "29918"
  ["login"]=>
  string(9) "odeiopera"
}
object(stdClass)#26 (2) {
  ["id"]=>
  string(5) "29932"
  ["login"]=>
  string(11) "eufeearruda"
}
string(11) "tclaranunes"
string(26) "Cantidad de follows = 1830"
<br><br><br>string(19) "alaskaclothingstore"
string(26) "Cantidad de follows = 2292"
<br><br><br>string(14) "gkt_kickboxing"
string(26) "Cantidad de follows = 1666"
<br><br><br>string(19) "character.design.gk"
string(26) "Cantidad de follows = 1186"
<br><br><br>object(stdClass)#223 (2) {
  ["id"]=>
  string(5) "29964"
  ["login"]=>
  string(12) "blogdoarinos"
}
object(stdClass)#131 (2) {
  ["id"]=>
  string(5) "29965"
  ["login"]=>
  string(12) "bela.morenaa"
}
string(24) "leandroquelucifotografia"
string(26) "Cantidad de follows = 3234"
<br><br><br>string(19) "generalstorefitness"
string(26) "Cantidad de follows = 3858"
<br><br><br>string(15) "acervomodasda44"
string(26) "Cantidad de follows = 5696"
<br><br><br>string(12) "mama_costhay"
string(26) "Cantidad de follows = 4859"
<br><br><br>string(17) "ginetom_rodrigues"
string(26) "Cantidad de follows = 8097"
<br><br><br>string(13) "brunnooctavio"
string(25) "Cantidad de follows = 981"
<br><br><br>object(stdClass)#139 (2) {
  ["id"]=>
  string(5) "29996"
  ["login"]=>
  string(12) "doug0liveira"
}
string(10) "gutt_carol"
string(27) "Cantidad de follows = 12005"
<br><br><br>string(9) "hulkdutra"
string(27) "Cantidad de follows = 13366"
<br><br><br>string(16) "camilaguerreiroo"
string(26) "Cantidad de follows = 2368"
<br><br><br>string(15) "sandymakecabelo"
string(26) "Cantidad de follows = 6643"
<br><br><br>string(15) "copaciadvogados"
string(25) "Cantidad de follows = 682"
<br><br><br>string(18) "diegocamargotattoo"
string(26) "Cantidad de follows = 3398"
<br><br><br>string(17) "entretenimento.pe"
string(26) "Cantidad de follows = 3417"
<br><br><br>string(17) "alicemelomakehair"
string(26) "Cantidad de follows = 6803"
<br><br><br>object(stdClass)#175 (2) {
  ["id"]=>
  string(5) "30051"
  ["login"]=>
  string(11) "tuguinha.tv"
}
string(13) "rentar.com.do"
string(27) "Cantidad de follows = 11602"
<br><br><br>string(15) "eriosvaldodiniz"
string(26) "Cantidad de follows = 1629"
<br><br><br>string(11) "gustavo_ono"
string(26) "Cantidad de follows = 5624"
<br><br><br>string(9) "_brokerst"
string(25) "Cantidad de follows = 318"
<br><br><br>string(14) "lifeprojectone"
string(26) "Cantidad de follows = 1929"
<br><br><br>string(16) "disfranco.motors"
string(26) "Cantidad de follows = 3200"
<br><br><br>string(6) "bomf17"
string(25) "Cantidad de follows = 865"
<br><br><br>string(12) "aliicemello_"
string(26) "Cantidad de follows = 2669"
<br><br><br>object(stdClass)#226 (2) {
  ["id"]=>
  string(5) "30135"
  ["login"]=>
  string(11) "_bellaforma"
}
string(10) "bruruschel"
string(27) "Cantidad de follows = 11896"
<br><br><br>string(9) "murilooc7"
string(26) "Cantidad de follows = 4823"
<br><br><br>string(9) "a7madov95"
string(25) "Cantidad de follows = 246"
<br><br><br>string(7) "a_mayla"
string(25) "Cantidad de follows = 752"
<br><br><br>string(13) "lidiafeitosa4"
string(26) "Cantidad de follows = 2803"
<br><br><br>string(10) "smokeseila"
string(25) "Cantidad de follows = 656"
<br><br><br>string(10) "rikdelucca"
string(26) "Cantidad de follows = 3699"
<br><br><br>string(19) "corretoracavalcante"
string(25) "Cantidad de follows = 845"
<br><br><br>object(stdClass)#146 (2) {
  ["id"]=>
  string(5) "30218"
  ["login"]=>
  string(14) "thaisaschayder"
}
string(13) "hueskerbrasil"
string(26) "Cantidad de follows = 4015"
<br><br><br>string(22) "rodrigoranchodascabras"
string(25) "Cantidad de follows = 960"
<br><br><br>object(stdClass)#131 (2) {
  ["id"]=>
  string(5) "30232"
  ["login"]=>
  string(15) "arisson_jessica"
}
object(stdClass)#165 (2) {
  ["id"]=>
  string(5) "30257"
  ["login"]=>
  string(13) "nathaly_llima"
}
string(21) "laraharantes.piercing"
string(26) "Cantidad de follows = 3220"
<br><br><br>string(11) "maitemellim"
string(26) "Cantidad de follows = 1948"
<br><br><br>string(10) "criptobraz"
string(25) "Cantidad de follows = 728"
<br><br><br>string(14) "meuprojeto.fit"
string(26) "Cantidad de follows = 2191"
<br><br><br>object(stdClass)#85 (2) {
  ["id"]=>
  string(5) "30286"
  ["login"]=>
  string(15) "cmo_odontologia"
}
object(stdClass)#32 (2) {
  ["id"]=>
  string(5) "30293"
  ["login"]=>
  string(14) "ketellenfelix1"
}
string(14) "biel_do_cavaco"
string(27) "Cantidad de follows = 22395"
<br><br><br>string(9) "netto_ull"
string(25) "Cantidad de follows = 611"
<br><br><br>string(11) "nandokounat"
string(27) "Cantidad de follows = 19463"
<br><br><br>object(stdClass)#205 (2) {
  ["id"]=>
  string(5) "30317"
  ["login"]=>
  string(14) "easyartgrafica"
}
string(15) "studio_beauty15"
string(26) "Cantidad de follows = 1042"
<br><br><br>string(18) "julio_sosa_imoveis"
string(25) "Cantidad de follows = 795"
<br><br><br>string(10) "canelihome"
string(26) "Cantidad de follows = 3748"
<br><br><br>string(9) "josergm86"
string(26) "Cantidad de follows = 7207"
<br><br><br>string(11) "katiaalbany"
string(26) "Cantidad de follows = 4904"
<br><br><br>string(11) "leandramora"
string(26) "Cantidad de follows = 4663"
<br><br><br>object(stdClass)#26 (2) {
  ["id"]=>
  string(5) "30380"
  ["login"]=>
  string(7) "_lrnnym"
}
string(17) "festivalnovomundo"
string(26) "Cantidad de follows = 4478"
<br><br><br>string(10) "odavilemos"
string(27) "Cantidad de follows = 13435"
<br><br><br>string(20) "clebsonfrancaoficial"
string(26) "Cantidad de follows = 2266"
<br><br><br>string(15) "mamaesemmanuais"
string(27) "Cantidad de follows = 11455"
<br><br><br>string(13) "victorcastelo"
string(26) "Cantidad de follows = 1182"
<br><br><br>string(17) "fabricio.physique"
string(27) "Cantidad de follows = 12212"
<br><br><br>string(15) "rafaelfsantanaa"
string(25) "Cantidad de follows = 765"
<br><br><br>object(stdClass)#64 (2) {
  ["id"]=>
  string(5) "30436"
  ["login"]=>
  string(15) "kawlicheski1993"
}
string(10) "facamerirr"
string(26) "Cantidad de follows = 3385"
<br><br><br>string(10) "linoamanda"
string(27) "Cantidad de follows = 10131"
<br><br><br>string(10) "_lorecosta"
string(26) "Cantidad de follows = 2137"
<br><br><br>string(21) "clara.goldenretriever"
string(26) "Cantidad de follows = 3593"
<br><br><br>string(14) "andre.grupoark"
string(26) "Cantidad de follows = 4178"
<br><br><br>string(13) "espacoubaense"
string(26) "Cantidad de follows = 2273"
<br><br><br>string(14) "photoboxbrasil"
string(26) "Cantidad de follows = 2842"
<br><br><br>string(13) "luiara_helmer"
string(26) "Cantidad de follows = 4993"
<br><br><br>string(7) "dul_fcy"
string(26) "Cantidad de follows = 3220"
<br><br><br>string(15) "rayanemarchetta"
string(26) "Cantidad de follows = 1705"
<br><br><br>string(13) "karol_nunes00"
string(26) "Cantidad de follows = 3577"
<br><br><br>string(10) "apedesign_"
string(26) "Cantidad de follows = 2751"
<br><br><br>string(8) "kevinm5m"
string(26) "Cantidad de follows = 7293"
<br><br><br>string(12) "noahestetica"
string(26) "Cantidad de follows = 8843"
<br><br><br>string(9) "casadovaz"
string(26) "Cantidad de follows = 7505"
<br><br><br>string(8) "arena7bh"
string(26) "Cantidad de follows = 4391"
<br><br><br>object(stdClass)#145 (2) {
  ["id"]=>
  string(5) "30581"
  ["login"]=>
  string(13) "mathoficialbr"
}
string(17) "jonatas.batistela"
string(27) "Cantidad de follows = 16041"
<br><br><br>string(10) "queirozloo"
string(26) "Cantidad de follows = 3700"
<br><br><br>object(stdClass)#94 (2) {
  ["id"]=>
  string(5) "30593"
  ["login"]=>
  string(12) "rogersiiilva"
}
string(11) "marci0viana"
string(26) "Cantidad de follows = 1313"
<br><br><br>string(16) "chefsheiladuarte"
string(26) "Cantidad de follows = 1041"
<br><br><br>string(8) "itsredtv"
string(27) "Cantidad de follows = 44910"
<br><br><br>object(stdClass)#106 (2) {
  ["id"]=>
  string(5) "30622"
  ["login"]=>
  string(8) "lorisfaz"
}
object(stdClass)#173 (2) {
  ["id"]=>
  string(5) "30623"
  ["login"]=>
  string(20) "emagrecer_ja_oficial"
}
string(19) "tamyparadorneptunia"
string(26) "Cantidad de follows = 5906"
<br><br><br>string(9) "gabicoach"
string(26) "Cantidad de follows = 3449"
<br><br><br>string(14) "amanda3santana"
string(26) "Cantidad de follows = 6340"
<br><br><br>string(10) "elluhalves"
string(26) "Cantidad de follows = 5172"
<br><br><br>string(18) "mixsushicafebistek"
string(26) "Cantidad de follows = 5938"
<br><br><br>string(16) "f1ciaimobiliaria"
string(26) "Cantidad de follows = 3395"
<br><br><br>string(15) "vitor_honorato3"
string(26) "Cantidad de follows = 1130"
<br><br><br>string(13) "veneno_daseda"
string(26) "Cantidad de follows = 2069"
<br><br><br>string(10) "mc2turismo"
string(27) "Cantidad de follows = 17828"
<br><br><br>string(19) "erickakamineoficial"
string(26) "Cantidad de follows = 6598"
<br><br><br>string(11) "fredmunizrj"
string(26) "Cantidad de follows = 1594"
<br><br><br>object(stdClass)#44 (2) {
  ["id"]=>
  string(5) "30718"
  ["login"]=>
  string(16) "luis.fernando.br"
}
string(17) "drasheilawatanabe"
string(26) "Cantidad de follows = 1880"
<br><br><br>string(12) "laysasmacedo"
string(26) "Cantidad de follows = 2844"
<br><br><br>string(17) "creativapapelaria"
string(25) "Cantidad de follows = 332"
<br><br><br>string(11) "aondeiremsp"
string(27) "Cantidad de follows = 25636"
<br><br><br>object(stdClass)#214 (2) {
  ["id"]=>
  string(5) "30815"
  ["login"]=>
  string(6) "79_app"
}
string(15) "dioceliogoulart"
string(27) "Cantidad de follows = 19132"
<br><br><br>string(15) "victorperazzini"
string(26) "Cantidad de follows = 2606"
<br><br><br>string(12) "alberto_test"
string(25) "Cantidad de follows = 340"
<br><br><br>string(13) "fassegseguros"
string(26) "Cantidad de follows = 7028"
<br><br><br>string(18) "giovanni.consultor"
string(25) "Cantidad de follows = 975"
<br><br><br>string(17) "coach.jorgeamorim"
string(25) "Cantidad de follows = 992"
<br><br><br>string(16) "blessedmaemequer"
string(27) "Cantidad de follows = 17666"
<br><br><br>string(15) "baile_de_camelo"
string(25) "Cantidad de follows = 761"
<br><br><br>string(13) "dentistabruna"
string(25) "Cantidad de follows = 197"
<br><br><br>string(11) "chicomorais"
string(26) "Cantidad de follows = 4614"
<br><br><br>string(13) "adrianemayumi"
string(27) "Cantidad de follows = 14526"
<br><br><br>string(14) "dresscode.byrm"
string(25) "Cantidad de follows = 237"
<br><br><br>object(stdClass)#178 (2) {
  ["id"]=>
  string(5) "30911"
  ["login"]=>
  string(15) "alynemultiforme"
}
string(14) "douglasvwalker"
string(26) "Cantidad de follows = 1833"
<br><br><br>string(8) "dazz.777"
string(25) "Cantidad de follows = 997"
<br><br><br>string(14) "rafaella_neves"
string(26) "Cantidad de follows = 3754"
<br><br><br>string(8) "soueuwal"
string(26) "Cantidad de follows = 1645"
<br><br><br>string(22) "lacosdasmeninasoficial"
string(26) "Cantidad de follows = 2242"
<br><br><br>string(13) "talitamcostta"
string(25) "Cantidad de follows = 596"
<br><br><br>object(stdClass)#229 (2) {
  ["id"]=>
  string(5) "30989"
  ["login"]=>
  string(8) "pionunes"
}
string(18) "confeitariadagabi_"
string(24) "Cantidad de follows = 64"
<br><br><br>string(12) "jumota_decor"
string(26) "Cantidad de follows = 1713"
<br><br><br>string(16) "marmitinhaslight"
string(26) "Cantidad de follows = 2686"
<br><br><br>string(24) "leoart_desing_paisagismo"
string(26) "Cantidad de follows = 6280"
<br><br><br>string(14) "carolfroemming"
string(26) "Cantidad de follows = 7122"
<br><br><br>string(16) "priscila_assilva"
string(25) "Cantidad de follows = 651"
<br><br><br>object(stdClass)#203 (2) {
  ["id"]=>
  string(5) "31080"
  ["login"]=>
  string(9) "chio18789"
}
string(13) "kasamor_store"
string(26) "Cantidad de follows = 2361"
<br><br><br>string(13) "thamysilva201"
string(26) "Cantidad de follows = 4002"
<br><br><br>string(12) "levis_tudouu"
string(27) "Cantidad de follows = 16515"
<br><br><br>string(8) "euogomez"
string(26) "Cantidad de follows = 2488"
<br><br><br>string(14) "amorefeoficial"
string(26) "Cantidad de follows = 5432"
<br><br><br>string(15) "studioambientes"
string(27) "Cantidad de follows = 14625"
<br><br><br>string(12) "gomilkbrasil"
string(26) "Cantidad de follows = 1051"
<br><br><br>string(13) "gomed.digital"
string(26) "Cantidad de follows = 2290"
<br><br><br>object(stdClass)#17 (2) {
  ["id"]=>
  string(5) "31133"
  ["login"]=>
  string(6) "lv_luh"
}
string(8) "curyamin"
string(25) "Cantidad de follows = 764"
<br><br><br>string(19) "medconsultingbrasil"
string(27) "Cantidad de follows = 11998"
<br><br><br>string(3) "usa"
string(26) "Cantidad de follows = 4633"
<br><br><br>string(8) "voa_hati"
string(26) "Cantidad de follows = 2963"
<br><br><br>string(10) "yasmincgr_"
string(26) "Cantidad de follows = 1096"
<br><br><br>string(14) "kharlos_soares"
string(25) "Cantidad de follows = 203"
<br><br><br>string(19) "chrystopher.gabriel"
string(25) "Cantidad de follows = 329"
<br><br><br>string(7) "nega.93"
string(27) "Cantidad de follows = 11454"
<br><br><br>string(13) "cahrlossoares"
string(24) "Cantidad de follows = 62"
<br><br><br>string(8) "emillymv"
string(26) "Cantidad de follows = 4066"
<br><br><br>string(11) "_j.o.a.o___"
string(25) "Cantidad de follows = 188"
<br><br><br>string(14) "antonioportes_"
string(25) "Cantidad de follows = 236"
<br><br><br>string(14) "samo_oliveiraa"
string(25) "Cantidad de follows = 831"
<br><br><br>string(12) "aleehzinho_t"
string(25) "Cantidad de follows = 171"
<br><br><br>string(15) "jonasfahelysson"
string(26) "Cantidad de follows = 6902"
<br><br><br>string(13) "mari_azeredo_"
string(25) "Cantidad de follows = 760"
<br><br><br>string(18) "clinicaformighieri"
string(26) "Cantidad de follows = 2217"
<br><br><br>string(10) "guiturner_"
string(26) "Cantidad de follows = 8871"
<br><br><br>string(14) "carloskpulling"
string(28) "Cantidad de follows = 111487"
<br><br><br>string(10) "oppaviajei"
string(25) "Cantidad de follows = 837"
<br><br><br>string(15) "jujucoelhopinto"
string(27) "Cantidad de follows = 28167"
<br><br><br>string(13) "gersonaraujo_"
string(26) "Cantidad de follows = 2256"
<br><br><br>object(stdClass)#91 (2) {
  ["id"]=>
  string(5) "31318"
  ["login"]=>
  string(11) "josiasnetoo"
}
string(19) "blogsairdozeroagora"
string(26) "Cantidad de follows = 1250"
<br><br><br>object(stdClass)#91 (2) {
  ["id"]=>
  string(5) "31325"
  ["login"]=>
  string(18) "neonprodutorapromo"
}
object(stdClass)#44 (2) {
  ["id"]=>
  string(5) "31326"
  ["login"]=>
  string(6) "djrat_"
}
object(stdClass)#91 (2) {
  ["id"]=>
  string(5) "31337"
  ["login"]=>
  string(23) "anderson_diego_oliveira"
}
string(19) "anacarlarodrigues19"
string(26) "Cantidad de follows = 3211"
<br><br><br>object(stdClass)#91 (2) {
  ["id"]=>
  string(5) "31346"
  ["login"]=>
  string(15) "siimoneepereira"
}
string(13) "jubart_design"
string(25) "Cantidad de follows = 663"
<br><br><br>string(19) "bellkeyprofessional"
string(26) "Cantidad de follows = 1769"
<br><br><br>string(8) "ealine._"
string(26) "Cantidad de follows = 4777"
<br><br><br>string(15) "jessicasanttos3"
string(28) "Cantidad de follows = 143597"
<br><br><br>object(stdClass)#158 (2) {
  ["id"]=>
  string(5) "31394"
  ["login"]=>
  string(12) "ronyfgomesss"
}
string(16) "jhonatha_feitosa"
string(26) "Cantidad de follows = 1187"
<br><br><br>object(stdClass)#158 (2) {
  ["id"]=>
  string(5) "31421"
  ["login"]=>
  string(15) "blena.nathallya"
}
string(10) "edersonflx"
string(26) "Cantidad de follows = 6879"
<br><br><br>string(23) "tridorimpermebializacao"
string(25) "Cantidad de follows = 280"
<br><br><br>string(9) "jehdpires"
string(25) "Cantidad de follows = 801"
<br><br><br>string(18) "emagrecer_agora.br"
string(26) "Cantidad de follows = 1340"
<br><br><br>string(9) "caio_luka"
string(25) "Cantidad de follows = 362"
<br><br><br>string(10) "brasil.anb"
string(25) "Cantidad de follows = 835"
<br><br><br>string(19) "jeanpiresfotografia"
string(26) "Cantidad de follows = 1135"
<br><br><br>object(stdClass)#183 (2) {
  ["id"]=>
  string(5) "31483"
  ["login"]=>
  string(12) "canutoandree"
}
string(15) "charles_gsilvaa"
string(26) "Cantidad de follows = 1877"
<br><br><br>string(15) "theluccassantos"
string(26) "Cantidad de follows = 1197"
<br><br><br>string(10) "biih_faith"
string(26) "Cantidad de follows = 1487"
<br><br><br>string(18) "leonardomonteiro00"
string(25) "Cantidad de follows = 895"
<br><br><br>string(17) "carlafagundesblog"
string(26) "Cantidad de follows = 6204"
<br><br><br>string(13) "aguedamaurien"
string(26) "Cantidad de follows = 2650"
<br><br><br>string(13) "pedrosagfteam"
string(26) "Cantidad de follows = 1900"
<br><br><br>string(9) "eusoudaro"
string(26) "Cantidad de follows = 1803"
<br><br><br>string(14) "caiquefregnani"
string(27) "Cantidad de follows = 11360"
<br><br><br>string(14) "heitorsoares.c"
string(26) "Cantidad de follows = 8077"
<br><br><br>string(21) "mulheres_que_se_amam_"
string(24) "Cantidad de follows = 76"
<br><br><br>string(17) "marco.suplementos"
string(27) "Cantidad de follows = 10140"
<br><br><br>string(8) "tetovivo"
string(26) "Cantidad de follows = 2187"
<br><br><br>string(14) "andrewanderley"
string(26) "Cantidad de follows = 3820"
<br><br><br>string(9) "vitormc83"
string(25) "Cantidad de follows = 177"
<br><br><br>string(8) "_lsilvva"
string(26) "Cantidad de follows = 6444"
<br><br><br>string(17) "clube_das_gostosa"
string(26) "Cantidad de follows = 2801"
<br><br><br>string(17) "esteticista_julia"
string(25) "Cantidad de follows = 647"
<br><br><br>string(10) "kauadellon"
string(26) "Cantidad de follows = 1180"
<br><br><br>string(20) "divulgageraisoficial"
string(27) "Cantidad de follows = 21155"
<br><br><br>string(18) "dr.grimaldobicalho"
string(26) "Cantidad de follows = 1744"
<br><br><br>object(stdClass)#229 (2) {
  ["id"]=>
  string(5) "31679"
  ["login"]=>
  string(13) "eiandrecanuto"
}
string(10) "mariodj.uy"
string(26) "Cantidad de follows = 2257"
<br><br><br>string(14) "stephanmarinho"
string(26) "Cantidad de follows = 7112"
<br><br><br>string(9) "misouza07"
string(25) "Cantidad de follows = 716"
<br><br><br>string(16) "glaubritooficial"
string(26) "Cantidad de follows = 2506"
<br><br><br>string(18) "anacarolinefavacho"
string(26) "Cantidad de follows = 1170"
<br><br><br>string(17) "natpharmafarmacia"
string(25) "Cantidad de follows = 840"
<br><br><br>string(13) "tablesdecorpy"
string(25) "Cantidad de follows = 712"
<br><br><br>string(18) "julianasilvaespaco"
string(26) "Cantidad de follows = 1264"
<br><br><br>string(22) "alice_carvalho_oficial"
string(26) "Cantidad de follows = 2340"
<br><br><br>string(14) "juliaparanhos_"
string(27) "Cantidad de follows = 41358"
<br><br><br>string(18) "rannabeckeroficial"
string(27) "Cantidad de follows = 20267"
<br><br><br>string(13) "gomesterapias"
string(27) "Cantidad de follows = 48671"
<br><br><br>string(3) "ola"
string(26) "Cantidad de follows = 2902"
<br><br><br>string(10) "filhoteeco"
string(27) "Cantidad de follows = 32685"
<br><br><br>object(stdClass)#176 (2) {
  ["id"]=>
  string(5) "31757"
  ["login"]=>
  string(15) "umbr_no_youtube"
}
string(12) "jeff_valerio"
string(25) "Cantidad de follows = 583"
<br><br><br>string(12) "calmbunnypet"
string(25) "Cantidad de follows = 633"
<br><br><br>string(9) "equipe.dx"
string(26) "Cantidad de follows = 2522"
<br><br><br>string(11) "mr.andyarte"
string(25) "Cantidad de follows = 516"
<br><br><br>string(12) "401loungebar"
string(26) "Cantidad de follows = 6927"
<br><br><br>string(14) "edinhotattoojc"
string(27) "Cantidad de follows = 11030"
<br><br><br>string(16) "claudio__soaress"
string(25) "Cantidad de follows = 153"
<br><br><br>string(17) "eduardo_purapesca"
string(28) "Cantidad de follows = 119001"
<br><br><br>string(18) "psi.brunarodrigues"
string(25) "Cantidad de follows = 279"
<br><br><br>string(14) "dillyscoralick"
string(26) "Cantidad de follows = 8033"
<br><br><br>string(15) "vitorhugomsouza"
string(25) "Cantidad de follows = 221"
<br><br><br>string(21) "maktubemiratessbrasil"
string(25) "Cantidad de follows = 370"
<br><br><br>string(8) "opldecor"
string(25) "Cantidad de follows = 310"
<br><br><br>string(8) "yslaoker"
string(24) "Cantidad de follows = 17"
<br><br><br>string(17) "dutkasstoreitajai"
string(25) "Cantidad de follows = 246"
<br><br><br>string(15) "brunoxavierhair"
string(27) "Cantidad de follows = 14470"
<br><br><br>string(12) "thaaysbastos"
string(26) "Cantidad de follows = 7046"
<br><br><br>string(11) "intensicare"
string(23) "Cantidad de follows = 7"
<br><br><br>string(13) "duodiscomusic"
string(27) "Cantidad de follows = 49460"
<br><br><br>string(13) "dhouserecords"
string(26) "Cantidad de follows = 3709"
<br><br><br>string(18) "lucas_otaviomakeup"
string(26) "Cantidad de follows = 7955"
<br><br><br>string(8) "eduretro"
string(27) "Cantidad de follows = 32761"
<br><br><br>string(10) "maroxa_mrx"
string(25) "Cantidad de follows = 994"
<br><br><br>string(9) "itsfranio"
string(24) "Cantidad de follows = 33"
<br><br><br>string(13) "theus_macieel"
string(25) "Cantidad de follows = 134"
<br><br><br>string(13) "valeriojansen"
string(26) "Cantidad de follows = 1014"
<br><br><br>\n<br>JOB DONE!!!<br>\n2018-10-28 07:59:13am