DAILY REPORT Inited...!<br>
2018-10-25 06:30:01am<br>
string(14) "alberto_dreyes"
string(27) "Cantidad de follows = 14315"
<br><br><br>string(19) "opiniaoconservadora"
string(27) "Cantidad de follows = 59646"
<br><br><br>string(17) "sibitecomunicacao"
string(27) "Cantidad de follows = 10214"
<br><br><br>string(11) "mo.taniguti"
string(27) "Cantidad de follows = 20812"
<br><br><br>object(stdClass)#30 (2) {
  ["id"]=>
  string(3) "146"
  ["login"]=>
  string(12) "auepromocoes"
}
string(23) "jeunesse_bycrislafratta"
string(25) "Cantidad de follows = 185"
<br><br><br>string(12) "lily.s.alves"
string(26) "Cantidad de follows = 2075"
<br><br><br>string(10) "powerlook_"
string(27) "Cantidad de follows = 61083"
<br><br><br>object(stdClass)#12 (2) {
  ["id"]=>
  string(3) "245"
  ["login"]=>
  string(18) "xodozinho.retratos"
}
object(stdClass)#22 (2) {
  ["id"]=>
  string(3) "867"
  ["login"]=>
  string(14) "joaovictorjvb1"
}
object(stdClass)#12 (2) {
  ["id"]=>
  string(4) "1059"
  ["login"]=>
  string(8) "graverrj"
}
string(7) "ma_luco"
string(27) "Cantidad de follows = 28579"
<br><br><br>string(12) "carlloooooss"
string(26) "Cantidad de follows = 1289"
<br><br><br>string(15) "sapatodochef.pa"
string(26) "Cantidad de follows = 2360"
<br><br><br>object(stdClass)#223 (2) {
  ["id"]=>
  string(4) "2175"
  ["login"]=>
  string(10) "vireiloira"
}
string(18) "mercadomodelobahia"
string(26) "Cantidad de follows = 9081"
<br><br><br>string(11) "thayscalmon"
string(26) "Cantidad de follows = 5328"
<br><br><br>string(11) "decoremundo"
string(27) "Cantidad de follows = 14340"
<br><br><br>string(9) "decorcool"
string(23) "Cantidad de follows = 7"
<br><br><br>string(8) "fragabar"
string(26) "Cantidad de follows = 4365"
<br><br><br>string(8) "lorenaym"
string(24) "Cantidad de follows = 77"
<br><br><br>string(11) "pamelaotero"
string(27) "Cantidad de follows = 46127"
<br><br><br>string(19) "starpointcollection"
string(27) "Cantidad de follows = 12637"
<br><br><br>string(9) "katiacsdc"
string(27) "Cantidad de follows = 18353"
<br><br><br>string(14) "grazielialvess"
string(27) "Cantidad de follows = 21523"
<br><br><br>string(22) "dra_barbaravasconcelos"
string(27) "Cantidad de follows = 24528"
<br><br><br>string(21) "comandantedochurrasco"
string(27) "Cantidad de follows = 56615"
<br><br><br>string(12) "40antesdos40"
string(27) "Cantidad de follows = 28510"
<br><br><br>string(19) "intimissimisalvador"
string(27) "Cantidad de follows = 13327"
<br><br><br>string(16) "drricardopalacio"
string(27) "Cantidad de follows = 25915"
<br><br><br>string(12) "pollyruffini"
string(26) "Cantidad de follows = 7519"
<br><br><br>string(14) "carlos_skatmar"
string(26) "Cantidad de follows = 2361"
<br><br><br>string(10) "star_point"
string(27) "Cantidad de follows = 32946"
<br><br><br>string(8) "rruizmma"
string(27) "Cantidad de follows = 47034"
<br><br><br>string(8) "dumbu.09"
string(26) "Cantidad de follows = 7666"
<br><br><br>string(14) "marcosp.medina"
string(26) "Cantidad de follows = 4061"
<br><br><br>string(11) "sandrozion7"
string(27) "Cantidad de follows = 21004"
<br><br><br>string(17) "grandville_hoteis"
string(27) "Cantidad de follows = 12698"
<br><br><br>string(11) "josiasdiass"
string(27) "Cantidad de follows = 18076"
<br><br><br>string(18) "barbaracampospalma"
string(26) "Cantidad de follows = 8696"
<br><br><br>string(9) "telless13"
string(27) "Cantidad de follows = 14312"
<br><br><br>string(13) "bandamegafire"
string(27) "Cantidad de follows = 23313"
<br><br><br>string(17) "sosoportunidade10"
string(25) "Cantidad de follows = 965"
<br><br><br>string(18) "academia_king_thai"
string(26) "Cantidad de follows = 5078"
<br><br><br>string(13) "renatafontany"
string(27) "Cantidad de follows = 33612"
<br><br><br>string(14) "cabelosaugusto"
string(27) "Cantidad de follows = 23763"
<br><br><br>string(14) "brunocerqueira"
string(27) "Cantidad de follows = 10525"
<br><br><br>string(10) "noxboymike"
string(26) "Cantidad de follows = 5446"
<br><br><br>string(20) "juliobaptistaoficial"
string(28) "Cantidad de follows = 250955"
<br><br><br>string(21) "ateliermarielamoreira"
string(27) "Cantidad de follows = 15845"
<br><br><br>object(stdClass)#63 (2) {
  ["id"]=>
  string(5) "11096"
  ["login"]=>
  string(12) "michaelletjp"
}
object(stdClass)#37 (2) {
  ["id"]=>
  string(5) "11099"
  ["login"]=>
  string(13) "agostochuvoso"
}
string(11) "insultedboy"
string(26) "Cantidad de follows = 3513"
<br><br><br>string(11) "weilla_morg"
string(25) "Cantidad de follows = 941"
<br><br><br>string(11) "raphabritoo"
string(27) "Cantidad de follows = 16048"
<br><br><br>string(10) "vinihveiga"
string(26) "Cantidad de follows = 4073"
<br><br><br>object(stdClass)#60 (2) {
  ["id"]=>
  string(5) "11131"
  ["login"]=>
  string(14) "deliciasdoronk"
}
string(16) "duuduuzinhosilva"
string(26) "Cantidad de follows = 3045"
<br><br><br>string(9) "carlosbsg"
string(25) "Cantidad de follows = 925"
<br><br><br>string(12) "danndourado0"
string(27) "Cantidad de follows = 15218"
<br><br><br>string(7) "biel312"
string(23) "Cantidad de follows = 9"
<br><br><br>string(11) "caiogrunupp"
string(26) "Cantidad de follows = 3316"
<br><br><br>string(11) "paullonunan"
string(26) "Cantidad de follows = 1431"
<br><br><br>string(12) "pablodiego15"
string(26) "Cantidad de follows = 1117"
<br><br><br>object(stdClass)#220 (2) {
  ["id"]=>
  string(5) "11230"
  ["login"]=>
  string(16) "_luferreiranunes"
}
string(14) "natan_mantelli"
string(25) "Cantidad de follows = 794"
<br><br><br>string(17) "antoniocarlos3627"
string(24) "Cantidad de follows = 45"
<br><br><br>string(11) "365_indubai"
string(27) "Cantidad de follows = 22022"
<br><br><br>object(stdClass)#56 (2) {
  ["id"]=>
  string(5) "11239"
  ["login"]=>
  string(12) "ceottosinuhe"
}
string(14) "vitoriaabritto"
string(27) "Cantidad de follows = 40528"
<br><br><br>string(11) "lojaoperapc"
string(27) "Cantidad de follows = 23914"
<br><br><br>string(12) "huealimentos"
string(26) "Cantidad de follows = 5153"
<br><br><br>string(13) "kstimportados"
string(26) "Cantidad de follows = 4372"
<br><br><br>string(7) "wi11see"
string(27) "Cantidad de follows = 11479"
<br><br><br>string(12) "s7_producoes"
string(26) "Cantidad de follows = 5993"
<br><br><br>string(12) "gabrielaribi"
string(26) "Cantidad de follows = 7617"
<br><br><br>string(17) "brunosennaimagens"
string(27) "Cantidad de follows = 13232"
<br><br><br>string(14) "maycowmontemor"
string(27) "Cantidad de follows = 32547"
<br><br><br>string(14) "alinemarcovici"
string(27) "Cantidad de follows = 18470"
<br><br><br>string(10) "junior.dev"
string(27) "Cantidad de follows = 17640"
<br><br><br>string(13) "amaassessoria"
string(26) "Cantidad de follows = 7637"
<br><br><br>string(11) "julisciotto"
string(27) "Cantidad de follows = 25628"
<br><br><br>string(14) "draalinehsilva"
string(27) "Cantidad de follows = 20133"
<br><br><br>string(13) "rodasemotores"
string(27) "Cantidad de follows = 14819"
<br><br><br>string(15) "claracamposmaya"
string(26) "Cantidad de follows = 4306"
<br><br><br>string(19) "thamaraelisa.tattoo"
string(27) "Cantidad de follows = 14232"
<br><br><br>string(15) "megaminassports"
string(26) "Cantidad de follows = 6769"
<br><br><br>string(16) "agencia_portal37"
string(26) "Cantidad de follows = 3323"
<br><br><br>object(stdClass)#184 (2) {
  ["id"]=>
  string(5) "11792"
  ["login"]=>
  string(14) "hf_metalurgica"
}
string(13) "grillegourmet"
string(26) "Cantidad de follows = 5111"
<br><br><br>string(11) "davidkapper"
string(27) "Cantidad de follows = 13085"
<br><br><br>string(11) "7chavesfoto"
string(27) "Cantidad de follows = 11020"
<br><br><br>string(11) "joiaskether"
string(27) "Cantidad de follows = 19583"
<br><br><br>string(14) "luziasantana33"
string(28) "Cantidad de follows = 235867"
<br><br><br>string(13) "thiagovaleiro"
string(26) "Cantidad de follows = 3815"
<br><br><br>object(stdClass)#177 (2) {
  ["id"]=>
  string(5) "12434"
  ["login"]=>
  string(9) "dupicasso"
}
string(11) "laura_bergo"
string(26) "Cantidad de follows = 6408"
<br><br><br>string(15) "dra.raphabecker"
string(27) "Cantidad de follows = 19697"
<br><br><br>string(8) "letdaher"
string(27) "Cantidad de follows = 28059"
<br><br><br>string(9) "dgarciia_"
string(25) "Cantidad de follows = 866"
<br><br><br>string(10) "joaosurf12"
string(24) "Cantidad de follows = 97"
<br><br><br>string(8) "itsandco"
string(27) "Cantidad de follows = 21204"
<br><br><br>string(10) "ela_andrea"
string(27) "Cantidad de follows = 22477"
<br><br><br>string(14) "nafurtadocakes"
string(26) "Cantidad de follows = 6644"
<br><br><br>string(18) "castrolautoservice"
string(26) "Cantidad de follows = 9321"
<br><br><br>string(9) "livdrinks"
string(27) "Cantidad de follows = 47432"
<br><br><br>string(18) "portalautoshopping"
string(27) "Cantidad de follows = 12160"
<br><br><br>string(20) "manu.mamaeaoquadrado"
string(26) "Cantidad de follows = 9601"
<br><br><br>string(15) "odontowebschool"
string(27) "Cantidad de follows = 10547"
<br><br><br>string(9) "abarkeria"
string(27) "Cantidad de follows = 33556"
<br><br><br>object(stdClass)#196 (2) {
  ["id"]=>
  string(5) "15166"
  ["login"]=>
  string(14) "__fehholiveira"
}
string(10) "ninabaking"
string(26) "Cantidad de follows = 8988"
<br><br><br>string(10) "jgiordanoo"
string(27) "Cantidad de follows = 12477"
<br><br><br>string(18) "domhairfelippewill"
string(27) "Cantidad de follows = 11590"
<br><br><br>string(7) "pbpetti"
string(27) "Cantidad de follows = 39605"
<br><br><br>string(10) "psych0wolf"
string(25) "Cantidad de follows = 402"
<br><br><br>string(8) "andreiso"
string(26) "Cantidad de follows = 9563"
<br><br><br>string(13) "biadiascoelho"
string(26) "Cantidad de follows = 4887"
<br><br><br>string(8) "mytrips7"
string(25) "Cantidad de follows = 524"
<br><br><br>string(13) "directdireito"
string(27) "Cantidad de follows = 11176"
<br><br><br>string(12) "patrickvalle"
string(26) "Cantidad de follows = 3549"
<br><br><br>string(21) "lucianalauferofficial"
string(27) "Cantidad de follows = 18871"
<br><br><br>string(13) "matheuspercut"
string(26) "Cantidad de follows = 1156"
<br><br><br>string(10) "flavia_vdr"
string(27) "Cantidad de follows = 11270"
<br><br><br>object(stdClass)#175 (2) {
  ["id"]=>
  string(5) "16861"
  ["login"]=>
  string(14) "mickael_cortes"
}
string(16) "helder_del_monte"
string(27) "Cantidad de follows = 17255"
<br><br><br>string(18) "physicalpilates_bh"
string(26) "Cantidad de follows = 5598"
<br><br><br>string(13) "faleiroslaura"
string(27) "Cantidad de follows = 12898"
<br><br><br>string(11) "dannysetudo"
string(26) "Cantidad de follows = 9939"
<br><br><br>string(15) "portodepiranhas"
string(27) "Cantidad de follows = 10454"
<br><br><br>string(24) "contadordehistoriasreais"
string(27) "Cantidad de follows = 33051"
<br><br><br>string(6) "guil38"
string(26) "Cantidad de follows = 6682"
<br><br><br>string(22) "vacationhomeneardisney"
string(27) "Cantidad de follows = 19600"
<br><br><br>string(16) "drguilhermecravo"
string(26) "Cantidad de follows = 3158"
<br><br><br>string(6) "ossmkt"
string(26) "Cantidad de follows = 5284"
<br><br><br>string(10) "jhoneheber"
string(27) "Cantidad de follows = 23447"
<br><br><br>string(20) "justiniano0_official"
string(26) "Cantidad de follows = 2974"
<br><br><br>string(15) "sao_os_caipiras"
string(26) "Cantidad de follows = 9449"
<br><br><br>string(9) "acerickrj"
string(27) "Cantidad de follows = 12317"
<br><br><br>string(15) "leandrogarciadj"
string(27) "Cantidad de follows = 19529"
<br><br><br>string(14) "osnirhamburger"
string(26) "Cantidad de follows = 6898"
<br><br><br>string(8) "dutruffi"
string(27) "Cantidad de follows = 14135"
<br><br><br>string(9) "lschuback"
string(26) "Cantidad de follows = 7811"
<br><br><br>object(stdClass)#71 (2) {
  ["id"]=>
  string(5) "18103"
  ["login"]=>
  string(22) "denisegoncalves.santos"
}
string(14) "ethianemarques"
string(25) "Cantidad de follows = 693"
<br><br><br>string(10) "synaraleal"
string(27) "Cantidad de follows = 16311"
<br><br><br>string(8) "trinjune"
string(23) "Cantidad de follows = 0"
<br><br><br>string(12) "holy_popcorn"
string(27) "Cantidad de follows = 10651"
<br><br><br>string(9) "eltranvia"
string(27) "Cantidad de follows = 16178"
<br><br><br>string(19) "diegogoulartoficial"
string(27) "Cantidad de follows = 20453"
<br><br><br>string(15) "cartolinadesign"
string(26) "Cantidad de follows = 5719"
<br><br><br>string(9) "quarto_22"
string(26) "Cantidad de follows = 5833"
<br><br><br>string(10) "blogdakeli"
string(24) "Cantidad de follows = 12"
<br><br><br>object(stdClass)#131 (2) {
  ["id"]=>
  string(5) "18816"
  ["login"]=>
  string(10) "lefitnessb"
}
string(9) "awsmining"
string(26) "Cantidad de follows = 4754"
<br><br><br>string(13) "willianabrito"
string(26) "Cantidad de follows = 6726"
<br><br><br>string(23) "eusoutestemunhadogolias"
string(25) "Cantidad de follows = 205"
<br><br><br>string(16) "tumsoundfestival"
string(26) "Cantidad de follows = 1543"
<br><br><br>string(18) "casalbioequilibrio"
string(27) "Cantidad de follows = 11406"
<br><br><br>string(13) "mimosearomaas"
string(26) "Cantidad de follows = 9475"
<br><br><br>object(stdClass)#179 (2) {
  ["id"]=>
  string(5) "19152"
  ["login"]=>
  string(17) "gventurinpersonal"
}
string(9) "fastfitsc"
string(26) "Cantidad de follows = 3582"
<br><br><br>string(11) "raif_tattoo"
string(27) "Cantidad de follows = 13254"
<br><br><br>string(10) "hustler.hc"
string(26) "Cantidad de follows = 2452"
<br><br><br>string(9) "isarengel"
string(26) "Cantidad de follows = 6776"
<br><br><br>string(12) "solus_online"
string(26) "Cantidad de follows = 4153"
<br><br><br>string(11) "refugiohoje"
string(27) "Cantidad de follows = 12403"
<br><br><br>string(13) "nati.fressato"
string(26) "Cantidad de follows = 7205"
<br><br><br>string(17) "calcadospaubrasil"
string(26) "Cantidad de follows = 8249"
<br><br><br>string(10) "daly_store"
string(27) "Cantidad de follows = 21721"
<br><br><br>string(11) "angelosciao"
string(26) "Cantidad de follows = 5221"
<br><br><br>string(6) "fuinha"
string(25) "Cantidad de follows = 193"
<br><br><br>string(10) "kombi_krug"
string(25) "Cantidad de follows = 511"
<br><br><br>string(12) "rekombinando"
string(26) "Cantidad de follows = 5962"
<br><br><br>string(15) "blogdasusantoss"
string(26) "Cantidad de follows = 5396"
<br><br><br>string(15) "diadeacessorios"
string(26) "Cantidad de follows = 2307"
<br><br><br>string(18) "christians.pereira"
string(26) "Cantidad de follows = 3761"
<br><br><br>string(28) "pedrowilsonrodriguespimentel"
string(26) "Cantidad de follows = 7695"
<br><br><br>string(15) "atelieluizrocha"
string(27) "Cantidad de follows = 10191"
<br><br><br>string(12) "bibiscamargo"
string(26) "Cantidad de follows = 2031"
<br><br><br>string(16) "centerperfumaria"
string(26) "Cantidad de follows = 5505"
<br><br><br>string(10) "pmelorocha"
string(26) "Cantidad de follows = 6330"
<br><br><br>object(stdClass)#79 (2) {
  ["id"]=>
  string(5) "20149"
  ["login"]=>
  string(14) "thaliaalvesdec"
}
string(12) "yasminndias_"
string(26) "Cantidad de follows = 9320"
<br><br><br>string(17) "jb_alves_educador"
string(26) "Cantidad de follows = 3544"
<br><br><br>string(24) "leonardosantosfotografia"
string(27) "Cantidad de follows = 39590"
<br><br><br>string(8) "sporttot"
string(24) "Cantidad de follows = 23"
<br><br><br>object(stdClass)#37 (2) {
  ["id"]=>
  string(5) "20503"
  ["login"]=>
  string(8) "chandler"
}
string(13) "ayllesantiago"
string(28) "Cantidad de follows = 143430"
<br><br><br>string(12) "maisonbiarro"
string(27) "Cantidad de follows = 30929"
<br><br><br>string(15) "iselamendozadec"
string(26) "Cantidad de follows = 6462"
<br><br><br>string(9) "bamboh.pt"
string(26) "Cantidad de follows = 2600"
<br><br><br>string(12) "redeentropia"
string(26) "Cantidad de follows = 5870"
<br><br><br>object(stdClass)#221 (2) {
  ["id"]=>
  string(5) "20682"
  ["login"]=>
  string(11) "farmapharma"
}
string(18) "calabriapizzariarj"
string(26) "Cantidad de follows = 2460"
<br><br><br>object(stdClass)#221 (2) {
  ["id"]=>
  string(5) "20818"
  ["login"]=>
  string(20) "cadillacs.pastelaria"
}
object(stdClass)#159 (2) {
  ["id"]=>
  string(5) "20927"
  ["login"]=>
  string(25) "missionariojairodossantos"
}
object(stdClass)#221 (2) {
  ["id"]=>
  string(5) "21062"
  ["login"]=>
  string(13) "jesuisluciano"
}
object(stdClass)#159 (2) {
  ["id"]=>
  string(5) "21230"
  ["login"]=>
  string(9) "vikatorsc"
}
string(19) "nicollystoreoficial"
string(26) "Cantidad de follows = 7532"
<br><br><br>object(stdClass)#159 (2) {
  ["id"]=>
  string(5) "21368"
  ["login"]=>
  string(18) "ricardoribeiro0013"
}
string(24) "ramossegurancaeletronica"
string(26) "Cantidad de follows = 3287"
<br><br><br>string(18) "camacariplazahotel"
string(26) "Cantidad de follows = 6316"
<br><br><br>string(13) "_telesgabriel"
string(26) "Cantidad de follows = 3162"
<br><br><br>string(12) "fbfabiolopes"
string(26) "Cantidad de follows = 8959"
<br><br><br>object(stdClass)#177 (2) {
  ["id"]=>
  string(5) "21517"
  ["login"]=>
  string(23) "biscuitporvictorialeite"
}
string(10) "trapburger"
string(26) "Cantidad de follows = 2626"
<br><br><br>string(20) "shoppingcasaedesign_"
string(26) "Cantidad de follows = 8840"
<br><br><br>string(9) "samiilly_"
string(27) "Cantidad de follows = 18208"
<br><br><br>object(stdClass)#206 (2) {
  ["id"]=>
  string(5) "21731"
  ["login"]=>
  string(9) "conhecaes"
}
string(7) "loirasn"
string(25) "Cantidad de follows = 192"
<br><br><br>string(15) "santasticauniao"
string(26) "Cantidad de follows = 6269"
<br><br><br>string(19) "embraconcondominios"
string(26) "Cantidad de follows = 4807"
<br><br><br>string(17) "hamburguinhomoema"
string(27) "Cantidad de follows = 61076"
<br><br><br>string(14) "vilmamartins_7"
string(26) "Cantidad de follows = 1307"
<br><br><br>string(12) "leticiajural"
string(26) "Cantidad de follows = 8462"
<br><br><br>string(8) "_zero100"
string(27) "Cantidad de follows = 52055"
<br><br><br>string(20) "lionrollingcircusrio"
string(27) "Cantidad de follows = 14848"
<br><br><br>string(9) "_nerdjunk"
string(26) "Cantidad de follows = 5342"
<br><br><br>string(10) "pilotelton"
string(27) "Cantidad de follows = 11397"
<br><br><br>string(14) "marcioancelmoo"
string(26) "Cantidad de follows = 4950"
<br><br><br>object(stdClass)#91 (2) {
  ["id"]=>
  string(5) "22627"
  ["login"]=>
  string(18) "lucaswiliamsoliver"
}
string(14) "kevinlorenzorj"
string(26) "Cantidad de follows = 3369"
<br><br><br>object(stdClass)#91 (2) {
  ["id"]=>
  string(5) "22701"
  ["login"]=>
  string(21) "falandodemaquiagem_01"
}
string(13) "georgemuchuli"
string(26) "Cantidad de follows = 7740"
<br><br><br>string(15) "wendell_alvess_"
string(24) "Cantidad de follows = 93"
<br><br><br>object(stdClass)#29 (2) {
  ["id"]=>
  string(5) "22786"
  ["login"]=>
  string(6) "jpzk02"
}
object(stdClass)#24 (2) {
  ["id"]=>
  string(5) "22791"
  ["login"]=>
  string(13) "rodrigues.exe"
}
object(stdClass)#29 (2) {
  ["id"]=>
  string(5) "22915"
  ["login"]=>
  string(10) "5000covers"
}
string(18) "marciomouraoficial"
string(27) "Cantidad de follows = 12456"
<br><br><br>object(stdClass)#29 (2) {
  ["id"]=>
  string(5) "23135"
  ["login"]=>
  string(15) "daniak_boutique"
}
string(23) "formatacaotccmonografia"
string(24) "Cantidad de follows = 95"
<br><br><br>string(6) "nekkow"
string(24) "Cantidad de follows = 15"
<br><br><br>string(5) "lucao"
string(25) "Cantidad de follows = 562"
<br><br><br>string(6) "lucao2"
string(25) "Cantidad de follows = 592"
<br><br><br>string(13) "marcelomarkes"
string(27) "Cantidad de follows = 19944"
<br><br><br>string(14) "dl_beautysalon"
string(26) "Cantidad de follows = 1958"
<br><br><br>string(15) "ariadinebarreto"
string(27) "Cantidad de follows = 14485"
<br><br><br>string(13) "canalsemjacar"
string(27) "Cantidad de follows = 14181"
<br><br><br>string(11) "hiratabreno"
string(27) "Cantidad de follows = 12548"
<br><br><br>string(14) "erickspimentel"
string(26) "Cantidad de follows = 2018"
<br><br><br>string(12) "jessicaiwata"
string(27) "Cantidad de follows = 34280"
<br><br><br>string(14) "dnaphotoevideo"
string(27) "Cantidad de follows = 29310"
<br><br><br>string(18) "gamecenterpaulista"
string(27) "Cantidad de follows = 10318"
<br><br><br>string(10) "pacofishrd"
string(26) "Cantidad de follows = 8057"
<br><br><br>string(14) "qualityhotelsd"
string(26) "Cantidad de follows = 1203"
<br><br><br>string(17) "isabellabofficial"
string(27) "Cantidad de follows = 13926"
<br><br><br>string(13) "alialioficial"
string(25) "Cantidad de follows = 675"
<br><br><br>string(15) "barbeariadoneno"
string(27) "Cantidad de follows = 13645"
<br><br><br>string(10) "plagamba01"
string(26) "Cantidad de follows = 2689"
<br><br><br>string(11) "oscarcauchi"
string(26) "Cantidad de follows = 3614"
<br><br><br>string(7) "18laras"
string(26) "Cantidad de follows = 1814"
<br><br><br>string(16) "entreomarealagoa"
string(26) "Cantidad de follows = 1689"
<br><br><br>string(9) "darlanred"
string(27) "Cantidad de follows = 21259"
<br><br><br>string(15) "riolisboabrasil"
string(25) "Cantidad de follows = 205"
<br><br><br>string(12) "studio4cinco"
string(26) "Cantidad de follows = 4930"
<br><br><br>string(13) "fabriciofabre"
string(26) "Cantidad de follows = 8621"
<br><br><br>string(22) "suamusicapersonalizada"
string(27) "Cantidad de follows = 11579"
<br><br><br>string(8) "kevinvem"
string(23) "Cantidad de follows = 5"
<br><br><br>string(12) "djallannatal"
string(27) "Cantidad de follows = 29778"
<br><br><br>string(15) "polpasempreviva"
string(27) "Cantidad de follows = 34384"
<br><br><br>string(8) "kessyaaa"
string(27) "Cantidad de follows = 11039"
<br><br><br>string(8) "celparra"
string(27) "Cantidad de follows = 10694"
<br><br><br>object(stdClass)#15 (2) {
  ["id"]=>
  string(5) "25524"
  ["login"]=>
  string(11) "tompson9345"
}
string(13) "mayconbarroco"
string(27) "Cantidad de follows = 18532"
<br><br><br>string(9) "caiocesar"
string(24) "Cantidad de follows = 85"
<br><br><br>object(stdClass)#48 (2) {
  ["id"]=>
  string(5) "25968"
  ["login"]=>
  string(8) "lil.fama"
}
string(12) "institutoybi"
string(27) "Cantidad de follows = 17891"
<br><br><br>object(stdClass)#48 (2) {
  ["id"]=>
  string(5) "26183"
  ["login"]=>
  string(14) "andresa_lebens"
}
object(stdClass)#59 (2) {
  ["id"]=>
  string(5) "26226"
  ["login"]=>
  string(7) "yuryv05"
}
string(15) "eliana_casimiro"
string(26) "Cantidad de follows = 5601"
<br><br><br>string(11) "maloohstore"
string(26) "Cantidad de follows = 3805"
<br><br><br>string(16) "simplesmenteamei"
string(27) "Cantidad de follows = 16029"
<br><br><br>string(16) "drraphaelmarques"
string(27) "Cantidad de follows = 21302"
<br><br><br>string(10) "casazunzun"
string(26) "Cantidad de follows = 5830"
<br><br><br>string(14) "draraymedeiros"
string(26) "Cantidad de follows = 1568"
<br><br><br>string(21) "lucaslermenfotografia"
string(27) "Cantidad de follows = 15337"
<br><br><br>string(16) "bracholuismiguel"
string(25) "Cantidad de follows = 839"
<br><br><br>string(17) "draflaviasgavioli"
string(27) "Cantidad de follows = 42099"
<br><br><br>string(16) "rafamello_cantor"
string(26) "Cantidad de follows = 9063"
<br><br><br>string(13) "gabinassyrios"
string(27) "Cantidad de follows = 28347"
<br><br><br>string(13) "cardosodani78"
string(25) "Cantidad de follows = 402"
<br><br><br>object(stdClass)#93 (2) {
  ["id"]=>
  string(5) "27362"
  ["login"]=>
  string(9) "k123silva"
}
string(9) "labotique"
string(25) "Cantidad de follows = 276"
<br><br><br>string(11) "eco.noronha"
string(26) "Cantidad de follows = 1070"
<br><br><br>string(13) "gelottisports"
string(26) "Cantidad de follows = 6273"
<br><br><br>string(13) "bombeefsantos"
string(27) "Cantidad de follows = 71353"
<br><br><br>string(15) "parvathi_brasil"
string(26) "Cantidad de follows = 8793"
<br><br><br>string(9) "lobotique"
string(26) "Cantidad de follows = 6655"
<br><br><br>string(8) "talincas"
string(27) "Cantidad de follows = 22573"
<br><br><br>string(21) "visagismofacial_drika"
string(25) "Cantidad de follows = 756"
<br><br><br>string(13) "bakwarabrasil"
string(26) "Cantidad de follows = 1566"
<br><br><br>string(19) "carlabarcellosjoias"
string(27) "Cantidad de follows = 11453"
<br><br><br>string(16) "programagameover"
string(26) "Cantidad de follows = 1101"
<br><br><br>string(15) "aafrodite.store"
string(26) "Cantidad de follows = 5718"
<br><br><br>string(12) "rogiacomello"
string(26) "Cantidad de follows = 1434"
<br><br><br>string(11) "solvebrazil"
string(26) "Cantidad de follows = 1168"
<br><br><br>string(16) "drafernandavolpi"
string(27) "Cantidad de follows = 12425"
<br><br><br>object(stdClass)#139 (2) {
  ["id"]=>
  string(5) "27722"
  ["login"]=>
  string(14) "maribel.silent"
}
string(13) "miocheoficial"
string(27) "Cantidad de follows = 45958"
<br><br><br>string(11) "daylipadron"
string(26) "Cantidad de follows = 8522"
<br><br><br>string(14) "mercadolabarra"
string(26) "Cantidad de follows = 4744"
<br><br><br>string(10) "naraabreuu"
string(26) "Cantidad de follows = 4527"
<br><br><br>string(8) "lukmodas"
string(26) "Cantidad de follows = 8255"
<br><br><br>string(21) "girlsgardenacessorios"
string(26) "Cantidad de follows = 2006"
<br><br><br>string(13) "capimlimaomga"
string(26) "Cantidad de follows = 5792"
<br><br><br>string(15) "maxpremiumjeans"
string(26) "Cantidad de follows = 8485"
<br><br><br>string(8) "bruna.fb"
string(27) "Cantidad de follows = 21099"
<br><br><br>string(14) "na_cara_do_gol"
string(26) "Cantidad de follows = 3036"
<br><br><br>string(13) "jessicacytrus"
string(27) "Cantidad de follows = 29982"
<br><br><br>string(11) "cyrofuziama"
string(27) "Cantidad de follows = 25071"
<br><br><br>string(11) "thaycomfome"
string(27) "Cantidad de follows = 27091"
<br><br><br>string(10) "dankana_dk"
string(26) "Cantidad de follows = 8896"
<br><br><br>string(13) "vivimaquiagem"
string(26) "Cantidad de follows = 3454"
<br><br><br>string(14) "fshirtsdesigns"
string(25) "Cantidad de follows = 367"
<br><br><br>string(15) "closetdasduasto"
string(27) "Cantidad de follows = 14573"
<br><br><br>object(stdClass)#147 (2) {
  ["id"]=>
  string(5) "28069"
  ["login"]=>
  string(14) "rosaduartelash"
}
string(11) "gardelmaroz"
string(26) "Cantidad de follows = 6538"
<br><br><br>object(stdClass)#147 (2) {
  ["id"]=>
  string(5) "28080"
  ["login"]=>
  string(16) "msanchescaroline"
}
object(stdClass)#117 (2) {
  ["id"]=>
  string(5) "28092"
  ["login"]=>
  string(9) "pri_avlis"
}
string(13) "ferefacrochet"
string(26) "Cantidad de follows = 9135"
<br><br><br>object(stdClass)#117 (2) {
  ["id"]=>
  string(5) "28099"
  ["login"]=>
  string(13) "menezesandree"
}
string(7) "nr_mini"
string(27) "Cantidad de follows = 11525"
<br><br><br>string(6) "dz9bnb"
string(26) "Cantidad de follows = 3718"
<br><br><br>object(stdClass)#87 (2) {
  ["id"]=>
  string(5) "28145"
  ["login"]=>
  string(20) "nossoapartamento_103"
}
string(18) "cheirinhodamariana"
string(26) "Cantidad de follows = 7685"
<br><br><br>object(stdClass)#87 (2) {
  ["id"]=>
  string(5) "28213"
  ["login"]=>
  string(15) "malucassimiro.r"
}
string(16) "alvomarketingagc"
string(26) "Cantidad de follows = 9394"
<br><br><br>string(17) "ilmiocasamentoios"
string(26) "Cantidad de follows = 1192"
<br><br><br>string(16) "dranayanepacheco"
string(28) "Cantidad de follows = 147969"
<br><br><br>string(24) "silvanonunes.hairstylist"
string(27) "Cantidad de follows = 26884"
<br><br><br>object(stdClass)#158 (2) {
  ["id"]=>
  string(5) "28276"
  ["login"]=>
  string(13) "tatyanealvess"
}
string(21) "closetdemulheroficial"
string(26) "Cantidad de follows = 3993"
<br><br><br>string(12) "maxiprodutos"
string(27) "Cantidad de follows = 20661"
<br><br><br>string(17) "drdanilopelegrino"
string(26) "Cantidad de follows = 5851"
<br><br><br>string(20) "mariaclaraguimaraes1"
string(27) "Cantidad de follows = 35393"
<br><br><br>string(15) "vitoria.mamedio"
string(26) "Cantidad de follows = 7594"
<br><br><br>string(12) "meirellesipc"
string(26) "Cantidad de follows = 1561"
<br><br><br>string(12) "luporluciana"
string(26) "Cantidad de follows = 8429"
<br><br><br>string(11) "andersonvoo"
string(26) "Cantidad de follows = 1055"
<br><br><br>string(14) "niqueferreiira"
string(27) "Cantidad de follows = 12320"
<br><br><br>string(15) "carlota_barnabe"
string(27) "Cantidad de follows = 12708"
<br><br><br>string(17) "drdanilopelegrino"
string(26) "Cantidad de follows = 5851"
<br><br><br>string(9) "lipinhuss"
string(26) "Cantidad de follows = 1774"
<br><br><br>string(13) "mayaramarkes_"
string(26) "Cantidad de follows = 8572"
<br><br><br>string(10) "ky2oficial"
string(26) "Cantidad de follows = 2563"
<br><br><br>string(11) "mendy_vivii"
string(26) "Cantidad de follows = 4205"
<br><br><br>object(stdClass)#48 (2) {
  ["id"]=>
  string(5) "28497"
  ["login"]=>
  string(21) "_medicinaintegrativa_"
}
string(25) "specialitycoffeegastropub"
string(25) "Cantidad de follows = 555"
<br><br><br>string(11) "carolsousas"
string(26) "Cantidad de follows = 3530"
<br><br><br>object(stdClass)#195 (2) {
  ["id"]=>
  string(5) "28517"
  ["login"]=>
  string(19) "martins_consultoria"
}
string(4) "fila"
string(25) "Cantidad de follows = 868"
<br><br><br>string(6) "reebok"
string(29) "Cantidad de follows = 2155742"
<br><br><br>string(8) "bindanvm"
string(26) "Cantidad de follows = 1507"
<br><br><br>string(18) "wesleyoliveirareal"
string(26) "Cantidad de follows = 2810"
<br><br><br>string(9) "indikqui_"
string(26) "Cantidad de follows = 1324"
<br><br><br>string(10) "luahungria"
string(26) "Cantidad de follows = 4490"
<br><br><br>object(stdClass)#116 (2) {
  ["id"]=>
  string(5) "28557"
  ["login"]=>
  string(10) "kaahcintra"
}
string(17) "reabilitar.studio"
string(26) "Cantidad de follows = 5814"
<br><br><br>string(9) "amaraljej"
string(25) "Cantidad de follows = 621"
<br><br><br>string(14) "websterramalho"
string(25) "Cantidad de follows = 731"
<br><br><br>string(24) "vida_sol_e_mar_ecoresort"
string(26) "Cantidad de follows = 7184"
<br><br><br>string(10) "aco_brasil"
string(26) "Cantidad de follows = 3415"
<br><br><br>string(13) "desafioadois2"
string(26) "Cantidad de follows = 6914"
<br><br><br>string(10) "joaozaneti"
string(27) "Cantidad de follows = 13173"
<br><br><br>string(12) "karbofitness"
string(27) "Cantidad de follows = 10933"
<br><br><br>string(12) "nayaranouber"
string(27) "Cantidad de follows = 18266"
<br><br><br>object(stdClass)#49 (2) {
  ["id"]=>
  string(5) "28654"
  ["login"]=>
  string(11) "ellenrauber"
}
object(stdClass)#140 (2) {
  ["id"]=>
  string(5) "28657"
  ["login"]=>
  string(14) "reserveviagens"
}
string(17) "ingrid_ferreira25"
string(25) "Cantidad de follows = 180"
<br><br><br>string(20) "neovita_fisioterapia"
string(26) "Cantidad de follows = 5021"
<br><br><br>string(17) "dunashookahlounge"
string(26) "Cantidad de follows = 9084"
<br><br><br>string(15) "emporio.forever"
string(25) "Cantidad de follows = 273"
<br><br><br>object(stdClass)#143 (2) {
  ["id"]=>
  string(5) "28678"
  ["login"]=>
  string(16) "mariakarencosta_"
}
string(13) "pretta_araujo"
string(27) "Cantidad de follows = 11892"
<br><br><br>string(18) "theo_kate_ragdolls"
string(26) "Cantidad de follows = 7564"
<br><br><br>string(9) "xaanndii_"
string(26) "Cantidad de follows = 1257"
<br><br><br>string(10) "raquellsan"
string(27) "Cantidad de follows = 25957"
<br><br><br>string(11) "quatro_maos"
string(26) "Cantidad de follows = 4206"
<br><br><br>string(20) "apaudiovisualoficial"
string(25) "Cantidad de follows = 570"
<br><br><br>string(15) "gameoverworldmx"
string(24) "Cantidad de follows = 32"
<br><br><br>string(10) "macielcaio"
string(26) "Cantidad de follows = 3039"
<br><br><br>string(10) "pp_eventos"
string(26) "Cantidad de follows = 3654"
<br><br><br>string(15) "renatacanizares"
string(27) "Cantidad de follows = 13567"
<br><br><br>string(12) "dermatofarma"
string(26) "Cantidad de follows = 8814"
<br><br><br>string(14) "cinarafestasbh"
string(27) "Cantidad de follows = 40054"
<br><br><br>object(stdClass)#68 (2) {
  ["id"]=>
  string(5) "28761"
  ["login"]=>
  string(10) "mreissilva"
}
string(17) "minutoscomdelavec"
string(27) "Cantidad de follows = 14239"
<br><br><br>string(9) "lilispada"
string(28) "Cantidad de follows = 718928"
<br><br><br>string(13) "edersilveiram"
string(26) "Cantidad de follows = 4490"
<br><br><br>string(15) "rosanatiburtino"
string(26) "Cantidad de follows = 1031"
<br><br><br>string(18) "stopscapautomotivo"
string(26) "Cantidad de follows = 6094"
<br><br><br>object(stdClass)#147 (2) {
  ["id"]=>
  string(5) "28849"
  ["login"]=>
  string(8) "plasjowl"
}
string(12) "itzackcamila"
string(26) "Cantidad de follows = 1343"
<br><br><br>string(15) "eu_gabicarvalho"
string(26) "Cantidad de follows = 3017"
<br><br><br>string(13) "everttonviana"
string(27) "Cantidad de follows = 10060"
<br><br><br>string(17) "shirleyalesantana"
string(27) "Cantidad de follows = 28522"
<br><br><br>string(14) "leticiastoledo"
string(26) "Cantidad de follows = 2545"
<br><br><br>string(14) "drpedroferrari"
string(27) "Cantidad de follows = 39485"
<br><br><br>string(11) "itamixbazar"
string(26) "Cantidad de follows = 4791"
<br><br><br>string(13) "trader_amador"
string(25) "Cantidad de follows = 167"
<br><br><br>string(16) "isabellasanchess"
string(26) "Cantidad de follows = 3030"
<br><br><br>object(stdClass)#191 (2) {
  ["id"]=>
  string(5) "28962"
  ["login"]=>
  string(15) "tiagomennezes11"
}
string(12) "bunkersounds"
string(26) "Cantidad de follows = 1716"
<br><br><br>string(14) "timmycelulares"
string(25) "Cantidad de follows = 218"
<br><br><br>object(stdClass)#147 (2) {
  ["id"]=>
  string(5) "28988"
  ["login"]=>
  string(15) "programavitrina"
}
object(stdClass)#99 (2) {
  ["id"]=>
  string(5) "28990"
  ["login"]=>
  string(17) "acade_corpoeforma"
}
object(stdClass)#147 (2) {
  ["id"]=>
  string(5) "28993"
  ["login"]=>
  string(11) "atgaranhuns"
}
string(20) "annamaya_arquitetura"
string(26) "Cantidad de follows = 9487"
<br><br><br>string(8) "1kgdobom"
string(27) "Cantidad de follows = 15009"
<br><br><br>string(13) "livre.digital"
string(26) "Cantidad de follows = 3814"
<br><br><br>string(14) "rhuanpenaforte"
string(27) "Cantidad de follows = 10657"
<br><br><br>string(16) "restaurantebario"
string(26) "Cantidad de follows = 1425"
<br><br><br>string(21) "felippeturtransportes"
string(26) "Cantidad de follows = 5230"
<br><br><br>string(15) "solarlifeenergy"
string(25) "Cantidad de follows = 549"
<br><br><br>string(18) "vinteumcomunicacao"
string(25) "Cantidad de follows = 576"
<br><br><br>string(18) "auto_escolaatitude"
string(26) "Cantidad de follows = 2022"
<br><br><br>string(13) "carollremigio"
string(26) "Cantidad de follows = 1059"
<br><br><br>string(20) "txcambioeturismo_rio"
string(26) "Cantidad de follows = 1288"
<br><br><br>string(13) "riveauxmerino"
string(26) "Cantidad de follows = 5407"
<br><br><br>string(15) "carneslaceleste"
string(26) "Cantidad de follows = 2766"
<br><br><br>string(11) "heroairsoft"
string(26) "Cantidad de follows = 3843"
<br><br><br>string(19) "brechoandreaventuro"
string(27) "Cantidad de follows = 36630"
<br><br><br>string(9) "samiilly_"
string(27) "Cantidad de follows = 18208"
<br><br><br>string(14) "luigi_bemporad"
string(24) "Cantidad de follows = 54"
<br><br><br>string(13) "luiz_skydiver"
string(26) "Cantidad de follows = 9826"
<br><br><br>string(15) "luanmachado.arq"
string(26) "Cantidad de follows = 1839"
<br><br><br>string(12) "kaikfariastv"
string(26) "Cantidad de follows = 2134"
<br><br><br>string(16) "colegioguarapuvu"
string(23) "Cantidad de follows = 1"
<br><br><br>string(9) "guarapuvu"
string(26) "Cantidad de follows = 3113"
<br><br><br>string(13) "purocafajeste"
string(27) "Cantidad de follows = 34178"
<br><br><br>string(11) "a_deziderio"
string(26) "Cantidad de follows = 2066"
<br><br><br>object(stdClass)#169 (2) {
  ["id"]=>
  string(5) "29171"
  ["login"]=>
  string(16) "ranchotalisma_mg"
}
object(stdClass)#32 (2) {
  ["id"]=>
  string(5) "29178"
  ["login"]=>
  string(16) "maryana_araujooc"
}
string(13) "vitormagnusss"
string(27) "Cantidad de follows = 42417"
<br><br><br>string(20) "franciscosilva_alves"
string(25) "Cantidad de follows = 266"
<br><br><br>string(17) "mrandersonalmeida"
string(26) "Cantidad de follows = 6387"
<br><br><br>string(10) "inovaluxrj"
string(25) "Cantidad de follows = 192"
<br><br><br>string(17) "mixturinhafashion"
string(26) "Cantidad de follows = 2221"
<br><br><br>string(22) "danelonprimeacessorios"
string(26) "Cantidad de follows = 4824"
<br><br><br>object(stdClass)#252 (2) {
  ["id"]=>
  string(5) "29219"
  ["login"]=>
  string(7) "ruivabr"
}
string(17) "luizjatobaoficial"
string(27) "Cantidad de follows = 10106"
<br><br><br>string(8) "thhai97_"
string(26) "Cantidad de follows = 1633"
<br><br><br>string(10) "tiago_kuhn"
string(26) "Cantidad de follows = 2278"
<br><br><br>object(stdClass)#86 (2) {
  ["id"]=>
  string(5) "29228"
  ["login"]=>
  string(13) "tiolavinicius"
}
string(15) "crisoliveiravmk"
string(26) "Cantidad de follows = 2258"
<br><br><br>string(15) "wesleymichelini"
string(26) "Cantidad de follows = 2010"
<br><br><br>string(18) "raphaelacapobiango"
string(26) "Cantidad de follows = 5654"
<br><br><br>string(11) "castrolucas"
string(26) "Cantidad de follows = 3576"
<br><br><br>string(16) "masseriniosteria"
string(26) "Cantidad de follows = 6391"
<br><br><br>string(10) "alvesgilli"
string(26) "Cantidad de follows = 2004"
<br><br><br>string(10) "felippetur"
string(27) "Cantidad de follows = 20701"
<br><br><br>string(25) "rodrigo.embraconconsorcio"
string(26) "Cantidad de follows = 6275"
<br><br><br>string(14) "naotolendoisso"
string(26) "Cantidad de follows = 3625"
<br><br><br>string(24) "elizabet_insurance_agent"
string(25) "Cantidad de follows = 945"
<br><br><br>string(12) "elestore.rio"
string(26) "Cantidad de follows = 1874"
<br><br><br>string(14) "joannaa_aguiar"
string(25) "Cantidad de follows = 561"
<br><br><br>string(12) "ale.mmartins"
string(26) "Cantidad de follows = 1284"
<br><br><br>string(14) "ricvrdomoraes_"
string(26) "Cantidad de follows = 4101"
<br><br><br>string(16) "psgacademyrecife"
string(26) "Cantidad de follows = 4539"
<br><br><br>string(11) "diasluciano"
string(27) "Cantidad de follows = 16792"
<br><br><br>string(15) "othmanejennaoui"
string(27) "Cantidad de follows = 10951"
<br><br><br>string(14) "andresza_ramos"
string(26) "Cantidad de follows = 2008"
<br><br><br>string(23) "estetica.michelecamargo"
string(26) "Cantidad de follows = 3547"
<br><br><br>string(19) "fernandalima.decora"
string(26) "Cantidad de follows = 2138"
<br><br><br>string(13) "ghanabranding"
string(26) "Cantidad de follows = 6792"
<br><br><br>string(16) "binhorodriguess_"
string(26) "Cantidad de follows = 3543"
<br><br><br>string(14) "theblondedetox"
string(26) "Cantidad de follows = 3726"
<br><br><br>string(19) "oficialwinnieamaral"
string(27) "Cantidad de follows = 23820"
<br><br><br>string(19) "pezinhofirmenarocha"
string(28) "Cantidad de follows = 116235"
<br><br><br>string(11) "meempreenda"
string(26) "Cantidad de follows = 3626"
<br><br><br>string(14) "joseluizpontes"
string(25) "Cantidad de follows = 994"
<br><br><br>object(stdClass)#234 (2) {
  ["id"]=>
  string(5) "29486"
  ["login"]=>
  string(15) "eduarda.neves13"
}
object(stdClass)#82 (2) {
  ["id"]=>
  string(5) "29498"
  ["login"]=>
  string(20) "orlamodapraiaoficial"
}
string(17) "advocacia_messias"
string(26) "Cantidad de follows = 3296"
<br><br><br>string(18) "allbotequipamentos"
string(26) "Cantidad de follows = 2915"
<br><br><br>string(20) "emersonlopeshoficial"
string(27) "Cantidad de follows = 12582"
<br><br><br>string(11) "raissataini"
string(27) "Cantidad de follows = 36642"
<br><br><br>object(stdClass)#105 (2) {
  ["id"]=>
  string(5) "29527"
  ["login"]=>
  string(13) "menezesandree"
}
string(17) "jeferson__brandao"
string(27) "Cantidad de follows = 57692"
<br><br><br>string(10) "vivianeneu"
string(27) "Cantidad de follows = 28763"
<br><br><br>string(8) "dhougie_"
string(27) "Cantidad de follows = 14385"
<br><br><br>string(24) "andressamakeup_penteados"
string(26) "Cantidad de follows = 3048"
<br><br><br>string(13) "iracemaallves"
string(26) "Cantidad de follows = 7388"
<br><br><br>string(11) "renannunes2"
string(26) "Cantidad de follows = 5039"
<br><br><br>string(14) "natha.estetica"
string(26) "Cantidad de follows = 1898"
<br><br><br>string(19) "j.a.estudiodebeleza"
string(25) "Cantidad de follows = 187"
<br><br><br>string(12) "grafianafoto"
string(26) "Cantidad de follows = 9048"
<br><br><br>string(19) "thespacetimeripples"
string(26) "Cantidad de follows = 3349"
<br><br><br>string(14) "rubia_martinss"
string(28) "Cantidad de follows = 106636"
<br><br><br>string(23) "joseguilherme.consultor"
string(26) "Cantidad de follows = 1198"
<br><br><br>string(14) "emporiodifiori"
string(26) "Cantidad de follows = 2260"
<br><br><br>string(21) "viajandonaarquitetura"
string(26) "Cantidad de follows = 5073"
<br><br><br>string(14) "elitecenterfoz"
string(26) "Cantidad de follows = 2395"
<br><br><br>string(10) "yancasilva"
string(26) "Cantidad de follows = 3827"
<br><br><br>string(15) "doceriaanaester"
string(26) "Cantidad de follows = 3919"
<br><br><br>string(10) "kathguedes"
string(27) "Cantidad de follows = 43058"
<br><br><br>string(13) "tubaraocenter"
string(26) "Cantidad de follows = 6326"
<br><br><br>object(stdClass)#238 (2) {
  ["id"]=>
  string(5) "29702"
  ["login"]=>
  string(6) "zayrnm"
}
string(9) "chefeeddy"
string(27) "Cantidad de follows = 14188"
<br><br><br>string(10) "acasadecat"
string(27) "Cantidad de follows = 11472"
<br><br><br>string(20) "oficialforroperfeito"
string(27) "Cantidad de follows = 49417"
<br><br><br>string(14) "orabolasbrecho"
string(26) "Cantidad de follows = 2992"
<br><br><br>string(11) "thekingboy_"
string(27) "Cantidad de follows = 17741"
<br><br><br>string(15) "vanessa.wysocki"
string(26) "Cantidad de follows = 3581"
<br><br><br>string(11) "rique.silva"
string(26) "Cantidad de follows = 4988"
<br><br><br>string(22) "gabriellacarvalhostore"
string(27) "Cantidad de follows = 34035"
<br><br><br>string(14) "lojanowfitness"
string(26) "Cantidad de follows = 3972"
<br><br><br>string(8) "mapoiani"
string(26) "Cantidad de follows = 6145"
<br><br><br>string(14) "salaostudiosbc"
string(26) "Cantidad de follows = 1801"
<br><br><br>string(19) "studying_the_secret"
string(26) "Cantidad de follows = 2826"
<br><br><br>string(23) "studiohairinternacional"
string(26) "Cantidad de follows = 5398"
<br><br><br>string(9) "ahdireito"
string(26) "Cantidad de follows = 5422"
<br><br><br>string(7) "kabonkk"
string(26) "Cantidad de follows = 4030"
<br><br><br>string(10) "companyate"
string(25) "Cantidad de follows = 111"
<br><br><br>string(12) "djdavisantos"
string(26) "Cantidad de follows = 8398"
<br><br><br>string(14) "rafaellmoraess"
string(25) "Cantidad de follows = 840"
<br><br><br>string(22) "syflariluminacaoimport"
string(26) "Cantidad de follows = 1908"
<br><br><br>object(stdClass)#179 (2) {
  ["id"]=>
  string(5) "29883"
  ["login"]=>
  string(12) "grupo.efraim"
}
object(stdClass)#82 (2) {
  ["id"]=>
  string(5) "29884"
  ["login"]=>
  string(17) "efraimhoteleflats"
}
string(30) "rpcontrollerinsetodedetizadora"
string(25) "Cantidad de follows = 165"
<br><br><br>string(12) "raunierporto"
string(26) "Cantidad de follows = 3099"
<br><br><br>string(11) "marciabotam"
string(26) "Cantidad de follows = 3863"
<br><br><br>object(stdClass)#240 (2) {
  ["id"]=>
  string(5) "29901"
  ["login"]=>
  string(8) "1jonhbjj"
}
object(stdClass)#13 (2) {
  ["id"]=>
  string(5) "29918"
  ["login"]=>
  string(9) "odeiopera"
}
object(stdClass)#240 (2) {
  ["id"]=>
  string(5) "29932"
  ["login"]=>
  string(11) "eufeearruda"
}
string(11) "tclaranunes"
string(26) "Cantidad de follows = 1812"
<br><br><br>string(19) "alaskaclothingstore"
string(26) "Cantidad de follows = 2292"
<br><br><br>string(14) "gkt_kickboxing"
string(26) "Cantidad de follows = 1650"
<br><br><br>string(19) "character.design.gk"
string(26) "Cantidad de follows = 1188"
<br><br><br>object(stdClass)#101 (2) {
  ["id"]=>
  string(5) "29964"
  ["login"]=>
  string(12) "blogdoarinos"
}
object(stdClass)#202 (2) {
  ["id"]=>
  string(5) "29965"
  ["login"]=>
  string(12) "bela.morenaa"
}
string(24) "leandroquelucifotografia"
string(26) "Cantidad de follows = 3219"
<br><br><br>string(19) "generalstorefitness"
string(26) "Cantidad de follows = 3825"
<br><br><br>string(15) "acervomodasda44"
string(26) "Cantidad de follows = 5695"
<br><br><br>string(12) "mama_costhay"
string(26) "Cantidad de follows = 4864"
<br><br><br>string(17) "ginetom_rodrigues"
string(26) "Cantidad de follows = 8020"
<br><br><br>string(13) "brunnooctavio"
string(25) "Cantidad de follows = 981"
<br><br><br>object(stdClass)#179 (2) {
  ["id"]=>
  string(5) "29996"
  ["login"]=>
  string(12) "doug0liveira"
}
string(10) "gutt_carol"
string(27) "Cantidad de follows = 12041"
<br><br><br>string(9) "hulkdutra"
string(27) "Cantidad de follows = 13382"
<br><br><br>string(16) "camilaguerreiroo"
string(26) "Cantidad de follows = 2372"
<br><br><br>string(15) "sandymakecabelo"
string(26) "Cantidad de follows = 6647"
<br><br><br>string(15) "copaciadvogados"
string(25) "Cantidad de follows = 682"
<br><br><br>string(18) "diegocamargotattoo"
string(26) "Cantidad de follows = 3356"
<br><br><br>string(17) "entretenimento.pe"
string(26) "Cantidad de follows = 3423"
<br><br><br>string(17) "alicemelomakehair"
string(26) "Cantidad de follows = 6792"
<br><br><br>object(stdClass)#127 (2) {
  ["id"]=>
  string(5) "30051"
  ["login"]=>
  string(11) "tuguinha.tv"
}
string(13) "rentar.com.do"
string(27) "Cantidad de follows = 11608"
<br><br><br>string(15) "eriosvaldodiniz"
string(26) "Cantidad de follows = 1625"
<br><br><br>string(11) "gustavo_ono"
string(26) "Cantidad de follows = 5540"
<br><br><br>string(15) "canilredbroncos"
string(26) "Cantidad de follows = 1878"
<br><br><br>string(9) "_brokerst"
string(25) "Cantidad de follows = 303"
<br><br><br>string(14) "lifeprojectone"
string(26) "Cantidad de follows = 1902"
<br><br><br>string(16) "disfranco.motors"
string(26) "Cantidad de follows = 3148"
<br><br><br>string(6) "bomf17"
string(25) "Cantidad de follows = 875"
<br><br><br>string(12) "aliicemello_"
string(26) "Cantidad de follows = 2587"
<br><br><br>string(11) "_bellaforma"
string(27) "Cantidad de follows = 71509"
<br><br><br>string(10) "bruruschel"
string(27) "Cantidad de follows = 11909"
<br><br><br>string(9) "murilooc7"
string(26) "Cantidad de follows = 4612"
<br><br><br>string(9) "a7madov95"
string(25) "Cantidad de follows = 246"
<br><br><br>string(7) "a_mayla"
string(25) "Cantidad de follows = 752"
<br><br><br>string(13) "lidiafeitosa4"
string(26) "Cantidad de follows = 2809"
<br><br><br>string(10) "smokeseila"
string(25) "Cantidad de follows = 652"
<br><br><br>string(10) "rikdelucca"
string(26) "Cantidad de follows = 3686"
<br><br><br>string(19) "corretoracavalcante"
string(25) "Cantidad de follows = 843"
<br><br><br>object(stdClass)#17 (2) {
  ["id"]=>
  string(5) "30218"
  ["login"]=>
  string(14) "thaisaschayder"
}
string(13) "hueskerbrasil"
string(26) "Cantidad de follows = 3893"
<br><br><br>string(22) "rodrigoranchodascabras"
string(25) "Cantidad de follows = 958"
<br><br><br>object(stdClass)#202 (2) {
  ["id"]=>
  string(5) "30232"
  ["login"]=>
  string(15) "arisson_jessica"
}
object(stdClass)#12 (2) {
  ["id"]=>
  string(5) "30257"
  ["login"]=>
  string(13) "nathaly_llima"
}
string(21) "laraharantes.piercing"
string(26) "Cantidad de follows = 3227"
<br><br><br>string(11) "maitemellim"
string(26) "Cantidad de follows = 1953"
<br><br><br>string(10) "criptobraz"
string(25) "Cantidad de follows = 731"
<br><br><br>string(14) "meuprojeto.fit"
string(26) "Cantidad de follows = 2145"
<br><br><br>object(stdClass)#64 (2) {
  ["id"]=>
  string(5) "30286"
  ["login"]=>
  string(15) "cmo_odontologia"
}
object(stdClass)#230 (2) {
  ["id"]=>
  string(5) "30293"
  ["login"]=>
  string(14) "ketellenfelix1"
}
string(14) "biel_do_cavaco"
string(27) "Cantidad de follows = 19312"
<br><br><br>string(9) "netto_ull"
string(25) "Cantidad de follows = 610"
<br><br><br>string(11) "nandokounat"
string(27) "Cantidad de follows = 19476"
<br><br><br>object(stdClass)#193 (2) {
  ["id"]=>
  string(5) "30317"
  ["login"]=>
  string(14) "easyartgrafica"
}
string(15) "studio_beauty15"
string(26) "Cantidad de follows = 1041"
<br><br><br>string(18) "julio_sosa_imoveis"
string(25) "Cantidad de follows = 795"
<br><br><br>string(10) "canelihome"
string(26) "Cantidad de follows = 3745"
<br><br><br>string(9) "josergm86"
string(26) "Cantidad de follows = 7209"
<br><br><br>string(11) "katiaalbany"
string(26) "Cantidad de follows = 4803"
<br><br><br>string(11) "leandramora"
string(26) "Cantidad de follows = 4779"
<br><br><br>object(stdClass)#142 (2) {
  ["id"]=>
  string(5) "30380"
  ["login"]=>
  string(7) "_lrnnym"
}
string(17) "festivalnovomundo"
string(26) "Cantidad de follows = 4487"
<br><br><br>string(10) "odavilemos"
string(27) "Cantidad de follows = 13391"
<br><br><br>string(20) "clebsonfrancaoficial"
string(26) "Cantidad de follows = 2248"
<br><br><br>string(15) "mamaesemmanuais"
string(27) "Cantidad de follows = 11461"
<br><br><br>string(13) "victorcastelo"
string(26) "Cantidad de follows = 1189"
<br><br><br>string(17) "fabricio.physique"
string(27) "Cantidad de follows = 11804"
<br><br><br>string(15) "rafaelfsantanaa"
string(25) "Cantidad de follows = 765"
<br><br><br>object(stdClass)#140 (2) {
  ["id"]=>
  string(5) "30436"
  ["login"]=>
  string(15) "kawlicheski1993"
}
string(10) "facamerirr"
string(26) "Cantidad de follows = 3404"
<br><br><br>string(10) "linoamanda"
string(27) "Cantidad de follows = 10120"
<br><br><br>string(10) "_lorecosta"
string(26) "Cantidad de follows = 2108"
<br><br><br>string(21) "clara.goldenretriever"
string(26) "Cantidad de follows = 3611"
<br><br><br>string(14) "andre.grupoark"
string(26) "Cantidad de follows = 4182"
<br><br><br>object(stdClass)#224 (2) {
  ["id"]=>
  string(5) "30478"
  ["login"]=>
  string(13) "espacoubaense"
}
string(14) "photoboxbrasil"
string(26) "Cantidad de follows = 2841"
<br><br><br>string(13) "luiara_helmer"
string(26) "Cantidad de follows = 5016"
<br><br><br>string(7) "dul_fcy"
string(26) "Cantidad de follows = 3057"
<br><br><br>string(26) "emporiodapapinhasantoandre"
string(26) "Cantidad de follows = 5540"
<br><br><br>string(15) "rayanemarchetta"
string(26) "Cantidad de follows = 1714"
<br><br><br>string(13) "karol_nunes00"
string(26) "Cantidad de follows = 3591"
<br><br><br>string(10) "apedesign_"
string(26) "Cantidad de follows = 2751"
<br><br><br>string(9) "danilelah"
string(26) "Cantidad de follows = 5298"
<br><br><br>string(8) "kevinm5m"
string(26) "Cantidad de follows = 7349"
<br><br><br>string(12) "noahestetica"
string(26) "Cantidad de follows = 8837"
<br><br><br>string(9) "casadovaz"
string(26) "Cantidad de follows = 7393"
<br><br><br>string(8) "arena7bh"
string(26) "Cantidad de follows = 4397"
<br><br><br>object(stdClass)#207 (2) {
  ["id"]=>
  string(5) "30581"
  ["login"]=>
  string(13) "mathoficialbr"
}
string(17) "jonatas.batistela"
string(27) "Cantidad de follows = 16028"
<br><br><br>string(10) "queirozloo"
string(26) "Cantidad de follows = 3704"
<br><br><br>object(stdClass)#180 (2) {
  ["id"]=>
  string(5) "30593"
  ["login"]=>
  string(12) "rogersiiilva"
}
string(11) "marci0viana"
string(26) "Cantidad de follows = 1318"
<br><br><br>string(16) "chefsheiladuarte"
string(26) "Cantidad de follows = 1042"
<br><br><br>string(8) "itsredtv"
string(27) "Cantidad de follows = 44878"
<br><br><br>object(stdClass)#36 (2) {
  ["id"]=>
  string(5) "30622"
  ["login"]=>
  string(8) "lorisfaz"
}
object(stdClass)#84 (2) {
  ["id"]=>
  string(5) "30623"
  ["login"]=>
  string(20) "emagrecer_ja_oficial"
}
string(19) "tamyparadorneptunia"
string(26) "Cantidad de follows = 5883"
<br><br><br>string(9) "gabicoach"
string(26) "Cantidad de follows = 3474"
<br><br><br>object(stdClass)#124 (2) {
  ["id"]=>
  string(5) "30648"
  ["login"]=>
  string(14) "amanda3santana"
}
string(8) "crecleao"
string(26) "Cantidad de follows = 3247"
<br><br><br>string(10) "elluhalves"
string(26) "Cantidad de follows = 5189"
<br><br><br>string(18) "mixsushicafebistek"
string(26) "Cantidad de follows = 5922"
<br><br><br>string(16) "f1ciaimobiliaria"
string(26) "Cantidad de follows = 3365"
<br><br><br>string(15) "vitor_honorato3"
string(26) "Cantidad de follows = 1133"
<br><br><br>string(13) "veneno_daseda"
string(26) "Cantidad de follows = 2071"
<br><br><br>string(10) "mc2turismo"
string(27) "Cantidad de follows = 17839"
<br><br><br>string(19) "erickakamineoficial"
string(26) "Cantidad de follows = 6601"
<br><br><br>string(11) "fredmunizrj"
string(26) "Cantidad de follows = 1563"
<br><br><br>object(stdClass)#186 (2) {
  ["id"]=>
  string(5) "30718"
  ["login"]=>
  string(16) "luis.fernando.br"
}
string(17) "drasheilawatanabe"
string(26) "Cantidad de follows = 1843"
<br><br><br>string(12) "laysasmacedo"
string(26) "Cantidad de follows = 2847"
<br><br><br>string(17) "creativapapelaria"
string(25) "Cantidad de follows = 333"
<br><br><br>string(11) "aondeiremsp"
string(27) "Cantidad de follows = 25657"
<br><br><br>object(stdClass)#17 (2) {
  ["id"]=>
  string(5) "30815"
  ["login"]=>
  string(6) "79_app"
}
string(15) "dioceliogoulart"
string(27) "Cantidad de follows = 19139"
<br><br><br>string(15) "victorperazzini"
string(26) "Cantidad de follows = 2592"
<br><br><br>string(12) "alberto_test"
string(25) "Cantidad de follows = 312"
<br><br><br>string(13) "fassegseguros"
string(26) "Cantidad de follows = 7081"
<br><br><br>string(18) "giovanni.consultor"
string(25) "Cantidad de follows = 964"
<br><br><br>string(17) "coach.jorgeamorim"
string(25) "Cantidad de follows = 996"
<br><br><br>string(16) "blessedmaemequer"
string(27) "Cantidad de follows = 17650"
<br><br><br>string(15) "baile_de_camelo"
string(25) "Cantidad de follows = 762"
<br><br><br>string(13) "dentistabruna"
string(25) "Cantidad de follows = 196"
<br><br><br>string(11) "chicomorais"
string(26) "Cantidad de follows = 4616"
<br><br><br>string(13) "adrianemayumi"
string(27) "Cantidad de follows = 14240"
<br><br><br>string(14) "dresscode.byrm"
string(25) "Cantidad de follows = 236"
<br><br><br>object(stdClass)#64 (2) {
  ["id"]=>
  string(5) "30911"
  ["login"]=>
  string(15) "alynemultiforme"
}
string(15) "ehpralaqueeuvou"
string(26) "Cantidad de follows = 1270"
<br><br><br>string(14) "douglasvwalker"
string(26) "Cantidad de follows = 1797"
<br><br><br>string(8) "dazz.777"
string(26) "Cantidad de follows = 1000"
<br><br><br>string(14) "rafaella_neves"
string(26) "Cantidad de follows = 3755"
<br><br><br>string(8) "soueuwal"
string(26) "Cantidad de follows = 1640"
<br><br><br>string(22) "lacosdasmeninasoficial"
string(26) "Cantidad de follows = 2237"
<br><br><br>string(13) "talitamcostta"
string(25) "Cantidad de follows = 589"
<br><br><br>object(stdClass)#175 (2) {
  ["id"]=>
  string(5) "30989"
  ["login"]=>
  string(8) "pionunes"
}
string(18) "confeitariadagabi_"
string(24) "Cantidad de follows = 63"
<br><br><br>string(14) "brunoalvarez.1"
string(25) "Cantidad de follows = 590"
<br><br><br>string(10) "1989closet"
string(26) "Cantidad de follows = 5832"
<br><br><br>string(12) "jumota_decor"
string(26) "Cantidad de follows = 1701"
<br><br><br>string(16) "marmitinhaslight"
string(26) "Cantidad de follows = 2667"
<br><br><br>string(24) "leoart_desing_paisagismo"
string(26) "Cantidad de follows = 6324"
<br><br><br>string(14) "carolfroemming"
string(26) "Cantidad de follows = 7143"
<br><br><br>string(16) "priscila_assilva"
string(25) "Cantidad de follows = 614"
<br><br><br>object(stdClass)#169 (2) {
  ["id"]=>
  string(5) "31080"
  ["login"]=>
  string(9) "chio18789"
}
string(13) "kasamor_store"
string(26) "Cantidad de follows = 2340"
<br><br><br>string(13) "thamysilva201"
string(26) "Cantidad de follows = 4024"
<br><br><br>string(10) "alexrssp12"
string(25) "Cantidad de follows = 313"
<br><br><br>string(14) "silvio.cesarjr"
string(24) "Cantidad de follows = 57"
<br><br><br>string(12) "levis_tudouu"
string(27) "Cantidad de follows = 16501"
<br><br><br>string(8) "euogomez"
string(26) "Cantidad de follows = 2488"
<br><br><br>string(14) "amorefeoficial"
string(26) "Cantidad de follows = 5218"
<br><br><br>string(15) "studioambientes"
string(27) "Cantidad de follows = 14548"
<br><br><br>string(12) "gomilkbrasil"
string(26) "Cantidad de follows = 1062"
<br><br><br>string(13) "gomed.digital"
string(26) "Cantidad de follows = 2299"
<br><br><br>object(stdClass)#137 (2) {
  ["id"]=>
  string(5) "31133"
  ["login"]=>
  string(6) "lv_luh"
}
string(8) "curyamin"
string(25) "Cantidad de follows = 760"
<br><br><br>string(11) "stancefight"
string(27) "Cantidad de follows = 33597"
<br><br><br>string(19) "medconsultingbrasil"
string(27) "Cantidad de follows = 11969"
<br><br><br>string(3) "usa"
string(26) "Cantidad de follows = 4636"
<br><br><br>string(8) "voa_hati"
string(26) "Cantidad de follows = 2955"
<br><br><br>string(10) "yasmincgr_"
string(26) "Cantidad de follows = 1098"
<br><br><br>string(14) "kharlos_soares"
string(25) "Cantidad de follows = 204"
<br><br><br>string(19) "chrystopher.gabriel"
string(25) "Cantidad de follows = 328"
<br><br><br>string(7) "nega.93"
string(27) "Cantidad de follows = 11114"
<br><br><br>string(13) "cahrlossoares"
string(24) "Cantidad de follows = 63"
<br><br><br>string(8) "emillymv"
string(26) "Cantidad de follows = 4079"
<br><br><br>string(11) "_j.o.a.o___"
string(25) "Cantidad de follows = 188"
<br><br><br>string(14) "antonioportes_"
string(25) "Cantidad de follows = 232"
<br><br><br>string(14) "samo_oliveiraa"
string(25) "Cantidad de follows = 785"
<br><br><br>string(12) "aleehzinho_t"
string(25) "Cantidad de follows = 171"
<br><br><br>string(15) "jonasfahelysson"
string(26) "Cantidad de follows = 6903"
<br><br><br>string(13) "mari_azeredo_"
string(25) "Cantidad de follows = 761"
<br><br><br>string(18) "clinicaformighieri"
string(26) "Cantidad de follows = 2207"
<br><br><br>string(10) "guiturner_"
string(26) "Cantidad de follows = 8885"
<br><br><br>string(14) "carloskpulling"
string(28) "Cantidad de follows = 112078"
<br><br><br>string(10) "oppaviajei"
string(25) "Cantidad de follows = 749"
<br><br><br>string(15) "jujucoelhopinto"
string(27) "Cantidad de follows = 28184"
<br><br><br>string(13) "gersonaraujo_"
string(26) "Cantidad de follows = 2259"
<br><br><br>object(stdClass)#132 (2) {
  ["id"]=>
  string(5) "31318"
  ["login"]=>
  string(11) "josiasnetoo"
}
string(19) "blogsairdozeroagora"
string(26) "Cantidad de follows = 1253"
<br><br><br>object(stdClass)#132 (2) {
  ["id"]=>
  string(5) "31325"
  ["login"]=>
  string(18) "neonprodutorapromo"
}
object(stdClass)#129 (2) {
  ["id"]=>
  string(5) "31326"
  ["login"]=>
  string(6) "djrat_"
}
object(stdClass)#132 (2) {
  ["id"]=>
  string(5) "31337"
  ["login"]=>
  string(23) "anderson_diego_oliveira"
}
string(19) "anacarlarodrigues19"
string(26) "Cantidad de follows = 3165"
<br><br><br>object(stdClass)#132 (2) {
  ["id"]=>
  string(5) "31346"
  ["login"]=>
  string(15) "siimoneepereira"
}
string(13) "jubart_design"
string(25) "Cantidad de follows = 648"
<br><br><br>string(19) "bellkeyprofessional"
string(26) "Cantidad de follows = 1734"
<br><br><br>string(8) "ealine._"
string(26) "Cantidad de follows = 4777"
<br><br><br>object(stdClass)#231 (2) {
  ["id"]=>
  string(5) "31383"
  ["login"]=>
  string(8) "wheresje"
}
object(stdClass)#77 (2) {
  ["id"]=>
  string(5) "31394"
  ["login"]=>
  string(12) "ronyfgomesss"
}
string(16) "jhonatha_feitosa"
string(26) "Cantidad de follows = 1186"
<br><br><br>string(15) "blena.nathallya"
string(26) "Cantidad de follows = 1089"
<br><br><br>string(10) "edersonflx"
string(26) "Cantidad de follows = 6867"
<br><br><br>string(23) "tridorimpermebializacao"
string(25) "Cantidad de follows = 255"
<br><br><br>string(9) "jehdpires"
string(25) "Cantidad de follows = 804"
<br><br><br>string(18) "emagrecer_agora.br"
string(26) "Cantidad de follows = 1267"
<br><br><br>string(9) "caio_luka"
string(25) "Cantidad de follows = 355"
<br><br><br>string(10) "brasil.anb"
string(25) "Cantidad de follows = 736"
<br><br><br>string(19) "jeanpiresfotografia"
string(26) "Cantidad de follows = 1111"
<br><br><br>object(stdClass)#255 (2) {
  ["id"]=>
  string(5) "31483"
  ["login"]=>
  string(12) "canutoandree"
}
string(15) "charles_gsilvaa"
string(26) "Cantidad de follows = 1880"
<br><br><br>string(15) "theluccassantos"
string(26) "Cantidad de follows = 1172"
<br><br><br>string(10) "biih_faith"
string(26) "Cantidad de follows = 1478"
<br><br><br>string(18) "leonardomonteiro00"
string(25) "Cantidad de follows = 894"
<br><br><br>string(17) "carlafagundesblog"
string(26) "Cantidad de follows = 6217"
<br><br><br>string(13) "aguedamaurien"
string(26) "Cantidad de follows = 2609"
<br><br><br>string(13) "pedrosagfteam"
string(26) "Cantidad de follows = 1898"
<br><br><br>string(9) "eusoudaro"
string(26) "Cantidad de follows = 1683"
<br><br><br>string(14) "caiquefregnani"
string(27) "Cantidad de follows = 11120"
<br><br><br>string(14) "heitorsoares.c"
string(26) "Cantidad de follows = 8051"
<br><br><br>string(21) "mulheres_que_se_amam_"
string(24) "Cantidad de follows = 76"
<br><br><br>string(17) "marco.suplementos"
string(27) "Cantidad de follows = 10136"
<br><br><br>string(8) "tetovivo"
string(26) "Cantidad de follows = 2102"
<br><br><br>string(14) "andrewanderley"
string(26) "Cantidad de follows = 3721"
<br><br><br>string(9) "vitormc83"
string(25) "Cantidad de follows = 176"
<br><br><br>string(8) "_lsilvva"
string(26) "Cantidad de follows = 6444"
<br><br><br>string(17) "clube_das_gostosa"
string(26) "Cantidad de follows = 2639"
<br><br><br>string(17) "esteticista_julia"
string(25) "Cantidad de follows = 643"
<br><br><br>string(10) "kauadellon"
string(26) "Cantidad de follows = 1126"
<br><br><br>string(20) "divulgageraisoficial"
string(27) "Cantidad de follows = 21101"
<br><br><br>string(18) "dr.grimaldobicalho"
string(26) "Cantidad de follows = 1739"
<br><br><br>object(stdClass)#218 (2) {
  ["id"]=>
  string(5) "31679"
  ["login"]=>
  string(13) "eiandrecanuto"
}
string(10) "mariodj.uy"
string(26) "Cantidad de follows = 2167"
<br><br><br>string(14) "stephanmarinho"
string(26) "Cantidad de follows = 7093"
<br><br><br>string(9) "misouza07"
string(25) "Cantidad de follows = 720"
<br><br><br>string(16) "glaubritooficial"
string(26) "Cantidad de follows = 2347"
<br><br><br>string(18) "anacarolinefavacho"
string(26) "Cantidad de follows = 1163"
<br><br><br>string(17) "natpharmafarmacia"
string(25) "Cantidad de follows = 806"
<br><br><br>string(13) "tablesdecorpy"
string(25) "Cantidad de follows = 694"
<br><br><br>string(18) "julianasilvaespaco"
string(26) "Cantidad de follows = 1250"
<br><br><br>string(22) "alice_carvalho_oficial"
string(26) "Cantidad de follows = 1924"
<br><br><br>string(14) "juliaparanhos_"
string(27) "Cantidad de follows = 41425"
<br><br><br>string(18) "rannabeckeroficial"
string(27) "Cantidad de follows = 20252"
<br><br><br>string(13) "gomesterapias"
string(27) "Cantidad de follows = 48760"
<br><br><br>string(3) "ola"
string(26) "Cantidad de follows = 2898"
<br><br><br>string(10) "filhoteeco"
string(27) "Cantidad de follows = 32717"
<br><br><br>object(stdClass)#20 (2) {
  ["id"]=>
  string(5) "31757"
  ["login"]=>
  string(15) "umbr_no_youtube"
}
string(12) "jeff_valerio"
string(25) "Cantidad de follows = 491"
<br><br><br>string(12) "calmbunnypet"
string(25) "Cantidad de follows = 633"
<br><br><br>string(9) "equipe.dx"
string(26) "Cantidad de follows = 2489"
<br><br><br>string(11) "mr.andyarte"
string(25) "Cantidad de follows = 434"
<br><br><br>string(12) "401loungebar"
string(26) "Cantidad de follows = 6848"
<br><br><br>string(14) "edinhotattoojc"
string(27) "Cantidad de follows = 11010"
<br><br><br>string(16) "claudio__soaress"
string(25) "Cantidad de follows = 153"
<br><br><br>string(17) "eduardo_purapesca"
string(28) "Cantidad de follows = 118793"
<br><br><br>string(18) "psi.brunarodrigues"
string(25) "Cantidad de follows = 231"
<br><br><br>string(14) "dillyscoralick"
string(26) "Cantidad de follows = 8010"
<br><br><br>string(15) "vitorhugomsouza"
string(25) "Cantidad de follows = 217"
<br><br><br>string(21) "maktubemiratessbrasil"
string(25) "Cantidad de follows = 307"
<br><br><br>string(8) "opldecor"
string(25) "Cantidad de follows = 280"
<br><br><br>string(8) "yslaoker"
string(24) "Cantidad de follows = 16"
<br><br><br>string(15) "brunoxavierhair"
string(27) "Cantidad de follows = 14531"
<br><br><br>string(12) "thaaysbastos"
string(26) "Cantidad de follows = 6870"
<br><br><br>string(11) "intensicare"
string(23) "Cantidad de follows = 6"
<br><br><br>string(13) "duodiscomusic"
string(27) "Cantidad de follows = 49421"
<br><br><br>string(13) "dhouserecords"
string(25) "Cantidad de follows = 143"
<br><br><br>string(18) "lucas_otaviomakeup"
string(26) "Cantidad de follows = 3008"
<br><br><br>\n<br>JOB DONE!!!<br>\n2018-10-25 07:55:50am