DAILY REPORT Inited...!<br>
2018-10-16 06:30:01am<br>
string(14) "alberto_dreyes"
string(27) "Cantidad de follows = 14390"
<br><br><br>string(19) "opiniaoconservadora"
string(27) "Cantidad de follows = 57197"
<br><br><br>string(17) "sibitecomunicacao"
string(27) "Cantidad de follows = 10249"
<br><br><br>string(11) "mo.taniguti"
string(27) "Cantidad de follows = 20831"
<br><br><br>object(stdClass)#30 (2) {
  ["id"]=>
  string(3) "146"
  ["login"]=>
  string(12) "auepromocoes"
}
string(23) "jeunesse_bycrislafratta"
string(25) "Cantidad de follows = 184"
<br><br><br>string(12) "lily.s.alves"
string(26) "Cantidad de follows = 2085"
<br><br><br>string(10) "powerlook_"
string(27) "Cantidad de follows = 60718"
<br><br><br>object(stdClass)#12 (2) {
  ["id"]=>
  string(3) "245"
  ["login"]=>
  string(18) "xodozinho.retratos"
}
object(stdClass)#23 (2) {
  ["id"]=>
  string(3) "867"
  ["login"]=>
  string(14) "joaovictorjvb1"
}
object(stdClass)#12 (2) {
  ["id"]=>
  string(4) "1059"
  ["login"]=>
  string(8) "graverrj"
}
string(7) "ma_luco"
string(27) "Cantidad de follows = 28585"
<br><br><br>string(12) "carlloooooss"
string(26) "Cantidad de follows = 1289"
<br><br><br>string(15) "sapatodochef.pa"
string(26) "Cantidad de follows = 2366"
<br><br><br>object(stdClass)#221 (2) {
  ["id"]=>
  string(4) "2175"
  ["login"]=>
  string(10) "vireiloira"
}
string(18) "mercadomodelobahia"
string(26) "Cantidad de follows = 9044"
<br><br><br>string(11) "thayscalmon"
string(26) "Cantidad de follows = 5277"
<br><br><br>string(11) "decoremundo"
string(27) "Cantidad de follows = 14327"
<br><br><br>string(9) "decorcool"
string(23) "Cantidad de follows = 7"
<br><br><br>string(8) "fragabar"
string(26) "Cantidad de follows = 4339"
<br><br><br>object(stdClass)#194 (2) {
  ["id"]=>
  string(4) "4236"
  ["login"]=>
  string(8) "lorenaym"
}
string(11) "pamelaotero"
string(27) "Cantidad de follows = 46167"
<br><br><br>string(19) "starpointcollection"
string(27) "Cantidad de follows = 12661"
<br><br><br>string(9) "katiacsdc"
string(27) "Cantidad de follows = 18301"
<br><br><br>string(14) "grazielialvess"
string(27) "Cantidad de follows = 21562"
<br><br><br>string(22) "dra_barbaravasconcelos"
string(27) "Cantidad de follows = 24099"
<br><br><br>string(21) "comandantedochurrasco"
string(27) "Cantidad de follows = 56687"
<br><br><br>string(12) "40antesdos40"
string(27) "Cantidad de follows = 27892"
<br><br><br>string(16) "drricardopalacio"
string(27) "Cantidad de follows = 25742"
<br><br><br>string(12) "pollyruffini"
string(26) "Cantidad de follows = 7119"
<br><br><br>string(14) "carlos_skatmar"
string(26) "Cantidad de follows = 2355"
<br><br><br>string(10) "star_point"
string(27) "Cantidad de follows = 32746"
<br><br><br>string(8) "rruizmma"
string(27) "Cantidad de follows = 46966"
<br><br><br>string(8) "dumbu.09"
string(26) "Cantidad de follows = 7677"
<br><br><br>string(14) "marcosp.medina"
string(26) "Cantidad de follows = 4074"
<br><br><br>string(11) "sandrozion7"
string(27) "Cantidad de follows = 21058"
<br><br><br>string(17) "grandville_hoteis"
string(27) "Cantidad de follows = 12701"
<br><br><br>string(11) "josiasdiass"
string(27) "Cantidad de follows = 18075"
<br><br><br>string(18) "barbaracampospalma"
string(26) "Cantidad de follows = 8695"
<br><br><br>string(9) "telless13"
string(27) "Cantidad de follows = 14619"
<br><br><br>string(13) "bandamegafire"
string(27) "Cantidad de follows = 23359"
<br><br><br>string(17) "sosoportunidade10"
string(25) "Cantidad de follows = 963"
<br><br><br>string(18) "academia_king_thai"
string(26) "Cantidad de follows = 5070"
<br><br><br>string(13) "renatafontany"
string(27) "Cantidad de follows = 33174"
<br><br><br>string(14) "cabelosaugusto"
string(27) "Cantidad de follows = 23307"
<br><br><br>string(14) "brunocerqueira"
string(27) "Cantidad de follows = 10551"
<br><br><br>string(10) "noxboymike"
string(26) "Cantidad de follows = 5464"
<br><br><br>string(20) "juliobaptistaoficial"
string(28) "Cantidad de follows = 250557"
<br><br><br>string(21) "ateliermarielamoreira"
string(27) "Cantidad de follows = 15846"
<br><br><br>object(stdClass)#165 (2) {
  ["id"]=>
  string(5) "11096"
  ["login"]=>
  string(12) "michaelletjp"
}
object(stdClass)#42 (2) {
  ["id"]=>
  string(5) "11099"
  ["login"]=>
  string(13) "agostochuvoso"
}
string(11) "insultedboy"
string(26) "Cantidad de follows = 3519"
<br><br><br>string(11) "weilla_morg"
string(25) "Cantidad de follows = 933"
<br><br><br>string(11) "raphabritoo"
string(27) "Cantidad de follows = 16064"
<br><br><br>string(10) "vinihveiga"
string(26) "Cantidad de follows = 4085"
<br><br><br>object(stdClass)#168 (2) {
  ["id"]=>
  string(5) "11131"
  ["login"]=>
  string(14) "deliciasdoronk"
}
string(16) "duuduuzinhosilva"
string(26) "Cantidad de follows = 3036"
<br><br><br>string(9) "carlosbsg"
string(25) "Cantidad de follows = 921"
<br><br><br>string(12) "danndourado0"
string(27) "Cantidad de follows = 14975"
<br><br><br>string(7) "biel312"
string(24) "Cantidad de follows = 10"
<br><br><br>string(11) "caiogrunupp"
string(26) "Cantidad de follows = 3306"
<br><br><br>string(11) "paullonunan"
string(26) "Cantidad de follows = 1437"
<br><br><br>string(12) "pablodiego15"
string(26) "Cantidad de follows = 1109"
<br><br><br>object(stdClass)#129 (2) {
  ["id"]=>
  string(5) "11230"
  ["login"]=>
  string(16) "_luferreiranunes"
}
string(14) "natan_mantelli"
string(25) "Cantidad de follows = 798"
<br><br><br>string(17) "antoniocarlos3627"
string(24) "Cantidad de follows = 42"
<br><br><br>string(11) "365_indubai"
string(27) "Cantidad de follows = 21882"
<br><br><br>object(stdClass)#83 (2) {
  ["id"]=>
  string(5) "11239"
  ["login"]=>
  string(12) "ceottosinuhe"
}
string(14) "vitoriaabritto"
string(27) "Cantidad de follows = 33452"
<br><br><br>string(11) "lojaoperapc"
string(27) "Cantidad de follows = 23897"
<br><br><br>string(12) "huealimentos"
string(26) "Cantidad de follows = 5131"
<br><br><br>string(13) "kstimportados"
string(26) "Cantidad de follows = 4381"
<br><br><br>string(7) "wi11see"
string(27) "Cantidad de follows = 11551"
<br><br><br>string(12) "s7_producoes"
string(26) "Cantidad de follows = 6011"
<br><br><br>string(12) "gabrielaribi"
string(26) "Cantidad de follows = 7627"
<br><br><br>string(17) "brunosennaimagens"
string(27) "Cantidad de follows = 13182"
<br><br><br>string(14) "maycowmontemor"
string(27) "Cantidad de follows = 32422"
<br><br><br>string(14) "alinemarcovici"
string(27) "Cantidad de follows = 18477"
<br><br><br>string(10) "junior.dev"
string(27) "Cantidad de follows = 17698"
<br><br><br>string(13) "amaassessoria"
string(26) "Cantidad de follows = 7661"
<br><br><br>string(11) "julisciotto"
string(27) "Cantidad de follows = 24429"
<br><br><br>string(14) "draalinehsilva"
string(27) "Cantidad de follows = 20205"
<br><br><br>string(13) "rodasemotores"
string(27) "Cantidad de follows = 14546"
<br><br><br>object(stdClass)#41 (2) {
  ["id"]=>
  string(5) "11758"
  ["login"]=>
  string(13) "euclaracampos"
}
string(19) "thamaraelisa.tattoo"
string(27) "Cantidad de follows = 14258"
<br><br><br>string(15) "megaminassports"
string(26) "Cantidad de follows = 6764"
<br><br><br>string(16) "agencia_portal37"
string(26) "Cantidad de follows = 3327"
<br><br><br>object(stdClass)#200 (2) {
  ["id"]=>
  string(5) "11792"
  ["login"]=>
  string(14) "hf_metalurgica"
}
string(13) "grillegourmet"
string(26) "Cantidad de follows = 5116"
<br><br><br>string(11) "davidkapper"
string(27) "Cantidad de follows = 13038"
<br><br><br>string(11) "7chavesfoto"
string(27) "Cantidad de follows = 11031"
<br><br><br>string(11) "joiaskether"
string(27) "Cantidad de follows = 19506"
<br><br><br>string(14) "luziasantana33"
string(28) "Cantidad de follows = 236657"
<br><br><br>string(13) "thiagovaleiro"
string(26) "Cantidad de follows = 3818"
<br><br><br>object(stdClass)#174 (2) {
  ["id"]=>
  string(5) "12434"
  ["login"]=>
  string(9) "dupicasso"
}
string(11) "laura_bergo"
string(26) "Cantidad de follows = 6428"
<br><br><br>string(15) "dra.raphabecker"
string(27) "Cantidad de follows = 19713"
<br><br><br>string(14) "andreluiznardo"
string(27) "Cantidad de follows = 16479"
<br><br><br>object(stdClass)#11 (2) {
  ["id"]=>
  string(5) "13880"
  ["login"]=>
  string(8) "letdaher"
}
string(9) "dgarciia_"
string(25) "Cantidad de follows = 857"
<br><br><br>string(10) "joaosurf12"
string(24) "Cantidad de follows = 97"
<br><br><br>string(8) "itsandco"
string(27) "Cantidad de follows = 20748"
<br><br><br>string(10) "ela_andrea"
string(27) "Cantidad de follows = 22480"
<br><br><br>string(14) "nafurtadocakes"
string(26) "Cantidad de follows = 6610"
<br><br><br>string(18) "castrolautoservice"
string(26) "Cantidad de follows = 9335"
<br><br><br>string(9) "livdrinks"
string(27) "Cantidad de follows = 47506"
<br><br><br>string(18) "portalautoshopping"
string(27) "Cantidad de follows = 12147"
<br><br><br>string(20) "manu.mamaeaoquadrado"
string(26) "Cantidad de follows = 9587"
<br><br><br>string(15) "odontowebschool"
string(27) "Cantidad de follows = 10568"
<br><br><br>string(9) "abarkeria"
string(27) "Cantidad de follows = 33482"
<br><br><br>object(stdClass)#137 (2) {
  ["id"]=>
  string(5) "15166"
  ["login"]=>
  string(14) "__fehholiveira"
}
string(10) "ninabaking"
string(26) "Cantidad de follows = 8950"
<br><br><br>string(10) "jgiordanoo"
string(27) "Cantidad de follows = 12523"
<br><br><br>string(18) "domhairfelippewill"
string(27) "Cantidad de follows = 11536"
<br><br><br>string(7) "pbpetti"
string(27) "Cantidad de follows = 39672"
<br><br><br>string(10) "psych0wolf"
string(25) "Cantidad de follows = 405"
<br><br><br>string(8) "andreiso"
string(26) "Cantidad de follows = 9532"
<br><br><br>string(13) "biadiascoelho"
string(26) "Cantidad de follows = 4877"
<br><br><br>string(8) "mytrips7"
string(25) "Cantidad de follows = 526"
<br><br><br>string(13) "directdireito"
string(27) "Cantidad de follows = 11219"
<br><br><br>string(12) "patrickvalle"
string(26) "Cantidad de follows = 3554"
<br><br><br>string(21) "lucianalauferofficial"
string(27) "Cantidad de follows = 18809"
<br><br><br>string(13) "matheuspercut"
string(26) "Cantidad de follows = 1156"
<br><br><br>string(10) "flavia_vdr"
string(27) "Cantidad de follows = 11252"
<br><br><br>object(stdClass)#171 (2) {
  ["id"]=>
  string(5) "16861"
  ["login"]=>
  string(14) "mickael_cortes"
}
string(16) "helder_del_monte"
string(27) "Cantidad de follows = 16240"
<br><br><br>string(18) "physicalpilates_bh"
string(26) "Cantidad de follows = 5614"
<br><br><br>string(13) "faleiroslaura"
string(27) "Cantidad de follows = 12875"
<br><br><br>string(11) "dannysetudo"
string(26) "Cantidad de follows = 9689"
<br><br><br>string(15) "portodepiranhas"
string(27) "Cantidad de follows = 10468"
<br><br><br>string(24) "contadordehistoriasreais"
string(27) "Cantidad de follows = 27573"
<br><br><br>string(6) "guil38"
string(26) "Cantidad de follows = 6530"
<br><br><br>string(22) "vacationhomeneardisney"
string(27) "Cantidad de follows = 19615"
<br><br><br>string(16) "drguilhermecravo"
string(26) "Cantidad de follows = 3159"
<br><br><br>string(6) "ossmkt"
string(26) "Cantidad de follows = 5297"
<br><br><br>string(10) "jhoneheber"
string(27) "Cantidad de follows = 23507"
<br><br><br>string(20) "justiniano0_official"
string(26) "Cantidad de follows = 2978"
<br><br><br>string(15) "sao_os_caipiras"
string(26) "Cantidad de follows = 9468"
<br><br><br>string(9) "acerickrj"
string(27) "Cantidad de follows = 12267"
<br><br><br>string(15) "leandrogarciadj"
string(27) "Cantidad de follows = 19423"
<br><br><br>string(14) "osnirhamburger"
string(26) "Cantidad de follows = 6862"
<br><br><br>string(8) "dutruffi"
string(27) "Cantidad de follows = 14185"
<br><br><br>string(9) "lschuback"
string(26) "Cantidad de follows = 7806"
<br><br><br>string(21) "carolinanortondematos"
string(27) "Cantidad de follows = 12020"
<br><br><br>object(stdClass)#47 (2) {
  ["id"]=>
  string(5) "18103"
  ["login"]=>
  string(22) "denisegoncalves.santos"
}
string(14) "ethianemarques"
string(25) "Cantidad de follows = 688"
<br><br><br>string(10) "synaraleal"
string(27) "Cantidad de follows = 16195"
<br><br><br>string(8) "trinjune"
string(23) "Cantidad de follows = 0"
<br><br><br>string(12) "holy_popcorn"
string(27) "Cantidad de follows = 10480"
<br><br><br>string(9) "eltranvia"
string(27) "Cantidad de follows = 15955"
<br><br><br>string(19) "diegogoulartoficial"
string(27) "Cantidad de follows = 20515"
<br><br><br>string(15) "cartolinadesign"
string(26) "Cantidad de follows = 5621"
<br><br><br>string(9) "quarto_22"
string(26) "Cantidad de follows = 5627"
<br><br><br>string(10) "blogdakeli"
string(24) "Cantidad de follows = 12"
<br><br><br>object(stdClass)#62 (2) {
  ["id"]=>
  string(5) "18816"
  ["login"]=>
  string(10) "lefitnessb"
}
string(9) "awsmining"
string(26) "Cantidad de follows = 4680"
<br><br><br>string(13) "willianabrito"
string(26) "Cantidad de follows = 6728"
<br><br><br>string(23) "eusoutestemunhadogolias"
string(25) "Cantidad de follows = 206"
<br><br><br>string(16) "tumsoundfestival"
string(26) "Cantidad de follows = 1504"
<br><br><br>string(18) "casalbioequilibrio"
string(27) "Cantidad de follows = 11233"
<br><br><br>string(13) "mimosearomaas"
string(26) "Cantidad de follows = 9300"
<br><br><br>object(stdClass)#138 (2) {
  ["id"]=>
  string(5) "19152"
  ["login"]=>
  string(17) "gventurinpersonal"
}
string(9) "fastfitsc"
string(26) "Cantidad de follows = 3608"
<br><br><br>string(11) "raif_tattoo"
string(27) "Cantidad de follows = 13217"
<br><br><br>string(10) "hustler.hc"
string(26) "Cantidad de follows = 2462"
<br><br><br>string(9) "isarengel"
string(26) "Cantidad de follows = 6774"
<br><br><br>string(12) "solus_online"
string(26) "Cantidad de follows = 4064"
<br><br><br>string(11) "refugiohoje"
string(27) "Cantidad de follows = 12416"
<br><br><br>string(13) "nati.fressato"
string(26) "Cantidad de follows = 7226"
<br><br><br>string(17) "calcadospaubrasil"
string(26) "Cantidad de follows = 8243"
<br><br><br>string(10) "daly_store"
string(27) "Cantidad de follows = 21677"
<br><br><br>string(11) "angelosciao"
string(26) "Cantidad de follows = 5250"
<br><br><br>string(6) "fuinha"
string(25) "Cantidad de follows = 194"
<br><br><br>string(10) "kombi_krug"
string(25) "Cantidad de follows = 511"
<br><br><br>string(12) "rekombinando"
string(26) "Cantidad de follows = 5975"
<br><br><br>string(15) "blogdasusantoss"
string(26) "Cantidad de follows = 5407"
<br><br><br>string(15) "diadeacessorios"
string(26) "Cantidad de follows = 2311"
<br><br><br>string(18) "christians.pereira"
string(26) "Cantidad de follows = 3767"
<br><br><br>object(stdClass)#83 (2) {
  ["id"]=>
  string(5) "19844"
  ["login"]=>
  string(13) "oficialpharma"
}
string(28) "pedrowilsonrodriguespimentel"
string(26) "Cantidad de follows = 7698"
<br><br><br>string(15) "atelieluizrocha"
string(27) "Cantidad de follows = 10229"
<br><br><br>string(12) "bibiscamargo"
string(26) "Cantidad de follows = 2032"
<br><br><br>string(16) "centerperfumaria"
string(26) "Cantidad de follows = 5518"
<br><br><br>string(10) "pmelorocha"
string(26) "Cantidad de follows = 6340"
<br><br><br>object(stdClass)#82 (2) {
  ["id"]=>
  string(5) "20149"
  ["login"]=>
  string(14) "thaliaalvesdec"
}
string(12) "yasminndias_"
string(26) "Cantidad de follows = 9380"
<br><br><br>string(17) "jb_alves_educador"
string(26) "Cantidad de follows = 3545"
<br><br><br>string(24) "leonardosantosfotografia"
string(27) "Cantidad de follows = 39654"
<br><br><br>string(8) "sporttot"
string(24) "Cantidad de follows = 23"
<br><br><br>object(stdClass)#188 (2) {
  ["id"]=>
  string(5) "20503"
  ["login"]=>
  string(8) "chandler"
}
string(13) "ayllesantiago"
string(28) "Cantidad de follows = 134869"
<br><br><br>string(12) "maisonbiarro"
string(27) "Cantidad de follows = 30319"
<br><br><br>string(15) "iselamendozadec"
string(26) "Cantidad de follows = 6207"
<br><br><br>string(9) "bamboh.pt"
string(26) "Cantidad de follows = 2603"
<br><br><br>string(12) "redeentropia"
string(26) "Cantidad de follows = 5887"
<br><br><br>string(13) "goutaguatinga"
string(26) "Cantidad de follows = 1015"
<br><br><br>object(stdClass)#143 (2) {
  ["id"]=>
  string(5) "20682"
  ["login"]=>
  string(11) "farmapharma"
}
string(18) "calabriapizzariarj"
string(26) "Cantidad de follows = 2469"
<br><br><br>object(stdClass)#143 (2) {
  ["id"]=>
  string(5) "20818"
  ["login"]=>
  string(20) "cadillacs.pastelaria"
}
object(stdClass)#195 (2) {
  ["id"]=>
  string(5) "20927"
  ["login"]=>
  string(25) "missionariojairodossantos"
}
object(stdClass)#143 (2) {
  ["id"]=>
  string(5) "21062"
  ["login"]=>
  string(13) "jesuisluciano"
}
object(stdClass)#195 (2) {
  ["id"]=>
  string(5) "21230"
  ["login"]=>
  string(9) "vikatorsc"
}
string(19) "nicollystoreoficial"
string(26) "Cantidad de follows = 7480"
<br><br><br>object(stdClass)#195 (2) {
  ["id"]=>
  string(5) "21368"
  ["login"]=>
  string(18) "ricardoribeiro0013"
}
string(24) "ramossegurancaeletronica"
string(26) "Cantidad de follows = 3290"
<br><br><br>string(18) "camacariplazahotel"
string(26) "Cantidad de follows = 6288"
<br><br><br>string(13) "_telesgabriel"
string(26) "Cantidad de follows = 2555"
<br><br><br>string(12) "fbfabiolopes"
string(26) "Cantidad de follows = 8990"
<br><br><br>object(stdClass)#106 (2) {
  ["id"]=>
  string(5) "21517"
  ["login"]=>
  string(23) "biscuitporvictorialeite"
}
string(10) "trapburger"
string(26) "Cantidad de follows = 2635"
<br><br><br>string(20) "shoppingcasaedesign_"
string(26) "Cantidad de follows = 8761"
<br><br><br>string(9) "samiilly_"
string(27) "Cantidad de follows = 18246"
<br><br><br>object(stdClass)#191 (2) {
  ["id"]=>
  string(5) "21731"
  ["login"]=>
  string(9) "conhecaes"
}
string(7) "loirasn"
string(25) "Cantidad de follows = 195"
<br><br><br>string(15) "santasticauniao"
string(26) "Cantidad de follows = 6275"
<br><br><br>string(19) "embraconcondominios"
string(26) "Cantidad de follows = 4668"
<br><br><br>string(17) "hamburguinhomoema"
string(27) "Cantidad de follows = 60791"
<br><br><br>string(14) "vilmamartins_7"
string(26) "Cantidad de follows = 1308"
<br><br><br>string(12) "leticiajural"
string(26) "Cantidad de follows = 8480"
<br><br><br>string(8) "_zero100"
string(27) "Cantidad de follows = 52152"
<br><br><br>string(20) "lionrollingcircusrio"
string(27) "Cantidad de follows = 14483"
<br><br><br>string(9) "_nerdjunk"
string(26) "Cantidad de follows = 5354"
<br><br><br>string(10) "pilotelton"
string(27) "Cantidad de follows = 11323"
<br><br><br>string(14) "marcioancelmoo"
string(26) "Cantidad de follows = 4965"
<br><br><br>object(stdClass)#132 (2) {
  ["id"]=>
  string(5) "22627"
  ["login"]=>
  string(18) "lucaswiliamsoliver"
}
string(14) "kevinlorenzorj"
string(26) "Cantidad de follows = 3383"
<br><br><br>object(stdClass)#132 (2) {
  ["id"]=>
  string(5) "22701"
  ["login"]=>
  string(21) "falandodemaquiagem_01"
}
string(13) "georgemuchuli"
string(26) "Cantidad de follows = 7761"
<br><br><br>string(15) "wendell_alvess_"
string(24) "Cantidad de follows = 85"
<br><br><br>object(stdClass)#108 (2) {
  ["id"]=>
  string(5) "22786"
  ["login"]=>
  string(6) "jpzk02"
}
object(stdClass)#22 (2) {
  ["id"]=>
  string(5) "22791"
  ["login"]=>
  string(13) "rodrigues.exe"
}
object(stdClass)#108 (2) {
  ["id"]=>
  string(5) "22915"
  ["login"]=>
  string(10) "5000covers"
}
string(18) "marciomouraoficial"
string(27) "Cantidad de follows = 12417"
<br><br><br>object(stdClass)#108 (2) {
  ["id"]=>
  string(5) "23135"
  ["login"]=>
  string(15) "daniak_boutique"
}
string(23) "formatacaotccmonografia"
string(24) "Cantidad de follows = 95"
<br><br><br>string(6) "nekkow"
string(24) "Cantidad de follows = 15"
<br><br><br>string(5) "lucao"
string(25) "Cantidad de follows = 562"
<br><br><br>string(6) "lucao2"
string(25) "Cantidad de follows = 588"
<br><br><br>string(13) "marcelomarkes"
string(27) "Cantidad de follows = 19936"
<br><br><br>string(14) "dl_beautysalon"
string(26) "Cantidad de follows = 1950"
<br><br><br>string(15) "ariadinebarreto"
string(27) "Cantidad de follows = 14545"
<br><br><br>string(13) "canalsemjacar"
string(27) "Cantidad de follows = 14257"
<br><br><br>string(11) "hiratabreno"
string(27) "Cantidad de follows = 12587"
<br><br><br>string(14) "erickspimentel"
string(26) "Cantidad de follows = 2021"
<br><br><br>string(12) "jessicaiwata"
string(27) "Cantidad de follows = 34310"
<br><br><br>string(14) "dnaphotoevideo"
string(27) "Cantidad de follows = 29299"
<br><br><br>string(18) "gamecenterpaulista"
string(27) "Cantidad de follows = 10334"
<br><br><br>string(10) "pacofishrd"
string(26) "Cantidad de follows = 8058"
<br><br><br>string(14) "qualityhotelsd"
string(26) "Cantidad de follows = 1204"
<br><br><br>string(17) "isabellabofficial"
string(27) "Cantidad de follows = 13986"
<br><br><br>string(13) "alialioficial"
string(25) "Cantidad de follows = 673"
<br><br><br>string(15) "barbeariadoneno"
string(27) "Cantidad de follows = 13735"
<br><br><br>string(10) "plagamba01"
string(26) "Cantidad de follows = 2646"
<br><br><br>string(11) "oscarcauchi"
string(26) "Cantidad de follows = 3615"
<br><br><br>string(7) "18laras"
string(26) "Cantidad de follows = 1811"
<br><br><br>string(16) "entreomarealagoa"
string(26) "Cantidad de follows = 1686"
<br><br><br>string(9) "darlanred"
string(27) "Cantidad de follows = 21290"
<br><br><br>string(15) "riolisboabrasil"
string(25) "Cantidad de follows = 205"
<br><br><br>string(12) "studio4cinco"
string(26) "Cantidad de follows = 4940"
<br><br><br>string(13) "fabriciofabre"
string(26) "Cantidad de follows = 8580"
<br><br><br>string(22) "suamusicapersonalizada"
string(27) "Cantidad de follows = 10838"
<br><br><br>string(10) "fioremixbr"
string(25) "Cantidad de follows = 326"
<br><br><br>string(8) "kevinvem"
string(23) "Cantidad de follows = 5"
<br><br><br>string(12) "djallannatal"
string(27) "Cantidad de follows = 29300"
<br><br><br>string(15) "polpasempreviva"
string(27) "Cantidad de follows = 34476"
<br><br><br>string(8) "kessyaaa"
string(27) "Cantidad de follows = 11079"
<br><br><br>string(8) "celparra"
string(27) "Cantidad de follows = 10636"
<br><br><br>object(stdClass)#94 (2) {
  ["id"]=>
  string(5) "25524"
  ["login"]=>
  string(11) "tompson9345"
}
object(stdClass)#177 (2) {
  ["id"]=>
  string(5) "25571"
  ["login"]=>
  string(14) "habner_martins"
}
string(24) "fitnessuplementosoficial"
string(25) "Cantidad de follows = 330"
<br><br><br>string(13) "mayconbarroco"
string(27) "Cantidad de follows = 18518"
<br><br><br>string(9) "caiocesar"
string(24) "Cantidad de follows = 84"
<br><br><br>string(8) "lil.fama"
string(27) "Cantidad de follows = 21084"
<br><br><br>string(12) "institutoybi"
string(27) "Cantidad de follows = 17970"
<br><br><br>object(stdClass)#134 (2) {
  ["id"]=>
  string(5) "26183"
  ["login"]=>
  string(14) "andresa_lebens"
}
string(7) "yuryv05"
string(27) "Cantidad de follows = 10188"
<br><br><br>string(15) "eliana_casimiro"
string(26) "Cantidad de follows = 5633"
<br><br><br>string(11) "maloohstore"
string(26) "Cantidad de follows = 3717"
<br><br><br>string(15) "lauraivinadecor"
string(26) "Cantidad de follows = 9018"
<br><br><br>string(16) "simplesmenteamei"
string(27) "Cantidad de follows = 16059"
<br><br><br>string(16) "drraphaelmarques"
string(27) "Cantidad de follows = 21323"
<br><br><br>string(10) "casazunzun"
string(26) "Cantidad de follows = 5678"
<br><br><br>string(14) "draraymedeiros"
string(26) "Cantidad de follows = 1574"
<br><br><br>string(12) "4youdressing"
string(26) "Cantidad de follows = 3541"
<br><br><br>string(21) "lucaslermenfotografia"
string(27) "Cantidad de follows = 15142"
<br><br><br>string(16) "bracholuismiguel"
string(25) "Cantidad de follows = 843"
<br><br><br>string(17) "draflaviasgavioli"
string(27) "Cantidad de follows = 41753"
<br><br><br>string(16) "rafamello_cantor"
string(26) "Cantidad de follows = 9064"
<br><br><br>string(13) "gabinassyrios"
string(27) "Cantidad de follows = 28179"
<br><br><br>string(13) "cardosodani78"
string(25) "Cantidad de follows = 411"
<br><br><br>object(stdClass)#130 (2) {
  ["id"]=>
  string(5) "27362"
  ["login"]=>
  string(9) "k123silva"
}
string(9) "labotique"
string(25) "Cantidad de follows = 276"
<br><br><br>string(11) "eco.noronha"
string(26) "Cantidad de follows = 1075"
<br><br><br>string(13) "gelottisports"
string(26) "Cantidad de follows = 6251"
<br><br><br>string(13) "bombeefsantos"
string(27) "Cantidad de follows = 70310"
<br><br><br>string(15) "parvathi_brasil"
string(26) "Cantidad de follows = 8581"
<br><br><br>string(9) "lobotique"
string(26) "Cantidad de follows = 6607"
<br><br><br>string(8) "talincas"
string(27) "Cantidad de follows = 22574"
<br><br><br>string(21) "visagismofacial_drika"
string(25) "Cantidad de follows = 740"
<br><br><br>string(13) "bakwarabrasil"
string(26) "Cantidad de follows = 1564"
<br><br><br>string(19) "carlabarcellosjoias"
string(27) "Cantidad de follows = 11440"
<br><br><br>string(16) "programagameover"
string(26) "Cantidad de follows = 1109"
<br><br><br>string(15) "aafrodite.store"
string(26) "Cantidad de follows = 5733"
<br><br><br>string(12) "rogiacomello"
string(26) "Cantidad de follows = 1421"
<br><br><br>string(11) "solvebrazil"
string(26) "Cantidad de follows = 1173"
<br><br><br>string(16) "drafernandavolpi"
string(27) "Cantidad de follows = 12380"
<br><br><br>object(stdClass)#199 (2) {
  ["id"]=>
  string(5) "27722"
  ["login"]=>
  string(14) "maribel.silent"
}
string(13) "miocheoficial"
string(27) "Cantidad de follows = 45577"
<br><br><br>string(11) "daylipadron"
string(26) "Cantidad de follows = 8346"
<br><br><br>string(14) "mercadolabarra"
string(26) "Cantidad de follows = 4696"
<br><br><br>string(10) "naraabreuu"
string(26) "Cantidad de follows = 4547"
<br><br><br>string(8) "lukmodas"
string(26) "Cantidad de follows = 8197"
<br><br><br>string(21) "girlsgardenacessorios"
string(26) "Cantidad de follows = 2016"
<br><br><br>string(13) "capimlimaomga"
string(26) "Cantidad de follows = 5495"
<br><br><br>string(15) "maxpremiumjeans"
string(26) "Cantidad de follows = 8461"
<br><br><br>string(8) "bruna.fb"
string(27) "Cantidad de follows = 21116"
<br><br><br>string(14) "na_cara_do_gol"
string(26) "Cantidad de follows = 3026"
<br><br><br>string(13) "jessicacytrus"
string(27) "Cantidad de follows = 29927"
<br><br><br>string(11) "cyrofuziama"
string(27) "Cantidad de follows = 25160"
<br><br><br>string(11) "thaycomfome"
string(27) "Cantidad de follows = 26880"
<br><br><br>string(10) "dankana_dk"
string(26) "Cantidad de follows = 8849"
<br><br><br>string(13) "vivimaquiagem"
string(26) "Cantidad de follows = 3452"
<br><br><br>string(14) "fshirtsdesigns"
string(25) "Cantidad de follows = 367"
<br><br><br>string(15) "closetdasduasto"
string(27) "Cantidad de follows = 14341"
<br><br><br>object(stdClass)#108 (2) {
  ["id"]=>
  string(5) "28069"
  ["login"]=>
  string(14) "rosaduartelash"
}
string(11) "gardelmaroz"
string(26) "Cantidad de follows = 6332"
<br><br><br>object(stdClass)#108 (2) {
  ["id"]=>
  string(5) "28080"
  ["login"]=>
  string(16) "msanchescaroline"
}
object(stdClass)#154 (2) {
  ["id"]=>
  string(5) "28092"
  ["login"]=>
  string(9) "pri_avlis"
}
string(13) "ferefacrochet"
string(26) "Cantidad de follows = 9040"
<br><br><br>object(stdClass)#154 (2) {
  ["id"]=>
  string(5) "28099"
  ["login"]=>
  string(13) "menezesandree"
}
string(7) "nr_mini"
string(27) "Cantidad de follows = 11280"
<br><br><br>string(6) "dz9bnb"
string(26) "Cantidad de follows = 3476"
<br><br><br>object(stdClass)#39 (2) {
  ["id"]=>
  string(5) "28145"
  ["login"]=>
  string(20) "nossoapartamento_103"
}
string(18) "cheirinhodamariana"
string(26) "Cantidad de follows = 7644"
<br><br><br>object(stdClass)#39 (2) {
  ["id"]=>
  string(5) "28213"
  ["login"]=>
  string(15) "malucassimiro.r"
}
string(16) "alvomarketingagc"
string(26) "Cantidad de follows = 9423"
<br><br><br>string(17) "ilmiocasamentoios"
string(26) "Cantidad de follows = 1019"
<br><br><br>string(16) "dranayanepacheco"
string(28) "Cantidad de follows = 138998"
<br><br><br>string(24) "silvanonunes.hairstylist"
string(27) "Cantidad de follows = 25986"
<br><br><br>object(stdClass)#183 (2) {
  ["id"]=>
  string(5) "28276"
  ["login"]=>
  string(13) "tatyanealvess"
}
string(21) "closetdemulheroficial"
string(26) "Cantidad de follows = 3918"
<br><br><br>string(17) "drdanilopelegrino"
string(26) "Cantidad de follows = 5847"
<br><br><br>string(20) "mariaclaraguimaraes1"
string(27) "Cantidad de follows = 34942"
<br><br><br>string(15) "vitoria.mamedio"
string(26) "Cantidad de follows = 7564"
<br><br><br>string(12) "meirellesipc"
string(26) "Cantidad de follows = 1489"
<br><br><br>string(12) "luporluciana"
string(26) "Cantidad de follows = 8453"
<br><br><br>string(11) "andersonvoo"
string(26) "Cantidad de follows = 1057"
<br><br><br>string(14) "niqueferreiira"
string(27) "Cantidad de follows = 12341"
<br><br><br>string(15) "carlota_barnabe"
string(27) "Cantidad de follows = 12734"
<br><br><br>string(17) "drdanilopelegrino"
string(26) "Cantidad de follows = 5847"
<br><br><br>string(9) "lipinhuss"
string(26) "Cantidad de follows = 1770"
<br><br><br>string(13) "mayaramarkes_"
string(26) "Cantidad de follows = 8594"
<br><br><br>string(10) "ky2oficial"
string(26) "Cantidad de follows = 2433"
<br><br><br>string(11) "mendy_vivii"
string(26) "Cantidad de follows = 3920"
<br><br><br>object(stdClass)#220 (2) {
  ["id"]=>
  string(5) "28497"
  ["login"]=>
  string(21) "_medicinaintegrativa_"
}
string(25) "specialitycoffeegastropub"
string(25) "Cantidad de follows = 553"
<br><br><br>string(11) "carolsousas"
string(26) "Cantidad de follows = 3539"
<br><br><br>object(stdClass)#137 (2) {
  ["id"]=>
  string(5) "28517"
  ["login"]=>
  string(19) "martins_consultoria"
}
string(4) "fila"
string(25) "Cantidad de follows = 853"
<br><br><br>string(6) "reebok"
string(29) "Cantidad de follows = 2141241"
<br><br><br>string(8) "bindanvm"
string(26) "Cantidad de follows = 1508"
<br><br><br>string(18) "wesleyoliveirareal"
string(26) "Cantidad de follows = 2814"
<br><br><br>string(9) "indikqui_"
string(26) "Cantidad de follows = 1330"
<br><br><br>string(10) "luahungria"
string(26) "Cantidad de follows = 4517"
<br><br><br>object(stdClass)#158 (2) {
  ["id"]=>
  string(5) "28557"
  ["login"]=>
  string(10) "kaahcintra"
}
string(17) "reabilitar.studio"
string(26) "Cantidad de follows = 5627"
<br><br><br>string(9) "amaraljej"
string(25) "Cantidad de follows = 615"
<br><br><br>string(14) "websterramalho"
string(25) "Cantidad de follows = 740"
<br><br><br>string(24) "vida_sol_e_mar_ecoresort"
string(26) "Cantidad de follows = 7111"
<br><br><br>string(10) "aco_brasil"
string(26) "Cantidad de follows = 3292"
<br><br><br>string(13) "desafioadois2"
string(26) "Cantidad de follows = 6931"
<br><br><br>string(10) "joaozaneti"
string(27) "Cantidad de follows = 13267"
<br><br><br>string(12) "karbofitness"
string(27) "Cantidad de follows = 10885"
<br><br><br>string(12) "nayaranouber"
string(27) "Cantidad de follows = 18091"
<br><br><br>object(stdClass)#196 (2) {
  ["id"]=>
  string(5) "28654"
  ["login"]=>
  string(11) "ellenrauber"
}
object(stdClass)#146 (2) {
  ["id"]=>
  string(5) "28657"
  ["login"]=>
  string(14) "reserveviagens"
}
string(17) "ingrid_ferreira25"
string(25) "Cantidad de follows = 179"
<br><br><br>string(20) "neovita_fisioterapia"
string(26) "Cantidad de follows = 4968"
<br><br><br>string(17) "dunashookahlounge"
string(26) "Cantidad de follows = 9086"
<br><br><br>string(15) "emporio.forever"
string(25) "Cantidad de follows = 270"
<br><br><br>string(16) "mariakarencosta_"
string(26) "Cantidad de follows = 5975"
<br><br><br>string(13) "pretta_araujo"
string(27) "Cantidad de follows = 11916"
<br><br><br>string(18) "theo_kate_ragdolls"
string(26) "Cantidad de follows = 5709"
<br><br><br>string(9) "xaanndii_"
string(26) "Cantidad de follows = 1242"
<br><br><br>string(15) "pausetakeabreak"
string(26) "Cantidad de follows = 4040"
<br><br><br>string(10) "raquellsan"
string(27) "Cantidad de follows = 26042"
<br><br><br>string(11) "quatro_maos"
string(26) "Cantidad de follows = 4207"
<br><br><br>string(20) "apaudiovisualoficial"
string(25) "Cantidad de follows = 564"
<br><br><br>string(15) "gameoverworldmx"
string(24) "Cantidad de follows = 39"
<br><br><br>string(10) "macielcaio"
string(26) "Cantidad de follows = 3046"
<br><br><br>string(10) "pp_eventos"
string(26) "Cantidad de follows = 3593"
<br><br><br>string(15) "renatacanizares"
string(27) "Cantidad de follows = 13453"
<br><br><br>string(12) "dermatofarma"
string(26) "Cantidad de follows = 8841"
<br><br><br>string(14) "cinarafestasbh"
string(27) "Cantidad de follows = 36420"
<br><br><br>string(10) "mreissilva"
string(27) "Cantidad de follows = 23816"
<br><br><br>string(17) "minutoscomdelavec"
string(27) "Cantidad de follows = 13967"
<br><br><br>string(9) "lilispada"
string(28) "Cantidad de follows = 719684"
<br><br><br>string(13) "edersilveiram"
string(26) "Cantidad de follows = 4498"
<br><br><br>string(15) "rosanatiburtino"
string(26) "Cantidad de follows = 1037"
<br><br><br>string(18) "stopscapautomotivo"
string(26) "Cantidad de follows = 5978"
<br><br><br>object(stdClass)#109 (2) {
  ["id"]=>
  string(5) "28849"
  ["login"]=>
  string(8) "plasjowl"
}
string(12) "itzackcamila"
string(26) "Cantidad de follows = 1348"
<br><br><br>string(15) "eu_gabicarvalho"
string(26) "Cantidad de follows = 3020"
<br><br><br>string(19) "hypinosemodaoficial"
string(26) "Cantidad de follows = 9957"
<br><br><br>string(13) "everttonviana"
string(26) "Cantidad de follows = 9872"
<br><br><br>string(17) "shirleyalesantana"
string(27) "Cantidad de follows = 28219"
<br><br><br>string(14) "leticiastoledo"
string(26) "Cantidad de follows = 2572"
<br><br><br>string(14) "drpedroferrari"
string(27) "Cantidad de follows = 39344"
<br><br><br>string(11) "itamixbazar"
string(26) "Cantidad de follows = 4679"
<br><br><br>string(13) "trader_amador"
string(25) "Cantidad de follows = 167"
<br><br><br>string(16) "isabellasanchess"
string(26) "Cantidad de follows = 3029"
<br><br><br>object(stdClass)#88 (2) {
  ["id"]=>
  string(5) "28962"
  ["login"]=>
  string(15) "tiagomennezes11"
}
string(12) "bunkersounds"
string(26) "Cantidad de follows = 1683"
<br><br><br>string(14) "timmycelulares"
string(25) "Cantidad de follows = 216"
<br><br><br>object(stdClass)#95 (2) {
  ["id"]=>
  string(5) "28988"
  ["login"]=>
  string(15) "programavitrina"
}
object(stdClass)#184 (2) {
  ["id"]=>
  string(5) "28989"
  ["login"]=>
  string(18) "leocar.leonardoniq"
}
object(stdClass)#95 (2) {
  ["id"]=>
  string(5) "28990"
  ["login"]=>
  string(17) "acade_corpoeforma"
}
object(stdClass)#184 (2) {
  ["id"]=>
  string(5) "28993"
  ["login"]=>
  string(11) "atgaranhuns"
}
string(20) "annamaya_arquitetura"
string(26) "Cantidad de follows = 9232"
<br><br><br>string(8) "1kgdobom"
string(27) "Cantidad de follows = 14989"
<br><br><br>string(13) "livre.digital"
string(26) "Cantidad de follows = 3600"
<br><br><br>string(14) "rhuanpenaforte"
string(27) "Cantidad de follows = 10608"
<br><br><br>string(16) "restaurantebario"
string(26) "Cantidad de follows = 1351"
<br><br><br>string(21) "felippeturtransportes"
string(26) "Cantidad de follows = 3788"
<br><br><br>string(15) "solarlifeenergy"
string(25) "Cantidad de follows = 548"
<br><br><br>string(18) "vinteumcomunicacao"
string(25) "Cantidad de follows = 576"
<br><br><br>string(18) "auto_escolaatitude"
string(26) "Cantidad de follows = 2024"
<br><br><br>string(13) "carollremigio"
string(26) "Cantidad de follows = 1064"
<br><br><br>string(13) "pampodelivery"
string(26) "Cantidad de follows = 1266"
<br><br><br>string(20) "txcambioeturismo_rio"
string(26) "Cantidad de follows = 1290"
<br><br><br>string(13) "riveauxmerino"
string(26) "Cantidad de follows = 5421"
<br><br><br>string(15) "carneslaceleste"
string(26) "Cantidad de follows = 2307"
<br><br><br>string(11) "heroairsoft"
string(26) "Cantidad de follows = 3845"
<br><br><br>string(19) "brechoandreaventuro"
string(27) "Cantidad de follows = 36629"
<br><br><br>string(9) "samiilly_"
string(27) "Cantidad de follows = 18246"
<br><br><br>string(14) "luigi_bemporad"
string(24) "Cantidad de follows = 53"
<br><br><br>string(13) "luiz_skydiver"
string(26) "Cantidad de follows = 9847"
<br><br><br>string(15) "luanmachado.arq"
string(26) "Cantidad de follows = 1851"
<br><br><br>string(12) "kaikfariastv"
string(26) "Cantidad de follows = 2092"
<br><br><br>string(16) "colegioguarapuvu"
string(23) "Cantidad de follows = 1"
<br><br><br>string(9) "guarapuvu"
string(26) "Cantidad de follows = 3055"
<br><br><br>string(13) "purocafajeste"
string(27) "Cantidad de follows = 34250"
<br><br><br>string(11) "a_deziderio"
string(26) "Cantidad de follows = 2067"
<br><br><br>object(stdClass)#178 (2) {
  ["id"]=>
  string(5) "29171"
  ["login"]=>
  string(16) "ranchotalisma_mg"
}
object(stdClass)#219 (2) {
  ["id"]=>
  string(5) "29178"
  ["login"]=>
  string(16) "maryana_araujooc"
}
string(13) "vitormagnusss"
string(27) "Cantidad de follows = 42203"
<br><br><br>string(20) "franciscosilva_alves"
string(25) "Cantidad de follows = 266"
<br><br><br>string(17) "mrandersonalmeida"
string(26) "Cantidad de follows = 6316"
<br><br><br>string(10) "inovaluxrj"
string(25) "Cantidad de follows = 189"
<br><br><br>string(17) "mixturinhafashion"
string(26) "Cantidad de follows = 2240"
<br><br><br>object(stdClass)#183 (2) {
  ["id"]=>
  string(5) "29213"
  ["login"]=>
  string(22) "danelonprimeacessorios"
}
object(stdClass)#120 (2) {
  ["id"]=>
  string(5) "29219"
  ["login"]=>
  string(7) "ruivabr"
}
string(17) "luizjatobaoficial"
string(26) "Cantidad de follows = 9557"
<br><br><br>string(8) "thhai97_"
string(26) "Cantidad de follows = 1581"
<br><br><br>string(10) "tiago_kuhn"
string(26) "Cantidad de follows = 2293"
<br><br><br>object(stdClass)#132 (2) {
  ["id"]=>
  string(5) "29228"
  ["login"]=>
  string(13) "tiolavinicius"
}
string(15) "crisoliveiravmk"
string(26) "Cantidad de follows = 2142"
<br><br><br>string(15) "wesleymichelini"
string(26) "Cantidad de follows = 1884"
<br><br><br>string(18) "raphaelacapobiango"
string(26) "Cantidad de follows = 5576"
<br><br><br>string(11) "castrolucas"
string(26) "Cantidad de follows = 3606"
<br><br><br>string(16) "masseriniosteria"
string(26) "Cantidad de follows = 6196"
<br><br><br>string(10) "alvesgilli"
string(26) "Cantidad de follows = 2001"
<br><br><br>string(10) "felippetur"
string(27) "Cantidad de follows = 19612"
<br><br><br>string(25) "rodrigo.embraconconsorcio"
string(26) "Cantidad de follows = 6244"
<br><br><br>string(14) "naotolendoisso"
string(26) "Cantidad de follows = 3333"
<br><br><br>string(14) "elizabet.agent"
string(25) "Cantidad de follows = 777"
<br><br><br>string(12) "elestore.rio"
string(26) "Cantidad de follows = 1780"
<br><br><br>string(14) "joannaa_aguiar"
string(25) "Cantidad de follows = 568"
<br><br><br>string(12) "ale.mmartins"
string(26) "Cantidad de follows = 1278"
<br><br><br>string(14) "ricvrdomoraes_"
string(26) "Cantidad de follows = 3909"
<br><br><br>string(16) "psgacademyrecife"
string(26) "Cantidad de follows = 4365"
<br><br><br>string(11) "diasluciano"
string(27) "Cantidad de follows = 16397"
<br><br><br>string(15) "othmanejennaoui"
string(27) "Cantidad de follows = 11021"
<br><br><br>string(14) "andresza_ramos"
string(26) "Cantidad de follows = 2006"
<br><br><br>string(23) "estetica.michelecamargo"
string(26) "Cantidad de follows = 3450"
<br><br><br>string(19) "fernandalima.decora"
string(26) "Cantidad de follows = 2148"
<br><br><br>string(13) "ghanabranding"
string(26) "Cantidad de follows = 6731"
<br><br><br>string(16) "binhorodriguess_"
string(26) "Cantidad de follows = 3543"
<br><br><br>string(14) "theblondedetox"
string(26) "Cantidad de follows = 3755"
<br><br><br>string(19) "oficialwinnieamaral"
string(27) "Cantidad de follows = 24383"
<br><br><br>string(19) "pezinhofirmenarocha"
string(28) "Cantidad de follows = 116327"
<br><br><br>string(11) "meempreenda"
string(26) "Cantidad de follows = 3625"
<br><br><br>string(14) "joseluizpontes"
string(25) "Cantidad de follows = 986"
<br><br><br>object(stdClass)#87 (2) {
  ["id"]=>
  string(5) "29486"
  ["login"]=>
  string(15) "eduarda.neves13"
}
string(13) "karinelisuzan"
string(26) "Cantidad de follows = 5133"
<br><br><br>object(stdClass)#87 (2) {
  ["id"]=>
  string(5) "29498"
  ["login"]=>
  string(20) "orlamodapraiaoficial"
}
string(17) "advocacia_messias"
string(26) "Cantidad de follows = 3313"
<br><br><br>string(18) "allbotequipamentos"
string(26) "Cantidad de follows = 2915"
<br><br><br>string(20) "emersonlopeshoficial"
string(27) "Cantidad de follows = 12626"
<br><br><br>string(11) "raissataini"
string(27) "Cantidad de follows = 26330"
<br><br><br>object(stdClass)#44 (2) {
  ["id"]=>
  string(5) "29527"
  ["login"]=>
  string(13) "menezesandree"
}
string(10) "vivianeneu"
string(27) "Cantidad de follows = 29093"
<br><br><br>string(8) "dhougie_"
string(27) "Cantidad de follows = 19049"
<br><br><br>string(24) "andressamakeup_penteados"
string(26) "Cantidad de follows = 3062"
<br><br><br>string(13) "iracemaallves"
string(26) "Cantidad de follows = 7416"
<br><br><br>string(11) "renannunes2"
string(26) "Cantidad de follows = 5057"
<br><br><br>string(14) "natha.estetica"
string(26) "Cantidad de follows = 1881"
<br><br><br>string(19) "j.a.estudiodebeleza"
string(25) "Cantidad de follows = 162"
<br><br><br>string(12) "grafianafoto"
string(26) "Cantidad de follows = 9002"
<br><br><br>string(19) "thespacetimeripples"
string(26) "Cantidad de follows = 3309"
<br><br><br>string(14) "rubia_martinss"
string(28) "Cantidad de follows = 101684"
<br><br><br>string(23) "joseguilherme.consultor"
string(26) "Cantidad de follows = 1214"
<br><br><br>string(14) "emporiodifiori"
string(26) "Cantidad de follows = 2244"
<br><br><br>string(21) "viajandonaarquitetura"
string(26) "Cantidad de follows = 4964"
<br><br><br>string(14) "elitecenterfoz"
string(26) "Cantidad de follows = 2393"
<br><br><br>string(10) "yancasilva"
string(26) "Cantidad de follows = 3290"
<br><br><br>string(16) "roberta.amfranca"
string(26) "Cantidad de follows = 3380"
<br><br><br>string(15) "doceriaanaester"
string(26) "Cantidad de follows = 3887"
<br><br><br>string(10) "kathguedes"
string(27) "Cantidad de follows = 42959"
<br><br><br>string(13) "tubaraocenter"
string(26) "Cantidad de follows = 6327"
<br><br><br>object(stdClass)#24 (2) {
  ["id"]=>
  string(5) "29702"
  ["login"]=>
  string(6) "zayrnm"
}
string(9) "chefeeddy"
string(27) "Cantidad de follows = 13429"
<br><br><br>string(10) "acasadecat"
string(27) "Cantidad de follows = 11041"
<br><br><br>string(20) "oficialforroperfeito"
string(27) "Cantidad de follows = 44193"
<br><br><br>string(14) "orabolasbrecho"
string(26) "Cantidad de follows = 3001"
<br><br><br>string(11) "thekingboy_"
string(27) "Cantidad de follows = 17741"
<br><br><br>string(15) "vanessa.wysocki"
string(26) "Cantidad de follows = 3609"
<br><br><br>string(11) "rique.silva"
string(26) "Cantidad de follows = 5001"
<br><br><br>string(22) "gabriellacarvalhostore"
string(27) "Cantidad de follows = 33862"
<br><br><br>string(14) "lojanowfitness"
string(26) "Cantidad de follows = 3979"
<br><br><br>string(8) "mapoiani"
string(26) "Cantidad de follows = 6085"
<br><br><br>string(14) "salaostudiosbc"
string(26) "Cantidad de follows = 1788"
<br><br><br>string(19) "studying_the_secret"
string(26) "Cantidad de follows = 2679"
<br><br><br>string(23) "studiohairinternacional"
string(26) "Cantidad de follows = 5341"
<br><br><br>string(9) "ahdireito"
string(26) "Cantidad de follows = 5384"
<br><br><br>string(7) "kabonkk"
string(26) "Cantidad de follows = 4050"
<br><br><br>string(10) "companyate"
string(25) "Cantidad de follows = 107"
<br><br><br>string(12) "djdavisantos"
string(26) "Cantidad de follows = 8420"
<br><br><br>string(14) "rafaellmoraess"
string(25) "Cantidad de follows = 830"
<br><br><br>string(22) "syflariluminacaoimport"
string(26) "Cantidad de follows = 1756"
<br><br><br>object(stdClass)#8 (2) {
  ["id"]=>
  string(5) "29883"
  ["login"]=>
  string(12) "grupo.efraim"
}
object(stdClass)#71 (2) {
  ["id"]=>
  string(5) "29884"
  ["login"]=>
  string(17) "efraimhoteleflats"
}
string(30) "rpcontrollerinsetodedetizadora"
string(25) "Cantidad de follows = 165"
<br><br><br>string(12) "raunierporto"
string(26) "Cantidad de follows = 3097"
<br><br><br>string(11) "marciabotam"
string(26) "Cantidad de follows = 3829"
<br><br><br>object(stdClass)#205 (2) {
  ["id"]=>
  string(5) "29901"
  ["login"]=>
  string(8) "1jonhbjj"
}
object(stdClass)#14 (2) {
  ["id"]=>
  string(5) "29918"
  ["login"]=>
  string(9) "odeiopera"
}
object(stdClass)#205 (2) {
  ["id"]=>
  string(5) "29932"
  ["login"]=>
  string(11) "eufeearruda"
}
string(11) "tclaranunes"
string(26) "Cantidad de follows = 1774"
<br><br><br>string(19) "alaskaclothingstore"
string(26) "Cantidad de follows = 2283"
<br><br><br>string(14) "gkt_kickboxing"
string(26) "Cantidad de follows = 1607"
<br><br><br>string(19) "character.design.gk"
string(26) "Cantidad de follows = 1191"
<br><br><br>object(stdClass)#125 (2) {
  ["id"]=>
  string(5) "29964"
  ["login"]=>
  string(12) "blogdoarinos"
}
object(stdClass)#116 (2) {
  ["id"]=>
  string(5) "29965"
  ["login"]=>
  string(12) "bela.morenaa"
}
string(24) "leandroquelucifotografia"
string(26) "Cantidad de follows = 3118"
<br><br><br>string(19) "generalstorefitness"
string(26) "Cantidad de follows = 3718"
<br><br><br>string(15) "acervomodasda44"
string(26) "Cantidad de follows = 5694"
<br><br><br>string(12) "mama_costhay"
string(26) "Cantidad de follows = 4893"
<br><br><br>string(17) "ginetom_rodrigues"
string(26) "Cantidad de follows = 7788"
<br><br><br>string(13) "brunnooctavio"
string(25) "Cantidad de follows = 981"
<br><br><br>object(stdClass)#8 (2) {
  ["id"]=>
  string(5) "29996"
  ["login"]=>
  string(12) "doug0liveira"
}
string(10) "gutt_carol"
string(27) "Cantidad de follows = 12099"
<br><br><br>string(9) "hulkdutra"
string(27) "Cantidad de follows = 13390"
<br><br><br>string(16) "camilaguerreiroo"
string(26) "Cantidad de follows = 2371"
<br><br><br>string(15) "sandymakecabelo"
string(26) "Cantidad de follows = 6675"
<br><br><br>string(15) "copaciadvogados"
string(25) "Cantidad de follows = 678"
<br><br><br>string(18) "diegocamargotattoo"
string(26) "Cantidad de follows = 3277"
<br><br><br>string(17) "entretenimento.pe"
string(26) "Cantidad de follows = 3436"
<br><br><br>string(17) "alicemelomakehair"
string(26) "Cantidad de follows = 6776"
<br><br><br>object(stdClass)#148 (2) {
  ["id"]=>
  string(5) "30051"
  ["login"]=>
  string(11) "tuguinha.tv"
}
string(13) "rentar.com.do"
string(27) "Cantidad de follows = 11624"
<br><br><br>string(15) "eriosvaldodiniz"
string(26) "Cantidad de follows = 1635"
<br><br><br>string(11) "gustavo_ono"
string(26) "Cantidad de follows = 5399"
<br><br><br>string(15) "canilredbroncos"
string(26) "Cantidad de follows = 1884"
<br><br><br>string(9) "_brokerst"
string(25) "Cantidad de follows = 303"
<br><br><br>string(14) "lifeprojectone"
string(26) "Cantidad de follows = 1863"
<br><br><br>string(16) "disfranco.motors"
string(26) "Cantidad de follows = 2948"
<br><br><br>string(6) "bomf17"
string(25) "Cantidad de follows = 823"
<br><br><br>string(12) "aliicemello_"
string(26) "Cantidad de follows = 2359"
<br><br><br>string(11) "_bellaforma"
string(27) "Cantidad de follows = 71246"
<br><br><br>string(10) "bruruschel"
string(27) "Cantidad de follows = 11924"
<br><br><br>string(9) "murilooc7"
string(26) "Cantidad de follows = 4436"
<br><br><br>string(9) "a7madov95"
string(25) "Cantidad de follows = 247"
<br><br><br>string(7) "a_mayla"
string(25) "Cantidad de follows = 748"
<br><br><br>string(13) "lidiafeitosa4"
string(26) "Cantidad de follows = 2799"
<br><br><br>string(10) "smokeseila"
string(25) "Cantidad de follows = 647"
<br><br><br>string(10) "rikdelucca"
string(26) "Cantidad de follows = 3650"
<br><br><br>object(stdClass)#210 (2) {
  ["id"]=>
  string(5) "30198"
  ["login"]=>
  string(19) "corretoracavalcante"
}
object(stdClass)#119 (2) {
  ["id"]=>
  string(5) "30218"
  ["login"]=>
  string(14) "thaisaschayder"
}
string(13) "hueskerbrasil"
string(26) "Cantidad de follows = 3743"
<br><br><br>string(22) "rodrigoranchodascabras"
string(25) "Cantidad de follows = 950"
<br><br><br>object(stdClass)#169 (2) {
  ["id"]=>
  string(5) "30232"
  ["login"]=>
  string(15) "arisson_jessica"
}
string(16) "camilla.franklin"
string(26) "Cantidad de follows = 6296"
<br><br><br>string(11) "maira.fuzii"
string(26) "Cantidad de follows = 2146"
<br><br><br>object(stdClass)#145 (2) {
  ["id"]=>
  string(5) "30257"
  ["login"]=>
  string(13) "nathaly_llima"
}
string(21) "laraharantes.piercing"
string(26) "Cantidad de follows = 3245"
<br><br><br>string(11) "maitemellim"
string(26) "Cantidad de follows = 1972"
<br><br><br>string(10) "criptobraz"
string(25) "Cantidad de follows = 703"
<br><br><br>string(14) "meuprojeto.fit"
string(26) "Cantidad de follows = 2090"
<br><br><br>object(stdClass)#71 (2) {
  ["id"]=>
  string(5) "30286"
  ["login"]=>
  string(15) "cmo_odontologia"
}
object(stdClass)#195 (2) {
  ["id"]=>
  string(5) "30293"
  ["login"]=>
  string(14) "ketellenfelix1"
}
string(14) "biel_do_cavaco"
string(27) "Cantidad de follows = 196