DAILY REPORT Inited...!<br>
2018-10-24 06:30:01am<br>
string(14) "alberto_dreyes"
string(27) "Cantidad de follows = 14329"
<br><br><br>string(19) "opiniaoconservadora"
string(27) "Cantidad de follows = 59447"
<br><br><br>string(17) "sibitecomunicacao"
string(27) "Cantidad de follows = 10216"
<br><br><br>string(11) "mo.taniguti"
string(27) "Cantidad de follows = 20814"
<br><br><br>object(stdClass)#30 (2) {
  ["id"]=>
  string(3) "146"
  ["login"]=>
  string(12) "auepromocoes"
}
string(23) "jeunesse_bycrislafratta"
string(25) "Cantidad de follows = 185"
<br><br><br>string(12) "lily.s.alves"
string(26) "Cantidad de follows = 2074"
<br><br><br>string(10) "powerlook_"
string(27) "Cantidad de follows = 61043"
<br><br><br>object(stdClass)#12 (2) {
  ["id"]=>
  string(3) "245"
  ["login"]=>
  string(18) "xodozinho.retratos"
}
object(stdClass)#22 (2) {
  ["id"]=>
  string(3) "867"
  ["login"]=>
  string(14) "joaovictorjvb1"
}
object(stdClass)#12 (2) {
  ["id"]=>
  string(4) "1059"
  ["login"]=>
  string(8) "graverrj"
}
object(stdClass)#22 (2) {
  ["id"]=>
  string(4) "1567"
  ["login"]=>
  string(7) "ma_luco"
}
string(12) "carlloooooss"
string(26) "Cantidad de follows = 1289"
<br><br><br>string(15) "sapatodochef.pa"
string(26) "Cantidad de follows = 2361"
<br><br><br>object(stdClass)#98 (2) {
  ["id"]=>
  string(4) "2175"
  ["login"]=>
  string(10) "vireiloira"
}
string(18) "mercadomodelobahia"
string(26) "Cantidad de follows = 9082"
<br><br><br>string(11) "thayscalmon"
string(26) "Cantidad de follows = 5325"
<br><br><br>string(11) "decoremundo"
string(27) "Cantidad de follows = 14344"
<br><br><br>string(9) "decorcool"
string(23) "Cantidad de follows = 7"
<br><br><br>string(8) "fragabar"
string(26) "Cantidad de follows = 4362"
<br><br><br>string(8) "lorenaym"
string(24) "Cantidad de follows = 77"
<br><br><br>string(11) "pamelaotero"
string(27) "Cantidad de follows = 46141"
<br><br><br>string(19) "starpointcollection"
string(27) "Cantidad de follows = 12642"
<br><br><br>string(9) "katiacsdc"
string(27) "Cantidad de follows = 18336"
<br><br><br>string(14) "grazielialvess"
string(27) "Cantidad de follows = 21528"
<br><br><br>string(22) "dra_barbaravasconcelos"
string(27) "Cantidad de follows = 24470"
<br><br><br>string(21) "comandantedochurrasco"
string(27) "Cantidad de follows = 56614"
<br><br><br>string(12) "40antesdos40"
string(27) "Cantidad de follows = 28473"
<br><br><br>string(19) "intimissimisalvador"
string(27) "Cantidad de follows = 13310"
<br><br><br>string(16) "drricardopalacio"
string(27) "Cantidad de follows = 25901"
<br><br><br>string(12) "pollyruffini"
string(26) "Cantidad de follows = 7503"
<br><br><br>string(14) "carlos_skatmar"
string(26) "Cantidad de follows = 2359"
<br><br><br>string(10) "star_point"
string(27) "Cantidad de follows = 32940"
<br><br><br>string(8) "rruizmma"
string(27) "Cantidad de follows = 47033"
<br><br><br>string(8) "dumbu.09"
string(26) "Cantidad de follows = 7667"
<br><br><br>string(14) "marcosp.medina"
string(26) "Cantidad de follows = 4055"
<br><br><br>string(11) "sandrozion7"
string(27) "Cantidad de follows = 21026"
<br><br><br>string(17) "grandville_hoteis"
string(27) "Cantidad de follows = 12698"
<br><br><br>string(11) "josiasdiass"
string(27) "Cantidad de follows = 18078"
<br><br><br>string(18) "barbaracampospalma"
string(26) "Cantidad de follows = 8691"
<br><br><br>string(9) "telless13"
string(27) "Cantidad de follows = 14326"
<br><br><br>string(13) "bandamegafire"
string(27) "Cantidad de follows = 23324"
<br><br><br>string(17) "sosoportunidade10"
string(25) "Cantidad de follows = 964"
<br><br><br>string(18) "academia_king_thai"
string(26) "Cantidad de follows = 5075"
<br><br><br>string(13) "renatafontany"
string(27) "Cantidad de follows = 33550"
<br><br><br>string(14) "cabelosaugusto"
string(27) "Cantidad de follows = 23725"
<br><br><br>string(14) "brunocerqueira"
string(27) "Cantidad de follows = 10528"
<br><br><br>string(10) "noxboymike"
string(26) "Cantidad de follows = 5447"
<br><br><br>string(20) "juliobaptistaoficial"
string(28) "Cantidad de follows = 250987"
<br><br><br>string(21) "ateliermarielamoreira"
string(27) "Cantidad de follows = 15826"
<br><br><br>object(stdClass)#25 (2) {
  ["id"]=>
  string(5) "11096"
  ["login"]=>
  string(12) "michaelletjp"
}
object(stdClass)#33 (2) {
  ["id"]=>
  string(5) "11099"
  ["login"]=>
  string(13) "agostochuvoso"
}
string(11) "insultedboy"
string(26) "Cantidad de follows = 3514"
<br><br><br>string(11) "weilla_morg"
string(25) "Cantidad de follows = 942"
<br><br><br>string(11) "raphabritoo"
string(27) "Cantidad de follows = 16051"
<br><br><br>string(10) "vinihveiga"
string(26) "Cantidad de follows = 4076"
<br><br><br>object(stdClass)#20 (2) {
  ["id"]=>
  string(5) "11131"
  ["login"]=>
  string(14) "deliciasdoronk"
}
string(16) "duuduuzinhosilva"
string(26) "Cantidad de follows = 3045"
<br><br><br>string(9) "carlosbsg"
string(25) "Cantidad de follows = 924"
<br><br><br>string(12) "danndourado0"
string(27) "Cantidad de follows = 15189"
<br><br><br>string(7) "biel312"
string(23) "Cantidad de follows = 9"
<br><br><br>string(11) "caiogrunupp"
string(26) "Cantidad de follows = 3320"
<br><br><br>string(11) "paullonunan"
string(26) "Cantidad de follows = 1430"
<br><br><br>string(12) "pablodiego15"
string(26) "Cantidad de follows = 1117"
<br><br><br>object(stdClass)#51 (2) {
  ["id"]=>
  string(5) "11230"
  ["login"]=>
  string(16) "_luferreiranunes"
}
string(14) "natan_mantelli"
string(25) "Cantidad de follows = 795"
<br><br><br>string(17) "antoniocarlos3627"
string(24) "Cantidad de follows = 45"
<br><br><br>string(11) "365_indubai"
string(27) "Cantidad de follows = 22012"
<br><br><br>object(stdClass)#172 (2) {
  ["id"]=>
  string(5) "11239"
  ["login"]=>
  string(12) "ceottosinuhe"
}
string(14) "vitoriaabritto"
string(27) "Cantidad de follows = 40535"
<br><br><br>string(11) "lojaoperapc"
string(27) "Cantidad de follows = 23896"
<br><br><br>string(12) "huealimentos"
string(26) "Cantidad de follows = 5153"
<br><br><br>string(13) "kstimportados"
string(26) "Cantidad de follows = 4374"
<br><br><br>string(7) "wi11see"
string(27) "Cantidad de follows = 11487"
<br><br><br>string(12) "s7_producoes"
string(26) "Cantidad de follows = 5994"
<br><br><br>string(12) "gabrielaribi"
string(26) "Cantidad de follows = 7618"
<br><br><br>string(17) "brunosennaimagens"
string(27) "Cantidad de follows = 13228"
<br><br><br>string(14) "maycowmontemor"
string(27) "Cantidad de follows = 32541"
<br><br><br>object(stdClass)#157 (2) {
  ["id"]=>
  string(5) "11546"
  ["login"]=>
  string(14) "alinemarcovici"
}
string(10) "junior.dev"
string(27) "Cantidad de follows = 17649"
<br><br><br>string(13) "amaassessoria"
string(26) "Cantidad de follows = 7638"
<br><br><br>string(11) "julisciotto"
string(27) "Cantidad de follows = 25619"
<br><br><br>string(14) "draalinehsilva"
string(27) "Cantidad de follows = 20146"
<br><br><br>string(13) "rodasemotores"
string(27) "Cantidad de follows = 14757"
<br><br><br>object(stdClass)#113 (2) {
  ["id"]=>
  string(5) "11758"
  ["login"]=>
  string(13) "euclaracampos"
}
string(19) "thamaraelisa.tattoo"
string(27) "Cantidad de follows = 14233"
<br><br><br>string(15) "megaminassports"
string(26) "Cantidad de follows = 6770"
<br><br><br>string(16) "agencia_portal37"
string(26) "Cantidad de follows = 3326"
<br><br><br>object(stdClass)#9 (2) {
  ["id"]=>
  string(5) "11792"
  ["login"]=>
  string(14) "hf_metalurgica"
}
string(13) "grillegourmet"
string(26) "Cantidad de follows = 5113"
<br><br><br>string(11) "davidkapper"
string(27) "Cantidad de follows = 13073"
<br><br><br>string(11) "7chavesfoto"
string(27) "Cantidad de follows = 11020"
<br><br><br>string(11) "joiaskether"
string(27) "Cantidad de follows = 19582"
<br><br><br>string(14) "luziasantana33"
string(28) "Cantidad de follows = 235944"
<br><br><br>string(13) "thiagovaleiro"
string(26) "Cantidad de follows = 3818"
<br><br><br>object(stdClass)#106 (2) {
  ["id"]=>
  string(5) "12434"
  ["login"]=>
  string(9) "dupicasso"
}
object(stdClass)#177 (2) {
  ["id"]=>
  string(5) "13379"
  ["login"]=>
  string(11) "laura_bergo"
}
string(15) "dra.raphabecker"
string(27) "Cantidad de follows = 19695"
<br><br><br>string(8) "letdaher"
string(27) "Cantidad de follows = 27997"
<br><br><br>string(9) "dgarciia_"
string(25) "Cantidad de follows = 863"
<br><br><br>string(10) "joaosurf12"
string(24) "Cantidad de follows = 97"
<br><br><br>string(8) "itsandco"
string(27) "Cantidad de follows = 21145"
<br><br><br>string(10) "ela_andrea"
string(27) "Cantidad de follows = 22475"
<br><br><br>string(14) "nafurtadocakes"
string(26) "Cantidad de follows = 6634"
<br><br><br>string(18) "castrolautoservice"
string(26) "Cantidad de follows = 9325"
<br><br><br>string(9) "livdrinks"
string(27) "Cantidad de follows = 47434"
<br><br><br>string(18) "portalautoshopping"
string(27) "Cantidad de follows = 12156"
<br><br><br>string(20) "manu.mamaeaoquadrado"
string(26) "Cantidad de follows = 9596"
<br><br><br>string(15) "odontowebschool"
string(27) "Cantidad de follows = 10544"
<br><br><br>string(9) "abarkeria"
string(27) "Cantidad de follows = 33564"
<br><br><br>object(stdClass)#27 (2) {
  ["id"]=>
  string(5) "15166"
  ["login"]=>
  string(14) "__fehholiveira"
}
string(10) "ninabaking"
string(26) "Cantidad de follows = 8947"
<br><br><br>string(10) "jgiordanoo"
string(27) "Cantidad de follows = 12464"
<br><br><br>string(18) "domhairfelippewill"
string(27) "Cantidad de follows = 11570"
<br><br><br>string(7) "pbpetti"
string(27) "Cantidad de follows = 39603"
<br><br><br>string(10) "psych0wolf"
string(25) "Cantidad de follows = 402"
<br><br><br>string(8) "andreiso"
string(26) "Cantidad de follows = 9544"
<br><br><br>string(13) "biadiascoelho"
string(26) "Cantidad de follows = 4882"
<br><br><br>string(8) "mytrips7"
string(25) "Cantidad de follows = 525"
<br><br><br>string(13) "directdireito"
string(27) "Cantidad de follows = 11180"
<br><br><br>string(12) "patrickvalle"
string(26) "Cantidad de follows = 3549"
<br><br><br>string(21) "lucianalauferofficial"
string(27) "Cantidad de follows = 18868"
<br><br><br>string(13) "matheuspercut"
string(26) "Cantidad de follows = 1155"
<br><br><br>string(10) "flavia_vdr"
string(27) "Cantidad de follows = 11274"
<br><br><br>object(stdClass)#90 (2) {
  ["id"]=>
  string(5) "16861"
  ["login"]=>
  string(14) "mickael_cortes"
}
string(16) "helder_del_monte"
string(27) "Cantidad de follows = 16143"
<br><br><br>string(18) "physicalpilates_bh"
string(26) "Cantidad de follows = 5596"
<br><br><br>string(13) "faleiroslaura"
string(27) "Cantidad de follows = 12908"
<br><br><br>string(11) "dannysetudo"
string(26) "Cantidad de follows = 9940"
<br><br><br>string(15) "portodepiranhas"
string(27) "Cantidad de follows = 10460"
<br><br><br>string(24) "contadordehistoriasreais"
string(27) "Cantidad de follows = 33056"
<br><br><br>string(6) "guil38"
string(26) "Cantidad de follows = 6671"
<br><br><br>string(22) "vacationhomeneardisney"
string(27) "Cantidad de follows = 19605"
<br><br><br>string(16) "drguilhermecravo"
string(26) "Cantidad de follows = 3160"
<br><br><br>string(6) "ossmkt"
string(26) "Cantidad de follows = 5286"
<br><br><br>string(10) "jhoneheber"
string(27) "Cantidad de follows = 23456"
<br><br><br>string(20) "justiniano0_official"
string(26) "Cantidad de follows = 2974"
<br><br><br>string(15) "sao_os_caipiras"
string(26) "Cantidad de follows = 9447"
<br><br><br>string(9) "acerickrj"
string(27) "Cantidad de follows = 12293"
<br><br><br>string(15) "leandrogarciadj"
string(27) "Cantidad de follows = 19526"
<br><br><br>string(14) "osnirhamburger"
string(26) "Cantidad de follows = 6892"
<br><br><br>string(8) "dutruffi"
string(27) "Cantidad de follows = 14138"
<br><br><br>string(9) "lschuback"
string(26) "Cantidad de follows = 7811"
<br><br><br>object(stdClass)#113 (2) {
  ["id"]=>
  string(5) "18103"
  ["login"]=>
  string(22) "denisegoncalves.santos"
}
string(14) "ethianemarques"
string(25) "Cantidad de follows = 694"
<br><br><br>string(10) "synaraleal"
string(27) "Cantidad de follows = 16297"
<br><br><br>string(8) "trinjune"
string(23) "Cantidad de follows = 0"
<br><br><br>string(12) "holy_popcorn"
string(27) "Cantidad de follows = 10620"
<br><br><br>string(9) "eltranvia"
string(27) "Cantidad de follows = 16180"
<br><br><br>string(19) "diegogoulartoficial"
string(27) "Cantidad de follows = 20432"
<br><br><br>string(15) "cartolinadesign"
string(26) "Cantidad de follows = 5717"
<br><br><br>string(9) "quarto_22"
string(26) "Cantidad de follows = 5813"
<br><br><br>string(10) "blogdakeli"
string(24) "Cantidad de follows = 12"
<br><br><br>object(stdClass)#121 (2) {
  ["id"]=>
  string(5) "18816"
  ["login"]=>
  string(10) "lefitnessb"
}
string(9) "awsmining"
string(26) "Cantidad de follows = 4743"
<br><br><br>string(13) "willianabrito"
string(26) "Cantidad de follows = 6728"
<br><br><br>string(23) "eusoutestemunhadogolias"
string(25) "Cantidad de follows = 206"
<br><br><br>string(16) "tumsoundfestival"
string(26) "Cantidad de follows = 1539"
<br><br><br>string(18) "casalbioequilibrio"
string(27) "Cantidad de follows = 11363"
<br><br><br>string(13) "mimosearomaas"
string(26) "Cantidad de follows = 9434"
<br><br><br>object(stdClass)#13 (2) {
  ["id"]=>
  string(5) "19152"
  ["login"]=>
  string(17) "gventurinpersonal"
}
string(9) "fastfitsc"
string(26) "Cantidad de follows = 3585"
<br><br><br>string(11) "raif_tattoo"
string(27) "Cantidad de follows = 13258"
<br><br><br>string(10) "hustler.hc"
string(26) "Cantidad de follows = 2453"
<br><br><br>string(9) "isarengel"
string(26) "Cantidad de follows = 6769"
<br><br><br>string(12) "solus_online"
string(26) "Cantidad de follows = 4143"
<br><br><br>string(11) "refugiohoje"
string(27) "Cantidad de follows = 12406"
<br><br><br>string(13) "nati.fressato"
string(26) "Cantidad de follows = 7206"
<br><br><br>string(17) "calcadospaubrasil"
string(26) "Cantidad de follows = 8248"
<br><br><br>string(10) "daly_store"
string(27) "Cantidad de follows = 21722"
<br><br><br>string(11) "angelosciao"
string(26) "Cantidad de follows = 5231"
<br><br><br>string(6) "fuinha"
string(25) "Cantidad de follows = 193"
<br><br><br>string(10) "kombi_krug"
string(25) "Cantidad de follows = 512"
<br><br><br>string(12) "rekombinando"
string(26) "Cantidad de follows = 5964"
<br><br><br>string(15) "blogdasusantoss"
string(26) "Cantidad de follows = 5395"
<br><br><br>string(15) "diadeacessorios"
string(26) "Cantidad de follows = 2308"
<br><br><br>string(18) "christians.pereira"
string(26) "Cantidad de follows = 3760"
<br><br><br>string(28) "pedrowilsonrodriguespimentel"
string(26) "Cantidad de follows = 7689"
<br><br><br>string(15) "atelieluizrocha"
string(27) "Cantidad de follows = 10193"
<br><br><br>string(12) "bibiscamargo"
string(26) "Cantidad de follows = 2033"
<br><br><br>string(16) "centerperfumaria"
string(26) "Cantidad de follows = 5512"
<br><br><br>string(10) "pmelorocha"
string(26) "Cantidad de follows = 6324"
<br><br><br>object(stdClass)#29 (2) {
  ["id"]=>
  string(5) "20149"
  ["login"]=>
  string(14) "thaliaalvesdec"
}
string(12) "yasminndias_"
string(26) "Cantidad de follows = 9318"
<br><br><br>string(17) "jb_alves_educador"
string(26) "Cantidad de follows = 3541"
<br><br><br>string(24) "leonardosantosfotografia"
string(27) "Cantidad de follows = 39591"
<br><br><br>string(8) "sporttot"
string(24) "Cantidad de follows = 23"
<br><br><br>object(stdClass)#54 (2) {
  ["id"]=>
  string(5) "20503"
  ["login"]=>
  string(8) "chandler"
}
string(13) "ayllesantiago"
string(28) "Cantidad de follows = 143072"
<br><br><br>string(12) "maisonbiarro"
string(27) "Cantidad de follows = 30869"
<br><br><br>string(15) "iselamendozadec"
string(26) "Cantidad de follows = 6453"
<br><br><br>string(9) "bamboh.pt"
string(26) "Cantidad de follows = 2601"
<br><br><br>string(12) "redeentropia"
string(26) "Cantidad de follows = 5873"
<br><br><br>object(stdClass)#122 (2) {
  ["id"]=>
  string(5) "20682"
  ["login"]=>
  string(11) "farmapharma"
}
string(18) "calabriapizzariarj"
string(26) "Cantidad de follows = 2462"
<br><br><br>object(stdClass)#122 (2) {
  ["id"]=>
  string(5) "20818"
  ["login"]=>
  string(20) "cadillacs.pastelaria"
}
object(stdClass)#85 (2) {
  ["id"]=>
  string(5) "20927"
  ["login"]=>
  string(25) "missionariojairodossantos"
}
object(stdClass)#122 (2) {
  ["id"]=>
  string(5) "21062"
  ["login"]=>
  string(13) "jesuisluciano"
}
object(stdClass)#85 (2) {
  ["id"]=>
  string(5) "21230"
  ["login"]=>
  string(9) "vikatorsc"
}
string(19) "nicollystoreoficial"
string(26) "Cantidad de follows = 7519"
<br><br><br>object(stdClass)#85 (2) {
  ["id"]=>
  string(5) "21368"
  ["login"]=>
  string(18) "ricardoribeiro0013"
}
string(24) "ramossegurancaeletronica"
string(26) "Cantidad de follows = 3287"
<br><br><br>string(18) "camacariplazahotel"
string(26) "Cantidad de follows = 6309"
<br><br><br>string(13) "_telesgabriel"
string(26) "Cantidad de follows = 3167"
<br><br><br>string(12) "fbfabiolopes"
string(26) "Cantidad de follows = 8957"
<br><br><br>object(stdClass)#127 (2) {
  ["id"]=>
  string(5) "21517"
  ["login"]=>
  string(23) "biscuitporvictorialeite"
}
string(10) "trapburger"
string(26) "Cantidad de follows = 2630"
<br><br><br>string(20) "shoppingcasaedesign_"
string(26) "Cantidad de follows = 8833"
<br><br><br>string(9) "samiilly_"
string(27) "Cantidad de follows = 18218"
<br><br><br>object(stdClass)#139 (2) {
  ["id"]=>
  string(5) "21731"
  ["login"]=>
  string(9) "conhecaes"
}
string(7) "loirasn"
string(25) "Cantidad de follows = 192"
<br><br><br>string(15) "santasticauniao"
string(26) "Cantidad de follows = 6270"
<br><br><br>string(19) "embraconcondominios"
string(26) "Cantidad de follows = 4751"
<br><br><br>string(17) "hamburguinhomoema"
string(27) "Cantidad de follows = 61050"
<br><br><br>string(14) "vilmamartins_7"
string(26) "Cantidad de follows = 1310"
<br><br><br>string(12) "leticiajural"
string(26) "Cantidad de follows = 8467"
<br><br><br>string(8) "_zero100"
string(27) "Cantidad de follows = 52076"
<br><br><br>string(20) "lionrollingcircusrio"
string(27) "Cantidad de follows = 14851"
<br><br><br>string(9) "_nerdjunk"
string(26) "Cantidad de follows = 5341"
<br><br><br>string(10) "pilotelton"
string(27) "Cantidad de follows = 11363"
<br><br><br>string(14) "marcioancelmoo"
string(26) "Cantidad de follows = 4946"
<br><br><br>object(stdClass)#176 (2) {
  ["id"]=>
  string(5) "22627"
  ["login"]=>
  string(18) "lucaswiliamsoliver"
}
string(14) "kevinlorenzorj"
string(26) "Cantidad de follows = 3363"
<br><br><br>object(stdClass)#176 (2) {
  ["id"]=>
  string(5) "22701"
  ["login"]=>
  string(21) "falandodemaquiagem_01"
}
string(13) "georgemuchuli"
string(26) "Cantidad de follows = 7744"
<br><br><br>string(15) "wendell_alvess_"
string(24) "Cantidad de follows = 91"
<br><br><br>object(stdClass)#59 (2) {
  ["id"]=>
  string(5) "22786"
  ["login"]=>
  string(6) "jpzk02"
}
object(stdClass)#106 (2) {
  ["id"]=>
  string(5) "22791"
  ["login"]=>
  string(13) "rodrigues.exe"
}
object(stdClass)#59 (2) {
  ["id"]=>
  string(5) "22915"
  ["login"]=>
  string(10) "5000covers"
}
string(18) "marciomouraoficial"
string(27) "Cantidad de follows = 12456"
<br><br><br>object(stdClass)#59 (2) {
  ["id"]=>
  string(5) "23135"
  ["login"]=>
  string(15) "daniak_boutique"
}
string(23) "formatacaotccmonografia"
string(24) "Cantidad de follows = 95"
<br><br><br>string(6) "nekkow"
string(24) "Cantidad de follows = 15"
<br><br><br>string(5) "lucao"
string(25) "Cantidad de follows = 561"
<br><br><br>string(6) "lucao2"
string(25) "Cantidad de follows = 592"
<br><br><br>string(13) "marcelomarkes"
string(27) "Cantidad de follows = 19946"
<br><br><br>string(14) "dl_beautysalon"
string(26) "Cantidad de follows = 1957"
<br><br><br>string(15) "ariadinebarreto"
string(27) "Cantidad de follows = 14488"
<br><br><br>string(13) "canalsemjacar"
string(27) "Cantidad de follows = 14184"
<br><br><br>string(11) "hiratabreno"
string(27) "Cantidad de follows = 12544"
<br><br><br>string(14) "erickspimentel"
string(26) "Cantidad de follows = 2017"
<br><br><br>string(12) "jessicaiwata"
string(27) "Cantidad de follows = 34293"
<br><br><br>string(14) "dnaphotoevideo"
string(27) "Cantidad de follows = 29339"
<br><br><br>string(18) "gamecenterpaulista"
string(27) "Cantidad de follows = 10320"
<br><br><br>string(10) "pacofishrd"
string(26) "Cantidad de follows = 8056"
<br><br><br>string(14) "qualityhotelsd"
string(26) "Cantidad de follows = 1206"
<br><br><br>string(17) "isabellabofficial"
string(27) "Cantidad de follows = 13922"
<br><br><br>string(13) "alialioficial"
string(25) "Cantidad de follows = 676"
<br><br><br>string(15) "barbeariadoneno"
string(27) "Cantidad de follows = 13649"
<br><br><br>string(10) "plagamba01"
string(26) "Cantidad de follows = 2689"
<br><br><br>string(11) "oscarcauchi"
string(26) "Cantidad de follows = 3619"
<br><br><br>string(7) "18laras"
string(26) "Cantidad de follows = 1810"
<br><br><br>string(16) "entreomarealagoa"
string(26) "Cantidad de follows = 1689"
<br><br><br>string(9) "darlanred"
string(27) "Cantidad de follows = 21269"
<br><br><br>string(15) "riolisboabrasil"
string(25) "Cantidad de follows = 203"
<br><br><br>string(12) "studio4cinco"
string(26) "Cantidad de follows = 4931"
<br><br><br>string(13) "fabriciofabre"
string(26) "Cantidad de follows = 8615"
<br><br><br>string(22) "suamusicapersonalizada"
string(27) "Cantidad de follows = 11530"
<br><br><br>string(8) "kevinvem"
string(23) "Cantidad de follows = 5"
<br><br><br>string(12) "djallannatal"
string(27) "Cantidad de follows = 29717"
<br><br><br>string(15) "polpasempreviva"
string(27) "Cantidad de follows = 34399"
<br><br><br>string(8) "kessyaaa"
string(27) "Cantidad de follows = 11043"
<br><br><br>string(8) "celparra"
string(27) "Cantidad de follows = 10689"
<br><br><br>object(stdClass)#89 (2) {
  ["id"]=>
  string(5) "25524"
  ["login"]=>
  string(11) "tompson9345"
}
string(13) "mayconbarroco"
string(27) "Cantidad de follows = 18541"
<br><br><br>string(9) "caiocesar"
string(24) "Cantidad de follows = 85"
<br><br><br>string(8) "lil.fama"
string(27) "Cantidad de follows = 20956"
<br><br><br>string(12) "institutoybi"
string(27) "Cantidad de follows = 17898"
<br><br><br>object(stdClass)#27 (2) {
  ["id"]=>
  string(5) "26183"
  ["login"]=>
  string(14) "andresa_lebens"
}
object(stdClass)#130 (2) {
  ["id"]=>
  string(5) "26226"
  ["login"]=>
  string(7) "yuryv05"
}
string(15) "eliana_casimiro"
string(26) "Cantidad de follows = 5607"
<br><br><br>string(11) "maloohstore"
string(26) "Cantidad de follows = 3785"
<br><br><br>string(16) "simplesmenteamei"
string(27) "Cantidad de follows = 16031"
<br><br><br>string(16) "drraphaelmarques"
string(27) "Cantidad de follows = 21309"
<br><br><br>string(10) "casazunzun"
string(26) "Cantidad de follows = 5803"
<br><br><br>string(14) "draraymedeiros"
string(26) "Cantidad de follows = 1569"
<br><br><br>string(21) "lucaslermenfotografia"
string(27) "Cantidad de follows = 15312"
<br><br><br>string(16) "bracholuismiguel"
string(25) "Cantidad de follows = 836"
<br><br><br>string(17) "draflaviasgavioli"
string(27) "Cantidad de follows = 42108"
<br><br><br>string(16) "rafamello_cantor"
string(26) "Cantidad de follows = 9067"
<br><br><br>string(13) "gabinassyrios"
string(27) "Cantidad de follows = 28295"
<br><br><br>string(13) "cardosodani78"
string(25) "Cantidad de follows = 404"
<br><br><br>object(stdClass)#32 (2) {
  ["id"]=>
  string(5) "27362"
  ["login"]=>
  string(9) "k123silva"
}
string(9) "labotique"
string(25) "Cantidad de follows = 276"
<br><br><br>string(11) "eco.noronha"
string(26) "Cantidad de follows = 1072"
<br><br><br>string(13) "gelottisports"
string(26) "Cantidad de follows = 6255"
<br><br><br>string(13) "bombeefsantos"
string(27) "Cantidad de follows = 71204"
<br><br><br>string(15) "parvathi_brasil"
string(26) "Cantidad de follows = 8740"
<br><br><br>string(9) "lobotique"
string(26) "Cantidad de follows = 6653"
<br><br><br>string(8) "talincas"
string(27) "Cantidad de follows = 22570"
<br><br><br>string(21) "visagismofacial_drika"
string(25) "Cantidad de follows = 753"
<br><br><br>string(13) "bakwarabrasil"
string(26) "Cantidad de follows = 1567"
<br><br><br>string(19) "carlabarcellosjoias"
string(27) "Cantidad de follows = 11459"
<br><br><br>string(16) "programagameover"
string(26) "Cantidad de follows = 1102"
<br><br><br>string(15) "aafrodite.store"
string(26) "Cantidad de follows = 5716"
<br><br><br>string(12) "rogiacomello"
string(26) "Cantidad de follows = 1436"
<br><br><br>string(11) "solvebrazil"
string(26) "Cantidad de follows = 1168"
<br><br><br>string(16) "drafernandavolpi"
string(27) "Cantidad de follows = 12418"
<br><br><br>object(stdClass)#35 (2) {
  ["id"]=>
  string(5) "27722"
  ["login"]=>
  string(14) "maribel.silent"
}
string(13) "miocheoficial"
string(27) "Cantidad de follows = 45914"
<br><br><br>string(11) "daylipadron"
string(26) "Cantidad de follows = 8460"
<br><br><br>string(14) "mercadolabarra"
string(26) "Cantidad de follows = 4743"
<br><br><br>string(10) "naraabreuu"
string(26) "Cantidad de follows = 4528"
<br><br><br>string(8) "lukmodas"
string(26) "Cantidad de follows = 8245"
<br><br><br>string(21) "girlsgardenacessorios"
string(26) "Cantidad de follows = 2008"
<br><br><br>string(13) "capimlimaomga"
string(26) "Cantidad de follows = 5792"
<br><br><br>string(15) "maxpremiumjeans"
string(26) "Cantidad de follows = 8483"
<br><br><br>string(8) "bruna.fb"
string(27) "Cantidad de follows = 21103"
<br><br><br>string(14) "na_cara_do_gol"
string(26) "Cantidad de follows = 3037"
<br><br><br>string(13) "jessicacytrus"
string(27) "Cantidad de follows = 29962"
<br><br><br>string(11) "cyrofuziama"
string(27) "Cantidad de follows = 25076"
<br><br><br>string(11) "thaycomfome"
string(27) "Cantidad de follows = 27053"
<br><br><br>string(10) "dankana_dk"
string(26) "Cantidad de follows = 8891"
<br><br><br>string(13) "vivimaquiagem"
string(26) "Cantidad de follows = 3451"
<br><br><br>string(14) "fshirtsdesigns"
string(25) "Cantidad de follows = 367"
<br><br><br>string(15) "closetdasduasto"
string(27) "Cantidad de follows = 14560"
<br><br><br>object(stdClass)#160 (2) {
  ["id"]=>
  string(5) "28069"
  ["login"]=>
  string(14) "rosaduartelash"
}
string(11) "gardelmaroz"
string(26) "Cantidad de follows = 6500"
<br><br><br>object(stdClass)#160 (2) {
  ["id"]=>
  string(5) "28080"
  ["login"]=>
  string(16) "msanchescaroline"
}
object(stdClass)#156 (2) {
  ["id"]=>
  string(5) "28092"
  ["login"]=>
  string(9) "pri_avlis"
}
string(13) "ferefacrochet"
string(26) "Cantidad de follows = 9131"
<br><br><br>object(stdClass)#156 (2) {
  ["id"]=>
  string(5) "28099"
  ["login"]=>
  string(13) "menezesandree"
}
string(7) "nr_mini"
string(27) "Cantidad de follows = 11496"
<br><br><br>string(6) "dz9bnb"
string(26) "Cantidad de follows = 3683"
<br><br><br>object(stdClass)#18 (2) {
  ["id"]=>
  string(5) "28145"
  ["login"]=>
  string(20) "nossoapartamento_103"
}
string(18) "cheirinhodamariana"
string(26) "Cantidad de follows = 7684"
<br><br><br>object(stdClass)#18 (2) {
  ["id"]=>
  string(5) "28213"
  ["login"]=>
  string(15) "malucassimiro.r"
}
string(16) "alvomarketingagc"
string(26) "Cantidad de follows = 9397"
<br><br><br>string(17) "ilmiocasamentoios"
string(26) "Cantidad de follows = 1020"
<br><br><br>string(16) "dranayanepacheco"
string(28) "Cantidad de follows = 146989"
<br><br><br>string(24) "silvanonunes.hairstylist"
string(27) "Cantidad de follows = 26890"
<br><br><br>object(stdClass)#20 (2) {
  ["id"]=>
  string(5) "28276"
  ["login"]=>
  string(13) "tatyanealvess"
}
string(21) "closetdemulheroficial"
string(26) "Cantidad de follows = 3992"
<br><br><br>string(12) "maxiprodutos"
string(27) "Cantidad de follows = 20643"
<br><br><br>string(17) "drdanilopelegrino"
string(26) "Cantidad de follows = 5850"
<br><br><br>string(20) "mariaclaraguimaraes1"
string(27) "Cantidad de follows = 35354"
<br><br><br>string(15) "vitoria.mamedio"
string(26) "Cantidad de follows = 7592"
<br><br><br>string(12) "meirellesipc"
string(26) "Cantidad de follows = 1558"
<br><br><br>string(12) "luporluciana"
string(26) "Cantidad de follows = 8433"
<br><br><br>string(11) "andersonvoo"
string(26) "Cantidad de follows = 1054"
<br><br><br>string(14) "niqueferreiira"
string(27) "Cantidad de follows = 12326"
<br><br><br>string(15) "carlota_barnabe"
string(27) "Cantidad de follows = 12700"
<br><br><br>string(17) "drdanilopelegrino"
string(26) "Cantidad de follows = 5850"
<br><br><br>string(9) "lipinhuss"
string(26) "Cantidad de follows = 1778"
<br><br><br>string(13) "mayaramarkes_"
string(26) "Cantidad de follows = 8573"
<br><br><br>string(10) "ky2oficial"
string(26) "Cantidad de follows = 2545"
<br><br><br>string(11) "mendy_vivii"
string(26) "Cantidad de follows = 4125"
<br><br><br>object(stdClass)#134 (2) {
  ["id"]=>
  string(5) "28497"
  ["login"]=>
  string(21) "_medicinaintegrativa_"
}
string(25) "specialitycoffeegastropub"
string(25) "Cantidad de follows = 553"
<br><br><br>string(11) "carolsousas"
string(26) "Cantidad de follows = 3531"
<br><br><br>object(stdClass)#173 (2) {
  ["id"]=>
  string(5) "28517"
  ["login"]=>
  string(19) "martins_consultoria"
}
object(stdClass)#77 (2) {
  ["id"]=>
  string(5) "28522"
  ["login"]=>
  string(4) "fila"
}
string(6) "reebok"
string(29) "Cantidad de follows = 2154547"
<br><br><br>string(8) "bindanvm"
string(26) "Cantidad de follows = 1507"
<br><br><br>string(18) "wesleyoliveirareal"
string(26) "Cantidad de follows = 2813"
<br><br><br>string(9) "indikqui_"
string(26) "Cantidad de follows = 1323"
<br><br><br>string(10) "luahungria"
string(26) "Cantidad de follows = 4494"
<br><br><br>object(stdClass)#103 (2) {
  ["id"]=>
  string(5) "28557"
  ["login"]=>
  string(10) "kaahcintra"
}
string(17) "reabilitar.studio"
string(26) "Cantidad de follows = 5799"
<br><br><br>string(9) "amaraljej"
string(25) "Cantidad de follows = 616"
<br><br><br>string(14) "websterramalho"
string(25) "Cantidad de follows = 734"
<br><br><br>string(24) "vida_sol_e_mar_ecoresort"
string(26) "Cantidad de follows = 7165"
<br><br><br>string(10) "aco_brasil"
string(26) "Cantidad de follows = 3397"
<br><br><br>string(13) "desafioadois2"
string(26) "Cantidad de follows = 6902"
<br><br><br>string(10) "joaozaneti"
string(27) "Cantidad de follows = 13179"
<br><br><br>string(12) "karbofitness"
string(27) "Cantidad de follows = 10925"
<br><br><br>string(12) "nayaranouber"
string(27) "Cantidad de follows = 18202"
<br><br><br>object(stdClass)#74 (2) {
  ["id"]=>
  string(5) "28654"
  ["login"]=>
  string(11) "ellenrauber"
}
object(stdClass)#76 (2) {
  ["id"]=>
  string(5) "28657"
  ["login"]=>
  string(14) "reserveviagens"
}
string(17) "ingrid_ferreira25"
string(25) "Cantidad de follows = 179"
<br><br><br>string(20) "neovita_fisioterapia"
string(26) "Cantidad de follows = 5017"
<br><br><br>string(17) "dunashookahlounge"
string(26) "Cantidad de follows = 9086"
<br><br><br>string(15) "emporio.forever"
string(25) "Cantidad de follows = 274"
<br><br><br>object(stdClass)#71 (2) {
  ["id"]=>
  string(5) "28678"
  ["login"]=>
  string(16) "mariakarencosta_"
}
string(13) "pretta_araujo"
string(27) "Cantidad de follows = 11900"
<br><br><br>string(18) "theo_kate_ragdolls"
string(26) "Cantidad de follows = 7352"
<br><br><br>string(9) "xaanndii_"
string(26) "Cantidad de follows = 1253"
<br><br><br>string(10) "raquellsan"
string(27) "Cantidad de follows = 25850"
<br><br><br>string(11) "quatro_maos"
string(26) "Cantidad de follows = 4194"
<br><br><br>string(20) "apaudiovisualoficial"
string(25) "Cantidad de follows = 571"
<br><br><br>string(15) "gameoverworldmx"
string(24) "Cantidad de follows = 32"
<br><br><br>string(10) "macielcaio"
string(26) "Cantidad de follows = 3042"
<br><br><br>string(10) "pp_eventos"
string(26) "Cantidad de follows = 3643"
<br><br><br>string(15) "renatacanizares"
string(27) "Cantidad de follows = 13565"
<br><br><br>string(12) "dermatofarma"
string(26) "Cantidad de follows = 8814"
<br><br><br>string(14) "cinarafestasbh"
string(27) "Cantidad de follows = 40580"
<br><br><br>string(10) "mreissilva"
string(27) "Cantidad de follows = 23839"
<br><br><br>string(17) "minutoscomdelavec"
string(27) "Cantidad de follows = 14235"
<br><br><br>string(9) "lilispada"
string(28) "Cantidad de follows = 718488"
<br><br><br>string(13) "edersilveiram"
string(26) "Cantidad de follows = 4497"
<br><br><br>string(15) "rosanatiburtino"
string(26) "Cantidad de follows = 1034"
<br><br><br>string(18) "stopscapautomotivo"
string(26) "Cantidad de follows = 6085"
<br><br><br>object(stdClass)#199 (2) {
  ["id"]=>
  string(5) "28849"
  ["login"]=>
  string(8) "plasjowl"
}
string(12) "itzackcamila"
string(26) "Cantidad de follows = 1342"
<br><br><br>string(15) "eu_gabicarvalho"
string(26) "Cantidad de follows = 3022"
<br><br><br>string(13) "everttonviana"
string(27) "Cantidad de follows = 10060"
<br><br><br>string(17) "shirleyalesantana"
string(27) "Cantidad de follows = 28498"
<br><br><br>string(14) "leticiastoledo"
string(26) "Cantidad de follows = 2549"
<br><br><br>string(14) "drpedroferrari"
string(27) "Cantidad de follows = 39376"
<br><br><br>string(11) "itamixbazar"
string(26) "Cantidad de follows = 4775"
<br><br><br>string(13) "trader_amador"
string(25) "Cantidad de follows = 167"
<br><br><br>string(16) "isabellasanchess"
string(26) "Cantidad de follows = 3031"
<br><br><br>object(stdClass)#183 (2) {
  ["id"]=>
  string(5) "28962"
  ["login"]=>
  string(15) "tiagomennezes11"
}
string(12) "bunkersounds"
string(26) "Cantidad de follows = 1714"
<br><br><br>string(14) "timmycelulares"
string(25) "Cantidad de follows = 218"
<br><br><br>object(stdClass)#199 (2) {
  ["id"]=>
  string(5) "28988"
  ["login"]=>
  string(15) "programavitrina"
}
object(stdClass)#176 (2) {
  ["id"]=>
  string(5) "28990"
  ["login"]=>
  string(17) "acade_corpoeforma"
}
object(stdClass)#199 (2) {
  ["id"]=>
  string(5) "28993"
  ["login"]=>
  string(11) "atgaranhuns"
}
string(20) "annamaya_arquitetura"
string(26) "Cantidad de follows = 9468"
<br><br><br>string(8) "1kgdobom"
string(27) "Cantidad de follows = 14995"
<br><br><br>string(13) "livre.digital"
string(26) "Cantidad de follows = 3788"
<br><br><br>string(14) "rhuanpenaforte"
string(27) "Cantidad de follows = 10658"
<br><br><br>string(16) "restaurantebario"
string(26) "Cantidad de follows = 1419"
<br><br><br>string(21) "felippeturtransportes"
string(26) "Cantidad de follows = 5121"
<br><br><br>string(15) "solarlifeenergy"
string(25) "Cantidad de follows = 548"
<br><br><br>string(18) "vinteumcomunicacao"
string(25) "Cantidad de follows = 577"
<br><br><br>string(18) "auto_escolaatitude"
string(26) "Cantidad de follows = 2024"
<br><br><br>string(13) "carollremigio"
string(26) "Cantidad de follows = 1062"
<br><br><br>string(20) "txcambioeturismo_rio"
string(26) "Cantidad de follows = 1288"
<br><br><br>string(13) "riveauxmerino"
string(26) "Cantidad de follows = 5409"
<br><br><br>string(15) "carneslaceleste"
string(26) "Cantidad de follows = 2694"
<br><br><br>string(11) "heroairsoft"
string(26) "Cantidad de follows = 3842"
<br><br><br>string(19) "brechoandreaventuro"
string(27) "Cantidad de follows = 36612"
<br><br><br>string(9) "samiilly_"
string(27) "Cantidad de follows = 18217"
<br><br><br>string(14) "luigi_bemporad"
string(24) "Cantidad de follows = 54"
<br><br><br>string(13) "luiz_skydiver"
string(26) "Cantidad de follows = 9823"
<br><br><br>string(15) "luanmachado.arq"
string(26) "Cantidad de follows = 1838"
<br><br><br>string(12) "kaikfariastv"
string(26) "Cantidad de follows = 2138"
<br><br><br>string(16) "colegioguarapuvu"
string(23) "Cantidad de follows = 1"
<br><br><br>string(9) "guarapuvu"
string(26) "Cantidad de follows = 3107"
<br><br><br>string(13) "purocafajeste"
string(27) "Cantidad de follows = 34181"
<br><br><br>string(11) "a_deziderio"
string(26) "Cantidad de follows = 2068"
<br><br><br>object(stdClass)#120 (2) {
  ["id"]=>
  string(5) "29171"
  ["login"]=>
  string(16) "ranchotalisma_mg"
}
object(stdClass)#222 (2) {
  ["id"]=>
  string(5) "29178"
  ["login"]=>
  string(16) "maryana_araujooc"
}
string(13) "vitormagnusss"
string(27) "Cantidad de follows = 42394"
<br><br><br>string(20) "franciscosilva_alves"
string(25) "Cantidad de follows = 266"
<br><br><br>string(17) "mrandersonalmeida"
string(26) "Cantidad de follows = 6387"
<br><br><br>string(10) "inovaluxrj"
string(25) "Cantidad de follows = 189"
<br><br><br>string(17) "mixturinhafashion"
string(26) "Cantidad de follows = 2224"
<br><br><br>string(22) "danelonprimeacessorios"
string(26) "Cantidad de follows = 4814"
<br><br><br>object(stdClass)#236 (2) {
  ["id"]=>
  string(5) "29219"
  ["login"]=>
  string(7) "ruivabr"
}
string(17) "luizjatobaoficial"
string(27) "Cantidad de follows = 10022"
<br><br><br>string(8) "thhai97_"
string(26) "Cantidad de follows = 1632"
<br><br><br>string(10) "tiago_kuhn"
string(26) "Cantidad de follows = 2282"
<br><br><br>object(stdClass)#82 (2) {
  ["id"]=>
  string(5) "29228"
  ["login"]=>
  string(13) "tiolavinicius"
}
string(15) "crisoliveiravmk"
string(26) "Cantidad de follows = 2244"
<br><br><br>string(15) "wesleymichelini"
string(26) "Cantidad de follows = 2013"
<br><br><br>string(18) "raphaelacapobiango"
string(26) "Cantidad de follows = 5643"
<br><br><br>string(11) "castrolucas"
string(26) "Cantidad de follows = 3587"
<br><br><br>string(16) "masseriniosteria"
string(26) "Cantidad de follows = 6361"
<br><br><br>string(10) "alvesgilli"
string(26) "Cantidad de follows = 2003"
<br><br><br>string(10) "felippetur"
string(27) "Cantidad de follows = 20623"
<br><br><br>string(25) "rodrigo.embraconconsorcio"
string(26) "Cantidad de follows = 6274"
<br><br><br>string(14) "naotolendoisso"
string(26) "Cantidad de follows = 3589"
<br><br><br>string(24) "elizabet_insurance_agent"
string(25) "Cantidad de follows = 932"
<br><br><br>string(12) "elestore.rio"
string(26) "Cantidad de follows = 1867"
<br><br><br>string(14) "joannaa_aguiar"
string(25) "Cantidad de follows = 562"
<br><br><br>string(12) "ale.mmartins"
string(26) "Cantidad de follows = 1281"
<br><br><br>string(14) "ricvrdomoraes_"
string(26) "Cantidad de follows = 4108"
<br><br><br>string(16) "psgacademyrecife"
string(26) "Cantidad de follows = 4477"
<br><br><br>string(11) "diasluciano"
string(27) "Cantidad de follows = 16807"
<br><br><br>string(15) "othmanejennaoui"
string(27) "Cantidad de follows = 10954"
<br><br><br>string(14) "andresza_ramos"
string(26) "Cantidad de follows = 2006"
<br><br><br>string(23) "estetica.michelecamargo"
string(26) "Cantidad de follows = 3544"
<br><br><br>string(19) "fernandalima.decora"
string(26) "Cantidad de follows = 2141"
<br><br><br>string(13) "ghanabranding"
string(26) "Cantidad de follows = 6779"
<br><br><br>string(16) "binhorodriguess_"
string(26) "Cantidad de follows = 3543"
<br><br><br>string(14) "theblondedetox"
string(26) "Cantidad de follows = 3721"
<br><br><br>string(19) "oficialwinnieamaral"
string(27) "Cantidad de follows = 23893"
<br><br><br>string(19) "pezinhofirmenarocha"
string(28) "Cantidad de follows = 116244"
<br><br><br>string(11) "meempreenda"
string(26) "Cantidad de follows = 3632"
<br><br><br>string(14) "joseluizpontes"
string(25) "Cantidad de follows = 996"
<br><br><br>object(stdClass)#129 (2) {
  ["id"]=>
  string(5) "29486"
  ["login"]=>
  string(15) "eduarda.neves13"
}
object(stdClass)#102 (2) {
  ["id"]=>
  string(5) "29498"
  ["login"]=>
  string(20) "orlamodapraiaoficial"
}
string(17) "advocacia_messias"
string(26) "Cantidad de follows = 3297"
<br><br><br>string(18) "allbotequipamentos"
string(26) "Cantidad de follows = 2916"
<br><br><br>string(20) "emersonlopeshoficial"
string(27) "Cantidad de follows = 12588"
<br><br><br>string(11) "raissataini"
string(27) "Cantidad de follows = 36906"
<br><br><br>object(stdClass)#79 (2) {
  ["id"]=>
  string(5) "29527"
  ["login"]=>
  string(13) "menezesandree"
}
string(10) "vivianeneu"
string(27) "Cantidad de follows = 28779"
<br><br><br>object(stdClass)#79 (2) {
  ["id"]=>
  string(5) "29541"
  ["login"]=>
  string(8) "dhougie_"
}
string(24) "andressamakeup_penteados"
string(26) "Cantidad de follows = 3048"
<br><br><br>string(13) "iracemaallves"
string(26) "Cantidad de follows = 7387"
<br><br><br>string(11) "renannunes2"
string(26) "Cantidad de follows = 5040"
<br><br><br>string(14) "natha.estetica"
string(26) "Cantidad de follows = 1897"
<br><br><br>string(19) "j.a.estudiodebeleza"
string(25) "Cantidad de follows = 189"
<br><br><br>string(12) "grafianafoto"
string(26) "Cantidad de follows = 9045"
<br><br><br>string(19) "thespacetimeripples"
string(26) "Cantidad de follows = 3342"
<br><br><br>string(14) "rubia_martinss"
string(28) "Cantidad de follows = 107547"
<br><br><br>string(23) "joseguilherme.consultor"
string(26) "Cantidad de follows = 1197"
<br><br><br>string(14) "emporiodifiori"
string(26) "Cantidad de follows = 2258"
<br><br><br>string(21) "viajandonaarquitetura"
string(26) "Cantidad de follows = 5056"
<br><br><br>string(14) "elitecenterfoz"
string(26) "Cantidad de follows = 2392"
<br><br><br>string(10) "yancasilva"
string(26) "Cantidad de follows = 3834"
<br><br><br>string(15) "doceriaanaester"
string(26) "Cantidad de follows = 3903"
<br><br><br>string(10) "kathguedes"
string(27) "Cantidad de follows = 43073"
<br><br><br>string(13) "tubaraocenter"
string(26) "Cantidad de follows = 6320"
<br><br><br>object(stdClass)#124 (2) {
  ["id"]=>
  string(5) "29702"
  ["login"]=>
  string(6) "zayrnm"
}
string(9) "chefeeddy"
string(27) "Cantidad de follows = 14205"
<br><br><br>string(10) "acasadecat"
string(27) "Cantidad de follows = 11432"
<br><br><br>string(20) "oficialforroperfeito"
string(27) "Cantidad de follows = 49550"
<br><br><br>string(14) "orabolasbrecho"
string(26) "Cantidad de follows = 2991"
<br><br><br>string(11) "thekingboy_"
string(27) "Cantidad de follows = 17738"
<br><br><br>string(15) "vanessa.wysocki"
string(26) "Cantidad de follows = 3585"
<br><br><br>string(11) "rique.silva"
string(26) "Cantidad de follows = 4981"
<br><br><br>string(22) "gabriellacarvalhostore"
string(27) "Cantidad de follows = 33977"
<br><br><br>string(14) "lojanowfitness"
string(26) "Cantidad de follows = 3971"
<br><br><br>string(8) "mapoiani"
string(26) "Cantidad de follows = 6134"
<br><br><br>string(14) "salaostudiosbc"
string(26) "Cantidad de follows = 1793"
<br><br><br>string(19) "studying_the_secret"
string(26) "Cantidad de follows = 2800"
<br><br><br>string(23) "studiohairinternacional"
string(26) "Cantidad de follows = 5390"
<br><br><br>string(9) "ahdireito"
string(26) "Cantidad de follows = 5424"
<br><br><br>string(7) "kabonkk"
string(26) "Cantidad de follows = 4027"
<br><br><br>string(10) "companyate"
string(25) "Cantidad de follows = 112"
<br><br><br>string(12) "djdavisantos"
string(26) "Cantidad de follows = 8407"
<br><br><br>string(14) "rafaellmoraess"
string(25) "Cantidad de follows = 842"
<br><br><br>string(22) "syflariluminacaoimport"
string(26) "Cantidad de follows = 1882"
<br><br><br>object(stdClass)#192 (2) {
  ["id"]=>
  string(5) "29883"
  ["login"]=>
  string(12) "grupo.efraim"
}
object(stdClass)#15 (2) {
  ["id"]=>
  string(5) "29884"
  ["login"]=>
  string(17) "efraimhoteleflats"
}
string(30) "rpcontrollerinsetodedetizadora"
string(25) "Cantidad de follows = 165"
<br><br><br>string(12) "raunierporto"
string(26) "Cantidad de follows = 3100"
<br><br><br>string(11) "marciabotam"
string(26) "Cantidad de follows = 3861"
<br><br><br>object(stdClass)#195 (2) {
  ["id"]=>
  string(5) "29901"
  ["login"]=>
  string(8) "1jonhbjj"
}
object(stdClass)#188 (2) {
  ["id"]=>
  string(5) "29918"
  ["login"]=>
  string(9) "odeiopera"
}
object(stdClass)#195 (2) {
  ["id"]=>
  string(5) "29932"
  ["login"]=>
  string(11) "eufeearruda"
}
string(11) "tclaranunes"
string(26) "Cantidad de follows = 1804"
<br><br><br>string(19) "alaskaclothingstore"
string(26) "Cantidad de follows = 2291"
<br><br><br>string(14) "gkt_kickboxing"
string(26) "Cantidad de follows = 1644"
<br><br><br>string(19) "character.design.gk"
string(26) "Cantidad de follows = 1184"
<br><br><br>object(stdClass)#83 (2) {
  ["id"]=>
  string(5) "29964"
  ["login"]=>
  string(12) "blogdoarinos"
}
object(stdClass)#152 (2) {
  ["id"]=>
  string(5) "29965"
  ["login"]=>
  string(12) "bela.morenaa"
}
string(24) "leandroquelucifotografia"
string(26) "Cantidad de follows = 3199"
<br><br><br>string(19) "generalstorefitness"
string(26) "Cantidad de follows = 3815"
<br><br><br>string(15) "acervomodasda44"
string(26) "Cantidad de follows = 5695"
<br><br><br>string(12) "mama_costhay"
string(26) "Cantidad de follows = 4875"
<br><br><br>string(17) "ginetom_rodrigues"
string(26) "Cantidad de follows = 7981"
<br><br><br>string(13) "brunnooctavio"
string(25) "Cantidad de follows = 981"
<br><br><br>object(stdClass)#192 (2) {
  ["id"]=>
  string(5) "29996"
  ["login"]=>
  string(12) "doug0liveira"
}
string(10) "gutt_carol"
string(27) "Cantidad de follows = 12048"
<br><br><br>string(9) "hulkdutra"
string(27) "Cantidad de follows = 13389"
<br><br><br>string(16) "camilaguerreiroo"
string(26) "Cantidad de follows = 2374"
<br><br><br>string(15) "sandymakecabelo"
string(26) "Cantidad de follows = 6651"
<br><br><br>string(15) "copaciadvogados"
string(25) "Cantidad de follows = 678"
<br><br><br>string(18) "diegocamargotattoo"
string(26) "Cantidad de follows = 3344"
<br><br><br>string(17) "entretenimento.pe"
string(26) "Cantidad de follows = 3421"
<br><br><br>string(17) "alicemelomakehair"
string(26) "Cantidad de follows = 6789"
<br><br><br>object(stdClass)#48 (2) {
  ["id"]=>
  string(5) "30051"
  ["login"]=>
  string(11) "tuguinha.tv"
}
string(13) "rentar.com.do"
string(27) "Cantidad de follows = 11612"
<br><br><br>string(15) "eriosvaldodiniz"
string(26) "Cantidad de follows = 1627"
<br><br><br>string(11) "gustavo_ono"
string(26) "Cantidad de follows = 5516"
<br><br><br>string(15) "canilredbroncos"
string(26) "Cantidad de follows = 1882"
<br><br><br>string(9) "_brokerst"
string(25) "Cantidad de follows = 302"
<br><br><br>string(14) "lifeprojectone"
string(26) "Cantidad de follows = 1893"
<br><br><br>string(16) "disfranco.motors"
string(26) "Cantidad de follows = 3122"
<br><br><br>string(6) "bomf17"
string(25) "Cantidad de follows = 877"
<br><br><br>string(12) "aliicemello_"
string(26) "Cantidad de follows = 2539"
<br><br><br>string(11) "_bellaforma"
string(27) "Cantidad de follows = 71483"
<br><br><br>string(10) "bruruschel"
string(27) "Cantidad de follows = 11903"
<br><br><br>string(9) "murilooc7"
string(26) "Cantidad de follows = 4579"
<br><br><br>string(9) "a7madov95"
string(25) "Cantidad de follows = 246"
<br><br><br>string(7) "a_mayla"
string(25) "Cantidad de follows = 750"
<br><br><br>string(13) "lidiafeitosa4"
string(26) "Cantidad de follows = 2804"
<br><br><br>string(10) "smokeseila"
string(25) "Cantidad de follows = 649"
<br><br><br>string(10) "rikdelucca"
string(26) "Cantidad de follows = 3681"
<br><br><br>string(19) "corretoracavalcante"
string(25) "Cantidad de follows = 842"
<br><br><br>object(stdClass)#210 (2) {
  ["id"]=>
  string(5) "30218"
  ["login"]=>
  string(14) "thaisaschayder"
}
string(13) "hueskerbrasil"
string(26) "Cantidad de follows = 3846"
<br><br><br>string(22) "rodrigoranchodascabras"
string(25) "Cantidad de follows = 959"
<br><br><br>object(stdClass)#152 (2) {
  ["id"]=>
  string(5) "30232"
  ["login"]=>
  string(15) "arisson_jessica"
}
object(stdClass)#70 (2) {
  ["id"]=>
  string(5) "30257"
  ["login"]=>
  string(13) "nathaly_llima"
}
string(21) "laraharantes.piercing"
string(26) "Cantidad de follows = 3225"
<br><br><br>string(11) "maitemellim"
string(26) "Cantidad de follows = 1955"
<br><br><br>string(10) "criptobraz"
string(25) "Cantidad de follows = 710"
<br><br><br>string(14) "meuprojeto.fit"
string(26) "Cantidad de follows = 2138"
<br><br><br>object(stdClass)#33 (2) {
  ["id"]=>
  string(5) "30286"
  ["login"]=>
  string(15) "cmo_odontologia"
}
object(stdClass)#84 (2) {
  ["id"]=>
  string(5) "30293"
  ["login"]=>
  string(14) "ketellenfelix1"
}
string(14) "biel_do_cavaco"
string(27) "Cantidad de follows = 19348"
<br><br><br>object(stdClass)#84 (2) {
  ["id"]=>
  string(5) "30299"
  ["login"]=>
  string(9) "netto_ull"
}
string(11) "nandokounat"
string(27) "Cantidad de follows = 19479"
<br><br><br>object(stdClass)#84 (2) {
  ["id"]=>
  string(5) "30317"
  ["login"]=>
  string(14) "easyartgrafica"
}
string(15) "studio_beauty15"
string(26) "Cantidad de follows = 1041"
<br><br><br>string(18) "julio_sosa_imoveis"
string(25) "Cantidad de follows = 797"
<br><br><br>string(10) "canelihome"
string(26) "Cantidad de follows = 3738"
<br><br><br>string(9) "josergm86"
string(26) "Cantidad de follows = 7210"
<br><br><br>string(11) "katiaalbany"
string(26) "Cantidad de follows = 4716"
<br><br><br>string(11) "leandramora"
string(26) "Cantidad de follows = 4784"
<br><br><br>object(stdClass)#53 (2) {
  ["id"]=>
  string(5) "30380"
  ["login"]=>
  string(7) "_lrnnym"
}
string(17) "festivalnovomundo"
string(26) "Cantidad de follows = 4477"
<br><br><br>string(10) "odavilemos"
string(27) "Cantidad de follows = 13356"
<br><br><br>string(20) "clebsonfrancaoficial"
string(26) "Cantidad de follows = 2230"
<br><br><br>string(15) "mamaesemmanuais"
string(27) "Cantidad de follows = 11469"
<br><br><br>string(13) "victorcastelo"
string(26) "Cantidad de follows = 1190"
<br><br><br>string(17) "fabricio.physique"
string(27) "Cantidad de follows = 11788"
<br><br><br>string(15) "rafaelfsantanaa"
string(25) "Cantidad de follows = 755"
<br><br><br>object(stdClass)#82 (2) {
  ["id"]=>
  string(5) "30436"
  ["login"]=>
  string(15) "kawlicheski1993"
}
string(10) "facamerirr"
string(26) "Cantidad de follows = 3403"
<br><br><br>string(10) "linoamanda"
string(27) "Cantidad de follows = 10124"
<br><br><br>string(10) "_lorecosta"
string(26) "Cantidad de follows = 2104"
<br><br><br>string(21) "clara.goldenretriever"
string(26) "Cantidad de follows = 3619"
<br><br><br>string(14) "andre.grupoark"
string(26) "Cantidad de follows = 4184"
<br><br><br>object(stdClass)#228 (2) {
  ["id"]=>
  string(5) "30478"
  ["login"]=>
  string(13) "espacoubaense"
}
string(14) "photoboxbrasil"
string(26) "Cantidad de follows = 2841"
<br><br><br>string(13) "luiara_helmer"
string(26) "Cantidad de follows = 5024"
<br><br><br>string(7) "dul_fcy"
string(26) "Cantidad de follows = 3009"
<br><br><br>string(26) "emporiodapapinhasantoandre"
string(26) "Cantidad de follows = 5528"
<br><br><br>string(15) "rayanemarchetta"
string(26) "Cantidad de follows = 1713"
<br><br><br>string(13) "karol_nunes00"
string(26) "Cantidad de follows = 3590"
<br><br><br>string(10) "apedesign_"
string(26) "Cantidad de follows = 2740"
<br><br><br>string(9) "danilelah"
string(26) "Cantidad de follows = 5254"
<br><br><br>string(8) "kevinm5m"
string(26) "Cantidad de follows = 7353"
<br><br><br>string(12) "noahestetica"
string(26) "Cantidad de follows = 8834"
<br><br><br>string(9) "casadovaz"
string(26) "Cantidad de follows = 7366"
<br><br><br>string(8) "arena7bh"
string(26) "Cantidad de follows = 4392"
<br><br><br>object(stdClass)#19 (2) {
  ["id"]=>
  string(5) "30581"
  ["login"]=>
  string(13) "mathoficialbr"
}
string(17) "jonatas.batistela"
string(27) "Cantidad de follows = 16028"
<br><br><br>string(10) "queirozloo"
string(26) "Cantidad de follows = 3696"
<br><br><br>object(stdClass)#185 (2) {
  ["id"]=>
  string(5) "30593"
  ["login"]=>
  string(12) "rogersiiilva"
}
string(11) "marci0viana"
string(26) "Cantidad de follows = 1313"
<br><br><br>string(16) "chefsheiladuarte"
string(26) "Cantidad de follows = 1041"
<br><br><br>string(8) "itsredtv"
string(27) "Cantidad de follows = 44888"
<br><br><br>object(stdClass)#62 (2) {
  ["id"]=>
  string(5) "30622"
  ["login"]=>
  string(8) "lorisfaz"
}
object(stdClass)#170 (2) {
  ["id"]=>
  string(5) "30623"
  ["login"]=>
  string(20) "emagrecer_ja_oficial"
}
string(19) "tamyparadorneptunia"
string(26) "Cantidad de follows = 5865"
<br><br><br>string(9) "gabicoach"
string(26) "Cantidad de follows = 3475"
<br><br><br>object(stdClass)#130 (2) {
  ["id"]=>
  string(5) "30648"
  ["login"]=>
  string(14) "amanda3santana"
}
string(8) "crecleao"
string(26) "Cantidad de follows = 3248"
<br><br><br>string(10) "elluhalves"
string(26) "Cantidad de follows = 5196"
<br><br><br>string(18) "mixsushicafebistek"
string(26) "Cantidad de follows = 5915"
<br><br><br>string(16) "f1ciaimobiliaria"
string(26) "Cantidad de follows = 3355"
<br><br><br>string(15) "vitor_honorato3"
string(26) "Cantidad de follows = 1136"
<br><br><br>string(13) "veneno_daseda"
string(26) "Cantidad de follows = 2075"
<br><br><br>string(10) "mc2turismo"
string(27) "Cantidad de follows = 17842"
<br><br><br>string(19) "erickakamineoficial"
string(26) "Cantidad de follows = 6605"
<br><br><br>string(11) "fredmunizrj"
string(26) "Cantidad de follows = 1557"
<br><br><br>object(stdClass)#120 (2) {
  ["id"]=>
  string(5) "30718"
  ["login"]=>
  string(16) "luis.fernando.br"
}
string(17) "drasheilawatanabe"
string(26) "Cantidad de follows = 1824"
<br><br><br>string(12) "laysasmacedo"
string(26) "Cantidad de follows = 2853"
<br><br><br>string(17) "creativapapelaria"
string(25) "Cantidad de follows = 332"
<br><br><br>string(11) "aondeiremsp"
string(27) "Cantidad de follows = 25673"
<br><br><br>object(stdClass)#84 (2) {
  ["id"]=>
  string(5) "30815"
  ["login"]=>
  string(6) "79_app"
}
string(15) "dioceliogoulart"
string(27) "Cantidad de follows = 19132"
<br><br><br>string(15) "victorperazzini"
string(26) "Cantidad de follows = 2592"
<br><br><br>string(12) "alberto_test"
string(25) "Cantidad de follows = 308"
<br><br><br>string(13) "fassegseguros"
string(26) "Cantidad de follows = 7088"
<br><br><br>string(18) "giovanni.consultor"
string(25) "Cantidad de follows = 955"
<br><br><br>string(17) "coach.jorgeamorim"
string(26) "Cantidad de follows = 1000"
<br><br><br>string(16) "blessedmaemequer"
string(27) "Cantidad de follows = 17598"
<br><br><br>string(15) "baile_de_camelo"
string(25) "Cantidad de follows = 765"
<br><br><br>string(13) "dentistabruna"
string(25) "Cantidad de follows = 194"
<br><br><br>string(11) "chicomorais"
string(26) "Cantidad de follows = 4621"
<br><br><br>string(13) "adrianemayumi"
string(27) "Cantidad de follows = 14164"
<br><br><br>string(14) "dresscode.byrm"
string(25) "Cantidad de follows = 234"
<br><br><br>object(stdClass)#220 (2) {
  ["id"]=>
  string(5) "30911"
  ["login"]=>
  string(15) "alynemultiforme"
}
string(15) "ehpralaqueeuvou"
string(26) "Cantidad de follows = 1258"
<br><br><br>string(14) "douglasvwalker"
string(26) "Cantidad de follows = 1793"
<br><br><br>string(8) "dazz.777"
string(26) "Cantidad de follows = 1005"
<br><br><br>string(14) "rafaella_neves"
string(26) "Cantidad de follows = 3754"
<br><br><br>string(8) "soueuwal"
string(26) "Cantidad de follows = 1639"
<br><br><br>string(22) "lacosdasmeninasoficial"
string(26) "Cantidad de follows = 2237"
<br><br><br>string(13) "talitamcostta"
string(25) "Cantidad de follows = 583"
<br><br><br>object(stdClass)#127 (2) {
  ["id"]=>
  string(5) "30989"
  ["login"]=>
  string(8) "pionunes"
}
string(18) "confeitariadagabi_"
string(24) "Cantidad de follows = 63"
<br><br><br>string(14) "brunoalvarez.1"
string(25) "Cantidad de follows = 590"
<br><br><br>string(10) "1989closet"
string(26) "Cantidad de follows = 5837"
<br><br><br>string(12) "jumota_decor"
string(26) "Cantidad de follows = 1700"
<br><br><br>string(16) "marmitinhaslight"
string(26) "Cantidad de follows = 2654"
<br><br><br>string(24) "leoart_desing_paisagismo"
string(26) "Cantidad de follows = 6345"
<br><br><br>string(14) "carolfroemming"
string(26) "Cantidad de follows = 7152"
<br><br><br>string(16) "priscila_assilva"
string(25) "Cantidad de follows = 611"
<br><br><br>object(stdClass)#11 (2) {
  ["id"]=>
  string(5) "31080"
  ["login"]=>
  string(9) "chio18789"
}
string(13) "kasamor_store"
string(26) "Cantidad de follows = 2340"
<br><br><br>string(13) "thamysilva201"
string(26) "Cantidad de follows = 4032"
<br><br><br>string(10) "alexrssp12"
string(25) "Cantidad de follows = 313"
<br><br><br>string(14) "silvio.cesarjr"
string(24) "Cantidad de follows = 56"
<br><br><br>string(12) "levis_tudouu"
string(27) "Cantidad de follows = 16503"
<br><br><br>string(8) "euogomez"
string(26) "Cantidad de follows = 2491"
<br><br><br>string(14) "amorefeoficial"
string(26) "Cantidad de follows = 5154"
<br><br><br>string(15) "studioambientes"
string(27) "Cantidad de follows = 14512"
<br><br><br>string(12) "gomilkbrasil"
string(26) "Cantidad de follows = 1056"
<br><br><br>string(13) "gomed.digital"
string(26) "Cantidad de follows = 2298"
<br><br><br>object(stdClass)#192 (2) {
  ["id"]=>
  string(5) "31133"
  ["login"]=>
  string(6) "lv_luh"
}
string(8) "curyamin"
string(25) "Cantidad de follows = 762"
<br><br><br>string(11) "stancefight"
string(27) "Cantidad de follows = 33598"
<br><br><br>string(19) "medconsultingbrasil"
string(27) "Cantidad de follows = 11969"
<br><br><br>string(3) "usa"
string(26) "Cantidad de follows = 4638"
<br><br><br>string(8) "voa_hati"
string(26) "Cantidad de follows = 2962"
<br><br><br>string(10) "yasmincgr_"
string(26) "Cantidad de follows = 1096"
<br><br><br>string(14) "kharlos_soares"
string(25) "Cantidad de follows = 204"
<br><br><br>string(19) "chrystopher.gabriel"
string(25) "Cantidad de follows = 329"
<br><br><br>string(7) "nega.93"
string(27) "Cantidad de follows = 10815"
<br><br><br>string(13) "cahrlossoares"
string(24) "Cantidad de follows = 61"
<br><br><br>string(8) "emillymv"
string(26) "Cantidad de follows = 4085"
<br><br><br>string(11) "_j.o.a.o___"
string(25) "Cantidad de follows = 187"
<br><br><br>string(14) "antonioportes_"
string(25) "Cantidad de follows = 232"
<br><br><br>string(14) "samo_oliveiraa"
string(25) "Cantidad de follows = 776"
<br><br><br>string(12) "aleehzinho_t"
string(25) "Cantidad de follows = 172"
<br><br><br>string(15) "jonasfahelysson"
string(26) "Cantidad de follows = 6904"
<br><br><br>string(13) "mari_azeredo_"
string(25) "Cantidad de follows = 762"
<br><br><br>string(18) "clinicaformighieri"
string(26) "Cantidad de follows = 2198"
<br><br><br>string(10) "guiturner_"
string(26) "Cantidad de follows = 8884"
<br><br><br>string(14) "carloskpulling"
string(28) "Cantidad de follows = 112221"
<br><br><br>string(10) "oppaviajei"
string(25) "Cantidad de follows = 744"
<br><br><br>string(15) "jujucoelhopinto"
string(27) "Cantidad de follows = 28191"
<br><br><br>string(13) "gersonaraujo_"
string(26) "Cantidad de follows = 2262"
<br><br><br>object(stdClass)#162 (2) {
  ["id"]=>
  string(5) "31318"
  ["login"]=>
  string(11) "josiasnetoo"
}
string(19) "blogsairdozeroagora"
string(26) "Cantidad de follows = 1258"
<br><br><br>object(stdClass)#162 (2) {
  ["id"]=>
  string(5) "31325"
  ["login"]=>
  string(18) "neonprodutorapromo"
}
object(stdClass)#178 (2) {
  ["id"]=>
  string(5) "31326"
  ["login"]=>
  string(6) "djrat_"
}
object(stdClass)#162 (2) {
  ["id"]=>
  string(5) "31337"
  ["login"]=>
  string(23) "anderson_diego_oliveira"
}
string(19) "anacarlarodrigues19"
string(26) "Cantidad de follows = 3093"
<br><br><br>object(stdClass)#162 (2) {
  ["id"]=>
  string(5) "31346"
  ["login"]=>
  string(15) "siimoneepereira"
}
string(13) "jubart_design"
string(25) "Cantidad de follows = 638"
<br><br><br>string(19) "bellkeyprofessional"
string(26) "Cantidad de follows = 1718"
<br><br><br>string(8) "ealine._"
string(26) "Cantidad de follows = 4781"
<br><br><br>object(stdClass)#116 (2) {
  ["id"]=>
  string(5) "31383"
  ["login"]=>
  string(8) "wheresje"
}
object(stdClass)#192 (2) {
  ["id"]=>
  string(5) "31394"
  ["login"]=>
  string(12) "ronyfgomesss"
}
string(16) "jhonatha_feitosa"
string(26) "Cantidad de follows = 1186"
<br><br><br>string(15) "blena.nathallya"
string(26) "Cantidad de follows = 1092"
<br><br><br>string(10) "edersonflx"
string(26) "Cantidad de follows = 6855"
<br><br><br>string(23) "tridorimpermebializacao"
string(25) "Cantidad de follows = 249"
<br><br><br>string(9) "jehdpires"
string(25) "Cantidad de follows = 801"
<br><br><br>string(18) "emagrecer_agora.br"
string(26) "Cantidad de follows = 1197"
<br><br><br>string(9) "caio_luka"
string(25) "Cantidad de follows = 346"
<br><br><br>string(10) "brasil.anb"
string(25) "Cantidad de follows = 719"
<br><br><br>string(19) "jeanpiresfotografia"
string(26) "Cantidad de follows = 1106"
<br><br><br>object(stdClass)#147 (2) {
  ["id"]=>
  string(5) "31483"
  ["login"]=>
  string(12) "canutoandree"
}
string(15) "charles_gsilvaa"
string(26) "Cantidad de follows = 1880"
<br><br><br>string(15) "theluccassantos"
string(26) "Cantidad de follows = 1161"
<br><br><br>string(10) "biih_faith"
string(26) "Cantidad de follows = 1464"
<br><br><br>string(18) "leonardomonteiro00"
string(25) "Cantidad de follows = 894"
<br><br><br>string(17) "carlafagundesblog"
string(26) "Cantidad de follows = 6214"
<br><br><br>string(13) "aguedamaurien"
string(26) "Cantidad de follows = 2599"
<br><br><br>string(13) "pedrosagfteam"
string(26) "Cantidad de follows = 1886"
<br><br><br>string(9) "eusoudaro"
string(26) "Cantidad de follows = 1659"
<br><br><br>string(14) "caiquefregnani"
string(27) "Cantidad de follows = 11041"
<br><br><br>string(14) "heitorsoares.c"
string(26) "Cantidad de follows = 8029"
<br><br><br>string(21) "mulheres_que_se_amam_"
string(24) "Cantidad de follows = 74"
<br><br><br>string(17) "marco.suplementos"
string(27) "Cantidad de follows = 10134"
<br><br><br>string(8) "tetovivo"
string(26) "Cantidad de follows = 2073"
<br><br><br>string(14) "andrewanderley"
string(26) "Cantidad de follows = 3686"
<br><br><br>string(9) "vitormc83"
string(25) "Cantidad de follows = 175"
<br><br><br>string(8) "_lsilvva"
string(26) "Cantidad de follows = 6373"
<br><br><br>string(17) "clube_das_gostosa"
string(26) "Cantidad de follows = 2267"
<br><br><br>string(17) "esteticista_julia"
string(25) "Cantidad de follows = 642"
<br><br><br>string(10) "kauadellon"
string(26) "Cantidad de follows = 1065"
<br><br><br>string(20) "divulgageraisoficial"
string(27) "Cantidad de follows = 21061"
<br><br><br>string(18) "dr.grimaldobicalho"
string(26) "Cantidad de follows = 1732"
<br><br><br>object(stdClass)#182 (2) {
  ["id"]=>
  string(5) "31679"
  ["login"]=>
  string(13) "eiandrecanuto"
}
string(10) "mariodj.uy"
string(26) "Cantidad de follows = 2121"
<br><br><br>string(14) "stephanmarinho"
string(26) "Cantidad de follows = 7083"
<br><br><br>string(9) "misouza07"
string(25) "Cantidad de follows = 720"
<br><br><br>string(16) "glaubritooficial"
string(26) "Cantidad de follows = 2282"
<br><br><br>string(18) "anacarolinefavacho"
string(26) "Cantidad de follows = 1166"
<br><br><br>string(17) "natpharmafarmacia"
string(25) "Cantidad de follows = 792"
<br><br><br>string(13) "tablesdecorpy"
string(25) "Cantidad de follows = 690"
<br><br><br>string(18) "julianasilvaespaco"
string(26) "Cantidad de follows = 1249"
<br><br><br>string(22) "alice_carvalho_oficial"
string(26) "Cantidad de follows = 1763"
<br><br><br>string(14) "juliaparanhos_"
string(27) "Cantidad de follows = 41402"
<br><br><br>string(18) "rannabeckeroficial"
string(27) "Cantidad de follows = 20264"
<br><br><br>string(13) "gomesterapias"
string(27) "Cantidad de follows = 48773"
<br><br><br>string(3) "ola"
string(26) "Cantidad de follows = 2896"
<br><br><br>string(10) "filhoteeco"
string(27) "Cantidad de follows = 32717"
<br><br><br>object(stdClass)#81 (2) {
  ["id"]=>
  string(5) "31757"
  ["login"]=>
  string(15) "umbr_no_youtube"
}
string(12) "jeff_valerio"
string(25) "Cantidad de follows = 450"
<br><br><br>string(12) "calmbunnypet"
string(25) "Cantidad de follows = 635"
<br><br><br>string(9) "equipe.dx"
string(26) "Cantidad de follows = 2480"
<br><br><br>string(11) "mr.andyarte"
string(25) "Cantidad de follows = 399"
<br><br><br>string(12) "401loungebar"
string(26) "Cantidad de follows = 6832"
<br><br><br>string(14) "edinhotattoojc"
string(27) "Cantidad de follows = 10987"
<br><br><br>string(16) "claudio__soaress"
string(25) "Cantidad de follows = 153"
<br><br><br>string(17) "eduardo_purapesca"
string(28) "Cantidad de follows = 118719"
<br><br><br>string(18) "psi.brunarodrigues"
string(25) "Cantidad de follows = 219"
<br><br><br>string(14) "dillyscoralick"
string(26) "Cantidad de follows = 8003"
<br><br><br>string(15) "vitorhugomsouza"
string(25) "Cantidad de follows = 219"
<br><br><br>string(21) "maktubemiratessbrasil"
string(25) "Cantidad de follows = 280"
<br><br><br>string(8) "opldecor"
string(25) "Cantidad de follows = 270"
<br><br><br>string(8) "yslaoker"
string(24) "Cantidad de follows = 16"
<br><br><br>string(15) "brunoxavierhair"
string(27) "Cantidad de follows = 14539"
<br><br><br>string(12) "thaaysbastos"
string(26) "Cantidad de follows = 6833"
<br><br><br>string(11) "intensicare"
string(23) "Cantidad de follows = 6"
<br><br><br>string(13) "duodiscomusic"
string(27) "Cantidad de follows = 49357"
<br><br><br>\n<br>JOB DONE!!!<br>\n2018-10-24 07:55:28am