DAILY REPORT Inited...!<br>
2018-10-20 06:30:01am<br>
string(14) "alberto_dreyes"
string(27) "Cantidad de follows = 14366"
<br><br><br>string(19) "opiniaoconservadora"
string(27) "Cantidad de follows = 58709"
<br><br><br>string(17) "sibitecomunicacao"
string(27) "Cantidad de follows = 10233"
<br><br><br>string(11) "mo.taniguti"
string(27) "Cantidad de follows = 20819"
<br><br><br>object(stdClass)#30 (2) {
  ["id"]=>
  string(3) "146"
  ["login"]=>
  string(12) "auepromocoes"
}
string(23) "jeunesse_bycrislafratta"
string(25) "Cantidad de follows = 185"
<br><br><br>string(12) "lily.s.alves"
string(26) "Cantidad de follows = 2081"
<br><br><br>string(10) "powerlook_"
string(27) "Cantidad de follows = 60983"
<br><br><br>object(stdClass)#12 (2) {
  ["id"]=>
  string(3) "245"
  ["login"]=>
  string(18) "xodozinho.retratos"
}
object(stdClass)#23 (2) {
  ["id"]=>
  string(3) "867"
  ["login"]=>
  string(14) "joaovictorjvb1"
}
object(stdClass)#12 (2) {
  ["id"]=>
  string(4) "1059"
  ["login"]=>
  string(8) "graverrj"
}
string(7) "ma_luco"
string(27) "Cantidad de follows = 28598"
<br><br><br>string(12) "carlloooooss"
string(26) "Cantidad de follows = 1291"
<br><br><br>string(15) "sapatodochef.pa"
string(26) "Cantidad de follows = 2367"
<br><br><br>object(stdClass)#225 (2) {
  ["id"]=>
  string(4) "2175"
  ["login"]=>
  string(10) "vireiloira"
}
string(18) "mercadomodelobahia"
string(26) "Cantidad de follows = 9042"
<br><br><br>string(11) "thayscalmon"
string(26) "Cantidad de follows = 5305"
<br><br><br>string(11) "decoremundo"
string(27) "Cantidad de follows = 14366"
<br><br><br>string(9) "decorcool"
string(23) "Cantidad de follows = 7"
<br><br><br>string(8) "fragabar"
string(26) "Cantidad de follows = 4341"
<br><br><br>object(stdClass)#198 (2) {
  ["id"]=>
  string(4) "4236"
  ["login"]=>
  string(8) "lorenaym"
}
string(11) "pamelaotero"
string(27) "Cantidad de follows = 46156"
<br><br><br>string(19) "starpointcollection"
string(27) "Cantidad de follows = 12644"
<br><br><br>string(9) "katiacsdc"
string(27) "Cantidad de follows = 18293"
<br><br><br>string(14) "grazielialvess"
string(27) "Cantidad de follows = 21539"
<br><br><br>string(22) "dra_barbaravasconcelos"
string(27) "Cantidad de follows = 24304"
<br><br><br>string(21) "comandantedochurrasco"
string(27) "Cantidad de follows = 56641"
<br><br><br>string(12) "40antesdos40"
string(27) "Cantidad de follows = 28206"
<br><br><br>string(19) "intimissimisalvador"
string(27) "Cantidad de follows = 13295"
<br><br><br>string(16) "drricardopalacio"
string(27) "Cantidad de follows = 25828"
<br><br><br>string(12) "pollyruffini"
string(26) "Cantidad de follows = 7328"
<br><br><br>string(14) "carlos_skatmar"
string(26) "Cantidad de follows = 2359"
<br><br><br>string(10) "star_point"
string(27) "Cantidad de follows = 32832"
<br><br><br>string(8) "rruizmma"
string(27) "Cantidad de follows = 47040"
<br><br><br>string(8) "dumbu.09"
string(26) "Cantidad de follows = 7674"
<br><br><br>string(14) "marcosp.medina"
string(26) "Cantidad de follows = 4041"
<br><br><br>string(11) "sandrozion7"
string(27) "Cantidad de follows = 21035"
<br><br><br>string(17) "grandville_hoteis"
string(27) "Cantidad de follows = 12701"
<br><br><br>string(11) "josiasdiass"
string(27) "Cantidad de follows = 18092"
<br><br><br>string(18) "barbaracampospalma"
string(26) "Cantidad de follows = 8701"
<br><br><br>string(9) "telless13"
string(27) "Cantidad de follows = 14043"
<br><br><br>string(13) "bandamegafire"
string(27) "Cantidad de follows = 23341"
<br><br><br>string(17) "sosoportunidade10"
string(25) "Cantidad de follows = 963"
<br><br><br>string(18) "academia_king_thai"
string(26) "Cantidad de follows = 5073"
<br><br><br>string(13) "renatafontany"
string(27) "Cantidad de follows = 33306"
<br><br><br>string(14) "cabelosaugusto"
string(27) "Cantidad de follows = 23658"
<br><br><br>string(14) "brunocerqueira"
string(27) "Cantidad de follows = 10545"
<br><br><br>string(10) "noxboymike"
string(26) "Cantidad de follows = 5457"
<br><br><br>string(20) "juliobaptistaoficial"
string(28) "Cantidad de follows = 250792"
<br><br><br>string(21) "ateliermarielamoreira"
string(27) "Cantidad de follows = 15842"
<br><br><br>object(stdClass)#63 (2) {
  ["id"]=>
  string(5) "11096"
  ["login"]=>
  string(12) "michaelletjp"
}
object(stdClass)#35 (2) {
  ["id"]=>
  string(5) "11099"
  ["login"]=>
  string(13) "agostochuvoso"
}
string(11) "insultedboy"
string(26) "Cantidad de follows = 3517"
<br><br><br>string(11) "weilla_morg"
string(25) "Cantidad de follows = 947"
<br><br><br>string(11) "raphabritoo"
string(27) "Cantidad de follows = 16065"
<br><br><br>string(10) "vinihveiga"
string(26) "Cantidad de follows = 4080"
<br><br><br>object(stdClass)#58 (2) {
  ["id"]=>
  string(5) "11131"
  ["login"]=>
  string(14) "deliciasdoronk"
}
string(16) "duuduuzinhosilva"
string(26) "Cantidad de follows = 3041"
<br><br><br>string(9) "carlosbsg"
string(25) "Cantidad de follows = 926"
<br><br><br>string(12) "danndourado0"
string(27) "Cantidad de follows = 15171"
<br><br><br>string(7) "biel312"
string(24) "Cantidad de follows = 10"
<br><br><br>string(11) "caiogrunupp"
string(26) "Cantidad de follows = 3308"
<br><br><br>string(11) "paullonunan"
string(26) "Cantidad de follows = 1436"
<br><br><br>string(12) "pablodiego15"
string(26) "Cantidad de follows = 1113"
<br><br><br>object(stdClass)#198 (2) {
  ["id"]=>
  string(5) "11230"
  ["login"]=>
  string(16) "_luferreiranunes"
}
string(14) "natan_mantelli"
string(25) "Cantidad de follows = 798"
<br><br><br>string(17) "antoniocarlos3627"
string(24) "Cantidad de follows = 44"
<br><br><br>string(11) "365_indubai"
string(27) "Cantidad de follows = 21960"
<br><br><br>object(stdClass)#13 (2) {
  ["id"]=>
  string(5) "11239"
  ["login"]=>
  string(12) "ceottosinuhe"
}
string(14) "vitoriaabritto"
string(27) "Cantidad de follows = 34121"
<br><br><br>string(11) "lojaoperapc"
string(27) "Cantidad de follows = 23897"
<br><br><br>string(12) "huealimentos"
string(26) "Cantidad de follows = 5148"
<br><br><br>string(13) "kstimportados"
string(26) "Cantidad de follows = 4384"
<br><br><br>string(7) "wi11see"
string(27) "Cantidad de follows = 11512"
<br><br><br>string(12) "s7_producoes"
string(26) "Cantidad de follows = 6005"
<br><br><br>string(12) "gabrielaribi"
string(26) "Cantidad de follows = 7617"
<br><br><br>string(17) "brunosennaimagens"
string(27) "Cantidad de follows = 13225"
<br><br><br>string(14) "maycowmontemor"
string(27) "Cantidad de follows = 32512"
<br><br><br>string(14) "alinemarcovici"
string(27) "Cantidad de follows = 18476"
<br><br><br>string(10) "junior.dev"
string(27) "Cantidad de follows = 17680"
<br><br><br>string(13) "amaassessoria"
string(26) "Cantidad de follows = 7655"
<br><br><br>string(11) "julisciotto"
string(27) "Cantidad de follows = 25619"
<br><br><br>string(14) "draalinehsilva"
string(27) "Cantidad de follows = 20180"
<br><br><br>string(13) "rodasemotores"
string(27) "Cantidad de follows = 14924"
<br><br><br>object(stdClass)#140 (2) {
  ["id"]=>
  string(5) "11758"
  ["login"]=>
  string(13) "euclaracampos"
}
string(19) "thamaraelisa.tattoo"
string(27) "Cantidad de follows = 14267"
<br><br><br>string(15) "megaminassports"
string(26) "Cantidad de follows = 6765"
<br><br><br>string(16) "agencia_portal37"
string(26) "Cantidad de follows = 3334"
<br><br><br>object(stdClass)#202 (2) {
  ["id"]=>
  string(5) "11792"
  ["login"]=>
  string(14) "hf_metalurgica"
}
string(13) "grillegourmet"
string(26) "Cantidad de follows = 5118"
<br><br><br>string(11) "davidkapper"
string(27) "Cantidad de follows = 13111"
<br><br><br>string(11) "7chavesfoto"
string(27) "Cantidad de follows = 11020"
<br><br><br>string(11) "joiaskether"
string(27) "Cantidad de follows = 19519"
<br><br><br>string(14) "luziasantana33"
string(28) "Cantidad de follows = 236352"
<br><br><br>string(13) "thiagovaleiro"
string(26) "Cantidad de follows = 3812"
<br><br><br>object(stdClass)#21 (2) {
  ["id"]=>
  string(5) "12434"
  ["login"]=>
  string(9) "dupicasso"
}
string(11) "laura_bergo"
string(26) "Cantidad de follows = 6425"
<br><br><br>string(15) "dra.raphabecker"
string(27) "Cantidad de follows = 19717"
<br><br><br>string(8) "letdaher"
string(27) "Cantidad de follows = 27930"
<br><br><br>string(9) "dgarciia_"
string(25) "Cantidad de follows = 866"
<br><br><br>string(10) "joaosurf12"
string(24) "Cantidad de follows = 97"
<br><br><br>string(8) "itsandco"
string(27) "Cantidad de follows = 20928"
<br><br><br>string(10) "ela_andrea"
string(27) "Cantidad de follows = 22489"
<br><br><br>string(14) "nafurtadocakes"
string(26) "Cantidad de follows = 6616"
<br><br><br>string(18) "castrolautoservice"
string(26) "Cantidad de follows = 9325"
<br><br><br>string(9) "livdrinks"
string(27) "Cantidad de follows = 47471"
<br><br><br>string(18) "portalautoshopping"
string(27) "Cantidad de follows = 12171"
<br><br><br>string(20) "manu.mamaeaoquadrado"
string(26) "Cantidad de follows = 9588"
<br><br><br>string(15) "odontowebschool"
string(27) "Cantidad de follows = 10560"
<br><br><br>string(9) "abarkeria"
string(27) "Cantidad de follows = 33582"
<br><br><br>object(stdClass)#183 (2) {
  ["id"]=>
  string(5) "15166"
  ["login"]=>
  string(14) "__fehholiveira"
}
string(10) "ninabaking"
string(26) "Cantidad de follows = 8949"
<br><br><br>string(10) "jgiordanoo"
string(27) "Cantidad de follows = 12495"
<br><br><br>string(18) "domhairfelippewill"
string(27) "Cantidad de follows = 11563"
<br><br><br>string(7) "pbpetti"
string(27) "Cantidad de follows = 39633"
<br><br><br>string(10) "psych0wolf"
string(25) "Cantidad de follows = 404"
<br><br><br>string(8) "andreiso"
string(26) "Cantidad de follows = 9521"
<br><br><br>string(13) "biadiascoelho"
string(26) "Cantidad de follows = 4875"
<br><br><br>string(8) "mytrips7"
string(25) "Cantidad de follows = 524"
<br><br><br>string(13) "directdireito"
string(27) "Cantidad de follows = 11205"
<br><br><br>string(12) "patrickvalle"
string(26) "Cantidad de follows = 3549"
<br><br><br>string(21) "lucianalauferofficial"
string(27) "Cantidad de follows = 18839"
<br><br><br>string(13) "matheuspercut"
string(26) "Cantidad de follows = 1153"
<br><br><br>string(10) "flavia_vdr"
string(27) "Cantidad de follows = 11265"
<br><br><br>object(stdClass)#65 (2) {
  ["id"]=>
  string(5) "16861"
  ["login"]=>
  string(14) "mickael_cortes"
}
string(16) "helder_del_monte"
string(27) "Cantidad de follows = 16217"
<br><br><br>string(18) "physicalpilates_bh"
string(26) "Cantidad de follows = 5610"
<br><br><br>string(13) "faleiroslaura"
string(27) "Cantidad de follows = 12910"
<br><br><br>string(11) "dannysetudo"
string(26) "Cantidad de follows = 9833"
<br><br><br>string(15) "portodepiranhas"
string(27) "Cantidad de follows = 10474"
<br><br><br>string(24) "contadordehistoriasreais"
string(27) "Cantidad de follows = 28211"
<br><br><br>string(6) "guil38"
string(26) "Cantidad de follows = 6652"
<br><br><br>string(22) "vacationhomeneardisney"
string(27) "Cantidad de follows = 19624"
<br><br><br>string(16) "drguilhermecravo"
string(26) "Cantidad de follows = 3157"
<br><br><br>string(6) "ossmkt"
string(26) "Cantidad de follows = 5297"
<br><br><br>string(10) "jhoneheber"
string(27) "Cantidad de follows = 23478"
<br><br><br>string(20) "justiniano0_official"
string(26) "Cantidad de follows = 2975"
<br><br><br>string(15) "sao_os_caipiras"
string(26) "Cantidad de follows = 9459"
<br><br><br>string(9) "acerickrj"
string(27) "Cantidad de follows = 12270"
<br><br><br>string(15) "leandrogarciadj"
string(27) "Cantidad de follows = 19445"
<br><br><br>string(14) "osnirhamburger"
string(26) "Cantidad de follows = 6884"
<br><br><br>string(8) "dutruffi"
string(27) "Cantidad de follows = 14179"
<br><br><br>string(9) "lschuback"
string(26) "Cantidad de follows = 7811"
<br><br><br>string(21) "carolinanortondematos"
string(27) "Cantidad de follows = 12081"
<br><br><br>object(stdClass)#32 (2) {
  ["id"]=>
  string(5) "18103"
  ["login"]=>
  string(22) "denisegoncalves.santos"
}
string(14) "ethianemarques"
string(25) "Cantidad de follows = 693"
<br><br><br>string(10) "synaraleal"
string(27) "Cantidad de follows = 16272"
<br><br><br>string(8) "trinjune"
string(23) "Cantidad de follows = 0"
<br><br><br>string(12) "holy_popcorn"
string(27) "Cantidad de follows = 10577"
<br><br><br>string(9) "eltranvia"
string(27) "Cantidad de follows = 15984"
<br><br><br>string(19) "diegogoulartoficial"
string(27) "Cantidad de follows = 20486"
<br><br><br>string(15) "cartolinadesign"
string(26) "Cantidad de follows = 5676"
<br><br><br>string(9) "quarto_22"
string(26) "Cantidad de follows = 5776"
<br><br><br>string(10) "blogdakeli"
string(24) "Cantidad de follows = 12"
<br><br><br>object(stdClass)#191 (2) {
  ["id"]=>
  string(5) "18816"
  ["login"]=>
  string(10) "lefitnessb"
}
string(9) "awsmining"
string(26) "Cantidad de follows = 4719"
<br><br><br>string(13) "willianabrito"
string(26) "Cantidad de follows = 6719"
<br><br><br>string(23) "eusoutestemunhadogolias"
string(25) "Cantidad de follows = 207"
<br><br><br>string(16) "tumsoundfestival"
string(26) "Cantidad de follows = 1518"
<br><br><br>string(18) "casalbioequilibrio"
string(27) "Cantidad de follows = 11274"
<br><br><br>string(13) "mimosearomaas"
string(26) "Cantidad de follows = 9291"
<br><br><br>object(stdClass)#111 (2) {
  ["id"]=>
  string(5) "19152"
  ["login"]=>
  string(17) "gventurinpersonal"
}
string(9) "fastfitsc"
string(26) "Cantidad de follows = 3595"
<br><br><br>string(11) "raif_tattoo"
string(27) "Cantidad de follows = 13247"
<br><br><br>string(10) "hustler.hc"
string(26) "Cantidad de follows = 2455"
<br><br><br>string(9) "isarengel"
string(26) "Cantidad de follows = 6775"
<br><br><br>string(12) "solus_online"
string(26) "Cantidad de follows = 4093"
<br><br><br>string(11) "refugiohoje"
string(27) "Cantidad de follows = 12416"
<br><br><br>string(13) "nati.fressato"
string(26) "Cantidad de follows = 7208"
<br><br><br>string(17) "calcadospaubrasil"
string(26) "Cantidad de follows = 8249"
<br><br><br>string(10) "daly_store"
string(27) "Cantidad de follows = 21723"
<br><br><br>string(11) "angelosciao"
string(26) "Cantidad de follows = 5238"
<br><br><br>string(6) "fuinha"
string(25) "Cantidad de follows = 194"
<br><br><br>string(10) "kombi_krug"
string(25) "Cantidad de follows = 511"
<br><br><br>string(12) "rekombinando"
string(26) "Cantidad de follows = 5978"
<br><br><br>string(15) "blogdasusantoss"
string(26) "Cantidad de follows = 5401"
<br><br><br>string(15) "diadeacessorios"
string(26) "Cantidad de follows = 2311"
<br><br><br>string(18) "christians.pereira"
string(26) "Cantidad de follows = 3760"
<br><br><br>string(28) "pedrowilsonrodriguespimentel"
string(26) "Cantidad de follows = 7699"
<br><br><br>string(15) "atelieluizrocha"
string(27) "Cantidad de follows = 10205"
<br><br><br>string(12) "bibiscamargo"
string(26) "Cantidad de follows = 2031"
<br><br><br>string(16) "centerperfumaria"
string(26) "Cantidad de follows = 5509"
<br><br><br>string(10) "pmelorocha"
string(26) "Cantidad de follows = 6332"
<br><br><br>object(stdClass)#45 (2) {
  ["id"]=>
  string(5) "20149"
  ["login"]=>
  string(14) "thaliaalvesdec"
}
string(12) "yasminndias_"
string(26) "Cantidad de follows = 9343"
<br><br><br>string(17) "jb_alves_educador"
string(26) "Cantidad de follows = 3545"
<br><br><br>string(24) "leonardosantosfotografia"
string(27) "Cantidad de follows = 39611"
<br><br><br>string(8) "sporttot"
string(24) "Cantidad de follows = 22"
<br><br><br>object(stdClass)#52 (2) {
  ["id"]=>
  string(5) "20503"
  ["login"]=>
  string(8) "chandler"
}
string(13) "ayllesantiago"
string(28) "Cantidad de follows = 141802"
<br><br><br>string(12) "maisonbiarro"
string(27) "Cantidad de follows = 30585"
<br><br><br>string(15) "iselamendozadec"
string(26) "Cantidad de follows = 6385"
<br><br><br>string(9) "bamboh.pt"
string(26) "Cantidad de follows = 2599"
<br><br><br>string(12) "redeentropia"
string(26) "Cantidad de follows = 5877"
<br><br><br>object(stdClass)#195 (2) {
  ["id"]=>
  string(5) "20682"
  ["login"]=>
  string(11) "farmapharma"
}
string(18) "calabriapizzariarj"
string(26) "Cantidad de follows = 2465"
<br><br><br>object(stdClass)#195 (2) {
  ["id"]=>
  string(5) "20818"
  ["login"]=>
  string(20) "cadillacs.pastelaria"
}
object(stdClass)#15 (2) {
  ["id"]=>
  string(5) "20927"
  ["login"]=>
  string(25) "missionariojairodossantos"
}
object(stdClass)#195 (2) {
  ["id"]=>
  string(5) "21062"
  ["login"]=>
  string(13) "jesuisluciano"
}
object(stdClass)#15 (2) {
  ["id"]=>
  string(5) "21230"
  ["login"]=>
  string(9) "vikatorsc"
}
string(19) "nicollystoreoficial"
string(26) "Cantidad de follows = 7522"
<br><br><br>object(stdClass)#15 (2) {
  ["id"]=>
  string(5) "21368"
  ["login"]=>
  string(18) "ricardoribeiro0013"
}
string(24) "ramossegurancaeletronica"
string(26) "Cantidad de follows = 3289"
<br><br><br>string(18) "camacariplazahotel"
string(26) "Cantidad de follows = 6288"
<br><br><br>string(13) "_telesgabriel"
string(26) "Cantidad de follows = 3277"
<br><br><br>string(12) "fbfabiolopes"
string(26) "Cantidad de follows = 8960"
<br><br><br>object(stdClass)#178 (2) {
  ["id"]=>
  string(5) "21517"
  ["login"]=>
  string(23) "biscuitporvictorialeite"
}
string(10) "trapburger"
string(26) "Cantidad de follows = 2636"
<br><br><br>string(20) "shoppingcasaedesign_"
string(26) "Cantidad de follows = 8793"
<br><br><br>string(9) "samiilly_"
string(27) "Cantidad de follows = 18233"
<br><br><br>object(stdClass)#210 (2) {
  ["id"]=>
  string(5) "21731"
  ["login"]=>
  string(9) "conhecaes"
}
string(7) "loirasn"
string(25) "Cantidad de follows = 194"
<br><br><br>string(15) "santasticauniao"
string(26) "Cantidad de follows = 6270"
<br><br><br>string(19) "embraconcondominios"
string(26) "Cantidad de follows = 4690"
<br><br><br>string(17) "hamburguinhomoema"
string(27) "Cantidad de follows = 60919"
<br><br><br>string(14) "vilmamartins_7"
string(26) "Cantidad de follows = 1307"
<br><br><br>string(12) "leticiajural"
string(26) "Cantidad de follows = 8475"
<br><br><br>string(8) "_zero100"
string(27) "Cantidad de follows = 52121"
<br><br><br>string(20) "lionrollingcircusrio"
string(27) "Cantidad de follows = 14797"
<br><br><br>string(9) "_nerdjunk"
string(26) "Cantidad de follows = 5345"
<br><br><br>string(10) "pilotelton"
string(27) "Cantidad de follows = 11351"
<br><br><br>string(14) "marcioancelmoo"
string(26) "Cantidad de follows = 4959"
<br><br><br>object(stdClass)#23 (2) {
  ["id"]=>
  string(5) "22627"
  ["login"]=>
  string(18) "lucaswiliamsoliver"
}
string(14) "kevinlorenzorj"
string(26) "Cantidad de follows = 3374"
<br><br><br>object(stdClass)#23 (2) {
  ["id"]=>
  string(5) "22701"
  ["login"]=>
  string(21) "falandodemaquiagem_01"
}
string(13) "georgemuchuli"
string(26) "Cantidad de follows = 7753"
<br><br><br>string(15) "wendell_alvess_"
string(24) "Cantidad de follows = 86"
<br><br><br>object(stdClass)#9 (2) {
  ["id"]=>
  string(5) "22786"
  ["login"]=>
  string(6) "jpzk02"
}
object(stdClass)#197 (2) {
  ["id"]=>
  string(5) "22791"
  ["login"]=>
  string(13) "rodrigues.exe"
}
object(stdClass)#9 (2) {
  ["id"]=>
  string(5) "22915"
  ["login"]=>
  string(10) "5000covers"
}
string(18) "marciomouraoficial"
string(27) "Cantidad de follows = 12425"
<br><br><br>object(stdClass)#9 (2) {
  ["id"]=>
  string(5) "23135"
  ["login"]=>
  string(15) "daniak_boutique"
}
string(23) "formatacaotccmonografia"
string(24) "Cantidad de follows = 96"
<br><br><br>string(6) "nekkow"
string(24) "Cantidad de follows = 15"
<br><br><br>string(5) "lucao"
string(25) "Cantidad de follows = 562"
<br><br><br>string(6) "lucao2"
string(25) "Cantidad de follows = 592"
<br><br><br>string(13) "marcelomarkes"
string(27) "Cantidad de follows = 19926"
<br><br><br>string(14) "dl_beautysalon"
string(26) "Cantidad de follows = 1956"
<br><br><br>string(15) "ariadinebarreto"
string(27) "Cantidad de follows = 14527"
<br><br><br>string(13) "canalsemjacar"
string(27) "Cantidad de follows = 14207"
<br><br><br>string(11) "hiratabreno"
string(27) "Cantidad de follows = 12577"
<br><br><br>string(14) "erickspimentel"
string(26) "Cantidad de follows = 2020"
<br><br><br>string(12) "jessicaiwata"
string(27) "Cantidad de follows = 34328"
<br><br><br>string(14) "dnaphotoevideo"
string(27) "Cantidad de follows = 29421"
<br><br><br>string(18) "gamecenterpaulista"
string(27) "Cantidad de follows = 10330"
<br><br><br>string(10) "pacofishrd"
string(26) "Cantidad de follows = 8062"
<br><br><br>string(14) "qualityhotelsd"
string(26) "Cantidad de follows = 1203"
<br><br><br>string(17) "isabellabofficial"
string(27) "Cantidad de follows = 13957"
<br><br><br>string(13) "alialioficial"
string(25) "Cantidad de follows = 674"
<br><br><br>string(15) "barbeariadoneno"
string(27) "Cantidad de follows = 13684"
<br><br><br>string(10) "plagamba01"
string(26) "Cantidad de follows = 2646"
<br><br><br>string(11) "oscarcauchi"
string(26) "Cantidad de follows = 3589"
<br><br><br>string(7) "18laras"
string(26) "Cantidad de follows = 1811"
<br><br><br>string(16) "entreomarealagoa"
string(26) "Cantidad de follows = 1690"
<br><br><br>string(9) "darlanred"
string(27) "Cantidad de follows = 21274"
<br><br><br>string(15) "riolisboabrasil"
string(25) "Cantidad de follows = 204"
<br><br><br>string(12) "studio4cinco"
string(26) "Cantidad de follows = 4937"
<br><br><br>string(13) "fabriciofabre"
string(26) "Cantidad de follows = 8609"
<br><br><br>string(22) "suamusicapersonalizada"
string(27) "Cantidad de follows = 11271"
<br><br><br>string(8) "kevinvem"
string(23) "Cantidad de follows = 5"
<br><br><br>string(12) "djallannatal"
string(27) "Cantidad de follows = 29546"
<br><br><br>string(15) "polpasempreviva"
string(27) "Cantidad de follows = 34445"
<br><br><br>string(8) "kessyaaa"
string(27) "Cantidad de follows = 11055"
<br><br><br>string(8) "celparra"
string(27) "Cantidad de follows = 10664"
<br><br><br>object(stdClass)#213 (2) {
  ["id"]=>
  string(5) "25524"
  ["login"]=>
  string(11) "tompson9345"
}
object(stdClass)#78 (2) {
  ["id"]=>
  string(5) "25571"
  ["login"]=>
  string(14) "habner_martins"
}
string(13) "mayconbarroco"
string(27) "Cantidad de follows = 18532"
<br><br><br>string(9) "caiocesar"
string(24) "Cantidad de follows = 85"
<br><br><br>string(8) "lil.fama"
string(27) "Cantidad de follows = 21013"
<br><br><br>string(12) "institutoybi"
string(27) "Cantidad de follows = 17921"
<br><br><br>object(stdClass)#160 (2) {
  ["id"]=>
  string(5) "26183"
  ["login"]=>
  string(14) "andresa_lebens"
}
object(stdClass)#12 (2) {
  ["id"]=>
  string(5) "26226"
  ["login"]=>
  string(7) "yuryv05"
}
string(15) "eliana_casimiro"
string(26) "Cantidad de follows = 5618"
<br><br><br>string(11) "maloohstore"
string(26) "Cantidad de follows = 3731"
<br><br><br>string(16) "simplesmenteamei"
string(27) "Cantidad de follows = 16051"
<br><br><br>string(16) "drraphaelmarques"
string(27) "Cantidad de follows = 21328"
<br><br><br>string(10) "casazunzun"
string(26) "Cantidad de follows = 5728"
<br><br><br>string(14) "draraymedeiros"
string(26) "Cantidad de follows = 1569"
<br><br><br>string(12) "4youdressing"
string(26) "Cantidad de follows = 3539"
<br><br><br>string(21) "lucaslermenfotografia"
string(27) "Cantidad de follows = 15205"
<br><br><br>string(16) "bracholuismiguel"
string(25) "Cantidad de follows = 846"
<br><br><br>string(17) "draflaviasgavioli"
string(27) "Cantidad de follows = 41993"
<br><br><br>string(16) "rafamello_cantor"
string(26) "Cantidad de follows = 9082"
<br><br><br>string(13) "gabinassyrios"
string(27) "Cantidad de follows = 28190"
<br><br><br>string(13) "cardosodani78"
string(25) "Cantidad de follows = 412"
<br><br><br>object(stdClass)#78 (2) {
  ["id"]=>
  string(5) "27362"
  ["login"]=>
  string(9) "k123silva"
}
object(stdClass)#56 (2) {
  ["id"]=>
  string(5) "27378"
  ["login"]=>
  string(9) "labotique"
}
string(11) "eco.noronha"
string(26) "Cantidad de follows = 1073"
<br><br><br>string(13) "gelottisports"
string(26) "Cantidad de follows = 6242"
<br><br><br>string(13) "bombeefsantos"
string(27) "Cantidad de follows = 70884"
<br><br><br>string(15) "parvathi_brasil"
string(26) "Cantidad de follows = 8634"
<br><br><br>string(9) "lobotique"
string(26) "Cantidad de follows = 6611"
<br><br><br>string(8) "talincas"
string(27) "Cantidad de follows = 22574"
<br><br><br>string(21) "visagismofacial_drika"
string(25) "Cantidad de follows = 748"
<br><br><br>string(13) "bakwarabrasil"
string(26) "Cantidad de follows = 1566"
<br><br><br>string(19) "carlabarcellosjoias"
string(27) "Cantidad de follows = 11440"
<br><br><br>string(16) "programagameover"
string(26) "Cantidad de follows = 1106"
<br><br><br>string(15) "aafrodite.store"
string(26) "Cantidad de follows = 5726"
<br><br><br>string(12) "rogiacomello"
string(26) "Cantidad de follows = 1431"
<br><br><br>string(11) "solvebrazil"
string(26) "Cantidad de follows = 1169"
<br><br><br>string(16) "drafernandavolpi"
string(27) "Cantidad de follows = 12397"
<br><br><br>object(stdClass)#76 (2) {
  ["id"]=>
  string(5) "27722"
  ["login"]=>
  string(14) "maribel.silent"
}
string(13) "miocheoficial"
string(27) "Cantidad de follows = 45699"
<br><br><br>string(11) "daylipadron"
string(26) "Cantidad de follows = 8417"
<br><br><br>string(14) "mercadolabarra"
string(26) "Cantidad de follows = 4749"
<br><br><br>string(10) "naraabreuu"
string(26) "Cantidad de follows = 4535"
<br><br><br>string(8) "lukmodas"
string(26) "Cantidad de follows = 8235"
<br><br><br>string(21) "girlsgardenacessorios"
string(26) "Cantidad de follows = 2014"
<br><br><br>string(13) "capimlimaomga"
string(26) "Cantidad de follows = 5786"
<br><br><br>string(15) "maxpremiumjeans"
string(26) "Cantidad de follows = 8486"
<br><br><br>string(8) "bruna.fb"
string(27) "Cantidad de follows = 21114"
<br><br><br>string(14) "na_cara_do_gol"
string(26) "Cantidad de follows = 3038"
<br><br><br>string(13) "jessicacytrus"
string(27) "Cantidad de follows = 29922"
<br><br><br>string(11) "cyrofuziama"
string(27) "Cantidad de follows = 25122"
<br><br><br>string(11) "thaycomfome"
string(27) "Cantidad de follows = 26994"
<br><br><br>string(10) "dankana_dk"
string(26) "Cantidad de follows = 8856"
<br><br><br>string(13) "vivimaquiagem"
string(26) "Cantidad de follows = 3478"
<br><br><br>string(14) "fshirtsdesigns"
string(25) "Cantidad de follows = 368"
<br><br><br>string(15) "closetdasduasto"
string(27) "Cantidad de follows = 14479"
<br><br><br>object(stdClass)#61 (2) {
  ["id"]=>
  string(5) "28069"
  ["login"]=>
  string(14) "rosaduartelash"
}
string(11) "gardelmaroz"
string(26) "Cantidad de follows = 6408"
<br><br><br>object(stdClass)#61 (2) {
  ["id"]=>
  string(5) "28080"
  ["login"]=>
  string(16) "msanchescaroline"
}
object(stdClass)#25 (2) {
  ["id"]=>
  string(5) "28092"
  ["login"]=>
  string(9) "pri_avlis"
}
string(13) "ferefacrochet"
string(26) "Cantidad de follows = 9090"
<br><br><br>object(stdClass)#25 (2) {
  ["id"]=>
  string(5) "28099"
  ["login"]=>
  string(13) "menezesandree"
}
string(7) "nr_mini"
string(27) "Cantidad de follows = 11394"
<br><br><br>string(6) "dz9bnb"
string(26) "Cantidad de follows = 3605"
<br><br><br>object(stdClass)#190 (2) {
  ["id"]=>
  string(5) "28145"
  ["login"]=>
  string(20) "nossoapartamento_103"
}
string(18) "cheirinhodamariana"
string(26) "Cantidad de follows = 7686"
<br><br><br>object(stdClass)#190 (2) {
  ["id"]=>
  string(5) "28213"
  ["login"]=>
  string(15) "malucassimiro.r"
}
string(16) "alvomarketingagc"
string(26) "Cantidad de follows = 9410"
<br><br><br>string(17) "ilmiocasamentoios"
string(26) "Cantidad de follows = 1020"
<br><br><br>string(16) "dranayanepacheco"
string(28) "Cantidad de follows = 144736"
<br><br><br>string(24) "silvanonunes.hairstylist"
string(27) "Cantidad de follows = 25993"
<br><br><br>object(stdClass)#71 (2) {
  ["id"]=>
  string(5) "28276"
  ["login"]=>
  string(13) "tatyanealvess"
}
string(21) "closetdemulheroficial"
string(26) "Cantidad de follows = 3988"
<br><br><br>string(12) "maxiprodutos"
string(27) "Cantidad de follows = 20620"
<br><br><br>string(17) "drdanilopelegrino"
string(26) "Cantidad de follows = 5848"
<br><br><br>string(20) "mariaclaraguimaraes1"
string(27) "Cantidad de follows = 35140"
<br><br><br>string(15) "vitoria.mamedio"
string(26) "Cantidad de follows = 7590"
<br><br><br>string(12) "meirellesipc"
string(26) "Cantidad de follows = 1507"
<br><br><br>string(12) "luporluciana"
string(26) "Cantidad de follows = 8454"
<br><br><br>string(11) "andersonvoo"
string(26) "Cantidad de follows = 1053"
<br><br><br>string(14) "niqueferreiira"
string(27) "Cantidad de follows = 12331"
<br><br><br>string(15) "carlota_barnabe"
string(27) "Cantidad de follows = 12721"
<br><br><br>string(17) "drdanilopelegrino"
string(26) "Cantidad de follows = 5848"
<br><br><br>string(9) "lipinhuss"
string(26) "Cantidad de follows = 1769"
<br><br><br>string(13) "mayaramarkes_"
string(26) "Cantidad de follows = 8579"
<br><br><br>string(10) "ky2oficial"
string(26) "Cantidad de follows = 2465"
<br><br><br>string(11) "mendy_vivii"
string(26) "Cantidad de follows = 4053"
<br><br><br>object(stdClass)#124 (2) {
  ["id"]=>
  string(5) "28497"
  ["login"]=>
  string(21) "_medicinaintegrativa_"
}
string(25) "specialitycoffeegastropub"
string(25) "Cantidad de follows = 552"
<br><br><br>string(11) "carolsousas"
string(26) "Cantidad de follows = 3530"
<br><br><br>object(stdClass)#35 (2) {
  ["id"]=>
  string(5) "28517"
  ["login"]=>
  string(19) "martins_consultoria"
}
string(4) "fila"
string(25) "Cantidad de follows = 861"
<br><br><br>string(6) "reebok"
string(29) "Cantidad de follows = 2148727"
<br><br><br>string(8) "bindanvm"
string(26) "Cantidad de follows = 1512"
<br><br><br>string(18) "wesleyoliveirareal"
string(26) "Cantidad de follows = 2820"
<br><br><br>string(9) "indikqui_"
string(26) "Cantidad de follows = 1327"
<br><br><br>string(10) "luahungria"
string(26) "Cantidad de follows = 4503"
<br><br><br>object(stdClass)#30 (2) {
  ["id"]=>
  string(5) "28557"
  ["login"]=>
  string(10) "kaahcintra"
}
string(17) "reabilitar.studio"
string(26) "Cantidad de follows = 5707"
<br><br><br>string(9) "amaraljej"
string(25) "Cantidad de follows = 611"
<br><br><br>string(14) "websterramalho"
string(25) "Cantidad de follows = 731"
<br><br><br>string(24) "vida_sol_e_mar_ecoresort"
string(26) "Cantidad de follows = 7111"
<br><br><br>string(10) "aco_brasil"
string(26) "Cantidad de follows = 3359"
<br><br><br>string(13) "desafioadois2"
string(26) "Cantidad de follows = 6907"
<br><br><br>string(10) "joaozaneti"
string(27) "Cantidad de follows = 13232"
<br><br><br>string(12) "karbofitness"
string(27) "Cantidad de follows = 10905"
<br><br><br>string(12) "nayaranouber"
string(27) "Cantidad de follows = 18158"
<br><br><br>object(stdClass)#72 (2) {
  ["id"]=>
  string(5) "28654"
  ["login"]=>
  string(11) "ellenrauber"
}
object(stdClass)#89 (2) {
  ["id"]=>
  string(5) "28657"
  ["login"]=>
  string(14) "reserveviagens"
}
string(17) "ingrid_ferreira25"
string(25) "Cantidad de follows = 177"
<br><br><br>string(20) "neovita_fisioterapia"
string(26) "Cantidad de follows = 4979"
<br><br><br>string(17) "dunashookahlounge"
string(26) "Cantidad de follows = 9082"
<br><br><br>string(15) "emporio.forever"
string(25) "Cantidad de follows = 271"
<br><br><br>string(16) "mariakarencosta_"
string(26) "Cantidad de follows = 6017"
<br><br><br>string(13) "pretta_araujo"
string(27) "Cantidad de follows = 11912"
<br><br><br>string(18) "theo_kate_ragdolls"
string(26) "Cantidad de follows = 6699"
<br><br><br>string(9) "xaanndii_"
string(26) "Cantidad de follows = 1245"
<br><br><br>string(10) "raquellsan"
string(27) "Cantidad de follows = 26000"
<br><br><br>string(11) "quatro_maos"
string(26) "Cantidad de follows = 4201"
<br><br><br>string(20) "apaudiovisualoficial"
string(25) "Cantidad de follows = 569"
<br><br><br>string(15) "gameoverworldmx"
string(24) "Cantidad de follows = 35"
<br><br><br>string(10) "macielcaio"
string(26) "Cantidad de follows = 3044"
<br><br><br>string(10) "pp_eventos"
string(26) "Cantidad de follows = 3607"
<br><br><br>string(15) "renatacanizares"
string(27) "Cantidad de follows = 13505"
<br><br><br>string(12) "dermatofarma"
string(26) "Cantidad de follows = 8835"
<br><br><br>string(14) "cinarafestasbh"
string(27) "Cantidad de follows = 44636"
<br><br><br>string(10) "mreissilva"
string(27) "Cantidad de follows = 23968"
<br><br><br>string(17) "minutoscomdelavec"
string(27) "Cantidad de follows = 13939"
<br><br><br>string(9) "lilispada"
string(28) "Cantidad de follows = 719261"
<br><br><br>string(13) "edersilveiram"
string(26) "Cantidad de follows = 4497"
<br><br><br>string(15) "rosanatiburtino"
string(26) "Cantidad de follows = 1033"
<br><br><br>string(18) "stopscapautomotivo"
string(26) "Cantidad de follows = 6067"
<br><br><br>object(stdClass)#13 (2) {
  ["id"]=>
  string(5) "28849"
  ["login"]=>
  string(8) "plasjowl"
}
string(12) "itzackcamila"
string(26) "Cantidad de follows = 1344"
<br><br><br>string(15) "eu_gabicarvalho"
string(26) "Cantidad de follows = 3026"
<br><br><br>string(13) "everttonviana"
string(26) "Cantidad de follows = 9937"
<br><br><br>string(17) "shirleyalesantana"
string(27) "Cantidad de follows = 28456"
<br><br><br>string(14) "leticiastoledo"
string(26) "Cantidad de follows = 2567"
<br><br><br>string(14) "drpedroferrari"
string(27) "Cantidad de follows = 39350"
<br><br><br>string(11) "itamixbazar"
string(26) "Cantidad de follows = 4723"
<br><br><br>string(13) "trader_amador"
string(25) "Cantidad de follows = 167"
<br><br><br>string(16) "isabellasanchess"
string(26) "Cantidad de follows = 3038"
<br><br><br>object(stdClass)#209 (2) {
  ["id"]=>
  string(5) "28962"
  ["login"]=>
  string(15) "tiagomennezes11"
}
string(12) "bunkersounds"
string(26) "Cantidad de follows = 1702"
<br><br><br>string(14) "timmycelulares"
string(25) "Cantidad de follows = 217"
<br><br><br>object(stdClass)#13 (2) {
  ["id"]=>
  string(5) "28988"
  ["login"]=>
  string(15) "programavitrina"
}
object(stdClass)#27 (2) {
  ["id"]=>
  string(5) "28990"
  ["login"]=>
  string(17) "acade_corpoeforma"
}
object(stdClass)#13 (2) {
  ["id"]=>
  string(5) "28993"
  ["login"]=>
  string(11) "atgaranhuns"
}
string(20) "annamaya_arquitetura"
string(26) "Cantidad de follows = 9357"
<br><br><br>string(8) "1kgdobom"
string(27) "Cantidad de follows = 14987"
<br><br><br>string(13) "livre.digital"
string(26) "Cantidad de follows = 3706"
<br><br><br>string(14) "rhuanpenaforte"
string(27) "Cantidad de follows = 10636"
<br><br><br>string(16) "restaurantebario"
string(26) "Cantidad de follows = 1395"
<br><br><br>string(21) "felippeturtransportes"
string(26) "Cantidad de follows = 4940"
<br><br><br>string(15) "solarlifeenergy"
string(25) "Cantidad de follows = 548"
<br><br><br>string(18) "vinteumcomunicacao"
string(25) "Cantidad de follows = 576"
<br><br><br>string(18) "auto_escolaatitude"
string(26) "Cantidad de follows = 2018"
<br><br><br>string(13) "carollremigio"
string(26) "Cantidad de follows = 1067"
<br><br><br>string(13) "pampodelivery"
string(26) "Cantidad de follows = 1257"
<br><br><br>string(20) "txcambioeturismo_rio"
string(26) "Cantidad de follows = 1286"
<br><br><br>string(13) "riveauxmerino"
string(26) "Cantidad de follows = 5414"
<br><br><br>string(15) "carneslaceleste"
string(26) "Cantidad de follows = 2491"
<br><br><br>string(11) "heroairsoft"
string(26) "Cantidad de follows = 3842"
<br><br><br>string(19) "brechoandreaventuro"
string(27) "Cantidad de follows = 36622"
<br><br><br>string(9) "samiilly_"
string(27) "Cantidad de follows = 18233"
<br><br><br>string(14) "luigi_bemporad"
string(24) "Cantidad de follows = 54"
<br><br><br>string(13) "luiz_skydiver"
string(26) "Cantidad de follows = 9845"
<br><br><br>string(15) "luanmachado.arq"
string(26) "Cantidad de follows = 1852"
<br><br><br>string(12) "kaikfariastv"
string(26) "Cantidad de follows = 2125"
<br><br><br>string(16) "colegioguarapuvu"
string(23) "Cantidad de follows = 1"
<br><br><br>string(9) "guarapuvu"
string(26) "Cantidad de follows = 3078"
<br><br><br>string(13) "purocafajeste"
string(27) "Cantidad de follows = 34205"
<br><br><br>string(11) "a_deziderio"
string(26) "Cantidad de follows = 2063"
<br><br><br>object(stdClass)#208 (2) {
  ["id"]=>
  string(5) "29171"
  ["login"]=>
  string(16) "ranchotalisma_mg"
}
object(stdClass)#28 (2) {
  ["id"]=>
  string(5) "29178"
  ["login"]=>
  string(16) "maryana_araujooc"
}
string(13) "vitormagnusss"
string(27) "Cantidad de follows = 42331"
<br><br><br>string(20) "franciscosilva_alves"
string(25) "Cantidad de follows = 266"
<br><br><br>string(17) "mrandersonalmeida"
string(26) "Cantidad de follows = 6318"
<br><br><br>string(10) "inovaluxrj"
string(25) "Cantidad de follows = 190"
<br><br><br>string(17) "mixturinhafashion"
string(26) "Cantidad de follows = 2222"
<br><br><br>string(22) "danelonprimeacessorios"
string(26) "Cantidad de follows = 4702"
<br><br><br>object(stdClass)#132 (2) {
  ["id"]=>
  string(5) "29219"
  ["login"]=>
  string(7) "ruivabr"
}
string(17) "luizjatobaoficial"
string(26) "Cantidad de follows = 9579"
<br><br><br>string(8) "thhai97_"
string(26) "Cantidad de follows = 1621"
<br><br><br>string(10) "tiago_kuhn"
string(26) "Cantidad de follows = 2295"
<br><br><br>object(stdClass)#224 (2) {
  ["id"]=>
  string(5) "29228"
  ["login"]=>
  string(13) "tiolavinicius"
}
string(15) "crisoliveiravmk"
string(26) "Cantidad de follows = 2192"
<br><br><br>string(15) "wesleymichelini"
string(26) "Cantidad de follows = 1970"
<br><br><br>string(18) "raphaelacapobiango"
string(26) "Cantidad de follows = 5640"
<br><br><br>string(11) "castrolucas"
string(26) "Cantidad de follows = 3594"
<br><br><br>string(16) "masseriniosteria"
string(26) "Cantidad de follows = 6300"
<br><br><br>string(10) "alvesgilli"
string(26) "Cantidad de follows = 2001"
<br><br><br>string(10) "felippetur"
string(27) "Cantidad de follows = 20474"
<br><br><br>string(25) "rodrigo.embraconconsorcio"
string(26) "Cantidad de follows = 6239"
<br><br><br>string(14) "naotolendoisso"
string(26) "Cantidad de follows = 3480"
<br><br><br>string(24) "elizabet_insurance_agent"
string(25) "Cantidad de follows = 811"
<br><br><br>string(12) "elestore.rio"
string(26) "Cantidad de follows = 1815"
<br><br><br>string(14) "joannaa_aguiar"
string(25) "Cantidad de follows = 565"
<br><br><br>string(12) "ale.mmartins"
string(26) "Cantidad de follows = 1277"
<br><br><br>string(14) "ricvrdomoraes_"
string(26) "Cantidad de follows = 3886"
<br><br><br>string(16) "psgacademyrecife"
string(26) "Cantidad de follows = 4404"
<br><br><br>string(11) "diasluciano"
string(27) "Cantidad de follows = 16567"
<br><br><br>string(15) "othmanejennaoui"
string(27) "Cantidad de follows = 10994"
<br><br><br>string(14) "andresza_ramos"
string(26) "Cantidad de follows = 2005"
<br><br><br>string(23) "estetica.michelecamargo"
string(26) "Cantidad de follows = 3471"
<br><br><br>string(19) "fernandalima.decora"
string(26) "Cantidad de follows = 2147"
<br><br><br>string(13) "ghanabranding"
string(26) "Cantidad de follows = 6744"
<br><br><br>string(16) "binhorodriguess_"
string(26) "Cantidad de follows = 3542"
<br><br><br>string(14) "theblondedetox"
string(26) "Cantidad de follows = 3737"
<br><br><br>string(19) "oficialwinnieamaral"
string(27) "Cantidad de follows = 24085"
<br><br><br>string(19) "pezinhofirmenarocha"
string(28) "Cantidad de follows = 116302"
<br><br><br>string(11) "meempreenda"
string(26) "Cantidad de follows = 3632"
<br><br><br>string(14) "joseluizpontes"
string(25) "Cantidad de follows = 980"
<br><br><br>object(stdClass)#15 (2) {
  ["id"]=>
  string(5) "29486"
  ["login"]=>
  string(15) "eduarda.neves13"
}
object(stdClass)#209 (2) {
  ["id"]=>
  string(5) "29498"
  ["login"]=>
  string(20) "orlamodapraiaoficial"
}
string(17) "advocacia_messias"
string(26) "Cantidad de follows = 3305"
<br><br><br>string(18) "allbotequipamentos"
string(26) "Cantidad de follows = 2911"
<br><br><br>string(20) "emersonlopeshoficial"
string(27) "Cantidad de follows = 12607"
<br><br><br>string(11) "raissataini"
string(27) "Cantidad de follows = 26317"
<br><br><br>object(stdClass)#79 (2) {
  ["id"]=>
  string(5) "29527"
  ["login"]=>
  string(13) "menezesandree"
}
string(10) "vivianeneu"
string(27) "Cantidad de follows = 28887"
<br><br><br>string(8) "dhougie_"
string(27) "Cantidad de follows = 18313"
<br><br><br>string(24) "andressamakeup_penteados"
string(26) "Cantidad de follows = 3059"
<br><br><br>string(13) "iracemaallves"
string(26) "Cantidad de follows = 7405"
<br><br><br>string(11) "renannunes2"
string(26) "Cantidad de follows = 5045"
<br><br><br>string(14) "natha.estetica"
string(26) "Cantidad de follows = 1887"
<br><br><br>string(19) "j.a.estudiodebeleza"
string(25) "Cantidad de follows = 173"
<br><br><br>string(12) "grafianafoto"
string(26) "Cantidad de follows = 8998"
<br><br><br>string(19) "thespacetimeripples"
string(26) "Cantidad de follows = 3313"
<br><br><br>string(14) "rubia_martinss"
string(27) "Cantidad de follows = 97304"
<br><br><br>string(23) "joseguilherme.consultor"
string(26) "Cantidad de follows = 1205"
<br><br><br>string(14) "emporiodifiori"
string(26) "Cantidad de follows = 2265"
<br><br><br>string(21) "viajandonaarquitetura"
string(26) "Cantidad de follows = 5012"
<br><br><br>string(14) "elitecenterfoz"
string(26) "Cantidad de follows = 2389"
<br><br><br>string(10) "yancasilva"
string(26) "Cantidad de follows = 3320"
<br><br><br>string(16) "roberta.amfranca"
string(26) "Cantidad de follows = 3375"
<br><br><br>string(15) "doceriaanaester"
string(26) "Cantidad de follows = 3887"
<br><br><br>string(10) "kathguedes"
string(27) "Cantidad de follows = 43056"
<br><br><br>string(13) "tubaraocenter"
string(26) "Cantidad de follows = 6325"
<br><br><br>object(stdClass)#55 (2) {
  ["id"]=>
  string(5) "29702"
  ["login"]=>
  string(6) "zayrnm"
}
string(9) "chefeeddy"
string(27) "Cantidad de follows = 13263"
<br><br><br>string(10) "acasadecat"
string(27) "Cantidad de follows = 11229"
<br><br><br>string(20) "oficialforroperfeito"
string(27) "Cantidad de follows = 50467"
<br><br><br>string(14) "orabolasbrecho"
string(26) "Cantidad de follows = 2991"
<br><br><br>string(11) "thekingboy_"
string(27) "Cantidad de follows = 17727"
<br><br><br>string(15) "vanessa.wysocki"
string(26) "Cantidad de follows = 3602"
<br><br><br>string(11) "rique.silva"
string(26) "Cantidad de follows = 4988"
<br><br><br>string(22) "gabriellacarvalhostore"
string(27) "Cantidad de follows = 34092"
<br><br><br>string(14) "lojanowfitness"
string(26) "Cantidad de follows = 3984"
<br><br><br>string(8) "mapoiani"
string(26) "Cantidad de follows = 6113"
<br><br><br>string(14) "salaostudiosbc"
string(26) "Cantidad de follows = 1793"
<br><br><br>string(19) "studying_the_secret"
string(26) "Cantidad de follows = 2736"
<br><br><br>string(23) "studiohairinternacional"
string(26) "Cantidad de follows = 5339"
<br><br><br>string(9) "ahdireito"
string(26) "Cantidad de follows = 5387"
<br><br><br>string(7) "kabonkk"
string(26) "Cantidad de follows = 4037"
<br><br><br>string(10) "companyate"
string(25) "Cantidad de follows = 108"
<br><br><br>string(12) "djdavisantos"
string(26) "Cantidad de follows = 8410"
<br><br><br>string(14) "rafaellmoraess"
string(25) "Cantidad de follows = 832"
<br><br><br>string(22) "syflariluminacaoimport"
string(26) "Cantidad de follows = 1813"
<br><br><br>object(stdClass)#123 (2) {
  ["id"]=>
  string(5) "29883"
  ["login"]=>
  string(12) "grupo.efraim"
}
object(stdClass)#15 (2) {
  ["id"]=>
  string(5) "29884"
  ["login"]=>
  string(17) "efraimhoteleflats"
}
string(30) "rpcontrollerinsetodedetizadora"
string(25) "Cantidad de follows = 165"
<br><br><br>string(12) "raunierporto"
string(26) "Cantidad de follows = 3090"
<br><br><br>string(11) "marciabotam"
string(26) "Cantidad de follows = 3858"
<br><br><br>object(stdClass)#115 (2) {
  ["id"]=>
  string(5) "29901"
  ["login"]=>
  string(8) "1jonhbjj"
}
object(stdClass)#125 (2) {
  ["id"]=>
  string(5) "29918"
  ["login"]=>
  string(9) "odeiopera"
}
object(stdClass)#115 (2) {
  ["id"]=>
  string(5) "29932"
  ["login"]=>
  string(11) "eufeearruda"
}
string(11) "tclaranunes"
string(26) "Cantidad de follows = 1792"
<br><br><br>string(19) "alaskaclothingstore"
string(26) "Cantidad de follows = 2285"
<br><br><br>string(14) "gkt_kickboxing"
string(26) "Cantidad de follows = 1632"
<br><br><br>string(19) "character.design.gk"
string(26) "Cantidad de follows = 1187"
<br><br><br>object(stdClass)#11 (2) {
  ["id"]=>
  string(5) "29964"
  ["login"]=>
  string(12) "blogdoarinos"
}
object(stdClass)#128 (2) {
  ["id"]=>
  string(5) "29965"
  ["login"]=>
  string(12) "bela.morenaa"
}
string(24) "leandroquelucifotografia"
string(26) "Cantidad de follows = 3172"
<br><br><br>string(19) "generalstorefitness"
string(26) "Cantidad de follows = 3762"
<br><br><br>string(15) "acervomodasda44"
string(26) "Cantidad de follows = 5687"
<br><br><br>string(12) "mama_costhay"
string(26) "Cantidad de follows = 4876"
<br><br><br>string(17) "ginetom_rodrigues"
string(26) "Cantidad de follows = 7862"
<br><br><br>string(13) "brunnooctavio"
string(25) "Cantidad de follows = 980"
<br><br><br>object(stdClass)#123 (2) {
  ["id"]=>
  string(5) "29996"
  ["login"]=>
  string(12) "doug0liveira"
}
string(10) "gutt_carol"
string(27) "Cantidad de follows = 12081"
<br><br><br>string(9) "hulkdutra"
string(27) "Cantidad de follows = 13396"
<br><br><br>string(16) "camilaguerreiroo"
string(26) "Cantidad de follows = 2378"
<br><br><br>string(15) "sandymakecabelo"
string(26) "Cantidad de follows = 6653"
<br><br><br>string(15) "copaciadvogados"
string(25) "Cantidad de follows = 676"
<br><br><br>string(18) "diegocamargotattoo"
string(26) "Cantidad de follows = 3295"
<br><br><br>string(17) "entretenimento.pe"
string(26) "Cantidad de follows = 3433"
<br><br><br>string(17) "alicemelomakehair"
string(26) "Cantidad de follows = 6781"
<br><br><br>object(stdClass)#51 (2) {
  ["id"]=>
  string(5) "30051"
  ["login"]=>
  string(11) "tuguinha.tv"
}
string(13) "rentar.com.do"
string(27) "Cantidad de follows = 11622"
<br><br><br>string(15) "eriosvaldodiniz"
string(26) "Cantidad de follows = 1622"
<br><br><br>string(11) "gustavo_ono"
string(26) "Cantidad de follows = 5441"
<br><br><br>string(15) "canilredbroncos"
string(26) "Cantidad de follows = 1890"
<br><br><br>string(9) "_brokerst"
string(25) "Cantidad de follows = 300"
<br><br><br>string(14) "lifeprojectone"
string(26) "Cantidad de follows = 1873"
<br><br><br>string(16) "disfranco.motors"
string(26) "Cantidad de follows = 2994"
<br><br><br>string(6) "bomf17"
string(25) "Cantidad de follows = 816"
<br><br><br>string(12) "aliicemello_"
string(26) "Cantidad de follows = 2439"
<br><br><br>string(11) "_bellaforma"
string(27) "Cantidad de follows = 71411"
<br><br><br>string(10) "bruruschel"
string(27) "Cantidad de follows = 11915"
<br><br><br>string(9) "murilooc7"
string(26) "Cantidad de follows = 4474"
<br><br><br>string(9) "a7madov95"
string(25) "Cantidad de follows = 247"
<br><br><br>string(7) "a_mayla"
string(25) "Cantidad de follows = 750"
<br><br><br>string(13) "lidiafeitosa4"
string(26) "Cantidad de follows = 2799"
<br><br><br>string(10) "smokeseila"
string(25) "Cantidad de follows = 643"
<br><br><br>string(10) "rikdelucca"
string(26) "Cantidad de follows = 3657"
<br><br><br>string(19) "corretoracavalcante"
string(25) "Cantidad de follows = 841"
<br><br><br>object(stdClass)#67 (2) {
  ["id"]=>
  string(5) "30218"
  ["login"]=>
  string(14) "thaisaschayder"
}
string(13) "hueskerbrasil"
string(26) "Cantidad de follows = 3767"
<br><br><br>string(22) "rodrigoranchodascabras"
string(25) "Cantidad de follows = 953"
<br><br><br>object(stdClass)#128 (2) {
  ["id"]=>
  string(5) "30232"
  ["login"]=>
  string(15) "arisson_jessica"
}
object(stdClass)#153 (2) {
  ["id"]=>
  string(5) "30257"
  ["login"]=>
  string(13) "nathaly_llima"
}
string(21) "laraharantes.piercing"
string(26) "Cantidad de follows = 3241"
<br><br><br>string(11) "maitemellim"
string(26) "Cantidad de follows = 1962"
<br><br><br>string(10) "criptobraz"
string(25) "Cantidad de follows = 703"
<br><br><br>string(14) "meuprojeto.fit"
string(26) "Cantidad de follows = 2113"
<br><br><br>object(stdClass)#24 (2) {
  ["id"]=>
  string(5) "30286"
  ["login"]=>
  string(15) "cmo_odontologia"
}
object(stdClass)#165 (2) {
  ["id"]=>
  string(5) "30293"
  ["login"]=>
  string(14) "ketellenfelix1"
}
string(14) "biel_do_cavaco"
string(27) "Cantidad de follows = 19534"
<br><br><br>string(9) "netto_ull"
string(25) "Cantidad de follows = 611"
<br><br><br>string(11) "nandokounat"
string(27) "Cantidad de follows = 19517"
<br><br><br>object(stdClass)#56 (2) {
  ["id"]=>
  string(5) "30317"
  ["login"]=>
  string(14) "easyartgrafica"
}
string(15) "studio_beauty15"
string(26) "Cantidad de follows = 1041"
<br><br><br>string(18) "julio_sosa_imoveis"
string(25) "Cantidad de follows = 795"
<br><br><br>string(10) "canelihome"
string(26) "Cantidad de follows = 3711"
<br><br><br>string(9) "josergm86"
string(26) "Cantidad de follows = 7212"
<br><br><br>string(11) "katiaalbany"
string(26) "Cantidad de follows = 4763"
<br><br><br>string(11) "leandramora"
string(26) "Cantidad de follows = 4815"
<br><br><br>object(stdClass)#14 (2) {
  ["id"]=>
  string(5) "30380"
  ["login"]=>
  string(7) "_lrnnym"
}
string(17) "festivalnovomundo"
string(26) "Cantidad de follows = 4400"
<br><br><br>string(10) "odavilemos"
string(27) "Cantidad de follows = 13340"
<br><br><br>string(20) "clebsonfrancaoficial"
string(26) "Cantidad de follows = 2216"
<br><br><br>string(15) "mamaesemmanuais"
string(27) "Cantidad de follows = 11486"
<br><br><br>string(13) "victorcastelo"
string(26) "Cantidad de follows = 1188"
<br><br><br>string(17) "fabricio.physique"
string(27) "Cantidad de follows = 11404"
<br><br><br>string(15) "rafaelfsantanaa"
string(25) "Cantidad de follows = 753"
<br><br><br>object(stdClass)#62 (2) {
  ["id"]=>
  string(5) "30436"
  ["login"]=>
  string(15) "kawlicheski1993"
}
string(10) "facamerirr"
string(26) "Cantidad de follows = 3427"
<br><br><br>string(10) "linoamanda"
string(27) "Cantidad de follows = 10073"
<br><br><br>string(10) "_lorecosta"
string(26) "Cantidad de follows = 2116"
<br><br><br>string(21) "clara.goldenretriever"
string(26) "Cantidad de follows = 3660"
<br><br><br>string(14) "andre.grupoark"
string(26) "Cantidad de follows = 4192"
<br><br><br>string(13) "espacoubaense"
string(26) "Cantidad de follows = 1940"
<br><br><br>string(14) "photoboxbrasil"
string(26) "Cantidad de follows = 2832"
<br><br><br>string(13) "luiara_helmer"
string(26) "Cantidad de follows = 5059"
<br><br><br>string(7) "dul_fcy"
string(26) "Cantidad de follows = 2915"
<br><br><br>string(26) "emporiodapapinhasantoandre"
string(26) "Cantidad de follows = 5494"
<br><br><br>string(15) "rayanemarchetta"
string(26) "Cantidad de follows = 1716"
<br><br><br>string(13) "karol_nunes00"
string(26) "Cantidad de follows = 3576"
<br><br><br>string(10) "apedesign_"
string(26) "Cantidad de follows = 2717"
<br><br><br>string(9) "danilelah"
string(26) "Cantidad de follows = 5136"
<br><br><br>string(8) "kevinm5m"
string(26) "Cantidad de follows = 7409"
<br><br><br>string(12) "noahestetica"
string(26) "Cantidad de follows = 8838"
<br><br><br>string(9) "casadovaz"
string(26) "Cantidad de follows = 7217"
<br><br><br>string(8) "arena7bh"
string(26) "Cantidad de follows = 4385"
<br><br><br>object(stdClass)#54 (2) {
  ["id"]=>
  string(5) "30581"
  ["login"]=>
  string(13) "mathoficialbr"
}
string(17) "jonatas.batistela"
string(27) "Cantidad de follows = 15755"
<br><br><br>string(10) "queirozloo"
string(26) "Cantidad de follows = 3689"
<br><br><br>object(stdClass)#108 (2) {
  ["id"]=>
  string(5) "30593"
  ["login"]=>
  string(12) "rogersiiilva"
}
string(11) "marci0viana"
string(26) "Cantidad de follows = 1315"
<br><br><br>string(16) "chefsheiladuarte"
string(26) "Cantidad de follows = 1036"
<br><br><br>string(8) "itsredtv"
string(27) "Cantidad de follows = 44864"
<br><br><br>object(stdClass)#56 (2) {
  ["id"]=>
  string(5) "30622"
  ["login"]=>
  string(8) "lorisfaz"
}
object(stdClass)#126 (2) {
  ["id"]=>
  string(5) "30623"
  ["login"]=>
  string(20) "emagrecer_ja_oficial"
}
string(19) "tamyparadorneptunia"
string(26) "Cantidad de follows = 5827"
<br><br><br>string(9) "gabicoach"
string(26) "Cantidad de follows = 3468"
<br><br><br>object(stdClass)#30 (2) {
  ["id"]=>
  string(5) "30648"
  ["login"]=>
  string(14) "amanda3santana"
}
string(8) "crecleao"
string(26) "Cantidad de follows = 3244"
<br><br><br>string(10) "elluhalves"
string(26) "Cantidad de follows = 5236"
<br><br><br>string(18) "mixsushicafebistek"
string(26) "Cantidad de follows = 5901"
<br><br><br>string(16) "f1ciaimobiliaria"
string(26) "Cantidad de follows = 3310"
<br><br><br>string(15) "vitor_honorato3"
string(26) "Cantidad de follows = 1139"
<br><br><br>string(13) "veneno_daseda"
string(26) "Cantidad de follows = 2065"
<br><br><br>string(10) "mc2turismo"
string(27) "Cantidad de follows = 17856"
<br><br><br>string(19) "erickakamineoficial"
string(26) "Cantidad de follows = 6610"
<br><br><br>string(11) "fredmunizrj"
string(26) "Cantidad de follows = 1508"
<br><br><br>object(stdClass)#17 (2) {
  ["id"]=>
  string(5) "30718"
  ["login"]=>
  string(16) "luis.fernando.br"
}
string(17) "drasheilawatanabe"
string(26) "Cantidad de follows = 1770"
<br><br><br>string(12) "laysasmacedo"
string(26) "Cantidad de follows = 2867"
<br><br><br>string(17) "creativapapelaria"
string(25) "Cantidad de follows = 331"
<br><br><br>string(11) "aondeiremsp"
string(27) "Cantidad de follows = 25610"
<br><br><br>object(stdClass)#230 (2) {
  ["id"]=>
  string(5) "30815"
  ["login"]=>
  string(6) "79_app"
}
string(15) "dioceliogoulart"
string(27) "Cantidad de follows = 19080"
<br><br><br>string(15) "victorperazzini"
string(26) "Cantidad de follows = 2598"
<br><br><br>string(12) "alberto_test"
string(25) "Cantidad de follows = 307"
<br><br><br>string(13) "fassegseguros"
string(26) "Cantidad de follows = 7156"
<br><br><br>string(18) "giovanni.consultor"
string(25) "Cantidad de follows = 921"
<br><br><br>string(17) "coach.jorgeamorim"
string(25) "Cantidad de follows = 999"
<br><br><br>string(16) "blessedmaemequer"
string(27) "Cantidad de follows = 17066"
<br><br><br>string(15) "baile_de_camelo"
string(25) "Cantidad de follows = 758"
<br><br><br>string(13) "dentistabruna"
string(25) "Cantidad de follows = 189"
<br><br><br>string(11) "chicomorais"
string(26) "Cantidad de follows = 4622"
<br><br><br>string(13) "adrianemayumi"
string(27) "Cantidad de follows = 13832"
<br><br><br>string(14) "dresscode.byrm"
string(25) "Cantidad de follows = 232"
<br><br><br>object(stdClass)#202 (2) {
  ["id"]=>
  string(5) "30911"
  ["login"]=>
  string(15) "alynemultiforme"
}
string(15) "ehpralaqueeuvou"
string(26) "Cantidad de follows = 1236"
<br><br><br>string(14) "douglasvwalker"
string(26) "Cantidad de follows = 1780"
<br><br><br>string(8) "dazz.777"
string(26) "Cantidad de follows = 1008"
<br><br><br>string(14) "rafaella_neves"
string(26) "Cantidad de follows = 3748"
<br><br><br>string(8) "soueuwal"
string(26) "Cantidad de follows = 1637"
<br><br><br>string(22) "lacosdasmeninasoficial"
string(26) "Cantidad de follows = 2235"
<br><br><br>string(13) "talitamcostta"
string(25) "Cantidad de follows = 581"
<br><br><br>string(8) "pionunes"
string(27) "Cantidad de follows = 16337"
<br><br><br>string(18) "confeitariadagabi_"
string(24) "Cantidad de follows = 63"
<br><br><br>string(14) "brunoalvarez.1"
string(25) "Cantidad de follows = 585"
<br><br><br>string(10) "1989closet"
string(26) "Cantidad de follows = 5848"
<br><br><br>string(12) "jumota_decor"
string(26) "Cantidad de follows = 1703"
<br><br><br>string(16) "marmitinhaslight"
string(26) "Cantidad de follows = 2655"
<br><br><br>string(24) "leoart_desing_paisagismo"
string(26) "Cantidad de follows = 6497"
<br><br><br>string(14) "carolfroemming"
string(26) "Cantidad de follows = 7061"
<br><br><br>string(24) "priscilaaparecidasantoss"
string(25) "Cantidad de follows = 598"
<br><br><br>object(stdClass)#74 (2) {
  ["id"]=>
  string(5) "31080"
  ["login"]=>
  string(9) "chio18789"
}
string(13) "kasamor_store"
string(26) "Cantidad de follows = 2326"
<br><br><br>string(13) "thamysilva201"
string(26) "Cantidad de follows = 4029"
<br><br><br>string(10) "alexrssp12"
string(25) "Cantidad de follows = 311"
<br><br><br>string(14) "silvio.cesarjr"
string(24) "Cantidad de follows = 57"
<br><br><br>string(12) "levis_tudouu"
string(27) "Cantidad de follows = 16503"
<br><br><br>string(8) "euogomez"
string(26) "Cantidad de follows = 2487"
<br><br><br>string(14) "amorefeoficial"
string(26) "Cantidad de follows = 4843"
<br><br><br>string(15) "studioambientes"
string(27) "Cantidad de follows = 14453"
<br><br><br>string(12) "gomilkbrasil"
string(26) "Cantidad de follows = 1031"
<br><br><br>string(13) "gomed.digital"
string(26) "Cantidad de follows = 2292"
<br><br><br>object(stdClass)#221 (2) {
  ["id"]=>
  string(5) "31133"
  ["login"]=>
  string(6) "lv_luh"
}
string(8) "curyamin"
string(25) "Cantidad de follows = 757"
<br><br><br>string(11) "stancefight"
string(27) "Cantidad de follows = 33633"
<br><br><br>string(19) "medconsultingbrasil"
string(27) "Cantidad de follows = 11933"
<br><br><br>string(3) "usa"
string(26) "Cantidad de follows = 4644"
<br><br><br>string(8) "voa_hati"
string(26) "Cantidad de follows = 2969"
<br><br><br>string(18) "robsonbarbosacoach"
string(26) "Cantidad de follows = 6125"
<br><br><br>string(10) "yasmincgr_"
string(26) "Cantidad de follows = 1096"
<br><br><br>string(14) "kharlos_soares"
string(25) "Cantidad de follows = 205"
<br><br><br>string(19) "chrystopher.gabriel"
string(25) "Cantidad de follows = 325"
<br><br><br>string(7) "nega.93"
string(27) "Cantidad de follows = 10580"
<br><br><br>string(13) "cahrlossoares"
string(24) "Cantidad de follows = 64"
<br><br><br>string(8) "emillymv"
string(26) "Cantidad de follows = 4057"
<br><br><br>string(11) "_j.o.a.o___"
string(25) "Cantidad de follows = 189"
<br><br><br>string(14) "antonioportes_"
string(25) "Cantidad de follows = 231"
<br><br><br>string(14) "samo_oliveiraa"
string(25) "Cantidad de follows = 701"
<br><br><br>string(12) "aleehzinho_t"
string(25) "Cantidad de follows = 174"
<br><br><br>string(15) "jonasfahelysson"
string(26) "Cantidad de follows = 6883"
<br><br><br>string(13) "mari_azeredo_"
string(25) "Cantidad de follows = 765"
<br><br><br>string(18) "clinicaformighieri"
string(26) "Cantidad de follows = 2173"
<br><br><br>string(10) "guiturner_"
string(26) "Cantidad de follows = 8892"
<br><br><br>string(14) "carloskpulling"
string(28) "Cantidad de follows = 112711"
<br><br><br>string(10) "oppaviajei"
string(25) "Cantidad de follows = 724"
<br><br><br>string(15) "jujucoelhopinto"
string(27) "Cantidad de follows = 28234"
<br><br><br>string(13) "gersonaraujo_"
string(26) "Cantidad de follows = 2255"
<br><br><br>object(stdClass)#27 (2) {
  ["id"]=>
  string(5) "31318"
  ["login"]=>
  string(11) "josiasnetoo"
}
string(19) "blogsairdozeroagora"
string(26) "Cantidad de follows = 1262"
<br><br><br>object(stdClass)#27 (2) {
  ["id"]=>
  string(5) "31325"
  ["login"]=>
  string(18) "neonprodutorapromo"
}
object(stdClass)#154 (2) {
  ["id"]=>
  string(5) "31326"
  ["login"]=>
  string(6) "djrat_"
}
object(stdClass)#27 (2) {
  ["id"]=>
  string(5) "31337"
  ["login"]=>
  string(23) "anderson_diego_oliveira"
}
string(19) "anacarlarodrigues19"
string(26) "Cantidad de follows = 3035"
<br><br><br>object(stdClass)#27 (2) {
  ["id"]=>
  string(5) "31346"
  ["login"]=>
  string(15) "siimoneepereira"
}
string(13) "jubart_design"
string(25) "Cantidad de follows = 626"
<br><br><br>string(19) "bellkeyprofessional"
string(26) "Cantidad de follows = 1686"
<br><br><br>string(8) "ealine._"
string(26) "Cantidad de follows = 4789"
<br><br><br>string(8) "wheresje"
string(28) "Cantidad de follows = 115046"
<br><br><br>object(stdClass)#126 (2) {
  ["id"]=>
  string(5) "31394"
  ["login"]=>
  string(12) "ronyfgomesss"
}
string(16) "jhonatha_feitosa"
string(26) "Cantidad de follows = 1187"
<br><br><br>string(15) "blena.nathallya"
string(26) "Cantidad de follows = 1086"
<br><br><br>string(10) "edersonflx"
string(26) "Cantidad de follows = 6847"
<br><br><br>string(23) "tridorimpermebializacao"
string(25) "Cantidad de follows = 215"
<br><br><br>string(9) "jehdpires"
string(25) "Cantidad de follows = 800"
<br><br><br>string(18) "emagrecer_agora.br"
string(26) "Cantidad de follows = 1040"
<br><br><br>string(9) "caio_luka"
string(25) "Cantidad de follows = 326"
<br><br><br>string(10) "brasil.anb"
string(25) "Cantidad de follows = 705"
<br><br><br>string(19) "jeanpiresfotografia"
string(26) "Cantidad de follows = 1090"
<br><br><br>object(stdClass)#84 (2) {
  ["id"]=>
  string(5) "31483"
  ["login"]=>
  string(12) "canutoandree"
}
string(15) "charles_gsilvaa"
string(26) "Cantidad de follows = 1882"
<br><br><br>string(15) "theluccassantos"
string(26) "Cantidad de follows = 1163"
<br><br><br>string(10) "biih_faith"
string(26) "Cantidad de follows = 1464"
<br><br><br>string(18) "leonardomonteiro00"
string(25) "Cantidad de follows = 889"
<br><br><br>string(17) "carlafagundesblog"
string(26) "Cantidad de follows = 6223"
<br><br><br>string(13) "aguedamaurien"
string(26) "Cantidad de follows = 2563"
<br><br><br>string(13) "pedrosagfteam"
string(26) "Cantidad de follows = 1897"
<br><br><br>string(9) "eusoudaro"
string(26) "Cantidad de follows = 1662"
<br><br><br>string(14) "caiquefregnani"
string(27) "Cantidad de follows = 10840"
<br><br><br>string(14) "heitorsoares.c"
string(26) "Cantidad de follows = 7913"
<br><br><br>string(21) "mulheres_que_se_amam_"
string(24) "Cantidad de follows = 70"
<br><br><br>string(17) "marco.suplementos"
string(27) "Cantidad de follows = 10133"
<br><br><br>string(8) "tetovivo"
string(26) "Cantidad de follows = 1992"
<br><br><br>string(14) "andrewanderley"
string(26) "Cantidad de follows = 3595"
<br><br><br>string(9) "vitormc83"
string(25) "Cantidad de follows = 178"
<br><br><br>string(8) "_lsilvva"
string(26) "Cantidad de follows = 6231"
<br><br><br>string(17) "clube_das_gostosa"
string(26) "Cantidad de follows = 2260"
<br><br><br>string(17) "esteticista_julia"
string(25) "Cantidad de follows = 637"
<br><br><br>string(10) "kauadellon"
string(25) "Cantidad de follows = 902"
<br><br><br>string(20) "divulgageraisoficial"
string(27) "Cantidad de follows = 20975"
<br><br><br>string(18) "dr.grimaldobicalho"
string(26) "Cantidad de follows = 1712"
<br><br><br>object(stdClass)#207 (2) {
  ["id"]=>
  string(5) "31679"
  ["login"]=>
  string(13) "eiandrecanuto"
}
string(10) "mariodj.uy"
string(26) "Cantidad de follows = 1944"
<br><br><br>string(14) "stephanmarinho"
string(26) "Cantidad de follows = 7067"
<br><br><br>string(9) "misouza07"
string(25) "Cantidad de follows = 722"
<br><br><br>string(16) "glaubritooficial"
string(26) "Cantidad de follows = 2151"
<br><br><br>string(18) "anacarolinefavacho"
string(26) "Cantidad de follows = 1178"
<br><br><br>string(17) "natpharmafarmacia"
string(25) "Cantidad de follows = 726"
<br><br><br>string(13) "tablesdecorpy"
string(25) "Cantidad de follows = 618"
<br><br><br>string(18) "julianasilvaespaco"
string(26) "Cantidad de follows = 1243"
<br><br><br>string(22) "alice_carvalho_oficial"
string(26) "Cantidad de follows = 1315"
<br><br><br>string(14) "juliaparanhos_"
string(27) "Cantidad de follows = 41399"
<br><br><br>string(18) "rannabeckeroficial"
string(27) "Cantidad de follows = 20260"
<br><br><br>string(13) "gomesterapias"
string(27) "Cantidad de follows = 48780"
<br><br><br>string(10) "filhoteeco"
string(27) "Cantidad de follows = 32732"
<br><br><br>object(stdClass)#162 (2) {
  ["id"]=>
  string(5) "31757"
  ["login"]=>
  string(15) "umbr_no_youtube"
}
string(12) "jeff_valerio"
string(25) "Cantidad de follows = 329"
<br><br><br>string(12) "calmbunnypet"
string(25) "Cantidad de follows = 633"
<br><br><br>string(9) "equipe.dx"
string(26) "Cantidad de follows = 2469"
<br><br><br>string(11) "mr.andyarte"
string(25) "Cantidad de follows = 322"
<br><br><br>string(12) "401loungebar"
string(26) "Cantidad de follows = 6775"
<br><br><br>string(14) "edinhotattoojc"
string(27) "Cantidad de follows = 10910"
<br><br><br>string(16) "claudio__soaress"
string(25) "Cantidad de follows = 154"
<br><br><br>string(17) "eduardo_purapesca"
string(28) "Cantidad de follows = 118345"
<br><br><br>string(18) "psi.brunarodrigues"
string(25) "Cantidad de follows = 145"
<br><br><br>string(14) "dillyscoralick"
string(26) "Cantidad de follows = 7882"
<br><br><br>string(15) "vitorhugomsouza"
string(25) "Cantidad de follows = 223"
<br><br><br>string(21) "maktubemiratessbrasil"
string(25) "Cantidad de follows = 142"
<br><br><br>string(8) "opldecor"
string(25) "Cantidad de follows = 236"
<br><br><br>string(8) "yslaoker"
string(24) "Cantidad de follows = 16"
<br><br><br>\n<br>JOB DONE!!!<br>\n2018-10-20 07:54:45am