DAILY REPORT Inited...!<br>
2018-10-29 06:30:01am<br>
string(14) "alberto_dreyes"
string(27) "Cantidad de follows = 14298"
<br><br><br>string(19) "opiniaoconservadora"
string(27) "Cantidad de follows = 59891"
<br><br><br>string(17) "sibitecomunicacao"
string(27) "Cantidad de follows = 10196"
<br><br><br>string(11) "mo.taniguti"
string(27) "Cantidad de follows = 20786"
<br><br><br>object(stdClass)#30 (2) {
  ["id"]=>
  string(3) "146"
  ["login"]=>
  string(12) "auepromocoes"
}
string(23) "jeunesse_bycrislafratta"
string(25) "Cantidad de follows = 185"
<br><br><br>string(12) "lily.s.alves"
string(26) "Cantidad de follows = 2073"
<br><br><br>string(10) "powerlook_"
string(27) "Cantidad de follows = 61226"
<br><br><br>object(stdClass)#12 (2) {
  ["id"]=>
  string(3) "245"
  ["login"]=>
  string(18) "xodozinho.retratos"
}
object(stdClass)#22 (2) {
  ["id"]=>
  string(3) "867"
  ["login"]=>
  string(14) "joaovictorjvb1"
}
object(stdClass)#12 (2) {
  ["id"]=>
  string(4) "1059"
  ["login"]=>
  string(8) "graverrj"
}
string(7) "ma_luco"
string(27) "Cantidad de follows = 28571"
<br><br><br>string(12) "carlloooooss"
string(26) "Cantidad de follows = 1298"
<br><br><br>string(15) "sapatodochef.pa"
string(26) "Cantidad de follows = 2360"
<br><br><br>object(stdClass)#219 (2) {
  ["id"]=>
  string(4) "2175"
  ["login"]=>
  string(10) "vireiloira"
}
string(18) "mercadomodelobahia"
string(26) "Cantidad de follows = 9074"
<br><br><br>string(11) "thayscalmon"
string(26) "Cantidad de follows = 5323"
<br><br><br>string(11) "decoremundo"
string(27) "Cantidad de follows = 14293"
<br><br><br>string(9) "decorcool"
string(23) "Cantidad de follows = 7"
<br><br><br>string(8) "fragabar"
string(26) "Cantidad de follows = 4379"
<br><br><br>string(8) "lorenaym"
string(24) "Cantidad de follows = 77"
<br><br><br>string(11) "pamelaotero"
string(27) "Cantidad de follows = 46084"
<br><br><br>string(19) "starpointcollection"
string(27) "Cantidad de follows = 12613"
<br><br><br>string(9) "katiacsdc"
string(27) "Cantidad de follows = 18385"
<br><br><br>string(14) "grazielialvess"
string(27) "Cantidad de follows = 21530"
<br><br><br>string(22) "dra_barbaravasconcelos"
string(27) "Cantidad de follows = 24690"
<br><br><br>string(21) "comandantedochurrasco"
string(27) "Cantidad de follows = 56598"
<br><br><br>string(12) "40antesdos40"
string(27) "Cantidad de follows = 28564"
<br><br><br>string(19) "intimissimisalvador"
string(27) "Cantidad de follows = 13345"
<br><br><br>string(16) "drricardopalacio"
string(27) "Cantidad de follows = 26007"
<br><br><br>string(12) "pollyruffini"
string(26) "Cantidad de follows = 7540"
<br><br><br>string(14) "carlos_skatmar"
string(26) "Cantidad de follows = 2351"
<br><br><br>string(10) "star_point"
string(27) "Cantidad de follows = 33042"
<br><br><br>string(8) "rruizmma"
string(27) "Cantidad de follows = 47044"
<br><br><br>string(8) "dumbu.09"
string(26) "Cantidad de follows = 7663"
<br><br><br>string(11) "sandrozion7"
string(27) "Cantidad de follows = 20975"
<br><br><br>string(17) "grandville_hoteis"
string(27) "Cantidad de follows = 12694"
<br><br><br>string(11) "josiasdiass"
string(27) "Cantidad de follows = 18050"
<br><br><br>string(18) "barbaracampospalma"
string(26) "Cantidad de follows = 8710"
<br><br><br>string(9) "telless13"
string(27) "Cantidad de follows = 14391"
<br><br><br>string(13) "bandamegafire"
string(27) "Cantidad de follows = 23296"
<br><br><br>string(17) "sosoportunidade10"
string(25) "Cantidad de follows = 965"
<br><br><br>string(18) "academia_king_thai"
string(26) "Cantidad de follows = 5079"
<br><br><br>string(13) "renatafontany"
string(27) "Cantidad de follows = 33792"
<br><br><br>string(14) "cabelosaugusto"
string(27) "Cantidad de follows = 23783"
<br><br><br>string(14) "brunocerqueira"
string(27) "Cantidad de follows = 10513"
<br><br><br>string(10) "noxboymike"
string(26) "Cantidad de follows = 5441"
<br><br><br>string(20) "juliobaptistaoficial"
string(28) "Cantidad de follows = 251022"
<br><br><br>string(21) "ateliermarielamoreira"
string(27) "Cantidad de follows = 15863"
<br><br><br>object(stdClass)#64 (2) {
  ["id"]=>
  string(5) "11096"
  ["login"]=>
  string(12) "michaelletjp"
}
object(stdClass)#175 (2) {
  ["id"]=>
  string(5) "11099"
  ["login"]=>
  string(13) "agostochuvoso"
}
string(11) "insultedboy"
string(26) "Cantidad de follows = 3506"
<br><br><br>string(11) "weilla_morg"
string(25) "Cantidad de follows = 940"
<br><br><br>string(11) "raphabritoo"
string(27) "Cantidad de follows = 16039"
<br><br><br>string(10) "vinihveiga"
string(26) "Cantidad de follows = 4067"
<br><br><br>object(stdClass)#69 (2) {
  ["id"]=>
  string(5) "11131"
  ["login"]=>
  string(14) "deliciasdoronk"
}
string(16) "duuduuzinhosilva"
string(26) "Cantidad de follows = 3043"
<br><br><br>string(9) "carlosbsg"
string(25) "Cantidad de follows = 924"
<br><br><br>string(12) "danndourado0"
string(27) "Cantidad de follows = 15364"
<br><br><br>string(7) "biel312"
string(23) "Cantidad de follows = 9"
<br><br><br>string(11) "caiogrunupp"
string(26) "Cantidad de follows = 3307"
<br><br><br>string(11) "paullonunan"
string(26) "Cantidad de follows = 1434"
<br><br><br>string(12) "pablodiego15"
string(26) "Cantidad de follows = 1134"
<br><br><br>object(stdClass)#149 (2) {
  ["id"]=>
  string(5) "11230"
  ["login"]=>
  string(16) "_luferreiranunes"
}
string(14) "natan_mantelli"
string(25) "Cantidad de follows = 796"
<br><br><br>string(17) "antoniocarlos3627"
string(24) "Cantidad de follows = 45"
<br><br><br>string(11) "365_indubai"
string(27) "Cantidad de follows = 22109"
<br><br><br>object(stdClass)#60 (2) {
  ["id"]=>
  string(5) "11239"
  ["login"]=>
  string(12) "ceottosinuhe"
}
string(14) "vitoriaabritto"
string(27) "Cantidad de follows = 40208"
<br><br><br>string(11) "lojaoperapc"
string(27) "Cantidad de follows = 23942"
<br><br><br>string(12) "huealimentos"
string(26) "Cantidad de follows = 5175"
<br><br><br>string(13) "kstimportados"
string(26) "Cantidad de follows = 4368"
<br><br><br>string(7) "wi11see"
string(27) "Cantidad de follows = 11469"
<br><br><br>string(12) "s7_producoes"
string(26) "Cantidad de follows = 5992"
<br><br><br>string(12) "gabrielaribi"
string(26) "Cantidad de follows = 7615"
<br><br><br>string(17) "brunosennaimagens"
string(27) "Cantidad de follows = 13170"
<br><br><br>string(14) "maycowmontemor"
string(27) "Cantidad de follows = 32569"
<br><br><br>string(14) "alinemarcovici"
string(27) "Cantidad de follows = 18503"
<br><br><br>string(10) "junior.dev"
string(27) "Cantidad de follows = 17611"
<br><br><br>string(13) "amaassessoria"
string(26) "Cantidad de follows = 7629"
<br><br><br>string(11) "julisciotto"
string(27) "Cantidad de follows = 25476"
<br><br><br>string(14) "draalinehsilva"
string(27) "Cantidad de follows = 20129"
<br><br><br>string(13) "rodasemotores"
string(27) "Cantidad de follows = 14616"
<br><br><br>string(15) "claracamposmaya"
string(26) "Cantidad de follows = 4323"
<br><br><br>string(19) "thamaraelisa.tattoo"
string(27) "Cantidad de follows = 14252"
<br><br><br>string(15) "megaminassports"
string(26) "Cantidad de follows = 6769"
<br><br><br>string(16) "agencia_portal37"
string(26) "Cantidad de follows = 3311"
<br><br><br>object(stdClass)#157 (2) {
  ["id"]=>
  string(5) "11792"
  ["login"]=>
  string(14) "hf_metalurgica"
}
string(13) "grillegourmet"
string(26) "Cantidad de follows = 5104"
<br><br><br>string(11) "davidkapper"
string(27) "Cantidad de follows = 13077"
<br><br><br>string(11) "7chavesfoto"
string(27) "Cantidad de follows = 11004"
<br><br><br>string(11) "joiaskether"
string(27) "Cantidad de follows = 19536"
<br><br><br>string(14) "luziasantana33"
string(28) "Cantidad de follows = 235554"
<br><br><br>string(13) "thiagovaleiro"
string(26) "Cantidad de follows = 3815"
<br><br><br>object(stdClass)#77 (2) {
  ["id"]=>
  string(5) "12434"
  ["login"]=>
  string(9) "dupicasso"
}
string(11) "laura_bergo"
string(26) "Cantidad de follows = 6403"
<br><br><br>string(15) "dra.raphabecker"
string(27) "Cantidad de follows = 19705"
<br><br><br>string(8) "letdaher"
string(27) "Cantidad de follows = 28276"
<br><br><br>string(9) "dgarciia_"
string(25) "Cantidad de follows = 863"
<br><br><br>string(10) "joaosurf12"
string(24) "Cantidad de follows = 97"
<br><br><br>string(8) "itsandco"
string(27) "Cantidad de follows = 21271"
<br><br><br>string(10) "ela_andrea"
string(27) "Cantidad de follows = 22483"
<br><br><br>string(14) "nafurtadocakes"
string(26) "Cantidad de follows = 6668"
<br><br><br>string(18) "castrolautoservice"
string(26) "Cantidad de follows = 9318"
<br><br><br>string(9) "livdrinks"
string(27) "Cantidad de follows = 47425"
<br><br><br>string(18) "portalautoshopping"
string(27) "Cantidad de follows = 12144"
<br><br><br>string(20) "manu.mamaeaoquadrado"
string(26) "Cantidad de follows = 9609"
<br><br><br>string(15) "odontowebschool"
string(27) "Cantidad de follows = 10535"
<br><br><br>string(9) "abarkeria"
string(27) "Cantidad de follows = 33539"
<br><br><br>object(stdClass)#200 (2) {
  ["id"]=>
  string(5) "15166"
  ["login"]=>
  string(14) "__fehholiveira"
}
string(10) "ninabaking"
string(26) "Cantidad de follows = 8984"
<br><br><br>string(10) "jgiordanoo"
string(27) "Cantidad de follows = 12496"
<br><br><br>string(18) "domhairfelippewill"
string(27) "Cantidad de follows = 11624"
<br><br><br>string(7) "pbpetti"
string(27) "Cantidad de follows = 39558"
<br><br><br>string(10) "psych0wolf"
string(25) "Cantidad de follows = 401"
<br><br><br>string(8) "andreiso"
string(26) "Cantidad de follows = 9570"
<br><br><br>string(13) "biadiascoelho"
string(26) "Cantidad de follows = 4881"
<br><br><br>string(8) "mytrips7"
string(25) "Cantidad de follows = 528"
<br><br><br>string(13) "directdireito"
string(27) "Cantidad de follows = 11156"
<br><br><br>string(12) "patrickvalle"
string(26) "Cantidad de follows = 3546"
<br><br><br>string(21) "lucianalauferofficial"
string(27) "Cantidad de follows = 18925"
<br><br><br>string(10) "flavia_vdr"
string(27) "Cantidad de follows = 11262"
<br><br><br>object(stdClass)#104 (2) {
  ["id"]=>
  string(5) "16861"
  ["login"]=>
  string(14) "mickael_cortes"
}
string(16) "helder_del_monte"
string(27) "Cantidad de follows = 17152"
<br><br><br>string(18) "physicalpilates_bh"
string(26) "Cantidad de follows = 5593"
<br><br><br>string(13) "faleiroslaura"
string(27) "Cantidad de follows = 12927"
<br><br><br>string(11) "dannysetudo"
string(27) "Cantidad de follows = 10978"
<br><br><br>string(15) "portodepiranhas"
string(27) "Cantidad de follows = 10445"
<br><br><br>string(24) "contadordehistoriasreais"
string(27) "Cantidad de follows = 32819"
<br><br><br>string(6) "guil38"
string(26) "Cantidad de follows = 6704"
<br><br><br>string(22) "vacationhomeneardisney"
string(27) "Cantidad de follows = 19576"
<br><br><br>string(16) "drguilhermecravo"
string(26) "Cantidad de follows = 3154"
<br><br><br>string(6) "ossmkt"
string(26) "Cantidad de follows = 5285"
<br><br><br>string(10) "jhoneheber"
string(27) "Cantidad de follows = 23418"
<br><br><br>string(20) "justiniano0_official"
string(26) "Cantidad de follows = 2976"
<br><br><br>string(15) "sao_os_caipiras"
string(26) "Cantidad de follows = 9436"
<br><br><br>string(9) "acerickrj"
string(27) "Cantidad de follows = 12342"
<br><br><br>string(15) "leandrogarciadj"
string(27) "Cantidad de follows = 19706"
<br><br><br>string(14) "osnirhamburger"
string(26) "Cantidad de follows = 6903"
<br><br><br>string(8) "dutruffi"
string(27) "Cantidad de follows = 14122"
<br><br><br>string(9) "lschuback"
string(26) "Cantidad de follows = 7822"
<br><br><br>object(stdClass)#116 (2) {
  ["id"]=>
  string(5) "18103"
  ["login"]=>
  string(22) "denisegoncalves.santos"
}
string(14) "ethianemarques"
string(25) "Cantidad de follows = 688"
<br><br><br>string(10) "synaraleal"
string(27) "Cantidad de follows = 16293"
<br><br><br>string(8) "trinjune"
string(23) "Cantidad de follows = 0"
<br><br><br>string(12) "holy_popcorn"
string(27) "Cantidad de follows = 10767"
<br><br><br>string(9) "eltranvia"
string(27) "Cantidad de follows = 16268"
<br><br><br>string(19) "diegogoulartoficial"
string(27) "Cantidad de follows = 20468"
<br><br><br>string(15) "cartolinadesign"
string(26) "Cantidad de follows = 5721"
<br><br><br>string(9) "quarto_22"
string(26) "Cantidad de follows = 5844"
<br><br><br>string(10) "blogdakeli"
string(24) "Cantidad de follows = 11"
<br><br><br>object(stdClass)#26 (2) {
  ["id"]=>
  string(5) "18816"
  ["login"]=>
  string(10) "lefitnessb"
}
string(9) "awsmining"
string(26) "Cantidad de follows = 4802"
<br><br><br>string(13) "willianabrito"
string(26) "Cantidad de follows = 6712"
<br><br><br>string(23) "eusoutestemunhadogolias"
string(25) "Cantidad de follows = 204"
<br><br><br>string(16) "tumsoundfestival"
string(26) "Cantidad de follows = 1578"
<br><br><br>string(18) "casalbioequilibrio"
string(27) "Cantidad de follows = 11531"
<br><br><br>string(13) "mimosearomaas"
string(27) "Cantidad de follows = 11099"
<br><br><br>object(stdClass)#94 (2) {
  ["id"]=>
  string(5) "19152"
  ["login"]=>
  string(17) "gventurinpersonal"
}
string(9) "fastfitsc"
string(26) "Cantidad de follows = 3577"
<br><br><br>string(11) "raif_tattoo"
string(27) "Cantidad de follows = 13279"
<br><br><br>string(10) "hustler.hc"
string(26) "Cantidad de follows = 2444"
<br><br><br>string(9) "isarengel"
string(26) "Cantidad de follows = 6797"
<br><br><br>string(12) "solus_online"
string(26) "Cantidad de follows = 4148"
<br><br><br>string(11) "refugiohoje"
string(27) "Cantidad de follows = 12385"
<br><br><br>string(13) "nati.fressato"
string(26) "Cantidad de follows = 7195"
<br><br><br>string(17) "calcadospaubrasil"
string(26) "Cantidad de follows = 8244"
<br><br><br>string(10) "daly_store"
string(27) "Cantidad de follows = 21720"
<br><br><br>string(11) "angelosciao"
string(26) "Cantidad de follows = 5228"
<br><br><br>string(6) "fuinha"
string(25) "Cantidad de follows = 194"
<br><br><br>string(10) "kombi_krug"
string(25) "Cantidad de follows = 510"
<br><br><br>string(12) "rekombinando"
string(26) "Cantidad de follows = 5956"
<br><br><br>string(15) "blogdasusantoss"
string(26) "Cantidad de follows = 5393"
<br><br><br>string(15) "diadeacessorios"
string(26) "Cantidad de follows = 2300"
<br><br><br>string(18) "christians.pereira"
string(26) "Cantidad de follows = 3753"
<br><br><br>string(28) "pedrowilsonrodriguespimentel"
string(26) "Cantidad de follows = 7675"
<br><br><br>string(15) "atelieluizrocha"
string(27) "Cantidad de follows = 10174"
<br><br><br>string(12) "bibiscamargo"
string(26) "Cantidad de follows = 2031"
<br><br><br>string(16) "centerperfumaria"
string(26) "Cantidad de follows = 5505"
<br><br><br>string(10) "pmelorocha"
string(26) "Cantidad de follows = 6353"
<br><br><br>object(stdClass)#61 (2) {
  ["id"]=>
  string(5) "20149"
  ["login"]=>
  string(14) "thaliaalvesdec"
}
string(12) "yasminndias_"
string(26) "Cantidad de follows = 9298"
<br><br><br>string(17) "jb_alves_educador"
string(26) "Cantidad de follows = 3567"
<br><br><br>string(24) "leonardosantosfotografia"
string(27) "Cantidad de follows = 39568"
<br><br><br>string(8) "sporttot"
string(24) "Cantidad de follows = 23"
<br><br><br>object(stdClass)#89 (2) {
  ["id"]=>
  string(5) "20503"
  ["login"]=>
  string(8) "chandler"
}
string(13) "ayllesantiago"
string(28) "Cantidad de follows = 144696"
<br><br><br>string(12) "maisonbiarro"
string(27) "Cantidad de follows = 31072"
<br><br><br>string(15) "iselamendozadec"
string(26) "Cantidad de follows = 6472"
<br><br><br>string(9) "bamboh.pt"
string(26) "Cantidad de follows = 2602"
<br><br><br>string(12) "redeentropia"
string(26) "Cantidad de follows = 5876"
<br><br><br>object(stdClass)#156 (2) {
  ["id"]=>
  string(5) "20682"
  ["login"]=>
  string(11) "farmapharma"
}
string(18) "calabriapizzariarj"
string(26) "Cantidad de follows = 2456"
<br><br><br>object(stdClass)#156 (2) {
  ["id"]=>
  string(5) "20818"
  ["login"]=>
  string(20) "cadillacs.pastelaria"
}
object(stdClass)#71 (2) {
  ["id"]=>
  string(5) "20927"
  ["login"]=>
  string(25) "missionariojairodossantos"
}
object(stdClass)#156 (2) {
  ["id"]=>
  string(5) "21062"
  ["login"]=>
  string(13) "jesuisluciano"
}
object(stdClass)#71 (2) {
  ["id"]=>
  string(5) "21230"
  ["login"]=>
  string(9) "vikatorsc"
}
string(19) "nicollystoreoficial"
string(26) "Cantidad de follows = 7582"
<br><br><br>object(stdClass)#71 (2) {
  ["id"]=>
  string(5) "21368"
  ["login"]=>
  string(18) "ricardoribeiro0013"
}
string(24) "ramossegurancaeletronica"
string(26) "Cantidad de follows = 3284"
<br><br><br>string(18) "camacariplazahotel"
string(26) "Cantidad de follows = 6337"
<br><br><br>string(13) "_telesgabriel"
string(26) "Cantidad de follows = 3146"
<br><br><br>string(12) "fbfabiolopes"
string(26) "Cantidad de follows = 8916"
<br><br><br>object(stdClass)#175 (2) {
  ["id"]=>
  string(5) "21517"
  ["login"]=>
  string(23) "biscuitporvictorialeite"
}
string(10) "trapburger"
string(26) "Cantidad de follows = 2629"
<br><br><br>string(20) "shoppingcasaedesign_"
string(26) "Cantidad de follows = 8870"
<br><br><br>string(9) "samiilly_"
string(27) "Cantidad de follows = 18424"
<br><br><br>object(stdClass)#104 (2) {
  ["id"]=>
  string(5) "21731"
  ["login"]=>
  string(9) "conhecaes"
}
string(7) "loirasn"
string(25) "Cantidad de follows = 191"
<br><br><br>string(15) "santasticauniao"
string(26) "Cantidad de follows = 6263"
<br><br><br>string(19) "embraconcondominios"
string(26) "Cantidad de follows = 4931"
<br><br><br>string(17) "hamburguinhomoema"
string(27) "Cantidad de follows = 61238"
<br><br><br>string(14) "vilmamartins_7"
string(26) "Cantidad de follows = 1310"
<br><br><br>string(12) "leticiajural"
string(26) "Cantidad de follows = 8442"
<br><br><br>string(8) "_zero100"
string(27) "Cantidad de follows = 52003"
<br><br><br>string(20) "lionrollingcircusrio"
string(27) "Cantidad de follows = 14895"
<br><br><br>string(9) "_nerdjunk"
string(26) "Cantidad de follows = 5331"
<br><br><br>string(10) "pilotelton"
string(27) "Cantidad de follows = 11445"
<br><br><br>string(14) "marcioancelmoo"
string(26) "Cantidad de follows = 4940"
<br><br><br>object(stdClass)#97 (2) {
  ["id"]=>
  string(5) "22627"
  ["login"]=>
  string(18) "lucaswiliamsoliver"
}
string(14) "kevinlorenzorj"
string(26) "Cantidad de follows = 3365"
<br><br><br>object(stdClass)#97 (2) {
  ["id"]=>
  string(5) "22701"
  ["login"]=>
  string(21) "falandodemaquiagem_01"
}
string(13) "georgemuchuli"
string(26) "Cantidad de follows = 7724"
<br><br><br>string(15) "wendell_alvess_"
string(24) "Cantidad de follows = 94"
<br><br><br>object(stdClass)#57 (2) {
  ["id"]=>
  string(5) "22786"
  ["login"]=>
  string(6) "jpzk02"
}
object(stdClass)#189 (2) {
  ["id"]=>
  string(5) "22791"
  ["login"]=>
  string(13) "rodrigues.exe"
}
object(stdClass)#57 (2) {
  ["id"]=>
  string(5) "22915"
  ["login"]=>
  string(10) "5000covers"
}
string(18) "marciomouraoficial"
string(27) "Cantidad de follows = 12475"
<br><br><br>object(stdClass)#57 (2) {
  ["id"]=>
  string(5) "23135"
  ["login"]=>
  string(15) "daniak_boutique"
}
string(23) "formatacaotccmonografia"
string(24) "Cantidad de follows = 96"
<br><br><br>object(stdClass)#57 (2) {
  ["id"]=>
  string(5) "23274"
  ["login"]=>
  string(6) "nekkow"
}
string(5) "lucao"
string(25) "Cantidad de follows = 560"
<br><br><br>string(6) "lucao2"
string(25) "Cantidad de follows = 595"
<br><br><br>string(13) "marcelomarkes"
string(27) "Cantidad de follows = 19978"
<br><br><br>string(14) "dl_beautysalon"
string(26) "Cantidad de follows = 1958"
<br><br><br>string(15) "ariadinebarreto"
string(27) "Cantidad de follows = 14433"
<br><br><br>string(13) "canalsemjacar"
string(27) "Cantidad de follows = 14148"
<br><br><br>string(11) "hiratabreno"
string(27) "Cantidad de follows = 12525"
<br><br><br>string(14) "erickspimentel"
string(26) "Cantidad de follows = 2018"
<br><br><br>string(12) "jessicaiwata"
string(27) "Cantidad de follows = 34220"
<br><br><br>string(14) "dnaphotoevideo"
string(27) "Cantidad de follows = 29146"
<br><br><br>string(18) "gamecenterpaulista"
string(27) "Cantidad de follows = 10330"
<br><br><br>string(10) "pacofishrd"
string(26) "Cantidad de follows = 8047"
<br><br><br>string(14) "qualityhotelsd"
string(26) "Cantidad de follows = 1203"
<br><br><br>string(17) "isabellabofficial"
string(27) "Cantidad de follows = 13910"
<br><br><br>string(13) "alialioficial"
string(25) "Cantidad de follows = 673"
<br><br><br>string(15) "barbeariadoneno"
string(27) "Cantidad de follows = 13608"
<br><br><br>string(10) "plagamba01"
string(26) "Cantidad de follows = 2741"
<br><br><br>string(11) "oscarcauchi"
string(26) "Cantidad de follows = 3596"
<br><br><br>string(7) "18laras"
string(26) "Cantidad de follows = 1814"
<br><br><br>string(16) "entreomarealagoa"
string(26) "Cantidad de follows = 1694"
<br><br><br>string(9) "darlanred"
string(27) "Cantidad de follows = 21872"
<br><br><br>string(15) "riolisboabrasil"
string(25) "Cantidad de follows = 205"
<br><br><br>string(12) "studio4cinco"
string(26) "Cantidad de follows = 4928"
<br><br><br>string(13) "fabriciofabre"
string(26) "Cantidad de follows = 8611"
<br><br><br>string(22) "suamusicapersonalizada"
string(27) "Cantidad de follows = 11739"
<br><br><br>string(8) "kevinvem"
string(23) "Cantidad de follows = 5"
<br><br><br>string(12) "djallannatal"
string(27) "Cantidad de follows = 30027"
<br><br><br>string(15) "polpasempreviva"
string(27) "Cantidad de follows = 34363"
<br><br><br>string(9) "eccgamers"
string(25) "Cantidad de follows = 176"
<br><br><br>string(8) "kessyaaa"
string(27) "Cantidad de follows = 11013"
<br><br><br>string(8) "celparra"
string(27) "Cantidad de follows = 10712"
<br><br><br>object(stdClass)#151 (2) {
  ["id"]=>
  string(5) "25524"
  ["login"]=>
  string(11) "tompson9345"
}
string(13) "mayconbarroco"
string(27) "Cantidad de follows = 18531"
<br><br><br>string(9) "caiocesar"
string(24) "Cantidad de follows = 87"
<br><br><br>object(stdClass)#172 (2) {
  ["id"]=>
  string(5) "25968"
  ["login"]=>
  string(8) "lil.fama"
}
string(12) "institutoybi"
string(27) "Cantidad de follows = 17856"
<br><br><br>object(stdClass)#172 (2) {
  ["id"]=>
  string(5) "26183"
  ["login"]=>
  string(14) "andresa_lebens"
}
object(stdClass)#215 (2) {
  ["id"]=>
  string(5) "26226"
  ["login"]=>
  string(7) "yuryv05"
}
string(15) "eliana_casimiro"
string(26) "Cantidad de follows = 5592"
<br><br><br>string(11) "maloohstore"
string(26) "Cantidad de follows = 3837"
<br><br><br>string(16) "simplesmenteamei"
string(27) "Cantidad de follows = 16026"
<br><br><br>string(16) "drraphaelmarques"
string(27) "Cantidad de follows = 21313"
<br><br><br>string(10) "casazunzun"
string(26) "Cantidad de follows = 5912"
<br><br><br>string(14) "draraymedeiros"
string(26) "Cantidad de follows = 1562"
<br><br><br>string(21) "lucaslermenfotografia"
string(27) "Cantidad de follows = 15381"
<br><br><br>string(16) "bracholuismiguel"
string(25) "Cantidad de follows = 843"
<br><br><br>string(17) "draflaviasgavioli"
string(27) "Cantidad de follows = 42075"
<br><br><br>string(16) "rafamello_cantor"
string(26) "Cantidad de follows = 9044"
<br><br><br>string(13) "gabinassyrios"
string(27) "Cantidad de follows = 28362"
<br><br><br>string(13) "cardosodani78"
string(25) "Cantidad de follows = 408"
<br><br><br>object(stdClass)#116 (2) {
  ["id"]=>
  string(5) "27362"
  ["login"]=>
  string(9) "k123silva"
}
string(9) "labotique"
string(25) "Cantidad de follows = 275"
<br><br><br>object(stdClass)#116 (2) {
  ["id"]=>
  string(5) "27429"
  ["login"]=>
  string(11) "eco.noronha"
}
string(13) "gelottisports"
string(26) "Cantidad de follows = 6287"
<br><br><br>string(13) "bombeefsantos"
string(27) "Cantidad de follows = 71602"
<br><br><br>string(15) "parvathi_brasil"
string(26) "Cantidad de follows = 8868"
<br><br><br>string(9) "lobotique"
string(26) "Cantidad de follows = 6664"
<br><br><br>string(8) "talincas"
string(27) "Cantidad de follows = 22519"
<br><br><br>string(21) "visagismofacial_drika"
string(25) "Cantidad de follows = 750"
<br><br><br>string(13) "bakwarabrasil"
string(26) "Cantidad de follows = 1559"
<br><br><br>string(19) "carlabarcellosjoias"
string(27) "Cantidad de follows = 11495"
<br><br><br>string(16) "programagameover"
string(26) "Cantidad de follows = 1100"
<br><br><br>string(15) "aafrodite.store"
string(26) "Cantidad de follows = 5705"
<br><br><br>string(12) "rogiacomello"
string(26) "Cantidad de follows = 1430"
<br><br><br>string(11) "solvebrazil"
string(26) "Cantidad de follows = 1160"
<br><br><br>string(16) "drafernandavolpi"
string(27) "Cantidad de follows = 12422"
<br><br><br>object(stdClass)#101 (2) {
  ["id"]=>
  string(5) "27722"
  ["login"]=>
  string(14) "maribel.silent"
}
string(13) "miocheoficial"
string(27) "Cantidad de follows = 46059"
<br><br><br>string(11) "daylipadron"
string(26) "Cantidad de follows = 8673"
<br><br><br>string(14) "mercadolabarra"
string(26) "Cantidad de follows = 4744"
<br><br><br>string(10) "naraabreuu"
string(26) "Cantidad de follows = 4485"
<br><br><br>string(8) "lukmodas"
string(26) "Cantidad de follows = 8295"
<br><br><br>string(21) "girlsgardenacessorios"
string(26) "Cantidad de follows = 2002"
<br><br><br>string(13) "capimlimaomga"
string(26) "Cantidad de follows = 5813"
<br><br><br>string(15) "maxpremiumjeans"
string(26) "Cantidad de follows = 8492"
<br><br><br>string(8) "bruna.fb"
string(27) "Cantidad de follows = 21094"
<br><br><br>string(14) "na_cara_do_gol"
string(26) "Cantidad de follows = 3035"
<br><br><br>string(13) "jessicacytrus"
string(27) "Cantidad de follows = 29900"
<br><br><br>string(11) "cyrofuziama"
string(27) "Cantidad de follows = 25027"
<br><br><br>string(11) "thaycomfome"
string(27) "Cantidad de follows = 27084"
<br><br><br>string(10) "dankana_dk"
string(26) "Cantidad de follows = 8950"
<br><br><br>string(13) "vivimaquiagem"
string(26) "Cantidad de follows = 3456"
<br><br><br>string(14) "fshirtsdesigns"
string(25) "Cantidad de follows = 368"
<br><br><br>string(15) "closetdasduasto"
string(27) "Cantidad de follows = 14653"
<br><br><br>object(stdClass)#217 (2) {
  ["id"]=>
  string(5) "28069"
  ["login"]=>
  string(14) "rosaduartelash"
}
string(11) "gardelmaroz"
string(26) "Cantidad de follows = 6637"
<br><br><br>object(stdClass)#217 (2) {
  ["id"]=>
  string(5) "28080"
  ["login"]=>
  string(16) "msanchescaroline"
}
object(stdClass)#227 (2) {
  ["id"]=>
  string(5) "28092"
  ["login"]=>
  string(9) "pri_avlis"
}
string(13) "ferefacrochet"
string(26) "Cantidad de follows = 9188"
<br><br><br>object(stdClass)#227 (2) {
  ["id"]=>
  string(5) "28099"
  ["login"]=>
  string(13) "menezesandree"
}
string(7) "nr_mini"
string(27) "Cantidad de follows = 11655"
<br><br><br>string(6) "dz9bnb"
string(26) "Cantidad de follows = 3804"
<br><br><br>object(stdClass)#168 (2) {
  ["id"]=>
  string(5) "28145"
  ["login"]=>
  string(20) "nossoapartamento_103"
}
string(18) "cheirinhodamariana"
string(26) "Cantidad de follows = 7675"
<br><br><br>object(stdClass)#168 (2) {
  ["id"]=>
  string(5) "28213"
  ["login"]=>
  string(15) "malucassimiro.r"
}
string(16) "alvomarketingagc"
string(26) "Cantidad de follows = 9382"
<br><br><br>string(17) "ilmiocasamentoios"
string(26) "Cantidad de follows = 4319"
<br><br><br>string(16) "dranayanepacheco"
string(28) "Cantidad de follows = 147952"
<br><br><br>string(24) "silvanonunes.hairstylist"
string(27) "Cantidad de follows = 26658"
<br><br><br>object(stdClass)#216 (2) {
  ["id"]=>
  string(5) "28276"
  ["login"]=>
  string(13) "tatyanealvess"
}
string(21) "closetdemulheroficial"
string(26) "Cantidad de follows = 4028"
<br><br><br>string(12) "maxiprodutos"
string(27) "Cantidad de follows = 20680"
<br><br><br>string(17) "drdanilopelegrino"
string(26) "Cantidad de follows = 5862"
<br><br><br>string(20) "mariaclaraguimaraes1"
string(27) "Cantidad de follows = 35584"
<br><br><br>string(15) "vitoria.mamedio"
string(26) "Cantidad de follows = 7600"
<br><br><br>string(12) "meirellesipc"
string(26) "Cantidad de follows = 1595"
<br><br><br>string(12) "luporluciana"
string(26) "Cantidad de follows = 8408"
<br><br><br>string(11) "andersonvoo"
string(26) "Cantidad de follows = 1057"
<br><br><br>string(14) "niqueferreiira"
string(27) "Cantidad de follows = 12310"
<br><br><br>string(15) "carlota_barnabe"
string(27) "Cantidad de follows = 12726"
<br><br><br>string(17) "drdanilopelegrino"
string(26) "Cantidad de follows = 5862"
<br><br><br>string(9) "lipinhuss"
string(26) "Cantidad de follows = 1787"
<br><br><br>string(13) "mayaramarkes_"
string(26) "Cantidad de follows = 8545"
<br><br><br>string(10) "ky2oficial"
string(26) "Cantidad de follows = 2675"
<br><br><br>string(11) "mendy_vivii"
string(26) "Cantidad de follows = 4407"
<br><br><br>object(stdClass)#125 (2) {
  ["id"]=>
  string(5) "28497"
  ["login"]=>
  string(21) "_medicinaintegrativa_"
}
string(25) "specialitycoffeegastropub"
string(25) "Cantidad de follows = 553"
<br><br><br>string(11) "carolsousas"
string(26) "Cantidad de follows = 3508"
<br><br><br>object(stdClass)#169 (2) {
  ["id"]=>
  string(5) "28517"
  ["login"]=>
  string(19) "martins_consultoria"
}
string(4) "fila"
string(25) "Cantidad de follows = 874"
<br><br><br>string(6) "reebok"
string(29) "Cantidad de follows = 2158618"
<br><br><br>string(8) "bindanvm"
string(26) "Cantidad de follows = 1514"
<br><br><br>string(18) "wesleyoliveirareal"
string(26) "Cantidad de follows = 2802"
<br><br><br>string(9) "indikqui_"
string(26) "Cantidad de follows = 1325"
<br><br><br>string(10) "luahungria"
string(26) "Cantidad de follows = 4472"
<br><br><br>object(stdClass)#131 (2) {
  ["id"]=>
  string(5) "28557"
  ["login"]=>
  string(10) "kaahcintra"
}
string(17) "reabilitar.studio"
string(26) "Cantidad de follows = 5930"
<br><br><br>string(9) "amaraljej"
string(25) "Cantidad de follows = 617"
<br><br><br>string(14) "websterramalho"
string(25) "Cantidad de follows = 728"
<br><br><br>string(24) "vida_sol_e_mar_ecoresort"
string(26) "Cantidad de follows = 7247"
<br><br><br>string(10) "aco_brasil"
string(26) "Cantidad de follows = 3442"
<br><br><br>string(13) "desafioadois2"
string(26) "Cantidad de follows = 6949"
<br><br><br>string(10) "joaozaneti"
string(27) "Cantidad de follows = 13148"
<br><br><br>string(12) "karbofitness"
string(27) "Cantidad de follows = 10937"
<br><br><br>string(12) "nayaranouber"
string(27) "Cantidad de follows = 18413"
<br><br><br>object(stdClass)#22 (2) {
  ["id"]=>
  string(5) "28654"
  ["login"]=>
  string(11) "ellenrauber"
}
object(stdClass)#213 (2) {
  ["id"]=>
  string(5) "28657"
  ["login"]=>
  string(14) "reserveviagens"
}
string(17) "ingrid_ferreira25"
string(25) "Cantidad de follows = 182"
<br><br><br>string(20) "neovita_fisioterapia"
string(26) "Cantidad de follows = 5059"
<br><br><br>string(17) "dunashookahlounge"
string(26) "Cantidad de follows = 9082"
<br><br><br>string(15) "emporio.forever"
string(25) "Cantidad de follows = 267"
<br><br><br>object(stdClass)#185 (2) {
  ["id"]=>
  string(5) "28678"
  ["login"]=>
  string(16) "mariakarencosta_"
}
string(13) "pretta_araujo"
string(27) "Cantidad de follows = 11879"
<br><br><br>string(18) "theo_kate_ragdolls"
string(26) "Cantidad de follows = 8440"
<br><br><br>string(9) "xaanndii_"
string(26) "Cantidad de follows = 1257"
<br><br><br>string(10) "raquellsan"
string(27) "Cantidad de follows = 25929"
<br><br><br>string(11) "quatro_maos"
string(26) "Cantidad de follows = 4239"
<br><br><br>string(20) "apaudiovisualoficial"
string(25) "Cantidad de follows = 570"
<br><br><br>string(15) "gameoverworldmx"
string(24) "Cantidad de follows = 31"
<br><br><br>string(10) "macielcaio"
string(26) "Cantidad de follows = 3033"
<br><br><br>string(10) "pp_eventos"
string(26) "Cantidad de follows = 3650"
<br><br><br>string(15) "renatacanizares"
string(27) "Cantidad de follows = 13550"
<br><br><br>string(12) "dermatofarma"
string(26) "Cantidad de follows = 8799"
<br><br><br>string(14) "cinarafestasbh"
string(27) "Cantidad de follows = 38661"
<br><br><br>string(10) "mreissilva"
string(27) "Cantidad de follows = 24196"
<br><br><br>string(17) "minutoscomdelavec"
string(27) "Cantidad de follows = 14231"
<br><br><br>string(9) "lilispada"
string(28) "Cantidad de follows = 718635"
<br><br><br>string(13) "edersilveiram"
string(26) "Cantidad de follows = 4498"
<br><br><br>string(15) "rosanatiburtino"
string(26) "Cantidad de follows = 1029"
<br><br><br>string(18) "stopscapautomotivo"
string(26) "Cantidad de follows = 6126"
<br><br><br>object(stdClass)#25 (2) {
  ["id"]=>
  string(5) "28849"
  ["login"]=>
  string(8) "plasjowl"
}
string(12) "itzackcamila"
string(26) "Cantidad de follows = 1337"
<br><br><br>string(15) "eu_gabicarvalho"
string(26) "Cantidad de follows = 3004"
<br><br><br>string(13) "everttonviana"
string(27) "Cantidad de follows = 10085"
<br><br><br>string(17) "shirleyalesantana"
string(27) "Cantidad de follows = 28549"
<br><br><br>string(14) "leticiastoledo"
string(26) "Cantidad de follows = 2541"
<br><br><br>string(14) "drpedroferrari"
string(27) "Cantidad de follows = 39354"
<br><br><br>string(11) "itamixbazar"
string(26) "Cantidad de follows = 4797"
<br><br><br>string(13) "trader_amador"
string(25) "Cantidad de follows = 164"
<br><br><br>string(16) "isabellasanchess"
string(26) "Cantidad de follows = 3019"
<br><br><br>object(stdClass)#172 (2) {
  ["id"]=>
  string(5) "28962"
  ["login"]=>
  string(15) "tiagomennezes11"
}
string(12) "bunkersounds"
string(26) "Cantidad de follows = 1728"
<br><br><br>string(14) "timmycelulares"
string(25) "Cantidad de follows = 219"
<br><br><br>object(stdClass)#25 (2) {
  ["id"]=>
  string(5) "28988"
  ["login"]=>
  string(15) "programavitrina"
}
object(stdClass)#85 (2) {
  ["id"]=>
  string(5) "28990"
  ["login"]=>
  string(17) "acade_corpoeforma"
}
object(stdClass)#25 (2) {
  ["id"]=>
  string(5) "28993"
  ["login"]=>
  string(11) "atgaranhuns"
}
string(20) "annamaya_arquitetura"
string(26) "Cantidad de follows = 9519"
<br><br><br>string(8) "1kgdobom"
string(27) "Cantidad de follows = 14988"
<br><br><br>string(13) "livre.digital"
string(26) "Cantidad de follows = 3905"
<br><br><br>string(14) "rhuanpenaforte"
string(27) "Cantidad de follows = 10640"
<br><br><br>string(16) "restaurantebario"
string(26) "Cantidad de follows = 1446"
<br><br><br>string(21) "felippeturtransportes"
string(26) "Cantidad de follows = 5840"
<br><br><br>string(15) "solarlifeenergy"
string(25) "Cantidad de follows = 550"
<br><br><br>string(18) "vinteumcomunicacao"
string(25) "Cantidad de follows = 575"
<br><br><br>string(18) "auto_escolaatitude"
string(26) "Cantidad de follows = 2039"
<br><br><br>string(13) "carollremigio"
string(26) "Cantidad de follows = 1064"
<br><br><br>string(20) "txcambioeturismo_rio"
string(26) "Cantidad de follows = 1290"
<br><br><br>string(13) "riveauxmerino"
string(26) "Cantidad de follows = 5463"
<br><br><br>string(15) "carneslaceleste"
string(26) "Cantidad de follows = 3101"
<br><br><br>string(11) "heroairsoft"
string(26) "Cantidad de follows = 3844"
<br><br><br>string(19) "brechoandreaventuro"
string(27) "Cantidad de follows = 36642"
<br><br><br>string(9) "samiilly_"
string(27) "Cantidad de follows = 18424"
<br><br><br>string(14) "luigi_bemporad"
string(24) "Cantidad de follows = 54"
<br><br><br>string(13) "luiz_skydiver"
string(26) "Cantidad de follows = 9813"
<br><br><br>string(15) "luanmachado.arq"
string(26) "Cantidad de follows = 1840"
<br><br><br>string(12) "kaikfariastv"
string(26) "Cantidad de follows = 2136"
<br><br><br>string(16) "colegioguarapuvu"
string(23) "Cantidad de follows = 1"
<br><br><br>string(9) "guarapuvu"
string(26) "Cantidad de follows = 3141"
<br><br><br>string(13) "purocafajeste"
string(27) "Cantidad de follows = 34161"
<br><br><br>string(11) "a_deziderio"
string(26) "Cantidad de follows = 2070"
<br><br><br>object(stdClass)#126 (2) {
  ["id"]=>
  string(5) "29171"
  ["login"]=>
  string(16) "ranchotalisma_mg"
}
object(stdClass)#84 (2) {
  ["id"]=>
  string(5) "29178"
  ["login"]=>
  string(16) "maryana_araujooc"
}
string(13) "vitormagnusss"
string(27) "Cantidad de follows = 42474"
<br><br><br>string(20) "franciscosilva_alves"
string(25) "Cantidad de follows = 264"
<br><br><br>string(17) "mrandersonalmeida"
string(26) "Cantidad de follows = 6519"
<br><br><br>string(10) "inovaluxrj"
string(25) "Cantidad de follows = 190"
<br><br><br>string(17) "mixturinhafashion"
string(26) "Cantidad de follows = 2215"
<br><br><br>string(22) "danelonprimeacessorios"
string(26) "Cantidad de follows = 4827"
<br><br><br>object(stdClass)#244 (2) {
  ["id"]=>
  string(5) "29219"
  ["login"]=>
  string(7) "ruivabr"
}
string(17) "luizjatobaoficial"
string(27) "Cantidad de follows = 10298"
<br><br><br>string(8) "thhai97_"
string(26) "Cantidad de follows = 1637"
<br><br><br>string(10) "tiago_kuhn"
string(26) "Cantidad de follows = 2316"
<br><br><br>object(stdClass)#72 (2) {
  ["id"]=>
  string(5) "29228"
  ["login"]=>
  string(13) "tiolavinicius"
}
string(15) "crisoliveiravmk"
string(26) "Cantidad de follows = 2272"
<br><br><br>object(stdClass)#72 (2) {
  ["id"]=>
  string(5) "29239"
  ["login"]=>
  string(15) "wesleymichelini"
}
string(18) "raphaelacapobiango"
string(26) "Cantidad de follows = 5684"
<br><br><br>string(11) "castrolucas"
string(26) "Cantidad de follows = 3577"
<br><br><br>string(16) "masseriniosteria"
string(26) "Cantidad de follows = 6440"
<br><br><br>string(10) "alvesgilli"
string(26) "Cantidad de follows = 2007"
<br><br><br>string(10) "felippetur"
string(27) "Cantidad de follows = 21234"
<br><br><br>string(25) "rodrigo.embraconconsorcio"
string(26) "Cantidad de follows = 6275"
<br><br><br>string(14) "naotolendoisso"
string(26) "Cantidad de follows = 3768"
<br><br><br>string(24) "elizabet_insurance_agent"
string(26) "Cantidad de follows = 1018"
<br><br><br>string(12) "elestore.rio"
string(26) "Cantidad de follows = 1906"
<br><br><br>string(14) "joannaa_aguiar"
string(25) "Cantidad de follows = 560"
<br><br><br>string(12) "ale.mmartins"
string(26) "Cantidad de follows = 1289"
<br><br><br>string(14) "ricvrdomoraes_"
string(26) "Cantidad de follows = 4268"
<br><br><br>string(16) "psgacademyrecife"
string(26) "Cantidad de follows = 4741"
<br><br><br>string(11) "diasluciano"
string(27) "Cantidad de follows = 16710"
<br><br><br>string(15) "othmanejennaoui"
string(27) "Cantidad de follows = 10937"
<br><br><br>string(14) "andresza_ramos"
string(26) "Cantidad de follows = 2009"
<br><br><br>string(23) "estetica.michelecamargo"
string(26) "Cantidad de follows = 3574"
<br><br><br>string(19) "fernandalima.decora"
string(26) "Cantidad de follows = 2137"
<br><br><br>string(13) "ghanabranding"
string(26) "Cantidad de follows = 6835"
<br><br><br>string(16) "binhorodriguess_"
string(26) "Cantidad de follows = 3554"
<br><br><br>string(14) "theblondedetox"
string(26) "Cantidad de follows = 3718"
<br><br><br>string(19) "oficialwinnieamaral"
string(27) "Cantidad de follows = 23919"
<br><br><br>string(19) "pezinhofirmenarocha"
string(28) "Cantidad de follows = 116218"
<br><br><br>string(11) "meempreenda"
string(26) "Cantidad de follows = 3618"
<br><br><br>string(14) "joseluizpontes"
string(25) "Cantidad de follows = 986"
<br><br><br>object(stdClass)#68 (2) {
  ["id"]=>
  string(5) "29486"
  ["login"]=>
  string(15) "eduarda.neves13"
}
object(stdClass)#20 (2) {
  ["id"]=>
  string(5) "29498"
  ["login"]=>
  string(20) "orlamodapraiaoficial"
}
string(17) "advocacia_messias"
string(26) "Cantidad de follows = 3334"
<br><br><br>string(18) "allbotequipamentos"
string(26) "Cantidad de follows = 2914"
<br><br><br>string(20) "emersonlopeshoficial"
string(27) "Cantidad de follows = 12556"
<br><br><br>string(11) "raissataini"
string(27) "Cantidad de follows = 34508"
<br><br><br>object(stdClass)#13 (2) {
  ["id"]=>
  string(5) "29527"
  ["login"]=>
  string(13) "menezesandree"
}
string(17) "jeferson__brandao"
string(27) "Cantidad de follows = 57535"
<br><br><br>string(10) "vivianeneu"
string(27) "Cantidad de follows = 28681"
<br><br><br>string(8) "dhougie_"
string(27) "Cantidad de follows = 13340"
<br><br><br>string(24) "andressamakeup_penteados"
string(26) "Cantidad de follows = 3041"
<br><br><br>string(13) "iracemaallves"
string(26) "Cantidad de follows = 7379"
<br><br><br>string(11) "renannunes2"
string(26) "Cantidad de follows = 5016"
<br><br><br>string(14) "natha.estetica"
string(26) "Cantidad de follows = 1911"
<br><br><br>string(19) "j.a.estudiodebeleza"
string(25) "Cantidad de follows = 184"
<br><br><br>string(12) "grafianafoto"
string(26) "Cantidad de follows = 9112"
<br><br><br>string(19) "thespacetimeripples"
string(26) "Cantidad de follows = 3387"
<br><br><br>string(14) "rubia_martinss"
string(27) "Cantidad de follows = 99653"
<br><br><br>string(23) "joseguilherme.consultor"
string(26) "Cantidad de follows = 1199"
<br><br><br>string(14) "emporiodifiori"
string(26) "Cantidad de follows = 2322"
<br><br><br>string(21) "viajandonaarquitetura"
string(26) "Cantidad de follows = 5157"
<br><br><br>string(14) "elitecenterfoz"
string(26) "Cantidad de follows = 2397"
<br><br><br>string(10) "yancasilva"
string(26) "Cantidad de follows = 3833"
<br><br><br>string(15) "doceriaanaester"
string(26) "Cantidad de follows = 3942"
<br><br><br>string(10) "kathguedes"
string(27) "Cantidad de follows = 43031"
<br><br><br>string(13) "tubaraocenter"
string(26) "Cantidad de follows = 6309"
<br><br><br>object(stdClass)#23 (2) {
  ["id"]=>
  string(5) "29702"
  ["login"]=>
  string(6) "zayrnm"
}
string(9) "chefeeddy"
string(27) "Cantidad de follows = 14206"
<br><br><br>string(10) "acasadecat"
string(27) "Cantidad de follows = 11616"
<br><br><br>string(20) "oficialforroperfeito"
string(27) "Cantidad de follows = 49091"
<br><br><br>string(14) "orabolasbrecho"
string(26) "Cantidad de follows = 2989"
<br><br><br>string(11) "thekingboy_"
string(27) "Cantidad de follows = 17753"
<br><br><br>string(15) "vanessa.wysocki"
string(26) "Cantidad de follows = 3583"
<br><br><br>string(11) "rique.silva"
string(26) "Cantidad de follows = 4984"
<br><br><br>string(22) "gabriellacarvalhostore"
string(27) "Cantidad de follows = 33884"
<br><br><br>string(14) "lojanowfitness"
string(26) "Cantidad de follows = 3969"
<br><br><br>string(8) "mapoiani"
string(26) "Cantidad de follows = 6167"
<br><br><br>string(14) "salaostudiosbc"
string(26) "Cantidad de follows = 1804"
<br><br><br>string(19) "studying_the_secret"
string(26) "Cantidad de follows = 2906"
<br><br><br>string(23) "studiohairinternacional"
string(26) "Cantidad de follows = 5425"
<br><br><br>string(9) "ahdireito"
string(26) "Cantidad de follows = 5438"
<br><br><br>string(7) "kabonkk"
string(26) "Cantidad de follows = 4017"
<br><br><br>string(10) "companyate"
string(25) "Cantidad de follows = 111"
<br><br><br>string(12) "djdavisantos"
string(26) "Cantidad de follows = 8376"
<br><br><br>string(14) "rafaellmoraess"
string(25) "Cantidad de follows = 833"
<br><br><br>object(stdClass)#37 (2) {
  ["id"]=>
  string(5) "29883"
  ["login"]=>
  string(12) "grupo.efraim"
}
object(stdClass)#203 (2) {
  ["id"]=>
  string(5) "29884"
  ["login"]=>
  string(17) "efraimhoteleflats"
}
string(30) "rpcontrollerinsetodedetizadora"
string(25) "Cantidad de follows = 166"
<br><br><br>string(12) "raunierporto"
string(26) "Cantidad de follows = 3093"
<br><br><br>string(11) "marciabotam"
string(26) "Cantidad de follows = 3873"
<br><br><br>object(stdClass)#89 (2) {
  ["id"]=>
  string(5) "29901"
  ["login"]=>
  string(8) "1jonhbjj"
}
object(stdClass)#80 (2) {
  ["id"]=>
  string(5) "29918"
  ["login"]=>
  string(9) "odeiopera"
}
object(stdClass)#89 (2) {
  ["id"]=>
  string(5) "29932"
  ["login"]=>
  string(11) "eufeearruda"
}
string(11) "tclaranunes"
string(26) "Cantidad de follows = 1832"
<br><br><br>string(19) "alaskaclothingstore"
string(26) "Cantidad de follows = 2293"
<br><br><br>string(14) "gkt_kickboxing"
string(26) "Cantidad de follows = 1676"
<br><br><br>string(19) "character.design.gk"
string(26) "Cantidad de follows = 1187"
<br><br><br>object(stdClass)#111 (2) {
  ["id"]=>
  string(5) "29964"
  ["login"]=>
  string(12) "blogdoarinos"
}
object(stdClass)#160 (2) {
  ["id"]=>
  string(5) "29965"
  ["login"]=>
  string(12) "bela.morenaa"
}
string(24) "leandroquelucifotografia"
string(26) "Cantidad de follows = 3239"
<br><br><br>string(19) "generalstorefitness"
string(26) "Cantidad de follows = 3868"
<br><br><br>string(15) "acervomodasda44"
string(26) "Cantidad de follows = 5696"
<br><br><br>string(12) "mama_costhay"
string(26) "Cantidad de follows = 4852"
<br><br><br>string(17) "ginetom_rodrigues"
string(26) "Cantidad de follows = 8121"
<br><br><br>string(13) "brunnooctavio"
string(25) "Cantidad de follows = 983"
<br><br><br>object(stdClass)#37 (2) {
  ["id"]=>
  string(5) "29996"
  ["login"]=>
  string(12) "doug0liveira"
}
string(10) "gutt_carol"
string(27) "Cantidad de follows = 12002"
<br><br><br>string(9) "hulkdutra"
string(27) "Cantidad de follows = 13368"
<br><br><br>string(16) "camilaguerreiroo"
string(26) "Cantidad de follows = 2366"
<br><br><br>string(15) "sandymakecabelo"
string(26) "Cantidad de follows = 6634"
<br><br><br>string(15) "copaciadvogados"
string(25) "Cantidad de follows = 679"
<br><br><br>string(18) "diegocamargotattoo"
string(26) "Cantidad de follows = 3402"
<br><br><br>string(17) "entretenimento.pe"
string(26) "Cantidad de follows = 3416"
<br><br><br>string(17) "alicemelomakehair"
string(26) "Cantidad de follows = 6807"
<br><br><br>object(stdClass)#177 (2) {
  ["id"]=>
  string(5) "30051"
  ["login"]=>
  string(11) "tuguinha.tv"
}
string(13) "rentar.com.do"
string(27) "Cantidad de follows = 11600"
<br><br><br>string(15) "eriosvaldodiniz"
string(26) "Cantidad de follows = 1633"
<br><br><br>string(11) "gustavo_ono"
string(26) "Cantidad de follows = 5646"
<br><br><br>string(9) "_brokerst"
string(25) "Cantidad de follows = 324"
<br><br><br>string(14) "lifeprojectone"
string(26) "Cantidad de follows = 1935"
<br><br><br>string(16) "disfranco.motors"
string(26) "Cantidad de follows = 3212"
<br><br><br>string(6) "bomf17"
string(25) "Cantidad de follows = 862"
<br><br><br>string(12) "aliicemello_"
string(26) "Cantidad de follows = 2662"
<br><br><br>string(11) "_bellaforma"
string(27) "Cantidad de follows = 71567"
<br><br><br>string(10) "bruruschel"
string(27) "Cantidad de follows = 11891"
<br><br><br>string(9) "murilooc7"
string(26) "Cantidad de follows = 4831"
<br><br><br>string(9) "a7madov95"
string(25) "Cantidad de follows = 246"
<br><br><br>string(7) "a_mayla"
string(25) "Cantidad de follows = 753"
<br><br><br>string(13) "lidiafeitosa4"
string(26) "Cantidad de follows = 2809"
<br><br><br>string(10) "smokeseila"
string(25) "Cantidad de follows = 657"
<br><br><br>string(10) "rikdelucca"
string(26) "Cantidad de follows = 3707"
<br><br><br>string(19) "corretoracavalcante"
string(25) "Cantidad de follows = 845"
<br><br><br>object(stdClass)#63 (2) {
  ["id"]=>
  string(5) "30218"
  ["login"]=>
  string(14) "thaisaschayder"
}
string(13) "hueskerbrasil"
string(26) "Cantidad de follows = 4054"
<br><br><br>string(22) "rodrigoranchodascabras"
string(25) "Cantidad de follows = 961"
<br><br><br>object(stdClass)#84 (2) {
  ["id"]=>
  string(5) "30232"
  ["login"]=>
  string(15) "arisson_jessica"
}
object(stdClass)#105 (2) {
  ["id"]=>
  string(5) "30257"
  ["login"]=>
  string(13) "nathaly_llima"
}
string(21) "laraharantes.piercing"
string(26) "Cantidad de follows = 3220"
<br><br><br>string(11) "maitemellim"
string(26) "Cantidad de follows = 1947"
<br><br><br>string(10) "criptobraz"
string(25) "Cantidad de follows = 729"
<br><br><br>string(14) "meuprojeto.fit"
string(26) "Cantidad de follows = 2186"
<br><br><br>object(stdClass)#220 (2) {
  ["id"]=>
  string(5) "30286"
  ["login"]=>
  string(15) "cmo_odontologia"
}
object(stdClass)#164 (2) {
  ["id"]=>
  string(5) "30293"
  ["login"]=>
  string(14) "ketellenfelix1"
}
string(14) "biel_do_cavaco"
string(27) "Cantidad de follows = 22433"
<br><br><br>string(9) "netto_ull"
string(25) "Cantidad de follows = 609"
<br><br><br>string(11) "nandokounat"
string(27) "Cantidad de follows = 19458"
<br><br><br>object(stdClass)#41 (2) {
  ["id"]=>
  string(5) "30317"
  ["login"]=>
  string(14) "easyartgrafica"
}
string(15) "studio_beauty15"
string(26) "Cantidad de follows = 1043"
<br><br><br>string(18) "julio_sosa_imoveis"
string(25) "Cantidad de follows = 794"
<br><br><br>string(10) "canelihome"
string(26) "Cantidad de follows = 3749"
<br><br><br>string(9) "josergm86"
string(26) "Cantidad de follows = 7207"
<br><br><br>string(11) "katiaalbany"
string(26) "Cantidad de follows = 4894"
<br><br><br>string(11) "leandramora"
string(26) "Cantidad de follows = 4636"
<br><br><br>object(stdClass)#77 (2) {
  ["id"]=>
  string(5) "30380"
  ["login"]=>
  string(7) "_lrnnym"
}
string(17) "festivalnovomundo"
string(26) "Cantidad de follows = 4473"
<br><br><br>string(10) "odavilemos"
string(27) "Cantidad de follows = 13432"
<br><br><br>string(20) "clebsonfrancaoficial"
string(26) "Cantidad de follows = 2267"
<br><br><br>string(15) "mamaesemmanuais"
string(27) "Cantidad de follows = 11453"
<br><br><br>string(13) "victorcastelo"
string(26) "Cantidad de follows = 1185"
<br><br><br>string(17) "fabricio.physique"
string(27) "Cantidad de follows = 12068"
<br><br><br>string(15) "rafaelfsantanaa"
string(25) "Cantidad de follows = 761"
<br><br><br>object(stdClass)#66 (2) {
  ["id"]=>
  string(5) "30436"
  ["login"]=>
  string(15) "kawlicheski1993"
}
string(10) "facamerirr"
string(26) "Cantidad de follows = 3383"
<br><br><br>string(10) "linoamanda"
string(27) "Cantidad de follows = 10142"
<br><br><br>string(10) "_lorecosta"
string(26) "Cantidad de follows = 2132"
<br><br><br>string(21) "clara.goldenretriever"
string(26) "Cantidad de follows = 3582"
<br><br><br>string(14) "andre.grupoark"
string(26) "Cantidad de follows = 4180"
<br><br><br>string(13) "espacoubaense"
string(26) "Cantidad de follows = 2283"
<br><br><br>string(14) "photoboxbrasil"
string(26) "Cantidad de follows = 2842"
<br><br><br>string(13) "luiara_helmer"
string(26) "Cantidad de follows = 4990"
<br><br><br>string(7) "dul_fcy"
string(26) "Cantidad de follows = 3270"
<br><br><br>string(15) "rayanemarchetta"
string(26) "Cantidad de follows = 1707"
<br><br><br>string(13) "karol_nunes00"
string(26) "Cantidad de follows = 3568"
<br><br><br>string(10) "apedesign_"
string(26) "Cantidad de follows = 2744"
<br><br><br>string(8) "kevinm5m"
string(26) "Cantidad de follows = 7286"
<br><br><br>string(12) "noahestetica"
string(26) "Cantidad de follows = 8854"
<br><br><br>string(9) "casadovaz"
string(26) "Cantidad de follows = 7521"
<br><br><br>string(8) "arena7bh"
string(26) "Cantidad de follows = 4394"
<br><br><br>object(stdClass)#238 (2) {
  ["id"]=>
  string(5) "30581"
  ["login"]=>
  string(13) "mathoficialbr"
}
string(17) "jonatas.batistela"
string(27) "Cantidad de follows = 16057"
<br><br><br>string(10) "queirozloo"
string(26) "Cantidad de follows = 3708"
<br><br><br>object(stdClass)#62 (2) {
  ["id"]=>
  string(5) "30593"
  ["login"]=>
  string(12) "rogersiiilva"
}
string(11) "marci0viana"
string(26) "Cantidad de follows = 1310"
<br><br><br>string(16) "chefsheiladuarte"
string(26) "Cantidad de follows = 1042"
<br><br><br>string(8) "itsredtv"
string(27) "Cantidad de follows = 44917"
<br><br><br>object(stdClass)#22 (2) {
  ["id"]=>
  string(5) "30622"
  ["login"]=>
  string(8) "lorisfaz"
}
object(stdClass)#101 (2) {
  ["id"]=>
  string(5) "30623"
  ["login"]=>
  string(20) "emagrecer_ja_oficial"
}
string(19) "tamyparadorneptunia"
string(26) "Cantidad de follows = 5916"
<br><br><br>string(9) "gabicoach"
string(26) "Cantidad de follows = 3444"
<br><br><br>string(14) "amanda3santana"
string(26) "Cantidad de follows = 6324"
<br><br><br>string(10) "elluhalves"
string(26) "Cantidad de follows = 5167"
<br><br><br>string(18) "mixsushicafebistek"
string(26) "Cantidad de follows = 5935"
<br><br><br>string(16) "f1ciaimobiliaria"
string(26) "Cantidad de follows = 3417"
<br><br><br>object(stdClass)#105 (2) {
  ["id"]=>
  string(5) "30675"
  ["login"]=>
  string(15) "vitor_honorato3"
}
string(13) "veneno_daseda"
string(26) "Cantidad de follows = 2066"
<br><br><br>string(10) "mc2turismo"
string(27) "Cantidad de follows = 17825"
<br><br><br>string(19) "erickakamineoficial"
string(26) "Cantidad de follows = 6595"
<br><br><br>string(11) "fredmunizrj"
string(26) "Cantidad de follows = 1606"
<br><br><br>object(stdClass)#151 (2) {
  ["id"]=>
  string(5) "30718"
  ["login"]=>
  string(16) "luis.fernando.br"
}
string(17) "drasheilawatanabe"
string(26) "Cantidad de follows = 1891"
<br><br><br>string(12) "laysasmacedo"
string(26) "Cantidad de follows = 2844"
<br><br><br>string(17) "creativapapelaria"
string(25) "Cantidad de follows = 333"
<br><br><br>string(11) "aondeiremsp"
string(27) "Cantidad de follows = 25677"
<br><br><br>object(stdClass)#143 (2) {
  ["id"]=>
  string(5) "30815"
  ["login"]=>
  string(6) "79_app"
}
string(15) "dioceliogoulart"
string(27) "Cantidad de follows = 19117"
<br><br><br>string(15) "victorperazzini"
string(26) "Cantidad de follows = 2613"
<br><br><br>string(12) "alberto_test"
string(25) "Cantidad de follows = 337"
<br><br><br>string(13) "fassegseguros"
string(26) "Cantidad de follows = 7024"
<br><br><br>string(18) "giovanni.consultor"
string(25) "Cantidad de follows = 996"
<br><br><br>string(17) "coach.jorgeamorim"
string(25) "Cantidad de follows = 995"
<br><br><br>string(16) "blessedmaemequer"
string(27) "Cantidad de follows = 17686"
<br><br><br>string(15) "baile_de_camelo"
string(25) "Cantidad de follows = 760"
<br><br><br>string(13) "dentistabruna"
string(25) "Cantidad de follows = 197"
<br><br><br>string(11) "chicomorais"
string(26) "Cantidad de follows = 4626"
<br><br><br>string(13) "adrianemayumi"
string(27) "Cantidad de follows = 14555"
<br><br><br>string(14) "dresscode.byrm"
string(25) "Cantidad de follows = 238"
<br><br><br>object(stdClass)#125 (2) {
  ["id"]=>
  string(5) "30911"
  ["login"]=>
  string(15) "alynemultiforme"
}
string(14) "douglasvwalker"
string(26) "Cantidad de follows = 1837"
<br><br><br>string(8) "dazz.777"
string(25) "Cantidad de follows = 998"
<br><br><br>string(14) "rafaella_neves"
string(26) "Cantidad de follows = 3745"
<br><br><br>string(8) "soueuwal"
string(26) "Cantidad de follows = 1647"
<br><br><br>string(22) "lacosdasmeninasoficial"
string(26) "Cantidad de follows = 2242"
<br><br><br>string(13) "talitamcostta"
string(25) "Cantidad de follows = 599"
<br><br><br>string(8) "pionunes"
string(27) "Cantidad de follows = 43731"
<br><br><br>string(18) "confeitariadagabi_"
string(24) "Cantidad de follows = 64"
<br><br><br>string(12) "jumota_decor"
string(26) "Cantidad de follows = 1720"
<br><br><br>string(16) "marmitinhaslight"
string(26) "Cantidad de follows = 2690"
<br><br><br>string(24) "leoart_desing_paisagismo"
string(26) "Cantidad de follows = 6289"
<br><br><br>string(14) "carolfroemming"
string(26) "Cantidad de follows = 7109"
<br><br><br>string(16) "priscila_assilva"
string(25) "Cantidad de follows = 649"
<br><br><br>object(stdClass)#91 (2) {
  ["id"]=>
  string(5) "31080"
  ["login"]=>
  string(9) "chio18789"
}
string(13) "kasamor_store"
string(26) "Cantidad de follows = 2369"
<br><br><br>string(13) "thamysilva201"
string(26) "Cantidad de follows = 3998"
<br><br><br>string(12) "levis_tudouu"
string(27) "Cantidad de follows = 16499"
<br><br><br>string(8) "euogomez"
string(26) "Cantidad de follows = 2490"
<br><br><br>string(14) "amorefeoficial"
string(26) "Cantidad de follows = 5511"
<br><br><br>string(15) "studioambientes"
string(27) "Cantidad de follows = 14650"
<br><br><br>string(12) "gomilkbrasil"
string(26) "Cantidad de follows = 1056"
<br><br><br>string(13) "gomed.digital"
string(26) "Cantidad de follows = 2287"
<br><br><br>object(stdClass)#229 (2) {
  ["id"]=>
  string(5) "31133"
  ["login"]=>
  string(6) "lv_luh"
}
string(8) "curyamin"
string(25) "Cantidad de follows = 765"
<br><br><br>string(19) "medconsultingbrasil"
string(27) "Cantidad de follows = 12019"
<br><br><br>string(3) "usa"
string(26) "Cantidad de follows = 4633"
<br><br><br>string(8) "voa_hati"
string(26) "Cantidad de follows = 2962"
<br><br><br>string(10) "yasmincgr_"
string(26) "Cantidad de follows = 1094"
<br><br><br>string(14) "kharlos_soares"
string(25) "Cantidad de follows = 203"
<br><br><br>string(19) "chrystopher.gabriel"
string(25) "Cantidad de follows = 331"
<br><br><br>string(7) "nega.93"
string(27) "Cantidad de follows = 11465"
<br><br><br>string(13) "cahrlossoares"
string(24) "Cantidad de follows = 62"
<br><br><br>string(8) "emillymv"
string(26) "Cantidad de follows = 4068"
<br><br><br>string(11) "_j.o.a.o___"
string(25) "Cantidad de follows = 188"
<br><br><br>string(14) "antonioportes_"
string(25) "Cantidad de follows = 236"
<br><br><br>string(14) "samo_oliveiraa"
string(25) "Cantidad de follows = 842"
<br><br><br>string(12) "aleehzinho_t"
string(25) "Cantidad de follows = 171"
<br><br><br>string(15) "jonasfahelysson"
string(26) "Cantidad de follows = 6902"
<br><br><br>string(13) "mari_azeredo_"
string(25) "Cantidad de follows = 760"
<br><br><br>string(18) "clinicaformighieri"
string(26) "Cantidad de follows = 2220"
<br><br><br>string(10) "guiturner_"
string(26) "Cantidad de follows = 8870"
<br><br><br>string(14) "carloskpulling"
string(28) "Cantidad de follows = 111306"
<br><br><br>string(10) "oppaviajei"
string(25) "Cantidad de follows = 843"
<br><br><br>string(15) "jujucoelhopinto"
string(27) "Cantidad de follows = 28159"
<br><br><br>string(13) "gersonaraujo_"
string(26) "Cantidad de follows = 2256"
<br><br><br>object(stdClass)#213 (2) {
  ["id"]=>
  string(5) "31318"
  ["login"]=>
  string(11) "josiasnetoo"
}
string(19) "blogsairdozeroagora"
string(26) "Cantidad de follows = 1253"
<br><br><br>object(stdClass)#213 (2) {
  ["id"]=>
  string(5) "31325"
  ["login"]=>
  string(18) "neonprodutorapromo"
}
object(stdClass)#77 (2) {
  ["id"]=>
  string(5) "31326"
  ["login"]=>
  string(6) "djrat_"
}
object(stdClass)#213 (2) {
  ["id"]=>
  string(5) "31337"
  ["login"]=>
  string(23) "anderson_diego_oliveira"
}
string(19) "anacarlarodrigues19"
string(26) "Cantidad de follows = 3216"
<br><br><br>object(stdClass)#213 (2) {
  ["id"]=>
  string(5) "31346"
  ["login"]=>
  string(15) "siimoneepereira"
}
string(13) "jubart_design"
string(25) "Cantidad de follows = 669"
<br><br><br>string(19) "bellkeyprofessional"
string(26) "Cantidad de follows = 1780"
<br><br><br>string(8) "ealine._"
string(26) "Cantidad de follows = 4774"
<br><br><br>string(15) "jessicasanttos3"
string(28) "Cantidad de follows = 143036"
<br><br><br>object(stdClass)#192 (2) {
  ["id"]=>
  string(5) "31394"
  ["login"]=>
  string(12) "ronyfgomesss"
}
string(16) "jhonatha_feitosa"
string(26) "Cantidad de follows = 1185"
<br><br><br>object(stdClass)#192 (2) {
  ["id"]=>
  string(5) "31421"
  ["login"]=>
  string(15) "blena.nathallya"
}
string(10) "edersonflx"
string(26) "Cantidad de follows = 6886"
<br><br><br>string(23) "tridorimpermebializacao"
string(25) "Cantidad de follows = 291"
<br><br><br>string(9) "jehdpires"
string(25) "Cantidad de follows = 815"
<br><br><br>string(18) "emagrecer_agora.br"
string(26) "Cantidad de follows = 1352"
<br><br><br>string(9) "caio_luka"
string(25) "Cantidad de follows = 361"
<br><br><br>string(10) "brasil.anb"
string(25) "Cantidad de follows = 846"
<br><br><br>string(19) "jeanpiresfotografia"
string(26) "Cantidad de follows = 1145"
<br><br><br>object(stdClass)#9 (2) {
  ["id"]=>
  string(5) "31483"
  ["login"]=>
  string(12) "canutoandree"
}
string(15) "charles_gsilvaa"
string(26) "Cantidad de follows = 1879"
<br><br><br>string(15) "theluccassantos"
string(26) "Cantidad de follows = 1228"
<br><br><br>string(10) "biih_faith"
string(26) "Cantidad de follows = 1482"
<br><br><br>string(18) "leonardomonteiro00"
string(25) "Cantidad de follows = 896"
<br><br><br>string(17) "carlafagundesblog"
string(26) "Cantidad de follows = 6191"
<br><br><br>string(13) "aguedamaurien"
string(26) "Cantidad de follows = 2672"
<br><br><br>string(13) "pedrosagfteam"
string(26) "Cantidad de follows = 1905"
<br><br><br>string(9) "eusoudaro"
string(26) "Cantidad de follows = 1822"
<br><br><br>string(14) "caiquefregnani"
string(27) "Cantidad de follows = 11439"
<br><br><br>string(14) "heitorsoares.c"
string(26) "Cantidad de follows = 8043"
<br><br><br>string(21) "mulheres_que_se_amam_"
string(24) "Cantidad de follows = 76"
<br><br><br>string(17) "marco.suplementos"
string(27) "Cantidad de follows = 10145"
<br><br><br>string(8) "tetovivo"
string(26) "Cantidad de follows = 2196"
<br><br><br>string(14) "andrewanderley"
string(26) "Cantidad de follows = 3841"
<br><br><br>string(9) "vitormc83"
string(25) "Cantidad de follows = 178"
<br><br><br>string(8) "_lsilvva"
string(26) "Cantidad de follows = 6447"
<br><br><br>string(17) "clube_das_gostosa"
string(26) "Cantidad de follows = 2804"
<br><br><br>string(17) "esteticista_julia"
string(25) "Cantidad de follows = 646"
<br><br><br>string(10) "kauadellon"
string(26) "Cantidad de follows = 1175"
<br><br><br>string(20) "divulgageraisoficial"
string(27) "Cantidad de follows = 21176"
<br><br><br>string(18) "dr.grimaldobicalho"
string(26) "Cantidad de follows = 1747"
<br><br><br>object(stdClass)#144 (2) {
  ["id"]=>
  string(5) "31679"
  ["login"]=>
  string(13) "eiandrecanuto"
}
string(10) "mariodj.uy"
string(26) "Cantidad de follows = 2300"
<br><br><br>string(14) "stephanmarinho"
string(26) "Cantidad de follows = 7110"
<br><br><br>string(9) "misouza07"
string(25) "Cantidad de follows = 717"
<br><br><br>string(16) "glaubritooficial"
string(26) "Cantidad de follows = 2573"
<br><br><br>string(18) "anacarolinefavacho"
string(26) "Cantidad de follows = 1163"
<br><br><br>string(17) "natpharmafarmacia"
string(25) "Cantidad de follows = 860"
<br><br><br>string(13) "tablesdecorpy"
string(25) "Cantidad de follows = 716"
<br><br><br>string(18) "julianasilvaespaco"
string(26) "Cantidad de follows = 1266"
<br><br><br>string(22) "alice_carvalho_oficial"
string(26) "Cantidad de follows = 2469"
<br><br><br>string(14) "juliaparanhos_"
string(27) "Cantidad de follows = 41321"
<br><br><br>string(18) "rannabeckeroficial"
string(27) "Cantidad de follows = 20238"
<br><br><br>string(13) "gomesterapias"
string(27) "Cantidad de follows = 48640"
<br><br><br>string(3) "ola"
string(26) "Cantidad de follows = 2906"
<br><br><br>string(10) "filhoteeco"
string(27) "Cantidad de follows = 32695"
<br><br><br>object(stdClass)#201 (2) {
  ["id"]=>
  string(5) "31757"
  ["login"]=>
  string(15) "umbr_no_youtube"
}
string(12) "jeff_valerio"
string(25) "Cantidad de follows = 617"
<br><br><br>string(12) "calmbunnypet"
string(25) "Cantidad de follows = 633"
<br><br><br>string(9) "equipe.dx"
string(26) "Cantidad de follows = 2525"
<br><br><br>string(11) "mr.andyarte"
string(25) "Cantidad de follows = 543"
<br><br><br>string(12) "401loungebar"
string(26) "Cantidad de follows = 6949"
<br><br><br>string(14) "edinhotattoojc"
string(27) "Cantidad de follows = 10996"
<br><br><br>string(16) "claudio__soaress"
string(25) "Cantidad de follows = 153"
<br><br><br>string(17) "eduardo_purapesca"
string(28) "Cantidad de follows = 119072"
<br><br><br>string(18) "psi.brunarodrigues"
string(25) "Cantidad de follows = 295"
<br><br><br>string(14) "dillyscoralick"
string(26) "Cantidad de follows = 8045"
<br><br><br>string(15) "vitorhugomsouza"
string(25) "Cantidad de follows = 221"
<br><br><br>string(21) "maktubemiratessbrasil"
string(25) "Cantidad de follows = 397"
<br><br><br>string(8) "opldecor"
string(25) "Cantidad de follows = 309"
<br><br><br>string(8) "yslaoker"
string(24) "Cantidad de follows = 17"
<br><br><br>string(17) "dutkasstoreitajai"
string(25) "Cantidad de follows = 250"
<br><br><br>string(15) "brunoxavierhair"
string(27) "Cantidad de follows = 14468"
<br><br><br>string(12) "thaaysbastos"
string(26) "Cantidad de follows = 7105"
<br><br><br>string(11) "intensicare"
string(23) "Cantidad de follows = 7"
<br><br><br>string(13) "duodiscomusic"
string(27) "Cantidad de follows = 49448"
<br><br><br>string(13) "dhouserecords"
string(26) "Cantidad de follows = 3605"
<br><br><br>string(18) "lucas_otaviomakeup"
string(26) "Cantidad de follows = 8010"
<br><br><br>string(8) "eduretro"
string(27) "Cantidad de follows = 32756"
<br><br><br>string(10) "maroxa_mrx"
string(25) "Cantidad de follows = 993"
<br><br><br>string(9) "itsfranio"
string(24) "Cantidad de follows = 59"
<br><br><br>string(13) "theus_macieel"
string(25) "Cantidad de follows = 134"
<br><br><br>string(13) "valeriojansen"
string(26) "Cantidad de follows = 1018"
<br><br><br>\n<br>JOB DONE!!!<br>\n2018-10-29 08:00:05am