DAILY REPORT Inited...!<br>
2018-10-18 06:30:01am<br>
string(14) "alberto_dreyes"
string(27) "Cantidad de follows = 14386"
<br><br><br>string(19) "opiniaoconservadora"
string(27) "Cantidad de follows = 57774"
<br><br><br>string(17) "sibitecomunicacao"
string(27) "Cantidad de follows = 10238"
<br><br><br>string(11) "mo.taniguti"
string(27) "Cantidad de follows = 20828"
<br><br><br>object(stdClass)#30 (2) {
  ["id"]=>
  string(3) "146"
  ["login"]=>
  string(12) "auepromocoes"
}
string(23) "jeunesse_bycrislafratta"
string(25) "Cantidad de follows = 185"
<br><br><br>string(12) "lily.s.alves"
string(26) "Cantidad de follows = 2083"
<br><br><br>string(10) "powerlook_"
string(27) "Cantidad de follows = 60775"
<br><br><br>object(stdClass)#12 (2) {
  ["id"]=>
  string(3) "245"
  ["login"]=>
  string(18) "xodozinho.retratos"
}
object(stdClass)#23 (2) {
  ["id"]=>
  string(3) "867"
  ["login"]=>
  string(14) "joaovictorjvb1"
}
object(stdClass)#12 (2) {
  ["id"]=>
  string(4) "1059"
  ["login"]=>
  string(8) "graverrj"
}
string(7) "ma_luco"
string(27) "Cantidad de follows = 28585"
<br><br><br>string(12) "carlloooooss"
string(26) "Cantidad de follows = 1290"
<br><br><br>string(15) "sapatodochef.pa"
string(26) "Cantidad de follows = 2365"
<br><br><br>object(stdClass)#221 (2) {
  ["id"]=>
  string(4) "2175"
  ["login"]=>
  string(10) "vireiloira"
}
string(18) "mercadomodelobahia"
string(26) "Cantidad de follows = 9045"
<br><br><br>string(11) "thayscalmon"
string(26) "Cantidad de follows = 5289"
<br><br><br>string(11) "decoremundo"
string(27) "Cantidad de follows = 14370"
<br><br><br>string(9) "decorcool"
string(23) "Cantidad de follows = 7"
<br><br><br>string(8) "fragabar"
string(26) "Cantidad de follows = 4340"
<br><br><br>object(stdClass)#194 (2) {
  ["id"]=>
  string(4) "4236"
  ["login"]=>
  string(8) "lorenaym"
}
string(11) "pamelaotero"
string(27) "Cantidad de follows = 46173"
<br><br><br>string(19) "starpointcollection"
string(27) "Cantidad de follows = 12656"
<br><br><br>string(9) "katiacsdc"
string(27) "Cantidad de follows = 18289"
<br><br><br>string(14) "grazielialvess"
string(27) "Cantidad de follows = 21546"
<br><br><br>string(22) "dra_barbaravasconcelos"
string(27) "Cantidad de follows = 24214"
<br><br><br>string(21) "comandantedochurrasco"
string(27) "Cantidad de follows = 56665"
<br><br><br>string(12) "40antesdos40"
string(27) "Cantidad de follows = 28045"
<br><br><br>string(16) "drricardopalacio"
string(27) "Cantidad de follows = 25781"
<br><br><br>string(12) "pollyruffini"
string(26) "Cantidad de follows = 7220"
<br><br><br>string(14) "carlos_skatmar"
string(26) "Cantidad de follows = 2360"
<br><br><br>string(10) "star_point"
string(27) "Cantidad de follows = 32781"
<br><br><br>string(8) "rruizmma"
string(27) "Cantidad de follows = 47049"
<br><br><br>string(8) "dumbu.09"
string(26) "Cantidad de follows = 7676"
<br><br><br>string(14) "marcosp.medina"
string(26) "Cantidad de follows = 4060"
<br><br><br>string(11) "sandrozion7"
string(27) "Cantidad de follows = 21040"
<br><br><br>string(17) "grandville_hoteis"
string(27) "Cantidad de follows = 12701"
<br><br><br>string(11) "josiasdiass"
string(27) "Cantidad de follows = 18100"
<br><br><br>string(18) "barbaracampospalma"
string(26) "Cantidad de follows = 8701"
<br><br><br>string(9) "telless13"
string(27) "Cantidad de follows = 14270"
<br><br><br>string(13) "bandamegafire"
string(27) "Cantidad de follows = 23352"
<br><br><br>string(17) "sosoportunidade10"
string(25) "Cantidad de follows = 963"
<br><br><br>string(18) "academia_king_thai"
string(26) "Cantidad de follows = 5070"
<br><br><br>string(13) "renatafontany"
string(27) "Cantidad de follows = 33231"
<br><br><br>string(14) "cabelosaugusto"
string(27) "Cantidad de follows = 23489"
<br><br><br>string(14) "brunocerqueira"
string(27) "Cantidad de follows = 10554"
<br><br><br>string(10) "noxboymike"
string(26) "Cantidad de follows = 5456"
<br><br><br>string(20) "juliobaptistaoficial"
string(28) "Cantidad de follows = 250762"
<br><br><br>string(21) "ateliermarielamoreira"
string(27) "Cantidad de follows = 15845"
<br><br><br>object(stdClass)#179 (2) {
  ["id"]=>
  string(5) "11096"
  ["login"]=>
  string(12) "michaelletjp"
}
object(stdClass)#216 (2) {
  ["id"]=>
  string(5) "11099"
  ["login"]=>
  string(13) "agostochuvoso"
}
string(11) "insultedboy"
string(26) "Cantidad de follows = 3519"
<br><br><br>string(11) "weilla_morg"
string(25) "Cantidad de follows = 951"
<br><br><br>string(11) "raphabritoo"
string(27) "Cantidad de follows = 16065"
<br><br><br>string(10) "vinihveiga"
string(26) "Cantidad de follows = 4082"
<br><br><br>object(stdClass)#182 (2) {
  ["id"]=>
  string(5) "11131"
  ["login"]=>
  string(14) "deliciasdoronk"
}
string(16) "duuduuzinhosilva"
string(26) "Cantidad de follows = 3034"
<br><br><br>string(9) "carlosbsg"
string(25) "Cantidad de follows = 921"
<br><br><br>string(12) "danndourado0"
string(27) "Cantidad de follows = 15067"
<br><br><br>string(7) "biel312"
string(24) "Cantidad de follows = 10"
<br><br><br>string(11) "caiogrunupp"
string(26) "Cantidad de follows = 3307"
<br><br><br>string(11) "paullonunan"
string(26) "Cantidad de follows = 1436"
<br><br><br>string(12) "pablodiego15"
string(26) "Cantidad de follows = 1112"
<br><br><br>object(stdClass)#194 (2) {
  ["id"]=>
  string(5) "11230"
  ["login"]=>
  string(16) "_luferreiranunes"
}
string(14) "natan_mantelli"
string(25) "Cantidad de follows = 798"
<br><br><br>string(17) "antoniocarlos3627"
string(24) "Cantidad de follows = 44"
<br><br><br>string(11) "365_indubai"
string(27) "Cantidad de follows = 21931"
<br><br><br>object(stdClass)#13 (2) {
  ["id"]=>
  string(5) "11239"
  ["login"]=>
  string(12) "ceottosinuhe"
}
string(14) "vitoriaabritto"
string(27) "Cantidad de follows = 35100"
<br><br><br>string(11) "lojaoperapc"
string(27) "Cantidad de follows = 23902"
<br><br><br>string(12) "huealimentos"
string(26) "Cantidad de follows = 5140"
<br><br><br>string(13) "kstimportados"
string(26) "Cantidad de follows = 4383"
<br><br><br>string(7) "wi11see"
string(27) "Cantidad de follows = 11533"
<br><br><br>string(12) "s7_producoes"
string(26) "Cantidad de follows = 6007"
<br><br><br>string(12) "gabrielaribi"
string(26) "Cantidad de follows = 7614"
<br><br><br>string(17) "brunosennaimagens"
string(27) "Cantidad de follows = 13219"
<br><br><br>string(14) "maycowmontemor"
string(27) "Cantidad de follows = 32435"
<br><br><br>string(14) "alinemarcovici"
string(27) "Cantidad de follows = 18477"
<br><br><br>string(10) "junior.dev"
string(27) "Cantidad de follows = 17689"
<br><br><br>string(13) "amaassessoria"
string(26) "Cantidad de follows = 7654"
<br><br><br>string(11) "julisciotto"
string(27) "Cantidad de follows = 24372"
<br><br><br>string(14) "draalinehsilva"
string(27) "Cantidad de follows = 20189"
<br><br><br>string(13) "rodasemotores"
string(27) "Cantidad de follows = 14919"
<br><br><br>object(stdClass)#128 (2) {
  ["id"]=>
  string(5) "11758"
  ["login"]=>
  string(13) "euclaracampos"
}
string(19) "thamaraelisa.tattoo"
string(27) "Cantidad de follows = 14256"
<br><br><br>string(15) "megaminassports"
string(26) "Cantidad de follows = 6755"
<br><br><br>string(16) "agencia_portal37"
string(26) "Cantidad de follows = 3323"
<br><br><br>object(stdClass)#190 (2) {
  ["id"]=>
  string(5) "11792"
  ["login"]=>
  string(14) "hf_metalurgica"
}
string(13) "grillegourmet"
string(26) "Cantidad de follows = 5118"
<br><br><br>string(11) "davidkapper"
string(27) "Cantidad de follows = 13127"
<br><br><br>string(11) "7chavesfoto"
string(27) "Cantidad de follows = 11030"
<br><br><br>string(11) "joiaskether"
string(27) "Cantidad de follows = 19509"
<br><br><br>string(14) "luziasantana33"
string(28) "Cantidad de follows = 236502"
<br><br><br>string(13) "thiagovaleiro"
string(26) "Cantidad de follows = 3816"
<br><br><br>object(stdClass)#212 (2) {
  ["id"]=>
  string(5) "12434"
  ["login"]=>
  string(9) "dupicasso"
}
string(11) "laura_bergo"
string(26) "Cantidad de follows = 6426"
<br><br><br>string(15) "dra.raphabecker"
string(27) "Cantidad de follows = 19715"
<br><br><br>object(stdClass)#13 (2) {
  ["id"]=>
  string(5) "13880"
  ["login"]=>
  string(8) "letdaher"
}
string(9) "dgarciia_"
string(25) "Cantidad de follows = 861"
<br><br><br>string(10) "joaosurf12"
string(24) "Cantidad de follows = 97"
<br><br><br>string(8) "itsandco"
string(27) "Cantidad de follows = 20833"
<br><br><br>string(10) "ela_andrea"
string(27) "Cantidad de follows = 22481"
<br><br><br>string(14) "nafurtadocakes"
string(26) "Cantidad de follows = 6612"
<br><br><br>string(18) "castrolautoservice"
string(26) "Cantidad de follows = 9335"
<br><br><br>string(9) "livdrinks"
string(27) "Cantidad de follows = 47482"
<br><br><br>string(18) "portalautoshopping"
string(27) "Cantidad de follows = 12161"
<br><br><br>string(20) "manu.mamaeaoquadrado"
string(26) "Cantidad de follows = 9588"
<br><br><br>string(15) "odontowebschool"
string(27) "Cantidad de follows = 10567"
<br><br><br>string(9) "abarkeria"
string(27) "Cantidad de follows = 33543"
<br><br><br>object(stdClass)#208 (2) {
  ["id"]=>
  string(5) "15166"
  ["login"]=>
  string(14) "__fehholiveira"
}
string(10) "ninabaking"
string(26) "Cantidad de follows = 8953"
<br><br><br>string(10) "jgiordanoo"
string(27) "Cantidad de follows = 12513"
<br><br><br>string(18) "domhairfelippewill"
string(27) "Cantidad de follows = 11541"
<br><br><br>string(7) "pbpetti"
string(27) "Cantidad de follows = 39647"
<br><br><br>string(10) "psych0wolf"
string(25) "Cantidad de follows = 404"
<br><br><br>string(8) "andreiso"
string(26) "Cantidad de follows = 9536"
<br><br><br>string(13) "biadiascoelho"
string(26) "Cantidad de follows = 4875"
<br><br><br>string(8) "mytrips7"
string(25) "Cantidad de follows = 525"
<br><br><br>string(13) "directdireito"
string(27) "Cantidad de follows = 11217"
<br><br><br>string(12) "patrickvalle"
string(26) "Cantidad de follows = 3550"
<br><br><br>string(21) "lucianalauferofficial"
string(27) "Cantidad de follows = 18835"
<br><br><br>string(13) "matheuspercut"
string(26) "Cantidad de follows = 1156"
<br><br><br>string(10) "flavia_vdr"
string(27) "Cantidad de follows = 11255"
<br><br><br>object(stdClass)#18 (2) {
  ["id"]=>
  string(5) "16861"
  ["login"]=>
  string(14) "mickael_cortes"
}
string(16) "helder_del_monte"
string(27) "Cantidad de follows = 16229"
<br><br><br>string(18) "physicalpilates_bh"
string(26) "Cantidad de follows = 5615"
<br><br><br>string(13) "faleiroslaura"
string(27) "Cantidad de follows = 12875"
<br><br><br>string(11) "dannysetudo"
string(26) "Cantidad de follows = 9791"
<br><br><br>string(15) "portodepiranhas"
string(27) "Cantidad de follows = 10472"
<br><br><br>string(24) "contadordehistoriasreais"
string(27) "Cantidad de follows = 27562"
<br><br><br>string(6) "guil38"
string(26) "Cantidad de follows = 6596"
<br><br><br>string(22) "vacationhomeneardisney"
string(27) "Cantidad de follows = 19612"
<br><br><br>string(16) "drguilhermecravo"
string(26) "Cantidad de follows = 3161"
<br><br><br>string(6) "ossmkt"
string(26) "Cantidad de follows = 5294"
<br><br><br>string(10) "jhoneheber"
string(27) "Cantidad de follows = 23489"
<br><br><br>string(20) "justiniano0_official"
string(26) "Cantidad de follows = 2976"
<br><br><br>string(15) "sao_os_caipiras"
string(26) "Cantidad de follows = 9459"
<br><br><br>string(9) "acerickrj"
string(27) "Cantidad de follows = 12279"
<br><br><br>string(15) "leandrogarciadj"
string(27) "Cantidad de follows = 19414"
<br><br><br>string(14) "osnirhamburger"
string(26) "Cantidad de follows = 6862"
<br><br><br>string(8) "dutruffi"
string(27) "Cantidad de follows = 14188"
<br><br><br>string(9) "lschuback"
string(26) "Cantidad de follows = 7817"
<br><br><br>string(21) "carolinanortondematos"
string(27) "Cantidad de follows = 12075"
<br><br><br>object(stdClass)#28 (2) {
  ["id"]=>
  string(5) "18103"
  ["login"]=>
  string(22) "denisegoncalves.santos"
}
string(14) "ethianemarques"
string(25) "Cantidad de follows = 690"
<br><br><br>string(10) "synaraleal"
string(27) "Cantidad de follows = 16240"
<br><br><br>string(8) "trinjune"
string(23) "Cantidad de follows = 0"
<br><br><br>string(12) "holy_popcorn"
string(27) "Cantidad de follows = 10585"
<br><br><br>string(9) "eltranvia"
string(27) "Cantidad de follows = 15963"
<br><br><br>string(19) "diegogoulartoficial"
string(27) "Cantidad de follows = 20501"
<br><br><br>string(15) "cartolinadesign"
string(26) "Cantidad de follows = 5632"
<br><br><br>string(9) "quarto_22"
string(26) "Cantidad de follows = 5676"
<br><br><br>string(10) "blogdakeli"
string(24) "Cantidad de follows = 12"
<br><br><br>object(stdClass)#42 (2) {
  ["id"]=>
  string(5) "18816"
  ["login"]=>
  string(10) "lefitnessb"
}
string(9) "awsmining"
string(26) "Cantidad de follows = 4696"
<br><br><br>string(13) "willianabrito"
string(26) "Cantidad de follows = 6725"
<br><br><br>string(23) "eusoutestemunhadogolias"
string(25) "Cantidad de follows = 206"
<br><br><br>string(16) "tumsoundfestival"
string(26) "Cantidad de follows = 1516"
<br><br><br>string(18) "casalbioequilibrio"
string(27) "Cantidad de follows = 11246"
<br><br><br>string(13) "mimosearomaas"
string(26) "Cantidad de follows = 9311"
<br><br><br>object(stdClass)#11 (2) {
  ["id"]=>
  string(5) "19152"
  ["login"]=>
  string(17) "gventurinpersonal"
}
string(9) "fastfitsc"
string(26) "Cantidad de follows = 3601"
<br><br><br>string(11) "raif_tattoo"
string(27) "Cantidad de follows = 13249"
<br><br><br>string(10) "hustler.hc"
string(26) "Cantidad de follows = 2460"
<br><br><br>string(9) "isarengel"
string(26) "Cantidad de follows = 6776"
<br><br><br>string(12) "solus_online"
string(26) "Cantidad de follows = 4080"
<br><br><br>string(11) "refugiohoje"
string(27) "Cantidad de follows = 12415"
<br><br><br>string(13) "nati.fressato"
string(26) "Cantidad de follows = 7219"
<br><br><br>string(17) "calcadospaubrasil"
string(26) "Cantidad de follows = 8238"
<br><br><br>string(10) "daly_store"
string(27) "Cantidad de follows = 21701"
<br><br><br>string(11) "angelosciao"
string(26) "Cantidad de follows = 5242"
<br><br><br>string(6) "fuinha"
string(25) "Cantidad de follows = 194"
<br><br><br>string(10) "kombi_krug"
string(25) "Cantidad de follows = 511"
<br><br><br>string(12) "rekombinando"
string(26) "Cantidad de follows = 5973"
<br><br><br>string(15) "blogdasusantoss"
string(26) "Cantidad de follows = 5405"
<br><br><br>string(15) "diadeacessorios"
string(26) "Cantidad de follows = 2315"
<br><br><br>string(18) "christians.pereira"
string(26) "Cantidad de follows = 3759"
<br><br><br>string(28) "pedrowilsonrodriguespimentel"
string(26) "Cantidad de follows = 7708"
<br><br><br>string(15) "atelieluizrocha"
string(27) "Cantidad de follows = 10215"
<br><br><br>string(12) "bibiscamargo"
string(26) "Cantidad de follows = 2032"
<br><br><br>string(16) "centerperfumaria"
string(26) "Cantidad de follows = 5517"
<br><br><br>string(10) "pmelorocha"
string(26) "Cantidad de follows = 6338"
<br><br><br>object(stdClass)#84 (2) {
  ["id"]=>
  string(5) "20149"
  ["login"]=>
  string(14) "thaliaalvesdec"
}
string(12) "yasminndias_"
string(26) "Cantidad de follows = 9339"
<br><br><br>string(17) "jb_alves_educador"
string(26) "Cantidad de follows = 3543"
<br><br><br>string(24) "leonardosantosfotografia"
string(27) "Cantidad de follows = 39628"
<br><br><br>string(8) "sporttot"
string(24) "Cantidad de follows = 23"
<br><br><br>object(stdClass)#164 (2) {
  ["id"]=>
  string(5) "20503"
  ["login"]=>
  string(8) "chandler"
}
string(13) "ayllesantiago"
string(28) "Cantidad de follows = 137076"
<br><br><br>string(12) "maisonbiarro"
string(27) "Cantidad de follows = 30408"
<br><br><br>string(15) "iselamendozadec"
string(26) "Cantidad de follows = 6291"
<br><br><br>object(stdClass)#25 (2) {
  ["id"]=>
  string(5) "20594"
  ["login"]=>
  string(9) "bamboh.pt"
}
string(12) "redeentropia"
string(26) "Cantidad de follows = 5881"
<br><br><br>object(stdClass)#25 (2) {
  ["id"]=>
  string(5) "20682"
  ["login"]=>
  string(11) "farmapharma"
}
string(18) "calabriapizzariarj"
string(26) "Cantidad de follows = 2468"
<br><br><br>object(stdClass)#25 (2) {
  ["id"]=>
  string(5) "20818"
  ["login"]=>
  string(20) "cadillacs.pastelaria"
}
object(stdClass)#186 (2) {
  ["id"]=>
  string(5) "20927"
  ["login"]=>
  string(25) "missionariojairodossantos"
}
object(stdClass)#25 (2) {
  ["id"]=>
  string(5) "21062"
  ["login"]=>
  string(13) "jesuisluciano"
}
object(stdClass)#186 (2) {
  ["id"]=>
  string(5) "21230"
  ["login"]=>
  string(9) "vikatorsc"
}
string(19) "nicollystoreoficial"
string(26) "Cantidad de follows = 7512"
<br><br><br>object(stdClass)#186 (2) {
  ["id"]=>
  string(5) "21368"
  ["login"]=>
  string(18) "ricardoribeiro0013"
}
string(24) "ramossegurancaeletronica"
string(26) "Cantidad de follows = 3286"
<br><br><br>string(18) "camacariplazahotel"
string(26) "Cantidad de follows = 6291"
<br><br><br>string(13) "_telesgabriel"
string(26) "Cantidad de follows = 2545"
<br><br><br>string(12) "fbfabiolopes"
string(26) "Cantidad de follows = 8978"
<br><br><br>object(stdClass)#80 (2) {
  ["id"]=>
  string(5) "21517"
  ["login"]=>
  string(23) "biscuitporvictorialeite"
}
string(10) "trapburger"
string(26) "Cantidad de follows = 2634"
<br><br><br>string(20) "shoppingcasaedesign_"
string(26) "Cantidad de follows = 8775"
<br><br><br>string(9) "samiilly_"
string(27) "Cantidad de follows = 18225"
<br><br><br>object(stdClass)#54 (2) {
  ["id"]=>
  string(5) "21731"
  ["login"]=>
  string(9) "conhecaes"
}
string(7) "loirasn"
string(25) "Cantidad de follows = 193"
<br><br><br>string(15) "santasticauniao"
string(26) "Cantidad de follows = 6274"
<br><br><br>string(19) "embraconcondominios"
string(26) "Cantidad de follows = 4664"
<br><br><br>string(17) "hamburguinhomoema"
string(27) "Cantidad de follows = 60870"
<br><br><br>string(14) "vilmamartins_7"
string(26) "Cantidad de follows = 1305"
<br><br><br>string(12) "leticiajural"
string(26) "Cantidad de follows = 8476"
<br><br><br>string(8) "_zero100"
string(27) "Cantidad de follows = 52124"
<br><br><br>string(20) "lionrollingcircusrio"
string(27) "Cantidad de follows = 14533"
<br><br><br>string(9) "_nerdjunk"
string(26) "Cantidad de follows = 5351"
<br><br><br>string(10) "pilotelton"
string(27) "Cantidad de follows = 11344"
<br><br><br>string(14) "marcioancelmoo"
string(26) "Cantidad de follows = 4962"
<br><br><br>object(stdClass)#226 (2) {
  ["id"]=>
  string(5) "22627"
  ["login"]=>
  string(18) "lucaswiliamsoliver"
}
string(14) "kevinlorenzorj"
string(26) "Cantidad de follows = 3381"
<br><br><br>object(stdClass)#226 (2) {
  ["id"]=>
  string(5) "22701"
  ["login"]=>
  string(21) "falandodemaquiagem_01"
}
string(13) "georgemuchuli"
string(26) "Cantidad de follows = 7760"
<br><br><br>string(15) "wendell_alvess_"
string(24) "Cantidad de follows = 85"
<br><br><br>object(stdClass)#73 (2) {
  ["id"]=>
  string(5) "22786"
  ["login"]=>
  string(6) "jpzk02"
}
object(stdClass)#55 (2) {
  ["id"]=>
  string(5) "22791"
  ["login"]=>
  string(13) "rodrigues.exe"
}
object(stdClass)#73 (2) {
  ["id"]=>
  string(5) "22915"
  ["login"]=>
  string(10) "5000covers"
}
string(18) "marciomouraoficial"
string(27) "Cantidad de follows = 12407"
<br><br><br>object(stdClass)#73 (2) {
  ["id"]=>
  string(5) "23135"
  ["login"]=>
  string(15) "daniak_boutique"
}
string(23) "formatacaotccmonografia"
string(24) "Cantidad de follows = 95"
<br><br><br>string(6) "nekkow"
string(24) "Cantidad de follows = 15"
<br><br><br>string(5) "lucao"
string(25) "Cantidad de follows = 564"
<br><br><br>string(6) "lucao2"
string(25) "Cantidad de follows = 591"
<br><br><br>string(13) "marcelomarkes"
string(27) "Cantidad de follows = 19922"
<br><br><br>string(14) "dl_beautysalon"
string(26) "Cantidad de follows = 1953"
<br><br><br>string(15) "ariadinebarreto"
string(27) "Cantidad de follows = 14531"
<br><br><br>string(13) "canalsemjacar"
string(27) "Cantidad de follows = 14225"
<br><br><br>string(11) "hiratabreno"
string(27) "Cantidad de follows = 12575"
<br><br><br>string(14) "erickspimentel"
string(26) "Cantidad de follows = 2021"
<br><br><br>string(12) "jessicaiwata"
string(27) "Cantidad de follows = 34327"
<br><br><br>string(14) "dnaphotoevideo"
string(27) "Cantidad de follows = 29467"
<br><br><br>string(18) "gamecenterpaulista"
string(27) "Cantidad de follows = 10333"
<br><br><br>string(10) "pacofishrd"
string(26) "Cantidad de follows = 8058"
<br><br><br>string(14) "qualityhotelsd"
string(26) "Cantidad de follows = 1203"
<br><br><br>string(17) "isabellabofficial"
string(27) "Cantidad de follows = 13965"
<br><br><br>string(13) "alialioficial"
string(25) "Cantidad de follows = 675"
<br><br><br>string(15) "barbeariadoneno"
string(27) "Cantidad de follows = 13701"
<br><br><br>string(10) "plagamba01"
string(26) "Cantidad de follows = 2647"
<br><br><br>string(11) "oscarcauchi"
string(26) "Cantidad de follows = 3606"
<br><br><br>string(7) "18laras"
string(26) "Cantidad de follows = 1805"
<br><br><br>string(16) "entreomarealagoa"
string(26) "Cantidad de follows = 1686"
<br><br><br>string(9) "darlanred"
string(27) "Cantidad de follows = 21288"
<br><br><br>string(15) "riolisboabrasil"
string(25) "Cantidad de follows = 205"
<br><br><br>string(12) "studio4cinco"
string(26) "Cantidad de follows = 4939"
<br><br><br>string(13) "fabriciofabre"
string(26) "Cantidad de follows = 8595"
<br><br><br>string(22) "suamusicapersonalizada"
string(27) "Cantidad de follows = 11019"
<br><br><br>string(8) "kevinvem"
string(23) "Cantidad de follows = 5"
<br><br><br>string(12) "djallannatal"
string(27) "Cantidad de follows = 29465"
<br><br><br>string(15) "polpasempreviva"
string(27) "Cantidad de follows = 34461"
<br><br><br>string(8) "kessyaaa"
string(27) "Cantidad de follows = 11063"
<br><br><br>string(8) "celparra"
string(27) "Cantidad de follows = 10642"
<br><br><br>object(stdClass)#108 (2) {
  ["id"]=>
  string(5) "25524"
  ["login"]=>
  string(11) "tompson9345"
}
object(stdClass)#119 (2) {
  ["id"]=>
  string(5) "25571"
  ["login"]=>
  string(14) "habner_martins"
}
string(24) "fitnessuplementosoficial"
string(25) "Cantidad de follows = 333"
<br><br><br>string(13) "mayconbarroco"
string(27) "Cantidad de follows = 18545"
<br><br><br>string(9) "caiocesar"
string(24) "Cantidad de follows = 84"
<br><br><br>string(8) "lil.fama"
string(27) "Cantidad de follows = 21049"
<br><br><br>string(12) "institutoybi"
string(27) "Cantidad de follows = 17945"
<br><br><br>object(stdClass)#207 (2) {
  ["id"]=>
  string(5) "26183"
  ["login"]=>
  string(14) "andresa_lebens"
}
string(7) "yuryv05"
string(27) "Cantidad de follows = 10169"
<br><br><br>string(15) "eliana_casimiro"
string(26) "Cantidad de follows = 5628"
<br><br><br>string(11) "maloohstore"
string(26) "Cantidad de follows = 3731"
<br><br><br>string(16) "simplesmenteamei"
string(27) "Cantidad de follows = 16052"
<br><br><br>string(16) "drraphaelmarques"
string(27) "Cantidad de follows = 21316"
<br><br><br>string(10) "casazunzun"
string(26) "Cantidad de follows = 5708"
<br><br><br>string(14) "draraymedeiros"
string(26) "Cantidad de follows = 1574"
<br><br><br>string(12) "4youdressing"
string(26) "Cantidad de follows = 3538"
<br><br><br>string(21) "lucaslermenfotografia"
string(27) "Cantidad de follows = 15151"
<br><br><br>string(16) "bracholuismiguel"
string(25) "Cantidad de follows = 848"
<br><br><br>string(17) "draflaviasgavioli"
string(27) "Cantidad de follows = 41848"
<br><br><br>string(16) "rafamello_cantor"
string(26) "Cantidad de follows = 9088"
<br><br><br>string(13) "gabinassyrios"
string(27) "Cantidad de follows = 28199"
<br><br><br>string(13) "cardosodani78"
string(25) "Cantidad de follows = 413"
<br><br><br>object(stdClass)#83 (2) {
  ["id"]=>
  string(5) "27362"
  ["login"]=>
  string(9) "k123silva"
}
string(9) "labotique"
string(25) "Cantidad de follows = 276"
<br><br><br>string(11) "eco.noronha"
string(26) "Cantidad de follows = 1072"
<br><br><br>string(13) "gelottisports"
string(26) "Cantidad de follows = 6253"
<br><br><br>object(stdClass)#230 (2) {
  ["id"]=>
  string(5) "27437"
  ["login"]=>
  string(13) "bombeefsantos"
}
string(15) "parvathi_brasil"
string(26) "Cantidad de follows = 8596"
<br><br><br>string(9) "lobotique"
string(26) "Cantidad de follows = 6611"
<br><br><br>string(8) "talincas"
string(27) "Cantidad de follows = 22570"
<br><br><br>string(21) "visagismofacial_drika"
string(25) "Cantidad de follows = 743"
<br><br><br>string(13) "bakwarabrasil"
string(26) "Cantidad de follows = 1564"
<br><br><br>string(19) "carlabarcellosjoias"
string(27) "Cantidad de follows = 11438"
<br><br><br>string(16) "programagameover"
string(26) "Cantidad de follows = 1108"
<br><br><br>string(15) "aafrodite.store"
string(26) "Cantidad de follows = 5727"
<br><br><br>string(12) "rogiacomello"
string(26) "Cantidad de follows = 1426"
<br><br><br>string(11) "solvebrazil"
string(26) "Cantidad de follows = 1169"
<br><br><br>string(16) "drafernandavolpi"
string(27) "Cantidad de follows = 12400"
<br><br><br>object(stdClass)#114 (2) {
  ["id"]=>
  string(5) "27722"
  ["login"]=>
  string(14) "maribel.silent"
}
string(13) "miocheoficial"
string(27) "Cantidad de follows = 45638"
<br><br><br>string(11) "daylipadron"
string(26) "Cantidad de follows = 8395"
<br><br><br>string(14) "mercadolabarra"
string(26) "Cantidad de follows = 4741"
<br><br><br>string(10) "naraabreuu"
string(26) "Cantidad de follows = 4538"
<br><br><br>string(8) "lukmodas"
string(26) "Cantidad de follows = 8212"
<br><br><br>string(21) "girlsgardenacessorios"
string(26) "Cantidad de follows = 2015"
<br><br><br>string(13) "capimlimaomga"
string(26) "Cantidad de follows = 5487"
<br><br><br>string(15) "maxpremiumjeans"
string(26) "Cantidad de follows = 8470"
<br><br><br>string(8) "bruna.fb"
string(27) "Cantidad de follows = 21112"
<br><br><br>string(14) "na_cara_do_gol"
string(26) "Cantidad de follows = 3036"
<br><br><br>string(13) "jessicacytrus"
string(27) "Cantidad de follows = 29929"
<br><br><br>string(11) "cyrofuziama"
string(27) "Cantidad de follows = 25144"
<br><br><br>string(11) "thaycomfome"
string(27) "Cantidad de follows = 26919"
<br><br><br>string(10) "dankana_dk"
string(26) "Cantidad de follows = 8846"
<br><br><br>string(13) "vivimaquiagem"
string(26) "Cantidad de follows = 3452"
<br><br><br>string(14) "fshirtsdesigns"
string(25) "Cantidad de follows = 367"
<br><br><br>string(15) "closetdasduasto"
string(27) "Cantidad de follows = 14401"
<br><br><br>object(stdClass)#223 (2) {
  ["id"]=>
  string(5) "28069"
  ["login"]=>
  string(14) "rosaduartelash"
}
string(11) "gardelmaroz"
string(26) "Cantidad de follows = 6368"
<br><br><br>object(stdClass)#223 (2) {
  ["id"]=>
  string(5) "28080"
  ["login"]=>
  string(16) "msanchescaroline"
}
object(stdClass)#70 (2) {
  ["id"]=>
  string(5) "28092"
  ["login"]=>
  string(9) "pri_avlis"
}
string(13) "ferefacrochet"
string(26) "Cantidad de follows = 9065"
<br><br><br>object(stdClass)#70 (2) {
  ["id"]=>
  string(5) "28099"
  ["login"]=>
  string(13) "menezesandree"
}
string(7) "nr_mini"
string(27) "Cantidad de follows = 11326"
<br><br><br>string(6) "dz9bnb"
string(26) "Cantidad de follows = 3520"
<br><br><br>object(stdClass)#159 (2) {
  ["id"]=>
  string(5) "28145"
  ["login"]=>
  string(20) "nossoapartamento_103"
}
string(18) "cheirinhodamariana"
string(26) "Cantidad de follows = 7672"
<br><br><br>object(stdClass)#159 (2) {
  ["id"]=>
  string(5) "28213"
  ["login"]=>
  string(15) "malucassimiro.r"
}
string(16) "alvomarketingagc"
string(26) "Cantidad de follows = 9420"
<br><br><br>string(17) "ilmiocasamentoios"
string(26) "Cantidad de follows = 1018"
<br><br><br>string(16) "dranayanepacheco"
string(28) "Cantidad de follows = 142721"
<br><br><br>string(24) "silvanonunes.hairstylist"
string(27) "Cantidad de follows = 26000"
<br><br><br>object(stdClass)#225 (2) {
  ["id"]=>
  string(5) "28276"
  ["login"]=>
  string(13) "tatyanealvess"
}
string(21) "closetdemulheroficial"
string(26) "Cantidad de follows = 3966"
<br><br><br>string(12) "maxiprodutos"
string(27) "Cantidad de follows = 20601"
<br><br><br>string(17) "drdanilopelegrino"
string(26) "Cantidad de follows = 5847"
<br><br><br>string(20) "mariaclaraguimaraes1"
string(27) "Cantidad de follows = 35033"
<br><br><br>string(15) "vitoria.mamedio"
string(26) "Cantidad de follows = 7582"
<br><br><br>string(12) "meirellesipc"
string(26) "Cantidad de follows = 1490"
<br><br><br>string(12) "luporluciana"
string(26) "Cantidad de follows = 8452"
<br><br><br>string(11) "andersonvoo"
string(26) "Cantidad de follows = 1054"
<br><br><br>string(14) "niqueferreiira"
string(27) "Cantidad de follows = 12336"
<br><br><br>string(15) "carlota_barnabe"
string(27) "Cantidad de follows = 12724"
<br><br><br>string(17) "drdanilopelegrino"
string(26) "Cantidad de follows = 5847"
<br><br><br>string(9) "lipinhuss"
string(26) "Cantidad de follows = 1773"
<br><br><br>string(13) "mayaramarkes_"
string(26) "Cantidad de follows = 8583"
<br><br><br>string(10) "ky2oficial"
string(26) "Cantidad de follows = 2441"
<br><br><br>string(11) "mendy_vivii"
string(26) "Cantidad de follows = 4027"
<br><br><br>object(stdClass)#187 (2) {
  ["id"]=>
  string(5) "28497"
  ["login"]=>
  string(21) "_medicinaintegrativa_"
}
string(25) "specialitycoffeegastropub"
string(25) "Cantidad de follows = 551"
<br><br><br>string(11) "carolsousas"
string(26) "Cantidad de follows = 3534"
<br><br><br>object(stdClass)#103 (2) {
  ["id"]=>
  string(5) "28517"
  ["login"]=>
  string(19) "martins_consultoria"
}
string(4) "fila"
string(25) "Cantidad de follows = 856"
<br><br><br>string(6) "reebok"
string(29) "Cantidad de follows = 2144889"
<br><br><br>string(8) "bindanvm"
string(26) "Cantidad de follows = 1514"
<br><br><br>string(18) "wesleyoliveirareal"
string(26) "Cantidad de follows = 2814"
<br><br><br>string(9) "indikqui_"
string(26) "Cantidad de follows = 1330"
<br><br><br>string(10) "luahungria"
string(26) "Cantidad de follows = 4507"
<br><br><br>object(stdClass)#130 (2) {
  ["id"]=>
  string(5) "28557"
  ["login"]=>
  string(10) "kaahcintra"
}
string(17) "reabilitar.studio"
string(26) "Cantidad de follows = 5655"
<br><br><br>string(9) "amaraljej"
string(25) "Cantidad de follows = 614"
<br><br><br>string(14) "websterramalho"
string(25) "Cantidad de follows = 730"
<br><br><br>string(24) "vida_sol_e_mar_ecoresort"
string(26) "Cantidad de follows = 7113"
<br><br><br>string(10) "aco_brasil"
string(26) "Cantidad de follows = 3304"
<br><br><br>string(13) "desafioadois2"
string(26) "Cantidad de follows = 6918"
<br><br><br>string(10) "joaozaneti"
string(27) "Cantidad de follows = 13242"
<br><br><br>string(12) "karbofitness"
string(27) "Cantidad de follows = 10898"
<br><br><br>string(12) "nayaranouber"
string(27) "Cantidad de follows = 18101"
<br><br><br>object(stdClass)#221 (2) {
  ["id"]=>
  string(5) "28654"
  ["login"]=>
  string(11) "ellenrauber"
}
object(stdClass)#168 (2) {
  ["id"]=>
  string(5) "28657"
  ["login"]=>
  string(14) "reserveviagens"
}
string(17) "ingrid_ferreira25"
string(25) "Cantidad de follows = 177"
<br><br><br>string(20) "neovita_fisioterapia"
string(26) "Cantidad de follows = 4972"
<br><br><br>string(17) "dunashookahlounge"
string(26) "Cantidad de follows = 9079"
<br><br><br>string(15) "emporio.forever"
string(25) "Cantidad de follows = 272"
<br><br><br>string(16) "mariakarencosta_"
string(26) "Cantidad de follows = 6002"
<br><br><br>string(13) "pretta_araujo"
string(27) "Cantidad de follows = 11920"
<br><br><br>string(18) "theo_kate_ragdolls"
string(26) "Cantidad de follows = 6511"
<br><br><br>string(9) "xaanndii_"
string(26) "Cantidad de follows = 1245"
<br><br><br>string(15) "pausetakeabreak"
string(26) "Cantidad de follows = 4065"
<br><br><br>string(10) "raquellsan"
string(27) "Cantidad de follows = 26067"
<br><br><br>string(11) "quatro_maos"
string(26) "Cantidad de follows = 4194"
<br><br><br>string(20) "apaudiovisualoficial"
string(25) "Cantidad de follows = 568"
<br><br><br>string(15) "gameoverworldmx"
string(24) "Cantidad de follows = 36"
<br><br><br>string(10) "macielcaio"
string(26) "Cantidad de follows = 3046"
<br><br><br>string(10) "pp_eventos"
string(26) "Cantidad de follows = 3601"
<br><br><br>string(15) "renatacanizares"
string(27) "Cantidad de follows = 13477"
<br><br><br>string(12) "dermatofarma"
string(26) "Cantidad de follows = 8837"
<br><br><br>string(14) "cinarafestasbh"
string(27) "Cantidad de follows = 45983"
<br><br><br>string(10) "mreissilva"
string(27) "Cantidad de follows = 24018"
<br><br><br>string(17) "minutoscomdelavec"
string(27) "Cantidad de follows = 13961"
<br><br><br>string(9) "lilispada"
string(28) "Cantidad de follows = 719497"
<br><br><br>string(13) "edersilveiram"
string(26) "Cantidad de follows = 4496"
<br><br><br>string(15) "rosanatiburtino"
string(26) "Cantidad de follows = 1034"
<br><br><br>string(18) "stopscapautomotivo"
string(26) "Cantidad de follows = 6040"
<br><br><br>object(stdClass)#118 (2) {
  ["id"]=>
  string(5) "28849"
  ["login"]=>
  string(8) "plasjowl"
}
string(12) "itzackcamila"
string(26) "Cantidad de follows = 1344"
<br><br><br>string(15) "eu_gabicarvalho"
string(26) "Cantidad de follows = 3024"
<br><br><br>string(13) "everttonviana"
string(26) "Cantidad de follows = 9861"
<br><br><br>string(17) "shirleyalesantana"
string(27) "Cantidad de follows = 28289"
<br><br><br>string(14) "leticiastoledo"
string(26) "Cantidad de follows = 2568"
<br><br><br>string(14) "drpedroferrari"
string(27) "Cantidad de follows = 39364"
<br><br><br>string(11) "itamixbazar"
string(26) "Cantidad de follows = 4716"
<br><br><br>string(13) "trader_amador"
string(25) "Cantidad de follows = 167"
<br><br><br>string(16) "isabellasanchess"
string(26) "Cantidad de follows = 3032"
<br><br><br>object(stdClass)#10 (2) {
  ["id"]=>
  string(5) "28962"
  ["login"]=>
  string(15) "tiagomennezes11"
}
string(12) "bunkersounds"
string(26) "Cantidad de follows = 1686"
<br><br><br>string(14) "timmycelulares"
string(25) "Cantidad de follows = 217"
<br><br><br>object(stdClass)#118 (2) {
  ["id"]=>
  string(5) "28988"
  ["login"]=>
  string(15) "programavitrina"
}
object(stdClass)#40 (2) {
  ["id"]=>
  string(5) "28990"
  ["login"]=>
  string(17) "acade_corpoeforma"
}
object(stdClass)#118 (2) {
  ["id"]=>
  string(5) "28993"
  ["login"]=>
  string(11) "atgaranhuns"
}
string(20) "annamaya_arquitetura"
string(26) "Cantidad de follows = 9301"
<br><br><br>string(8) "1kgdobom"
string(27) "Cantidad de follows = 14975"
<br><br><br>string(13) "livre.digital"
string(26) "Cantidad de follows = 3652"
<br><br><br>string(14) "rhuanpenaforte"
string(27) "Cantidad de follows = 10631"
<br><br><br>string(16) "restaurantebario"
string(26) "Cantidad de follows = 1367"
<br><br><br>string(21) "felippeturtransportes"
string(26) "Cantidad de follows = 4093"
<br><br><br>string(15) "solarlifeenergy"
string(25) "Cantidad de follows = 547"
<br><br><br>string(18) "vinteumcomunicacao"
string(25) "Cantidad de follows = 576"
<br><br><br>string(18) "auto_escolaatitude"
string(26) "Cantidad de follows = 2021"
<br><br><br>string(13) "carollremigio"
string(26) "Cantidad de follows = 1067"
<br><br><br>string(13) "pampodelivery"
string(26) "Cantidad de follows = 1262"
<br><br><br>string(20) "txcambioeturismo_rio"
string(26) "Cantidad de follows = 1287"
<br><br><br>string(13) "riveauxmerino"
string(26) "Cantidad de follows = 5417"
<br><br><br>string(15) "carneslaceleste"
string(26) "Cantidad de follows = 2388"
<br><br><br>string(11) "heroairsoft"
string(26) "Cantidad de follows = 3837"
<br><br><br>string(19) "brechoandreaventuro"
string(27) "Cantidad de follows = 36620"
<br><br><br>string(9) "samiilly_"
string(27) "Cantidad de follows = 18225"
<br><br><br>string(14) "luigi_bemporad"
string(24) "Cantidad de follows = 53"
<br><br><br>string(13) "luiz_skydiver"
string(26) "Cantidad de follows = 9846"
<br><br><br>string(15) "luanmachado.arq"
string(26) "Cantidad de follows = 1850"
<br><br><br>string(12) "kaikfariastv"
string(26) "Cantidad de follows = 2108"
<br><br><br>string(16) "colegioguarapuvu"
string(23) "Cantidad de follows = 1"
<br><br><br>string(9) "guarapuvu"
string(26) "Cantidad de follows = 3067"
<br><br><br>string(13) "purocafajeste"
string(27) "Cantidad de follows = 34224"
<br><br><br>string(11) "a_deziderio"
string(26) "Cantidad de follows = 2060"
<br><br><br>object(stdClass)#104 (2) {
  ["id"]=>
  string(5) "29171"
  ["login"]=>
  string(16) "ranchotalisma_mg"
}
object(stdClass)#70 (2) {
  ["id"]=>
  string(5) "29178"
  ["login"]=>
  string(16) "maryana_araujooc"
}
string(13) "vitormagnusss"
string(27) "Cantidad de follows = 42249"
<br><br><br>string(20) "franciscosilva_alves"
string(25) "Cantidad de follows = 268"
<br><br><br>string(17) "mrandersonalmeida"
string(26) "Cantidad de follows = 6322"
<br><br><br>string(10) "inovaluxrj"
string(25) "Cantidad de follows = 190"
<br><br><br>string(17) "mixturinhafashion"
string(26) "Cantidad de follows = 2232"
<br><br><br>string(22) "danelonprimeacessorios"
string(26) "Cantidad de follows = 4664"
<br><br><br>object(stdClass)#238 (2) {
  ["id"]=>
  string(5) "29219"
  ["login"]=>
  string(7) "ruivabr"
}
string(17) "luizjatobaoficial"
string(26) "Cantidad de follows = 9542"
<br><br><br>string(8) "thhai97_"
string(26) "Cantidad de follows = 1608"
<br><br><br>string(10) "tiago_kuhn"
string(26) "Cantidad de follows = 2289"
<br><br><br>object(stdClass)#228 (2) {
  ["id"]=>
  string(5) "29228"
  ["login"]=>
  string(13) "tiolavinicius"
}
string(15) "crisoliveiravmk"
string(26) "Cantidad de follows = 2172"
<br><br><br>string(15) "wesleymichelini"
string(26) "Cantidad de follows = 1883"
<br><br><br>string(18) "raphaelacapobiango"
string(26) "Cantidad de follows = 5615"
<br><br><br>string(11) "castrolucas"
string(26) "Cantidad de follows = 3604"
<br><br><br>string(16) "masseriniosteria"
string(26) "Cantidad de follows = 6198"
<br><br><br>string(10) "alvesgilli"
string(26) "Cantidad de follows = 2002"
<br><br><br>string(10) "felippetur"
string(27) "Cantidad de follows = 19810"
<br><br><br>string(25) "rodrigo.embraconconsorcio"
string(26) "Cantidad de follows = 6245"
<br><br><br>string(14) "naotolendoisso"
string(26) "Cantidad de follows = 3394"
<br><br><br>string(14) "elizabet.agent"
string(25) "Cantidad de follows = 774"
<br><br><br>string(12) "elestore.rio"
string(26) "Cantidad de follows = 1804"
<br><br><br>string(14) "joannaa_aguiar"
string(25) "Cantidad de follows = 567"
<br><br><br>string(12) "ale.mmartins"
string(26) "Cantidad de follows = 1277"
<br><br><br>string(14) "ricvrdomoraes_"
string(26) "Cantidad de follows = 3901"
<br><br><br>string(16) "psgacademyrecife"
string(26) "Cantidad de follows = 4390"
<br><br><br>string(11) "diasluciano"
string(27) "Cantidad de follows = 16479"
<br><br><br>string(15) "othmanejennaoui"
string(27) "Cantidad de follows = 11001"
<br><br><br>string(14) "andresza_ramos"
string(26) "Cantidad de follows = 2008"
<br><br><br>string(23) "estetica.michelecamargo"
string(26) "Cantidad de follows = 3461"
<br><br><br>string(19) "fernandalima.decora"
string(26) "Cantidad de follows = 2144"
<br><br><br>string(13) "ghanabranding"
string(26) "Cantidad de follows = 6729"
<br><br><br>string(16) "binhorodriguess_"
string(26) "Cantidad de follows = 3540"
<br><br><br>string(14) "theblondedetox"
string(26) "Cantidad de follows = 3745"
<br><br><br>string(19) "oficialwinnieamaral"
string(27) "Cantidad de follows = 24178"
<br><br><br>string(19) "pezinhofirmenarocha"
string(28) "Cantidad de follows = 116321"
<br><br><br>string(11) "meempreenda"
string(26) "Cantidad de follows = 3629"
<br><br><br>string(14) "joseluizpontes"
string(25) "Cantidad de follows = 985"
<br><br><br>object(stdClass)#236 (2) {
  ["id"]=>
  string(5) "29486"
  ["login"]=>
  string(15) "eduarda.neves13"
}
object(stdClass)#159 (2) {
  ["id"]=>
  string(5) "29498"
  ["login"]=>
  string(20) "orlamodapraiaoficial"
}
object(stdClass)#236 (2) {
  ["id"]=>
  string(5) "29501"
  ["login"]=>
  string(17) "advocacia_messias"
}
string(18) "allbotequipamentos"
string(26) "Cantidad de follows = 2917"
<br><br><br>string(20) "emersonlopeshoficial"
string(27) "Cantidad de follows = 12608"
<br><br><br>string(11) "raissataini"
string(27) "Cantidad de follows = 26301"
<br><br><br>object(stdClass)#94 (2) {
  ["id"]=>
  string(5) "29527"
  ["login"]=>
  string(13) "menezesandree"
}
string(10) "vivianeneu"
string(27) "Cantidad de follows = 28989"
<br><br><br>string(8) "dhougie_"
string(27) "Cantidad de follows = 19049"
<br><br><br>string(24) "andressamakeup_penteados"
string(26) "Cantidad de follows = 3058"
<br><br><br>string(13) "iracemaallves"
string(26) "Cantidad de follows = 7412"
<br><br><br>string(11) "renannunes2"
string(26) "Cantidad de follows = 5047"
<br><br><br>string(14) "natha.estetica"
string(26) "Cantidad de follows = 1884"
<br><br><br>string(19) "j.a.estudiodebeleza"
string(25) "Cantidad de follows = 172"
<br><br><br>string(12) "grafianafoto"
string(26) "Cantidad de follows = 9000"
<br><br><br>string(19) "thespacetimeripples"
string(26) "Cantidad de follows = 3309"
<br><br><br>string(14) "rubia_martinss"
string(27) "Cantidad de follows = 98342"
<br><br><br>string(23) "joseguilherme.consultor"
string(26) "Cantidad de follows = 1211"
<br><br><br>string(14) "emporiodifiori"
string(26) "Cantidad de follows = 2243"
<br><br><br>string(21) "viajandonaarquitetura"
string(26) "Cantidad de follows = 4984"
<br><br><br>string(14) "elitecenterfoz"
string(26) "Cantidad de follows = 2390"
<br><br><br>string(10) "yancasilva"
string(26) "Cantidad de follows = 3335"
<br><br><br>string(16) "roberta.amfranca"
string(26) "Cantidad de follows = 3379"
<br><br><br>string(15) "doceriaanaester"
string(26) "Cantidad de follows = 3891"
<br><br><br>string(10) "kathguedes"
string(27) "Cantidad de follows = 43102"
<br><br><br>string(13) "tubaraocenter"
string(26) "Cantidad de follows = 6329"
<br><br><br>object(stdClass)#76 (2) {
  ["id"]=>
  string(5) "29702"
  ["login"]=>
  string(6) "zayrnm"
}
string(9) "chefeeddy"
string(27) "Cantidad de follows = 13312"
<br><br><br>string(10) "acasadecat"
string(27) "Cantidad de follows = 11154"
<br><br><br>string(20) "oficialforroperfeito"
string(27) "Cantidad de follows = 42745"
<br><br><br>string(14) "orabolasbrecho"
string(26) "Cantidad de follows = 2993"
<br><br><br>string(11) "thekingboy_"
string(27) "Cantidad de follows = 17737"
<br><br><br>string(15) "vanessa.wysocki"
string(26) "Cantidad de follows = 3609"
<br><br><br>string(11) "rique.silva"
string(26) "Cantidad de follows = 4993"
<br><br><br>string(22) "gabriellacarvalhostore"
string(27) "Cantidad de follows = 33992"
<br><br><br>string(14) "lojanowfitness"
string(26) "Cantidad de follows = 3979"
<br><br><br>string(8) "mapoiani"
string(26) "Cantidad de follows = 6102"
<br><br><br>string(14) "salaostudiosbc"
string(26) "Cantidad de follows = 1791"
<br><br><br>string(19) "studying_the_secret"
string(26) "Cantidad de follows = 2709"
<br><br><br>string(23) "studiohairinternacional"
string(26) "Cantidad de follows = 5337"
<br><br><br>string(9) "ahdireito"
string(26) "Cantidad de follows = 5389"
<br><br><br>string(7) "kabonkk"
string(26) "Cantidad de follows = 4037"
<br><br><br>string(10) "companyate"
string(25) "Cantidad de follows = 108"
<br><br><br>string(12) "djdavisantos"
string(26) "Cantidad de follows = 8409"
<br><br><br>string(14) "rafaellmoraess"
string(25) "Cantidad de follows = 826"
<br><br><br>string(22) "syflariluminacaoimport"
string(26) "Cantidad de follows = 1785"
<br><br><br>object(stdClass)#159 (2) {
  ["id"]=>
  string(5) "29883"
  ["login"]=>
  string(12) "grupo.efraim"
}
object(stdClass)#66 (2) {
  ["id"]=>
  string(5) "29884"
  ["login"]=>
  string(17) "efraimhoteleflats"
}
string(30) "rpcontrollerinsetodedetizadora"
string(25) "Cantidad de follows = 165"
<br><br><br>string(12) "raunierporto"
string(26) "Cantidad de follows = 3098"
<br><br><br>string(11) "marciabotam"
string(26) "Cantidad de follows = 3854"
<br><br><br>object(stdClass)#211 (2) {
  ["id"]=>
  string(5) "29901"
  ["login"]=>
  string(8) "1jonhbjj"
}
object(stdClass)#156 (2) {
  ["id"]=>
  string(5) "29918"
  ["login"]=>
  string(9) "odeiopera"
}
object(stdClass)#211 (2) {
  ["id"]=>
  string(5) "29932"
  ["login"]=>
  string(11) "eufeearruda"
}
string(11) "tclaranunes"
string(26) "Cantidad de follows = 1783"
<br><br><br>string(19) "alaskaclothingstore"
string(26) "Cantidad de follows = 2290"
<br><br><br>string(14) "gkt_kickboxing"
string(26) "Cantidad de follows = 1629"
<br><br><br>string(19) "character.design.gk"
string(26) "Cantidad de follows = 1188"
<br><br><br>object(stdClass)#133 (2) {
  ["id"]=>
  string(5) "29964"
  ["login"]=>
  string(12) "blogdoarinos"
}
object(stdClass)#64 (2) {
  ["id"]=>
  string(5) "29965"
  ["login"]=>
  string(12) "bela.morenaa"
}
string(24) "leandroquelucifotografia"
string(26) "Cantidad de follows = 3140"
<br><br><br>string(19) "generalstorefitness"
string(26) "Cantidad de follows = 3743"
<br><br><br>string(15) "acervomodasda44"
string(26) "Cantidad de follows = 5694"
<br><br><br>string(12) "mama_costhay"
string(26) "Cantidad de follows = 4879"
<br><br><br>string(17) "ginetom_rodrigues"
string(26) "Cantidad de follows = 7806"
<br><br><br>string(13) "brunnooctavio"
string(25) "Cantidad de follows = 978"
<br><br><br>object(stdClass)#159 (2) {
  ["id"]=>
  string(5) "29996"
  ["login"]=>
  string(12) "doug0liveira"
}
string(10) "gutt_carol"
string(27) "Cantidad de follows = 12073"
<br><br><br>string(9) "hulkdutra"
string(27) "Cantidad de follows = 13394"
<br><br><br>string(16) "camilaguerreiroo"
string(26) "Cantidad de follows = 2374"
<br><br><br>string(15) "sandymakecabelo"
string(26) "Cantidad de follows = 6668"
<br><br><br>string(15) "copaciadvogados"
string(25) "Cantidad de follows = 674"
<br><br><br>string(18) "diegocamargotattoo"
string(26) "Cantidad de follows = 3283"
<br><br><br>string(17) "entretenimento.pe"
string(26) "Cantidad de follows = 3435"
<br><br><br>string(17) "alicemelomakehair"
string(26) "Cantidad de follows = 6782"
<br><br><br>object(stdClass)#153 (2) {
  ["id"]=>
  string(5) "30051"
  ["login"]=>
  string(11) "tuguinha.tv"
}
string(13) "rentar.com.do"
string(27) "Cantidad de follows = 11623"
<br><br><br>string(15) "eriosvaldodiniz"
string(26) "Cantidad de follows = 1623"
<br><br><br>string(11) "gustavo_ono"
string(26) "Cantidad de follows = 5414"
<br><br><br>string(15) "canilredbroncos"
string(26) "Cantidad de follows = 1886"
<br><br><br>string(9) "_brokerst"
string(25) "Cantidad de follows = 302"
<br><br><br>string(14) "lifeprojectone"
string(26) "Cantidad de follows = 1868"
<br><br><br>string(16) "disfranco.motors"
string(26) "Cantidad de follows = 2962"
<br><br><br>string(6) "bomf17"
string(25) "Cantidad de follows = 819"
<br><br><br>string(12) "aliicemello_"
string(26) "Cantidad de follows = 2362"
<br><br><br>string(11) "_bellaforma"
string(27) "Cantidad de follows = 71330"
<br><br><br>string(10) "bruruschel"
string(27) "Cantidad de follows = 11920"
<br><br><br>string(9) "murilooc7"
string(26) "Cantidad de follows = 4432"
<br><br><br>string(9) "a7madov95"
string(25) "Cantidad de follows = 247"
<br><br><br>string(7) "a_mayla"
string(25) "Cantidad de follows = 750"
<br><br><br>string(13) "lidiafeitosa4"
string(26) "Cantidad de follows = 2798"
<br><br><br>string(10) "smokeseila"
string(25) "Cantidad de follows = 645"
<br><br><br>string(10) "rikdelucca"
string(26) "Cantidad de follows = 3652"
<br><br><br>string(19) "corretoracavalcante"
string(25) "Cantidad de follows = 840"
<br><br><br>object(stdClass)#135 (2) {
  ["id"]=>
  string(5) "30218"
  ["login"]=>
  string(14) "thaisaschayder"
}
string(13) "hueskerbrasil"
string(26) "Cantidad de follows = 3745"
<br><br><br>string(22) "rodrigoranchodascabras"
string(25) "Cantidad de follows = 949"
<br><br><br>object(stdClass)#64 (2) {
  ["id"]=>
  string(5) "30232"
  ["login"]=>
  string(15) "arisson_jessica"
}
string(16) "camilla.franklin"
string(26) "Cantidad de follows = 6303"
<br><br><br>string(11) "maira.fuzii"
string(26) "Cantidad de follows = 2227"
<br><br><br>object(stdClass)#10 (2) {
  ["id"]=>
  string(5) "30257"
  ["login"]=>
  string(13) "nathaly_llima"
}
string(21) "laraharantes.piercing"
string(26) "Cantidad de follows = 3235"
<br><br><br>string(11) "maitemellim"
string(26) "Cantidad de follows = 1969"
<br><br><br>string(10) "criptobraz"
string(25) "Cantidad de follows = 700"
<br><br><br>string(14) "meuprojeto.fit"
string(26) "Cantidad de follows = 2105"
<br><br><br>object(stdClass)#225 (2) {
  ["id"]=>
  string(5) "30286"
  ["login"]=>
  string(15) "cmo_odontologia"
}
object(stdClass)#87 (2) {
  ["id"]=>
  string(5) "30293"
  ["login"]=>
  string(14) "ketellenfelix1"
}
string(14) "biel_do_cavaco"
string(27) "Cantidad de follows = 19608"
<br><br><br>string(9) "netto_ull"
string(25) "Cantidad de follows = 615"
<br><br><br>string(11) "nandokounat"
string(27) "Cantidad de follows = 19528"
<br><br><br>object(stdClass)#188 (2) {
  ["id"]=>
  string(5) "30317"
  ["login"]=>
  string(14) "easyartgrafica"
}
string(15) "studio_beauty15"
string(26) "Cantidad de follows = 1043"
<br><br><br>string(18) "julio_sosa_imoveis"
string(25) "Cantidad de follows = 797"
<br><br><br>string(10) "canelihome"
string(26) "Cantidad de follows = 3706"
<br><br><br>string(9) "josergm86"
string(26) "Cantidad de follows = 7213"
<br><br><br>string(11) "katiaalbany"
string(26) "Cantidad de follows = 4768"
<br><br><br>string(11) "leandramora"
string(26) "Cantidad de follows = 4809"
<br><br><br>object(stdClass)#63 (2) {
  ["id"]=>
  string(5) "30380"
  ["login"]=>
  string(7) "_lrnnym"
}
string(17) "festivalnovomundo"
string(26) "Cantidad de follows = 4374"
<br><br><br>string(10) "odavilemos"
string(27) "Cantidad de follows = 13344"
<br><br><br>string(20) "clebsonfrancaoficial"
string(26) "Cantidad de follows = 2213"
<br><br><br>string(15) "mamaesemmanuais"
string(27) "Cantidad de follows = 11491"
<br><br><br>string(13) "victorcastelo"
string(26) "Cantidad de follows = 1190"
<br><br><br>string(17) "fabricio.physique"
string(27) "Cantidad de follows = 11182"
<br><br><br>string(15) "rafaelfsantanaa"
string(25) "Cantidad de follows = 755"
<br><br><br>object(stdClass)#163 (2) {
  ["id"]=>
  string(5) "30436"
  ["login"]=>
  string(15) "kawlicheski1993"
}
string(10) "facamerirr"
string(26) "Cantidad de follows = 3426"
<br><br><br>string(10) "linoamanda"
string(27) "Cantidad de follows = 10022"
<br><br><br>string(10) "_lorecosta"
string(26) "Cantidad de follows = 2093"
<br><br><br>string(21) "clara.goldenretriever"
string(26) "Cantidad de follows = 3689"
<br><br><br>string(14) "andre.grupoark"
string(26) "Cantidad de follows = 4196"
<br><br><br>string(13) "espacoubaense"
string(26) "Cantidad de follows = 1869"
<br><br><br>string(14) "photoboxbrasil"
string(26) "Cantidad de follows = 2829"
<br><br><br>string(13) "luiara_helmer"
string(26) "Cantidad de follows = 5085"
<br><br><br>string(7) "dul_fcy"
string(26) "Cantidad de follows = 2879"
<br><br><br>string(26) "emporiodapapinhasantoandre"
string(26) "Cantidad de follows = 5426"
<br><br><br>string(15) "rayanemarchetta"
string(26) "Cantidad de follows = 1720"
<br><br><br>string(13) "karol_nunes00"
string(26) "Cantidad de follows = 3579"
<br><br><br>string(10) "apedesign_"
string(26) "Cantidad de follows = 2693"
<br><br><br>string(9) "danilelah"
string(26) "Cantidad de follows = 5092"
<br><br><br>string(8) "kevinm5m"
string(26) "Cantidad de follows = 7427"
<br><br><br>string(12) "noahestetica"
string(26) "Cantidad de follows = 8830"
<br><br><br>string(9) "casadovaz"
string(26) "Cantidad de follows = 7184"
<br><br><br>string(8) "arena7bh"
string(26) "Cantidad de follows = 4389"
<br><br><br>object(stdClass)#47 (2) {
  ["id"]=>
  string(5) "30581"
  ["login"]=>
  string(13) "mathoficialbr"
}
string(17) "jonatas.batistela"
string(27) "Cantidad de follows = 15675"
<br><br><br>string(10) "queirozloo"
string(26) "Cantidad de follows = 3682"
<br><br><br>object(stdClass)#130 (2) {
  ["id"]=>
  string(5) "30593"
  ["login"]=>
  string(12) "rogersiiilva"
}
string(11) "marci0viana"
string(26) "Cantidad de follows = 1311"
<br><br><br>string(16) "chefsheiladuarte"
string(26) "Cantidad de follows = 1035"
<br><br><br>string(8) "itsredtv"
string(27) "Cantidad de follows = 44825"
<br><br><br>object(stdClass)#188 (2) {
  ["id"]=>
  string(5) "30622"
  ["login"]=>
  string(8) "lorisfaz"
}
object(stdClass)#223 (2) {
  ["id"]=>
  string(5) "30623"
  ["login"]=>
  string(20) "emagrecer_ja_oficial"
}
string(19) "tamyparadorneptunia"
string(26) "Cantidad de follows = 5806"
<br><br><br>string(9) "gabicoach"
string(26) "Cantidad de follows = 3473"
<br><br><br>object(stdClass)#232 (2) {
  ["id"]=>
  string(5) "30648"
  ["login"]=>
  string(14) "amanda3santana"
}
string(8) "crecleao"
string(26) "Cantidad de follows = 3248"
<br><br><br>string(10) "elluhalves"
string(26) "Cantidad de follows = 5251"
<br><br><br>string(18) "mixsushicafebistek"
string(26) "Cantidad de follows = 5891"
<br><br><br>string(16) "f1ciaimobiliaria"
string(26) "Cantidad de follows = 3287"
<br><br><br>string(15) "vitor_honorato3"
string(26) "Cantidad de follows = 1138"
<br><br><br>string(13) "veneno_daseda"
string(26) "Cantidad de follows = 2065"
<br><br><br>string(10) "mc2turismo"
string(27) "Cantidad de follows = 17864"
<br><br><br>string(19) "erickakamineoficial"
string(26) "Cantidad de follows = 6611"
<br><br><br>string(11) "fredmunizrj"
string(26) "Cantidad de follows = 1496"
<br><br><br>object(stdClass)#67 (2) {
  ["id"]=>
  string(5) "30718"
  ["login"]=>
  string(16) "luis.fernando.br"
}
string(17) "drasheilawatanabe"
string(26) "Cantidad de follows = 1756"
<br><br><br>string(12) "laysasmacedo"
string(26) "Cantidad de follows = 2876"
<br><br><br>string(17) "creativapapelaria"
string(25) "Cantidad de follows = 329"
<br><br><br>string(11) "aondeiremsp"
string(27) "Cantidad de follows = 25474"
<br><br><br>object(stdClass)#57 (2) {
  ["id"]=>
  string(5) "30815"
  ["login"]=>
  string(6) "79_app"
}
string(15) "dioceliogoulart"
string(27) "Cantidad de follows = 19079"
<br><br><br>string(15) "victorperazzini"
string(26) "Cantidad de follows = 2524"
<br><br><br>string(12) "alberto_test"
string(25) "Cantidad de follows = 311"
<br><br><br>string(13) "fassegseguros"
string(26) "Cantidad de follows = 7140"
<br><br><br>string(18) "giovanni.consultor"
string(25) "Cantidad de follows = 895"
<br><br><br>string(17) "coach.jorgeamorim"
string(25) "Cantidad de follows = 997"
<br><br><br>string(16) "blessedmaemequer"
string(27) "Cantidad de follows = 16974"
<br><br><br>string(15) "baile_de_camelo"
string(25) "Cantidad de follows = 754"
<br><br><br>string(13) "dentistabruna"
string(25) "Cantidad de follows = 189"
<br><br><br>string(11) "chicomorais"
string(26) "Cantidad de follows = 4636"
<br><br><br>string(13) "adrianemayumi"
string(27) "Cantidad de follows = 13614"
<br><br><br>string(14) "dresscode.byrm"
string(25) "Cantidad de follows = 230"
<br><br><br>object(stdClass)#52 (2) {
  ["id"]=>
  string(5) "30911"
  ["login"]=>
  string(15) "alynemultiforme"
}
string(15) "ehpralaqueeuvou"
string(26) "Cantidad de follows = 1227"
<br><br><br>string(14) "douglasvwalker"
string(26) "Cantidad de follows = 1760"
<br><br><br>string(11) "brimigreipt"
string(25) "Cantidad de follows = 319"
<br><br><br>string(8) "dazz.777"
string(26) "Cantidad de follows = 1009"
<br><br><br>string(14) "rafaella_neves"
string(26) "Cantidad de follows = 3736"
<br><br><br>string(8) "soueuwal"
string(26) "Cantidad de follows = 1638"
<br><br><br>string(22) "lacosdasmeninasoficial"
string(26) "Cantidad de follows = 2234"
<br><br><br>string(13) "talitamcostta"
string(25) "Cantidad de follows = 576"
<br><br><br>string(8) "pionunes"
string(27) "Cantidad de follows = 16485"
<br><br><br>string(18) "confeitariadagabi_"
string(24) "Cantidad de follows = 63"
<br><br><br>string(14) "brunoalvarez.1"
string(25) "Cantidad de follows = 560"
<br><br><br>string(10) "1989closet"
string(26) "Cantidad de follows = 5853"
<br><br><br>string(12) "jumota_decor"
string(26) "Cantidad de follows = 1699"
<br><br><br>string(16) "marmitinhaslight"
string(26) "Cantidad de follows = 2656"
<br><br><br>string(24) "leoart_desing_paisagismo"
string(26) "Cantidad de follows = 6604"
<br><br><br>string(14) "carolfroemming"
string(26) "Cantidad de follows = 7022"
<br><br><br>string(24) "priscilaaparecidasantoss"
string(25) "Cantidad de follows = 604"
<br><br><br>object(stdClass)#146 (2) {
  ["id"]=>
  string(5) "31080"
  ["login"]=>
  string(9) "chio18789"
}
string(13) "kasamor_store"
string(26) "Cantidad de follows = 2323"
<br><br><br>object(stdClass)#146 (2) {
  ["id"]=>
  string(5) "31088"
  ["login"]=>
  string(13) "thamysilva201"
}
string(10) "alexrssp12"
string(25) "Cantidad de follows = 312"
<br><br><br>string(14) "silvio.cesarjr"
string(24) "Cantidad de follows = 58"
<br><br><br>string(12) "levis_tudouu"
string(27) "Cantidad de follows = 15919"
<br><br><br>string(8) "euogomez"
string(26) "Cantidad de follows = 2490"
<br><br><br>string(14) "amorefeoficial"
string(26) "Cantidad de follows = 4771"
<br><br><br>string(15) "studioambientes"
string(27) "Cantidad de follows = 14407"
<br><br><br>string(12) "gomilkbrasil"
string(26) "Cantidad de follows = 1019"
<br><br><br>string(13) "gomed.digital"
string(26) "Cantidad de follows = 2296"
<br><br><br>object(stdClass)#127 (2) {
  ["id"]=>
  string(5) "31133"
  ["login"]=>
  string(6) "lv_luh"
}
string(8) "curyamin"
string(25) "Cantidad de follows = 765"
<br><br><br>string(11) "stancefight"
string(27) "Cantidad de follows = 33653"
<br><br><br>string(19) "medconsultingbrasil"
string(27) "Cantidad de follows = 11921"
<br><br><br>string(3) "usa"
string(26) "Cantidad de follows = 4644"
<br><br><br>string(8) "voa_hati"
string(26) "Cantidad de follows = 2974"
<br><br><br>string(18) "robsonbarbosacoach"
string(26) "Cantidad de follows = 6123"
<br><br><br>string(10) "yasmincgr_"
string(26) "Cantidad de follows = 1093"
<br><br><br>string(14) "kharlos_soares"
string(25) "Cantidad de follows = 204"
<br><br><br>string(19) "chrystopher.gabriel"
string(25) "Cantidad de follows = 321"
<br><br><br>string(7) "nega.93"
string(27) "Cantidad de follows = 10428"
<br><br><br>string(13) "cahrlossoares"
string(24) "Cantidad de follows = 61"
<br><br><br>string(8) "emillymv"
string(26) "Cantidad de follows = 4084"
<br><br><br>string(11) "_j.o.a.o___"
string(25) "Cantidad de follows = 185"
<br><br><br>string(14) "antonioportes_"
string(25) "Cantidad de follows = 229"
<br><br><br>string(14) "samo_oliveiraa"
string(25) "Cantidad de follows = 656"
<br><br><br>string(12) "aleehzinho_t"
string(25) "Cantidad de follows = 175"
<br><br><br>string(15) "jonasfahelysson"
string(26) "Cantidad de follows = 6875"
<br><br><br>string(13) "mari_azeredo_"
string(25) "Cantidad de follows = 768"
<br><br><br>string(18) "clinicaformighieri"
string(26) "Cantidad de follows = 2145"
<br><br><br>string(10) "guiturner_"
string(26) "Cantidad de follows = 8882"
<br><br><br>string(14) "carloskpulling"
string(28) "Cantidad de follows = 112813"
<br><br><br>string(10) "oppaviajei"
string(25) "Cantidad de follows = 717"
<br><br><br>string(15) "jujucoelhopinto"
string(27) "Cantidad de follows = 28231"
<br><br><br>string(13) "gersonaraujo_"
string(26) "Cantidad de follows = 2255"
<br><br><br>object(stdClass)#239 (2) {
  ["id"]=>
  string(5) "31318"
  ["login"]=>
  string(11) "josiasnetoo"
}
string(19) "blogsairdozeroagora"
string(26) "Cantidad de follows = 1264"
<br><br><br>object(stdClass)#239 (2) {
  ["id"]=>
  string(5) "31325"
  ["login"]=>
  string(18) "neonprodutorapromo"
}
object(stdClass)#236 (2) {
  ["id"]=>
  string(5) "31326"
  ["login"]=>
  string(6) "djrat_"
}
object(stdClass)#239 (2) {
  ["id"]=>
  string(5) "31337"
  ["login"]=>
  string(23) "anderson_diego_oliveira"
}
string(19) "anacarlarodrigues19"
string(26) "Cantidad de follows = 3026"
<br><br><br>object(stdClass)#239 (2) {
  ["id"]=>
  string(5) "31346"
  ["login"]=>
  string(15) "siimoneepereira"
}
string(13) "jubart_design"
string(25) "Cantidad de follows = 616"
<br><br><br>string(19) "bellkeyprofessional"
string(26) "Cantidad de follows = 1677"
<br><br><br>string(8) "ealine._"
string(26) "Cantidad de follows = 4781"
<br><br><br>string(8) "wheresje"
string(28) "Cantidad de follows = 107232"
<br><br><br>object(stdClass)#71 (2) {
  ["id"]=>
  string(5) "31394"
  ["login"]=>
  string(12) "ronyfgomesss"
}
string(16) "jhonatha_feitosa"
string(26) "Cantidad de follows = 1191"
<br><br><br>string(15) "blena.nathallya"
string(26) "Cantidad de follows = 1085"
<br><br><br>string(10) "edersonflx"
string(26) "Cantidad de follows = 6845"
<br><br><br>string(23) "tridorimpermebializacao"
string(25) "Cantidad de follows = 178"
<br><br><br>string(9) "jehdpires"
string(25) "Cantidad de follows = 800"
<br><br><br>string(18) "emagrecer_agora.br"
string(25) "Cantidad de follows = 936"
<br><br><br>string(9) "caio_luka"
string(25) "Cantidad de follows = 311"
<br><br><br>string(10) "brasil.anb"
string(25) "Cantidad de follows = 691"
<br><br><br>string(19) "jeanpiresfotografia"
string(26) "Cantidad de follows = 1085"
<br><br><br>object(stdClass)#95 (2) {
  ["id"]=>
  string(5) "31483"
  ["login"]=>
  string(12) "canutoandree"
}
string(15) "charles_gsilvaa"
string(26) "Cantidad de follows = 1886"
<br><br><br>string(15) "theluccassantos"
string(26) "Cantidad de follows = 1143"
<br><br><br>string(10) "biih_faith"
string(26) "Cantidad de follows = 1464"
<br><br><br>string(18) "leonardomonteiro00"
string(25) "Cantidad de follows = 892"
<br><br><br>string(17) "carlafagundesblog"
string(26) "Cantidad de follows = 6236"
<br><br><br>string(13) "aguedamaurien"
string(26) "Cantidad de follows = 2559"
<br><br><br>string(13) "pedrosagfteam"
string(26) "Cantidad de follows = 1897"
<br><br><br>string(9) "eusoudaro"
string(26) "Cantidad de follows = 1656"
<br><br><br>string(14) "caiquefregnani"
string(27) "Cantidad de follows = 10688"
<br><br><br>string(14) "heitorsoares.c"
string(26) "Cantidad de follows = 7941"
<br><br><br>string(21) "mulheres_que_se_amam_"
string(24) "Cantidad de follows = 69"
<br><br><br>string(17) "marco.suplementos"
string(27) "Cantidad de follows = 10114"
<br><br><br>string(8) "tetovivo"
string(26) "Cantidad de follows = 1919"
<br><br><br>string(14) "andrewanderley"
string(26) "Cantidad de follows = 3525"
<br><br><br>string(9) "vitormc83"
string(25) "Cantidad de follows = 177"
<br><br><br>string(8) "_lsilvva"
string(26) "Cantidad de follows = 6198"
<br><br><br>string(17) "clube_das_gostosa"
string(26) "Cantidad de follows = 1656"
<br><br><br>string(17) "esteticista_julia"
string(25) "Cantidad de follows = 638"
<br><br><br>string(10) "kauadellon"
string(25) "Cantidad de follows = 731"
<br><br><br>string(20) "divulgageraisoficial"
string(27) "Cantidad de follows = 20924"
<br><br><br>string(18) "dr.grimaldobicalho"
string(26) "Cantidad de follows = 1705"
<br><br><br>string(10) "rahfritzen"
string(26) "Cantidad de follows = 9323"
<br><br><br>object(stdClass)#233 (2) {
  ["id"]=>
  string(5) "31679"
  ["login"]=>
  string(13) "eiandrecanuto"
}
string(10) "mariodj.uy"
string(26) "Cantidad de follows = 1821"
<br><br><br>string(14) "stephanmarinho"
string(26) "Cantidad de follows = 7037"
<br><br><br>string(9) "misouza07"
string(25) "Cantidad de follows = 722"
<br><br><br>string(16) "glaubritooficial"
string(26) "Cantidad de follows = 2121"
<br><br><br>string(18) "anacarolinefavacho"
string(26) "Cantidad de follows = 1167"
<br><br><br>string(17) "natpharmafarmacia"
string(25) "Cantidad de follows = 698"
<br><br><br>string(13) "tablesdecorpy"
string(25) "Cantidad de follows = 608"
<br><br><br>string(18) "julianasilvaespaco"
string(26) "Cantidad de follows = 1238"
<br><br><br>string(22) "alice_carvalho_oficial"
string(26) "Cantidad de follows = 1131"
<br><br><br>string(14) "juliaparanhos_"
string(27) "Cantidad de follows = 41417"
<br><br><br>string(18) "rannabeckeroficial"
string(27) "Cantidad de follows = 20253"
<br><br><br>string(13) "gomesterapias"
string(27) "Cantidad de follows = 48836"
<br><br><br>string(10) "filhoteeco"
string(27) "Cantidad de follows = 32739"
<br><br><br>object(stdClass)#212 (2) {
  ["id"]=>
  string(5) "31757"
  ["login"]=>
  string(15) "umbr_no_youtube"
}
string(12) "jeff_valerio"
string(25) "Cantidad de follows = 257"
<br><br><br>string(12) "calmbunnypet"
string(25) "Cantidad de follows = 635"
<br><br><br>string(9) "equipe.dx"
string(26) "Cantidad de follows = 2472"
<br><br><br>string(11) "mr.andyarte"
string(25) "Cantidad de follows = 260"
<br><br><br>string(12) "401loungebar"
string(26) "Cantidad de follows = 6729"
<br><br><br>string(14) "edinhotattoojc"
string(27) "Cantidad de follows = 10865"
<br><br><br>string(16) "claudio__soaress"
string(25) "Cantidad de follows = 154"
<br><br><br>string(17) "eduardo_purapesca"
string(28) "Cantidad de follows = 118136"
<br><br><br>string(18) "psi.brunarodrigues"
string(24) "Cantidad de follows = 42"
<br><br><br>string(14) "dillyscoralick"
string(26) "Cantidad de follows = 7851"
<br><br><br>string(15) "vitorhugomsouza"
string(25) "Cantidad de follows = 207"
<br><br><br>string(21) "maktubemiratessbrasil"
string(24) "Cantidad de follows = 88"
<br><br><br>string(8) "opldecor"
string(25) "Cantidad de follows = 206"
<br><br><br>string(8) "yslaoker"
string(24) "Cantidad de follows = 16"
<br><br><br>\n<br>JOB DONE!!!<br>\n2018-10-18 07:59:34am