DAILY REPORT Inited...!<br>
2018-10-27 06:30:01am<br>
string(14) "alberto_dreyes"
string(27) "Cantidad de follows = 14303"
<br><br><br>string(19) "opiniaoconservadora"
string(27) "Cantidad de follows = 59818"
<br><br><br>string(17) "sibitecomunicacao"
string(27) "Cantidad de follows = 10206"
<br><br><br>string(11) "mo.taniguti"
string(27) "Cantidad de follows = 20800"
<br><br><br>object(stdClass)#30 (2) {
  ["id"]=>
  string(3) "146"
  ["login"]=>
  string(12) "auepromocoes"
}
string(23) "jeunesse_bycrislafratta"
string(25) "Cantidad de follows = 184"
<br><br><br>string(12) "lily.s.alves"
string(26) "Cantidad de follows = 2074"
<br><br><br>string(10) "powerlook_"
string(27) "Cantidad de follows = 61158"
<br><br><br>object(stdClass)#12 (2) {
  ["id"]=>
  string(3) "245"
  ["login"]=>
  string(18) "xodozinho.retratos"
}
object(stdClass)#22 (2) {
  ["id"]=>
  string(3) "867"
  ["login"]=>
  string(14) "joaovictorjvb1"
}
object(stdClass)#12 (2) {
  ["id"]=>
  string(4) "1059"
  ["login"]=>
  string(8) "graverrj"
}
string(7) "ma_luco"
string(27) "Cantidad de follows = 28568"
<br><br><br>string(12) "carlloooooss"
string(26) "Cantidad de follows = 1291"
<br><br><br>string(15) "sapatodochef.pa"
string(26) "Cantidad de follows = 2359"
<br><br><br>object(stdClass)#219 (2) {
  ["id"]=>
  string(4) "2175"
  ["login"]=>
  string(10) "vireiloira"
}
string(18) "mercadomodelobahia"
string(26) "Cantidad de follows = 9077"
<br><br><br>string(11) "thayscalmon"
string(26) "Cantidad de follows = 5318"
<br><br><br>string(11) "decoremundo"
string(27) "Cantidad de follows = 14331"
<br><br><br>string(9) "decorcool"
string(23) "Cantidad de follows = 7"
<br><br><br>string(8) "fragabar"
string(26) "Cantidad de follows = 4376"
<br><br><br>string(8) "lorenaym"
string(24) "Cantidad de follows = 77"
<br><br><br>string(11) "pamelaotero"
string(27) "Cantidad de follows = 46109"
<br><br><br>string(19) "starpointcollection"
string(27) "Cantidad de follows = 12624"
<br><br><br>string(9) "katiacsdc"
string(27) "Cantidad de follows = 18356"
<br><br><br>string(14) "grazielialvess"
string(27) "Cantidad de follows = 21521"
<br><br><br>string(22) "dra_barbaravasconcelos"
string(27) "Cantidad de follows = 24639"
<br><br><br>string(21) "comandantedochurrasco"
string(27) "Cantidad de follows = 56616"
<br><br><br>string(12) "40antesdos40"
string(27) "Cantidad de follows = 28483"
<br><br><br>string(19) "intimissimisalvador"
string(27) "Cantidad de follows = 13340"
<br><br><br>string(16) "drricardopalacio"
string(27) "Cantidad de follows = 25953"
<br><br><br>string(12) "pollyruffini"
string(26) "Cantidad de follows = 7547"
<br><br><br>string(14) "carlos_skatmar"
string(26) "Cantidad de follows = 2359"
<br><br><br>string(10) "star_point"
string(27) "Cantidad de follows = 32998"
<br><br><br>string(8) "rruizmma"
string(27) "Cantidad de follows = 47040"
<br><br><br>string(8) "dumbu.09"
string(26) "Cantidad de follows = 7665"
<br><br><br>string(11) "sandrozion7"
string(27) "Cantidad de follows = 20989"
<br><br><br>string(17) "grandville_hoteis"
string(27) "Cantidad de follows = 12694"
<br><br><br>string(11) "josiasdiass"
string(27) "Cantidad de follows = 18078"
<br><br><br>string(18) "barbaracampospalma"
string(26) "Cantidad de follows = 8714"
<br><br><br>string(9) "telless13"
string(27) "Cantidad de follows = 14417"
<br><br><br>string(13) "bandamegafire"
string(27) "Cantidad de follows = 23306"
<br><br><br>string(17) "sosoportunidade10"
string(25) "Cantidad de follows = 965"
<br><br><br>string(18) "academia_king_thai"
string(26) "Cantidad de follows = 5076"
<br><br><br>string(13) "renatafontany"
string(27) "Cantidad de follows = 33670"
<br><br><br>string(14) "cabelosaugusto"
string(27) "Cantidad de follows = 23814"
<br><br><br>string(14) "brunocerqueira"
string(27) "Cantidad de follows = 10518"
<br><br><br>string(10) "noxboymike"
string(26) "Cantidad de follows = 5442"
<br><br><br>string(20) "juliobaptistaoficial"
string(28) "Cantidad de follows = 251000"
<br><br><br>string(21) "ateliermarielamoreira"
string(27) "Cantidad de follows = 15857"
<br><br><br>object(stdClass)#18 (2) {
  ["id"]=>
  string(5) "11096"
  ["login"]=>
  string(12) "michaelletjp"
}
object(stdClass)#171 (2) {
  ["id"]=>
  string(5) "11099"
  ["login"]=>
  string(13) "agostochuvoso"
}
string(11) "insultedboy"
string(26) "Cantidad de follows = 3511"
<br><br><br>string(11) "weilla_morg"
string(25) "Cantidad de follows = 941"
<br><br><br>string(11) "raphabritoo"
string(27) "Cantidad de follows = 16045"
<br><br><br>string(10) "vinihveiga"
string(26) "Cantidad de follows = 4070"
<br><br><br>object(stdClass)#146 (2) {
  ["id"]=>
  string(5) "11131"
  ["login"]=>
  string(14) "deliciasdoronk"
}
string(16) "duuduuzinhosilva"
string(26) "Cantidad de follows = 3042"
<br><br><br>string(9) "carlosbsg"
string(25) "Cantidad de follows = 925"
<br><br><br>string(12) "danndourado0"
string(27) "Cantidad de follows = 15304"
<br><br><br>string(7) "biel312"
string(23) "Cantidad de follows = 9"
<br><br><br>string(11) "caiogrunupp"
string(26) "Cantidad de follows = 3313"
<br><br><br>string(11) "paullonunan"
string(26) "Cantidad de follows = 1431"
<br><br><br>string(12) "pablodiego15"
string(26) "Cantidad de follows = 1132"
<br><br><br>object(stdClass)#147 (2) {
  ["id"]=>
  string(5) "11230"
  ["login"]=>
  string(16) "_luferreiranunes"
}
string(14) "natan_mantelli"
string(25) "Cantidad de follows = 795"
<br><br><br>string(17) "antoniocarlos3627"
string(24) "Cantidad de follows = 45"
<br><br><br>string(11) "365_indubai"
string(27) "Cantidad de follows = 22064"
<br><br><br>object(stdClass)#64 (2) {
  ["id"]=>
  string(5) "11239"
  ["login"]=>
  string(12) "ceottosinuhe"
}
string(14) "vitoriaabritto"
string(27) "Cantidad de follows = 40232"
<br><br><br>string(11) "lojaoperapc"
string(27) "Cantidad de follows = 23931"
<br><br><br>string(12) "huealimentos"
string(26) "Cantidad de follows = 5169"
<br><br><br>string(13) "kstimportados"
string(26) "Cantidad de follows = 4371"
<br><br><br>string(7) "wi11see"
string(27) "Cantidad de follows = 11469"
<br><br><br>string(12) "s7_producoes"
string(26) "Cantidad de follows = 5989"
<br><br><br>string(12) "gabrielaribi"
string(26) "Cantidad de follows = 7616"
<br><br><br>string(17) "brunosennaimagens"
string(27) "Cantidad de follows = 13213"
<br><br><br>string(14) "maycowmontemor"
string(27) "Cantidad de follows = 32548"
<br><br><br>string(14) "alinemarcovici"
string(27) "Cantidad de follows = 18484"
<br><br><br>string(10) "junior.dev"
string(27) "Cantidad de follows = 17628"
<br><br><br>string(13) "amaassessoria"
string(26) "Cantidad de follows = 7632"
<br><br><br>string(11) "julisciotto"
string(27) "Cantidad de follows = 25563"
<br><br><br>string(14) "draalinehsilva"
string(27) "Cantidad de follows = 20142"
<br><br><br>string(13) "rodasemotores"
string(27) "Cantidad de follows = 14873"
<br><br><br>string(15) "claracamposmaya"
string(26) "Cantidad de follows = 4316"
<br><br><br>string(19) "thamaraelisa.tattoo"
string(27) "Cantidad de follows = 14237"
<br><br><br>string(15) "megaminassports"
string(26) "Cantidad de follows = 6772"
<br><br><br>string(16) "agencia_portal37"
string(26) "Cantidad de follows = 3319"
<br><br><br>object(stdClass)#155 (2) {
  ["id"]=>
  string(5) "11792"
  ["login"]=>
  string(14) "hf_metalurgica"
}
string(13) "grillegourmet"
string(26) "Cantidad de follows = 5110"
<br><br><br>string(11) "davidkapper"
string(27) "Cantidad de follows = 13116"
<br><br><br>string(11) "7chavesfoto"
string(27) "Cantidad de follows = 11015"
<br><br><br>string(11) "joiaskether"
string(27) "Cantidad de follows = 19570"
<br><br><br>string(14) "luziasantana33"
string(28) "Cantidad de follows = 235756"
<br><br><br>string(13) "thiagovaleiro"
string(26) "Cantidad de follows = 3820"
<br><br><br>object(stdClass)#66 (2) {
  ["id"]=>
  string(5) "12434"
  ["login"]=>
  string(9) "dupicasso"
}
string(11) "laura_bergo"
string(26) "Cantidad de follows = 6409"
<br><br><br>string(15) "dra.raphabecker"
string(27) "Cantidad de follows = 19685"
<br><br><br>string(8) "letdaher"
string(27) "Cantidad de follows = 28209"
<br><br><br>string(9) "dgarciia_"
string(25) "Cantidad de follows = 865"
<br><br><br>string(10) "joaosurf12"
string(24) "Cantidad de follows = 97"
<br><br><br>string(8) "itsandco"
string(27) "Cantidad de follows = 21265"
<br><br><br>string(10) "ela_andrea"
string(27) "Cantidad de follows = 22473"
<br><br><br>string(14) "nafurtadocakes"
string(26) "Cantidad de follows = 6652"
<br><br><br>string(18) "castrolautoservice"
string(26) "Cantidad de follows = 9317"
<br><br><br>string(9) "livdrinks"
string(27) "Cantidad de follows = 47428"
<br><br><br>string(18) "portalautoshopping"
string(27) "Cantidad de follows = 12156"
<br><br><br>string(20) "manu.mamaeaoquadrado"
string(26) "Cantidad de follows = 9604"
<br><br><br>string(15) "odontowebschool"
string(27) "Cantidad de follows = 10542"
<br><br><br>string(9) "abarkeria"
string(27) "Cantidad de follows = 33549"
<br><br><br>object(stdClass)#195 (2) {
  ["id"]=>
  string(5) "15166"
  ["login"]=>
  string(14) "__fehholiveira"
}
string(10) "ninabaking"
string(26) "Cantidad de follows = 8993"
<br><br><br>string(10) "jgiordanoo"
string(27) "Cantidad de follows = 12468"
<br><br><br>string(18) "domhairfelippewill"
string(27) "Cantidad de follows = 11620"
<br><br><br>string(7) "pbpetti"
string(27) "Cantidad de follows = 39576"
<br><br><br>string(10) "psych0wolf"
string(25) "Cantidad de follows = 402"
<br><br><br>string(8) "andreiso"
string(26) "Cantidad de follows = 9584"
<br><br><br>string(13) "biadiascoelho"
string(26) "Cantidad de follows = 4888"
<br><br><br>string(8) "mytrips7"
string(25) "Cantidad de follows = 526"
<br><br><br>string(13) "directdireito"
string(27) "Cantidad de follows = 11164"
<br><br><br>string(12) "patrickvalle"
string(26) "Cantidad de follows = 3538"
<br><br><br>string(21) "lucianalauferofficial"
string(27) "Cantidad de follows = 18894"
<br><br><br>string(10) "flavia_vdr"
string(27) "Cantidad de follows = 11263"
<br><br><br>object(stdClass)#97 (2) {
  ["id"]=>
  string(5) "16861"
  ["login"]=>
  string(14) "mickael_cortes"
}
string(16) "helder_del_monte"
string(27) "Cantidad de follows = 17152"
<br><br><br>string(18) "physicalpilates_bh"
string(26) "Cantidad de follows = 5596"
<br><br><br>string(13) "faleiroslaura"
string(27) "Cantidad de follows = 12908"
<br><br><br>string(11) "dannysetudo"
string(26) "Cantidad de follows = 9925"
<br><br><br>string(15) "portodepiranhas"
string(27) "Cantidad de follows = 10456"
<br><br><br>string(24) "contadordehistoriasreais"
string(27) "Cantidad de follows = 32890"
<br><br><br>string(6) "guil38"
string(26) "Cantidad de follows = 6691"
<br><br><br>string(22) "vacationhomeneardisney"
string(27) "Cantidad de follows = 19590"
<br><br><br>string(16) "drguilhermecravo"
string(26) "Cantidad de follows = 3155"
<br><br><br>string(6) "ossmkt"
string(26) "Cantidad de follows = 5287"
<br><br><br>string(10) "jhoneheber"
string(27) "Cantidad de follows = 23434"
<br><br><br>string(20) "justiniano0_official"
string(26) "Cantidad de follows = 2972"
<br><br><br>string(15) "sao_os_caipiras"
string(26) "Cantidad de follows = 9448"
<br><br><br>string(9) "acerickrj"
string(27) "Cantidad de follows = 12320"
<br><br><br>string(15) "leandrogarciadj"
string(27) "Cantidad de follows = 19613"
<br><br><br>string(14) "osnirhamburger"
string(26) "Cantidad de follows = 6896"
<br><br><br>string(8) "dutruffi"
string(27) "Cantidad de follows = 14130"
<br><br><br>string(9) "lschuback"
string(26) "Cantidad de follows = 7825"
<br><br><br>object(stdClass)#114 (2) {
  ["id"]=>
  string(5) "18103"
  ["login"]=>
  string(22) "denisegoncalves.santos"
}
string(14) "ethianemarques"
string(25) "Cantidad de follows = 691"
<br><br><br>string(10) "synaraleal"
string(27) "Cantidad de follows = 16310"
<br><br><br>string(8) "trinjune"
string(23) "Cantidad de follows = 0"
<br><br><br>string(12) "holy_popcorn"
string(27) "Cantidad de follows = 10740"
<br><br><br>string(9) "eltranvia"
string(27) "Cantidad de follows = 16183"
<br><br><br>string(19) "diegogoulartoficial"
string(27) "Cantidad de follows = 20467"
<br><br><br>string(15) "cartolinadesign"
string(26) "Cantidad de follows = 5714"
<br><br><br>string(9) "quarto_22"
string(26) "Cantidad de follows = 5838"
<br><br><br>string(10) "blogdakeli"
string(24) "Cantidad de follows = 12"
<br><br><br>object(stdClass)#14 (2) {
  ["id"]=>
  string(5) "18816"
  ["login"]=>
  string(10) "lefitnessb"
}
string(9) "awsmining"
string(26) "Cantidad de follows = 4777"
<br><br><br>string(13) "willianabrito"
string(26) "Cantidad de follows = 6716"
<br><br><br>string(23) "eusoutestemunhadogolias"
string(25) "Cantidad de follows = 204"
<br><br><br>string(16) "tumsoundfestival"
string(26) "Cantidad de follows = 1564"
<br><br><br>string(18) "casalbioequilibrio"
string(27) "Cantidad de follows = 11464"
<br><br><br>string(13) "mimosearomaas"
string(27) "Cantidad de follows = 11205"
<br><br><br>object(stdClass)#217 (2) {
  ["id"]=>
  string(5) "19152"
  ["login"]=>
  string(17) "gventurinpersonal"
}
string(9) "fastfitsc"
string(26) "Cantidad de follows = 3579"
<br><br><br>string(11) "raif_tattoo"
string(27) "Cantidad de follows = 13266"
<br><br><br>string(10) "hustler.hc"
string(26) "Cantidad de follows = 2449"
<br><br><br>string(9) "isarengel"
string(26) "Cantidad de follows = 6771"
<br><br><br>string(12) "solus_online"
string(26) "Cantidad de follows = 4150"
<br><br><br>string(11) "refugiohoje"
string(27) "Cantidad de follows = 12400"
<br><br><br>string(13) "nati.fressato"
string(26) "Cantidad de follows = 7200"
<br><br><br>string(17) "calcadospaubrasil"
string(26) "Cantidad de follows = 8249"
<br><br><br>string(10) "daly_store"
string(27) "Cantidad de follows = 21723"
<br><br><br>string(11) "angelosciao"
string(26) "Cantidad de follows = 5223"
<br><br><br>string(6) "fuinha"
string(25) "Cantidad de follows = 193"
<br><br><br>string(10) "kombi_krug"
string(25) "Cantidad de follows = 509"
<br><br><br>string(12) "rekombinando"
string(26) "Cantidad de follows = 5963"
<br><br><br>string(15) "blogdasusantoss"
string(26) "Cantidad de follows = 5392"
<br><br><br>string(15) "diadeacessorios"
string(26) "Cantidad de follows = 2308"
<br><br><br>string(18) "christians.pereira"
string(26) "Cantidad de follows = 3759"
<br><br><br>string(28) "pedrowilsonrodriguespimentel"
string(26) "Cantidad de follows = 7691"
<br><br><br>string(15) "atelieluizrocha"
string(27) "Cantidad de follows = 10177"
<br><br><br>string(12) "bibiscamargo"
string(26) "Cantidad de follows = 2027"
<br><br><br>string(16) "centerperfumaria"
string(26) "Cantidad de follows = 5500"
<br><br><br>string(10) "pmelorocha"
string(26) "Cantidad de follows = 6340"
<br><br><br>object(stdClass)#87 (2) {
  ["id"]=>
  string(5) "20149"
  ["login"]=>
  string(14) "thaliaalvesdec"
}
string(12) "yasminndias_"
string(26) "Cantidad de follows = 9311"
<br><br><br>string(17) "jb_alves_educador"
string(26) "Cantidad de follows = 3553"
<br><br><br>string(24) "leonardosantosfotografia"
string(27) "Cantidad de follows = 39578"
<br><br><br>string(8) "sporttot"
string(24) "Cantidad de follows = 23"
<br><br><br>object(stdClass)#71 (2) {
  ["id"]=>
  string(5) "20503"
  ["login"]=>
  string(8) "chandler"
}
string(13) "ayllesantiago"
string(28) "Cantidad de follows = 144288"
<br><br><br>string(12) "maisonbiarro"
string(27) "Cantidad de follows = 30974"
<br><br><br>string(15) "iselamendozadec"
string(26) "Cantidad de follows = 6462"
<br><br><br>string(9) "bamboh.pt"
string(26) "Cantidad de follows = 2603"
<br><br><br>string(12) "redeentropia"
string(26) "Cantidad de follows = 5876"
<br><br><br>object(stdClass)#25 (2) {
  ["id"]=>
  string(5) "20682"
  ["login"]=>
  string(11) "farmapharma"
}
string(18) "calabriapizzariarj"
string(26) "Cantidad de follows = 2459"
<br><br><br>object(stdClass)#25 (2) {
  ["id"]=>
  string(5) "20818"
  ["login"]=>
  string(20) "cadillacs.pastelaria"
}
object(stdClass)#10 (2) {
  ["id"]=>
  string(5) "20927"
  ["login"]=>
  string(25) "missionariojairodossantos"
}
object(stdClass)#25 (2) {
  ["id"]=>
  string(5) "21062"
  ["login"]=>
  string(13) "jesuisluciano"
}
object(stdClass)#10 (2) {
  ["id"]=>
  string(5) "21230"
  ["login"]=>
  string(9) "vikatorsc"
}
string(19) "nicollystoreoficial"
string(26) "Cantidad de follows = 7576"
<br><br><br>object(stdClass)#10 (2) {
  ["id"]=>
  string(5) "21368"
  ["login"]=>
  string(18) "ricardoribeiro0013"
}
string(24) "ramossegurancaeletronica"
string(26) "Cantidad de follows = 3284"
<br><br><br>string(18) "camacariplazahotel"
string(26) "Cantidad de follows = 6324"
<br><br><br>string(13) "_telesgabriel"
string(26) "Cantidad de follows = 3159"
<br><br><br>string(12) "fbfabiolopes"
string(26) "Cantidad de follows = 8920"
<br><br><br>object(stdClass)#54 (2) {
  ["id"]=>
  string(5) "21517"
  ["login"]=>
  string(23) "biscuitporvictorialeite"
}
string(10) "trapburger"
string(26) "Cantidad de follows = 2624"
<br><br><br>string(20) "shoppingcasaedesign_"
string(26) "Cantidad de follows = 8845"
<br><br><br>string(9) "samiilly_"
string(27) "Cantidad de follows = 18409"
<br><br><br>object(stdClass)#13 (2) {
  ["id"]=>
  string(5) "21731"
  ["login"]=>
  string(9) "conhecaes"
}
string(7) "loirasn"
string(25) "Cantidad de follows = 193"
<br><br><br>string(15) "santasticauniao"
string(26) "Cantidad de follows = 6266"
<br><br><br>string(19) "embraconcondominios"
string(26) "Cantidad de follows = 4866"
<br><br><br>string(17) "hamburguinhomoema"
string(27) "Cantidad de follows = 61092"
<br><br><br>string(14) "vilmamartins_7"
string(26) "Cantidad de follows = 1310"
<br><br><br>string(12) "leticiajural"
string(26) "Cantidad de follows = 8457"
<br><br><br>string(8) "_zero100"
string(27) "Cantidad de follows = 52034"
<br><br><br>string(20) "lionrollingcircusrio"
string(27) "Cantidad de follows = 14886"
<br><br><br>string(9) "_nerdjunk"
string(26) "Cantidad de follows = 5336"
<br><br><br>string(10) "pilotelton"
string(27) "Cantidad de follows = 11423"
<br><br><br>string(14) "marcioancelmoo"
string(26) "Cantidad de follows = 4942"
<br><br><br>object(stdClass)#53 (2) {
  ["id"]=>
  string(5) "22627"
  ["login"]=>
  string(18) "lucaswiliamsoliver"
}
string(14) "kevinlorenzorj"
string(26) "Cantidad de follows = 3365"
<br><br><br>object(stdClass)#53 (2) {
  ["id"]=>
  string(5) "22701"
  ["login"]=>
  string(21) "falandodemaquiagem_01"
}
string(13) "georgemuchuli"
string(26) "Cantidad de follows = 7735"
<br><br><br>string(15) "wendell_alvess_"
string(24) "Cantidad de follows = 94"
<br><br><br>object(stdClass)#22 (2) {
  ["id"]=>
  string(5) "22786"
  ["login"]=>
  string(6) "jpzk02"
}
object(stdClass)#18 (2) {
  ["id"]=>
  string(5) "22791"
  ["login"]=>
  string(13) "rodrigues.exe"
}
object(stdClass)#22 (2) {
  ["id"]=>
  string(5) "22915"
  ["login"]=>
  string(10) "5000covers"
}
string(18) "marciomouraoficial"
string(27) "Cantidad de follows = 12462"
<br><br><br>object(stdClass)#22 (2) {
  ["id"]=>
  string(5) "23135"
  ["login"]=>
  string(15) "daniak_boutique"
}
string(23) "formatacaotccmonografia"
string(24) "Cantidad de follows = 96"
<br><br><br>string(6) "nekkow"
string(24) "Cantidad de follows = 15"
<br><br><br>string(5) "lucao"
string(25) "Cantidad de follows = 563"
<br><br><br>string(6) "lucao2"
string(25) "Cantidad de follows = 594"
<br><br><br>string(13) "marcelomarkes"
string(27) "Cantidad de follows = 19947"
<br><br><br>string(14) "dl_beautysalon"
string(26) "Cantidad de follows = 1959"
<br><br><br>string(15) "ariadinebarreto"
string(27) "Cantidad de follows = 14462"
<br><br><br>string(13) "canalsemjacar"
string(27) "Cantidad de follows = 14162"
<br><br><br>string(11) "hiratabreno"
string(27) "Cantidad de follows = 12532"
<br><br><br>string(14) "erickspimentel"
string(26) "Cantidad de follows = 2018"
<br><br><br>string(12) "jessicaiwata"
string(27) "Cantidad de follows = 34232"
<br><br><br>string(14) "dnaphotoevideo"
string(27) "Cantidad de follows = 29331"
<br><br><br>string(18) "gamecenterpaulista"
string(27) "Cantidad de follows = 10326"
<br><br><br>string(10) "pacofishrd"
string(26) "Cantidad de follows = 8052"
<br><br><br>string(14) "qualityhotelsd"
string(26) "Cantidad de follows = 1203"
<br><br><br>string(17) "isabellabofficial"
string(27) "Cantidad de follows = 13924"
<br><br><br>string(13) "alialioficial"
string(25) "Cantidad de follows = 673"
<br><br><br>string(15) "barbeariadoneno"
string(27) "Cantidad de follows = 13625"
<br><br><br>string(10) "plagamba01"
string(26) "Cantidad de follows = 2707"
<br><br><br>string(11) "oscarcauchi"
string(26) "Cantidad de follows = 3600"
<br><br><br>string(7) "18laras"
string(26) "Cantidad de follows = 1812"
<br><br><br>string(16) "entreomarealagoa"
string(26) "Cantidad de follows = 1692"
<br><br><br>string(9) "darlanred"
string(27) "Cantidad de follows = 21252"
<br><br><br>string(15) "riolisboabrasil"
string(25) "Cantidad de follows = 205"
<br><br><br>string(12) "studio4cinco"
string(26) "Cantidad de follows = 4927"
<br><br><br>string(13) "fabriciofabre"
string(26) "Cantidad de follows = 8629"
<br><br><br>string(22) "suamusicapersonalizada"
string(27) "Cantidad de follows = 11672"
<br><br><br>string(8) "kevinvem"
string(23) "Cantidad de follows = 5"
<br><br><br>string(12) "djallannatal"
string(27) "Cantidad de follows = 29857"
<br><br><br>string(15) "polpasempreviva"
string(27) "Cantidad de follows = 34379"
<br><br><br>string(9) "eccgamers"
string(25) "Cantidad de follows = 165"
<br><br><br>string(8) "kessyaaa"
string(27) "Cantidad de follows = 11022"
<br><br><br>string(8) "celparra"
string(27) "Cantidad de follows = 10685"
<br><br><br>object(stdClass)#81 (2) {
  ["id"]=>
  string(5) "25524"
  ["login"]=>
  string(11) "tompson9345"
}
string(13) "mayconbarroco"
string(27) "Cantidad de follows = 18543"
<br><br><br>object(stdClass)#81 (2) {
  ["id"]=>
  string(5) "25933"
  ["login"]=>
  string(9) "caiocesar"
}
object(stdClass)#68 (2) {
  ["id"]=>
  string(5) "25968"
  ["login"]=>
  string(8) "lil.fama"
}
string(12) "institutoybi"
string(27) "Cantidad de follows = 17864"
<br><br><br>object(stdClass)#68 (2) {
  ["id"]=>
  string(5) "26183"
  ["login"]=>
  string(14) "andresa_lebens"
}
object(stdClass)#186 (2) {
  ["id"]=>
  string(5) "26226"
  ["login"]=>
  string(7) "yuryv05"
}
string(15) "eliana_casimiro"
string(26) "Cantidad de follows = 5598"
<br><br><br>string(11) "maloohstore"
string(26) "Cantidad de follows = 3833"
<br><br><br>string(16) "simplesmenteamei"
string(27) "Cantidad de follows = 16029"
<br><br><br>string(16) "drraphaelmarques"
string(27) "Cantidad de follows = 21310"
<br><br><br>string(10) "casazunzun"
string(26) "Cantidad de follows = 5857"
<br><br><br>string(14) "draraymedeiros"
string(26) "Cantidad de follows = 1566"
<br><br><br>string(21) "lucaslermenfotografia"
string(27) "Cantidad de follows = 15368"
<br><br><br>string(16) "bracholuismiguel"
string(25) "Cantidad de follows = 840"
<br><br><br>string(17) "draflaviasgavioli"
string(27) "Cantidad de follows = 42092"
<br><br><br>string(16) "rafamello_cantor"
string(26) "Cantidad de follows = 9067"
<br><br><br>string(13) "gabinassyrios"
string(27) "Cantidad de follows = 28372"
<br><br><br>string(13) "cardosodani78"
string(25) "Cantidad de follows = 404"
<br><br><br>object(stdClass)#32 (2) {
  ["id"]=>
  string(5) "27362"
  ["login"]=>
  string(9) "k123silva"
}
string(9) "labotique"
string(25) "Cantidad de follows = 276"
<br><br><br>string(11) "eco.noronha"
string(26) "Cantidad de follows = 1072"
<br><br><br>string(13) "gelottisports"
string(26) "Cantidad de follows = 6278"
<br><br><br>string(13) "bombeefsantos"
string(27) "Cantidad de follows = 71490"
<br><br><br>string(15) "parvathi_brasil"
string(26) "Cantidad de follows = 8850"
<br><br><br>string(9) "lobotique"
string(26) "Cantidad de follows = 6662"
<br><br><br>string(8) "talincas"
string(27) "Cantidad de follows = 22544"
<br><br><br>string(21) "visagismofacial_drika"
string(25) "Cantidad de follows = 755"
<br><br><br>string(13) "bakwarabrasil"
string(26) "Cantidad de follows = 1564"
<br><br><br>string(19) "carlabarcellosjoias"
string(27) "Cantidad de follows = 11490"
<br><br><br>string(16) "programagameover"
string(26) "Cantidad de follows = 1102"
<br><br><br>string(15) "aafrodite.store"
string(26) "Cantidad de follows = 5711"
<br><br><br>string(12) "rogiacomello"
string(26) "Cantidad de follows = 1429"
<br><br><br>string(11) "solvebrazil"
string(26) "Cantidad de follows = 1163"
<br><br><br>string(16) "drafernandavolpi"
string(27) "Cantidad de follows = 12426"
<br><br><br>object(stdClass)#42 (2) {
  ["id"]=>
  string(5) "27722"
  ["login"]=>
  string(14) "maribel.silent"
}
string(13) "miocheoficial"
string(27) "Cantidad de follows = 46049"
<br><br><br>string(11) "daylipadron"
string(26) "Cantidad de follows = 8613"
<br><br><br>string(14) "mercadolabarra"
string(26) "Cantidad de follows = 4731"
<br><br><br>string(10) "naraabreuu"
string(26) "Cantidad de follows = 4515"
<br><br><br>string(8) "lukmodas"
string(26) "Cantidad de follows = 8284"
<br><br><br>string(21) "girlsgardenacessorios"
string(26) "Cantidad de follows = 2004"
<br><br><br>string(13) "capimlimaomga"
string(26) "Cantidad de follows = 5804"
<br><br><br>string(15) "maxpremiumjeans"
string(26) "Cantidad de follows = 8494"
<br><br><br>string(8) "bruna.fb"
string(27) "Cantidad de follows = 21100"
<br><br><br>string(14) "na_cara_do_gol"
string(26) "Cantidad de follows = 3033"
<br><br><br>string(13) "jessicacytrus"
string(27) "Cantidad de follows = 29998"
<br><br><br>string(11) "cyrofuziama"
string(27) "Cantidad de follows = 25046"
<br><br><br>string(11) "thaycomfome"
string(27) "Cantidad de follows = 27103"
<br><br><br>string(10) "dankana_dk"
string(26) "Cantidad de follows = 8926"
<br><br><br>string(13) "vivimaquiagem"
string(26) "Cantidad de follows = 3452"
<br><br><br>string(14) "fshirtsdesigns"
string(25) "Cantidad de follows = 367"
<br><br><br>string(15) "closetdasduasto"
string(27) "Cantidad de follows = 14619"
<br><br><br>object(stdClass)#102 (2) {
  ["id"]=>
  string(5) "28069"
  ["login"]=>
  string(14) "rosaduartelash"
}
string(11) "gardelmaroz"
string(26) "Cantidad de follows = 6590"
<br><br><br>object(stdClass)#102 (2) {
  ["id"]=>
  string(5) "28080"
  ["login"]=>
  string(16) "msanchescaroline"
}
object(stdClass)#205 (2) {
  ["id"]=>
  string(5) "28092"
  ["login"]=>
  string(9) "pri_avlis"
}
string(13) "ferefacrochet"
string(26) "Cantidad de follows = 9147"
<br><br><br>object(stdClass)#205 (2) {
  ["id"]=>
  string(5) "28099"
  ["login"]=>
  string(13) "menezesandree"
}
string(7) "nr_mini"
string(27) "Cantidad de follows = 11591"
<br><br><br>string(6) "dz9bnb"
string(26) "Cantidad de follows = 3789"
<br><br><br>object(stdClass)#28 (2) {
  ["id"]=>
  string(5) "28145"
  ["login"]=>
  string(20) "nossoapartamento_103"
}
string(18) "cheirinhodamariana"
string(26) "Cantidad de follows = 7695"
<br><br><br>object(stdClass)#28 (2) {
  ["id"]=>
  string(5) "28213"
  ["login"]=>
  string(15) "malucassimiro.r"
}
string(16) "alvomarketingagc"
string(26) "Cantidad de follows = 9385"
<br><br><br>string(17) "ilmiocasamentoios"
string(26) "Cantidad de follows = 4308"
<br><br><br>string(16) "dranayanepacheco"
string(28) "Cantidad de follows = 147971"
<br><br><br>string(24) "silvanonunes.hairstylist"
string(27) "Cantidad de follows = 26865"
<br><br><br>object(stdClass)#156 (2) {
  ["id"]=>
  string(5) "28276"
  ["login"]=>
  string(13) "tatyanealvess"
}
string(21) "closetdemulheroficial"
string(26) "Cantidad de follows = 3997"
<br><br><br>string(12) "maxiprodutos"
string(27) "Cantidad de follows = 20675"
<br><br><br>string(17) "drdanilopelegrino"
string(26) "Cantidad de follows = 5873"
<br><br><br>string(20) "mariaclaraguimaraes1"
string(27) "Cantidad de follows = 35438"
<br><br><br>string(15) "vitoria.mamedio"
string(26) "Cantidad de follows = 7614"
<br><br><br>string(12) "meirellesipc"
string(26) "Cantidad de follows = 1577"
<br><br><br>string(12) "luporluciana"
string(26) "Cantidad de follows = 8413"
<br><br><br>string(11) "andersonvoo"
string(26) "Cantidad de follows = 1060"
<br><br><br>string(14) "niqueferreiira"
string(27) "Cantidad de follows = 12311"
<br><br><br>string(15) "carlota_barnabe"
string(27) "Cantidad de follows = 12722"
<br><br><br>string(17) "drdanilopelegrino"
string(26) "Cantidad de follows = 5873"
<br><br><br>string(9) "lipinhuss"
string(26) "Cantidad de follows = 1788"
<br><br><br>string(13) "mayaramarkes_"
string(26) "Cantidad de follows = 8562"
<br><br><br>string(10) "ky2oficial"
string(26) "Cantidad de follows = 2607"
<br><br><br>string(11) "mendy_vivii"
string(26) "Cantidad de follows = 4316"
<br><br><br>object(stdClass)#209 (2) {
  ["id"]=>
  string(5) "28497"
  ["login"]=>
  string(21) "_medicinaintegrativa_"
}
string(25) "specialitycoffeegastropub"
string(25) "Cantidad de follows = 553"
<br><br><br>string(11) "carolsousas"
string(26) "Cantidad de follows = 3524"
<br><br><br>object(stdClass)#160 (2) {
  ["id"]=>
  string(5) "28517"
  ["login"]=>
  string(19) "martins_consultoria"
}
string(4) "fila"
string(25) "Cantidad de follows = 871"
<br><br><br>string(6) "reebok"
string(29) "Cantidad de follows = 2157524"
<br><br><br>string(8) "bindanvm"
string(26) "Cantidad de follows = 1505"
<br><br><br>string(18) "wesleyoliveirareal"
string(26) "Cantidad de follows = 2800"
<br><br><br>string(9) "indikqui_"
string(26) "Cantidad de follows = 1325"
<br><br><br>string(10) "luahungria"
string(26) "Cantidad de follows = 4484"
<br><br><br>object(stdClass)#96 (2) {
  ["id"]=>
  string(5) "28557"
  ["login"]=>
  string(10) "kaahcintra"
}
string(17) "reabilitar.studio"
string(26) "Cantidad de follows = 5865"
<br><br><br>string(9) "amaraljej"
string(25) "Cantidad de follows = 622"
<br><br><br>string(14) "websterramalho"
string(25) "Cantidad de follows = 730"
<br><br><br>string(24) "vida_sol_e_mar_ecoresort"
string(26) "Cantidad de follows = 7204"
<br><br><br>string(10) "aco_brasil"
string(26) "Cantidad de follows = 3435"
<br><br><br>string(13) "desafioadois2"
string(26) "Cantidad de follows = 6946"
<br><br><br>string(10) "joaozaneti"
string(27) "Cantidad de follows = 13158"
<br><br><br>string(12) "karbofitness"
string(27) "Cantidad de follows = 10937"
<br><br><br>string(12) "nayaranouber"
string(27) "Cantidad de follows = 18365"
<br><br><br>object(stdClass)#16 (2) {
  ["id"]=>
  string(5) "28654"
  ["login"]=>
  string(11) "ellenrauber"
}
object(stdClass)#147 (2) {
  ["id"]=>
  string(5) "28657"
  ["login"]=>
  string(14) "reserveviagens"
}
string(17) "ingrid_ferreira25"
string(25) "Cantidad de follows = 178"
<br><br><br>string(20) "neovita_fisioterapia"
string(26) "Cantidad de follows = 5041"
<br><br><br>string(17) "dunashookahlounge"
string(26) "Cantidad de follows = 9087"
<br><br><br>string(15) "emporio.forever"
string(25) "Cantidad de follows = 268"
<br><br><br>object(stdClass)#45 (2) {
  ["id"]=>
  string(5) "28678"
  ["login"]=>
  string(16) "mariakarencosta_"
}
string(13) "pretta_araujo"
string(27) "Cantidad de follows = 11881"
<br><br><br>string(18) "theo_kate_ragdolls"
string(26) "Cantidad de follows = 8181"
<br><br><br>string(9) "xaanndii_"
string(26) "Cantidad de follows = 1257"
<br><br><br>string(10) "raquellsan"
string(27) "Cantidad de follows = 26020"
<br><br><br>string(11) "quatro_maos"
string(26) "Cantidad de follows = 4215"
<br><br><br>string(20) "apaudiovisualoficial"
string(25) "Cantidad de follows = 569"
<br><br><br>string(15) "gameoverworldmx"
string(24) "Cantidad de follows = 31"
<br><br><br>string(10) "macielcaio"
string(26) "Cantidad de follows = 3037"
<br><br><br>string(10) "pp_eventos"
string(26) "Cantidad de follows = 3654"
<br><br><br>string(15) "renatacanizares"
string(27) "Cantidad de follows = 13550"
<br><br><br>string(12) "dermatofarma"
string(26) "Cantidad de follows = 8810"
<br><br><br>string(14) "cinarafestasbh"
string(27) "Cantidad de follows = 41551"
<br><br><br>string(10) "mreissilva"
string(27) "Cantidad de follows = 24254"
<br><br><br>string(17) "minutoscomdelavec"
string(27) "Cantidad de follows = 14259"
<br><br><br>string(9) "lilispada"
string(28) "Cantidad de follows = 718989"
<br><br><br>string(13) "edersilveiram"
string(26) "Cantidad de follows = 4485"
<br><br><br>string(15) "rosanatiburtino"
string(26) "Cantidad de follows = 1028"
<br><br><br>string(18) "stopscapautomotivo"
string(26) "Cantidad de follows = 6118"
<br><br><br>object(stdClass)#78 (2) {
  ["id"]=>
  string(5) "28849"
  ["login"]=>
  string(8) "plasjowl"
}
string(12) "itzackcamila"
string(26) "Cantidad de follows = 1340"
<br><br><br>string(15) "eu_gabicarvalho"
string(26) "Cantidad de follows = 3008"
<br><br><br>string(13) "everttonviana"
string(27) "Cantidad de follows = 10057"
<br><br><br>string(17) "shirleyalesantana"
string(27) "Cantidad de follows = 28562"
<br><br><br>string(14) "leticiastoledo"
string(26) "Cantidad de follows = 2544"
<br><br><br>string(14) "drpedroferrari"
string(27) "Cantidad de follows = 39519"
<br><br><br>string(11) "itamixbazar"
string(26) "Cantidad de follows = 4797"
<br><br><br>string(13) "trader_amador"
string(25) "Cantidad de follows = 166"
<br><br><br>string(16) "isabellasanchess"
string(26) "Cantidad de follows = 3019"
<br><br><br>object(stdClass)#47 (2) {
  ["id"]=>
  string(5) "28962"
  ["login"]=>
  string(15) "tiagomennezes11"
}
string(12) "bunkersounds"
string(26) "Cantidad de follows = 1718"
<br><br><br>string(14) "timmycelulares"
string(25) "Cantidad de follows = 219"
<br><br><br>object(stdClass)#78 (2) {
  ["id"]=>
  string(5) "28988"
  ["login"]=>
  string(15) "programavitrina"
}
object(stdClass)#187 (2) {
  ["id"]=>
  string(5) "28990"
  ["login"]=>
  string(17) "acade_corpoeforma"
}
object(stdClass)#78 (2) {
  ["id"]=>
  string(5) "28993"
  ["login"]=>
  string(11) "atgaranhuns"
}
string(20) "annamaya_arquitetura"
string(26) "Cantidad de follows = 9505"
<br><br><br>string(8) "1kgdobom"
string(27) "Cantidad de follows = 14989"
<br><br><br>string(13) "livre.digital"
string(26) "Cantidad de follows = 3863"
<br><br><br>string(14) "rhuanpenaforte"
string(27) "Cantidad de follows = 10671"
<br><br><br>string(16) "restaurantebario"
string(26) "Cantidad de follows = 1442"
<br><br><br>string(21) "felippeturtransportes"
string(26) "Cantidad de follows = 5583"
<br><br><br>string(15) "solarlifeenergy"
string(25) "Cantidad de follows = 552"
<br><br><br>string(18) "vinteumcomunicacao"
string(25) "Cantidad de follows = 573"
<br><br><br>string(18) "auto_escolaatitude"
string(26) "Cantidad de follows = 2035"
<br><br><br>string(13) "carollremigio"
string(26) "Cantidad de follows = 1061"
<br><br><br>string(20) "txcambioeturismo_rio"
string(26) "Cantidad de follows = 1289"
<br><br><br>string(13) "riveauxmerino"
string(26) "Cantidad de follows = 5436"
<br><br><br>string(15) "carneslaceleste"
string(26) "Cantidad de follows = 2933"
<br><br><br>string(11) "heroairsoft"
string(26) "Cantidad de follows = 3843"
<br><br><br>string(19) "brechoandreaventuro"
string(27) "Cantidad de follows = 36634"
<br><br><br>string(9) "samiilly_"
string(27) "Cantidad de follows = 18409"
<br><br><br>string(14) "luigi_bemporad"
string(24) "Cantidad de follows = 54"
<br><br><br>string(13) "luiz_skydiver"
string(26) "Cantidad de follows = 9820"
<br><br><br>string(15) "luanmachado.arq"
string(26) "Cantidad de follows = 1838"
<br><br><br>string(12) "kaikfariastv"
string(26) "Cantidad de follows = 2120"
<br><br><br>string(16) "colegioguarapuvu"
string(23) "Cantidad de follows = 1"
<br><br><br>string(9) "guarapuvu"
string(26) "Cantidad de follows = 3126"
<br><br><br>string(13) "purocafajeste"
string(27) "Cantidad de follows = 34167"
<br><br><br>string(11) "a_deziderio"
string(26) "Cantidad de follows = 2075"
<br><br><br>object(stdClass)#145 (2) {
  ["id"]=>
  string(5) "29171"
  ["login"]=>
  string(16) "ranchotalisma_mg"
}
object(stdClass)#123 (2) {
  ["id"]=>
  string(5) "29178"
  ["login"]=>
  string(16) "maryana_araujooc"
}
string(13) "vitormagnusss"
string(27) "Cantidad de follows = 42456"
<br><br><br>string(20) "franciscosilva_alves"
string(25) "Cantidad de follows = 265"
<br><br><br>string(17) "mrandersonalmeida"
string(26) "Cantidad de follows = 6446"
<br><br><br>string(10) "inovaluxrj"
string(25) "Cantidad de follows = 190"
<br><br><br>string(17) "mixturinhafashion"
string(26) "Cantidad de follows = 2211"
<br><br><br>string(22) "danelonprimeacessorios"
string(26) "Cantidad de follows = 4825"
<br><br><br>object(stdClass)#246 (2) {
  ["id"]=>
  string(5) "29219"
  ["login"]=>
  string(7) "ruivabr"
}
string(17) "luizjatobaoficial"
string(27) "Cantidad de follows = 10231"
<br><br><br>string(8) "thhai97_"
string(26) "Cantidad de follows = 1644"
<br><br><br>string(10) "tiago_kuhn"
string(26) "Cantidad de follows = 2297"
<br><br><br>object(stdClass)#50 (2) {
  ["id"]=>
  string(5) "29228"
  ["login"]=>
  string(13) "tiolavinicius"
}
string(15) "crisoliveiravmk"
string(26) "Cantidad de follows = 2259"
<br><br><br>string(15) "wesleymichelini"
string(26) "Cantidad de follows = 2003"
<br><br><br>string(18) "raphaelacapobiango"
string(26) "Cantidad de follows = 5679"
<br><br><br>string(11) "castrolucas"
string(26) "Cantidad de follows = 3577"
<br><br><br>string(16) "masseriniosteria"
string(26) "Cantidad de follows = 6417"
<br><br><br>string(10) "alvesgilli"
string(26) "Cantidad de follows = 2006"
<br><br><br>string(10) "felippetur"
string(27) "Cantidad de follows = 20999"
<br><br><br>string(25) "rodrigo.embraconconsorcio"
string(26) "Cantidad de follows = 6279"
<br><br><br>string(14) "naotolendoisso"
string(26) "Cantidad de follows = 3690"
<br><br><br>string(24) "elizabet_insurance_agent"
string(25) "Cantidad de follows = 980"
<br><br><br>string(12) "elestore.rio"
string(26) "Cantidad de follows = 1876"
<br><br><br>string(14) "joannaa_aguiar"
string(25) "Cantidad de follows = 561"
<br><br><br>string(12) "ale.mmartins"
string(26) "Cantidad de follows = 1290"
<br><br><br>string(14) "ricvrdomoraes_"
string(26) "Cantidad de follows = 4076"
<br><br><br>string(16) "psgacademyrecife"
string(26) "Cantidad de follows = 4645"
<br><br><br>string(11) "diasluciano"
string(27) "Cantidad de follows = 16746"
<br><br><br>string(15) "othmanejennaoui"
string(27) "Cantidad de follows = 10933"
<br><br><br>string(14) "andresza_ramos"
string(26) "Cantidad de follows = 2007"
<br><br><br>string(23) "estetica.michelecamargo"
string(26) "Cantidad de follows = 3566"
<br><br><br>string(19) "fernandalima.decora"
string(26) "Cantidad de follows = 2137"
<br><br><br>string(13) "ghanabranding"
string(26) "Cantidad de follows = 6815"
<br><br><br>string(16) "binhorodriguess_"
string(26) "Cantidad de follows = 3551"
<br><br><br>string(14) "theblondedetox"
string(26) "Cantidad de follows = 3717"
<br><br><br>string(19) "oficialwinnieamaral"
string(27) "Cantidad de follows = 23855"
<br><br><br>string(19) "pezinhofirmenarocha"
string(28) "Cantidad de follows = 116230"
<br><br><br>string(11) "meempreenda"
string(26) "Cantidad de follows = 3628"
<br><br><br>string(14) "joseluizpontes"
string(25) "Cantidad de follows = 988"
<br><br><br>object(stdClass)#21 (2) {
  ["id"]=>
  string(5) "29486"
  ["login"]=>
  string(15) "eduarda.neves13"
}
object(stdClass)#61 (2) {
  ["id"]=>
  string(5) "29498"
  ["login"]=>
  string(20) "orlamodapraiaoficial"
}
string(17) "advocacia_messias"
string(26) "Cantidad de follows = 3333"
<br><br><br>string(18) "allbotequipamentos"
string(26) "Cantidad de follows = 2913"
<br><br><br>string(20) "emersonlopeshoficial"
string(27) "Cantidad de follows = 12573"
<br><br><br>string(11) "raissataini"
string(27) "Cantidad de follows = 35562"
<br><br><br>object(stdClass)#161 (2) {
  ["id"]=>
  string(5) "29527"
  ["login"]=>
  string(13) "menezesandree"
}
string(17) "jeferson__brandao"
string(27) "Cantidad de follows = 57619"
<br><br><br>string(10) "vivianeneu"
string(27) "Cantidad de follows = 28727"
<br><br><br>string(8) "dhougie_"
string(27) "Cantidad de follows = 13317"
<br><br><br>string(24) "andressamakeup_penteados"
string(26) "Cantidad de follows = 3047"
<br><br><br>string(13) "iracemaallves"
string(26) "Cantidad de follows = 7381"
<br><br><br>string(11) "renannunes2"
string(26) "Cantidad de follows = 5024"
<br><br><br>string(14) "natha.estetica"
string(26) "Cantidad de follows = 1904"
<br><br><br>string(19) "j.a.estudiodebeleza"
string(25) "Cantidad de follows = 185"
<br><br><br>string(12) "grafianafoto"
string(26) "Cantidad de follows = 9064"
<br><br><br>string(19) "thespacetimeripples"
string(26) "Cantidad de follows = 3367"
<br><br><br>string(14) "rubia_martinss"
string(28) "Cantidad de follows = 102984"
<br><br><br>string(23) "joseguilherme.consultor"
string(26) "Cantidad de follows = 1203"
<br><br><br>string(14) "emporiodifiori"
string(26) "Cantidad de follows = 2272"
<br><br><br>string(21) "viajandonaarquitetura"
string(26) "Cantidad de follows = 5118"
<br><br><br>string(14) "elitecenterfoz"
string(26) "Cantidad de follows = 2398"
<br><br><br>string(10) "yancasilva"
string(26) "Cantidad de follows = 3830"
<br><br><br>string(15) "doceriaanaester"
string(26) "Cantidad de follows = 3928"
<br><br><br>string(10) "kathguedes"
string(27) "Cantidad de follows = 43034"
<br><br><br>object(stdClass)#86 (2) {
  ["id"]=>
  string(5) "29699"
  ["login"]=>
  string(13) "tubaraocenter"
}
object(stdClass)#232 (2) {
  ["id"]=>
  string(5) "29702"
  ["login"]=>
  string(6) "zayrnm"
}
string(9) "chefeeddy"
string(27) "Cantidad de follows = 14195"
<br><br><br>string(10) "acasadecat"
string(27) "Cantidad de follows = 11530"
<br><br><br>string(20) "oficialforroperfeito"
string(27) "Cantidad de follows = 49262"
<br><br><br>string(14) "orabolasbrecho"
string(26) "Cantidad de follows = 2989"
<br><br><br>string(11) "thekingboy_"
string(27) "Cantidad de follows = 17740"
<br><br><br>string(15) "vanessa.wysocki"
string(26) "Cantidad de follows = 3574"
<br><br><br>string(11) "rique.silva"
string(26) "Cantidad de follows = 4985"
<br><br><br>string(22) "gabriellacarvalhostore"
string(27) "Cantidad de follows = 34090"
<br><br><br>string(14) "lojanowfitness"
string(26) "Cantidad de follows = 3971"
<br><br><br>string(8) "mapoiani"
string(26) "Cantidad de follows = 6167"
<br><br><br>string(14) "salaostudiosbc"
string(26) "Cantidad de follows = 1807"
<br><br><br>string(19) "studying_the_secret"
string(26) "Cantidad de follows = 2866"
<br><br><br>string(23) "studiohairinternacional"
string(26) "Cantidad de follows = 5415"
<br><br><br>string(9) "ahdireito"
string(26) "Cantidad de follows = 5417"
<br><br><br>string(7) "kabonkk"
string(26) "Cantidad de follows = 4030"
<br><br><br>string(10) "companyate"
string(25) "Cantidad de follows = 112"
<br><br><br>string(12) "djdavisantos"
string(26) "Cantidad de follows = 8393"
<br><br><br>string(14) "rafaellmoraess"
string(25) "Cantidad de follows = 845"
<br><br><br>object(stdClass)#111 (2) {
  ["id"]=>
  string(5) "29883"
  ["login"]=>
  string(12) "grupo.efraim"
}
object(stdClass)#200 (2) {
  ["id"]=>
  string(5) "29884"
  ["login"]=>
  string(17) "efraimhoteleflats"
}
string(30) "rpcontrollerinsetodedetizadora"
string(25) "Cantidad de follows = 165"
<br><br><br>string(12) "raunierporto"
string(26) "Cantidad de follows = 3091"
<br><br><br>string(11) "marciabotam"
string(26) "Cantidad de follows = 3871"
<br><br><br>object(stdClass)#26 (2) {
  ["id"]=>
  string(5) "29901"
  ["login"]=>
  string(8) "1jonhbjj"
}
object(stdClass)#136 (2) {
  ["id"]=>
  string(5) "29918"
  ["login"]=>
  string(9) "odeiopera"
}
object(stdClass)#26 (2) {
  ["id"]=>
  string(5) "29932"
  ["login"]=>
  string(11) "eufeearruda"
}
string(11) "tclaranunes"
string(26) "Cantidad de follows = 1820"
<br><br><br>string(19) "alaskaclothingstore"
string(26) "Cantidad de follows = 2293"
<br><br><br>string(14) "gkt_kickboxing"
string(26) "Cantidad de follows = 1656"
<br><br><br>string(19) "character.design.gk"
string(26) "Cantidad de follows = 1187"
<br><br><br>object(stdClass)#86 (2) {
  ["id"]=>
  string(5) "29964"
  ["login"]=>
  string(12) "blogdoarinos"
}
object(stdClass)#216 (2) {
  ["id"]=>
  string(5) "29965"
  ["login"]=>
  string(12) "bela.morenaa"
}
string(24) "leandroquelucifotografia"
string(26) "Cantidad de follows = 3230"
<br><br><br>string(19) "generalstorefitness"
string(26) "Cantidad de follows = 3852"
<br><br><br>string(15) "acervomodasda44"
string(26) "Cantidad de follows = 5691"
<br><br><br>string(12) "mama_costhay"
string(26) "Cantidad de follows = 4867"
<br><br><br>string(17) "ginetom_rodrigues"
string(26) "Cantidad de follows = 8073"
<br><br><br>string(13) "brunnooctavio"
string(25) "Cantidad de follows = 981"
<br><br><br>object(stdClass)#111 (2) {
  ["id"]=>
  string(5) "29996"
  ["login"]=>
  string(12) "doug0liveira"
}
string(10) "gutt_carol"
string(27) "Cantidad de follows = 12019"
<br><br><br>string(9) "hulkdutra"
string(27) "Cantidad de follows = 13373"
<br><br><br>string(16) "camilaguerreiroo"
string(26) "Cantidad de follows = 2372"
<br><br><br>string(15) "sandymakecabelo"
string(26) "Cantidad de follows = 6645"
<br><br><br>string(15) "copaciadvogados"
string(25) "Cantidad de follows = 682"
<br><br><br>string(18) "diegocamargotattoo"
string(26) "Cantidad de follows = 3394"
<br><br><br>string(17) "entretenimento.pe"
string(26) "Cantidad de follows = 3420"
<br><br><br>string(17) "alicemelomakehair"
string(26) "Cantidad de follows = 6796"
<br><br><br>object(stdClass)#197 (2) {
  ["id"]=>
  string(5) "30051"
  ["login"]=>
  string(11) "tuguinha.tv"
}
string(13) "rentar.com.do"
string(27) "Cantidad de follows = 11605"
<br><br><br>string(15) "eriosvaldodiniz"
string(26) "Cantidad de follows = 1630"
<br><br><br>string(11) "gustavo_ono"
string(26) "Cantidad de follows = 5599"
<br><br><br>string(9) "_brokerst"
string(25) "Cantidad de follows = 314"
<br><br><br>string(14) "lifeprojectone"
string(26) "Cantidad de follows = 1911"
<br><br><br>string(16) "disfranco.motors"
string(26) "Cantidad de follows = 3187"
<br><br><br>string(6) "bomf17"
string(25) "Cantidad de follows = 866"
<br><br><br>string(12) "aliicemello_"
string(26) "Cantidad de follows = 2660"
<br><br><br>string(11) "_bellaforma"
string(27) "Cantidad de follows = 71549"
<br><br><br>string(10) "bruruschel"
string(27) "Cantidad de follows = 11904"
<br><br><br>string(9) "murilooc7"
string(26) "Cantidad de follows = 4777"
<br><br><br>string(9) "a7madov95"
string(25) "Cantidad de follows = 246"
<br><br><br>string(7) "a_mayla"
string(25) "Cantidad de follows = 751"
<br><br><br>string(13) "lidiafeitosa4"
string(26) "Cantidad de follows = 2811"
<br><br><br>string(10) "smokeseila"
string(25) "Cantidad de follows = 655"
<br><br><br>string(10) "rikdelucca"
string(26) "Cantidad de follows = 3700"
<br><br><br>string(19) "corretoracavalcante"
string(25) "Cantidad de follows = 844"
<br><br><br>object(stdClass)#71 (2) {
  ["id"]=>
  string(5) "30218"
  ["login"]=>
  string(14) "thaisaschayder"
}
string(13) "hueskerbrasil"
string(26) "Cantidad de follows = 3984"
<br><br><br>string(22) "rodrigoranchodascabras"
string(25) "Cantidad de follows = 960"
<br><br><br>object(stdClass)#216 (2) {
  ["id"]=>
  string(5) "30232"
  ["login"]=>
  string(15) "arisson_jessica"
}
object(stdClass)#206 (2) {
  ["id"]=>
  string(5) "30257"
  ["login"]=>
  string(13) "nathaly_llima"
}
string(21) "laraharantes.piercing"
string(26) "Cantidad de follows = 3224"
<br><br><br>string(11) "maitemellim"
string(26) "Cantidad de follows = 1952"
<br><br><br>string(10) "criptobraz"
string(25) "Cantidad de follows = 731"
<br><br><br>string(14) "meuprojeto.fit"
string(26) "Cantidad de follows = 2177"
<br><br><br>object(stdClass)#78 (2) {
  ["id"]=>
  string(5) "30286"
  ["login"]=>
  string(15) "cmo_odontologia"
}
object(stdClass)#198 (2) {
  ["id"]=>
  string(5) "30293"
  ["login"]=>
  string(14) "ketellenfelix1"
}
string(14) "biel_do_cavaco"
string(27) "Cantidad de follows = 22435"
<br><br><br>string(9) "netto_ull"
string(25) "Cantidad de follows = 611"
<br><br><br>string(11) "nandokounat"
string(27) "Cantidad de follows = 19471"
<br><br><br>object(stdClass)#225 (2) {
  ["id"]=>
  string(5) "30317"
  ["login"]=>
  string(14) "easyartgrafica"
}
string(15) "studio_beauty15"
string(26) "Cantidad de follows = 1043"
<br><br><br>string(18) "julio_sosa_imoveis"
string(25) "Cantidad de follows = 797"
<br><br><br>string(10) "canelihome"
string(26) "Cantidad de follows = 3748"
<br><br><br>string(9) "josergm86"
string(26) "Cantidad de follows = 7205"
<br><br><br>string(11) "katiaalbany"
string(26) "Cantidad de follows = 4907"
<br><br><br>string(11) "leandramora"
string(26) "Cantidad de follows = 4697"
<br><br><br>object(stdClass)#213 (2) {
  ["id"]=>
  string(5) "30380"
  ["login"]=>
  string(7) "_lrnnym"
}
string(17) "festivalnovomundo"
string(26) "Cantidad de follows = 4476"
<br><br><br>string(10) "odavilemos"
string(27) "Cantidad de follows = 13439"
<br><br><br>string(20) "clebsonfrancaoficial"
string(26) "Cantidad de follows = 2262"
<br><br><br>string(15) "mamaesemmanuais"
string(27) "Cantidad de follows = 11459"
<br><br><br>string(13) "victorcastelo"
string(26) "Cantidad de follows = 1180"
<br><br><br>string(17) "fabricio.physique"
string(27) "Cantidad de follows = 12047"
<br><br><br>string(15) "rafaelfsantanaa"
string(25) "Cantidad de follows = 765"
<br><br><br>object(stdClass)#138 (2) {
  ["id"]=>
  string(5) "30436"
  ["login"]=>
  string(15) "kawlicheski1993"
}
string(10) "facamerirr"
string(26) "Cantidad de follows = 3398"
<br><br><br>string(10) "linoamanda"
string(27) "Cantidad de follows = 10124"
<br><br><br>string(10) "_lorecosta"
string(26) "Cantidad de follows = 2109"
<br><br><br>string(21) "clara.goldenretriever"
string(26) "Cantidad de follows = 3605"
<br><br><br>string(14) "andre.grupoark"
string(26) "Cantidad de follows = 4179"
<br><br><br>string(13) "espacoubaense"
string(26) "Cantidad de follows = 2280"
<br><br><br>string(14) "photoboxbrasil"
string(26) "Cantidad de follows = 2842"
<br><br><br>string(13) "luiara_helmer"
string(26) "Cantidad de follows = 4999"
<br><br><br>string(7) "dul_fcy"
string(26) "Cantidad de follows = 3167"
<br><br><br>string(15) "rayanemarchetta"
string(26) "Cantidad de follows = 1707"
<br><br><br>string(13) "karol_nunes00"
string(26) "Cantidad de follows = 3580"
<br><br><br>string(10) "apedesign_"
string(26) "Cantidad de follows = 2747"
<br><br><br>string(8) "kevinm5m"
string(26) "Cantidad de follows = 7313"
<br><br><br>string(12) "noahestetica"
string(26) "Cantidad de follows = 8848"
<br><br><br>string(9) "casadovaz"
string(26) "Cantidad de follows = 7473"
<br><br><br>string(8) "arena7bh"
string(26) "Cantidad de follows = 4396"
<br><br><br>object(stdClass)#29 (2) {
  ["id"]=>
  string(5) "30581"
  ["login"]=>
  string(13) "mathoficialbr"
}
string(17) "jonatas.batistela"
string(27) "Cantidad de follows = 16045"
<br><br><br>string(10) "queirozloo"
string(26) "Cantidad de follows = 3704"
<br><br><br>object(stdClass)#245 (2) {
  ["id"]=>
  string(5) "30593"
  ["login"]=>
  string(12) "rogersiiilva"
}
string(11) "marci0viana"
string(26) "Cantidad de follows = 1316"
<br><br><br>string(16) "chefsheiladuarte"
string(26) "Cantidad de follows = 1040"
<br><br><br>string(8) "itsredtv"
string(27) "Cantidad de follows = 44896"
<br><br><br>object(stdClass)#153 (2) {
  ["id"]=>
  string(5) "30622"
  ["login"]=>
  string(8) "lorisfaz"
}
object(stdClass)#222 (2) {
  ["id"]=>
  string(5) "30623"
  ["login"]=>
  string(20) "emagrecer_ja_oficial"
}
string(19) "tamyparadorneptunia"
string(26) "Cantidad de follows = 5898"
<br><br><br>string(9) "gabicoach"
string(26) "Cantidad de follows = 3459"
<br><br><br>string(14) "amanda3santana"
string(26) "Cantidad de follows = 6348"
<br><br><br>string(10) "elluhalves"
string(26) "Cantidad de follows = 5174"
<br><br><br>string(18) "mixsushicafebistek"
string(26) "Cantidad de follows = 5937"
<br><br><br>string(16) "f1ciaimobiliaria"
string(26) "Cantidad de follows = 3378"
<br><br><br>string(15) "vitor_honorato3"
string(26) "Cantidad de follows = 1126"
<br><br><br>string(13) "veneno_daseda"
string(26) "Cantidad de follows = 2071"
<br><br><br>string(10) "mc2turismo"
string(27) "Cantidad de follows = 17828"
<br><br><br>string(19) "erickakamineoficial"
string(26) "Cantidad de follows = 6601"
<br><br><br>string(11) "fredmunizrj"
string(26) "Cantidad de follows = 1589"
<br><br><br>object(stdClass)#104 (2) {
  ["id"]=>
  string(5) "30718"
  ["login"]=>
  string(16) "luis.fernando.br"
}
string(17) "drasheilawatanabe"
string(26) "Cantidad de follows = 1862"
<br><br><br>string(12) "laysasmacedo"
string(26) "Cantidad de follows = 2842"
<br><br><br>string(17) "creativapapelaria"
string(25) "Cantidad de follows = 332"
<br><br><br>string(11) "aondeiremsp"
string(27) "Cantidad de follows = 25638"
<br><br><br>object(stdClass)#224 (2) {
  ["id"]=>
  string(5) "30815"
  ["login"]=>
  string(6) "79_app"
}
string(15) "dioceliogoulart"
string(27) "Cantidad de follows = 19143"
<br><br><br>string(15) "victorperazzini"
string(26) "Cantidad de follows = 2604"
<br><br><br>string(12) "alberto_test"
string(25) "Cantidad de follows = 337"
<br><br><br>string(13) "fassegseguros"
string(26) "Cantidad de follows = 7047"
<br><br><br>string(18) "giovanni.consultor"
string(25) "Cantidad de follows = 970"
<br><br><br>string(17) "coach.jorgeamorim"
string(25) "Cantidad de follows = 995"
<br><br><br>string(16) "blessedmaemequer"
string(27) "Cantidad de follows = 17657"
<br><br><br>string(15) "baile_de_camelo"
string(25) "Cantidad de follows = 761"
<br><br><br>string(13) "dentistabruna"
string(25) "Cantidad de follows = 197"
<br><br><br>string(11) "chicomorais"
string(26) "Cantidad de follows = 4611"
<br><br><br>string(13) "adrianemayumi"
string(27) "Cantidad de follows = 14499"
<br><br><br>string(14) "dresscode.byrm"
string(25) "Cantidad de follows = 235"
<br><br><br>object(stdClass)#239 (2) {
  ["id"]=>
  string(5) "30911"
  ["login"]=>
  string(15) "alynemultiforme"
}
string(14) "douglasvwalker"
string(26) "Cantidad de follows = 1821"
<br><br><br>string(8) "dazz.777"
string(25) "Cantidad de follows = 999"
<br><br><br>string(14) "rafaella_neves"
string(26) "Cantidad de follows = 3749"
<br><br><br>string(8) "soueuwal"
string(26) "Cantidad de follows = 1646"
<br><br><br>string(22) "lacosdasmeninasoficial"
string(26) "Cantidad de follows = 2241"
<br><br><br>string(13) "talitamcostta"
string(25) "Cantidad de follows = 591"
<br><br><br>object(stdClass)#110 (2) {
  ["id"]=>
  string(5) "30989"
  ["login"]=>
  string(8) "pionunes"
}
string(18) "confeitariadagabi_"
string(24) "Cantidad de follows = 64"
<br><br><br>string(12) "jumota_decor"
string(26) "Cantidad de follows = 1714"
<br><br><br>string(16) "marmitinhaslight"
string(26) "Cantidad de follows = 2675"
<br><br><br>string(24) "leoart_desing_paisagismo"
string(26) "Cantidad de follows = 6316"
<br><br><br>string(14) "carolfroemming"
string(26) "Cantidad de follows = 7132"
<br><br><br>string(16) "priscila_assilva"
string(25) "Cantidad de follows = 636"
<br><br><br>object(stdClass)#155 (2) {
  ["id"]=>
  string(5) "31080"
  ["login"]=>
  string(9) "chio18789"
}
string(13) "kasamor_store"
string(26) "Cantidad de follows = 2352"
<br><br><br>string(13) "thamysilva201"
string(26) "Cantidad de follows = 4016"
<br><br><br>string(12) "levis_tudouu"
string(27) "Cantidad de follows = 16514"
<br><br><br>string(8) "euogomez"
string(26) "Cantidad de follows = 2489"
<br><br><br>string(14) "amorefeoficial"
string(26) "Cantidad de follows = 5357"
<br><br><br>string(15) "studioambientes"
string(27) "Cantidad de follows = 14599"
<br><br><br>string(12) "gomilkbrasil"
string(26) "Cantidad de follows = 1050"
<br><br><br>string(13) "gomed.digital"
string(26) "Cantidad de follows = 2290"
<br><br><br>object(stdClass)#142 (2) {
  ["id"]=>
  string(5) "31133"
  ["login"]=>
  string(6) "lv_luh"
}
string(8) "curyamin"
string(25) "Cantidad de follows = 761"
<br><br><br>string(19) "medconsultingbrasil"
string(27) "Cantidad de follows = 12003"
<br><br><br>string(3) "usa"
string(26) "Cantidad de follows = 4633"
<br><br><br>string(8) "voa_hati"
string(26) "Cantidad de follows = 2960"
<br><br><br>string(10) "yasmincgr_"
string(26) "Cantidad de follows = 1092"
<br><br><br>string(14) "kharlos_soares"
string(25) "Cantidad de follows = 203"
<br><br><br>string(19) "chrystopher.gabriel"
string(25) "Cantidad de follows = 328"
<br><br><br>string(7) "nega.93"
string(27) "Cantidad de follows = 11391"
<br><br><br>string(13) "cahrlossoares"
string(24) "Cantidad de follows = 61"
<br><br><br>string(8) "emillymv"
string(26) "Cantidad de follows = 4075"
<br><br><br>string(11) "_j.o.a.o___"
string(25) "Cantidad de follows = 188"
<br><br><br>string(14) "antonioportes_"
string(25) "Cantidad de follows = 236"
<br><br><br>string(14) "samo_oliveiraa"
string(25) "Cantidad de follows = 815"
<br><br><br>string(12) "aleehzinho_t"
string(25) "Cantidad de follows = 171"
<br><br><br>string(15) "jonasfahelysson"
string(26) "Cantidad de follows = 6903"
<br><br><br>string(13) "mari_azeredo_"
string(25) "Cantidad de follows = 760"
<br><br><br>string(18) "clinicaformighieri"
string(26) "Cantidad de follows = 2214"
<br><br><br>string(10) "guiturner_"
string(26) "Cantidad de follows = 8875"
<br><br><br>string(14) "carloskpulling"
string(28) "Cantidad de follows = 112082"
<br><br><br>string(10) "oppaviajei"
string(25) "Cantidad de follows = 830"
<br><br><br>string(15) "jujucoelhopinto"
string(27) "Cantidad de follows = 28180"
<br><br><br>string(13) "gersonaraujo_"
string(26) "Cantidad de follows = 2257"
<br><br><br>object(stdClass)#205 (2) {
  ["id"]=>
  string(5) "31318"
  ["login"]=>
  string(11) "josiasnetoo"
}
string(19) "blogsairdozeroagora"
string(26) "Cantidad de follows = 1254"
<br><br><br>object(stdClass)#205 (2) {
  ["id"]=>
  string(5) "31325"
  ["login"]=>
  string(18) "neonprodutorapromo"
}
object(stdClass)#148 (2) {
  ["id"]=>
  string(5) "31326"
  ["login"]=>
  string(6) "djrat_"
}
object(stdClass)#205 (2) {
  ["id"]=>
  string(5) "31337"
  ["login"]=>
  string(23) "anderson_diego_oliveira"
}
string(19) "anacarlarodrigues19"
string(26) "Cantidad de follows = 3218"
<br><br><br>object(stdClass)#205 (2) {
  ["id"]=>
  string(5) "31346"
  ["login"]=>
  string(15) "siimoneepereira"
}
string(13) "jubart_design"
string(25) "Cantidad de follows = 655"
<br><br><br>string(19) "bellkeyprofessional"
string(26) "Cantidad de follows = 1758"
<br><br><br>string(8) "ealine._"
string(26) "Cantidad de follows = 4774"
<br><br><br>string(15) "jessicasanttos3"
string(28) "Cantidad de follows = 144732"
<br><br><br>object(stdClass)#150 (2) {
  ["id"]=>
  string(5) "31394"
  ["login"]=>
  string(12) "ronyfgomesss"
}
string(16) "jhonatha_feitosa"
string(26) "Cantidad de follows = 1186"
<br><br><br>object(stdClass)#150 (2) {
  ["id"]=>
  string(5) "31421"
  ["login"]=>
  string(15) "blena.nathallya"
}
string(10) "edersonflx"
string(26) "Cantidad de follows = 6871"
<br><br><br>string(23) "tridorimpermebializacao"
string(25) "Cantidad de follows = 275"
<br><br><br>string(9) "jehdpires"
string(25) "Cantidad de follows = 805"
<br><br><br>string(18) "emagrecer_agora.br"
string(26) "Cantidad de follows = 1325"
<br><br><br>string(9) "caio_luka"
string(25) "Cantidad de follows = 358"
<br><br><br>string(10) "brasil.anb"
string(25) "Cantidad de follows = 765"
<br><br><br>string(19) "jeanpiresfotografia"
string(26) "Cantidad de follows = 1127"
<br><br><br>object(stdClass)#130 (2) {
  ["id"]=>
  string(5) "31483"
  ["login"]=>
  string(12) "canutoandree"
}
string(15) "charles_gsilvaa"
string(26) "Cantidad de follows = 1878"
<br><br><br>string(15) "theluccassantos"
string(26) "Cantidad de follows = 1182"
<br><br><br>string(10) "biih_faith"
string(26) "Cantidad de follows = 1470"
<br><br><br>string(18) "leonardomonteiro00"
string(25) "Cantidad de follows = 896"
<br><br><br>string(17) "carlafagundesblog"
string(26) "Cantidad de follows = 6209"
<br><br><br>string(13) "aguedamaurien"
string(26) "Cantidad de follows = 2634"
<br><br><br>string(13) "pedrosagfteam"
string(26) "Cantidad de follows = 1899"
<br><br><br>string(9) "eusoudaro"
string(26) "Cantidad de follows = 1753"
<br><br><br>string(14) "caiquefregnani"
string(27) "Cantidad de follows = 11285"
<br><br><br>string(14) "heitorsoares.c"
string(26) "Cantidad de follows = 8105"
<br><br><br>string(21) "mulheres_que_se_amam_"
string(24) "Cantidad de follows = 75"
<br><br><br>string(17) "marco.suplementos"
string(27) "Cantidad de follows = 10133"
<br><br><br>string(8) "tetovivo"
string(26) "Cantidad de follows = 2166"
<br><br><br>string(14) "andrewanderley"
string(26) "Cantidad de follows = 3779"
<br><br><br>string(9) "vitormc83"
string(25) "Cantidad de follows = 176"
<br><br><br>string(8) "_lsilvva"
string(26) "Cantidad de follows = 6440"
<br><br><br>string(17) "clube_das_gostosa"
string(26) "Cantidad de follows = 2701"
<br><br><br>string(17) "esteticista_julia"
string(25) "Cantidad de follows = 647"
<br><br><br>string(10) "kauadellon"
string(26) "Cantidad de follows = 1166"
<br><br><br>string(20) "divulgageraisoficial"
string(27) "Cantidad de follows = 21156"
<br><br><br>string(18) "dr.grimaldobicalho"
string(26) "Cantidad de follows = 1747"
<br><br><br>object(stdClass)#77 (2) {
  ["id"]=>
  string(5) "31679"
  ["login"]=>
  string(13) "eiandrecanuto"
}
string(10) "mariodj.uy"
string(26) "Cantidad de follows = 2239"
<br><br><br>string(14) "stephanmarinho"
string(26) "Cantidad de follows = 7109"
<br><br><br>string(9) "misouza07"
string(25) "Cantidad de follows = 718"
<br><br><br>string(16) "glaubritooficial"
string(26) "Cantidad de follows = 2451"
<br><br><br>string(18) "anacarolinefavacho"
string(26) "Cantidad de follows = 1169"
<br><br><br>string(17) "natpharmafarmacia"
string(25) "Cantidad de follows = 815"
<br><br><br>string(13) "tablesdecorpy"
string(25) "Cantidad de follows = 712"
<br><br><br>string(18) "julianasilvaespaco"
string(26) "Cantidad de follows = 1256"
<br><br><br>string(22) "alice_carvalho_oficial"
string(26) "Cantidad de follows = 2196"
<br><br><br>string(14) "juliaparanhos_"
string(27) "Cantidad de follows = 41393"
<br><br><br>string(18) "rannabeckeroficial"
string(27) "Cantidad de follows = 20247"
<br><br><br>string(13) "gomesterapias"
string(27) "Cantidad de follows = 48692"
<br><br><br>string(3) "ola"
string(26) "Cantidad de follows = 2899"
<br><br><br>string(10) "filhoteeco"
string(27) "Cantidad de follows = 32685"
<br><br><br>object(stdClass)#245 (2) {
  ["id"]=>
  string(5) "31757"
  ["login"]=>
  string(15) "umbr_no_youtube"
}
string(12) "jeff_valerio"
string(25) "Cantidad de follows = 549"
<br><br><br>string(12) "calmbunnypet"
string(25) "Cantidad de follows = 632"
<br><br><br>string(9) "equipe.dx"
string(26) "Cantidad de follows = 2508"
<br><br><br>string(11) "mr.andyarte"
string(25) "Cantidad de follows = 485"
<br><br><br>string(12) "401loungebar"
string(26) "Cantidad de follows = 6895"
<br><br><br>string(14) "edinhotattoojc"
string(27) "Cantidad de follows = 11019"
<br><br><br>string(16) "claudio__soaress"
string(25) "Cantidad de follows = 154"
<br><br><br>string(17) "eduardo_purapesca"
string(28) "Cantidad de follows = 118966"
<br><br><br>string(18) "psi.brunarodrigues"
string(25) "Cantidad de follows = 266"
<br><br><br>string(14) "dillyscoralick"
string(26) "Cantidad de follows = 8019"
<br><br><br>string(15) "vitorhugomsouza"
string(25) "Cantidad de follows = 225"
<br><br><br>string(21) "maktubemiratessbrasil"
string(25) "Cantidad de follows = 351"
<br><br><br>string(8) "opldecor"
string(25) "Cantidad de follows = 307"
<br><br><br>string(8) "yslaoker"
string(24) "Cantidad de follows = 16"
<br><br><br>string(17) "dutkasstoreitajai"
string(25) "Cantidad de follows = 247"
<br><br><br>string(15) "brunoxavierhair"
string(27) "Cantidad de follows = 14503"
<br><br><br>string(12) "thaaysbastos"
string(26) "Cantidad de follows = 6983"
<br><br><br>string(11) "intensicare"
string(23) "Cantidad de follows = 7"
<br><br><br>string(13) "duodiscomusic"
string(27) "Cantidad de follows = 49445"
<br><br><br>string(13) "dhouserecords"
string(26) "Cantidad de follows = 4369"
<br><br><br>string(18) "lucas_otaviomakeup"
string(26) "Cantidad de follows = 8022"
<br><br><br>string(8) "eduretro"
string(27) "Cantidad de follows = 32775"
<br><br><br>string(10) "maroxa_mrx"
string(25) "Cantidad de follows = 994"
<br><br><br>string(9) "itsfranio"
string(24) "Cantidad de follows = 12"
<br><br><br>string(13) "theus_macieel"
string(25) "Cantidad de follows = 134"
<br><br><br>string(13) "valeriojansen"
string(26) "Cantidad de follows = 1015"
<br><br><br>\n<br>JOB DONE!!!<br>\n2018-10-27 07:59:49am