DAILY REPORT Inited...!<br>
2018-10-10 06:30:02am<br>
string(14) "alberto_dreyes"
string(27) "Cantidad de follows = 14411"
<br><br><br>string(19) "opiniaoconservadora"
string(27) "Cantidad de follows = 55959"
<br><br><br>string(17) "sibitecomunicacao"
string(27) "Cantidad de follows = 10272"
<br><br><br>string(11) "mo.taniguti"
string(27) "Cantidad de follows = 20847"
<br><br><br>object(stdClass)#30 (2) {
  ["id"]=>
  string(3) "146"
  ["login"]=>
  string(12) "auepromocoes"
}
string(23) "jeunesse_bycrislafratta"
string(25) "Cantidad de follows = 185"
<br><br><br>string(12) "lily.s.alves"
string(26) "Cantidad de follows = 2090"
<br><br><br>string(10) "powerlook_"
string(27) "Cantidad de follows = 60547"
<br><br><br>object(stdClass)#12 (2) {
  ["id"]=>
  string(3) "245"
  ["login"]=>
  string(18) "xodozinho.retratos"
}
object(stdClass)#23 (2) {
  ["id"]=>
  string(3) "867"
  ["login"]=>
  string(14) "joaovictorjvb1"
}
object(stdClass)#12 (2) {
  ["id"]=>
  string(4) "1059"
  ["login"]=>
  string(8) "graverrj"
}
string(7) "ma_luco"
string(27) "Cantidad de follows = 28593"
<br><br><br>string(12) "carlloooooss"
string(26) "Cantidad de follows = 1288"
<br><br><br>string(15) "sapatodochef.pa"
string(26) "Cantidad de follows = 2376"
<br><br><br>object(stdClass)#219 (2) {
  ["id"]=>
  string(4) "2175"
  ["login"]=>
  string(10) "vireiloira"
}
string(18) "mercadomodelobahia"
string(26) "Cantidad de follows = 9059"
<br><br><br>string(11) "thayscalmon"
string(26) "Cantidad de follows = 5243"
<br><br><br>string(11) "decoremundo"
string(27) "Cantidad de follows = 14325"
<br><br><br>string(9) "decorcool"
string(23) "Cantidad de follows = 7"
<br><br><br>string(8) "fragabar"
string(26) "Cantidad de follows = 4321"
<br><br><br>object(stdClass)#190 (2) {
  ["id"]=>
  string(4) "4236"
  ["login"]=>
  string(8) "lorenaym"
}
string(11) "pamelaotero"
string(27) "Cantidad de follows = 46084"
<br><br><br>string(19) "starpointcollection"
string(27) "Cantidad de follows = 12689"
<br><br><br>string(9) "katiacsdc"
string(27) "Cantidad de follows = 18331"
<br><br><br>string(14) "grazielialvess"
string(27) "Cantidad de follows = 21597"
<br><br><br>string(22) "dra_barbaravasconcelos"
string(27) "Cantidad de follows = 23774"
<br><br><br>string(21) "comandantedochurrasco"
string(27) "Cantidad de follows = 56752"
<br><br><br>string(12) "40antesdos40"
string(27) "Cantidad de follows = 27680"
<br><br><br>string(16) "drricardopalacio"
string(27) "Cantidad de follows = 25625"
<br><br><br>string(12) "pollyruffini"
string(26) "Cantidad de follows = 6991"
<br><br><br>string(14) "carlos_skatmar"
string(26) "Cantidad de follows = 2329"
<br><br><br>string(10) "star_point"
string(27) "Cantidad de follows = 32656"
<br><br><br>string(8) "rruizmma"
string(27) "Cantidad de follows = 47006"
<br><br><br>string(8) "dumbu.09"
string(26) "Cantidad de follows = 7681"
<br><br><br>string(14) "marcosp.medina"
string(26) "Cantidad de follows = 4119"
<br><br><br>string(11) "sandrozion7"
string(27) "Cantidad de follows = 21090"
<br><br><br>string(17) "grandville_hoteis"
string(27) "Cantidad de follows = 12705"
<br><br><br>string(11) "josiasdiass"
string(27) "Cantidad de follows = 18070"
<br><br><br>string(18) "barbaracampospalma"
string(26) "Cantidad de follows = 8722"
<br><br><br>string(9) "telless13"
string(27) "Cantidad de follows = 14927"
<br><br><br>string(13) "bandamegafire"
string(27) "Cantidad de follows = 23404"
<br><br><br>string(17) "sosoportunidade10"
string(25) "Cantidad de follows = 962"
<br><br><br>string(18) "academia_king_thai"
string(26) "Cantidad de follows = 5074"
<br><br><br>string(13) "renatafontany"
string(27) "Cantidad de follows = 32955"
<br><br><br>string(14) "cabelosaugusto"
string(27) "Cantidad de follows = 22972"
<br><br><br>string(14) "brunocerqueira"
string(27) "Cantidad de follows = 10571"
<br><br><br>string(10) "noxboymike"
string(26) "Cantidad de follows = 5469"
<br><br><br>string(20) "juliobaptistaoficial"
string(28) "Cantidad de follows = 250707"
<br><br><br>string(21) "ateliermarielamoreira"
string(27) "Cantidad de follows = 15838"
<br><br><br>object(stdClass)#104 (2) {
  ["id"]=>
  string(5) "11096"
  ["login"]=>
  string(12) "michaelletjp"
}
object(stdClass)#56 (2) {
  ["id"]=>
  string(5) "11099"
  ["login"]=>
  string(13) "agostochuvoso"
}
string(11) "insultedboy"
string(26) "Cantidad de follows = 3523"
<br><br><br>string(11) "weilla_morg"
string(25) "Cantidad de follows = 930"
<br><br><br>string(11) "raphabritoo"
string(27) "Cantidad de follows = 16066"
<br><br><br>string(10) "vinihveiga"
string(26) "Cantidad de follows = 4088"
<br><br><br>object(stdClass)#103 (2) {
  ["id"]=>
  string(5) "11131"
  ["login"]=>
  string(14) "deliciasdoronk"
}
string(16) "duuduuzinhosilva"
string(26) "Cantidad de follows = 3031"
<br><br><br>string(9) "carlosbsg"
string(25) "Cantidad de follows = 921"
<br><br><br>string(12) "danndourado0"
string(27) "Cantidad de follows = 14897"
<br><br><br>string(7) "biel312"
string(24) "Cantidad de follows = 10"
<br><br><br>string(11) "caiogrunupp"
string(26) "Cantidad de follows = 3317"
<br><br><br>string(11) "paullonunan"
string(26) "Cantidad de follows = 1431"
<br><br><br>string(12) "pablodiego15"
string(26) "Cantidad de follows = 1099"
<br><br><br>object(stdClass)#219 (2) {
  ["id"]=>
  string(5) "11230"
  ["login"]=>
  string(16) "_luferreiranunes"
}
string(14) "natan_mantelli"
string(25) "Cantidad de follows = 800"
<br><br><br>string(17) "antoniocarlos3627"
string(24) "Cantidad de follows = 43"
<br><br><br>string(11) "365_indubai"
string(27) "Cantidad de follows = 21693"
<br><br><br>object(stdClass)#11 (2) {
  ["id"]=>
  string(5) "11239"
  ["login"]=>
  string(12) "ceottosinuhe"
}
string(14) "vitoriaabritto"
string(27) "Cantidad de follows = 33424"
<br><br><br>string(11) "lojaoperapc"
string(27) "Cantidad de follows = 23900"
<br><br><br>string(12) "huealimentos"
string(26) "Cantidad de follows = 5106"
<br><br><br>string(13) "kstimportados"
string(26) "Cantidad de follows = 4394"
<br><br><br>string(7) "wi11see"
string(27) "Cantidad de follows = 11595"
<br><br><br>string(12) "s7_producoes"
string(26) "Cantidad de follows = 6018"
<br><br><br>string(12) "gabrielaribi"
string(26) "Cantidad de follows = 7624"
<br><br><br>string(17) "brunosennaimagens"
string(27) "Cantidad de follows = 13180"
<br><br><br>string(14) "maycowmontemor"
string(27) "Cantidad de follows = 32362"
<br><br><br>string(14) "alinemarcovici"
string(27) "Cantidad de follows = 18534"
<br><br><br>string(10) "junior.dev"
string(27) "Cantidad de follows = 17727"
<br><br><br>string(13) "amaassessoria"
string(26) "Cantidad de follows = 7680"
<br><br><br>string(11) "julisciotto"
string(27) "Cantidad de follows = 24652"
<br><br><br>string(14) "draalinehsilva"
string(27) "Cantidad de follows = 20233"
<br><br><br>string(13) "rodasemotores"
string(27) "Cantidad de follows = 14062"
<br><br><br>string(13) "euclaracampos"
string(26) "Cantidad de follows = 4287"
<br><br><br>string(19) "thamaraelisa.tattoo"
string(27) "Cantidad de follows = 14285"
<br><br><br>string(15) "megaminassports"
string(26) "Cantidad de follows = 6762"
<br><br><br>string(16) "agencia_portal37"
string(26) "Cantidad de follows = 3341"
<br><br><br>object(stdClass)#67 (2) {
  ["id"]=>
  string(5) "11792"
  ["login"]=>
  string(14) "hf_metalurgica"
}
string(13) "grillegourmet"
string(26) "Cantidad de follows = 5120"
<br><br><br>string(11) "davidkapper"
string(27) "Cantidad de follows = 12974"
<br><br><br>string(11) "7chavesfoto"
string(27) "Cantidad de follows = 11045"
<br><br><br>string(11) "joiaskether"
string(27) "Cantidad de follows = 19525"
<br><br><br>string(14) "luziasantana33"
string(28) "Cantidad de follows = 237076"
<br><br><br>string(13) "thiagovaleiro"
string(26) "Cantidad de follows = 3829"
<br><br><br>object(stdClass)#217 (2) {
  ["id"]=>
  string(5) "12434"
  ["login"]=>
  string(9) "dupicasso"
}
string(11) "laura_bergo"
string(26) "Cantidad de follows = 6422"
<br><br><br>string(15) "dra.raphabecker"
string(27) "Cantidad de follows = 19700"
<br><br><br>string(14) "andreluiznardo"
string(27) "Cantidad de follows = 16508"
<br><br><br>object(stdClass)#61 (2) {
  ["id"]=>
  string(5) "13880"
  ["login"]=>
  string(8) "letdaher"
}
string(9) "dgarciia_"
string(25) "Cantidad de follows = 855"
<br><br><br>string(10) "joaosurf12"
string(24) "Cantidad de follows = 96"
<br><br><br>string(8) "itsandco"
string(27) "Cantidad de follows = 20625"
<br><br><br>string(10) "ela_andrea"
string(27) "Cantidad de follows = 22484"
<br><br><br>string(14) "nafurtadocakes"
string(26) "Cantidad de follows = 6595"
<br><br><br>string(18) "castrolautoservice"
string(26) "Cantidad de follows = 9344"
<br><br><br>string(9) "livdrinks"
string(27) "Cantidad de follows = 47582"
<br><br><br>string(18) "portalautoshopping"
string(27) "Cantidad de follows = 12132"
<br><br><br>string(20) "manu.mamaeaoquadrado"
string(26) "Cantidad de follows = 9564"
<br><br><br>string(15) "odontowebschool"
string(27) "Cantidad de follows = 10590"
<br><br><br>string(9) "abarkeria"
string(27) "Cantidad de follows = 33490"
<br><br><br>object(stdClass)#208 (2) {
  ["id"]=>
  string(5) "15166"
  ["login"]=>
  string(14) "__fehholiveira"
}
string(10) "ninabaking"
string(26) "Cantidad de follows = 8960"
<br><br><br>string(10) "jgiordanoo"
string(27) "Cantidad de follows = 12528"
<br><br><br>string(18) "domhairfelippewill"
string(27) "Cantidad de follows = 11500"
<br><br><br>string(7) "pbpetti"
string(27) "Cantidad de follows = 39722"
<br><br><br>string(10) "psych0wolf"
string(25) "Cantidad de follows = 408"
<br><br><br>string(8) "andreiso"
string(26) "Cantidad de follows = 9512"
<br><br><br>string(13) "biadiascoelho"
string(26) "Cantidad de follows = 4883"
<br><br><br>string(8) "mytrips7"
string(25) "Cantidad de follows = 528"
<br><br><br>string(13) "directdireito"
string(27) "Cantidad de follows = 11246"
<br><br><br>string(12) "patrickvalle"
string(26) "Cantidad de follows = 3562"
<br><br><br>string(21) "lucianalauferofficial"
string(27) "Cantidad de follows = 18765"
<br><br><br>string(13) "matheuspercut"
string(26) "Cantidad de follows = 1158"
<br><br><br>string(10) "flavia_vdr"
string(27) "Cantidad de follows = 11268"
<br><br><br>object(stdClass)#161 (2) {
  ["id"]=>
  string(5) "16861"
  ["login"]=>
  string(14) "mickael_cortes"
}
string(16) "helder_del_monte"
string(27) "Cantidad de follows = 16301"
<br><br><br>string(18) "physicalpilates_bh"
string(26) "Cantidad de follows = 5610"
<br><br><br>string(13) "faleiroslaura"
string(27) "Cantidad de follows = 12909"
<br><br><br>string(11) "dannysetudo"
string(26) "Cantidad de follows = 9654"
<br><br><br>string(15) "portodepiranhas"
string(27) "Cantidad de follows = 10476"
<br><br><br>string(24) "contadordehistoriasreais"
string(27) "Cantidad de follows = 27607"
<br><br><br>string(6) "guil38"
string(26) "Cantidad de follows = 6511"
<br><br><br>string(22) "vacationhomeneardisney"
string(27) "Cantidad de follows = 19617"
<br><br><br>string(16) "drguilhermecravo"
string(26) "Cantidad de follows = 3165"
<br><br><br>string(6) "ossmkt"
string(26) "Cantidad de follows = 5283"
<br><br><br>string(10) "jhoneheber"
string(27) "Cantidad de follows = 23515"
<br><br><br>string(20) "justiniano0_official"
string(26) "Cantidad de follows = 2987"
<br><br><br>string(15) "sao_os_caipiras"
string(26) "Cantidad de follows = 9484"
<br><br><br>string(9) "acerickrj"
string(27) "Cantidad de follows = 12274"
<br><br><br>string(15) "leandrogarciadj"
string(27) "Cantidad de follows = 19250"
<br><br><br>string(14) "osnirhamburger"
string(26) "Cantidad de follows = 6852"
<br><br><br>string(8) "dutruffi"
string(27) "Cantidad de follows = 14220"
<br><br><br>string(9) "lschuback"
string(26) "Cantidad de follows = 7819"
<br><br><br>string(21) "carolinanortondematos"
string(27) "Cantidad de follows = 11734"
<br><br><br>object(stdClass)#47 (2) {
  ["id"]=>
  string(5) "18103"
  ["login"]=>
  string(22) "denisegoncalves.santos"
}
string(14) "ethianemarques"
string(25) "Cantidad de follows = 690"
<br><br><br>string(10) "synaraleal"
string(27) "Cantidad de follows = 16178"
<br><br><br>string(8) "trinjune"
string(23) "Cantidad de follows = 0"
<br><br><br>string(12) "holy_popcorn"
string(27) "Cantidad de follows = 10317"
<br><br><br>string(9) "eltranvia"
string(27) "Cantidad de follows = 15654"
<br><br><br>string(19) "diegogoulartoficial"
string(27) "Cantidad de follows = 20476"
<br><br><br>string(15) "cartolinadesign"
string(26) "Cantidad de follows = 5624"
<br><br><br>string(9) "quarto_22"
string(26) "Cantidad de follows = 5549"
<br><br><br>string(10) "blogdakeli"
string(24) "Cantidad de follows = 12"
<br><br><br>object(stdClass)#140 (2) {
  ["id"]=>
  string(5) "18816"
  ["login"]=>
  string(10) "lefitnessb"
}
string(9) "awsmining"
string(26) "Cantidad de follows = 4619"
<br><br><br>string(13) "willianabrito"
string(26) "Cantidad de follows = 6732"
<br><br><br>string(23) "eusoutestemunhadogolias"
string(25) "Cantidad de follows = 206"
<br><br><br>string(16) "tumsoundfestival"
string(26) "Cantidad de follows = 1454"
<br><br><br>string(18) "casalbioequilibrio"
string(27) "Cantidad de follows = 11244"
<br><br><br>string(13) "mimosearomaas"
string(26) "Cantidad de follows = 9065"
<br><br><br>string(17) "gventurinpersonal"
string(26) "Cantidad de follows = 2501"
<br><br><br>string(9) "fastfitsc"
string(26) "Cantidad de follows = 3604"
<br><br><br>string(11) "raif_tattoo"
string(27) "Cantidad de follows = 13137"
<br><br><br>string(10) "hustler.hc"
string(26) "Cantidad de follows = 2473"
<br><br><br>string(9) "isarengel"
string(26) "Cantidad de follows = 6771"
<br><br><br>string(12) "solus_online"
string(26) "Cantidad de follows = 4042"
<br><br><br>string(11) "refugiohoje"
string(27) "Cantidad de follows = 12422"
<br><br><br>string(13) "nati.fressato"
string(26) "Cantidad de follows = 7246"
<br><br><br>string(17) "calcadospaubrasil"
string(26) "Cantidad de follows = 8245"
<br><br><br>string(10) "daly_store"
string(27) "Cantidad de follows = 21623"
<br><br><br>string(11) "angelosciao"
string(26) "Cantidad de follows = 5257"
<br><br><br>string(6) "fuinha"
string(25) "Cantidad de follows = 194"
<br><br><br>string(10) "kombi_krug"
string(25) "Cantidad de follows = 509"
<br><br><br>string(12) "rekombinando"
string(26) "Cantidad de follows = 5951"
<br><br><br>string(15) "blogdasusantoss"
string(26) "Cantidad de follows = 5421"
<br><br><br>string(15) "diadeacessorios"
string(26) "Cantidad de follows = 2316"
<br><br><br>string(18) "christians.pereira"
string(26) "Cantidad de follows = 3751"
<br><br><br>object(stdClass)#129 (2) {
  ["id"]=>
  string(5) "19844"
  ["login"]=>
  string(13) "oficialpharma"
}
string(28) "pedrowilsonrodriguespimentel"
string(26) "Cantidad de follows = 7730"
<br><br><br>string(15) "atelieluizrocha"
string(27) "Cantidad de follows = 10247"
<br><br><br>string(12) "bibiscamargo"
string(26) "Cantidad de follows = 2040"
<br><br><br>string(16) "centerperfumaria"
string(26) "Cantidad de follows = 5519"
<br><br><br>string(10) "pmelorocha"
string(26) "Cantidad de follows = 6356"
<br><br><br>object(stdClass)#74 (2) {
  ["id"]=>
  string(5) "20149"
  ["login"]=>
  string(14) "thaliaalvesdec"
}
string(12) "yasminndias_"
string(26) "Cantidad de follows = 9399"
<br><br><br>string(17) "jb_alves_educador"
string(26) "Cantidad de follows = 3536"
<br><br><br>string(24) "leonardosantosfotografia"
string(27) "Cantidad de follows = 39729"
<br><br><br>string(8) "sporttot"
string(24) "Cantidad de follows = 23"
<br><br><br>object(stdClass)#121 (2) {
  ["id"]=>
  string(5) "20503"
  ["login"]=>
  string(8) "chandler"
}
string(13) "ayllesantiago"
string(28) "Cantidad de follows = 133078"
<br><br><br>string(12) "maisonbiarro"
string(27) "Cantidad de follows = 29865"
<br><br><br>string(15) "iselamendozadec"
string(26) "Cantidad de follows = 6053"
<br><br><br>string(9) "bamboh.pt"
string(26) "Cantidad de follows = 2610"
<br><br><br>string(12) "redeentropia"
string(26) "Cantidad de follows = 5913"
<br><br><br>string(13) "goutaguatinga"
string(26) "Cantidad de follows = 1015"
<br><br><br>object(stdClass)#206 (2) {
  ["id"]=>
  string(5) "20682"
  ["login"]=>
  string(11) "farmapharma"
}
string(18) "calabriapizzariarj"
string(26) "Cantidad de follows = 2473"
<br><br><br>object(stdClass)#206 (2) {
  ["id"]=>
  string(5) "20818"
  ["login"]=>
  string(20) "cadillacs.pastelaria"
}
object(stdClass)#180 (2) {
  ["id"]=>
  string(5) "20927"
  ["login"]=>
  string(25) "missionariojairodossantos"
}
object(stdClass)#206 (2) {
  ["id"]=>
  string(5) "21062"
  ["login"]=>
  string(13) "jesuisluciano"
}
object(stdClass)#180 (2) {
  ["id"]=>
  string(5) "21230"
  ["login"]=>
  string(9) "vikatorsc"
}
string(19) "nicollystoreoficial"
string(26) "Cantidad de follows = 7499"
<br><br><br>object(stdClass)#180 (2) {
  ["id"]=>
  string(5) "21368"
  ["login"]=>
  string(18) "ricardoribeiro0013"
}
string(24) "ramossegurancaeletronica"
string(26) "Cantidad de follows = 3288"
<br><br><br>string(18) "camacariplazahotel"
string(26) "Cantidad de follows = 6270"
<br><br><br>string(13) "_telesgabriel"
string(26) "Cantidad de follows = 2524"
<br><br><br>string(12) "fbfabiolopes"
string(26) "Cantidad de follows = 9004"
<br><br><br>object(stdClass)#158 (2) {
  ["id"]=>
  string(5) "21517"
  ["login"]=>
  string(23) "biscuitporvictorialeite"
}
string(10) "trapburger"
string(26) "Cantidad de follows = 2641"
<br><br><br>string(20) "shoppingcasaedesign_"
string(26) "Cantidad de follows = 8702"
<br><br><br>string(9) "samiilly_"
string(27) "Cantidad de follows = 18246"
<br><br><br>object(stdClass)#88 (2) {
  ["id"]=>
  string(5) "21731"
  ["login"]=>
  string(9) "conhecaes"
}
string(7) "loirasn"
string(25) "Cantidad de follows = 195"
<br><br><br>string(15) "santasticauniao"
string(26) "Cantidad de follows = 6290"
<br><br><br>string(19) "embraconcondominios"
string(26) "Cantidad de follows = 4650"
<br><br><br>string(17) "hamburguinhomoema"
string(27) "Cantidad de follows = 60599"
<br><br><br>string(14) "vilmamartins_7"
string(26) "Cantidad de follows = 1308"
<br><br><br>string(12) "leticiajural"
string(26) "Cantidad de follows = 8513"
<br><br><br>string(8) "_zero100"
string(27) "Cantidad de follows = 52184"
<br><br><br>string(20) "lionrollingcircusrio"
string(27) "Cantidad de follows = 14446"
<br><br><br>string(9) "_nerdjunk"
string(26) "Cantidad de follows = 5369"
<br><br><br>string(10) "pilotelton"
string(27) "Cantidad de follows = 11273"
<br><br><br>string(14) "marcioancelmoo"
string(26) "Cantidad de follows = 4989"
<br><br><br>object(stdClass)#212 (2) {
  ["id"]=>
  string(5) "22627"
  ["login"]=>
  string(18) "lucaswiliamsoliver"
}
string(14) "kevinlorenzorj"
string(26) "Cantidad de follows = 3399"
<br><br><br>object(stdClass)#212 (2) {
  ["id"]=>
  string(5) "22701"
  ["login"]=>
  string(21) "falandodemaquiagem_01"
}
string(13) "georgemuchuli"
string(26) "Cantidad de follows = 7776"
<br><br><br>string(15) "wendell_alvess_"
string(24) "Cantidad de follows = 84"
<br><br><br>object(stdClass)#80 (2) {
  ["id"]=>
  string(5) "22786"
  ["login"]=>
  string(6) "jpzk02"
}
object(stdClass)#79 (2) {
  ["id"]=>
  string(5) "22791"
  ["login"]=>
  string(13) "rodrigues.exe"
}
object(stdClass)#80 (2) {
  ["id"]=>
  string(5) "22915"
  ["login"]=>
  string(10) "5000covers"
}
string(18) "marciomouraoficial"
string(27) "Cantidad de follows = 12422"
<br><br><br>object(stdClass)#80 (2) {
  ["id"]=>
  string(5) "23135"
  ["login"]=>
  string(15) "daniak_boutique"
}
string(23) "formatacaotccmonografia"
string(24) "Cantidad de follows = 95"
<br><br><br>string(6) "nekkow"
string(24) "Cantidad de follows = 15"
<br><br><br>string(5) "lucao"
string(25) "Cantidad de follows = 559"
<br><br><br>string(6) "lucao2"
string(25) "Cantidad de follows = 587"
<br><br><br>string(13) "marcelomarkes"
string(27) "Cantidad de follows = 19940"
<br><br><br>string(14) "dl_beautysalon"
string(26) "Cantidad de follows = 1951"
<br><br><br>string(15) "ariadinebarreto"
string(27) "Cantidad de follows = 14596"
<br><br><br>string(13) "canalsemjacar"
string(27) "Cantidad de follows = 14277"
<br><br><br>string(11) "hiratabreno"
string(27) "Cantidad de follows = 12610"
<br><br><br>string(14) "erickspimentel"
string(26) "Cantidad de follows = 2024"
<br><br><br>string(12) "jessicaiwata"
string(27) "Cantidad de follows = 34249"
<br><br><br>string(14) "dnaphotoevideo"
string(27) "Cantidad de follows = 29128"
<br><br><br>string(18) "gamecenterpaulista"
string(27) "Cantidad de follows = 10332"
<br><br><br>string(10) "pacofishrd"
string(26) "Cantidad de follows = 8070"
<br><br><br>string(14) "qualityhotelsd"
string(26) "Cantidad de follows = 1205"
<br><br><br>string(17) "isabellabofficial"
string(27) "Cantidad de follows = 14016"
<br><br><br>string(13) "alialioficial"
string(25) "Cantidad de follows = 674"
<br><br><br>string(15) "barbeariadoneno"
string(27) "Cantidad de follows = 13858"
<br><br><br>string(10) "plagamba01"
string(26) "Cantidad de follows = 2646"
<br><br><br>string(11) "oscarcauchi"
string(26) "Cantidad de follows = 3626"
<br><br><br>string(7) "18laras"
string(26) "Cantidad de follows = 1829"
<br><br><br>string(16) "entreomarealagoa"
string(26) "Cantidad de follows = 1676"
<br><br><br>string(9) "darlanred"
string(27) "Cantidad de follows = 21326"
<br><br><br>string(15) "riolisboabrasil"
string(25) "Cantidad de follows = 205"
<br><br><br>string(12) "studio4cinco"
string(26) "Cantidad de follows = 4926"
<br><br><br>string(13) "fabriciofabre"
string(26) "Cantidad de follows = 8595"
<br><br><br>string(22) "suamusicapersonalizada"
string(27) "Cantidad de follows = 10259"
<br><br><br>string(10) "fioremixbr"
string(25) "Cantidad de follows = 325"
<br><br><br>string(8) "kevinvem"
string(23) "Cantidad de follows = 5"
<br><br><br>string(12) "djallannatal"
string(27) "Cantidad de follows = 28707"
<br><br><br>string(15) "polpasempreviva"
string(27) "Cantidad de follows = 34525"
<br><br><br>string(8) "kessyaaa"
string(27) "Cantidad de follows = 11081"
<br><br><br>string(8) "celparra"
string(27) "Cantidad de follows = 10655"
<br><br><br>object(stdClass)#60 (2) {
  ["id"]=>
  string(5) "25524"
  ["login"]=>
  string(11) "tompson9345"
}
object(stdClass)#142 (2) {
  ["id"]=>
  string(5) "25571"
  ["login"]=>
  string(14) "habner_martins"
}
string(24) "fitnessuplementosoficial"
string(25) "Cantidad de follows = 331"
<br><br><br>string(13) "mayconbarroco"
string(27) "Cantidad de follows = 18502"
<br><br><br>string(9) "caiocesar"
string(24) "Cantidad de follows = 84"
<br><br><br>string(8) "lil.fama"
string(27) "Cantidad de follows = 21218"
<br><br><br>string(12) "institutoybi"
string(27) "Cantidad de follows = 18008"
<br><br><br>object(stdClass)#195 (2) {
  ["id"]=>
  string(5) "26183"
  ["login"]=>
  string(14) "andresa_lebens"
}
string(7) "yuryv05"
string(27) "Cantidad de follows = 10281"
<br><br><br>string(15) "eliana_casimiro"
string(26) "Cantidad de follows = 5639"
<br><br><br>string(11) "maloohstore"
string(26) "Cantidad de follows = 3677"
<br><br><br>string(15) "lauraivinadecor"
string(26) "Cantidad de follows = 8997"
<br><br><br>string(16) "simplesmenteamei"
string(27) "Cantidad de follows = 16091"
<br><br><br>string(16) "drraphaelmarques"
string(27) "Cantidad de follows = 21356"
<br><br><br>string(10) "casazunzun"
string(26) "Cantidad de follows = 5590"
<br><br><br>string(14) "draraymedeiros"
string(26) "Cantidad de follows = 1579"
<br><br><br>string(12) "4youdressing"
string(26) "Cantidad de follows = 3556"
<br><br><br>string(21) "lucaslermenfotografia"
string(27) "Cantidad de follows = 14935"
<br><br><br>string(16) "bracholuismiguel"
string(25) "Cantidad de follows = 835"
<br><br><br>string(17) "draflaviasgavioli"
string(27) "Cantidad de follows = 41499"
<br><br><br>string(16) "rafamello_cantor"
string(26) "Cantidad de follows = 9035"
<br><br><br>string(13) "gabinassyrios"
string(27) "Cantidad de follows = 28046"
<br><br><br>string(13) "cardosodani78"
string(25) "Cantidad de follows = 419"
<br><br><br>object(stdClass)#118 (2) {
  ["id"]=>
  string(5) "27362"
  ["login"]=>
  string(9) "k123silva"
}
string(9) "labotique"
string(25) "Cantidad de follows = 277"
<br><br><br>string(11) "eco.noronha"
string(26) "Cantidad de follows = 1076"
<br><br><br>string(13) "gelottisports"
string(26) "Cantidad de follows = 6262"
<br><br><br>string(13) "bombeefsantos"
string(27) "Cantidad de follows = 69514"
<br><br><br>string(15) "parvathi_brasil"
string(26) "Cantidad de follows = 8526"
<br><br><br>string(9) "lobotique"
string(26) "Cantidad de follows = 6624"
<br><br><br>string(8) "talincas"
string(27) "Cantidad de follows = 22577"
<br><br><br>string(21) "visagismofacial_drika"
string(25) "Cantidad de follows = 739"
<br><br><br>string(13) "bakwarabrasil"
string(26) "Cantidad de follows = 1567"
<br><br><br>string(19) "carlabarcellosjoias"
string(27) "Cantidad de follows = 11439"
<br><br><br>string(16) "programagameover"
string(26) "Cantidad de follows = 1117"
<br><br><br>string(15) "aafrodite.store"
string(26) "Cantidad de follows = 5752"
<br><br><br>string(12) "rogiacomello"
string(26) "Cantidad de follows = 1415"
<br><br><br>string(11) "solvebrazil"
string(26) "Cantidad de follows = 1173"
<br><br><br>string(16) "drafernandavolpi"
string(27) "Cantidad de follows = 12411"
<br><br><br>object(stdClass)#191 (2) {
  ["id"]=>
  string(5) "27722"
  ["login"]=>
  string(14) "maribel.silent"
}
string(13) "miocheoficial"
string(27) "Cantidad de follows = 45386"
<br><br><br>string(11) "daylipadron"
string(26) "Cantidad de follows = 8210"
<br><br><br>string(14) "mercadolabarra"
string(26) "Cantidad de follows = 4302"
<br><br><br>string(10) "naraabreuu"
string(26) "Cantidad de follows = 4574"
<br><br><br>string(8) "lukmodas"
string(26) "Cantidad de follows = 8135"
<br><br><br>string(21) "girlsgardenacessorios"
string(26) "Cantidad de follows = 2020"
<br><br><br>string(13) "capimlimaomga"
string(26) "Cantidad de follows = 5476"
<br><br><br>string(15) "maxpremiumjeans"
string(26) "Cantidad de follows = 8438"
<br><br><br>string(8) "bruna.fb"
string(27) "Cantidad de follows = 21165"
<br><br><br>string(14) "na_cara_do_gol"
string(26) "Cantidad de follows = 3024"
<br><br><br>string(13) "jessicacytrus"
string(27) "Cantidad de follows = 29859"
<br><br><br>string(11) "cyrofuziama"
string(27) "Cantidad de follows = 25216"
<br><br><br>string(11) "thaycomfome"
string(27) "Cantidad de follows = 26418"
<br><br><br>string(10) "dankana_dk"
string(26) "Cantidad de follows = 8843"
<br><br><br>string(13) "vivimaquiagem"
string(26) "Cantidad de follows = 2447"
<br><br><br>string(14) "fshirtsdesigns"
string(25) "Cantidad de follows = 367"
<br><br><br>string(15) "closetdasduasto"
string(27) "Cantidad de follows = 14243"
<br><br><br>object(stdClass)#107 (2) {
  ["id"]=>
  string(5) "28069"
  ["login"]=>
  string(14) "rosaduartelash"
}
string(11) "gardelmaroz"
string(26) "Cantidad de follows = 6204"
<br><br><br>object(stdClass)#107 (2) {
  ["id"]=>
  string(5) "28080"
  ["login"]=>
  string(16) "msanchescaroline"
}
object(stdClass)#70 (2) {
  ["id"]=>
  string(5) "28092"
  ["login"]=>
  string(9) "pri_avlis"
}
string(13) "ferefacrochet"
string(26) "Cantidad de follows = 9020"
<br><br><br>object(stdClass)#70 (2) {
  ["id"]=>
  string(5) "28099"
  ["login"]=>
  string(13) "menezesandree"
}
string(7) "nr_mini"
string(27) "Cantidad de follows = 11066"
<br><br><br>string(6) "dz9bnb"
string(26) "Cantidad de follows = 3330"
<br><br><br>object(stdClass)#217 (2) {
  ["id"]=>
  string(5) "28145"
  ["login"]=>
  string(20) "nossoapartamento_103"
}
string(18) "cheirinhodamariana"
string(26) "Cantidad de follows = 7630"
<br><br><br>object(stdClass)#217 (2) {
  ["id"]=>
  string(5) "28213"
  ["login"]=>
  string(15) "malucassimiro.r"
}
string(16) "alvomarketingagc"
string(26) "Cantidad de follows = 9446"
<br><br><br>string(17) "ilmiocasamentoios"
string(26) "Cantidad de follows = 1013"
<br><br><br>string(16) "dranayanepacheco"
string(28) "Cantidad de follows = 139014"
<br><br><br>string(24) "silvanonunes.hairstylist"
string(27) "Cantidad de follows = 21383"
<br><br><br>object(stdClass)#199 (2) {
  ["id"]=>
  string(5) "28276"
  ["login"]=>
  string(13) "tatyanealvess"
}
string(21) "closetdemulheroficial"
string(26) "Cantidad de follows = 3920"
<br><br><br>string(17) "drdanilopelegrino"
string(26) "Cantidad de follows = 5860"
<br><br><br>string(20) "mariaclaraguimaraes1"
string(27) "Cantidad de follows = 34709"
<br><br><br>string(15) "vitoria.mamedio"
string(26) "Cantidad de follows = 7551"
<br><br><br>string(12) "meirellesipc"
string(26) "Cantidad de follows = 1508"
<br><br><br>string(12) "luporluciana"
string(26) "Cantidad de follows = 8476"
<br><br><br>string(11) "andersonvoo"
string(26) "Cantidad de follows = 1049"
<br><br><br>string(14) "niqueferreiira"
string(27) "Cantidad de follows = 12327"
<br><br><br>string(15) "carlota_barnabe"
string(27) "Cantidad de follows = 12745"
<br><br><br>string(17) "drdanilopelegrino"
string(26) "Cantidad de follows = 5860"
<br><br><br>string(9) "lipinhuss"
string(26) "Cantidad de follows = 1777"
<br><br><br>string(13) "mayaramarkes_"
string(26) "Cantidad de follows = 8591"
<br><br><br>string(10) "ky2oficial"
string(26) "Cantidad de follows = 2421"
<br><br><br>string(11) "mendy_vivii"
string(26) "Cantidad de follows = 3852"
<br><br><br>object(stdClass)#81 (2) {
  ["id"]=>
  string(5) "28497"
  ["login"]=>
  string(21) "_medicinaintegrativa_"
}
string(25) "specialitycoffeegastropub"
string(25) "Cantidad de follows = 555"
<br><br><br>string(11) "carolsousas"
string(26) "Cantidad de follows = 3549"
<br><br><br>object(stdClass)#48 (2) {
  ["id"]=>
  string(5) "28517"
  ["login"]=>
  string(19) "martins_consultoria"
}
string(4) "fila"
string(25) "Cantidad de follows = 832"
<br><br><br>string(6) "reebok"
string(29) "Cantidad de follows = 2127773"
<br><br><br>string(8) "bindanvm"
string(26) "Cantidad de follows = 1485"
<br><br><br>string(18) "wesleyoliveirareal"
string(26) "Cantidad de follows = 2824"
<br><br><br>string(9) "indikqui_"
string(26) "Cantidad de follows = 1329"
<br><br><br>string(10) "luahungria"
string(26) "Cantidad de follows = 4529"
<br><br><br>string(14) "paesda_familia"
string(26) "Cantidad de follows = 3464"
<br><br><br>object(stdClass)#52 (2) {
  ["id"]=>
  string(5) "28557"
  ["login"]=>
  string(10) "kaahcintra"
}
string(17) "reabilitar.studio"
string(26) "Cantidad de follows = 5629"
<br><br><br>string(9) "amaraljej"
string(25) "Cantidad de follows = 612"
<br><br><br>string(14) "websterramalho"
string(25) "Cantidad de follows = 735"
<br><br><br>string(24) "vida_sol_e_mar_ecoresort"
string(26) "Cantidad de follows = 7094"
<br><br><br>string(10) "aco_brasil"
string(26) "Cantidad de follows = 3300"
<br><br><br>string(13) "desafioadois2"
string(26) "Cantidad de follows = 6948"
<br><br><br>string(10) "joaozaneti"
string(27) "Cantidad de follows = 13328"
<br><br><br>string(12) "karbofitness"
string(27) "Cantidad de follows = 10864"
<br><br><br>string(12) "nayaranouber"
string(27) "Cantidad de follows = 17975"
<br><br><br>object(stdClass)#94 (2) {
  ["id"]=>
  string(5) "28654"
  ["login"]=>
  string(11) "ellenrauber"
}
object(stdClass)#202 (2) {
  ["id"]=>
  string(5) "28657"
  ["login"]=>
  string(14) "reserveviagens"
}
string(17) "ingrid_ferreira25"
string(25) "Cantidad de follows = 180"
<br><br><br>string(20) "neovita_fisioterapia"
string(26) "Cantidad de follows = 4946"
<br><br><br>string(17) "dunashookahlounge"
string(26) "Cantidad de follows = 9078"
<br><br><br>string(15) "emporio.forever"
string(25) "Cantidad de follows = 275"
<br><br><br>string(16) "mariakarencosta_"
string(26) "Cantidad de follows = 5926"
<br><br><br>string(13) "pretta_araujo"
string(27) "Cantidad de follows = 11942"
<br><br><br>string(18) "theo_kate_ragdolls"
string(26) "Cantidad de follows = 4704"
<br><br><br>string(9) "xaanndii_"
string(26) "Cantidad de follows = 1236"
<br><br><br>string(15) "pausetakeabreak"
string(26) "Cantidad de follows = 3873"
<br><br><br>string(10) "raquellsan"
string(27) "Cantidad de follows = 26283"
<br><br><br>string(11) "quatro_maos"
string(26) "Cantidad de follows = 4214"
<br><br><br>string(20) "apaudiovisualoficial"
string(25) "Cantidad de follows = 570"
<br><br><br>string(15) "gameoverworldmx"
string(24) "Cantidad de follows = 34"
<br><br><br>string(10) "macielcaio"
string(26) "Cantidad de follows = 3052"
<br><br><br>string(10) "pp_eventos"
string(26) "Cantidad de follows = 3633"
<br><br><br>string(15) "renatacanizares"
string(27) "Cantidad de follows = 13447"
<br><br><br>string(12) "dermatofarma"
string(26) "Cantidad de follows = 8866"
<br><br><br>string(14) "cinarafestasbh"
string(27) "Cantidad de follows = 34725"
<br><br><br>string(10) "mreissilva"
string(27) "Cantidad de follows = 23405"
<br><br><br>string(17) "minutoscomdelavec"
string(27) "Cantidad de follows = 13954"
<br><br><br>string(9) "lilispada"
string(28) "Cantidad de follows = 720072"
<br><br><br>string(13) "edersilveiram"
string(26) "Cantidad de follows = 4511"
<br><br><br>string(15) "rosanatiburtino"
string(26) "Cantidad de follows = 1032"
<br><br><br>string(18) "stopscapautomotivo"
string(26) "Cantidad de follows = 5978"
<br><br><br>object(stdClass)#168 (2) {
  ["id"]=>
  string(5) "28849"
  ["login"]=>
  string(8) "plasjowl"
}
string(12) "itzackcamila"
string(26) "Cantidad de follows = 1345"
<br><br><br>string(15) "eu_gabicarvalho"
string(26) "Cantidad de follows = 3073"
<br><br><br>string(19) "hypinosemodaoficial"
string(26) "Cantidad de follows = 9899"
<br><br><br>string(13) "everttonviana"
string(26) "Cantidad de follows = 9636"
<br><br><br>string(17) "shirleyalesantana"
string(27) "Cantidad de follows = 28056"
<br><br><br>string(14) "leticiastoledo"
string(26) "Cantidad de follows = 2574"
<br><br><br>string(14) "drpedroferrari"
string(27) "Cantidad de follows = 39217"
<br><br><br>string(11) "itamixbazar"
string(26) "Cantidad de follows = 4651"
<br><br><br>string(13) "trader_amador"
string(25) "Cantidad de follows = 167"
<br><br><br>string(16) "isabellasanchess"
string(26) "Cantidad de follows = 3016"
<br><br><br>object(stdClass)#112 (2) {
  ["id"]=>
  string(5) "28962"
  ["login"]=>
  string(15) "tiagomennezes11"
}
string(12) "bunkersounds"
string(26) "Cantidad de follows = 1673"
<br><br><br>string(14) "timmycelulares"
string(25) "Cantidad de follows = 216"
<br><br><br>object(stdClass)#140 (2) {
  ["id"]=>
  string(5) "28988"
  ["login"]=>
  string(15) "programavitrina"
}
object(stdClass)#104 (2) {
  ["id"]=>
  string(5) "28989"
  ["login"]=>
  string(18) "leocar.leonardoniq"
}
object(stdClass)#140 (2) {
  ["id"]=>
  string(5) "28990"
  ["login"]=>
  string(17) "acade_corpoeforma"
}
object(stdClass)#104 (2) {
  ["id"]=>
  string(5) "28993"
  ["login"]=>
  string(11) "atgaranhuns"
}
string(20) "annamaya_arquitetura"
string(26) "Cantidad de follows = 9174"
<br><br><br>string(8) "1kgdobom"
string(27) "Cantidad de follows = 14962"
<br><br><br>string(13) "livre.digital"
string(26) "Cantidad de follows = 3455"
<br><br><br>string(14) "rhuanpenaforte"
string(27) "Cantidad de follows = 10608"
<br><br><br>string(16) "restaurantebario"
string(26) "Cantidad de follows = 1357"
<br><br><br>string(21) "felippeturtransportes"
string(26) "Cantidad de follows = 3128"
<br><br><br>string(15) "solarlifeenergy"
string(25) "Cantidad de follows = 553"
<br><br><br>string(18) "vinteumcomunicacao"
string(25) "Cantidad de follows = 578"
<br><br><br>string(18) "auto_escolaatitude"
string(26) "Cantidad de follows = 2006"
<br><br><br>string(13) "carollremigio"
string(26) "Cantidad de follows = 1072"
<br><br><br>string(13) "pampodelivery"
string(26) "Cantidad de follows = 1274"
<br><br><br>string(20) "txcambioeturismo_rio"
string(26) "Cantidad de follows = 1295"
<br><br><br>string(13) "riveauxmerino"
string(26) "Cantidad de follows = 5426"
<br><br><br>string(15) "carneslaceleste"
string(26) "Cantidad de follows = 2323"
<br><br><br>string(11) "heroairsoft"
string(26) "Cantidad de follows = 3833"
<br><br><br>string(19) "brechoandreaventuro"
string(27) "Cantidad de follows = 36549"
<br><br><br>string(9) "samiilly_"
string(27) "Cantidad de follows = 18240"
<br><br><br>string(14) "luigi_bemporad"
string(24) "Cantidad de follows = 52"
<br><br><br>string(13) "luiz_skydiver"
string(26) "Cantidad de follows = 9850"
<br><br><br>string(15) "luanmachado.arq"
string(26) "Cantidad de follows = 1852"
<br><br><br>string(12) "kaikfariastv"
string(26) "Cantidad de follows = 2016"
<br><br><br>string(16) "colegioguarapuvu"
string(23) "Cantidad de follows = 1"
<br><br><br>string(9) "guarapuvu"
string(26) "Cantidad de follows = 3016"
<br><br><br>string(13) "purocafajeste"
string(27) "Cantidad de follows = 34281"
<br><br><br>string(11) "a_deziderio"
string(26) "Cantidad de follows = 2069"
<br><br><br>object(stdClass)#219 (2) {
  ["id"]=>
  string(5) "29171"
  ["login"]=>
  string(16) "ranchotalisma_mg"
}
object(stdClass)#84 (2) {
  ["id"]=>
  string(5) "29178"
  ["login"]=>
  string(16) "maryana_araujooc"
}
string(13) "vitormagnusss"
string(27) "Cantidad de follows = 42127"
<br><br><br>string(20) "franciscosilva_alves"
string(25) "Cantidad de follows = 270"
<br><br><br>string(17) "mrandersonalmeida"
string(26) "Cantidad de follows = 6318"
<br><br><br>string(10) "inovaluxrj"
string(25) "Cantidad de follows = 190"
<br><br><br>string(17) "mixturinhafashion"
string(26) "Cantidad de follows = 2258"
<br><br><br>string(22) "danelonprimeacessorios"
string(26) "Cantidad de follows = 4655"
<br><br><br>object(stdClass)#212 (2) {
  ["id"]=>
  string(5) "29219"
  ["login"]=>
  string(7) "ruivabr"
}
string(17) "luizjatobaoficial"
string(26) "Cantidad de follows = 9614"
<br><br><br>string(8) "thhai97_"
string(26) "Cantidad de follows = 1599"
<br><br><br>string(10) "tiago_kuhn"
string(26) "Cantidad de follows = 2286"
<br><br><br>object(stdClass)#156 (2) {
  ["id"]=>
  string(5) "29228"
  ["login"]=>
  string(13) "tiolavinicius"
}
string(15) "crisoliveiravmk"
string(26) "Cantidad de follows = 2114"
<br><br><br>string(15) "wesleymichelini"
string(26) "Cantidad de follows = 1819"
<br><br><br>string(18) "raphaelacapobiango"
string(26) "Cantidad de follows = 5545"
<br><br><br>string(11) "castrolucas"
string(26) "Cantidad de follows = 3612"
<br><br><br>string(16) "masseriniosteria"
string(26) "Cantidad de follows = 6159"
<br><br><br>string(10) "alvesgilli"
string(26) "Cantidad de follows = 2006"
<br><br><br>string(10) "felippetur"
string(27) "Cantidad de follows = 19176"
<br><br><br>string(25) "rodrigo.embraconconsorcio"
string(26) "Cantidad de follows = 6254"
<br><br><br>string(14) "naotolendoisso"
string(26) "Cantidad de follows = 3237"
<br><br><br>string(18) "tropical.insurance"
string(25) "Cantidad de follows = 681"
<br><br><br>string(12) "elestore.rio"
string(26) "Cantidad de follows = 1591"
<br><br><br>string(14) "joannaa_aguiar"
string(25) "Cantidad de follows = 572"
<br><br><br>string(12) "ale.mmartins"
string(26) "Cantidad de follows = 1271"
<br><br><br>string(14) "ricvrdomoraes_"
string(26) "Cantidad de follows = 3736"
<br><br><br>string(16) "psgacademyrecife"
string(26) "Cantidad de follows = 4299"
<br><br><br>string(11) "diasluciano"
string(27) "Cantidad de follows = 16244"
<br><br><br>string(15) "othmanejennaoui"
string(27) "Cantidad de follows = 11055"
<br><br><br>string(14) "andresza_ramos"
string(26) "Cantidad de follows = 2001"
<br><br><br>string(23) "estetica.michelecamargo"
string(26) "Cantidad de follows = 3197"
<br><br><br>string(19) "fernandalima.decora"
string(26) "Cantidad de follows = 2152"
<br><br><br>string(13) "ghanabranding"
string(26) "Cantidad de follows = 6745"
<br><br><br>string(16) "binhorodriguess_"
string(26) "Cantidad de follows = 3548"
<br><br><br>string(14) "theblondedetox"
string(26) "Cantidad de follows = 3770"
<br><br><br>string(19) "oficialwinnieamaral"
string(27) "Cantidad de follows = 22952"
<br><br><br>string(19) "pezinhofirmenarocha"
string(28) "Cantidad de follows = 116341"
<br><br><br>string(11) "meempreenda"
string(26) "Cantidad de follows = 3637"
<br><br><br>string(14) "joseluizpontes"
string(25) "Cantidad de follows = 983"
<br><br><br>object(stdClass)#68 (2) {
  ["id"]=>
  string(5) "29486"
  ["login"]=>
  string(15) "eduarda.neves13"
}
string(13) "karinelisuzan"
string(26) "Cantidad de follows = 5168"
<br><br><br>object(stdClass)#68 (2) {
  ["id"]=>
  string(5) "29498"
  ["login"]=>
  string(20) "orlamodapraiaoficial"
}
string(17) "advocacia_messias"
string(26) "Cantidad de follows = 3317"
<br><br><br>string(18) "allbotequipamentos"
string(26) "Cantidad de follows = 2921"
<br><br><br>string(20) "emersonlopeshoficial"
string(27) "Cantidad de follows = 12659"
<br><br><br>string(11) "raissataini"
string(27) "Cantidad de follows = 26330"
<br><br><br>object(stdClass)#10 (2) {
  ["id"]=>
  string(5) "29527"
  ["login"]=>
  string(13) "menezesandree"
}
string(10) "vivianeneu"
string(27) "Cantidad de follows = 28142"
<br><br><br>string(8) "dhougie_"
string(27) "Cantidad de follows = 18765"
<br><br><br>string(24) "andressamakeup_penteados"
string(26) "Cantidad de follows = 3066"
<br><br><br>string(13) "iracemaallves"
string(26) "Cantidad de follows = 7426"
<br><br><br>string(11) "renannunes2"
string(26) "Cantidad de follows = 5069"
<br><br><br>string(14) "natha.estetica"
string(26) "Cantidad de follows = 1868"
<br><br><br>string(19) "j.a.estudiodebeleza"
string(25) "Cantidad de follows = 154"
<br><br><br>string(12) "grafianafoto"
string(26) "Cantidad de follows = 8983"
<br><br><br>string(19) "thespacetimeripples"
string(26) "Cantidad de follows = 3311"
<br><br><br>string(14) "rubia_martinss"
string(28) "Cantidad de follows = 105888"
<br><br><br>string(23) "joseguilherme.consultor"
string(26) "Cantidad de follows = 1217"
<br><br><br>string(14) "emporiodifiori"
string(26) "Cantidad de follows = 2235"
<br><br><br>string(21) "viajandonaarquitetura"
string(26) "Cantidad de follows = 4924"
<br><br><br>string(14) "elitecenterfoz"
string(26) "Cantidad de follows = 2388"
<br><br><br>string(10) "yancasilva"
string(26) "Cantidad de follows = 2354"
<br><br><br>string(16) "roberta.amfranca"
string(26) "Cantidad de follows = 3374"
<br><br><br>string(15) "doceriaanaester"
string(26) "Cantidad de follows = 3881"
<br><br><br>string(10) "kathguedes"
string(27) "Cantidad de follows = 42793"
<br><br><br>string(13) "tubaraocenter"
string(26) "Cantidad de follows = 6347"
<br><br><br>object(stdClass)#82 (2) {
  ["id"]=>
  string(5) "29702"
  ["login"]=>
  string(6) "zayrnm"
}
string(9) "chefeeddy"
string(27) "Cantidad de follows = 12337"
<br><br><br>string(10) "acasadecat"
string(27) "Cantidad de follows = 10742"
<br><br><br>string(20) "oficialforroperfeito"
string(27) "Cantidad de follows = 46573"
<br><br><br>string(14) "orabolasbrecho"
string(26) "Cantidad de follows = 3000"
<br><br><br>string(11) "thekingboy_"
string(27) "Cantidad de follows = 17790"
<br><br><br>string(15) "vanessa.wysocki"
string(26) "Cantidad de follows = 3618"
<br><br><br>string(11) "rique.silva"
string(26) "Cantidad de follows = 5029"
<br><br><br>string(22) "gabriellacarvalhostore"
string(27) "Cantidad de follows = 33566"
<br><br><br>string(14) "lojanowfitness"
string(26) "Cantidad de follows = 3976"
<br><br><br>string(8) "mapoiani"
string(26) "Cantidad de follows = 6071"
<br><br><br>string(14) "salaostudiosbc"
string(26) "Cantidad de follows = 1792"
<br><br><br>string(19) "studying_the_secret"
string(26) "Cantidad de follows = 2599"
<br><br><br>string(23) "studiohairinternacional"
string(26) "Cantidad de follows = 5351"
<br><br><br>string(9) "ahdireito"
string(26) "Cantidad de follows = 5381"
<br><br><br>string(7) "kabonkk"
string(26) "Cantidad de follows = 4062"
<br><br><br>string(10) "companyate"
string(25) "Cantidad de follows = 106"
<br><br><br>string(15) "visual.software"
string(26) "Cantidad de follows = 1535"
<br><br><br>string(12) "djdavisantos"
string(26) "Cantidad de follows = 8431"
<br><br><br>string(14) "rafaellmoraess"
string(25) "Cantidad de follows = 823"
<br><br><br>string(22) "syflariluminacaoimport"
string(26) "Cantidad de follows = 1704"
<br><br><br>string(12) "grupo.efraim"
string(26) "Cantidad de follows = 1301"
<br><br><br>string(17) "efraimhoteleflats"
string(25) "Cantidad de follows = 778"
<br><br><br>string(30) "rpcontrollerinsetodedetizadora"
string(25) "Cantidad de follows = 166"
<br><br><br>string(12) "raunierporto"
string(26) "Cantidad de follows = 3102"
<br><br><br>string(11) "marciabotam"
string(26) "Cantidad de follows = 3801"
<br><br><br>object(stdClass)#84 (2) {
  ["id"]=>
  string(5) "29901"
  ["login"]=>
  string(8) "1jonhbjj"
}
object(stdClass)#16 (2) {
  ["id"]=>
  string(5) "29918"
  ["login"]=>
  string(9) "odeiopera"
}
object(stdClass)#84 (2) {
  ["id"]=>
  string(5) "29932"
  ["login"]=>
  string(11) "eufeearruda"
}
string(11) "tclaranunes"
string(26) "Cantidad de follows = 1765"
<br><br><br>string(19) "alaskaclothingstore"
string(26) "Cantidad de follows = 2279"
<br><br><br>string(14) "gkt_kickboxing"
string(26) "Cantidad de follows = 1608"
<br><br><br>string(19) "character.design.gk"
string(26) "Cantidad de follows = 1195"
<br><br><br>object(stdClass)#190 (2) {
  ["id"]=>
  string(5) "29964"
  ["login"]=>
  string(12) "blogdoarinos"
}
object(stdClass)#161 (2) {
  ["id"]=>
  string(5) "29965"
  ["login"]=>
  string(12) "bela.morenaa"
}
string(24) "leandroquelucifotografia"
string(26) "Cantidad de follows = 3061"
<br><br><br>string(19) "generalstorefitness"
string(26) "Cantidad de follows = 3672"
<br><br><br>string(15) "acervomodasda44"
string(26) "Cantidad de follows = 5702"
<br><br><br>string(12) "mama_costhay"
string(26) "Cantidad de follows = 4946"
<br><br><br>string(17) "ginetom_rodrigues"
string(26) "Cantidad de follows = 7775"
<br><br><br>string(13) "brunnooctavio"
string(25) "Cantidad de follows = 979"
<br><br><br>object(stdClass)#45 (2) {
  ["id"]=>
  string(5) "29996"
  ["login"]=>
  string(12) "doug0liveira"
}
string(10) "gutt_carol"
string(27) "Cantidad de follows = 12154"
<br><br><br>string(9) "hulkdutra"
string(27) "Cantidad de follows = 13388"
<br><br><br>string(16) "camilaguerreiroo"
string(26) "Cantidad de follows = 2379"
<br><br><br>string(15) "sandymakecabelo"
string(26) "Cantidad de follows = 6684"
<br><br><br>string(15) "copaciadvogados"
string(25) "Cantidad de follows = 681"
<br><br><br>string(18) "diegocamargotattoo"
string(26) "Cantidad de follows = 3274"
<br><br><br>string(17) "entretenimento.pe"
string(26) "Cantidad de follows = 3446"
<br><br><br>string(17) "alicemelomakehair"
string(26) "Cantidad de follows = 6776"
<br><br><br>object(stdClass)#76 (2) {
  ["id"]=>
  string(5) "30051"
  ["login"]=>
  string(11) "tuguinha.tv"
}
string(13) "rentar.com.do"
string(27) "Cantidad de follows = 11631"
<br><br><br>string(15) "eriosvaldodiniz"
string(26) "Cantidad de follows = 1622"
<br><br><br>string(11) "gustavo_ono"
string(26) "Cantidad de follows = 5400"
<br><br><br>string(15) "canilredbroncos"
string(26) "Cantidad de follows = 1891"
<br><br><br>string(9) "_brokerst"
string(25) "Cantidad de follows = 302"
<br><br><br>string(14) "lifeprojectone"
string(26) "Cantidad de follows = 1853"
<br><br><br>string(16) "disfranco.motors"
string(26) "Cantidad de follows = 2938"
<br><br><br>string(6) "bomf17"
string(25) "Cantidad de follows = 823"
<br><br><br>string(12) "aliicemello_"
string(26) "Cantidad de follows = 2268"
<br><br><br>string(11) "_bellaforma"
string(27) "Cantidad de follows = 71080"
<br><br><br>string(10) "bruruschel"
string(27) "Cantidad de follows = 11948"
<br><br><br>string(9) "murilooc7"
string(26) "Cantidad de follows = 4297"
<br><br><br>string(9) "a7madov95"
string(25) "Cantidad de follows = 247"
<br><br><br>string(7) "a_mayla"
string(25) "Cantidad de follows = 749"
<br><br><br>string(13) "lidiafeitosa4"
string(26) "Cantidad de follows = 2802"
<br><br><br>string(10) "smokeseila"
string(25) "Cantidad de follows = 639"
<br><br><br>string(10) "rikdelucca"
string(26) "Cantidad de follows = 3636"
<br><br><br>string(19) "corretoracavalcante"
string(25) "Cantidad de follows = 829"
<br><br><br>object(stdClass)#123 (2) {
  ["id"]=>
  string(5) "30218"
  ["login"]=>
  string(14) "thaisaschayder"
}
string(13) "hueskerbrasil"
string(26) "Cantidad de follows = 3746"
<br><br><br>string(22) "rodrigoranchodascabras"
string(25) "Cantidad de follows = 951"
<br><br><br>object(stdClass)#54 (2) {
  ["id"]=>
  string(5) "30232"
  ["login"]=>
  string(15) "arisson_jessica"
}
string(16) "camilla.franklin"
string(26) "Cantidad de follows = 6320"
<br><br><br>string(11) "maira.fuzii"
string(26) "Cantidad de follows = 2087"
<br><br><br>object(stdClass)#70 (2) {
  ["id"]=>
  string(5) "30257"
  ["login"]=>
  string(13) "nathaly_llima"
}
string(21) "laraharantes.piercing"
string(26) "Cantidad de follows = 3265"
<br><br><br>string(11) "maitemellim"
string(26) "Cantidad de follows = 1985"
<br><br><br>string(10) "criptobraz"
string(25) "Cantidad de follows = 707"
<br><br><br>string(14) "meuprojeto.fit"
string(26) "Cantidad de follows = 2078"
<br><br><br>object(stdClass)#86 (2) {
  ["id"]=>
  string(5) "30286"
  ["login"]=>
  string(15) "cmo_odontologia"
}
object(stdClass)#154 (2) {
  ["id"]=>
  string(5) "30293"
  ["login"]=>
  string(14) "ketellenfelix1"
}
string(14) "biel_do_cavaco"
string(27) "Cantidad de follows = 20168"
<br><br><br>string(9) "netto_ull"
string(25) "Cantidad de follows = 618"
<br><br><br>string(11) "nandokounat"
string(27) "Cantidad de follows = 19582"
<br><br><br>object(stdClass)#93 (2) {
  ["id"]=>
  string(5) "30317"
  ["login"]=>
  string(14) "easyartgrafica"
}
string(15) "studio_beauty15"
string(26) "Cantidad de follows = 1041"
<br><br><br>string(18) "julio_sosa_imoveis"
string(25) "Cantidad de follows = 801"
<br><br><br>string(10) "canelihome"
string(26) "Cantidad de follows = 3692"
<br><br><br>string(9) "josergm86"
string(26) "Cantidad de follows = 7213"
<br><br><br>string(11) "katiaalbany"
string(26) "Cantidad de follows = 4812"
<br><br><br>string(11) "leandramora"
string(26) "Cantidad de follows = 1782"
<br><br><br>object(stdClass)#172 (2) {
  ["id"]=>
  string(5) "30380"
  ["login"]=>
  string(7) "_lrnnym"
}
string(17) "festivalnovomundo"
string(26) "Cantidad de follows = 4367"
<br><br><br>string(10) "odavilemos"
string(27) "Cantidad de follows = 13268"
<br><br><br>string(20) "clebsonfrancaoficial"
string(26) "Cantidad de follows = 2142"
<br><br><br>string(15) "mamaesemmanuais"
string(27) "Cantidad de follows = 11524"
<br><br><br>string(13) "victorcastelo"
string(26) "Cantidad de follows = 1186"
<br><br><br>string(17) "fabricio.physique"
string(27) "Cantidad de follows = 10958"
<br><br><br>string(15) "rafaelfsantanaa"
string(25) "Cantidad de follows = 750"
<br><br><br>object(stdClass)#180 (2) {
  ["id"]=>
  string(5) "30436"
  ["login"]=>
  string(15) "kawlicheski1993"
}
string(10) "facamerirr"
string(26) "Cantidad de follows = 3455"
<br><br><br>string(10) "linoamanda"
string(27) "Cantidad de follows = 10052"
<br><br><br>string(10) "_lorecosta"
string(26) "Cantidad de follows = 2054"
<br><br><br>string(21) "clara.goldenretriever"
string(26) "Cantidad de follows = 3862"
<br><br><br>string(14) "andre.grupoark"
string(26) "Cantidad de follows = 4202"
<br><br><br>string(13) "espacoubaense"
string(26) "Cantidad de follows = 1859"
<br><br><br>string(14) "photoboxbrasil"
string(26) "Cantidad de follows = 2823"
<br><br><br>string(13) "luiara_helmer"
string(26) "Cantidad de follows = 5140"
<br><br><br>string(7) "dul_fcy"
string(26) "Cantidad de follows = 2866"
<br><br><br>string(26) "emporiodapapinhasantoandre"
string(26) "Cantidad de follows = 4999"
<br><br><br>string(15) "rayanemarchetta"
string(26) "Cantidad de follows = 1690"
<br><br><br>string(13) "karol_nunes00"
string(26) "Cantidad de follows = 3617"
<br><br><br>string(15) "reidosmarestour"
string(26) "Cantidad de follows = 3624"
<br><br><br>string(10) "apedesign_"
string(26) "Cantidad de follows = 2601"
<br><br><br>string(9) "danilelah"
string(26) "Cantidad de follows = 5058"
<br><br><br>string(8) "kevinm5m"
string(26) "Cantidad de follows = 7564"
<br><br><br>string(12) "noahestetica"
string(26) "Cantidad de follows = 8832"
<br><br><br>string(9) "casadovaz"
string(26) "Cantidad de follows = 7006"
<br><br><br>string(8) "arena7bh"
string(26) "Cantidad de follows = 4419"
<br><br><br>object(stdClass)#57 (2) {
  ["id"]=>
  string(5) "30581"
  ["login"]=>
  string(13) "mathoficialbr"
}
string(17) "jonatas.batistela"
string(27) "Cantidad de follows = 14913"
<br><br><br>string(10) "queirozloo"
string(26) "Cantidad de follows = 3659"
<br><br><br>object(stdClass)#172 (2) {
  ["id"]=>
  string(5) "30593"
  ["login"]=>
  string(12) "rogersiiilva"
}
string(11) "marci0viana"
string(26) "Cantidad de follows = 1308"
<br><br><br>string(16) "chefsheiladuarte"
string(26) "Cantidad de follows = 1037"
<br><br><br>string(8) "itsredtv"
string(27) "Cantidad de follows = 44318"
<br><br><br>object(stdClass)#56 (2) {
  ["id"]=>
  string(5) "30622"
  ["login"]=>
  string(8) "lorisfaz"
}
object(stdClass)#179 (2) {
  ["id"]=>
  string(5) "30623"
  ["login"]=>
  string(20) "emagrecer_ja_oficial"
}
string(19) "tamyparadorneptunia"
string(26) "Cantidad de follows = 5746"
<br><br><br>string(9) "gabicoach"
string(26) "Cantidad de follows = 3500"
<br><br><br>string(14) "amanda3santana"
string(26) "Cantidad de follows = 6365"
<br><br><br>string(8) "crecleao"
string(26) "Cantidad de follows = 3243"
<br><br><br>string(10) "elluhalves"
string(26) "Cantidad de follows = 5403"
<br><br><br>string(18) "mixsushicafebistek"
string(26) "Cantidad de follows = 5886"
<br><br><br>string(16) "f1ciaimobiliaria"
string(26) "Cantidad de follows = 3284"
<br><br><br>string(15) "vitor_honorato3"
string(26) "Cantidad de follows = 1127"
<br><br><br>string(13) "veneno_daseda"
string(26) "Cantidad de follows = 2071"
<br><br><br>string(10) "mc2turismo"
string(27) "Cantidad de follows = 17906"
<br><br><br>string(19) "erickakamineoficial"
string(26) "Cantidad de follows = 6626"
<br><br><br>string(11) "fredmunizrj"
string(26) "Cantidad de follows = 1471"
<br><br><br>object(stdClass)#151 (2) {
  ["id"]=>
  string(5) "30718"
  ["login"]=>
  string(16) "luis.fernando.br"
}
string(17) "drasheilawatanabe"
string(26) "Cantidad de follows = 1749"
<br><br><br>string(12) "laysasmacedo"
string(26) "Cantidad de follows = 2896"
<br><br><br>string(17) "creativapapelaria"
string(25) "Cantidad de follows = 327"
<br><br><br>string(11) "aondeiremsp"
string(27) "Cantidad de follows = 25149"
<br><br><br>object(stdClass)#10 (2) {
  ["id"]=>
  string(5) "30815"
  ["login"]=>
  string(6) "79_app"
}
string(8) "tompsonr"
string(25) "Cantidad de follows = 349"
<br><br><br>string(15) "dioceliogoulart"
string(27) "Cantidad de follows = 18987"
<br><br><br>string(15) "victorperazzini"
string(26) "Cantidad de follows = 2412"
<br><br><br>string(12) "alberto_test"
string(25) "Cantidad de follows = 291"
<br><br><br>string(13) "fassegseguros"
string(26) "Cantidad de follows = 7232"
<br><br><br>string(18) "giovanni.consultor"
string(25) "Cantidad de follows = 814"
<br><br><br>string(17) "coach.jorgeamorim"
string(25) "Cantidad de follows = 993"
<br><br><br>string(16) "blessedmaemequer"
string(27) "Cantidad de follows = 15675"
<br><br><br>string(15) "baile_de_camelo"
string(25) "Cantidad de follows = 751"
<br><br><br>string(13) "dentistabruna"
string(25) "Cantidad de follows = 185"
<br><br><br>string(11) "chicomorais"
string(26) "Cantidad de follows = 4656"
<br><br><br>string(13) "adrianemayumi"
string(27) "Cantidad de follows = 13390"
<br><br><br>string(14) "dresscode.byrm"
string(25) "Cantidad de follows = 232"
<br><br><br>object(stdClass)#118 (2) {
  ["id"]=>
  string(5) "30911"
  ["login"]=>
  string(15) "alynemultiforme"
}
string(15) "ehpralaqueeuvou"
string(26) "Cantidad de follows = 1257"
<br><br><br>string(19) "douglasvaldeswalker"
string(26) "Cantidad de follows = 1712"
<br><br><br>string(11) "brimigreipt"
string(25) "Cantidad de follows = 305"
<br><br><br>string(8) "dazz.777"
string(26) "Cantidad de follows = 1014"
<br><br><br>string(14) "rafaella_neves"
string(26) "Cantidad de follows = 3740"
<br><br><br>string(8) "soueuwal"
string(26) "Cantidad de follows = 1646"
<br><br><br>string(22) "lacosdasmeninasoficial"
string(26) "Cantidad de follows = 2234"
<br><br><br>string(13) "talitamcostta"
string(25) "Cantidad de follows = 560"
<br><br><br>string(17) "fernandinhobranco"
string(24) "Cantidad de follows = 60"
<br><br><br>string(8) "pionunes"
string(27) "Cantidad de follows = 14384"
<br><br><br>string(18) "confeitariadagabi_"
string(24) "Cantidad de follows = 65"
<br><br><br>string(14) "brunoalvarez.1"
string(25) "Cantidad de follows = 504"
<br><br><br>string(10) "1989closet"
string(26) "Cantidad de follows = 5878"
<br><br><br>string(12) "jumota_decor"
string(26) "Cantidad de follows = 1401"
<br><br><br>string(16) "marmitinhaslight"
string(26) "Cantidad de follows = 2648"
<br><br><br>string(24) "leoart_desing_paisagismo"
string(26) "Cantidad de follows = 6716"
<br><br><br>string(14) "carolfroemming"
string(26) "Cantidad de follows = 6893"
<br><br><br>string(24) "priscilaaparecidasantoss"
string(25) "Cantidad de follows = 602"
<br><br><br>string(9) "chio18789"
string(26) "Cantidad de follows = 4089"
<br><br><br>string(13) "kasamor_store"
string(26) "Cantidad de follows = 2290"
<br><br><br>string(13) "thamysilva201"
string(26) "Cantidad de follows = 3843"
<br><br><br>string(10) "alexrssp12"
string(25) "Cantidad de follows = 316"
<br><br><br>string(14) "silvio.cesarjr"
string(24) "Cantidad de follows = 61"
<br><br><br>string(12) "levis_tudouu"
string(27) "Cantidad de follows = 15687"
<br><br><br>string(8) "euogomez"
string(26) "Cantidad de follows = 2467"
<br><br><br>string(14) "amorefeoficial"
string(26) "Cantidad de follows = 4485"
<br><br><br>string(15) "studioambientes"
string(27) "Cantidad de follows = 14368"
<br><br><br>string(12) "gomilkbrasil"
string(26) "Cantidad de follows = 1022"
<br><br><br>string(13) "gomed.digital"
string(26) "Cantidad de follows = 2261"
<br><br><br>object(stdClass)#203 (2) {
  ["id"]=>
  string(5) "31133"
  ["login"]=>
  string(6) "lv_luh"
}
string(8) "curyamin"
string(25) "Cantidad de follows = 803"
<br><br><br>string(11) "stancefight"
string(27) "Cantidad de follows = 33711"
<br><br><br>string(19) "medconsultingbrasil"
string(27) "Cantidad de follows = 11901"
<br><br><br>string(3) "usa"
string(26) "Cantidad de follows = 4653"
<br><br><br>string(8) "voa_hati"
string(26) "Cantidad de follows = 2975"
<br><br><br>string(18) "robsonbarbosacoach"
string(26) "Cantidad de follows = 6153"
<br><br><br>string(10) "yasmincgr_"
string(26) "Cantidad de follows = 1035"
<br><br><br>string(14) "kharlos_soares"
string(25) "Cantidad de follows = 206"
<br><br><br>string(19) "chrystopher.gabriel"
string(25) "Cantidad de follows = 322"
<br><br><br>string(7) "nega.93"
string(26) "Cantidad de follows = 9460"
<br><br><br>string(13) "cahrlossoares"
string(24) "Cantidad de follows = 61"
<br><br><br>string(8) "emillymv"
string(26) "Cantidad de follows = 3930"
<br><br><br>string(11) "_j.o.a.o___"
string(25) "Cantidad de follows = 183"
<br><br><br>string(14) "antonioportes_"
string(25) "Cantidad de follows = 221"
<br><br><br>string(14) "samo_oliveiraa"
string(25) "Cantidad de follows = 615"
<br><br><br>string(12) "aleehzinho_t"
string(25) "Cantidad de follows = 170"
<br><br><br>string(15) "jonasfahelysson"
string(26) "Cantidad de follows = 6882"
<br><br><br>string(13) "mari_azeredo_"
string(25) "Cantidad de follows = 770"
<br><br><br>string(18) "clinicaformighieri"
string(26) "Cantidad de follows = 2022"
<br><br><br>string(10) "guiturner_"
string(26) "Cantidad de follows = 8921"
<br><br><br>string(14) "carloskpulling"
string(28) "Cantidad de follows = 112476"
<br><br><br>string(10) "oppaviajei"
string(25) "Cantidad de follows = 696"
<br><br><br>string(19) "madtattoobarbershop"
string(25) "Cantidad de follows = 680"
<br><br><br>string(15) "jujucoelhopinto"
string(27) "Cantidad de follows = 28274"
<br><br><br>string(13) "gersonaraujo_"
string(26) "Cantidad de follows = 2262"
<br><br><br>object(stdClass)#112 (2) {
  ["id"]=>
  string(5) "31318"
  ["login"]=>
  string(11) "josiasnetoo"
}
string(19) "blogsairdozeroagora"
string(26) "Cantidad de follows = 1268"
<br><br><br>object(stdClass)#112 (2) {
  ["id"]=>
  string(5) "31325"
  ["login"]=>
  string(18) "neonprodutorapromo"
}
object(stdClass)#149 (2) {
  ["id"]=>
  string(5) "31326"
  ["login"]=>
  string(6) "djrat_"
}
object(stdClass)#112 (2) {
  ["id"]=>
  string(5) "31337"
  ["login"]=>
  string(23) "anderson_diego_oliveira"
}
string(19) "anacarlarodrigues19"
string(26) "Cantidad de follows = 3056"
<br><br><br>object(stdClass)#112 (2) {
  ["id"]=>
  string(5) "31346"
  ["login"]=>
  string(15) "siimoneepereira"
}
string(13) "jubart_design"
string(25) "Cantidad de follows = 539"
<br><br><br>string(19) "bellkeyprofessional"
string(26) "Cantidad de follows = 1623"
<br><br><br>string(8) "ealine._"
string(26) "Cantidad de follows = 4585"
<br><br><br>string(8) "wheresje"
string(27) "Cantidad de follows = 72738"
<br><br><br>string(12) "ronyfgomesss"
string(26) "Cantidad de follows = 3131"
<br><br><br>string(16) "jhonatha_feitosa"
string(26) "Cantidad de follows = 1202"
<br><br><br>string(15) "blena.nathallya"
string(26) "Cantidad de follows = 1084"
<br><br><br>string(10) "edersonflx"
string(26) "Cantidad de follows = 6856"
<br><br><br>string(23) "tridorimpermebializacao"
string(25) "Cantidad de follows = 112"
<br><br><br>string(9) "jehdpires"
string(25) "Cantidad de follows = 815"
<br><br><br>string(18) "emagrecer_agora.br"
string(25) "Cantidad de follows = 651"
<br><br><br>string(9) "caio_luka"
string(25) "Cantidad de follows = 281"
<br><br><br>string(10) "brasil.anb"
string(25) "Cantidad de follows = 586"
<br><br><br>string(19) "jeanpiresfotografia"
string(26) "Cantidad de follows = 1031"
<br><br><br>object(stdClass)#213 (2) {
  ["id"]=>
  string(5) "31483"
  ["login"]=>
  string(12) "canutoandree"
}
string(15) "charles_gsilvaa"
string(26) "Cantidad de follows = 1842"
<br><br><br>string(15) "theluccassantos"
string(26) "Cantidad de follows = 1123"
<br><br><br>string(10) "biih_faith"
string(26) "Cantidad de follows = 1484"
<br><br><br>string(18) "leonardomonteiro00"
string(25) "Cantidad de follows = 895"
<br><br><br>string(17) "carlafagundesblog"
string(26) "Cantidad de follows = 6283"
<br><br><br>string(13) "aguedamaurien"
string(26) "Cantidad de follows = 2560"
<br><br><br>string(13) "pedrosagfteam"
string(26) "Cantidad de follows = 1883"
<br><br><br>string(9) "eusoudaro"
string(26) "Cantidad de follows = 1608"
<br><br><br>string(14) "caiquefregnani"
string(27) "Cantidad de follows = 10455"
<br><br><br>string(14) "heitorsoares.c"
string(26) "Cantidad de follows = 6981"
<br><br><br>string(21) "mulheres_que_se_amam_"
string(24) "Cantidad de follows = 66"
<br><br><br>string(17) "marco.suplementos"
string(27) "Cantidad de follows = 10024"
<br><br><br>string(8) "tetovivo"
string(26) "Cantidad de follows = 1857"
<br><br><br>string(14) "andrewanderley"
string(26) "Cantidad de follows = 3277"
<br><br><br>string(9) "vitormc83"
string(25) "Cantidad de follows = 167"
<br><br><br>string(8) "_lsilvva"
string(26) "Cantidad de follows = 6218"
<br><br><br>string(17) "clube_das_gostosa"
string(26) "Cantidad de follows = 1282"
<br><br><br>string(17) "esteticista_julia"
string(25) "Cantidad de follows = 615"
<br><br><br>string(10) "kauadellon"
string(25) "Cantidad de follows = 427"
<br><br><br>string(20) "divulgageraisoficial"
string(27) "Cantidad de follows = 20908"
<br><br><br>string(18) "dr.grimaldobicalho"
string(26) "Cantidad de follows = 1657"
<br><br><br>string(10) "rahfritzen"
string(26) "Cantidad de follows = 9100"
<br><br><br>object(stdClass)#187 (2) {
  ["id"]=>
  string(5) "31679"
  ["login"]=>
  string(13) "eiandrecanuto"
}
string(10) "mariodj.uy"
string(26) "Cantidad de follows = 1807"
<br><br><br>string(14) "stephanmarinho"
string(26) "Cantidad de follows = 7037"
<br><br><br>string(9) "misouza07"
string(25) "Cantidad de follows = 721"
<br><br><br>string(16) "glaubritooficial"
string(26) "Cantidad de follows = 1846"
<br><br><br>string(18) "anacarolinefavacho"
string(26) "Cantidad de follows = 1363"
<br><br><br>string(17) "natpharmafarmacia"
string(25) "Cantidad de follows = 658"
<br><br><br>string(13) "tablesdecorpy"
string(25) "Cantidad de follows = 503"
<br><br><br>string(18) "julianasilvaespaco"
string(26) "Cantidad de follows = 1225"
<br><br><br>string(22) "alice_carvalho_oficial"
string(25) "Cantidad de follows = 864"
<br><br><br>string(14) "juliaparanhos_"
string(27) "Cantidad de follows = 41424"
<br><br><br>string(18) "rannabeckeroficial"
string(27) "Cantidad de follows = 20272"
<br><br><br>string(13) "gomesterapias"
string(27) "Cantidad de follows = 49169"
<br><br><br>string(10) "filhoteeco"
string(27) "Cantidad de follows = 32788"
<br><br><br>string(15) "umbr_no_youtube"
string(26) "Cantidad de follows = 2503"
<br><br><br>string(12) "jeff_valerio"
string(25) "Cantidad de follows = 209"
<br><br><br>string(12) "calmbunnypet"
string(25) "Cantidad de follows = 649"
<br><br><br>string(9) "equipe.dx"
string(26) "Cantidad de follows = 2465"
<br><br><br>\n<br>JOB DONE!!!<br>\n2018-10-10 07:53:32am