DAILY REPORT Inited...!<br>
2018-10-12 06:30:01am<br>
string(14) "alberto_dreyes"
string(27) "Cantidad de follows = 14402"
<br><br><br>string(19) "opiniaoconservadora"
string(27) "Cantidad de follows = 56071"
<br><br><br>string(17) "sibitecomunicacao"
string(27) "Cantidad de follows = 10265"
<br><br><br>string(11) "mo.taniguti"
string(27) "Cantidad de follows = 20850"
<br><br><br>object(stdClass)#30 (2) {
  ["id"]=>
  string(3) "146"
  ["login"]=>
  string(12) "auepromocoes"
}
string(23) "jeunesse_bycrislafratta"
string(25) "Cantidad de follows = 184"
<br><br><br>string(12) "lily.s.alves"
string(26) "Cantidad de follows = 2089"
<br><br><br>string(10) "powerlook_"
string(27) "Cantidad de follows = 60680"
<br><br><br>object(stdClass)#12 (2) {
  ["id"]=>
  string(3) "245"
  ["login"]=>
  string(18) "xodozinho.retratos"
}
object(stdClass)#23 (2) {
  ["id"]=>
  string(3) "867"
  ["login"]=>
  string(14) "joaovictorjvb1"
}
object(stdClass)#12 (2) {
  ["id"]=>
  string(4) "1059"
  ["login"]=>
  string(8) "graverrj"
}
string(7) "ma_luco"
string(27) "Cantidad de follows = 28606"
<br><br><br>string(12) "carlloooooss"
string(26) "Cantidad de follows = 1287"
<br><br><br>string(15) "sapatodochef.pa"
string(26) "Cantidad de follows = 2373"
<br><br><br>object(stdClass)#219 (2) {
  ["id"]=>
  string(4) "2175"
  ["login"]=>
  string(10) "vireiloira"
}
string(18) "mercadomodelobahia"
string(26) "Cantidad de follows = 9058"
<br><br><br>string(11) "thayscalmon"
string(26) "Cantidad de follows = 5251"
<br><br><br>string(11) "decoremundo"
string(27) "Cantidad de follows = 14323"
<br><br><br>string(9) "decorcool"
string(23) "Cantidad de follows = 7"
<br><br><br>string(8) "fragabar"
string(26) "Cantidad de follows = 4328"
<br><br><br>object(stdClass)#189 (2) {
  ["id"]=>
  string(4) "4236"
  ["login"]=>
  string(8) "lorenaym"
}
string(11) "pamelaotero"
string(27) "Cantidad de follows = 46115"
<br><br><br>string(19) "starpointcollection"
string(27) "Cantidad de follows = 12681"
<br><br><br>string(9) "katiacsdc"
string(27) "Cantidad de follows = 18320"
<br><br><br>string(14) "grazielialvess"
string(27) "Cantidad de follows = 21584"
<br><br><br>string(22) "dra_barbaravasconcelos"
string(27) "Cantidad de follows = 23979"
<br><br><br>string(21) "comandantedochurrasco"
string(27) "Cantidad de follows = 56719"
<br><br><br>string(12) "40antesdos40"
string(27) "Cantidad de follows = 27738"
<br><br><br>string(16) "drricardopalacio"
string(27) "Cantidad de follows = 25661"
<br><br><br>string(12) "pollyruffini"
string(26) "Cantidad de follows = 6980"
<br><br><br>string(14) "carlos_skatmar"
string(26) "Cantidad de follows = 2344"
<br><br><br>string(10) "star_point"
string(27) "Cantidad de follows = 32707"
<br><br><br>string(8) "rruizmma"
string(27) "Cantidad de follows = 46996"
<br><br><br>string(8) "dumbu.09"
string(26) "Cantidad de follows = 7679"
<br><br><br>string(14) "marcosp.medina"
string(26) "Cantidad de follows = 4106"
<br><br><br>string(11) "sandrozion7"
string(27) "Cantidad de follows = 21084"
<br><br><br>string(17) "grandville_hoteis"
string(27) "Cantidad de follows = 12710"
<br><br><br>string(11) "josiasdiass"
string(27) "Cantidad de follows = 18067"
<br><br><br>string(18) "barbaracampospalma"
string(26) "Cantidad de follows = 8708"
<br><br><br>string(9) "telless13"
string(27) "Cantidad de follows = 14569"
<br><br><br>string(13) "bandamegafire"
string(27) "Cantidad de follows = 23388"
<br><br><br>string(17) "sosoportunidade10"
string(25) "Cantidad de follows = 962"
<br><br><br>string(18) "academia_king_thai"
string(26) "Cantidad de follows = 5075"
<br><br><br>string(13) "renatafontany"
string(27) "Cantidad de follows = 33084"
<br><br><br>string(14) "cabelosaugusto"
string(27) "Cantidad de follows = 23035"
<br><br><br>string(14) "brunocerqueira"
string(27) "Cantidad de follows = 10564"
<br><br><br>string(10) "noxboymike"
string(26) "Cantidad de follows = 5469"
<br><br><br>string(20) "juliobaptistaoficial"
string(28) "Cantidad de follows = 250702"
<br><br><br>string(21) "ateliermarielamoreira"
string(27) "Cantidad de follows = 15841"
<br><br><br>object(stdClass)#102 (2) {
  ["id"]=>
  string(5) "11096"
  ["login"]=>
  string(12) "michaelletjp"
}
object(stdClass)#56 (2) {
  ["id"]=>
  string(5) "11099"
  ["login"]=>
  string(13) "agostochuvoso"
}
string(11) "insultedboy"
string(26) "Cantidad de follows = 3522"
<br><br><br>string(11) "weilla_morg"
string(25) "Cantidad de follows = 933"
<br><br><br>string(11) "raphabritoo"
string(27) "Cantidad de follows = 16066"
<br><br><br>string(10) "vinihveiga"
string(26) "Cantidad de follows = 4089"
<br><br><br>object(stdClass)#99 (2) {
  ["id"]=>
  string(5) "11131"
  ["login"]=>
  string(14) "deliciasdoronk"
}
string(16) "duuduuzinhosilva"
string(26) "Cantidad de follows = 3032"
<br><br><br>string(9) "carlosbsg"
string(25) "Cantidad de follows = 921"
<br><br><br>string(12) "danndourado0"
string(27) "Cantidad de follows = 14955"
<br><br><br>string(7) "biel312"
string(24) "Cantidad de follows = 10"
<br><br><br>string(11) "caiogrunupp"
string(26) "Cantidad de follows = 3313"
<br><br><br>string(11) "paullonunan"
string(26) "Cantidad de follows = 1433"
<br><br><br>string(12) "pablodiego15"
string(26) "Cantidad de follows = 1102"
<br><br><br>object(stdClass)#30 (2) {
  ["id"]=>
  string(5) "11230"
  ["login"]=>
  string(16) "_luferreiranunes"
}
string(14) "natan_mantelli"
string(25) "Cantidad de follows = 799"
<br><br><br>string(17) "antoniocarlos3627"
string(24) "Cantidad de follows = 43"
<br><br><br>string(11) "365_indubai"
string(27) "Cantidad de follows = 21749"
<br><br><br>object(stdClass)#106 (2) {
  ["id"]=>
  string(5) "11239"
  ["login"]=>
  string(12) "ceottosinuhe"
}
string(14) "vitoriaabritto"
string(27) "Cantidad de follows = 33431"
<br><br><br>string(11) "lojaoperapc"
string(27) "Cantidad de follows = 23910"
<br><br><br>string(12) "huealimentos"
string(26) "Cantidad de follows = 5127"
<br><br><br>string(13) "kstimportados"
string(26) "Cantidad de follows = 4391"
<br><br><br>string(7) "wi11see"
string(27) "Cantidad de follows = 11577"
<br><br><br>string(12) "s7_producoes"
string(26) "Cantidad de follows = 6011"
<br><br><br>string(12) "gabrielaribi"
string(26) "Cantidad de follows = 7622"
<br><br><br>string(17) "brunosennaimagens"
string(27) "Cantidad de follows = 13174"
<br><br><br>string(14) "maycowmontemor"
string(27) "Cantidad de follows = 32429"
<br><br><br>string(14) "alinemarcovici"
string(27) "Cantidad de follows = 18521"
<br><br><br>string(10) "junior.dev"
string(27) "Cantidad de follows = 17714"
<br><br><br>string(13) "amaassessoria"
string(26) "Cantidad de follows = 7668"
<br><br><br>string(11) "julisciotto"
string(27) "Cantidad de follows = 24587"
<br><br><br>string(14) "draalinehsilva"
string(27) "Cantidad de follows = 20234"
<br><br><br>string(13) "rodasemotores"
string(27) "Cantidad de follows = 14155"
<br><br><br>string(13) "euclaracampos"
string(26) "Cantidad de follows = 4285"
<br><br><br>string(19) "thamaraelisa.tattoo"
string(27) "Cantidad de follows = 14283"
<br><br><br>string(15) "megaminassports"
string(26) "Cantidad de follows = 6760"
<br><br><br>string(16) "agencia_portal37"
string(26) "Cantidad de follows = 3338"
<br><br><br>object(stdClass)#71 (2) {
  ["id"]=>
  string(5) "11792"
  ["login"]=>
  string(14) "hf_metalurgica"
}
string(13) "grillegourmet"
string(26) "Cantidad de follows = 5120"
<br><br><br>string(11) "davidkapper"
string(27) "Cantidad de follows = 12988"
<br><br><br>string(11) "7chavesfoto"
string(27) "Cantidad de follows = 11039"
<br><br><br>string(11) "joiaskether"
string(27) "Cantidad de follows = 19521"
<br><br><br>string(14) "luziasantana33"
string(28) "Cantidad de follows = 236955"
<br><br><br>string(13) "thiagovaleiro"
string(26) "Cantidad de follows = 3825"
<br><br><br>object(stdClass)#29 (2) {
  ["id"]=>
  string(5) "12434"
  ["login"]=>
  string(9) "dupicasso"
}
string(11) "laura_bergo"
string(26) "Cantidad de follows = 6422"
<br><br><br>string(15) "dra.raphabecker"
string(27) "Cantidad de follows = 19718"
<br><br><br>string(14) "andreluiznardo"
string(27) "Cantidad de follows = 16505"
<br><br><br>object(stdClass)#26 (2) {
  ["id"]=>
  string(5) "13880"
  ["login"]=>
  string(8) "letdaher"
}
string(9) "dgarciia_"
string(25) "Cantidad de follows = 860"
<br><br><br>string(10) "joaosurf12"
string(24) "Cantidad de follows = 96"
<br><br><br>string(8) "itsandco"
string(27) "Cantidad de follows = 20644"
<br><br><br>string(10) "ela_andrea"
string(27) "Cantidad de follows = 22475"
<br><br><br>string(14) "nafurtadocakes"
string(26) "Cantidad de follows = 6596"
<br><br><br>string(18) "castrolautoservice"
string(26) "Cantidad de follows = 9340"
<br><br><br>string(9) "livdrinks"
string(27) "Cantidad de follows = 47562"
<br><br><br>string(18) "portalautoshopping"
string(27) "Cantidad de follows = 12138"
<br><br><br>string(20) "manu.mamaeaoquadrado"
string(26) "Cantidad de follows = 9585"
<br><br><br>string(15) "odontowebschool"
string(27) "Cantidad de follows = 10578"
<br><br><br>string(9) "abarkeria"
string(27) "Cantidad de follows = 33489"
<br><br><br>object(stdClass)#67 (2) {
  ["id"]=>
  string(5) "15166"
  ["login"]=>
  string(14) "__fehholiveira"
}
string(10) "ninabaking"
string(26) "Cantidad de follows = 8958"
<br><br><br>string(10) "jgiordanoo"
string(27) "Cantidad de follows = 12558"
<br><br><br>string(18) "domhairfelippewill"
string(27) "Cantidad de follows = 11518"
<br><br><br>string(7) "pbpetti"
string(27) "Cantidad de follows = 39701"
<br><br><br>string(10) "psych0wolf"
string(25) "Cantidad de follows = 407"
<br><br><br>string(8) "andreiso"
string(26) "Cantidad de follows = 9523"
<br><br><br>string(13) "biadiascoelho"
string(26) "Cantidad de follows = 4885"
<br><br><br>string(8) "mytrips7"
string(25) "Cantidad de follows = 525"
<br><br><br>string(13) "directdireito"
string(27) "Cantidad de follows = 11235"
<br><br><br>string(12) "patrickvalle"
string(26) "Cantidad de follows = 3563"
<br><br><br>string(21) "lucianalauferofficial"
string(27) "Cantidad de follows = 18768"
<br><br><br>string(13) "matheuspercut"
string(26) "Cantidad de follows = 1157"
<br><br><br>string(10) "flavia_vdr"
string(27) "Cantidad de follows = 11270"
<br><br><br>object(stdClass)#160 (2) {
  ["id"]=>
  string(5) "16861"
  ["login"]=>
  string(14) "mickael_cortes"
}
string(16) "helder_del_monte"
string(27) "Cantidad de follows = 16276"
<br><br><br>string(18) "physicalpilates_bh"
string(26) "Cantidad de follows = 5618"
<br><br><br>string(13) "faleiroslaura"
string(27) "Cantidad de follows = 12891"
<br><br><br>string(11) "dannysetudo"
string(26) "Cantidad de follows = 9647"
<br><br><br>string(15) "portodepiranhas"
string(27) "Cantidad de follows = 10473"
<br><br><br>string(24) "contadordehistoriasreais"
string(27) "Cantidad de follows = 27586"
<br><br><br>string(6) "guil38"
string(26) "Cantidad de follows = 6505"
<br><br><br>string(22) "vacationhomeneardisney"
string(27) "Cantidad de follows = 19608"
<br><br><br>string(16) "drguilhermecravo"
string(26) "Cantidad de follows = 3164"
<br><br><br>string(6) "ossmkt"
string(26) "Cantidad de follows = 5292"
<br><br><br>string(10) "jhoneheber"
string(27) "Cantidad de follows = 23514"
<br><br><br>string(20) "justiniano0_official"
string(26) "Cantidad de follows = 2975"
<br><br><br>string(15) "sao_os_caipiras"
string(26) "Cantidad de follows = 9481"
<br><br><br>string(9) "acerickrj"
string(27) "Cantidad de follows = 12279"
<br><br><br>string(15) "leandrogarciadj"
string(27) "Cantidad de follows = 19283"
<br><br><br>string(14) "osnirhamburger"
string(26) "Cantidad de follows = 6851"
<br><br><br>string(8) "dutruffi"
string(27) "Cantidad de follows = 14208"
<br><br><br>string(9) "lschuback"
string(26) "Cantidad de follows = 7820"
<br><br><br>string(21) "carolinanortondematos"
string(27) "Cantidad de follows = 11785"
<br><br><br>object(stdClass)#197 (2) {
  ["id"]=>
  string(5) "18103"
  ["login"]=>
  string(22) "denisegoncalves.santos"
}
string(14) "ethianemarques"
string(25) "Cantidad de follows = 688"
<br><br><br>string(10) "synaraleal"
string(27) "Cantidad de follows = 16169"
<br><br><br>string(8) "trinjune"
string(23) "Cantidad de follows = 0"
<br><br><br>string(12) "holy_popcorn"
string(27) "Cantidad de follows = 10371"
<br><br><br>string(9) "eltranvia"
string(27) "Cantidad de follows = 15754"
<br><br><br>string(19) "diegogoulartoficial"
string(27) "Cantidad de follows = 20478"
<br><br><br>string(15) "cartolinadesign"
string(26) "Cantidad de follows = 5616"
<br><br><br>string(9) "quarto_22"
string(26) "Cantidad de follows = 5584"
<br><br><br>string(10) "blogdakeli"
string(24) "Cantidad de follows = 12"
<br><br><br>object(stdClass)#91 (2) {
  ["id"]=>
  string(5) "18816"
  ["login"]=>
  string(10) "lefitnessb"
}
string(9) "awsmining"
string(26) "Cantidad de follows = 4647"
<br><br><br>string(13) "willianabrito"
string(26) "Cantidad de follows = 6738"
<br><br><br>string(23) "eusoutestemunhadogolias"
string(25) "Cantidad de follows = 206"
<br><br><br>string(16) "tumsoundfestival"
string(26) "Cantidad de follows = 1472"
<br><br><br>string(18) "casalbioequilibrio"
string(27) "Cantidad de follows = 11243"
<br><br><br>string(13) "mimosearomaas"
string(26) "Cantidad de follows = 9061"
<br><br><br>object(stdClass)#42 (2) {
  ["id"]=>
  string(5) "19152"
  ["login"]=>
  string(17) "gventurinpersonal"
}
string(9) "fastfitsc"
string(26) "Cantidad de follows = 3609"
<br><br><br>string(11) "raif_tattoo"
string(27) "Cantidad de follows = 13138"
<br><br><br>string(10) "hustler.hc"
string(26) "Cantidad de follows = 2470"
<br><br><br>string(9) "isarengel"
string(26) "Cantidad de follows = 6778"
<br><br><br>string(12) "solus_online"
string(26) "Cantidad de follows = 4054"
<br><br><br>string(11) "refugiohoje"
string(27) "Cantidad de follows = 12423"
<br><br><br>string(13) "nati.fressato"
string(26) "Cantidad de follows = 7243"
<br><br><br>string(17) "calcadospaubrasil"
string(26) "Cantidad de follows = 8244"
<br><br><br>string(10) "daly_store"
string(27) "Cantidad de follows = 21675"
<br><br><br>string(11) "angelosciao"
string(26) "Cantidad de follows = 5255"
<br><br><br>string(6) "fuinha"
string(25) "Cantidad de follows = 193"
<br><br><br>string(10) "kombi_krug"
string(25) "Cantidad de follows = 510"
<br><br><br>string(12) "rekombinando"
string(26) "Cantidad de follows = 5957"
<br><br><br>string(15) "blogdasusantoss"
string(26) "Cantidad de follows = 5416"
<br><br><br>string(15) "diadeacessorios"
string(26) "Cantidad de follows = 2315"
<br><br><br>string(18) "christians.pereira"
string(26) "Cantidad de follows = 3758"
<br><br><br>object(stdClass)#150 (2) {
  ["id"]=>
  string(5) "19844"
  ["login"]=>
  string(13) "oficialpharma"
}
string(28) "pedrowilsonrodriguespimentel"
string(26) "Cantidad de follows = 7716"
<br><br><br>string(15) "atelieluizrocha"
string(27) "Cantidad de follows = 10235"
<br><br><br>string(12) "bibiscamargo"
string(26) "Cantidad de follows = 2040"
<br><br><br>string(16) "centerperfumaria"
string(26) "Cantidad de follows = 5515"
<br><br><br>string(10) "pmelorocha"
string(26) "Cantidad de follows = 6361"
<br><br><br>object(stdClass)#201 (2) {
  ["id"]=>
  string(5) "20149"
  ["login"]=>
  string(14) "thaliaalvesdec"
}
string(12) "yasminndias_"
string(26) "Cantidad de follows = 9399"
<br><br><br>string(17) "jb_alves_educador"
string(26) "Cantidad de follows = 3536"
<br><br><br>string(24) "leonardosantosfotografia"
string(27) "Cantidad de follows = 39698"
<br><br><br>string(8) "sporttot"
string(24) "Cantidad de follows = 23"
<br><br><br>object(stdClass)#125 (2) {
  ["id"]=>
  string(5) "20503"
  ["login"]=>
  string(8) "chandler"
}
string(13) "ayllesantiago"
string(28) "Cantidad de follows = 133598"
<br><br><br>string(12) "maisonbiarro"
string(27) "Cantidad de follows = 30559"
<br><br><br>string(15) "iselamendozadec"
string(26) "Cantidad de follows = 6048"
<br><br><br>string(9) "bamboh.pt"
string(26) "Cantidad de follows = 2607"
<br><br><br>string(12) "redeentropia"
string(26) "Cantidad de follows = 5900"
<br><br><br>string(13) "goutaguatinga"
string(26) "Cantidad de follows = 1014"
<br><br><br>object(stdClass)#198 (2) {
  ["id"]=>
  string(5) "20682"
  ["login"]=>
  string(11) "farmapharma"
}
string(18) "calabriapizzariarj"
string(26) "Cantidad de follows = 2471"
<br><br><br>object(stdClass)#198 (2) {
  ["id"]=>
  string(5) "20818"
  ["login"]=>
  string(20) "cadillacs.pastelaria"
}
object(stdClass)#192 (2) {
  ["id"]=>
  string(5) "20927"
  ["login"]=>
  string(25) "missionariojairodossantos"
}
object(stdClass)#198 (2) {
  ["id"]=>
  string(5) "21062"
  ["login"]=>
  string(13) "jesuisluciano"
}
object(stdClass)#192 (2) {
  ["id"]=>
  string(5) "21230"
  ["login"]=>
  string(9) "vikatorsc"
}
string(19) "nicollystoreoficial"
string(26) "Cantidad de follows = 7493"
<br><br><br>object(stdClass)#192 (2) {
  ["id"]=>
  string(5) "21368"
  ["login"]=>
  string(18) "ricardoribeiro0013"
}
string(24) "ramossegurancaeletronica"
string(26) "Cantidad de follows = 3290"
<br><br><br>string(18) "camacariplazahotel"
string(26) "Cantidad de follows = 6281"
<br><br><br>string(13) "_telesgabriel"
string(26) "Cantidad de follows = 2518"
<br><br><br>string(12) "fbfabiolopes"
string(26) "Cantidad de follows = 8994"
<br><br><br>object(stdClass)#159 (2) {
  ["id"]=>
  string(5) "21517"
  ["login"]=>
  string(23) "biscuitporvictorialeite"
}
string(10) "trapburger"
string(26) "Cantidad de follows = 2643"
<br><br><br>object(stdClass)#159 (2) {
  ["id"]=>
  string(5) "21602"
  ["login"]=>
  string(20) "shoppingcasaedesign_"
}
string(9) "samiilly_"
string(27) "Cantidad de follows = 18251"
<br><br><br>object(stdClass)#159 (2) {
  ["id"]=>
  string(5) "21731"
  ["login"]=>
  string(9) "conhecaes"
}
string(7) "loirasn"
string(25) "Cantidad de follows = 194"
<br><br><br>string(15) "santasticauniao"
string(26) "Cantidad de follows = 6289"
<br><br><br>string(19) "embraconcondominios"
string(26) "Cantidad de follows = 4660"
<br><br><br>string(17) "hamburguinhomoema"
string(27) "Cantidad de follows = 60650"
<br><br><br>string(14) "vilmamartins_7"
string(26) "Cantidad de follows = 1307"
<br><br><br>string(12) "leticiajural"
string(26) "Cantidad de follows = 8501"
<br><br><br>string(8) "_zero100"
string(27) "Cantidad de follows = 52185"
<br><br><br>string(20) "lionrollingcircusrio"
string(27) "Cantidad de follows = 14474"
<br><br><br>string(9) "_nerdjunk"
string(26) "Cantidad de follows = 5360"
<br><br><br>string(10) "pilotelton"
string(27) "Cantidad de follows = 11299"
<br><br><br>string(14) "marcioancelmoo"
string(26) "Cantidad de follows = 4983"
<br><br><br>object(stdClass)#88 (2) {
  ["id"]=>
  string(5) "22627"
  ["login"]=>
  string(18) "lucaswiliamsoliver"
}
string(14) "kevinlorenzorj"
string(26) "Cantidad de follows = 3396"
<br><br><br>object(stdClass)#88 (2) {
  ["id"]=>
  string(5) "22701"
  ["login"]=>
  string(21) "falandodemaquiagem_01"
}
string(13) "georgemuchuli"
string(26) "Cantidad de follows = 7771"
<br><br><br>string(15) "wendell_alvess_"
string(24) "Cantidad de follows = 85"
<br><br><br>object(stdClass)#83 (2) {
  ["id"]=>
  string(5) "22786"
  ["login"]=>
  string(6) "jpzk02"
}
object(stdClass)#103 (2) {
  ["id"]=>
  string(5) "22791"
  ["login"]=>
  string(13) "rodrigues.exe"
}
object(stdClass)#83 (2) {
  ["id"]=>
  string(5) "22915"
  ["login"]=>
  string(10) "5000covers"
}
string(18) "marciomouraoficial"
string(27) "Cantidad de follows = 12432"
<br><br><br>object(stdClass)#83 (2) {
  ["id"]=>
  string(5) "23135"
  ["login"]=>
  string(15) "daniak_boutique"
}
string(23) "formatacaotccmonografia"
string(24) "Cantidad de follows = 95"
<br><br><br>string(6) "nekkow"
string(24) "Cantidad de follows = 15"
<br><br><br>string(5) "lucao"
string(25) "Cantidad de follows = 555"
<br><br><br>string(6) "lucao2"
string(25) "Cantidad de follows = 588"
<br><br><br>string(13) "marcelomarkes"
string(27) "Cantidad de follows = 19927"
<br><br><br>string(14) "dl_beautysalon"
string(26) "Cantidad de follows = 1953"
<br><br><br>string(15) "ariadinebarreto"
string(27) "Cantidad de follows = 14578"
<br><br><br>string(13) "canalsemjacar"
string(27) "Cantidad de follows = 14276"
<br><br><br>string(11) "hiratabreno"
string(27) "Cantidad de follows = 12599"
<br><br><br>string(14) "erickspimentel"
string(26) "Cantidad de follows = 2024"
<br><br><br>string(12) "jessicaiwata"
string(27) "Cantidad de follows = 34286"
<br><br><br>string(14) "dnaphotoevideo"
string(27) "Cantidad de follows = 29089"
<br><br><br>string(18) "gamecenterpaulista"
string(27) "Cantidad de follows = 10344"
<br><br><br>string(10) "pacofishrd"
string(26) "Cantidad de follows = 8066"
<br><br><br>string(14) "qualityhotelsd"
string(26) "Cantidad de follows = 1207"
<br><br><br>string(17) "isabellabofficial"
string(27) "Cantidad de follows = 14016"
<br><br><br>string(13) "alialioficial"
string(25) "Cantidad de follows = 676"
<br><br><br>string(15) "barbeariadoneno"
string(27) "Cantidad de follows = 13802"
<br><br><br>string(10) "plagamba01"
string(26) "Cantidad de follows = 2644"
<br><br><br>string(11) "oscarcauchi"
string(26) "Cantidad de follows = 3624"
<br><br><br>string(7) "18laras"
string(26) "Cantidad de follows = 1825"
<br><br><br>string(16) "entreomarealagoa"
string(26) "Cantidad de follows = 1677"
<br><br><br>string(9) "darlanred"
string(27) "Cantidad de follows = 21313"
<br><br><br>string(15) "riolisboabrasil"
string(25) "Cantidad de follows = 205"
<br><br><br>string(12) "studio4cinco"
string(26) "Cantidad de follows = 4932"
<br><br><br>string(13) "fabriciofabre"
string(26) "Cantidad de follows = 8595"
<br><br><br>string(22) "suamusicapersonalizada"
string(27) "Cantidad de follows = 10412"
<br><br><br>string(10) "fioremixbr"
string(25) "Cantidad de follows = 331"
<br><br><br>string(8) "kevinvem"
string(23) "Cantidad de follows = 5"
<br><br><br>string(12) "djallannatal"
string(27) "Cantidad de follows = 28930"
<br><br><br>string(15) "polpasempreviva"
string(27) "Cantidad de follows = 34509"
<br><br><br>string(8) "kessyaaa"
string(27) "Cantidad de follows = 11072"
<br><br><br>string(8) "celparra"
string(27) "Cantidad de follows = 10646"
<br><br><br>object(stdClass)#38 (2) {
  ["id"]=>
  string(5) "25524"
  ["login"]=>
  string(11) "tompson9345"
}
object(stdClass)#202 (2) {
  ["id"]=>
  string(5) "25571"
  ["login"]=>
  string(14) "habner_martins"
}
string(24) "fitnessuplementosoficial"
string(25) "Cantidad de follows = 330"
<br><br><br>string(13) "mayconbarroco"
string(27) "Cantidad de follows = 18528"
<br><br><br>string(9) "caiocesar"
string(24) "Cantidad de follows = 84"
<br><br><br>string(8) "lil.fama"
string(27) "Cantidad de follows = 21179"
<br><br><br>string(12) "institutoybi"
string(27) "Cantidad de follows = 18014"
<br><br><br>object(stdClass)#191 (2) {
  ["id"]=>
  string(5) "26183"
  ["login"]=>
  string(14) "andresa_lebens"
}
string(7) "yuryv05"
string(27) "Cantidad de follows = 10279"
<br><br><br>string(15) "eliana_casimiro"
string(26) "Cantidad de follows = 5642"
<br><br><br>string(11) "maloohstore"
string(26) "Cantidad de follows = 3696"
<br><br><br>string(15) "lauraivinadecor"
string(26) "Cantidad de follows = 9000"
<br><br><br>string(16) "simplesmenteamei"
string(27) "Cantidad de follows = 16090"
<br><br><br>string(16) "drraphaelmarques"
string(27) "Cantidad de follows = 21338"
<br><br><br>string(10) "casazunzun"
string(26) "Cantidad de follows = 5616"
<br><br><br>string(14) "draraymedeiros"
string(26) "Cantidad de follows = 1579"
<br><br><br>string(12) "4youdressing"
string(26) "Cantidad de follows = 3550"
<br><br><br>string(21) "lucaslermenfotografia"
string(27) "Cantidad de follows = 15065"
<br><br><br>string(16) "bracholuismiguel"
string(25) "Cantidad de follows = 832"
<br><br><br>string(17) "draflaviasgavioli"
string(27) "Cantidad de follows = 41538"
<br><br><br>string(16) "rafamello_cantor"
string(26) "Cantidad de follows = 9039"
<br><br><br>string(13) "gabinassyrios"
string(27) "Cantidad de follows = 28073"
<br><br><br>string(13) "cardosodani78"
string(25) "Cantidad de follows = 418"
<br><br><br>object(stdClass)#8 (2) {
  ["id"]=>
  string(5) "27362"
  ["login"]=>
  string(9) "k123silva"
}
string(9) "labotique"
string(25) "Cantidad de follows = 276"
<br><br><br>string(11) "eco.noronha"
string(26) "Cantidad de follows = 1076"
<br><br><br>string(13) "gelottisports"
string(26) "Cantidad de follows = 6263"
<br><br><br>string(13) "bombeefsantos"
string(27) "Cantidad de follows = 69730"
<br><br><br>string(15) "parvathi_brasil"
string(26) "Cantidad de follows = 8543"
<br><br><br>string(9) "lobotique"
string(26) "Cantidad de follows = 6616"
<br><br><br>string(8) "talincas"
string(27) "Cantidad de follows = 22584"
<br><br><br>string(21) "visagismofacial_drika"
string(25) "Cantidad de follows = 741"
<br><br><br>string(13) "bakwarabrasil"
string(26) "Cantidad de follows = 1568"
<br><br><br>string(19) "carlabarcellosjoias"
string(27) "Cantidad de follows = 11463"
<br><br><br>string(16) "programagameover"
string(26) "Cantidad de follows = 1115"
<br><br><br>string(15) "aafrodite.store"
string(26) "Cantidad de follows = 5752"
<br><br><br>string(12) "rogiacomello"
string(26) "Cantidad de follows = 1418"
<br><br><br>string(11) "solvebrazil"
string(26) "Cantidad de follows = 1174"
<br><br><br>string(16) "drafernandavolpi"
string(27) "Cantidad de follows = 12402"
<br><br><br>object(stdClass)#18 (2) {
  ["id"]=>
  string(5) "27722"
  ["login"]=>
  string(14) "maribel.silent"
}
string(13) "miocheoficial"
string(27) "Cantidad de follows = 45438"
<br><br><br>string(11) "daylipadron"
string(26) "Cantidad de follows = 8239"
<br><br><br>string(14) "mercadolabarra"
string(26) "Cantidad de follows = 4437"
<br><br><br>string(10) "naraabreuu"
string(26) "Cantidad de follows = 4578"
<br><br><br>string(8) "lukmodas"
string(26) "Cantidad de follows = 8169"
<br><br><br>string(21) "girlsgardenacessorios"
string(26) "Cantidad de follows = 2019"
<br><br><br>string(13) "capimlimaomga"
string(26) "Cantidad de follows = 5491"
<br><br><br>string(15) "maxpremiumjeans"
string(26) "Cantidad de follows = 8446"
<br><br><br>string(8) "bruna.fb"
string(27) "Cantidad de follows = 21157"
<br><br><br>string(14) "na_cara_do_gol"
string(26) "Cantidad de follows = 3024"
<br><br><br>string(13) "jessicacytrus"
string(27) "Cantidad de follows = 29897"
<br><br><br>string(11) "cyrofuziama"
string(27) "Cantidad de follows = 25208"
<br><br><br>string(11) "thaycomfome"
string(27) "Cantidad de follows = 26860"
<br><br><br>string(10) "dankana_dk"
string(26) "Cantidad de follows = 8841"
<br><br><br>string(13) "vivimaquiagem"
string(26) "Cantidad de follows = 3445"
<br><br><br>string(14) "fshirtsdesigns"
string(25) "Cantidad de follows = 367"
<br><br><br>string(15) "closetdasduasto"
string(27) "Cantidad de follows = 14275"
<br><br><br>object(stdClass)#116 (2) {
  ["id"]=>
  string(5) "28069"
  ["login"]=>
  string(14) "rosaduartelash"
}
string(11) "gardelmaroz"
string(26) "Cantidad de follows = 6270"
<br><br><br>object(stdClass)#116 (2) {
  ["id"]=>
  string(5) "28080"
  ["login"]=>
  string(16) "msanchescaroline"
}
object(stdClass)#46 (2) {
  ["id"]=>
  string(5) "28092"
  ["login"]=>
  string(9) "pri_avlis"
}
string(13) "ferefacrochet"
string(26) "Cantidad de follows = 9028"
<br><br><br>object(stdClass)#46 (2) {
  ["id"]=>
  string(5) "28099"
  ["login"]=>
  string(13) "menezesandree"
}
string(7) "nr_mini"
string(27) "Cantidad de follows = 11148"
<br><br><br>string(6) "dz9bnb"
string(26) "Cantidad de follows = 3345"
<br><br><br>object(stdClass)#205 (2) {
  ["id"]=>
  string(5) "28145"
  ["login"]=>
  string(20) "nossoapartamento_103"
}
string(18) "cheirinhodamariana"
string(26) "Cantidad de follows = 7623"
<br><br><br>object(stdClass)#205 (2) {
  ["id"]=>
  string(5) "28213"
  ["login"]=>
  string(15) "malucassimiro.r"
}
string(16) "alvomarketingagc"
string(26) "Cantidad de follows = 9437"
<br><br><br>string(17) "ilmiocasamentoios"
string(26) "Cantidad de follows = 1022"
<br><br><br>string(16) "dranayanepacheco"
string(28) "Cantidad de follows = 138904"
<br><br><br>string(24) "silvanonunes.hairstylist"
string(27) "Cantidad de follows = 23211"
<br><br><br>object(stdClass)#16 (2) {
  ["id"]=>
  string(5) "28276"
  ["login"]=>
  string(13) "tatyanealvess"
}
string(21) "closetdemulheroficial"
string(26) "Cantidad de follows = 3922"
<br><br><br>string(17) "drdanilopelegrino"
string(26) "Cantidad de follows = 5855"
<br><br><br>string(20) "mariaclaraguimaraes1"
string(27) "Cantidad de follows = 34729"
<br><br><br>string(15) "vitoria.mamedio"
string(26) "Cantidad de follows = 7569"
<br><br><br>string(12) "meirellesipc"
string(26) "Cantidad de follows = 1505"
<br><br><br>string(12) "luporluciana"
string(26) "Cantidad de follows = 8467"
<br><br><br>string(11) "andersonvoo"
string(26) "Cantidad de follows = 1053"
<br><br><br>string(14) "niqueferreiira"
string(27) "Cantidad de follows = 12352"
<br><br><br>string(15) "carlota_barnabe"
string(27) "Cantidad de follows = 12715"
<br><br><br>string(17) "drdanilopelegrino"
string(26) "Cantidad de follows = 5855"
<br><br><br>string(9) "lipinhuss"
string(26) "Cantidad de follows = 1778"
<br><br><br>string(13) "mayaramarkes_"
string(26) "Cantidad de follows = 8583"
<br><br><br>string(10) "ky2oficial"
string(26) "Cantidad de follows = 2420"
<br><br><br>string(11) "mendy_vivii"
string(26) "Cantidad de follows = 3948"
<br><br><br>object(stdClass)#113 (2) {
  ["id"]=>
  string(5) "28497"
  ["login"]=>
  string(21) "_medicinaintegrativa_"
}
string(25) "specialitycoffeegastropub"
string(25) "Cantidad de follows = 555"
<br><br><br>string(11) "carolsousas"
string(26) "Cantidad de follows = 3546"
<br><br><br>object(stdClass)#214 (2) {
  ["id"]=>
  string(5) "28517"
  ["login"]=>
  string(19) "martins_consultoria"
}
string(4) "fila"
string(25) "Cantidad de follows = 835"
<br><br><br>string(6) "reebok"
string(29) "Cantidad de follows = 2131695"
<br><br><br>string(8) "bindanvm"
string(26) "Cantidad de follows = 1486"
<br><br><br>string(18) "wesleyoliveirareal"
string(26) "Cantidad de follows = 2824"
<br><br><br>string(9) "indikqui_"
string(26) "Cantidad de follows = 1331"
<br><br><br>string(10) "luahungria"
string(26) "Cantidad de follows = 4526"
<br><br><br>object(stdClass)#52 (2) {
  ["id"]=>
  string(5) "28557"
  ["login"]=>
  string(10) "kaahcintra"
}
string(17) "reabilitar.studio"
string(26) "Cantidad de follows = 5631"
<br><br><br>string(9) "amaraljej"
string(25) "Cantidad de follows = 613"
<br><br><br>string(14) "websterramalho"
string(25) "Cantidad de follows = 738"
<br><br><br>string(24) "vida_sol_e_mar_ecoresort"
string(26) "Cantidad de follows = 7097"
<br><br><br>string(10) "aco_brasil"
string(26) "Cantidad de follows = 3299"
<br><br><br>string(13) "desafioadois2"
string(26) "Cantidad de follows = 6942"
<br><br><br>string(10) "joaozaneti"
string(27) "Cantidad de follows = 13304"
<br><br><br>string(12) "karbofitness"
string(27) "Cantidad de follows = 10879"
<br><br><br>string(12) "nayaranouber"
string(27) "Cantidad de follows = 18002"
<br><br><br>object(stdClass)#93 (2) {
  ["id"]=>
  string(5) "28654"
  ["login"]=>
  string(11) "ellenrauber"
}
object(stdClass)#219 (2) {
  ["id"]=>
  string(5) "28657"
  ["login"]=>
  string(14) "reserveviagens"
}
string(17) "ingrid_ferreira25"
string(25) "Cantidad de follows = 177"
<br><br><br>string(20) "neovita_fisioterapia"
string(26) "Cantidad de follows = 4952"
<br><br><br>string(17) "dunashookahlounge"
string(26) "Cantidad de follows = 9075"
<br><br><br>string(15) "emporio.forever"
string(25) "Cantidad de follows = 279"
<br><br><br>string(16) "mariakarencosta_"
string(26) "Cantidad de follows = 5943"
<br><br><br>string(13) "pretta_araujo"
string(27) "Cantidad de follows = 11949"
<br><br><br>string(18) "theo_kate_ragdolls"
string(26) "Cantidad de follows = 4935"
<br><br><br>string(9) "xaanndii_"
string(26) "Cantidad de follows = 1243"
<br><br><br>string(15) "pausetakeabreak"
string(26) "Cantidad de follows = 3941"
<br><br><br>string(10) "raquellsan"
string(27) "Cantidad de follows = 26188"
<br><br><br>string(11) "quatro_maos"
string(26) "Cantidad de follows = 4206"
<br><br><br>string(20) "apaudiovisualoficial"
string(25) "Cantidad de follows = 568"
<br><br><br>string(15) "gameoverworldmx"
string(24) "Cantidad de follows = 38"
<br><br><br>string(10) "macielcaio"
string(26) "Cantidad de follows = 3050"
<br><br><br>string(10) "pp_eventos"
string(26) "Cantidad de follows = 3625"
<br><br><br>string(15) "renatacanizares"
string(27) "Cantidad de follows = 13428"
<br><br><br>string(12) "dermatofarma"
string(26) "Cantidad de follows = 8859"
<br><br><br>string(14) "cinarafestasbh"
string(27) "Cantidad de follows = 39500"
<br><br><br>string(10) "mreissilva"
string(27) "Cantidad de follows = 23360"
<br><br><br>string(17) "minutoscomdelavec"
string(27) "Cantidad de follows = 13988"
<br><br><br>string(9) "lilispada"
string(28) "Cantidad de follows = 719890"
<br><br><br>string(13) "edersilveiram"
string(26) "Cantidad de follows = 4507"
<br><br><br>string(15) "rosanatiburtino"
string(26) "Cantidad de follows = 1037"
<br><br><br>string(18) "stopscapautomotivo"
string(26) "Cantidad de follows = 5977"
<br><br><br>object(stdClass)#89 (2) {
  ["id"]=>
  string(5) "28849"
  ["login"]=>
  string(8) "plasjowl"
}
string(12) "itzackcamila"
string(26) "Cantidad de follows = 1347"
<br><br><br>string(15) "eu_gabicarvalho"
string(26) "Cantidad de follows = 3042"
<br><br><br>string(19) "hypinosemodaoficial"
string(26) "Cantidad de follows = 9923"
<br><br><br>string(13) "everttonviana"
string(26) "Cantidad de follows = 9627"
<br><br><br>string(17) "shirleyalesantana"
string(27) "Cantidad de follows = 28071"
<br><br><br>string(14) "leticiastoledo"
string(26) "Cantidad de follows = 2579"
<br><br><br>string(14) "drpedroferrari"
string(27) "Cantidad de follows = 39249"
<br><br><br>string(11) "itamixbazar"
string(26) "Cantidad de follows = 4668"
<br><br><br>string(13) "trader_amador"
string(25) "Cantidad de follows = 167"
<br><br><br>string(16) "isabellasanchess"
string(26) "Cantidad de follows = 3004"
<br><br><br>object(stdClass)#171 (2) {
  ["id"]=>
  string(5) "28962"
  ["login"]=>
  string(15) "tiagomennezes11"
}
string(12) "bunkersounds"
string(26) "Cantidad de follows = 1683"
<br><br><br>string(14) "timmycelulares"
string(25) "Cantidad de follows = 216"
<br><br><br>object(stdClass)#48 (2) {
  ["id"]=>
  string(5) "28988"
  ["login"]=>
  string(15) "programavitrina"
}
object(stdClass)#51 (2) {
  ["id"]=>
  string(5) "28989"
  ["login"]=>
  string(18) "leocar.leonardoniq"
}
object(stdClass)#48 (2) {
  ["id"]=>
  string(5) "28990"
  ["login"]=>
  string(17) "acade_corpoeforma"
}
object(stdClass)#51 (2) {
  ["id"]=>
  string(5) "28993"
  ["login"]=>
  string(11) "atgaranhuns"
}
string(20) "annamaya_arquitetura"
string(26) "Cantidad de follows = 9189"
<br><br><br>string(8) "1kgdobom"
string(27) "Cantidad de follows = 14957"
<br><br><br>string(13) "livre.digital"
string(26) "Cantidad de follows = 3505"
<br><br><br>string(14) "rhuanpenaforte"
string(27) "Cantidad de follows = 10608"
<br><br><br>string(16) "restaurantebario"
string(26) "Cantidad de follows = 1354"
<br><br><br>object(stdClass)#200 (2) {
  ["id"]=>
  string(5) "29007"
  ["login"]=>
  string(21) "felippeturtransportes"
}
string(15) "solarlifeenergy"
string(25) "Cantidad de follows = 553"
<br><br><br>string(18) "vinteumcomunicacao"
string(25) "Cantidad de follows = 579"
<br><br><br>string(18) "auto_escolaatitude"
string(26) "Cantidad de follows = 2010"
<br><br><br>string(13) "carollremigio"
string(26) "Cantidad de follows = 1070"
<br><br><br>string(13) "pampodelivery"
string(26) "Cantidad de follows = 1268"
<br><br><br>string(20) "txcambioeturismo_rio"
string(26) "Cantidad de follows = 1289"
<br><br><br>string(13) "riveauxmerino"
string(26) "Cantidad de follows = 5421"
<br><br><br>string(15) "carneslaceleste"
string(26) "Cantidad de follows = 2322"
<br><br><br>string(11) "heroairsoft"
string(26) "Cantidad de follows = 3848"
<br><br><br>string(19) "brechoandreaventuro"
string(27) "Cantidad de follows = 36615"
<br><br><br>string(9) "samiilly_"
string(27) "Cantidad de follows = 18248"
<br><br><br>string(14) "luigi_bemporad"
string(24) "Cantidad de follows = 53"
<br><br><br>string(13) "luiz_skydiver"
string(26) "Cantidad de follows = 9849"
<br><br><br>string(15) "luanmachado.arq"
string(26) "Cantidad de follows = 1856"
<br><br><br>string(12) "kaikfariastv"
string(26) "Cantidad de follows = 2052"
<br><br><br>string(16) "colegioguarapuvu"
string(23) "Cantidad de follows = 1"
<br><br><br>string(9) "guarapuvu"
string(26) "Cantidad de follows = 3033"
<br><br><br>string(13) "purocafajeste"
string(27) "Cantidad de follows = 34272"
<br><br><br>string(11) "a_deziderio"
string(26) "Cantidad de follows = 2065"
<br><br><br>object(stdClass)#93 (2) {
  ["id"]=>
  string(5) "29171"
  ["login"]=>
  string(16) "ranchotalisma_mg"
}
object(stdClass)#11 (2) {
  ["id"]=>
  string(5) "29178"
  ["login"]=>
  string(16) "maryana_araujooc"
}
string(13) "vitormagnusss"
string(27) "Cantidad de follows = 42104"
<br><br><br>string(20) "franciscosilva_alves"
string(25) "Cantidad de follows = 269"
<br><br><br>string(17) "mrandersonalmeida"
string(26) "Cantidad de follows = 6313"
<br><br><br>string(10) "inovaluxrj"
string(25) "Cantidad de follows = 190"
<br><br><br>string(17) "mixturinhafashion"
string(26) "Cantidad de follows = 2253"
<br><br><br>string(22) "danelonprimeacessorios"
string(26) "Cantidad de follows = 4665"
<br><br><br>object(stdClass)#171 (2) {
  ["id"]=>
  string(5) "29219"
  ["login"]=>
  string(7) "ruivabr"
}
string(17) "luizjatobaoficial"
string(26) "Cantidad de follows = 9600"
<br><br><br>string(8) "thhai97_"
string(26) "Cantidad de follows = 1595"
<br><br><br>string(10) "tiago_kuhn"
string(26) "Cantidad de follows = 2292"
<br><br><br>object(stdClass)#102 (2) {
  ["id"]=>
  string(5) "29228"
  ["login"]=>
  string(13) "tiolavinicius"
}
string(15) "crisoliveiravmk"
string(26) "Cantidad de follows = 2130"
<br><br><br>string(15) "wesleymichelini"
string(26) "Cantidad de follows = 1807"
<br><br><br>string(18) "raphaelacapobiango"
string(26) "Cantidad de follows = 5551"
<br><br><br>string(11) "castrolucas"
string(26) "Cantidad de follows = 3626"
<br><br><br>object(stdClass)#209 (2) {
  ["id"]=>
  string(5) "29253"
  ["login"]=>
  string(16) "masseriniosteria"
}
string(10) "alvesgilli"
string(26) "Cantidad de follows = 2003"
<br><br><br>string(10) "felippetur"
string(27) "Cantidad de follows = 19153"
<br><br><br>string(25) "rodrigo.embraconconsorcio"
string(26) "Cantidad de follows = 6251"
<br><br><br>string(14) "naotolendoisso"
string(26) "Cantidad de follows = 3251"
<br><br><br>string(18) "tropical.insurance"
string(25) "Cantidad de follows = 678"
<br><br><br>string(12) "elestore.rio"
string(26) "Cantidad de follows = 1658"
<br><br><br>string(14) "joannaa_aguiar"
string(25) "Cantidad de follows = 571"
<br><br><br>string(12) "ale.mmartins"
string(26) "Cantidad de follows = 1272"
<br><br><br>string(14) "ricvrdomoraes_"
string(26) "Cantidad de follows = 3710"
<br><br><br>string(16) "psgacademyrecife"
string(26) "Cantidad de follows = 4331"
<br><br><br>string(11) "diasluciano"
string(27) "Cantidad de follows = 16213"
<br><br><br>string(15) "othmanejennaoui"
string(27) "Cantidad de follows = 11036"
<br><br><br>string(14) "andresza_ramos"
string(26) "Cantidad de follows = 2003"
<br><br><br>string(23) "estetica.michelecamargo"
string(26) "Cantidad de follows = 3268"
<br><br><br>string(19) "fernandalima.decora"
string(26) "Cantidad de follows = 2152"
<br><br><br>string(13) "ghanabranding"
string(26) "Cantidad de follows = 6741"
<br><br><br>string(16) "binhorodriguess_"
string(26) "Cantidad de follows = 3544"
<br><br><br>string(14) "theblondedetox"
string(26) "Cantidad de follows = 3761"
<br><br><br>string(19) "oficialwinnieamaral"
string(27) "Cantidad de follows = 22932"
<br><br><br>string(19) "pezinhofirmenarocha"
string(28) "Cantidad de follows = 116334"
<br><br><br>string(11) "meempreenda"
string(26) "Cantidad de follows = 3634"
<br><br><br>string(14) "joseluizpontes"
string(25) "Cantidad de follows = 980"
<br><br><br>object(stdClass)#20 (2) {
  ["id"]=>
  string(5) "29486"
  ["login"]=>
  string(15) "eduarda.neves13"
}
string(13) "karinelisuzan"
string(26) "Cantidad de follows = 5146"
<br><br><br>object(stdClass)#20 (2) {
  ["id"]=>
  string(5) "29498"
  ["login"]=>
  string(20) "orlamodapraiaoficial"
}
string(17) "advocacia_messias"
string(26) "Cantidad de follows = 3316"
<br><br><br>string(18) "allbotequipamentos"
string(26) "Cantidad de follows = 2919"
<br><br><br>string(20) "emersonlopeshoficial"
string(27) "Cantidad de follows = 12648"
<br><br><br>string(11) "raissataini"
string(27) "Cantidad de follows = 26351"
<br><br><br>object(stdClass)#120 (2) {
  ["id"]=>
  string(5) "29527"
  ["login"]=>
  string(13) "menezesandree"
}
string(10) "vivianeneu"
string(27) "Cantidad de follows = 28902"
<br><br><br>object(stdClass)#120 (2) {
  ["id"]=>
  string(5) "29541"
  ["login"]=>
  string(8) "dhougie_"
}
string(24) "andressamakeup_penteados"
string(26) "Cantidad de follows = 3085"
<br><br><br>string(13) "iracemaallves"
string(26) "Cantidad de follows = 7420"
<br><br><br>string(11) "renannunes2"
string(26) "Cantidad de follows = 5070"
<br><br><br>string(14) "natha.estetica"
string(26) "Cantidad de follows = 1874"
<br><br><br>string(19) "j.a.estudiodebeleza"
string(25) "Cantidad de follows = 157"
<br><br><br>string(12) "grafianafoto"
string(26) "Cantidad de follows = 8997"
<br><br><br>string(19) "thespacetimeripples"
string(26) "Cantidad de follows = 3311"
<br><br><br>string(14) "rubia_martinss"
string(28) "Cantidad de follows = 104080"
<br><br><br>string(23) "joseguilherme.consultor"
string(26) "Cantidad de follows = 1223"
<br><br><br>string(14) "emporiodifiori"
string(26) "Cantidad de follows = 2241"
<br><br><br>string(21) "viajandonaarquitetura"
string(26) "Cantidad de follows = 4937"
<br><br><br>string(14) "elitecenterfoz"
string(26) "Cantidad de follows = 2397"
<br><br><br>string(10) "yancasilva"
string(26) "Cantidad de follows = 2345"
<br><br><br>string(16) "roberta.amfranca"
string(26) "Cantidad de follows = 3379"
<br><br><br>string(15) "doceriaanaester"
string(26) "Cantidad de follows = 3883"
<br><br><br>string(10) "kathguedes"
string(27) "Cantidad de follows = 42785"
<br><br><br>string(13) "tubaraocenter"
string(26) "Cantidad de follows = 6341"
<br><br><br>object(stdClass)#137 (2) {
  ["id"]=>
  string(5) "29702"
  ["login"]=>
  string(6) "zayrnm"
}
string(9) "chefeeddy"
string(27) "Cantidad de follows = 13880"
<br><br><br>string(10) "acasadecat"
string(27) "Cantidad de follows = 10853"
<br><br><br>string(20) "oficialforroperfeito"
string(27) "Cantidad de follows = 45900"
<br><br><br>string(14) "orabolasbrecho"
string(26) "Cantidad de follows = 3005"
<br><br><br>string(11) "thekingboy_"
string(27) "Cantidad de follows = 17781"
<br><br><br>string(15) "vanessa.wysocki"
string(26) "Cantidad de follows = 3623"
<br><br><br>string(11) "rique.silva"
string(26) "Cantidad de follows = 5015"
<br><br><br>string(22) "gabriellacarvalhostore"
string(27) "Cantidad de follows = 33651"
<br><br><br>string(14) "lojanowfitness"
string(26) "Cantidad de follows = 3979"
<br><br><br>string(8) "mapoiani"
string(26) "Cantidad de follows = 6074"
<br><br><br>string(14) "salaostudiosbc"
string(26) "Cantidad de follows = 1794"
<br><br><br>string(19) "studying_the_secret"
string(26) "Cantidad de follows = 2612"
<br><br><br>string(23) "studiohairinternacional"
string(26) "Cantidad de follows = 5346"
<br><br><br>string(9) "ahdireito"
string(26) "Cantidad de follows = 5373"
<br><br><br>string(7) "kabonkk"
string(26) "Cantidad de follows = 4057"
<br><br><br>string(10) "companyate"
string(25) "Cantidad de follows = 106"
<br><br><br>string(12) "djdavisantos"
string(26) "Cantidad de follows = 8427"
<br><br><br>string(14) "rafaellmoraess"
string(25) "Cantidad de follows = 831"
<br><br><br>string(22) "syflariluminacaoimport"
string(26) "Cantidad de follows = 1721"
<br><br><br>object(stdClass)#56 (2) {
  ["id"]=>
  string(5) "29883"
  ["login"]=>
  string(12) "grupo.efraim"
}
object(stdClass)#100 (2) {
  ["id"]=>
  string(5) "29884"
  ["login"]=>
  string(17) "efraimhoteleflats"
}
string(30) "rpcontrollerinsetodedetizadora"
string(25) "Cantidad de follows = 166"
<br><br><br>string(12) "raunierporto"
string(26) "Cantidad de follows = 3107"
<br><br><br>string(11) "marciabotam"
string(26) "Cantidad de follows = 3805"
<br><br><br>object(stdClass)#14 (2) {
  ["id"]=>
  string(5) "29901"
  ["login"]=>
  string(8) "1jonhbjj"
}
object(stdClass)#198 (2) {
  ["id"]=>
  string(5) "29918"
  ["login"]=>
  string(9) "odeiopera"
}
object(stdClass)#14 (2) {
  ["id"]=>
  string(5) "29932"
  ["login"]=>
  string(11) "eufeearruda"
}
string(11) "tclaranunes"
string(26) "Cantidad de follows = 1768"
<br><br><br>string(19) "alaskaclothingstore"
string(26) "Cantidad de follows = 2281"
<br><br><br>string(14) "gkt_kickboxing"
string(26) "Cantidad de follows = 1607"
<br><br><br>string(19) "character.design.gk"
string(26) "Cantidad de follows = 1195"
<br><br><br>object(stdClass)#82 (2) {
  ["id"]=>
  string(5) "29964"
  ["login"]=>
  string(12) "blogdoarinos"
}
object(stdClass)#208 (2) {
  ["id"]=>
  string(5) "29965"
  ["login"]=>
  string(12) "bela.morenaa"
}
string(24) "leandroquelucifotografia"
string(26) "Cantidad de follows = 3084"
<br><br><br>string(19) "generalstorefitness"
string(26) "Cantidad de follows = 3674"
<br><br><br>string(15) "acervomodasda44"
string(26) "Cantidad de follows = 5701"
<br><br><br>string(12) "mama_costhay"
string(26) "Cantidad de follows = 4937"
<br><br><br>string(17) "ginetom_rodrigues"
string(26) "Cantidad de follows = 7782"
<br><br><br>string(13) "brunnooctavio"
string(25) "Cantidad de follows = 981"
<br><br><br>object(stdClass)#56 (2) {
  ["id"]=>
  string(5) "29996"
  ["login"]=>
  string(12) "doug0liveira"
}
string(10) "gutt_carol"
string(27) "Cantidad de follows = 12146"
<br><br><br>string(9) "hulkdutra"
string(27) "Cantidad de follows = 13391"
<br><br><br>string(16) "camilaguerreiroo"
string(26) "Cantidad de follows = 2379"
<br><br><br>string(15) "sandymakecabelo"
string(26) "Cantidad de follows = 6686"
<br><br><br>string(15) "copaciadvogados"
string(25) "Cantidad de follows = 677"
<br><br><br>string(18) "diegocamargotattoo"
string(26) "Cantidad de follows = 3276"
<br><br><br>string(17) "entretenimento.pe"
string(26) "Cantidad de follows = 3444"
<br><br><br>string(17) "alicemelomakehair"
string(26) "Cantidad de follows = 6782"
<br><br><br>object(stdClass)#86 (2) {
  ["id"]=>
  string(5) "30051"
  ["login"]=>
  string(11) "tuguinha.tv"
}
string(13) "rentar.com.do"
string(27) "Cantidad de follows = 11631"
<br><br><br>string(15) "eriosvaldodiniz"
string(26) "Cantidad de follows = 1627"
<br><br><br>string(11) "gustavo_ono"
string(26) "Cantidad de follows = 5406"
<br><br><br>string(15) "canilredbroncos"
string(26) "Cantidad de follows = 1891"
<br><br><br>string(9) "_brokerst"
string(25) "Cantidad de follows = 300"
<br><br><br>string(14) "lifeprojectone"
string(26) "Cantidad de follows = 1847"
<br><br><br>string(16) "disfranco.motors"
string(26) "Cantidad de follows = 2942"
<br><br><br>string(6) "bomf17"
string(25) "Cantidad de follows = 824"
<br><br><br>string(12) "aliicemello_"
string(26) "Cantidad de follows = 2324"
<br><br><br>string(11) "_bellaforma"
string(27) "Cantidad de follows = 71147"
<br><br><br>string(10) "bruruschel"
string(27) "Cantidad de follows = 11945"
<br><br><br>string(9) "murilooc7"
string(26) "Cantidad de follows = 4371"
<br><br><br>string(9) "a7madov95"
string(25) "Cantidad de follows = 247"
<br><br><br>string(7) "a_mayla"
string(25) "Cantidad de follows = 749"
<br><br><br>string(13) "lidiafeitosa4"
string(26) "Cantidad de follows = 2796"
<br><br><br>string(10) "smokeseila"
string(25) "Cantidad de follows = 641"
<br><br><br>string(10) "rikdelucca"
string(26) "Cantidad de follows = 3642"
<br><br><br>string(19) "corretoracavalcante"
string(25) "Cantidad de follows = 831"
<br><br><br>object(stdClass)#17 (2) {
  ["id"]=>
  string(5) "30218"
  ["login"]=>
  string(14) "thaisaschayder"
}
string(13) "hueskerbrasil"
string(26) "Cantidad de follows = 3746"
<br><br><br>string(22) "rodrigoranchodascabras"
string(25) "Cantidad de follows = 952"
<br><br><br>object(stdClass)#160 (2) {
  ["id"]=>
  string(5) "30232"
  ["login"]=>
  string(15) "arisson_jessica"
}
string(16) "camilla.franklin"
string(26) "Cantidad de follows = 6311"
<br><br><br>string(11) "maira.fuzii"
string(26) "Cantidad de follows = 2137"
<br><br><br>object(stdClass)#22 (2) {
  ["id"]=>
  string(5) "30257"
  ["login"]=>
  string(13) "nathaly_llima"
}
string(21) "laraharantes.piercing"
string(26) "Cantidad de follows = 3251"
<br><br><br>string(11) "maitemellim"
string(26) "Cantidad de follows = 1978"
<br><br><br>string(10) "criptobraz"
string(25) "Cantidad de follows = 704"
<br><br><br>string(14) "meuprojeto.fit"
string(26) "Cantidad de follows = 2076"
<br><br><br>object(stdClass)#194 (2) {
  ["id"]=>
  string(5) "30286"
  ["login"]=>
  string(15) "cmo_odontologia"
}
object(stdClass)#62 (2) {
  ["id"]=>
  string(5) "30293"
  ["login"]=>
  string(14) "ketellenfelix1"
}
string(14) "biel_do_cavaco"
string(27) "Cantidad de follows = 19970"
<br><br><br>string(9) "netto_ull"
string(25) "Cantidad de follows = 617"
<br><br><br>string(11) "nandokounat"
string(27) "Cantidad de follows = 19574"
<br><br><br>object(stdClass)#138 (2) {
  ["id"]=>
  string(5) "30317"
  ["login"]=>
  string(14) "easyartgrafica"
}
string(15) "studio_beauty15"
string(26) "Cantidad de follows = 1041"
<br><br><br>string(18) "julio_sosa_imoveis"
string(25) "Cantidad de follows = 799"
<br><br><br>string(10) "canelihome"
string(26) "Cantidad de follows = 3696"
<br><br><br>string(9) "josergm86"
string(26) "Cantidad de follows = 7220"
<br><br><br>string(11) "katiaalbany"
string(26) "Cantidad de follows = 4809"
<br><br><br>string(11) "leandramora"
string(26) "Cantidad de follows = 1777"
<br><br><br>object(stdClass)#212 (2) {
  ["id"]=>
  string(5) "30380"
  ["login"]=>
  string(7) "_lrnnym"
}
string(17) "festivalnovomundo"
string(26) "Cantidad de follows = 4369"
<br><br><br>string(10) "odavilemos"
string(27) "Cantidad de follows = 13284"
<br><br><br>string(20) "clebsonfrancaoficial"
string(26) "Cantidad de follows = 2168"
<br><br><br>string(15) "mamaesemmanuais"
string(27) "Cantidad de follows = 11510"
<br><br><br>string(13) "victorcastelo"
string(26) "Cantidad de follows = 1187"
<br><br><br>string(17) "fabricio.physique"
string(27) "Cantidad de follows = 11104"
<br><br><br>string(15) "rafaelfsantanaa"
string(25) "Cantidad de follows = 753"
<br><br><br>object(stdClass)#15 (2) {
  ["id"]=>
  string(5) "30436"
  ["login"]=>
  string(15) "kawlicheski1993"
}
string(10) "facamerirr"
string(26) "Cantidad de follows = 3455"
<br><br><br>string(10) "linoamanda"
string(27) "Cantidad de follows = 10055"
<br><br><br>string(10) "_lorecosta"
string(26) "Cantidad de follows = 2057"
<br><br><br>string(21) "clara.goldenretriever"
string(26) "Cantidad de follows = 3792"
<br><br><br>string(14) "andre.grupoark"
string(26) "Cantidad de follows = 4201"
<br><br><br>string(13) "espacoubaense"
string(26) "Cantidad de follows = 1865"
<br><br><br>string(14) "photoboxbrasil"
string(26) "Cantidad de follows = 2821"
<br><br><br>string(13) "luiara_helmer"
string(26) "Cantidad de follows = 5139"
<br><br><br>string(7) "dul_fcy"
string(26) "Cantidad de follows = 2867"
<br><br><br>string(26) "emporiodapapinhasantoandre"
string(26) "Cantidad de follows = 5006"
<br><br><br>string(15) "rayanemarchetta"
string(26) "Cantidad de follows = 1684"
<br><br><br>string(13) "karol_nunes00"
string(26) "Cantidad de follows = 3611"
<br><br><br>string(10) "apedesign_"
string(26) "Cantidad de follows = 2625"
<br><br><br>string(9) "danilelah"
string(26) "Cantidad de follows = 5053"
<br><br><br>string(8) "kevinm5m"
string(26) "Cantidad de follows = 7549"
<br><br><br>string(12) "noahestetica"
string(26) "Cantidad de follows = 8839"
<br><br><br>string(9) "casadovaz"
string(26) "Cantidad de follows = 7068"
<br><br><br>string(8) "arena7bh"
string(26) "Cantidad de follows = 4403"
<br><br><br>object(stdClass)#10 (2) {
  ["id"]=>
  string(5) "30581"
  ["login"]=>
  string(13) "mathoficialbr"
}
string(17) "jonatas.batistela"
string(27) "Cantidad de follows = 14912"
<br><br><br>string(10) "queirozloo"
string(26) "Cantidad de follows = 3666"
<br><br><br>object(stdClass)#207 (2) {
  ["id"]=>
  string(5) "30593"
  ["login"]=>
  string(12) "rogersiiilva"
}
string(11) "marci0viana"
string(26) "Cantidad de follows = 1307"
<br><br><br>string(16) "chefsheiladuarte"
string(26) "Cantidad de follows = 1035"
<br><br><br>string(8) "itsredtv"
string(27) "Cantidad de follows = 44339"
<br><br><br>object(stdClass)#31 (2) {
  ["id"]=>
  string(5) "30622"
  ["login"]=>
  string(8) "lorisfaz"
}
object(stdClass)#106 (2) {
  ["id"]=>
  string(5) "30623"
  ["login"]=>
  string(20) "emagrecer_ja_oficial"
}
string(19) "tamyparadorneptunia"
string(26) "Cantidad de follows = 5743"
<br><br><br>string(9) "gabicoach"
string(26) "Cantidad de follows = 3495"
<br><br><br>string(14) "amanda3santana"
string(26) "Cantidad de follows = 6367"
<br><br><br>string(8) "crecleao"
string(26) "Cantidad de follows = 3237"
<br><br><br>string(10) "elluhalves"
string(26) "Cantidad de follows = 5345"
<br><br><br>string(18) "mixsushicafebistek"
string(26) "Cantidad de follows = 5894"
<br><br><br>string(16) "f1ciaimobiliaria"
string(26) "Cantidad de follows = 3280"
<br><br><br>string(15) "vitor_honorato3"
string(26) "Cantidad de follows = 1130"
<br><br><br>string(13) "veneno_daseda"
string(26) "Cantidad de follows = 2069"
<br><br><br>string(10) "mc2turismo"
string(27) "Cantidad de follows = 17901"
<br><br><br>string(19) "erickakamineoficial"
string(26) "Cantidad de follows = 6619"
<br><br><br>string(11) "fredmunizrj"
string(26) "Cantidad de follows = 1467"
<br><br><br>object(stdClass)#101 (2) {
  ["id"]=>
  string(5) "30718"
  ["login"]=>
  string(16) "luis.fernando.br"
}
string(17) "drasheilawatanabe"
string(26) "Cantidad de follows = 1746"
<br><br><br>string(12) "laysasmacedo"
string(26) "Cantidad de follows = 2896"
<br><br><br>string(17) "creativapapelaria"
string(25) "Cantidad de follows = 329"
<br><br><br>string(11) "aondeiremsp"
string(27) "Cantidad de follows = 25235"
<br><br><br>object(stdClass)#163 (2) {
  ["id"]=>
  string(5) "30815"
  ["login"]=>
  string(6) "79_app"
}
string(8) "tompsonr"
string(25) "Cantidad de follows = 350"
<br><br><br>string(15) "dioceliogoulart"
string(27) "Cantidad de follows = 19009"
<br><br><br>string(15) "victorperazzini"
string(26) "Cantidad de follows = 2420"
<br><br><br>string(12) "alberto_test"
string(25) "Cantidad de follows = 296"
<br><br><br>string(13) "fassegseguros"
string(26) "Cantidad de follows = 7234"
<br><br><br>string(18) "giovanni.consultor"
string(25) "Cantidad de follows = 852"
<br><br><br>string(17) "coach.jorgeamorim"
string(26) "Cantidad de follows = 1000"
<br><br><br>string(16) "blessedmaemequer"
string(27) "Cantidad de follows = 16012"
<br><br><br>string(15) "baile_de_camelo"
string(25) "Cantidad de follows = 755"
<br><br><br>string(13) "dentistabruna"
string(25) "Cantidad de follows = 185"
<br><br><br>string(11) "chicomorais"
string(26) "Cantidad de follows = 4645"
<br><br><br>string(13) "adrianemayumi"
string(27) "Cantidad de follows = 13439"
<br><br><br>string(14) "dresscode.byrm"
string(25) "Cantidad de follows = 230"
<br><br><br>object(stdClass)#148 (2) {
  ["id"]=>
  string(5) "30911"
  ["login"]=>
  string(15) "alynemultiforme"
}
string(15) "ehpralaqueeuvou"
string(26) "Cantidad de follows = 1230"
<br><br><br>string(14) "douglasvwalker"
string(26) "Cantidad de follows = 1720"
<br><br><br>string(11) "brimigreipt"
string(25) "Cantidad de follows = 321"
<br><br><br>string(8) "dazz.777"
string(26) "Cantidad de follows = 1015"
<br><br><br>string(14) "rafaella_neves"
string(26) "Cantidad de follows = 3743"
<br><br><br>string(8) "soueuwal"
string(26) "Cantidad de follows = 1647"
<br><br><br>string(22) "lacosdasmeninasoficial"
string(26) "Cantidad de follows = 2239"
<br><br><br>string(13) "talitamcostta"
string(25) "Cantidad de follows = 560"
<br><br><br>string(17) "fernandinhobranco"
string(24) "Cantidad de follows = 60"
<br><br><br>string(8) "pionunes"
string(27) "Cantidad de follows = 17250"
<br><br><br>string(18) "confeitariadagabi_"
string(24) "Cantidad de follows = 65"
<br><br><br>string(14) "brunoalvarez.1"
string(25) "Cantidad de follows = 536"
<br><br><br>string(10) "1989closet"
string(26) "Cantidad de follows = 5875"
<br><br><br>string(12) "jumota_decor"
string(26) "Cantidad de follows = 1394"
<br><br><br>string(16) "marmitinhaslight"
string(26) "Cantidad de follows = 2656"
<br><br><br>string(24) "leoart_desing_paisagismo"
string(26) "Cantidad de follows = 6728"
<br><br><br>string(14) "carolfroemming"
string(26) "Cantidad de follows = 6928"
<br><br><br>string(24) "priscilaaparecidasantoss"
string(25) "Cantidad de follows = 601"
<br><br><br>object(stdClass)#34 (2) {
  ["id"]=>
  string(5) "31080"
  ["login"]=>
  string(9) "chio18789"
}
string(13) "kasamor_store"
string(26) "Cantidad de follows = 2294"
<br><br><br>string(13) "thamysilva201"
string(26) "Cantidad de follows = 3828"
<br><br><br>string(10) "alexrssp12"
string(25) "Cantidad de follows = 315"
<br><br><br>string(14) "silvio.cesarjr"
string(24) "Cantidad de follows = 59"
<br><br><br>string(12) "levis_tudouu"
string(27) "Cantidad de follows = 15675"
<br><br><br>string(8) "euogomez"
string(26) "Cantidad de follows = 2471"
<br><br><br>string(14) "amorefeoficial"
string(26) "Cantidad de follows = 4522"
<br><br><br>string(15) "studioambientes"
string(27) "Cantidad de follows = 14369"
<br><br><br>string(12) "gomilkbrasil"
string(26) "Cantidad de follows = 1019"
<br><br><br>string(13) "gomed.digital"
string(26) "Cantidad de follows = 2273"
<br><br><br>object(stdClass)#107 (2) {
  ["id"]=>
  string(5) "31133"
  ["login"]=>
  string(6) "lv_luh"
}
string(8) "curyamin"
string(25) "Cantidad de follows = 793"
<br><br><br>string(11) "stancefight"
string(27) "Cantidad de follows = 33700"
<br><br><br>string(19) "medconsultingbrasil"
string(27) "Cantidad de follows = 11904"
<br><br><br>string(3) "usa"
string(26) "Cantidad de follows = 4652"
<br><br><br>string(8) "voa_hati"
string(26) "Cantidad de follows = 2963"
<br><br><br>string(18) "robsonbarbosacoach"
string(26) "Cantidad de follows = 6146"
<br><br><br>string(10) "yasmincgr_"
string(26) "Cantidad de follows = 1037"
<br><br><br>string(14) "kharlos_soares"
string(25) "Cantidad de follows = 206"
<br><br><br>string(19) "chrystopher.gabriel"
string(25) "Cantidad de follows = 321"
<br><br><br>string(7) "nega.93"
string(26) "Cantidad de follows = 9695"
<br><br><br>string(13) "cahrlossoares"
string(24) "Cantidad de follows = 61"
<br><br><br>string(8) "emillymv"
string(26) "Cantidad de follows = 3957"
<br><br><br>string(11) "_j.o.a.o___"
string(25) "Cantidad de follows = 183"
<br><br><br>string(14) "antonioportes_"
string(25) "Cantidad de follows = 227"
<br><br><br>string(14) "samo_oliveiraa"
string(25) "Cantidad de follows = 646"
<br><br><br>string(12) "aleehzinho_t"
string(25) "Cantidad de follows = 172"
<br><br><br>string(15) "jonasfahelysson"
string(26) "Cantidad de follows = 6885"
<br><br><br>string(13) "mari_azeredo_"
string(25) "Cantidad de follows = 768"
<br><br><br>string(18) "clinicaformighieri"
string(26) "Cantidad de follows = 2060"
<br><br><br>string(10) "guiturner_"
string(26) "Cantidad de follows = 8912"
<br><br><br>string(14) "carloskpulling"
string(28) "Cantidad de follows = 112778"
<br><br><br>string(10) "oppaviajei"
string(25) "Cantidad de follows = 707"
<br><br><br>string(19) "madtattoobarbershop"
string(25) "Cantidad de follows = 699"
<br><br><br>string(15) "jujucoelhopinto"
string(27) "Cantidad de follows = 28267"
<br><br><br>string(13) "gersonaraujo_"
string(26) "Cantidad de follows = 2262"
<br><br><br>object(stdClass)#81 (2) {
  ["id"]=>
  string(5) "31318"
  ["login"]=>
  string(11) "josiasnetoo"
}
string(19) "blogsairdozeroagora"
string(26) "Cantidad de follows = 1276"
<br><br><br>object(stdClass)#81 (2) {
  ["id"]=>
  string(5) "31325"
  ["login"]=>
  string(18) "neonprodutorapromo"
}
object(stdClass)#204 (2) {
  ["id"]=>
  string(5) "31326"
  ["login"]=>
  string(6) "djrat_"
}
object(stdClass)#81 (2) {
  ["id"]=>
  string(5) "31337"
  ["login"]=>
  string(23) "anderson_diego_oliveira"
}
string(19) "anacarlarodrigues19"
string(26) "Cantidad de follows = 3039"
<br><br><br>object(stdClass)#81 (2) {
  ["id"]=>
  string(5) "31346"
  ["login"]=>
  string(15) "siimoneepereira"
}
string(13) "jubart_design"
string(25) "Cantidad de follows = 589"
<br><br><br>string(19) "bellkeyprofessional"
string(26) "Cantidad de follows = 1635"
<br><br><br>string(8) "ealine._"
string(26) "Cantidad de follows = 4635"
<br><br><br>string(8) "wheresje"
string(27) "Cantidad de follows = 72534"
<br><br><br>string(12) "ronyfgomesss"
string(26) "Cantidad de follows = 3124"
<br><br><br>string(16) "jhonatha_feitosa"
string(26) "Cantidad de follows = 1198"
<br><br><br>string(15) "blena.nathallya"
string(26) "Cantidad de follows = 1085"
<br><br><br>string(10) "edersonflx"
string(26) "Cantidad de follows = 6841"
<br><br><br>string(23) "tridorimpermebializacao"
string(25) "Cantidad de follows = 137"
<br><br><br>string(9) "jehdpires"
string(25) "Cantidad de follows = 803"
<br><br><br>string(18) "emagrecer_agora.br"
string(25) "Cantidad de follows = 789"
<br><br><br>string(9) "caio_luka"
string(25) "Cantidad de follows = 286"
<br><br><br>string(10) "brasil.anb"
string(25) "Cantidad de follows = 632"
<br><br><br>string(19) "jeanpiresfotografia"
string(26) "Cantidad de follows = 1050"
<br><br><br>object(stdClass)#31 (2) {
  ["id"]=>
  string(5) "31483"
  ["login"]=>
  string(12) "canutoandree"
}
string(15) "charles_gsilvaa"
string(26) "Cantidad de follows = 1859"
<br><br><br>string(15) "theluccassantos"
string(26) "Cantidad de follows = 1123"
<br><br><br>string(10) "biih_faith"
string(26) "Cantidad de follows = 1480"
<br><br><br>string(18) "leonardomonteiro00"
string(25) "Cantidad de follows = 897"
<br><br><br>string(17) "carlafagundesblog"
string(26) "Cantidad de follows = 6279"
<br><br><br>string(13) "aguedamaurien"
string(26) "Cantidad de follows = 2551"
<br><br><br>string(13) "pedrosagfteam"
string(26) "Cantidad de follows = 1890"
<br><br><br>string(9) "eusoudaro"
string(26) "Cantidad de follows = 1602"
<br><br><br>string(14) "caiquefregnani"
string(27) "Cantidad de follows = 10456"
<br><br><br>string(14) "heitorsoares.c"
string(26) "Cantidad de follows = 7928"
<br><br><br>string(21) "mulheres_que_se_amam_"
string(24) "Cantidad de follows = 66"
<br><br><br>string(17) "marco.suplementos"
string(27) "Cantidad de follows = 10044"
<br><br><br>string(8) "tetovivo"
string(26) "Cantidad de follows = 1874"
<br><br><br>string(14) "andrewanderley"
string(26) "Cantidad de follows = 3280"
<br><br><br>string(9) "vitormc83"
string(25) "Cantidad de follows = 173"
<br><br><br>string(8) "_lsilvva"
string(26) "Cantidad de follows = 6214"
<br><br><br>string(17) "clube_das_gostosa"
string(26) "Cantidad de follows = 1377"
<br><br><br>string(17) "esteticista_julia"
string(25) "Cantidad de follows = 614"
<br><br><br>string(10) "kauadellon"
string(25) "Cantidad de follows = 626"
<br><br><br>string(20) "divulgageraisoficial"
string(27) "Cantidad de follows = 20910"
<br><br><br>string(18) "dr.grimaldobicalho"
string(26) "Cantidad de follows = 1689"
<br><br><br>string(10) "rahfritzen"
string(26) "Cantidad de follows = 9120"
<br><br><br>object(stdClass)#18 (2) {
  ["id"]=>
  string(5) "31679"
  ["login"]=>
  string(13) "eiandrecanuto"
}
string(10) "mariodj.uy"
string(26) "Cantidad de follows = 1817"
<br><br><br>string(14) "stephanmarinho"
string(26) "Cantidad de follows = 7021"
<br><br><br>string(9) "misouza07"
string(25) "Cantidad de follows = 722"
<br><br><br>string(16) "glaubritooficial"
string(26) "Cantidad de follows = 1879"
<br><br><br>string(18) "anacarolinefavacho"
string(26) "Cantidad de follows = 1261"
<br><br><br>string(17) "natpharmafarmacia"
string(25) "Cantidad de follows = 659"
<br><br><br>string(13) "tablesdecorpy"
string(25) "Cantidad de follows = 566"
<br><br><br>string(18) "julianasilvaespaco"
string(26) "Cantidad de follows = 1229"
<br><br><br>object(stdClass)#165 (2) {
  ["id"]=>
  string(5) "31743"
  ["login"]=>
  string(22) "alice_carvalho_oficial"
}
string(14) "juliaparanhos_"
string(27) "Cantidad de follows = 41329"
<br><br><br>string(18) "rannabeckeroficial"
string(27) "Cantidad de follows = 20268"
<br><br><br>string(13) "gomesterapias"
string(27) "Cantidad de follows = 49132"
<br><br><br>string(10) "filhoteeco"
string(27) "Cantidad de follows = 32786"
<br><br><br>object(stdClass)#59 (2) {
  ["id"]=>
  string(5) "31757"
  ["login"]=>
  string(15) "umbr_no_youtube"
}
string(12) "jeff_valerio"
string(25) "Cantidad de follows = 222"
<br><br><br>string(12) "calmbunnypet"
string(25) "Cantidad de follows = 642"
<br><br><br>string(9) "equipe.dx"
string(26) "Cantidad de follows = 2476"
<br><br><br>string(11) "mr.andyarte"
string(24) "Cantidad de follows = 84"
<br><br><br>string(12) "401loungebar"
string(26) "Cantidad de follows = 6685"
<br><br><br>string(14) "edinhotattoojc"
string(27) "Cantidad de follows = 10805"
<br><br><br>\n<br>JOB DONE!!!<br>\n2018-10-12 07:54:36am