DAILY REPORT Inited...!<br>
2018-10-05 06:30:01am<br>
string(14) "alberto_dreyes"
string(27) "Cantidad de follows = 14451"
<br><br><br>string(19) "opiniaoconservadora"
string(27) "Cantidad de follows = 55513"
<br><br><br>string(17) "sibitecomunicacao"
string(27) "Cantidad de follows = 10295"
<br><br><br>string(11) "mo.taniguti"
string(27) "Cantidad de follows = 20870"
<br><br><br>object(stdClass)#27 (2) {
  ["id"]=>
  string(3) "146"
  ["login"]=>
  string(12) "auepromocoes"
}
string(23) "jeunesse_bycrislafratta"
string(25) "Cantidad de follows = 186"
<br><br><br>string(12) "lily.s.alves"
string(26) "Cantidad de follows = 2094"
<br><br><br>string(10) "powerlook_"
string(27) "Cantidad de follows = 60513"
<br><br><br>object(stdClass)#12 (2) {
  ["id"]=>
  string(3) "245"
  ["login"]=>
  string(18) "xodozinho.retratos"
}
object(stdClass)#29 (2) {
  ["id"]=>
  string(3) "867"
  ["login"]=>
  string(14) "joaovictorjvb1"
}
object(stdClass)#12 (2) {
  ["id"]=>
  string(4) "1059"
  ["login"]=>
  string(8) "graverrj"
}
string(7) "ma_luco"
string(27) "Cantidad de follows = 28556"
<br><br><br>string(12) "carlloooooss"
string(26) "Cantidad de follows = 1288"
<br><br><br>string(15) "sapatodochef.pa"
string(26) "Cantidad de follows = 2381"
<br><br><br>object(stdClass)#218 (2) {
  ["id"]=>
  string(4) "2175"
  ["login"]=>
  string(10) "vireiloira"
}
string(18) "mercadomodelobahia"
string(26) "Cantidad de follows = 9069"
<br><br><br>string(11) "thayscalmon"
string(26) "Cantidad de follows = 5234"
<br><br><br>string(11) "decoremundo"
string(27) "Cantidad de follows = 14315"
<br><br><br>string(9) "decorcool"
string(23) "Cantidad de follows = 7"
<br><br><br>string(8) "fragabar"
string(26) "Cantidad de follows = 4310"
<br><br><br>object(stdClass)#191 (2) {
  ["id"]=>
  string(4) "4236"
  ["login"]=>
  string(8) "lorenaym"
}
string(11) "pamelaotero"
string(27) "Cantidad de follows = 46044"
<br><br><br>string(19) "starpointcollection"
string(27) "Cantidad de follows = 12706"
<br><br><br>string(9) "katiacsdc"
string(27) "Cantidad de follows = 18353"
<br><br><br>string(14) "grazielialvess"
string(27) "Cantidad de follows = 21620"
<br><br><br>string(22) "dra_barbaravasconcelos"
string(27) "Cantidad de follows = 23559"
<br><br><br>string(21) "comandantedochurrasco"
string(27) "Cantidad de follows = 56797"
<br><br><br>string(12) "40antesdos40"
string(27) "Cantidad de follows = 25864"
<br><br><br>string(16) "drricardopalacio"
string(27) "Cantidad de follows = 25486"
<br><br><br>string(12) "pollyruffini"
string(26) "Cantidad de follows = 6997"
<br><br><br>string(14) "carlos_skatmar"
string(26) "Cantidad de follows = 2329"
<br><br><br>string(10) "star_point"
string(27) "Cantidad de follows = 32494"
<br><br><br>string(8) "rruizmma"
string(27) "Cantidad de follows = 47036"
<br><br><br>string(8) "dumbu.09"
string(26) "Cantidad de follows = 7692"
<br><br><br>string(14) "marcosp.medina"
string(26) "Cantidad de follows = 4089"
<br><br><br>string(11) "sandrozion7"
string(27) "Cantidad de follows = 21110"
<br><br><br>string(17) "grandville_hoteis"
string(27) "Cantidad de follows = 12661"
<br><br><br>string(11) "josiasdiass"
string(27) "Cantidad de follows = 18044"
<br><br><br>string(18) "barbaracampospalma"
string(26) "Cantidad de follows = 8717"
<br><br><br>string(9) "telless13"
string(27) "Cantidad de follows = 14835"
<br><br><br>string(13) "bandamegafire"
string(27) "Cantidad de follows = 23424"
<br><br><br>string(17) "sosoportunidade10"
string(25) "Cantidad de follows = 966"
<br><br><br>string(18) "academia_king_thai"
string(26) "Cantidad de follows = 5073"
<br><br><br>string(13) "renatafontany"
string(27) "Cantidad de follows = 32850"
<br><br><br>string(14) "cabelosaugusto"
string(27) "Cantidad de follows = 22797"
<br><br><br>string(14) "brunocerqueira"
string(27) "Cantidad de follows = 10587"
<br><br><br>string(10) "noxboymike"
string(26) "Cantidad de follows = 5473"
<br><br><br>string(20) "juliobaptistaoficial"
string(28) "Cantidad de follows = 250532"
<br><br><br>string(21) "ateliermarielamoreira"
string(27) "Cantidad de follows = 15834"
<br><br><br>object(stdClass)#87 (2) {
  ["id"]=>
  string(5) "11096"
  ["login"]=>
  string(12) "michaelletjp"
}
object(stdClass)#16 (2) {
  ["id"]=>
  string(5) "11099"
  ["login"]=>
  string(13) "agostochuvoso"
}
string(11) "insultedboy"
string(26) "Cantidad de follows = 3532"
<br><br><br>string(11) "weilla_morg"
string(25) "Cantidad de follows = 930"
<br><br><br>string(11) "raphabritoo"
string(27) "Cantidad de follows = 16073"
<br><br><br>string(10) "vinihveiga"
string(26) "Cantidad de follows = 4100"
<br><br><br>object(stdClass)#90 (2) {
  ["id"]=>
  string(5) "11131"
  ["login"]=>
  string(14) "deliciasdoronk"
}
string(16) "duuduuzinhosilva"
string(26) "Cantidad de follows = 3026"
<br><br><br>string(9) "carlosbsg"
string(25) "Cantidad de follows = 918"
<br><br><br>string(12) "danndourado0"
string(27) "Cantidad de follows = 14733"
<br><br><br>string(7) "biel312"
string(24) "Cantidad de follows = 10"
<br><br><br>string(11) "caiogrunupp"
string(26) "Cantidad de follows = 3324"
<br><br><br>string(11) "paullonunan"
string(26) "Cantidad de follows = 1430"
<br><br><br>string(12) "pablodiego15"
string(26) "Cantidad de follows = 1090"
<br><br><br>object(stdClass)#55 (2) {
  ["id"]=>
  string(5) "11230"
  ["login"]=>
  string(16) "_luferreiranunes"
}
string(14) "natan_mantelli"
string(25) "Cantidad de follows = 800"
<br><br><br>string(17) "antoniocarlos3627"
string(24) "Cantidad de follows = 43"
<br><br><br>string(11) "365_indubai"
string(27) "Cantidad de follows = 21495"
<br><br><br>object(stdClass)#93 (2) {
  ["id"]=>
  string(5) "11239"
  ["login"]=>
  string(12) "ceottosinuhe"
}
string(14) "vitoriaabritto"
string(27) "Cantidad de follows = 33414"
<br><br><br>string(11) "lojaoperapc"
string(27) "Cantidad de follows = 23898"
<br><br><br>string(12) "huealimentos"
string(26) "Cantidad de follows = 5008"
<br><br><br>string(13) "kstimportados"
string(26) "Cantidad de follows = 4398"
<br><br><br>string(7) "wi11see"
string(27) "Cantidad de follows = 11653"
<br><br><br>string(12) "s7_producoes"
string(26) "Cantidad de follows = 6019"
<br><br><br>string(12) "gabrielaribi"
string(26) "Cantidad de follows = 7622"
<br><br><br>string(17) "brunosennaimagens"
string(27) "Cantidad de follows = 13162"
<br><br><br>string(14) "maycowmontemor"
string(27) "Cantidad de follows = 32226"
<br><br><br>string(14) "alinemarcovici"
string(27) "Cantidad de follows = 18550"
<br><br><br>string(10) "junior.dev"
string(27) "Cantidad de follows = 17735"
<br><br><br>string(13) "amaassessoria"
string(26) "Cantidad de follows = 7683"
<br><br><br>string(11) "julisciotto"
string(27) "Cantidad de follows = 23954"
<br><br><br>string(14) "draalinehsilva"
string(27) "Cantidad de follows = 20230"
<br><br><br>string(13) "rodasemotores"
string(27) "Cantidad de follows = 13753"
<br><br><br>string(13) "euclaracampos"
string(26) "Cantidad de follows = 4289"
<br><br><br>string(19) "thamaraelisa.tattoo"
string(27) "Cantidad de follows = 14291"
<br><br><br>string(15) "megaminassports"
string(26) "Cantidad de follows = 6768"
<br><br><br>string(16) "agencia_portal37"
string(26) "Cantidad de follows = 3344"
<br><br><br>object(stdClass)#63 (2) {
  ["id"]=>
  string(5) "11792"
  ["login"]=>
  string(14) "hf_metalurgica"
}
string(13) "grillegourmet"
string(26) "Cantidad de follows = 5127"
<br><br><br>string(11) "davidkapper"
string(27) "Cantidad de follows = 12831"
<br><br><br>string(11) "7chavesfoto"
string(27) "Cantidad de follows = 11079"
<br><br><br>string(11) "joiaskether"
string(27) "Cantidad de follows = 19510"
<br><br><br>string(14) "luziasantana33"
string(28) "Cantidad de follows = 237475"
<br><br><br>string(13) "thiagovaleiro"
string(26) "Cantidad de follows = 3845"
<br><br><br>object(stdClass)#121 (2) {
  ["id"]=>
  string(5) "12434"
  ["login"]=>
  string(9) "dupicasso"
}
string(11) "laura_bergo"
string(26) "Cantidad de follows = 6421"
<br><br><br>string(15) "dra.raphabecker"
string(27) "Cantidad de follows = 19622"
<br><br><br>string(14) "andreluiznardo"
string(27) "Cantidad de follows = 16566"
<br><br><br>string(8) "letdaher"
string(27) "Cantidad de follows = 27997"
<br><br><br>string(9) "dgarciia_"
string(25) "Cantidad de follows = 845"
<br><br><br>string(10) "joaosurf12"
string(24) "Cantidad de follows = 96"
<br><br><br>string(8) "itsandco"
string(27) "Cantidad de follows = 19518"
<br><br><br>string(10) "ela_andrea"
string(27) "Cantidad de follows = 22518"
<br><br><br>string(14) "nafurtadocakes"
string(26) "Cantidad de follows = 6513"
<br><br><br>string(18) "castrolautoservice"
string(26) "Cantidad de follows = 9357"
<br><br><br>string(9) "livdrinks"
string(27) "Cantidad de follows = 47648"
<br><br><br>string(18) "portalautoshopping"
string(27) "Cantidad de follows = 12133"
<br><br><br>string(20) "manu.mamaeaoquadrado"
string(26) "Cantidad de follows = 9535"
<br><br><br>string(15) "odontowebschool"
string(27) "Cantidad de follows = 10608"
<br><br><br>string(9) "abarkeria"
string(27) "Cantidad de follows = 33504"
<br><br><br>object(stdClass)#53 (2) {
  ["id"]=>
  string(5) "15166"
  ["login"]=>
  string(14) "__fehholiveira"
}
string(10) "ninabaking"
string(26) "Cantidad de follows = 8963"
<br><br><br>string(10) "jgiordanoo"
string(27) "Cantidad de follows = 12560"
<br><br><br>string(18) "domhairfelippewill"
string(27) "Cantidad de follows = 11518"
<br><br><br>string(7) "pbpetti"
string(27) "Cantidad de follows = 39769"
<br><br><br>string(10) "psych0wolf"
string(25) "Cantidad de follows = 409"
<br><br><br>string(8) "andreiso"
string(26) "Cantidad de follows = 9493"
<br><br><br>string(13) "biadiascoelho"
string(26) "Cantidad de follows = 4876"
<br><br><br>string(8) "mytrips7"
string(25) "Cantidad de follows = 525"
<br><br><br>string(13) "directdireito"
string(27) "Cantidad de follows = 11269"
<br><br><br>string(12) "patrickvalle"
string(26) "Cantidad de follows = 3552"
<br><br><br>string(21) "lucianalauferofficial"
string(27) "Cantidad de follows = 18748"
<br><br><br>string(13) "matheuspercut"
string(26) "Cantidad de follows = 1160"
<br><br><br>string(10) "flavia_vdr"
string(27) "Cantidad de follows = 11258"
<br><br><br>object(stdClass)#167 (2) {
  ["id"]=>
  string(5) "16861"
  ["login"]=>
  string(14) "mickael_cortes"
}
string(16) "helder_del_monte"
string(27) "Cantidad de follows = 16353"
<br><br><br>string(18) "physicalpilates_bh"
string(26) "Cantidad de follows = 5619"
<br><br><br>string(13) "faleiroslaura"
string(27) "Cantidad de follows = 12925"
<br><br><br>string(11) "dannysetudo"
string(26) "Cantidad de follows = 9563"
<br><br><br>string(15) "portodepiranhas"
string(27) "Cantidad de follows = 10476"
<br><br><br>string(24) "contadordehistoriasreais"
string(27) "Cantidad de follows = 27646"
<br><br><br>string(6) "guil38"
string(26) "Cantidad de follows = 6487"
<br><br><br>string(22) "vacationhomeneardisney"
string(27) "Cantidad de follows = 19647"
<br><br><br>string(16) "drguilhermecravo"
string(26) "Cantidad de follows = 3167"
<br><br><br>string(6) "ossmkt"
string(26) "Cantidad de follows = 5262"
<br><br><br>string(10) "jhoneheber"
string(27) "Cantidad de follows = 23735"
<br><br><br>string(20) "justiniano0_official"
string(26) "Cantidad de follows = 2987"
<br><br><br>string(15) "sao_os_caipiras"
string(26) "Cantidad de follows = 9465"
<br><br><br>string(9) "acerickrj"
string(27) "Cantidad de follows = 12257"
<br><br><br>string(15) "leandrogarciadj"
string(27) "Cantidad de follows = 19250"
<br><br><br>string(14) "osnirhamburger"
string(26) "Cantidad de follows = 6843"
<br><br><br>string(8) "dutruffi"
string(27) "Cantidad de follows = 14245"
<br><br><br>string(9) "lschuback"
string(26) "Cantidad de follows = 7792"
<br><br><br>string(21) "carolinanortondematos"
string(27) "Cantidad de follows = 11626"
<br><br><br>object(stdClass)#168 (2) {
  ["id"]=>
  string(5) "18103"
  ["login"]=>
  string(22) "denisegoncalves.santos"
}
string(14) "ethianemarques"
string(25) "Cantidad de follows = 694"
<br><br><br>string(10) "synaraleal"
string(27) "Cantidad de follows = 16183"
<br><br><br>string(8) "trinjune"
string(23) "Cantidad de follows = 0"
<br><br><br>string(12) "holy_popcorn"
string(27) "Cantidad de follows = 10473"
<br><br><br>string(9) "eltranvia"
string(27) "Cantidad de follows = 15502"
<br><br><br>string(19) "diegogoulartoficial"
string(27) "Cantidad de follows = 20528"
<br><br><br>string(15) "cartolinadesign"
string(26) "Cantidad de follows = 5638"
<br><br><br>string(9) "quarto_22"
string(26) "Cantidad de follows = 5493"
<br><br><br>string(10) "blogdakeli"
string(24) "Cantidad de follows = 12"
<br><br><br>object(stdClass)#218 (2) {
  ["id"]=>
  string(5) "18816"
  ["login"]=>
  string(10) "lefitnessb"
}
string(9) "awsmining"
string(26) "Cantidad de follows = 4571"
<br><br><br>string(13) "willianabrito"
string(26) "Cantidad de follows = 6750"
<br><br><br>string(23) "eusoutestemunhadogolias"
string(25) "Cantidad de follows = 205"
<br><br><br>string(16) "tumsoundfestival"
string(26) "Cantidad de follows = 1432"
<br><br><br>string(18) "casalbioequilibrio"
string(27) "Cantidad de follows = 11201"
<br><br><br>string(13) "mimosearomaas"
string(26) "Cantidad de follows = 8814"
<br><br><br>string(17) "gventurinpersonal"
string(26) "Cantidad de follows = 2508"
<br><br><br>string(9) "fastfitsc"
string(26) "Cantidad de follows = 3616"
<br><br><br>string(11) "raif_tattoo"
string(27) "Cantidad de follows = 13144"
<br><br><br>string(10) "hustler.hc"
string(26) "Cantidad de follows = 2471"
<br><br><br>string(9) "isarengel"
string(26) "Cantidad de follows = 6743"
<br><br><br>string(8) "7.mboots"
string(27) "Cantidad de follows = 45406"
<br><br><br>string(12) "solus_online"
string(26) "Cantidad de follows = 4045"
<br><br><br>string(11) "refugiohoje"
string(27) "Cantidad de follows = 12427"
<br><br><br>string(13) "nati.fressato"
string(26) "Cantidad de follows = 7255"
<br><br><br>string(16) "bysilviaschaefer"
string(23) "Cantidad de follows = 1"
<br><br><br>string(17) "calcadospaubrasil"
string(26) "Cantidad de follows = 8247"
<br><br><br>string(10) "daly_store"
string(27) "Cantidad de follows = 21624"
<br><br><br>string(11) "angelosciao"
string(26) "Cantidad de follows = 5257"
<br><br><br>string(6) "fuinha"
string(25) "Cantidad de follows = 194"
<br><br><br>string(10) "kombi_krug"
string(25) "Cantidad de follows = 509"
<br><br><br>string(12) "rekombinando"
string(26) "Cantidad de follows = 5964"
<br><br><br>string(15) "blogdasusantoss"
string(26) "Cantidad de follows = 5419"
<br><br><br>string(15) "diadeacessorios"
string(26) "Cantidad de follows = 2316"
<br><br><br>string(18) "christians.pereira"
string(26) "Cantidad de follows = 3757"
<br><br><br>object(stdClass)#39 (2) {
  ["id"]=>
  string(5) "19844"
  ["login"]=>
  string(13) "oficialpharma"
}
string(28) "pedrowilsonrodriguespimentel"
string(26) "Cantidad de follows = 7737"
<br><br><br>string(15) "atelieluizrocha"
string(27) "Cantidad de follows = 10269"
<br><br><br>string(12) "bibiscamargo"
string(26) "Cantidad de follows = 2038"
<br><br><br>string(16) "centerperfumaria"
string(26) "Cantidad de follows = 5533"
<br><br><br>string(10) "pmelorocha"
string(26) "Cantidad de follows = 6372"
<br><br><br>object(stdClass)#58 (2) {
  ["id"]=>
  string(5) "20149"
  ["login"]=>
  string(14) "thaliaalvesdec"
}
string(12) "yasminndias_"
string(26) "Cantidad de follows = 9435"
<br><br><br>string(17) "jb_alves_educador"
string(26) "Cantidad de follows = 3511"
<br><br><br>string(24) "leonardosantosfotografia"
string(27) "Cantidad de follows = 39787"
<br><br><br>string(8) "sporttot"
string(24) "Cantidad de follows = 21"
<br><br><br>object(stdClass)#205 (2) {
  ["id"]=>
  string(5) "20503"
  ["login"]=>
  string(8) "chandler"
}
string(13) "ayllesantiago"
string(28) "Cantidad de follows = 128251"
<br><br><br>string(12) "maisonbiarro"
string(27) "Cantidad de follows = 27547"
<br><br><br>string(15) "iselamendozadec"
string(26) "Cantidad de follows = 6084"
<br><br><br>string(9) "bamboh.pt"
string(26) "Cantidad de follows = 2610"
<br><br><br>string(12) "redeentropia"
string(26) "Cantidad de follows = 5909"
<br><br><br>string(13) "goutaguatinga"
string(26) "Cantidad de follows = 1013"
<br><br><br>object(stdClass)#106 (2) {
  ["id"]=>
  string(5) "20682"
  ["login"]=>
  string(11) "farmapharma"
}
string(18) "calabriapizzariarj"
string(26) "Cantidad de follows = 2476"
<br><br><br>object(stdClass)#106 (2) {
  ["id"]=>
  string(5) "20818"
  ["login"]=>
  string(20) "cadillacs.pastelaria"
}
object(stdClass)#144 (2) {
  ["id"]=>
  string(5) "20927"
  ["login"]=>
  string(25) "missionariojairodossantos"
}
object(stdClass)#106 (2) {
  ["id"]=>
  string(5) "21062"
  ["login"]=>
  string(13) "jesuisluciano"
}
object(stdClass)#144 (2) {
  ["id"]=>
  string(5) "21230"
  ["login"]=>
  string(9) "vikatorsc"
}
string(19) "nicollystoreoficial"
string(26) "Cantidad de follows = 7525"
<br><br><br>object(stdClass)#144 (2) {
  ["id"]=>
  string(5) "21368"
  ["login"]=>
  string(18) "ricardoribeiro0013"
}
string(24) "ramossegurancaeletronica"
string(26) "Cantidad de follows = 3294"
<br><br><br>string(18) "camacariplazahotel"
string(26) "Cantidad de follows = 6230"
<br><br><br>object(stdClass)#48 (2) {
  ["id"]=>
  string(5) "21480"
  ["login"]=>
  string(13) "_telesgabriel"
}
string(12) "fbfabiolopes"
string(26) "Cantidad de follows = 9095"
<br><br><br>object(stdClass)#48 (2) {
  ["id"]=>
  string(5) "21517"
  ["login"]=>
  string(23) "biscuitporvictorialeite"
}
string(10) "trapburger"
string(26) "Cantidad de follows = 2635"
<br><br><br>string(20) "shoppingcasaedesign_"
string(26) "Cantidad de follows = 8653"
<br><br><br>string(9) "samiilly_"
string(27) "Cantidad de follows = 18229"
<br><br><br>object(stdClass)#30 (2) {
  ["id"]=>
  string(5) "21731"
  ["login"]=>
  string(9) "conhecaes"
}
string(7) "loirasn"
string(25) "Cantidad de follows = 193"
<br><br><br>string(15) "santasticauniao"
string(26) "Cantidad de follows = 6301"
<br><br><br>string(19) "embraconcondominios"
string(26) "Cantidad de follows = 4636"
<br><br><br>string(17) "hamburguinhomoema"
string(27) "Cantidad de follows = 60434"
<br><br><br>string(14) "vilmamartins_7"
string(26) "Cantidad de follows = 1314"
<br><br><br>string(12) "leticiajural"
string(26) "Cantidad de follows = 8541"
<br><br><br>string(8) "_zero100"
string(27) "Cantidad de follows = 52183"
<br><br><br>string(20) "lionrollingcircusrio"
string(27) "Cantidad de follows = 14387"
<br><br><br>string(9) "_nerdjunk"
string(26) "Cantidad de follows = 5395"
<br><br><br>string(10) "pilotelton"
string(27) "Cantidad de follows = 11108"
<br><br><br>string(14) "marcioancelmoo"
string(26) "Cantidad de follows = 5002"
<br><br><br>object(stdClass)#141 (2) {
  ["id"]=>
  string(5) "22627"
  ["login"]=>
  string(18) "lucaswiliamsoliver"
}
string(14) "kevinlorenzorj"
string(26) "Cantidad de follows = 3403"
<br><br><br>object(stdClass)#141 (2) {
  ["id"]=>
  string(5) "22701"
  ["login"]=>
  string(21) "falandodemaquiagem_01"
}
string(13) "georgemuchuli"
string(26) "Cantidad de follows = 7777"
<br><br><br>string(15) "wendell_alvess_"
string(24) "Cantidad de follows = 84"
<br><br><br>object(stdClass)#142 (2) {
  ["id"]=>
  string(5) "22786"
  ["login"]=>
  string(6) "jpzk02"
}
object(stdClass)#203 (2) {
  ["id"]=>
  string(5) "22791"
  ["login"]=>
  string(13) "rodrigues.exe"
}
object(stdClass)#142 (2) {
  ["id"]=>
  string(5) "22915"
  ["login"]=>
  string(10) "5000covers"
}
string(18) "marciomouraoficial"
string(27) "Cantidad de follows = 12451"
<br><br><br>object(stdClass)#142 (2) {
  ["id"]=>
  string(5) "23135"
  ["login"]=>
  string(15) "daniak_boutique"
}
string(23) "formatacaotccmonografia"
string(24) "Cantidad de follows = 95"
<br><br><br>string(6) "nekkow"
string(24) "Cantidad de follows = 15"
<br><br><br>string(5) "lucao"
string(25) "Cantidad de follows = 561"
<br><br><br>string(6) "lucao2"
string(25) "Cantidad de follows = 585"
<br><br><br>string(13) "marcelomarkes"
string(27) "Cantidad de follows = 19948"
<br><br><br>string(14) "dl_beautysalon"
string(26) "Cantidad de follows = 1936"
<br><br><br>string(15) "ariadinebarreto"
string(27) "Cantidad de follows = 14660"
<br><br><br>string(13) "canalsemjacar"
string(27) "Cantidad de follows = 14315"
<br><br><br>string(11) "hiratabreno"
string(27) "Cantidad de follows = 12642"
<br><br><br>object(stdClass)#196 (2) {
  ["id"]=>
  string(5) "23543"
  ["login"]=>
  string(14) "erickspimentel"
}
string(12) "jessicaiwata"
string(27) "Cantidad de follows = 34217"
<br><br><br>string(14) "dnaphotoevideo"
string(27) "Cantidad de follows = 29029"
<br><br><br>string(18) "gamecenterpaulista"
string(27) "Cantidad de follows = 10352"
<br><br><br>string(10) "pacofishrd"
string(26) "Cantidad de follows = 8077"
<br><br><br>string(14) "qualityhotelsd"
string(26) "Cantidad de follows = 1204"
<br><br><br>string(17) "isabellabofficial"
string(27) "Cantidad de follows = 14062"
<br><br><br>string(13) "alialioficial"
string(25) "Cantidad de follows = 673"
<br><br><br>string(15) "barbeariadoneno"
string(27) "Cantidad de follows = 13656"
<br><br><br>string(10) "plagamba01"
string(26) "Cantidad de follows = 2637"
<br><br><br>string(11) "oscarcauchi"
string(26) "Cantidad de follows = 3633"
<br><br><br>string(7) "18laras"
string(26) "Cantidad de follows = 1853"
<br><br><br>string(16) "entreomarealagoa"
string(26) "Cantidad de follows = 1676"
<br><br><br>string(9) "darlanred"
string(27) "Cantidad de follows = 21353"
<br><br><br>string(15) "riolisboabrasil"
string(25) "Cantidad de follows = 206"
<br><br><br>string(12) "studio4cinco"
string(26) "Cantidad de follows = 4938"
<br><br><br>string(13) "fabriciofabre"
string(26) "Cantidad de follows = 8603"
<br><br><br>string(22) "suamusicapersonalizada"
string(27) "Cantidad de follows = 10058"
<br><br><br>string(10) "fioremixbr"
string(25) "Cantidad de follows = 324"
<br><br><br>string(8) "kevinvem"
string(23) "Cantidad de follows = 5"
<br><br><br>string(12) "djallannatal"
string(27) "Cantidad de follows = 28147"
<br><br><br>string(15) "polpasempreviva"
string(27) "Cantidad de follows = 34572"
<br><br><br>string(8) "kessyaaa"
string(27) "Cantidad de follows = 11114"
<br><br><br>string(8) "celparra"
string(27) "Cantidad de follows = 10697"
<br><br><br>object(stdClass)#187 (2) {
  ["id"]=>
  string(5) "25524"
  ["login"]=>
  string(11) "tompson9345"
}
object(stdClass)#100 (2) {
  ["id"]=>
  string(5) "25571"
  ["login"]=>
  string(14) "habner_martins"
}
string(24) "fitnessuplementosoficial"
string(25) "Cantidad de follows = 339"
<br><br><br>string(13) "mayconbarroco"
string(27) "Cantidad de follows = 18493"
<br><br><br>string(9) "caiocesar"
string(24) "Cantidad de follows = 85"
<br><br><br>string(8) "lil.fama"
string(27) "Cantidad de follows = 21399"
<br><br><br>string(12) "institutoybi"
string(27) "Cantidad de follows = 17991"
<br><br><br>object(stdClass)#190 (2) {
  ["id"]=>
  string(5) "26183"
  ["login"]=>
  string(14) "andresa_lebens"
}
string(7) "yuryv05"
string(27) "Cantidad de follows = 10314"
<br><br><br>string(15) "eliana_casimiro"
string(26) "Cantidad de follows = 5648"
<br><br><br>string(11) "maloohstore"
string(26) "Cantidad de follows = 3655"
<br><br><br>string(15) "lauraivinadecor"
string(26) "Cantidad de follows = 8925"
<br><br><br>string(16) "simplesmenteamei"
string(27) "Cantidad de follows = 16116"
<br><br><br>string(16) "drraphaelmarques"
string(27) "Cantidad de follows = 21385"
<br><br><br>string(10) "casazunzun"
string(26) "Cantidad de follows = 5580"
<br><br><br>string(14) "draraymedeiros"
string(26) "Cantidad de follows = 1582"
<br><br><br>string(12) "4youdressing"
string(26) "Cantidad de follows = 3560"
<br><br><br>string(21) "lucaslermenfotografia"
string(27) "Cantidad de follows = 14851"
<br><br><br>string(16) "bracholuismiguel"
string(25) "Cantidad de follows = 827"
<br><br><br>string(17) "draflaviasgavioli"
string(27) "Cantidad de follows = 41489"
<br><br><br>string(16) "rafamello_cantor"
string(26) "Cantidad de follows = 9026"
<br><br><br>string(13) "gabinassyrios"
string(27) "Cantidad de follows = 27961"
<br><br><br>string(13) "cardosodani78"
string(25) "Cantidad de follows = 425"
<br><br><br>object(stdClass)#20 (2) {
  ["id"]=>
  string(5) "27362"
  ["login"]=>
  string(9) "k123silva"
}
string(9) "labotique"
string(25) "Cantidad de follows = 276"
<br><br><br>string(11) "eco.noronha"
string(26) "Cantidad de follows = 1075"
<br><br><br>string(13) "gelottisports"
string(26) "Cantidad de follows = 6270"
<br><br><br>string(13) "bombeefsantos"
string(27) "Cantidad de follows = 68821"
<br><br><br>string(15) "parvathi_brasil"
string(26) "Cantidad de follows = 8523"
<br><br><br>string(9) "lobotique"
string(26) "Cantidad de follows = 6595"
<br><br><br>string(8) "talincas"
string(27) "Cantidad de follows = 22591"
<br><br><br>string(21) "visagismofacial_drika"
string(25) "Cantidad de follows = 734"
<br><br><br>string(13) "bakwarabrasil"
string(26) "Cantidad de follows = 1565"
<br><br><br>string(19) "carlabarcellosjoias"
string(27) "Cantidad de follows = 11410"
<br><br><br>string(16) "programagameover"
string(26) "Cantidad de follows = 1124"
<br><br><br>string(15) "aafrodite.store"
string(26) "Cantidad de follows = 5768"
<br><br><br>string(12) "rogiacomello"
string(26) "Cantidad de follows = 1418"
<br><br><br>string(11) "solvebrazil"
string(26) "Cantidad de follows = 1173"
<br><br><br>string(16) "drafernandavolpi"
string(27) "Cantidad de follows = 12424"
<br><br><br>object(stdClass)#212 (2) {
  ["id"]=>
  string(5) "27722"
  ["login"]=>
  string(14) "maribel.silent"
}
string(13) "miocheoficial"
string(27) "Cantidad de follows = 45310"
<br><br><br>string(11) "daylipadron"
string(26) "Cantidad de follows = 8197"
<br><br><br>string(14) "mercadolabarra"
string(26) "Cantidad de follows = 4196"
<br><br><br>string(10) "naraabreuu"
string(26) "Cantidad de follows = 4567"
<br><br><br>string(8) "lukmodas"
string(26) "Cantidad de follows = 8107"
<br><br><br>string(21) "girlsgardenacessorios"
string(26) "Cantidad de follows = 2025"
<br><br><br>string(13) "capimlimaomga"
string(26) "Cantidad de follows = 5443"
<br><br><br>string(15) "maxpremiumjeans"
string(26) "Cantidad de follows = 8421"
<br><br><br>string(8) "bruna.fb"
string(27) "Cantidad de follows = 21200"
<br><br><br>string(14) "na_cara_do_gol"
string(26) "Cantidad de follows = 3030"
<br><br><br>string(13) "jessicacytrus"
string(27) "Cantidad de follows = 29772"
<br><br><br>string(11) "cyrofuziama"
string(27) "Cantidad de follows = 25258"
<br><br><br>string(11) "thaycomfome"
string(27) "Cantidad de follows = 26505"
<br><br><br>string(10) "dankana_dk"
string(26) "Cantidad de follows = 8831"
<br><br><br>string(13) "vivimaquiagem"
string(26) "Cantidad de follows = 2474"
<br><br><br>string(14) "fshirtsdesigns"
string(25) "Cantidad de follows = 369"
<br><br><br>string(15) "closetdasduasto"
string(27) "Cantidad de follows = 14170"
<br><br><br>object(stdClass)#136 (2) {
  ["id"]=>
  string(5) "28069"
  ["login"]=>
  string(14) "rosaduartelash"
}
object(stdClass)#91 (2) {
  ["id"]=>
  string(5) "28075"
  ["login"]=>
  string(11) "gardelmaroz"
}
object(stdClass)#136 (2) {
  ["id"]=>
  string(5) "28080"
  ["login"]=>
  string(16) "msanchescaroline"
}
string(3) "ola"
string(26) "Cantidad de follows = 3218"
<br><br><br>object(stdClass)#136 (2) {
  ["id"]=>
  string(5) "28092"
  ["login"]=>
  string(9) "pri_avlis"
}
string(13) "ferefacrochet"
string(26) "Cantidad de follows = 8922"
<br><br><br>object(stdClass)#136 (2) {
  ["id"]=>
  string(5) "28099"
  ["login"]=>
  string(13) "menezesandree"
}
string(7) "nr_mini"
string(27) "Cantidad de follows = 11025"
<br><br><br>string(6) "dz9bnb"
string(26) "Cantidad de follows = 3309"
<br><br><br>object(stdClass)#180 (2) {
  ["id"]=>
  string(5) "28145"
  ["login"]=>
  string(20) "nossoapartamento_103"
}
string(18) "cheirinhodamariana"
string(26) "Cantidad de follows = 7629"
<br><br><br>object(stdClass)#180 (2) {
  ["id"]=>
  string(5) "28213"
  ["login"]=>
  string(15) "malucassimiro.r"
}
string(16) "alvomarketingagc"
string(26) "Cantidad de follows = 9500"
<br><br><br>string(17) "ilmiocasamentoios"
string(26) "Cantidad de follows = 1005"
<br><br><br>string(16) "dranayanepacheco"
string(28) "Cantidad de follows = 139534"
<br><br><br>string(24) "silvanonunes.hairstylist"
string(27) "Cantidad de follows = 19762"
<br><br><br>object(stdClass)#190 (2) {
  ["id"]=>
  string(5) "28276"
  ["login"]=>
  string(13) "tatyanealvess"
}
string(21) "closetdemulheroficial"
string(26) "Cantidad de follows = 3928"
<br><br><br>string(17) "drdanilopelegrino"
string(26) "Cantidad de follows = 5853"
<br><br><br>string(20) "mariaclaraguimaraes1"
string(27) "Cantidad de follows = 34701"
<br><br><br>string(15) "vitoria.mamedio"
string(26) "Cantidad de follows = 7511"
<br><br><br>string(12) "meirellesipc"
string(26) "Cantidad de follows = 1522"
<br><br><br>string(12) "luporluciana"
string(26) "Cantidad de follows = 8490"
<br><br><br>string(11) "andersonvoo"
string(26) "Cantidad de follows = 1054"
<br><br><br>string(14) "niqueferreiira"
string(27) "Cantidad de follows = 12344"
<br><br><br>string(15) "carlota_barnabe"
string(27) "Cantidad de follows = 12800"
<br><br><br>string(17) "drdanilopelegrino"
string(26) "Cantidad de follows = 5853"
<br><br><br>string(9) "lipinhuss"
string(26) "Cantidad de follows = 1775"
<br><br><br>string(13) "mayaramarkes_"
string(26) "Cantidad de follows = 8594"
<br><br><br>string(10) "ky2oficial"
string(26) "Cantidad de follows = 2416"
<br><br><br>string(11) "mendy_vivii"
string(26) "Cantidad de follows = 3869"
<br><br><br>object(stdClass)#49 (2) {
  ["id"]=>
  string(5) "28497"
  ["login"]=>
  string(21) "_medicinaintegrativa_"
}
string(25) "specialitycoffeegastropub"
string(25) "Cantidad de follows = 557"
<br><br><br>string(13) "clubedebolsas"
string(27) "Cantidad de follows = 10294"
<br><br><br>string(11) "carolsousas"
string(26) "Cantidad de follows = 3559"
<br><br><br>object(stdClass)#72 (2) {
  ["id"]=>
  string(5) "28517"
  ["login"]=>
  string(19) "martins_consultoria"
}
string(4) "fila"
string(25) "Cantidad de follows = 828"
<br><br><br>string(6) "reebok"
string(29) "Cantidad de follows = 2116376"
<br><br><br>string(8) "bindanvm"
string(26) "Cantidad de follows = 1487"
<br><br><br>string(18) "wesleyoliveirareal"
string(26) "Cantidad de follows = 2823"
<br><br><br>string(9) "indikqui_"
string(26) "Cantidad de follows = 1330"
<br><br><br>string(10) "luahungria"
string(26) "Cantidad de follows = 4534"
<br><br><br>string(14) "paesda_familia"
string(26) "Cantidad de follows = 3430"
<br><br><br>object(stdClass)#136 (2) {
  ["id"]=>
  string(5) "28557"
  ["login"]=>
  string(10) "kaahcintra"
}
string(17) "reabilitar.studio"
string(26) "Cantidad de follows = 5654"
<br><br><br>string(9) "amaraljej"
string(25) "Cantidad de follows = 613"
<br><br><br>string(14) "websterramalho"
string(25) "Cantidad de follows = 741"
<br><br><br>string(24) "vida_sol_e_mar_ecoresort"
string(26) "Cantidad de follows = 7120"
<br><br><br>string(10) "aco_brasil"
string(26) "Cantidad de follows = 3301"
<br><br><br>string(13) "desafioadois2"
string(26) "Cantidad de follows = 6977"
<br><br><br>string(10) "joaozaneti"
string(27) "Cantidad de follows = 13397"
<br><br><br>string(12) "karbofitness"
string(27) "Cantidad de follows = 10842"
<br><br><br>string(12) "nayaranouber"
string(27) "Cantidad de follows = 17898"
<br><br><br>object(stdClass)#214 (2) {
  ["id"]=>
  string(5) "28654"
  ["login"]=>
  string(11) "ellenrauber"
}
object(stdClass)#38 (2) {
  ["id"]=>
  string(5) "28657"
  ["login"]=>
  string(14) "reserveviagens"
}
string(17) "ingrid_ferreira25"
string(25) "Cantidad de follows = 180"
<br><br><br>string(20) "neovita_fisioterapia"
string(26) "Cantidad de follows = 4891"
<br><br><br>string(17) "dunashookahlounge"
string(26) "Cantidad de follows = 9066"
<br><br><br>string(15) "emporio.forever"
string(25) "Cantidad de follows = 281"
<br><br><br>string(16) "mariakarencosta_"
string(26) "Cantidad de follows = 5833"
<br><br><br>string(13) "pretta_araujo"
string(27) "Cantidad de follows = 11953"
<br><br><br>string(18) "theo_kate_ragdolls"
string(26) "Cantidad de follows = 3546"
<br><br><br>string(9) "xaanndii_"
string(26) "Cantidad de follows = 1236"
<br><br><br>string(15) "pausetakeabreak"
string(26) "Cantidad de follows = 3700"
<br><br><br>string(10) "raquellsan"
string(27) "Cantidad de follows = 26836"
<br><br><br>string(11) "quatro_maos"
string(26) "Cantidad de follows = 4117"
<br><br><br>string(20) "apaudiovisualoficial"
string(25) "Cantidad de follows = 567"
<br><br><br>string(15) "gameoverworldmx"
string(24) "Cantidad de follows = 28"
<br><br><br>string(10) "macielcaio"
string(26) "Cantidad de follows = 3060"
<br><br><br>string(10) "pp_eventos"
string(26) "Cantidad de follows = 3641"
<br><br><br>string(15) "renatacanizares"
string(27) "Cantidad de follows = 13456"
<br><br><br>string(12) "dermatofarma"
string(26) "Cantidad de follows = 8891"
<br><br><br>string(14) "cinarafestasbh"
string(27) "Cantidad de follows = 34205"
<br><br><br>string(10) "mreissilva"
string(27) "Cantidad de follows = 23276"
<br><br><br>string(17) "minutoscomdelavec"
string(27) "Cantidad de follows = 14008"
<br><br><br>string(9) "lilispada"
string(28) "Cantidad de follows = 720135"
<br><br><br>string(13) "edersilveiram"
string(26) "Cantidad de follows = 4516"
<br><br><br>string(15) "rosanatiburtino"
string(26) "Cantidad de follows = 1038"
<br><br><br>string(18) "stopscapautomotivo"
string(26) "Cantidad de follows = 5988"
<br><br><br>object(stdClass)#34 (2) {
  ["id"]=>
  string(5) "28849"
  ["login"]=>
  string(8) "plasjowl"
}
string(12) "itzackcamila"
string(26) "Cantidad de follows = 1350"
<br><br><br>string(15) "eu_gabicarvalho"
string(26) "Cantidad de follows = 2956"
<br><br><br>string(19) "hypinosemodaoficial"
string(26) "Cantidad de follows = 9856"
<br><br><br>string(13) "everttonviana"
string(26) "Cantidad de follows = 9638"
<br><br><br>string(17) "shirleyalesantana"
string(27) "Cantidad de follows = 27947"
<br><br><br>string(14) "leticiastoledo"
string(26) "Cantidad de follows = 2582"
<br><br><br>string(14) "drpedroferrari"
string(27) "Cantidad de follows = 39316"
<br><br><br>string(11) "itamixbazar"
string(26) "Cantidad de follows = 4638"
<br><br><br>string(13) "trader_amador"
string(25) "Cantidad de follows = 167"
<br><br><br>string(16) "isabellasanchess"
string(26) "Cantidad de follows = 2985"
<br><br><br>object(stdClass)#17 (2) {
  ["id"]=>
  string(5) "28962"
  ["login"]=>
  string(15) "tiagomennezes11"
}
string(12) "bunkersounds"
string(26) "Cantidad de follows = 1681"
<br><br><br>string(14) "timmycelulares"
string(25) "Cantidad de follows = 218"
<br><br><br>object(stdClass)#178 (2) {
  ["id"]=>
  string(5) "28988"
  ["login"]=>
  string(15) "programavitrina"
}
object(stdClass)#107 (2) {
  ["id"]=>
  string(5) "28989"
  ["login"]=>
  string(18) "leocar.leonardoniq"
}
object(stdClass)#178 (2) {
  ["id"]=>
  string(5) "28990"
  ["login"]=>
  string(17) "acade_corpoeforma"
}
object(stdClass)#107 (2) {
  ["id"]=>
  string(5) "28993"
  ["login"]=>
  string(11) "atgaranhuns"
}
string(20) "annamaya_arquitetura"
string(26) "Cantidad de follows = 9188"
<br><br><br>string(8) "1kgdobom"
string(27) "Cantidad de follows = 14951"
<br><br><br>string(13) "livre.digital"
string(26) "Cantidad de follows = 3443"
<br><br><br>string(14) "rhuanpenaforte"
string(27) "Cantidad de follows = 10623"
<br><br><br>string(16) "restaurantebario"
string(26) "Cantidad de follows = 1338"
<br><br><br>string(21) "felippeturtransportes"
string(26) "Cantidad de follows = 3130"
<br><br><br>string(15) "solarlifeenergy"
string(25) "Cantidad de follows = 554"
<br><br><br>string(18) "vinteumcomunicacao"
string(25) "Cantidad de follows = 581"
<br><br><br>string(18) "auto_escolaatitude"
string(26) "Cantidad de follows = 2003"
<br><br><br>string(13) "carollremigio"
string(26) "Cantidad de follows = 1071"
<br><br><br>string(13) "pampodelivery"
string(26) "Cantidad de follows = 1277"
<br><br><br>string(20) "txcambioeturismo_rio"
string(26) "Cantidad de follows = 1295"
<br><br><br>string(13) "riveauxmerino"
string(26) "Cantidad de follows = 5429"
<br><br><br>string(15) "carneslaceleste"
string(26) "Cantidad de follows = 2158"
<br><br><br>string(11) "heroairsoft"
string(26) "Cantidad de follows = 3834"
<br><br><br>string(19) "brechoandreaventuro"
string(27) "Cantidad de follows = 36664"
<br><br><br>string(9) "samiilly_"
string(27) "Cantidad de follows = 18229"
<br><br><br>string(14) "luigi_bemporad"
string(24) "Cantidad de follows = 52"
<br><br><br>string(13) "luiz_skydiver"
string(26) "Cantidad de follows = 9861"
<br><br><br>string(15) "luanmachado.arq"
string(26) "Cantidad de follows = 1863"
<br><br><br>string(12) "kaikfariastv"
string(26) "Cantidad de follows = 1989"
<br><br><br>string(16) "colegioguarapuvu"
string(23) "Cantidad de follows = 1"
<br><br><br>string(9) "guarapuvu"
string(26) "Cantidad de follows = 3027"
<br><br><br>string(13) "purocafajeste"
string(27) "Cantidad de follows = 34260"
<br><br><br>string(11) "a_deziderio"
string(26) "Cantidad de follows = 2072"
<br><br><br>object(stdClass)#144 (2) {
  ["id"]=>
  string(5) "29171"
  ["login"]=>
  string(16) "ranchotalisma_mg"
}
object(stdClass)#65 (2) {
  ["id"]=>
  string(5) "29178"
  ["login"]=>
  string(16) "maryana_araujooc"
}
string(13) "vitormagnusss"
string(27) "Cantidad de follows = 42153"
<br><br><br>string(20) "franciscosilva_alves"
string(25) "Cantidad de follows = 269"
<br><br><br>string(17) "mrandersonalmeida"
string(26) "Cantidad de follows = 6328"
<br><br><br>string(10) "inovaluxrj"
string(25) "Cantidad de follows = 191"
<br><br><br>string(17) "mixturinhafashion"
string(26) "Cantidad de follows = 2264"
<br><br><br>string(22) "danelonprimeacessorios"
string(26) "Cantidad de follows = 4660"
<br><br><br>object(stdClass)#119 (2) {
  ["id"]=>
  string(5) "29219"
  ["login"]=>
  string(7) "ruivabr"
}
string(17) "luizjatobaoficial"
string(26) "Cantidad de follows = 9672"
<br><br><br>string(8) "thhai97_"
string(26) "Cantidad de follows = 1616"
<br><br><br>string(10) "tiago_kuhn"
string(26) "Cantidad de follows = 2295"
<br><br><br>object(stdClass)#213 (2) {
  ["id"]=>
  string(5) "29228"
  ["login"]=>
  string(13) "tiolavinicius"
}
string(15) "crisoliveiravmk"
string(26) "Cantidad de follows = 2074"
<br><br><br>string(15) "wesleymichelini"
string(26) "Cantidad de follows = 1807"
<br><br><br>string(18) "raphaelacapobiango"
string(26) "Cantidad de follows = 5553"
<br><br><br>string(11) "castrolucas"
string(26) "Cantidad de follows = 3627"
<br><br><br>string(16) "masseriniosteria"
string(26) "Cantidad de follows = 6107"
<br><br><br>string(10) "alvesgilli"
string(26) "Cantidad de follows = 2012"
<br><br><br>string(10) "felippetur"
string(27) "Cantidad de follows = 19224"
<br><br><br>string(25) "rodrigo.embraconconsorcio"
string(26) "Cantidad de follows = 6275"
<br><br><br>string(14) "naotolendoisso"
string(26) "Cantidad de follows = 3206"
<br><br><br>string(18) "tropical.insurance"
string(25) "Cantidad de follows = 678"
<br><br><br>string(12) "elestore.rio"
string(26) "Cantidad de follows = 1492"
<br><br><br>string(14) "joannaa_aguiar"
string(25) "Cantidad de follows = 573"
<br><br><br>string(12) "ale.mmartins"
string(26) "Cantidad de follows = 1274"
<br><br><br>string(14) "ricvrdomoraes_"
string(26) "Cantidad de follows = 3522"
<br><br><br>string(16) "psgacademyrecife"
string(26) "Cantidad de follows = 4190"
<br><br><br>string(11) "diasluciano"
string(27) "Cantidad de follows = 16130"
<br><br><br>string(15) "othmanejennaoui"
string(27) "Cantidad de follows = 11096"
<br><br><br>string(14) "andresza_ramos"
string(26) "Cantidad de follows = 2003"
<br><br><br>string(23) "estetica.michelecamargo"
string(26) "Cantidad de follows = 3198"
<br><br><br>string(19) "fernandalima.decora"
string(26) "Cantidad de follows = 2156"
<br><br><br>string(13) "ghanabranding"
string(26) "Cantidad de follows = 6759"
<br><br><br>string(16) "binhorodriguess_"
string(26) "Cantidad de follows = 3549"
<br><br><br>string(14) "theblondedetox"
string(26) "Cantidad de follows = 3783"
<br><br><br>string(19) "oficialwinnieamaral"
string(27) "Cantidad de follows = 23022"
<br><br><br>string(19) "pezinhofirmenarocha"
string(28) "Cantidad de follows = 116378"
<br><br><br>string(11) "meempreenda"
string(26) "Cantidad de follows = 3619"
<br><br><br>string(14) "joseluizpontes"
string(25) "Cantidad de follows = 993"
<br><br><br>object(stdClass)#175 (2) {
  ["id"]=>
  string(5) "29486"
  ["login"]=>
  string(15) "eduarda.neves13"
}
string(13) "karinelisuzan"
string(26) "Cantidad de follows = 5112"
<br><br><br>object(stdClass)#175 (2) {
  ["id"]=>
  string(5) "29498"
  ["login"]=>
  string(20) "orlamodapraiaoficial"
}
string(17) "advocacia_messias"
string(26) "Cantidad de follows = 3338"
<br><br><br>string(18) "allbotequipamentos"
string(26) "Cantidad de follows = 2927"
<br><br><br>string(20) "emersonlopeshoficial"
string(27) "Cantidad de follows = 12762"
<br><br><br>string(11) "raissataini"
string(27) "Cantidad de follows = 26553"
<br><br><br>object(stdClass)#15 (2) {
  ["id"]=>
  string(5) "29527"
  ["login"]=>
  string(13) "menezesandree"
}
string(10) "vivianeneu"
string(27) "Cantidad de follows = 28419"
<br><br><br>string(8) "dhougie_"
string(27) "Cantidad de follows = 18664"
<br><br><br>string(24) "andressamakeup_penteados"
string(26) "Cantidad de follows = 3097"
<br><br><br>string(13) "iracemaallves"
string(26) "Cantidad de follows = 7435"
<br><br><br>string(11) "renannunes2"
string(26) "Cantidad de follows = 5081"
<br><br><br>string(14) "natha.estetica"
string(26) "Cantidad de follows = 1843"
<br><br><br>string(19) "j.a.estudiodebeleza"
string(25) "Cantidad de follows = 149"
<br><br><br>string(12) "grafianafoto"
string(26) "Cantidad de follows = 8972"
<br><br><br>string(19) "thespacetimeripples"
string(26) "Cantidad de follows = 3279"
<br><br><br>string(14) "rubia_martinss"
string(27) "Cantidad de follows = 97173"
<br><br><br>string(23) "joseguilherme.consultor"
string(26) "Cantidad de follows = 1224"
<br><br><br>string(14) "emporiodifiori"
string(26) "Cantidad de follows = 2187"
<br><br><br>string(21) "viajandonaarquitetura"
string(26) "Cantidad de follows = 4825"
<br><br><br>string(14) "elitecenterfoz"
string(26) "Cantidad de follows = 2387"
<br><br><br>string(10) "yancasilva"
string(26) "Cantidad de follows = 2329"
<br><br><br>string(16) "roberta.amfranca"
string(26) "Cantidad de follows = 3379"
<br><br><br>string(15) "doceriaanaester"
string(26) "Cantidad de follows = 3821"
<br><br><br>string(10) "kathguedes"
string(27) "Cantidad de follows = 42805"
<br><br><br>string(13) "tubaraocenter"
string(26) "Cantidad de follows = 6372"
<br><br><br>object(stdClass)#35 (2) {
  ["id"]=>
  string(5) "29702"
  ["login"]=>
  string(6) "zayrnm"
}
string(9) "chefeeddy"
string(27) "Cantidad de follows = 13453"
<br><br><br>string(10) "acasadecat"
string(27) "Cantidad de follows = 10514"
<br><br><br>string(20) "oficialforroperfeito"
string(27) "Cantidad de follows = 49505"
<br><br><br>string(14) "orabolasbrecho"
string(26) "Cantidad de follows = 3002"
<br><br><br>string(11) "thekingboy_"
string(27) "Cantidad de follows = 17799"
<br><br><br>string(15) "vanessa.wysocki"
string(26) "Cantidad de follows = 3647"
<br><br><br>string(11) "rique.silva"
string(26) "Cantidad de follows = 5047"
<br><br><br>string(22) "gabriellacarvalhostore"
string(27) "Cantidad de follows = 33358"
<br><br><br>string(14) "lojanowfitness"
string(26) "Cantidad de follows = 3977"
<br><br><br>string(8) "mapoiani"
string(26) "Cantidad de follows = 6060"
<br><br><br>string(14) "salaostudiosbc"
string(26) "Cantidad de follows = 1786"
<br><br><br>string(19) "studying_the_secret"
string(26) "Cantidad de follows = 2558"
<br><br><br>string(23) "studiohairinternacional"
string(26) "Cantidad de follows = 5354"
<br><br><br>string(9) "ahdireito"
string(26) "Cantidad de follows = 5300"
<br><br><br>string(7) "kabonkk"
string(26) "Cantidad de follows = 4079"
<br><br><br>string(10) "companyate"
string(25) "Cantidad de follows = 106"
<br><br><br>string(15) "visual.software"
string(26) "Cantidad de follows = 1535"
<br><br><br>string(12) "djdavisantos"
string(26) "Cantidad de follows = 8397"
<br><br><br>string(14) "rafaellmoraess"
string(25) "Cantidad de follows = 827"
<br><br><br>string(22) "syflariluminacaoimport"
string(26) "Cantidad de follows = 1657"
<br><br><br>string(12) "grupo.efraim"
string(26) "Cantidad de follows = 1300"
<br><br><br>string(17) "efraimhoteleflats"
string(25) "Cantidad de follows = 784"
<br><br><br>string(30) "rpcontrollerinsetodedetizadora"
string(25) "Cantidad de follows = 165"
<br><br><br>string(12) "raunierporto"
string(26) "Cantidad de follows = 3105"
<br><br><br>string(11) "marciabotam"
string(26) "Cantidad de follows = 3830"
<br><br><br>object(stdClass)#150 (2) {
  ["id"]=>
  string(5) "29901"
  ["login"]=>
  string(8) "1jonhbjj"
}
object(stdClass)#149 (2) {
  ["id"]=>
  string(5) "29918"
  ["login"]=>
  string(9) "odeiopera"
}
object(stdClass)#150 (2) {
  ["id"]=>
  string(5) "29932"
  ["login"]=>
  string(11) "eufeearruda"
}
string(11) "tclaranunes"
string(26) "Cantidad de follows = 1730"
<br><br><br>string(19) "alaskaclothingstore"
string(26) "Cantidad de follows = 2280"
<br><br><br>string(14) "gkt_kickboxing"
string(26) "Cantidad de follows = 1608"
<br><br><br>string(19) "character.design.gk"
string(26) "Cantidad de follows = 1202"
<br><br><br>object(stdClass)#189 (2) {
  ["id"]=>
  string(5) "29964"
  ["login"]=>
  string(12) "blogdoarinos"
}
object(stdClass)#92 (2) {
  ["id"]=>
  string(5) "29965"
  ["login"]=>
  string(12) "bela.morenaa"
}
string(24) "leandroquelucifotografia"
string(26) "Cantidad de follows = 2998"
<br><br><br>string(19) "generalstorefitness"
string(26) "Cantidad de follows = 3660"
<br><br><br>string(15) "acervomodasda44"
string(26) "Cantidad de follows = 5718"
<br><br><br>string(12) "mama_costhay"
string(26) "Cantidad de follows = 5021"
<br><br><br>string(17) "ginetom_rodrigues"
string(26) "Cantidad de follows = 7705"
<br><br><br>string(13) "brunnooctavio"
string(25) "Cantidad de follows = 982"
<br><br><br>object(stdClass)#138 (2) {
  ["id"]=>
  string(5) "29996"
  ["login"]=>
  string(12) "doug0liveira"
}
string(10) "gutt_carol"
string(27) "Cantidad de follows = 12133"
<br><br><br>string(9) "hulkdutra"
string(27) "Cantidad de follows = 13382"
<br><br><br>string(16) "camilaguerreiroo"
string(26) "Cantidad de follows = 2384"
<br><br><br>string(15) "sandymakecabelo"
string(26) "Cantidad de follows = 6714"
<br><br><br>string(15) "copaciadvogados"
string(25) "Cantidad de follows = 687"
<br><br><br>string(18) "diegocamargotattoo"
string(26) "Cantidad de follows = 3243"
<br><br><br>string(17) "entretenimento.pe"
string(26) "Cantidad de follows = 3460"
<br><br><br>string(17) "alicemelomakehair"
string(26) "Cantidad de follows = 6770"
<br><br><br>object(stdClass)#22 (2) {
  ["id"]=>
  string(5) "30051"
  ["login"]=>
  string(11) "tuguinha.tv"
}
string(13) "rentar.com.do"
string(27) "Cantidad de follows = 11638"
<br><br><br>string(15) "eriosvaldodiniz"
string(26) "Cantidad de follows = 1616"
<br><br><br>string(11) "gustavo_ono"
string(26) "Cantidad de follows = 5363"
<br><br><br>string(15) "canilredbroncos"
string(26) "Cantidad de follows = 1891"
<br><br><br>string(9) "_brokerst"
string(25) "Cantidad de follows = 305"
<br><br><br>string(14) "lifeprojectone"
string(26) "Cantidad de follows = 1864"
<br><br><br>string(16) "disfranco.motors"
string(26) "Cantidad de follows = 2919"
<br><br><br>string(6) "bomf17"
string(25) "Cantidad de follows = 820"
<br><br><br>string(12) "aliicemello_"
string(26) "Cantidad de follows = 2107"
<br><br><br>string(11) "_bellaforma"
string(27) "Cantidad de follows = 70912"
<br><br><br>string(10) "bruruschel"
string(27) "Cantidad de follows = 11963"
<br><br><br>string(9) "murilooc7"
string(26) "Cantidad de follows = 4216"
<br><br><br>string(9) "a7madov95"
string(25) "Cantidad de follows = 247"
<br><br><br>string(7) "a_mayla"
string(25) "Cantidad de follows = 747"
<br><br><br>string(13) "lidiafeitosa4"
string(26) "Cantidad de follows = 2793"
<br><br><br>string(10) "smokeseila"
string(25) "Cantidad de follows = 640"
<br><br><br>string(10) "rikdelucca"
string(26) "Cantidad de follows = 3596"
<br><br><br>string(19) "corretoracavalcante"
string(25) "Cantidad de follows = 833"
<br><br><br>string(13) "leticia_forte"
string(26) "Cantidad de follows = 3515"
<br><br><br>object(stdClass)#153 (2) {
  ["id"]=>
  string(5) "30218"
  ["login"]=>
  string(14) "thaisaschayder"
}
string(13) "hueskerbrasil"
string(26) "Cantidad de follows = 3747"
<br><br><br>string(22) "rodrigoranchodascabras"
string(25) "Cantidad de follows = 956"
<br><br><br>object(stdClass)#212 (2) {
  ["id"]=>
  string(5) "30232"
  ["login"]=>
  string(15) "arisson_jessica"
}
string(16) "camilla.franklin"
string(26) "Cantidad de follows = 6337"
<br><br><br>string(11) "maira.fuzii"
string(26) "Cantidad de follows = 1853"
<br><br><br>object(stdClass)#32 (2) {
  ["id"]=>
  string(5) "30257"
  ["login"]=>
  string(13) "nathaly_llima"
}
string(21) "laraharantes.piercing"
string(26) "Cantidad de follows = 3281"
<br><br><br>string(11) "maitemellim"
string(26) "Cantidad de follows = 1990"
<br><br><br>string(10) "criptobraz"
string(25) "Cantidad de follows = 707"
<br><br><br>string(14) "meuprojeto.fit"
string(26) "Cantidad de follows = 2113"
<br><br><br>object(stdClass)#14 (2) {
  ["id"]=>
  string(5) "30286"
  ["login"]=>
  string(15) "cmo_odontologia"
}
object(stdClass)#159 (2) {
  ["id"]=>
  string(5) "30293"
  ["login"]=>
  string(14) "ketellenfelix1"
}
string(14) "biel_do_cavaco"
string(27) "Cantidad de follows = 17779"
<br><br><br>string(9) "netto_ull"
string(25) "Cantidad de follows = 619"
<br><br><br>string(11) "nandokounat"
string(27) "Cantidad de follows = 19620"
<br><br><br>object(stdClass)#40 (2) {
  ["id"]=>
  string(5) "30317"
  ["login"]=>
  string(14) "easyartgrafica"
}
string(15) "studio_beauty15"
string(26) "Cantidad de follows = 1034"
<br><br><br>string(18) "julio_sosa_imoveis"
string(25) "Cantidad de follows = 795"
<br><br><br>string(10) "canelihome"
string(26) "Cantidad de follows = 3647"
<br><br><br>string(9) "josergm86"
string(26) "Cantidad de follows = 7204"
<br><br><br>string(11) "katiaalbany"
string(26) "Cantidad de follows = 4794"
<br><br><br>string(11) "leandramora"
string(26) "Cantidad de follows = 1783"
<br><br><br>object(stdClass)#151 (2) {
  ["id"]=>
  string(5) "30380"
  ["login"]=>
  string(7) "_lrnnym"
}
string(17) "festivalnovomundo"
string(26) "Cantidad de follows = 4354"
<br><br><br>string(10) "odavilemos"
string(27) "Cantidad de follows = 13262"
<br><br><br>string(20) "clebsonfrancaoficial"
string(26) "Cantidad de follows = 2126"
<br><br><br>string(15) "mamaesemmanuais"
string(27) "Cantidad de follows = 11543"
<br><br><br>string(13) "victorcastelo"
string(26) "Cantidad de follows = 1184"
<br><br><br>string(17) "fabricio.physique"
string(27) "Cantidad de follows = 10951"
<br><br><br>string(15) "rafaelfsantanaa"
string(25) "Cantidad de follows = 747"
<br><br><br>object(stdClass)#29 (2) {
  ["id"]=>
  string(5) "30436"
  ["login"]=>
  string(15) "kawlicheski1993"
}
string(10) "facamerirr"
string(26) "Cantidad de follows = 3486"
<br><br><br>string(10) "linoamanda"
string(27) "Cantidad de follows = 10033"
<br><br><br>string(10) "_lorecosta"
string(26) "Cantidad de follows = 2051"
<br><br><br>string(21) "clara.goldenretriever"
string(26) "Cantidad de follows = 3673"
<br><br><br>string(14) "andre.grupoark"
string(26) "Cantidad de follows = 4204"
<br><br><br>string(13) "espacoubaense"
string(26) "Cantidad de follows = 1866"
<br><br><br>string(14) "photoboxbrasil"
string(26) "Cantidad de follows = 2823"
<br><br><br>string(13) "luiara_helmer"
string(26) "Cantidad de follows = 5235"
<br><br><br>string(7) "dul_fcy"
string(26) "Cantidad de follows = 2880"
<br><br><br>string(26) "emporiodapapinhasantoandre"
string(26) "Cantidad de follows = 4572"
<br><br><br>string(15) "rayanemarchetta"
string(26) "Cantidad de follows = 1698"
<br><br><br>string(13) "karol_nunes00"
string(26) "Cantidad de follows = 3623"
<br><br><br>string(15) "reidosmarestour"
string(26) "Cantidad de follows = 3246"
<br><br><br>string(10) "apedesign_"
string(26) "Cantidad de follows = 2611"
<br><br><br>string(9) "danilelah"
string(26) "Cantidad de follows = 5087"
<br><br><br>string(8) "kevinm5m"
string(26) "Cantidad de follows = 7656"
<br><br><br>string(12) "noahestetica"
string(26) "Cantidad de follows = 8865"
<br><br><br>string(9) "casadovaz"
string(26) "Cantidad de follows = 6893"
<br><br><br>string(8) "arena7bh"
string(26) "Cantidad de follows = 4520"
<br><br><br>object(stdClass)#218 (2) {
  ["id"]=>
  string(5) "30581"
  ["login"]=>
  string(13) "mathoficialbr"
}
string(17) "jonatas.batistela"
string(27) "Cantidad de follows = 14541"
<br><br><br>string(10) "queirozloo"
string(26) "Cantidad de follows = 3648"
<br><br><br>object(stdClass)#151 (2) {
  ["id"]=>
  string(5) "30593"
  ["login"]=>
  string(12) "rogersiiilva"
}
string(11) "marci0viana"
string(26) "Cantidad de follows = 1311"
<br><br><br>string(16) "chefsheiladuarte"
string(26) "Cantidad de follows = 1046"
<br><br><br>string(8) "itsredtv"
string(27) "Cantidad de follows = 44084"
<br><br><br>string(8) "lorisfaz"
string(27) "Cantidad de follows = 12263"
<br><br><br>object(stdClass)#25 (2) {
  ["id"]=>
  string(5) "30623"
  ["login"]=>
  string(20) "emagrecer_ja_oficial"
}
string(19) "tamyparadorneptunia"
string(26) "Cantidad de follows = 5778"
<br><br><br>string(9) "gabicoach"
string(26) "Cantidad de follows = 3527"
<br><br><br>string(14) "amanda3santana"
string(26) "Cantidad de follows = 6384"
<br><br><br>string(8) "crecleao"
string(26) "Cantidad de follows = 3203"
<br><br><br>string(10) "elluhalves"
string(26) "Cantidad de follows = 5127"
<br><br><br>string(18) "mixsushicafebistek"
string(26) "Cantidad de follows = 5903"
<br><br><br>string(16) "f1ciaimobiliaria"
string(26) "Cantidad de follows = 3252"
<br><br><br>string(15) "vitor_honorato3"
string(26) "Cantidad de follows = 1130"
<br><br><br>string(13) "veneno_daseda"
string(26) "Cantidad de follows = 2060"
<br><br><br>string(10) "mc2turismo"
string(27) "Cantidad de follows = 17941"
<br><br><br>string(19) "erickakamineoficial"
string(26) "Cantidad de follows = 6634"
<br><br><br>string(11) "fredmunizrj"
string(26) "Cantidad de follows = 1501"
<br><br><br>object(stdClass)#167 (2) {
  ["id"]=>
  string(5) "30718"
  ["login"]=>
  string(16) "luis.fernando.br"
}
string(17) "drasheilawatanabe"
string(26) "Cantidad de follows = 1741"
<br><br><br>string(12) "laysasmacedo"
string(26) "Cantidad de follows = 2923"
<br><br><br>string(17) "creativapapelaria"
string(25) "Cantidad de follows = 326"
<br><br><br>string(11) "aondeiremsp"
string(27) "Cantidad de follows = 25112"
<br><br><br>object(stdClass)#73 (2) {
  ["id"]=>
  string(5) "30815"
  ["login"]=>
  string(6) "79_app"
}
string(8) "tompsonr"
string(25) "Cantidad de follows = 357"
<br><br><br>string(15) "dioceliogoulart"
string(27) "Cantidad de follows = 18882"
<br><br><br>string(15) "victorperazzini"
string(26) "Cantidad de follows = 2363"
<br><br><br>string(12) "alberto_test"
string(25) "Cantidad de follows = 192"
<br><br><br>string(13) "fassegseguros"
string(26) "Cantidad de follows = 7332"
<br><br><br>string(18) "giovanni.consultor"
string(25) "Cantidad de follows = 790"
<br><br><br>string(17) "coach.jorgeamorim"
string(25) "Cantidad de follows = 999"
<br><br><br>string(16) "blessedmaemequer"
string(27) "Cantidad de follows = 15241"
<br><br><br>string(15) "baile_de_camelo"
string(25) "Cantidad de follows = 748"
<br><br><br>string(13) "dentistabruna"
string(25) "Cantidad de follows = 183"
<br><br><br>string(11) "chicomorais"
string(26) "Cantidad de follows = 4670"
<br><br><br>string(12) "awereveillon"
string(26) "Cantidad de follows = 2328"
<br><br><br>string(13) "adrianemayumi"
string(27) "Cantidad de follows = 12597"
<br><br><br>string(14) "dresscode.byrm"
string(25) "Cantidad de follows = 232"
<br><br><br>object(stdClass)#144 (2) {
  ["id"]=>
  string(5) "30911"
  ["login"]=>
  string(15) "alynemultiforme"
}
string(15) "ehpralaqueeuvou"
string(26) "Cantidad de follows = 1272"
<br><br><br>string(19) "douglasvaldeswalker"
string(26) "Cantidad de follows = 1727"
<br><br><br>string(11) "brimigreipt"
string(25) "Cantidad de follows = 304"
<br><br><br>string(8) "dazz.777"
string(26) "Cantidad de follows = 1022"
<br><br><br>string(14) "rafaella_neves"
string(26) "Cantidad de follows = 3745"
<br><br><br>string(8) "soueuwal"
string(26) "Cantidad de follows = 1637"
<br><br><br>string(22) "lacosdasmeninasoficial"
string(26) "Cantidad de follows = 2235"
<br><br><br>string(13) "talitamcostta"
string(25) "Cantidad de follows = 555"
<br><br><br>string(17) "fernandinhobranco"
string(24) "Cantidad de follows = 59"
<br><br><br>string(8) "pionunes"
string(26) "Cantidad de follows = 1433"
<br><br><br>string(18) "confeitariadagabi_"
string(24) "Cantidad de follows = 64"
<br><br><br>string(14) "brunoalvarez.1"
string(25) "Cantidad de follows = 461"
<br><br><br>string(10) "1989closet"
string(26) "Cantidad de follows = 5900"
<br><br><br>string(12) "jumota_decor"
string(26) "Cantidad de follows = 1337"
<br><br><br>string(16) "marmitinhaslight"
string(26) "Cantidad de follows = 2644"
<br><br><br>string(24) "leoart_desing_paisagismo"
string(26) "Cantidad de follows = 6649"
<br><br><br>string(14) "carolfroemming"
string(26) "Cantidad de follows = 6827"
<br><br><br>string(24) "priscilaaparecidasantoss"
string(25) "Cantidad de follows = 603"
<br><br><br>string(9) "chio18789"
string(26) "Cantidad de follows = 3575"
<br><br><br>string(13) "kasamor_store"
string(26) "Cantidad de follows = 2291"
<br><br><br>string(13) "thamysilva201"
string(26) "Cantidad de follows = 3836"
<br><br><br>string(10) "alexrssp12"
string(25) "Cantidad de follows = 317"
<br><br><br>string(14) "silvio.cesarjr"
string(24) "Cantidad de follows = 63"
<br><br><br>string(12) "levis_tudouu"
string(27) "Cantidad de follows = 15974"
<br><br><br>string(8) "euogomez"
string(26) "Cantidad de follows = 2459"
<br><br><br>string(14) "amorefeoficial"
string(26) "Cantidad de follows = 4443"
<br><br><br>string(15) "studioambientes"
string(27) "Cantidad de follows = 14326"
<br><br><br>string(12) "gomilkbrasil"
string(26) "Cantidad de follows = 1046"
<br><br><br>string(13) "gomed.digital"
string(26) "Cantidad de follows = 2237"
<br><br><br>object(stdClass)#183 (2) {
  ["id"]=>
  string(5) "31133"
  ["login"]=>
  string(6) "lv_luh"
}
string(8) "curyamin"
string(25) "Cantidad de follows = 860"
<br><br><br>string(11) "stancefight"
string(27) "Cantidad de follows = 33745"
<br><br><br>string(19) "medconsultingbrasil"
string(27) "Cantidad de follows = 11762"
<br><br><br>string(3) "usa"
string(26) "Cantidad de follows = 4658"
<br><br><br>string(8) "voa_hati"
string(26) "Cantidad de follows = 2942"
<br><br><br>string(18) "robsonbarbosacoach"
string(26) "Cantidad de follows = 6173"
<br><br><br>string(10) "yasmincgr_"
string(26) "Cantidad de follows = 1038"
<br><br><br>string(14) "kharlos_soares"
string(25) "Cantidad de follows = 208"
<br><br><br>string(19) "chrystopher.gabriel"
string(25) "Cantidad de follows = 319"
<br><br><br>string(7) "nega.93"
string(26) "Cantidad de follows = 8718"
<br><br><br>string(13) "cahrlossoares"
string(24) "Cantidad de follows = 59"
<br><br><br>string(8) "emillymv"
string(26) "Cantidad de follows = 3604"
<br><br><br>string(11) "_j.o.a.o___"
string(25) "Cantidad de follows = 180"
<br><br><br>string(14) "antonioportes_"
string(25) "Cantidad de follows = 215"
<br><br><br>string(12) "aleehzinho_t"
string(25) "Cantidad de follows = 171"
<br><br><br>string(15) "jonasfahelysson"
string(26) "Cantidad de follows = 6898"
<br><br><br>string(13) "mari_azeredo_"
string(25) "Cantidad de follows = 769"
<br><br><br>string(18) "clinicaformighieri"
string(26) "Cantidad de follows = 2015"
<br><br><br>string(10) "guiturner_"
string(26) "Cantidad de follows = 8932"
<br><br><br>string(14) "carloskpulling"
string(28) "Cantidad de follows = 104551"
<br><br><br>string(10) "oppaviajei"
string(25) "Cantidad de follows = 674"
<br><br><br>string(19) "madtattoobarbershop"
string(25) "Cantidad de follows = 676"
<br><br><br>string(15) "jujucoelhopinto"
string(27) "Cantidad de follows = 28293"
<br><br><br>string(13) "gersonaraujo_"
string(26) "Cantidad de follows = 2264"
<br><br><br>object(stdClass)#109 (2) {
  ["id"]=>
  string(5) "31318"
  ["login"]=>
  string(11) "josiasnetoo"
}
string(19) "blogsairdozeroagora"
string(26) "Cantidad de follows = 1262"
<br><br><br>object(stdClass)#109 (2) {
  ["id"]=>
  string(5) "31325"
  ["login"]=>
  string(18) "neonprodutorapromo"
}
object(stdClass)#132 (2) {
  ["id"]=>
  string(5) "31326"
  ["login"]=>
  string(6) "djrat_"
}
object(stdClass)#109 (2) {
  ["id"]=>
  string(5) "31337"
  ["login"]=>
  string(23) "anderson_diego_oliveira"
}
string(19) "anacarlarodrigues19"
string(26) "Cantidad de follows = 3158"
<br><br><br>object(stdClass)#109 (2) {
  ["id"]=>
  string(5) "31346"
  ["login"]=>
  string(15) "siimoneepereira"
}
string(13) "jubart_design"
string(25) "Cantidad de follows = 483"
<br><br><br>string(19) "bellkeyprofessional"
string(26) "Cantidad de follows = 1607"
<br><br><br>string(8) "ealine._"
string(26) "Cantidad de follows = 4595"
<br><br><br>string(8) "wheresje"
string(27) "Cantidad de follows = 71640"
<br><br><br>string(12) "ronyfgomesss"
string(26) "Cantidad de follows = 3152"
<br><br><br>string(16) "jhonatha_feitosa"
string(26) "Cantidad de follows = 1203"
<br><br><br>string(15) "blena.nathallya"
string(26) "Cantidad de follows = 1072"
<br><br><br>string(10) "edersonflx"
string(26) "Cantidad de follows = 6863"
<br><br><br>string(23) "tridorimpermebializacao"
string(24) "Cantidad de follows = 68"
<br><br><br>string(9) "jehdpires"
string(25) "Cantidad de follows = 796"
<br><br><br>string(18) "emagrecer_agora.br"
string(25) "Cantidad de follows = 413"
<br><br><br>string(9) "caio_luka"
string(25) "Cantidad de follows = 272"
<br><br><br>string(10) "brasil.anb"
string(25) "Cantidad de follows = 567"
<br><br><br>string(19) "jeanpiresfotografia"
string(25) "Cantidad de follows = 935"
<br><br><br>object(stdClass)#174 (2) {
  ["id"]=>
  string(5) "31483"
  ["login"]=>
  string(12) "canutoandree"
}
string(15) "charles_gsilvaa"
string(26) "Cantidad de follows = 1847"
<br><br><br>string(15) "theluccassantos"
string(26) "Cantidad de follows = 1085"
<br><br><br>string(16) "priscila_lopes12"
string(26) "Cantidad de follows = 1150"
<br><br><br>string(10) "biih_faith"
string(26) "Cantidad de follows = 1479"
<br><br><br>string(18) "leonardomonteiro00"
string(25) "Cantidad de follows = 891"
<br><br><br>string(17) "carlafagundesblog"
string(26) "Cantidad de follows = 6310"
<br><br><br>string(13) "aguedamaurien"
string(26) "Cantidad de follows = 2476"
<br><br><br>string(13) "casalavnturax"
string(25) "Cantidad de follows = 697"
<br><br><br>string(13) "pedrosagfteam"
string(26) "Cantidad de follows = 1877"
<br><br><br>string(9) "eusoudaro"
string(26) "Cantidad de follows = 1482"
<br><br><br>string(14) "caiquefregnani"
string(27) "Cantidad de follows = 10378"
<br><br><br>string(14) "heitorsoares.c"
string(26) "Cantidad de follows = 6835"
<br><br><br>string(21) "mulheres_que_se_amam_"
string(24) "Cantidad de follows = 70"
<br><br><br>string(17) "marco.suplementos"
string(26) "Cantidad de follows = 9824"
<br><br><br>string(8) "tetovivo"
string(26) "Cantidad de follows = 1809"
<br><br><br>string(14) "andrewanderley"
string(26) "Cantidad de follows = 3185"
<br><br><br>string(9) "vitormc83"
string(25) "Cantidad de follows = 160"
<br><br><br>string(8) "_lsilvva"
string(26) "Cantidad de follows = 6281"
<br><br><br>string(17) "clube_das_gostosa"
string(25) "Cantidad de follows = 794"
<br><br><br>string(17) "esteticista_julia"
string(25) "Cantidad de follows = 588"
<br><br><br>string(10) "kauadellon"
string(25) "Cantidad de follows = 217"
<br><br><br>string(20) "divulgageraisoficial"
string(27) "Cantidad de follows = 20516"
<br><br><br>string(18) "dr.grimaldobicalho"
string(26) "Cantidad de follows = 1371"
<br><br><br>string(10) "rahfritzen"
string(26) "Cantidad de follows = 9046"
<br><br><br>string(13) "eiandrecanuto"
string(25) "Cantidad de follows = 804"
<br><br><br>string(10) "mariodj.uy"
string(26) "Cantidad de follows = 1739"
<br><br><br>string(14) "stephanmarinho"
string(26) "Cantidad de follows = 6986"
<br><br><br>string(9) "misouza07"
string(25) "Cantidad de follows = 712"
<br><br><br>string(16) "glaubritooficial"
string(26) "Cantidad de follows = 1781"
<br><br><br>\n<br>JOB DONE!!!<br>\n2018-10-05 07:53:21am