DAILY REPORT Inited...!<br>
2018-10-21 06:30:01am<br>
string(14) "alberto_dreyes"
string(27) "Cantidad de follows = 14361"
<br><br><br>string(19) "opiniaoconservadora"
string(27) "Cantidad de follows = 58957"
<br><br><br>string(17) "sibitecomunicacao"
string(27) "Cantidad de follows = 10229"
<br><br><br>string(11) "mo.taniguti"
string(27) "Cantidad de follows = 20824"
<br><br><br>object(stdClass)#30 (2) {
  ["id"]=>
  string(3) "146"
  ["login"]=>
  string(12) "auepromocoes"
}
string(23) "jeunesse_bycrislafratta"
string(25) "Cantidad de follows = 186"
<br><br><br>string(12) "lily.s.alves"
string(26) "Cantidad de follows = 2080"
<br><br><br>string(10) "powerlook_"
string(27) "Cantidad de follows = 61024"
<br><br><br>object(stdClass)#12 (2) {
  ["id"]=>
  string(3) "245"
  ["login"]=>
  string(18) "xodozinho.retratos"
}
object(stdClass)#22 (2) {
  ["id"]=>
  string(3) "867"
  ["login"]=>
  string(14) "joaovictorjvb1"
}
object(stdClass)#12 (2) {
  ["id"]=>
  string(4) "1059"
  ["login"]=>
  string(8) "graverrj"
}
string(7) "ma_luco"
string(27) "Cantidad de follows = 28593"
<br><br><br>string(12) "carlloooooss"
string(26) "Cantidad de follows = 1289"
<br><br><br>string(15) "sapatodochef.pa"
string(26) "Cantidad de follows = 2366"
<br><br><br>object(stdClass)#225 (2) {
  ["id"]=>
  string(4) "2175"
  ["login"]=>
  string(10) "vireiloira"
}
string(18) "mercadomodelobahia"
string(26) "Cantidad de follows = 9056"
<br><br><br>string(11) "thayscalmon"
string(26) "Cantidad de follows = 5304"
<br><br><br>string(11) "decoremundo"
string(27) "Cantidad de follows = 14352"
<br><br><br>string(9) "decorcool"
string(23) "Cantidad de follows = 7"
<br><br><br>string(8) "fragabar"
string(26) "Cantidad de follows = 4352"
<br><br><br>string(8) "lorenaym"
string(24) "Cantidad de follows = 77"
<br><br><br>string(11) "pamelaotero"
string(27) "Cantidad de follows = 46145"
<br><br><br>string(19) "starpointcollection"
string(27) "Cantidad de follows = 12640"
<br><br><br>string(9) "katiacsdc"
string(27) "Cantidad de follows = 18296"
<br><br><br>string(14) "grazielialvess"
string(27) "Cantidad de follows = 21534"
<br><br><br>string(22) "dra_barbaravasconcelos"
string(27) "Cantidad de follows = 24321"
<br><br><br>string(21) "comandantedochurrasco"
string(27) "Cantidad de follows = 56636"
<br><br><br>string(12) "40antesdos40"
string(27) "Cantidad de follows = 28247"
<br><br><br>string(19) "intimissimisalvador"
string(27) "Cantidad de follows = 13309"
<br><br><br>string(16) "drricardopalacio"
string(27) "Cantidad de follows = 25837"
<br><br><br>string(12) "pollyruffini"
string(26) "Cantidad de follows = 7390"
<br><br><br>string(14) "carlos_skatmar"
string(26) "Cantidad de follows = 2361"
<br><br><br>string(10) "star_point"
string(27) "Cantidad de follows = 32853"
<br><br><br>string(8) "rruizmma"
string(27) "Cantidad de follows = 47029"
<br><br><br>string(8) "dumbu.09"
string(26) "Cantidad de follows = 7671"
<br><br><br>string(14) "marcosp.medina"
string(26) "Cantidad de follows = 4077"
<br><br><br>string(11) "sandrozion7"
string(27) "Cantidad de follows = 21032"
<br><br><br>string(17) "grandville_hoteis"
string(27) "Cantidad de follows = 12698"
<br><br><br>string(11) "josiasdiass"
string(27) "Cantidad de follows = 18090"
<br><br><br>string(18) "barbaracampospalma"
string(26) "Cantidad de follows = 8700"
<br><br><br>string(9) "telless13"
string(27) "Cantidad de follows = 14262"
<br><br><br>string(13) "bandamegafire"
string(27) "Cantidad de follows = 23337"
<br><br><br>string(17) "sosoportunidade10"
string(25) "Cantidad de follows = 964"
<br><br><br>string(18) "academia_king_thai"
string(26) "Cantidad de follows = 5076"
<br><br><br>string(13) "renatafontany"
string(27) "Cantidad de follows = 33368"
<br><br><br>string(14) "cabelosaugusto"
string(27) "Cantidad de follows = 23686"
<br><br><br>string(14) "brunocerqueira"
string(27) "Cantidad de follows = 10536"
<br><br><br>string(10) "noxboymike"
string(26) "Cantidad de follows = 5456"
<br><br><br>string(20) "juliobaptistaoficial"
string(28) "Cantidad de follows = 250900"
<br><br><br>string(21) "ateliermarielamoreira"
string(27) "Cantidad de follows = 15844"
<br><br><br>object(stdClass)#61 (2) {
  ["id"]=>
  string(5) "11096"
  ["login"]=>
  string(12) "michaelletjp"
}
object(stdClass)#14 (2) {
  ["id"]=>
  string(5) "11099"
  ["login"]=>
  string(13) "agostochuvoso"
}
string(11) "insultedboy"
string(26) "Cantidad de follows = 3517"
<br><br><br>string(11) "weilla_morg"
string(25) "Cantidad de follows = 948"
<br><br><br>string(11) "raphabritoo"
string(27) "Cantidad de follows = 16060"
<br><br><br>string(10) "vinihveiga"
string(26) "Cantidad de follows = 4077"
<br><br><br>object(stdClass)#150 (2) {
  ["id"]=>
  string(5) "11131"
  ["login"]=>
  string(14) "deliciasdoronk"
}
string(16) "duuduuzinhosilva"
string(26) "Cantidad de follows = 3045"
<br><br><br>string(9) "carlosbsg"
string(25) "Cantidad de follows = 927"
<br><br><br>string(12) "danndourado0"
string(27) "Cantidad de follows = 15189"
<br><br><br>string(7) "biel312"
string(24) "Cantidad de follows = 10"
<br><br><br>string(11) "caiogrunupp"
string(26) "Cantidad de follows = 3311"
<br><br><br>string(11) "paullonunan"
string(26) "Cantidad de follows = 1434"
<br><br><br>string(12) "pablodiego15"
string(26) "Cantidad de follows = 1113"
<br><br><br>object(stdClass)#186 (2) {
  ["id"]=>
  string(5) "11230"
  ["login"]=>
  string(16) "_luferreiranunes"
}
string(14) "natan_mantelli"
string(25) "Cantidad de follows = 797"
<br><br><br>string(17) "antoniocarlos3627"
string(24) "Cantidad de follows = 44"
<br><br><br>string(11) "365_indubai"
string(27) "Cantidad de follows = 21957"
<br><br><br>object(stdClass)#54 (2) {
  ["id"]=>
  string(5) "11239"
  ["login"]=>
  string(12) "ceottosinuhe"
}
string(14) "vitoriaabritto"
string(27) "Cantidad de follows = 40364"
<br><br><br>string(11) "lojaoperapc"
string(27) "Cantidad de follows = 23897"
<br><br><br>string(12) "huealimentos"
string(26) "Cantidad de follows = 5151"
<br><br><br>string(13) "kstimportados"
string(26) "Cantidad de follows = 4383"
<br><br><br>string(7) "wi11see"
string(27) "Cantidad de follows = 11506"
<br><br><br>string(12) "s7_producoes"
string(26) "Cantidad de follows = 6005"
<br><br><br>string(12) "gabrielaribi"
string(26) "Cantidad de follows = 7618"
<br><br><br>string(17) "brunosennaimagens"
string(27) "Cantidad de follows = 13222"
<br><br><br>string(14) "maycowmontemor"
string(27) "Cantidad de follows = 32518"
<br><br><br>string(14) "alinemarcovici"
string(27) "Cantidad de follows = 18488"
<br><br><br>string(10) "junior.dev"
string(27) "Cantidad de follows = 17679"
<br><br><br>string(13) "amaassessoria"
string(26) "Cantidad de follows = 7651"
<br><br><br>string(11) "julisciotto"
string(27) "Cantidad de follows = 25624"
<br><br><br>string(14) "draalinehsilva"
string(27) "Cantidad de follows = 20166"
<br><br><br>string(13) "rodasemotores"
string(27) "Cantidad de follows = 14800"
<br><br><br>object(stdClass)#139 (2) {
  ["id"]=>
  string(5) "11758"
  ["login"]=>
  string(13) "euclaracampos"
}
string(19) "thamaraelisa.tattoo"
string(27) "Cantidad de follows = 14260"
<br><br><br>string(15) "megaminassports"
string(26) "Cantidad de follows = 6769"
<br><br><br>string(16) "agencia_portal37"
string(26) "Cantidad de follows = 3329"
<br><br><br>object(stdClass)#203 (2) {
  ["id"]=>
  string(5) "11792"
  ["login"]=>
  string(14) "hf_metalurgica"
}
string(13) "grillegourmet"
string(26) "Cantidad de follows = 5116"
<br><br><br>string(11) "davidkapper"
string(27) "Cantidad de follows = 13108"
<br><br><br>string(11) "7chavesfoto"
string(27) "Cantidad de follows = 11015"
<br><br><br>string(11) "joiaskether"
string(27) "Cantidad de follows = 19536"
<br><br><br>string(14) "luziasantana33"
string(28) "Cantidad de follows = 236265"
<br><br><br>string(13) "thiagovaleiro"
string(26) "Cantidad de follows = 3815"
<br><br><br>object(stdClass)#17 (2) {
  ["id"]=>
  string(5) "12434"
  ["login"]=>
  string(9) "dupicasso"
}
string(11) "laura_bergo"
string(26) "Cantidad de follows = 6420"
<br><br><br>string(15) "dra.raphabecker"
string(27) "Cantidad de follows = 19714"
<br><br><br>string(8) "letdaher"
string(27) "Cantidad de follows = 27936"
<br><br><br>string(9) "dgarciia_"
string(25) "Cantidad de follows = 865"
<br><br><br>string(10) "joaosurf12"
string(24) "Cantidad de follows = 97"
<br><br><br>string(8) "itsandco"
string(27) "Cantidad de follows = 20976"
<br><br><br>string(10) "ela_andrea"
string(27) "Cantidad de follows = 22497"
<br><br><br>string(14) "nafurtadocakes"
string(26) "Cantidad de follows = 6622"
<br><br><br>string(18) "castrolautoservice"
string(26) "Cantidad de follows = 9320"
<br><br><br>string(9) "livdrinks"
string(27) "Cantidad de follows = 47470"
<br><br><br>string(18) "portalautoshopping"
string(27) "Cantidad de follows = 12172"
<br><br><br>string(20) "manu.mamaeaoquadrado"
string(26) "Cantidad de follows = 9593"
<br><br><br>string(15) "odontowebschool"
string(27) "Cantidad de follows = 10558"
<br><br><br>string(9) "abarkeria"
string(27) "Cantidad de follows = 33590"
<br><br><br>object(stdClass)#37 (2) {
  ["id"]=>
  string(5) "15166"
  ["login"]=>
  string(14) "__fehholiveira"
}
string(10) "ninabaking"
string(26) "Cantidad de follows = 8944"
<br><br><br>string(10) "jgiordanoo"
string(27) "Cantidad de follows = 12484"
<br><br><br>string(18) "domhairfelippewill"
string(27) "Cantidad de follows = 11572"
<br><br><br>string(7) "pbpetti"
string(27) "Cantidad de follows = 39624"
<br><br><br>string(10) "psych0wolf"
string(25) "Cantidad de follows = 404"
<br><br><br>string(8) "andreiso"
string(26) "Cantidad de follows = 9519"
<br><br><br>string(13) "biadiascoelho"
string(26) "Cantidad de follows = 4874"
<br><br><br>string(8) "mytrips7"
string(25) "Cantidad de follows = 524"
<br><br><br>string(13) "directdireito"
string(27) "Cantidad de follows = 11200"
<br><br><br>string(12) "patrickvalle"
string(26) "Cantidad de follows = 3549"
<br><br><br>string(21) "lucianalauferofficial"
string(27) "Cantidad de follows = 18847"
<br><br><br>string(13) "matheuspercut"
string(26) "Cantidad de follows = 1155"
<br><br><br>string(10) "flavia_vdr"
string(27) "Cantidad de follows = 11265"
<br><br><br>object(stdClass)#67 (2) {
  ["id"]=>
  string(5) "16861"
  ["login"]=>
  string(14) "mickael_cortes"
}
string(16) "helder_del_monte"
string(27) "Cantidad de follows = 16200"
<br><br><br>string(18) "physicalpilates_bh"
string(26) "Cantidad de follows = 5607"
<br><br><br>string(13) "faleiroslaura"
string(27) "Cantidad de follows = 12914"
<br><br><br>string(11) "dannysetudo"
string(26) "Cantidad de follows = 9867"
<br><br><br>string(15) "portodepiranhas"
string(27) "Cantidad de follows = 10469"
<br><br><br>string(24) "contadordehistoriasreais"
string(27) "Cantidad de follows = 30196"
<br><br><br>string(6) "guil38"
string(26) "Cantidad de follows = 6651"
<br><br><br>string(22) "vacationhomeneardisney"
string(27) "Cantidad de follows = 19624"
<br><br><br>string(16) "drguilhermecravo"
string(26) "Cantidad de follows = 3155"
<br><br><br>string(6) "ossmkt"
string(26) "Cantidad de follows = 5296"
<br><br><br>string(10) "jhoneheber"
string(27) "Cantidad de follows = 23474"
<br><br><br>string(20) "justiniano0_official"
string(26) "Cantidad de follows = 2974"
<br><br><br>string(15) "sao_os_caipiras"
string(26) "Cantidad de follows = 9457"
<br><br><br>string(9) "acerickrj"
string(27) "Cantidad de follows = 12280"
<br><br><br>string(15) "leandrogarciadj"
string(27) "Cantidad de follows = 19447"
<br><br><br>string(14) "osnirhamburger"
string(26) "Cantidad de follows = 6888"
<br><br><br>string(8) "dutruffi"
string(27) "Cantidad de follows = 14165"
<br><br><br>string(9) "lschuback"
string(26) "Cantidad de follows = 7811"
<br><br><br>string(21) "carolinanortondematos"
string(27) "Cantidad de follows = 12068"
<br><br><br>object(stdClass)#87 (2) {
  ["id"]=>
  string(5) "18103"
  ["login"]=>
  string(22) "denisegoncalves.santos"
}
string(14) "ethianemarques"
string(25) "Cantidad de follows = 692"
<br><br><br>string(10) "synaraleal"
string(27) "Cantidad de follows = 16282"
<br><br><br>string(8) "trinjune"
string(23) "Cantidad de follows = 0"
<br><br><br>string(12) "holy_popcorn"
string(27) "Cantidad de follows = 10576"
<br><br><br>string(9) "eltranvia"
string(27) "Cantidad de follows = 15995"
<br><br><br>string(19) "diegogoulartoficial"
string(27) "Cantidad de follows = 20470"
<br><br><br>string(15) "cartolinadesign"
string(26) "Cantidad de follows = 5687"
<br><br><br>string(9) "quarto_22"
string(26) "Cantidad de follows = 5801"
<br><br><br>string(10) "blogdakeli"
string(24) "Cantidad de follows = 12"
<br><br><br>object(stdClass)#195 (2) {
  ["id"]=>
  string(5) "18816"
  ["login"]=>
  string(10) "lefitnessb"
}
string(9) "awsmining"
string(26) "Cantidad de follows = 4721"
<br><br><br>string(13) "willianabrito"
string(26) "Cantidad de follows = 6728"
<br><br><br>string(23) "eusoutestemunhadogolias"
string(25) "Cantidad de follows = 206"
<br><br><br>string(16) "tumsoundfestival"
string(26) "Cantidad de follows = 1524"
<br><br><br>string(18) "casalbioequilibrio"
string(27) "Cantidad de follows = 11279"
<br><br><br>string(13) "mimosearomaas"
string(26) "Cantidad de follows = 9291"
<br><br><br>object(stdClass)#25 (2) {
  ["id"]=>
  string(5) "19152"
  ["login"]=>
  string(17) "gventurinpersonal"
}
string(9) "fastfitsc"
string(26) "Cantidad de follows = 3595"
<br><br><br>string(11) "raif_tattoo"
string(27) "Cantidad de follows = 13253"
<br><br><br>string(10) "hustler.hc"
string(26) "Cantidad de follows = 2458"
<br><br><br>string(9) "isarengel"
string(26) "Cantidad de follows = 6779"
<br><br><br>string(12) "solus_online"
string(26) "Cantidad de follows = 4095"
<br><br><br>string(11) "refugiohoje"
string(27) "Cantidad de follows = 12420"
<br><br><br>string(13) "nati.fressato"
string(26) "Cantidad de follows = 7209"
<br><br><br>string(17) "calcadospaubrasil"
string(26) "Cantidad de follows = 8249"
<br><br><br>string(10) "daly_store"
string(27) "Cantidad de follows = 21724"
<br><br><br>string(11) "angelosciao"
string(26) "Cantidad de follows = 5237"
<br><br><br>string(6) "fuinha"
string(25) "Cantidad de follows = 193"
<br><br><br>string(10) "kombi_krug"
string(25) "Cantidad de follows = 511"
<br><br><br>string(12) "rekombinando"
string(26) "Cantidad de follows = 5975"
<br><br><br>string(15) "blogdasusantoss"
string(26) "Cantidad de follows = 5399"
<br><br><br>string(15) "diadeacessorios"
string(26) "Cantidad de follows = 2310"
<br><br><br>string(18) "christians.pereira"
string(26) "Cantidad de follows = 3766"
<br><br><br>string(28) "pedrowilsonrodriguespimentel"
string(26) "Cantidad de follows = 7697"
<br><br><br>string(15) "atelieluizrocha"
string(27) "Cantidad de follows = 10204"
<br><br><br>string(12) "bibiscamargo"
string(26) "Cantidad de follows = 2033"
<br><br><br>string(16) "centerperfumaria"
string(26) "Cantidad de follows = 5508"
<br><br><br>string(10) "pmelorocha"
string(26) "Cantidad de follows = 6333"
<br><br><br>object(stdClass)#43 (2) {
  ["id"]=>
  string(5) "20149"
  ["login"]=>
  string(14) "thaliaalvesdec"
}
string(12) "yasminndias_"
string(26) "Cantidad de follows = 9336"
<br><br><br>string(17) "jb_alves_educador"
string(26) "Cantidad de follows = 3543"
<br><br><br>string(24) "leonardosantosfotografia"
string(27) "Cantidad de follows = 39614"
<br><br><br>string(8) "sporttot"
string(24) "Cantidad de follows = 22"
<br><br><br>object(stdClass)#31 (2) {
  ["id"]=>
  string(5) "20503"
  ["login"]=>
  string(8) "chandler"
}
string(13) "ayllesantiago"
string(28) "Cantidad de follows = 142299"
<br><br><br>string(12) "maisonbiarro"
string(27) "Cantidad de follows = 30762"
<br><br><br>string(15) "iselamendozadec"
string(26) "Cantidad de follows = 6419"
<br><br><br>string(9) "bamboh.pt"
string(26) "Cantidad de follows = 2599"
<br><br><br>string(12) "redeentropia"
string(26) "Cantidad de follows = 5878"
<br><br><br>object(stdClass)#179 (2) {
  ["id"]=>
  string(5) "20682"
  ["login"]=>
  string(11) "farmapharma"
}
string(18) "calabriapizzariarj"
string(26) "Cantidad de follows = 2465"
<br><br><br>object(stdClass)#179 (2) {
  ["id"]=>
  string(5) "20818"
  ["login"]=>
  string(20) "cadillacs.pastelaria"
}
object(stdClass)#47 (2) {
  ["id"]=>
  string(5) "20927"
  ["login"]=>
  string(25) "missionariojairodossantos"
}
object(stdClass)#179 (2) {
  ["id"]=>
  string(5) "21062"
  ["login"]=>
  string(13) "jesuisluciano"
}
object(stdClass)#47 (2) {
  ["id"]=>
  string(5) "21230"
  ["login"]=>
  string(9) "vikatorsc"
}
string(19) "nicollystoreoficial"
string(26) "Cantidad de follows = 7527"
<br><br><br>object(stdClass)#47 (2) {
  ["id"]=>
  string(5) "21368"
  ["login"]=>
  string(18) "ricardoribeiro0013"
}
string(24) "ramossegurancaeletronica"
string(26) "Cantidad de follows = 3290"
<br><br><br>string(18) "camacariplazahotel"
string(26) "Cantidad de follows = 6295"
<br><br><br>string(13) "_telesgabriel"
string(26) "Cantidad de follows = 3207"
<br><br><br>string(12) "fbfabiolopes"
string(26) "Cantidad de follows = 8960"
<br><br><br>object(stdClass)#12 (2) {
  ["id"]=>
  string(5) "21517"
  ["login"]=>
  string(23) "biscuitporvictorialeite"
}
string(10) "trapburger"
string(26) "Cantidad de follows = 2635"
<br><br><br>string(20) "shoppingcasaedesign_"
string(26) "Cantidad de follows = 8809"
<br><br><br>string(9) "samiilly_"
string(27) "Cantidad de follows = 18233"
<br><br><br>object(stdClass)#185 (2) {
  ["id"]=>
  string(5) "21731"
  ["login"]=>
  string(9) "conhecaes"
}
string(7) "loirasn"
string(25) "Cantidad de follows = 195"
<br><br><br>string(15) "santasticauniao"
string(26) "Cantidad de follows = 6270"
<br><br><br>string(19) "embraconcondominios"
string(26) "Cantidad de follows = 4699"
<br><br><br>string(17) "hamburguinhomoema"
string(27) "Cantidad de follows = 60954"
<br><br><br>string(14) "vilmamartins_7"
string(26) "Cantidad de follows = 1308"
<br><br><br>string(12) "leticiajural"
string(26) "Cantidad de follows = 8476"
<br><br><br>string(8) "_zero100"
string(27) "Cantidad de follows = 52102"
<br><br><br>string(20) "lionrollingcircusrio"
string(27) "Cantidad de follows = 14801"
<br><br><br>string(9) "_nerdjunk"
string(26) "Cantidad de follows = 5341"
<br><br><br>string(10) "pilotelton"
string(27) "Cantidad de follows = 11362"
<br><br><br>string(14) "marcioancelmoo"
string(26) "Cantidad de follows = 4959"
<br><br><br>object(stdClass)#40 (2) {
  ["id"]=>
  string(5) "22627"
  ["login"]=>
  string(18) "lucaswiliamsoliver"
}
string(14) "kevinlorenzorj"
string(26) "Cantidad de follows = 3372"
<br><br><br>object(stdClass)#40 (2) {
  ["id"]=>
  string(5) "22701"
  ["login"]=>
  string(21) "falandodemaquiagem_01"
}
string(13) "georgemuchuli"
string(26) "Cantidad de follows = 7752"
<br><br><br>string(15) "wendell_alvess_"
string(24) "Cantidad de follows = 87"
<br><br><br>object(stdClass)#173 (2) {
  ["id"]=>
  string(5) "22786"
  ["login"]=>
  string(6) "jpzk02"
}
object(stdClass)#45 (2) {
  ["id"]=>
  string(5) "22791"
  ["login"]=>
  string(13) "rodrigues.exe"
}
object(stdClass)#173 (2) {
  ["id"]=>
  string(5) "22915"
  ["login"]=>
  string(10) "5000covers"
}
string(18) "marciomouraoficial"
string(27) "Cantidad de follows = 12436"
<br><br><br>object(stdClass)#173 (2) {
  ["id"]=>
  string(5) "23135"
  ["login"]=>
  string(15) "daniak_boutique"
}
string(23) "formatacaotccmonografia"
string(24) "Cantidad de follows = 96"
<br><br><br>string(6) "nekkow"
string(24) "Cantidad de follows = 15"
<br><br><br>string(5) "lucao"
string(25) "Cantidad de follows = 564"
<br><br><br>string(6) "lucao2"
string(25) "Cantidad de follows = 593"
<br><br><br>string(13) "marcelomarkes"
string(27) "Cantidad de follows = 19923"
<br><br><br>string(14) "dl_beautysalon"
string(26) "Cantidad de follows = 1963"
<br><br><br>string(15) "ariadinebarreto"
string(27) "Cantidad de follows = 14528"
<br><br><br>string(13) "canalsemjacar"
string(27) "Cantidad de follows = 14205"
<br><br><br>string(11) "hiratabreno"
string(27) "Cantidad de follows = 12565"
<br><br><br>string(14) "erickspimentel"
string(26) "Cantidad de follows = 2020"
<br><br><br>string(12) "jessicaiwata"
string(27) "Cantidad de follows = 34326"
<br><br><br>string(14) "dnaphotoevideo"
string(27) "Cantidad de follows = 29354"
<br><br><br>string(18) "gamecenterpaulista"
string(27) "Cantidad de follows = 10332"
<br><br><br>string(10) "pacofishrd"
string(26) "Cantidad de follows = 8061"
<br><br><br>string(14) "qualityhotelsd"
string(26) "Cantidad de follows = 1203"
<br><br><br>string(17) "isabellabofficial"
string(27) "Cantidad de follows = 13946"
<br><br><br>string(13) "alialioficial"
string(25) "Cantidad de follows = 676"
<br><br><br>string(15) "barbeariadoneno"
string(27) "Cantidad de follows = 13675"
<br><br><br>string(10) "plagamba01"
string(26) "Cantidad de follows = 2670"
<br><br><br>string(11) "oscarcauchi"
string(26) "Cantidad de follows = 3583"
<br><br><br>string(7) "18laras"
string(26) "Cantidad de follows = 1812"
<br><br><br>string(16) "entreomarealagoa"
string(26) "Cantidad de follows = 1689"
<br><br><br>string(9) "darlanred"
string(27) "Cantidad de follows = 21273"
<br><br><br>string(15) "riolisboabrasil"
string(25) "Cantidad de follows = 204"
<br><br><br>string(12) "studio4cinco"
string(26) "Cantidad de follows = 4931"
<br><br><br>string(13) "fabriciofabre"
string(26) "Cantidad de follows = 8601"
<br><br><br>string(22) "suamusicapersonalizada"
string(27) "Cantidad de follows = 11384"
<br><br><br>string(8) "kevinvem"
string(23) "Cantidad de follows = 5"
<br><br><br>string(12) "djallannatal"
string(27) "Cantidad de follows = 29601"
<br><br><br>string(15) "polpasempreviva"
string(27) "Cantidad de follows = 34433"
<br><br><br>string(8) "kessyaaa"
string(27) "Cantidad de follows = 11049"
<br><br><br>string(8) "celparra"
string(27) "Cantidad de follows = 10666"
<br><br><br>object(stdClass)#222 (2) {
  ["id"]=>
  string(5) "25524"
  ["login"]=>
  string(11) "tompson9345"
}
object(stdClass)#20 (2) {
  ["id"]=>
  string(5) "25571"
  ["login"]=>
  string(14) "habner_martins"
}
string(13) "mayconbarroco"
string(27) "Cantidad de follows = 18534"
<br><br><br>string(9) "caiocesar"
string(24) "Cantidad de follows = 85"
<br><br><br>string(8) "lil.fama"
string(27) "Cantidad de follows = 21006"
<br><br><br>string(12) "institutoybi"
string(27) "Cantidad de follows = 17918"
<br><br><br>object(stdClass)#169 (2) {
  ["id"]=>
  string(5) "26183"
  ["login"]=>
  string(14) "andresa_lebens"
}
object(stdClass)#60 (2) {
  ["id"]=>
  string(5) "26226"
  ["login"]=>
  string(7) "yuryv05"
}
string(15) "eliana_casimiro"
string(26) "Cantidad de follows = 5615"
<br><br><br>string(11) "maloohstore"
string(26) "Cantidad de follows = 3735"
<br><br><br>string(16) "simplesmenteamei"
string(27) "Cantidad de follows = 16049"
<br><br><br>string(16) "drraphaelmarques"
string(27) "Cantidad de follows = 21326"
<br><br><br>string(10) "casazunzun"
string(26) "Cantidad de follows = 5738"
<br><br><br>string(14) "draraymedeiros"
string(26) "Cantidad de follows = 1572"
<br><br><br>string(12) "4youdressing"
string(26) "Cantidad de follows = 3538"
<br><br><br>string(21) "lucaslermenfotografia"
string(27) "Cantidad de follows = 15215"
<br><br><br>string(16) "bracholuismiguel"
string(25) "Cantidad de follows = 849"
<br><br><br>string(17) "draflaviasgavioli"
string(27) "Cantidad de follows = 42051"
<br><br><br>string(16) "rafamello_cantor"
string(26) "Cantidad de follows = 9076"
<br><br><br>string(13) "gabinassyrios"
string(27) "Cantidad de follows = 28179"
<br><br><br>string(13) "cardosodani78"
string(25) "Cantidad de follows = 413"
<br><br><br>object(stdClass)#20 (2) {
  ["id"]=>
  string(5) "27362"
  ["login"]=>
  string(9) "k123silva"
}
string(9) "labotique"
string(25) "Cantidad de follows = 276"
<br><br><br>string(11) "eco.noronha"
string(26) "Cantidad de follows = 1072"
<br><br><br>string(13) "gelottisports"
string(26) "Cantidad de follows = 6234"
<br><br><br>string(13) "bombeefsantos"
string(27) "Cantidad de follows = 70949"
<br><br><br>string(15) "parvathi_brasil"
string(26) "Cantidad de follows = 8666"
<br><br><br>string(9) "lobotique"
string(26) "Cantidad de follows = 6625"
<br><br><br>string(8) "talincas"
string(27) "Cantidad de follows = 22572"
<br><br><br>string(21) "visagismofacial_drika"
string(25) "Cantidad de follows = 744"
<br><br><br>string(13) "bakwarabrasil"
string(26) "Cantidad de follows = 1571"
<br><br><br>string(19) "carlabarcellosjoias"
string(27) "Cantidad de follows = 11441"
<br><br><br>string(16) "programagameover"
string(26) "Cantidad de follows = 1104"
<br><br><br>string(15) "aafrodite.store"
string(26) "Cantidad de follows = 5721"
<br><br><br>string(12) "rogiacomello"
string(26) "Cantidad de follows = 1431"
<br><br><br>string(11) "solvebrazil"
string(26) "Cantidad de follows = 1169"
<br><br><br>string(16) "drafernandavolpi"
string(27) "Cantidad de follows = 12397"
<br><br><br>object(stdClass)#66 (2) {
  ["id"]=>
  string(5) "27722"
  ["login"]=>
  string(14) "maribel.silent"
}
string(13) "miocheoficial"
string(27) "Cantidad de follows = 45738"
<br><br><br>string(11) "daylipadron"
string(26) "Cantidad de follows = 8432"
<br><br><br>string(14) "mercadolabarra"
string(26) "Cantidad de follows = 4747"
<br><br><br>string(10) "naraabreuu"
string(26) "Cantidad de follows = 4537"
<br><br><br>string(8) "lukmodas"
string(26) "Cantidad de follows = 8235"
<br><br><br>string(21) "girlsgardenacessorios"
string(26) "Cantidad de follows = 2012"
<br><br><br>string(13) "capimlimaomga"
string(26) "Cantidad de follows = 5785"
<br><br><br>string(15) "maxpremiumjeans"
string(26) "Cantidad de follows = 8485"
<br><br><br>string(8) "bruna.fb"
string(27) "Cantidad de follows = 21111"
<br><br><br>string(14) "na_cara_do_gol"
string(26) "Cantidad de follows = 3039"
<br><br><br>string(13) "jessicacytrus"
string(27) "Cantidad de follows = 29927"
<br><br><br>string(11) "cyrofuziama"
string(27) "Cantidad de follows = 25117"
<br><br><br>string(11) "thaycomfome"
string(27) "Cantidad de follows = 27012"
<br><br><br>string(10) "dankana_dk"
string(26) "Cantidad de follows = 8854"
<br><br><br>string(13) "vivimaquiagem"
string(26) "Cantidad de follows = 3477"
<br><br><br>string(14) "fshirtsdesigns"
string(25) "Cantidad de follows = 368"
<br><br><br>string(15) "closetdasduasto"
string(27) "Cantidad de follows = 14501"
<br><br><br>object(stdClass)#69 (2) {
  ["id"]=>
  string(5) "28069"
  ["login"]=>
  string(14) "rosaduartelash"
}
string(11) "gardelmaroz"
string(26) "Cantidad de follows = 6420"
<br><br><br>object(stdClass)#69 (2) {
  ["id"]=>
  string(5) "28080"
  ["login"]=>
  string(16) "msanchescaroline"
}
object(stdClass)#215 (2) {
  ["id"]=>
  string(5) "28092"
  ["login"]=>
  string(9) "pri_avlis"
}
string(13) "ferefacrochet"
string(26) "Cantidad de follows = 9116"
<br><br><br>object(stdClass)#215 (2) {
  ["id"]=>
  string(5) "28099"
  ["login"]=>
  string(13) "menezesandree"
}
string(7) "nr_mini"
string(27) "Cantidad de follows = 11417"
<br><br><br>string(6) "dz9bnb"
string(26) "Cantidad de follows = 3620"
<br><br><br>object(stdClass)#33 (2) {
  ["id"]=>
  string(5) "28145"
  ["login"]=>
  string(20) "nossoapartamento_103"
}
string(18) "cheirinhodamariana"
string(26) "Cantidad de follows = 7671"
<br><br><br>object(stdClass)#33 (2) {
  ["id"]=>
  string(5) "28213"
  ["login"]=>
  string(15) "malucassimiro.r"
}
string(16) "alvomarketingagc"
string(26) "Cantidad de follows = 9402"
<br><br><br>string(17) "ilmiocasamentoios"
string(26) "Cantidad de follows = 1021"
<br><br><br>string(16) "dranayanepacheco"
string(28) "Cantidad de follows = 144744"
<br><br><br>string(24) "silvanonunes.hairstylist"
string(27) "Cantidad de follows = 25968"
<br><br><br>object(stdClass)#134 (2) {
  ["id"]=>
  string(5) "28276"
  ["login"]=>
  string(13) "tatyanealvess"
}
string(21) "closetdemulheroficial"
string(26) "Cantidad de follows = 3992"
<br><br><br>string(12) "maxiprodutos"
string(27) "Cantidad de follows = 20629"
<br><br><br>string(17) "drdanilopelegrino"
string(26) "Cantidad de follows = 5845"
<br><br><br>string(20) "mariaclaraguimaraes1"
string(27) "Cantidad de follows = 35202"
<br><br><br>string(15) "vitoria.mamedio"
string(26) "Cantidad de follows = 7583"
<br><br><br>string(12) "meirellesipc"
string(26) "Cantidad de follows = 1523"
<br><br><br>string(12) "luporluciana"
string(26) "Cantidad de follows = 8451"
<br><br><br>string(11) "andersonvoo"
string(26) "Cantidad de follows = 1049"
<br><br><br>string(14) "niqueferreiira"
string(27) "Cantidad de follows = 12332"
<br><br><br>string(15) "carlota_barnabe"
string(27) "Cantidad de follows = 12717"
<br><br><br>string(17) "drdanilopelegrino"
string(26) "Cantidad de follows = 5845"
<br><br><br>string(9) "lipinhuss"
string(26) "Cantidad de follows = 1767"
<br><br><br>string(13) "mayaramarkes_"
string(26) "Cantidad de follows = 8579"
<br><br><br>string(10) "ky2oficial"
string(26) "Cantidad de follows = 2488"
<br><br><br>string(11) "mendy_vivii"
string(26) "Cantidad de follows = 4078"
<br><br><br>object(stdClass)#44 (2) {
  ["id"]=>
  string(5) "28497"
  ["login"]=>
  string(21) "_medicinaintegrativa_"
}
string(25) "specialitycoffeegastropub"
string(25) "Cantidad de follows = 554"
<br><br><br>string(11) "carolsousas"
string(26) "Cantidad de follows = 3534"
<br><br><br>object(stdClass)#208 (2) {
  ["id"]=>
  string(5) "28517"
  ["login"]=>
  string(19) "martins_consultoria"
}
string(4) "fila"
string(25) "Cantidad de follows = 861"
<br><br><br>string(6) "reebok"
string(29) "Cantidad de follows = 2150677"
<br><br><br>string(8) "bindanvm"
string(26) "Cantidad de follows = 1511"
<br><br><br>object(stdClass)#142 (2) {
  ["id"]=>
  string(5) "28544"
  ["login"]=>
  string(18) "wesleyoliveirareal"
}
string(9) "indikqui_"
string(26) "Cantidad de follows = 1326"
<br><br><br>string(10) "luahungria"
string(26) "Cantidad de follows = 4502"
<br><br><br>object(stdClass)#82 (2) {
  ["id"]=>
  string(5) "28557"
  ["login"]=>
  string(10) "kaahcintra"
}
string(17) "reabilitar.studio"
string(26) "Cantidad de follows = 5730"
<br><br><br>string(9) "amaraljej"
string(25) "Cantidad de follows = 611"
<br><br><br>string(14) "websterramalho"
string(25) "Cantidad de follows = 731"
<br><br><br>string(24) "vida_sol_e_mar_ecoresort"
string(26) "Cantidad de follows = 7130"
<br><br><br>string(10) "aco_brasil"
string(26) "Cantidad de follows = 3371"
<br><br><br>string(13) "desafioadois2"
string(26) "Cantidad de follows = 6905"
<br><br><br>string(10) "joaozaneti"
string(27) "Cantidad de follows = 13218"
<br><br><br>string(12) "karbofitness"
string(27) "Cantidad de follows = 10916"
<br><br><br>string(12) "nayaranouber"
string(27) "Cantidad de follows = 18158"
<br><br><br>object(stdClass)#139 (2) {
  ["id"]=>
  string(5) "28654"
  ["login"]=>
  string(11) "ellenrauber"
}
object(stdClass)#228 (2) {
  ["id"]=>
  string(5) "28657"
  ["login"]=>
  string(14) "reserveviagens"
}
string(17) "ingrid_ferreira25"
string(25) "Cantidad de follows = 177"
<br><br><br>string(20) "neovita_fisioterapia"
string(26) "Cantidad de follows = 4987"
<br><br><br>string(17) "dunashookahlounge"
string(26) "Cantidad de follows = 9092"
<br><br><br>string(15) "emporio.forever"
string(25) "Cantidad de follows = 271"
<br><br><br>string(16) "mariakarencosta_"
string(26) "Cantidad de follows = 6024"
<br><br><br>string(13) "pretta_araujo"
string(27) "Cantidad de follows = 11907"
<br><br><br>string(18) "theo_kate_ragdolls"
string(26) "Cantidad de follows = 6659"
<br><br><br>string(9) "xaanndii_"
string(26) "Cantidad de follows = 1248"
<br><br><br>string(10) "raquellsan"
string(27) "Cantidad de follows = 25968"
<br><br><br>string(11) "quatro_maos"
string(26) "Cantidad de follows = 4195"
<br><br><br>string(20) "apaudiovisualoficial"
string(25) "Cantidad de follows = 568"
<br><br><br>string(15) "gameoverworldmx"
string(24) "Cantidad de follows = 35"
<br><br><br>string(10) "macielcaio"
string(26) "Cantidad de follows = 3041"
<br><br><br>string(10) "pp_eventos"
string(26) "Cantidad de follows = 3611"
<br><br><br>string(15) "renatacanizares"
string(27) "Cantidad de follows = 13521"
<br><br><br>string(12) "dermatofarma"
string(26) "Cantidad de follows = 8828"
<br><br><br>string(14) "cinarafestasbh"
string(27) "Cantidad de follows = 44042"
<br><br><br>string(10) "mreissilva"
string(27) "Cantidad de follows = 23946"
<br><br><br>string(17) "minutoscomdelavec"
string(27) "Cantidad de follows = 13980"
<br><br><br>string(9) "lilispada"
string(28) "Cantidad de follows = 719115"
<br><br><br>string(13) "edersilveiram"
string(26) "Cantidad de follows = 4497"
<br><br><br>string(15) "rosanatiburtino"
string(26) "Cantidad de follows = 1031"
<br><br><br>string(18) "stopscapautomotivo"
string(26) "Cantidad de follows = 6070"
<br><br><br>object(stdClass)#8 (2) {
  ["id"]=>
  string(5) "28849"
  ["login"]=>
  string(8) "plasjowl"
}
string(12) "itzackcamila"
string(26) "Cantidad de follows = 1344"
<br><br><br>string(15) "eu_gabicarvalho"
string(26) "Cantidad de follows = 3029"
<br><br><br>string(13) "everttonviana"
string(27) "Cantidad de follows = 10024"
<br><br><br>string(17) "shirleyalesantana"
string(27) "Cantidad de follows = 28485"
<br><br><br>string(14) "leticiastoledo"
string(26) "Cantidad de follows = 2565"
<br><br><br>string(14) "drpedroferrari"
string(27) "Cantidad de follows = 39302"
<br><br><br>string(11) "itamixbazar"
string(26) "Cantidad de follows = 4733"
<br><br><br>string(13) "trader_amador"
string(25) "Cantidad de follows = 167"
<br><br><br>string(16) "isabellasanchess"
string(26) "Cantidad de follows = 3042"
<br><br><br>object(stdClass)#60 (2) {
  ["id"]=>
  string(5) "28962"
  ["login"]=>
  string(15) "tiagomennezes11"
}
string(12) "bunkersounds"
string(26) "Cantidad de follows = 1704"
<br><br><br>string(14) "timmycelulares"
string(25) "Cantidad de follows = 217"
<br><br><br>object(stdClass)#8 (2) {
  ["id"]=>
  string(5) "28988"
  ["login"]=>
  string(15) "programavitrina"
}
object(stdClass)#16 (2) {
  ["id"]=>
  string(5) "28990"
  ["login"]=>
  string(17) "acade_corpoeforma"
}
object(stdClass)#8 (2) {
  ["id"]=>
  string(5) "28993"
  ["login"]=>
  string(11) "atgaranhuns"
}
string(20) "annamaya_arquitetura"
string(26) "Cantidad de follows = 9396"
<br><br><br>string(8) "1kgdobom"
string(27) "Cantidad de follows = 14992"
<br><br><br>string(13) "livre.digital"
string(26) "Cantidad de follows = 3721"
<br><br><br>string(14) "rhuanpenaforte"
string(27) "Cantidad de follows = 10638"
<br><br><br>string(16) "restaurantebario"
string(26) "Cantidad de follows = 1397"
<br><br><br>string(21) "felippeturtransportes"
string(26) "Cantidad de follows = 5008"
<br><br><br>string(15) "solarlifeenergy"
string(25) "Cantidad de follows = 549"
<br><br><br>string(18) "vinteumcomunicacao"
string(25) "Cantidad de follows = 576"
<br><br><br>string(18) "auto_escolaatitude"
string(26) "Cantidad de follows = 2019"
<br><br><br>string(13) "carollremigio"
string(26) "Cantidad de follows = 1068"
<br><br><br>string(13) "pampodelivery"
string(26) "Cantidad de follows = 1258"
<br><br><br>string(20) "txcambioeturismo_rio"
string(26) "Cantidad de follows = 1286"
<br><br><br>string(13) "riveauxmerino"
string(26) "Cantidad de follows = 5413"
<br><br><br>string(15) "carneslaceleste"
string(26) "Cantidad de follows = 2560"
<br><br><br>string(11) "heroairsoft"
string(26) "Cantidad de follows = 3839"
<br><br><br>string(19) "brechoandreaventuro"
string(27) "Cantidad de follows = 36621"
<br><br><br>string(9) "samiilly_"
string(27) "Cantidad de follows = 18233"
<br><br><br>string(14) "luigi_bemporad"
string(24) "Cantidad de follows = 54"
<br><br><br>string(13) "luiz_skydiver"
string(26) "Cantidad de follows = 9840"
<br><br><br>string(15) "luanmachado.arq"
string(26) "Cantidad de follows = 1851"
<br><br><br>string(12) "kaikfariastv"
string(26) "Cantidad de follows = 2127"
<br><br><br>string(16) "colegioguarapuvu"
string(23) "Cantidad de follows = 1"
<br><br><br>string(9) "guarapuvu"
string(26) "Cantidad de follows = 3081"
<br><br><br>string(13) "purocafajeste"
string(27) "Cantidad de follows = 34201"
<br><br><br>string(11) "a_deziderio"
string(26) "Cantidad de follows = 2067"
<br><br><br>object(stdClass)#155 (2) {
  ["id"]=>
  string(5) "29171"
  ["login"]=>
  string(16) "ranchotalisma_mg"
}
object(stdClass)#89 (2) {
  ["id"]=>
  string(5) "29178"
  ["login"]=>
  string(16) "maryana_araujooc"
}
string(13) "vitormagnusss"
string(27) "Cantidad de follows = 42359"
<br><br><br>string(20) "franciscosilva_alves"
string(25) "Cantidad de follows = 265"
<br><br><br>string(17) "mrandersonalmeida"
string(26) "Cantidad de follows = 6334"
<br><br><br>string(10) "inovaluxrj"
string(25) "Cantidad de follows = 190"
<br><br><br>string(17) "mixturinhafashion"
string(26) "Cantidad de follows = 2221"
<br><br><br>string(22) "danelonprimeacessorios"
string(26) "Cantidad de follows = 4728"
<br><br><br>object(stdClass)#162 (2) {
  ["id"]=>
  string(5) "29219"
  ["login"]=>
  string(7) "ruivabr"
}
string(17) "luizjatobaoficial"
string(26) "Cantidad de follows = 9628"
<br><br><br>string(8) "thhai97_"
string(26) "Cantidad de follows = 1624"
<br><br><br>string(10) "tiago_kuhn"
string(26) "Cantidad de follows = 2292"
<br><br><br>object(stdClass)#120 (2) {
  ["id"]=>
  string(5) "29228"
  ["login"]=>
  string(13) "tiolavinicius"
}
string(15) "crisoliveiravmk"
string(26) "Cantidad de follows = 2219"
<br><br><br>string(15) "wesleymichelini"
string(26) "Cantidad de follows = 1972"
<br><br><br>string(18) "raphaelacapobiango"
string(26) "Cantidad de follows = 5649"
<br><br><br>string(11) "castrolucas"
string(26) "Cantidad de follows = 3596"
<br><br><br>string(16) "masseriniosteria"
string(26) "Cantidad de follows = 6311"
<br><br><br>string(10) "alvesgilli"
string(26) "Cantidad de follows = 2001"
<br><br><br>string(10) "felippetur"
string(27) "Cantidad de follows = 20533"
<br><br><br>string(25) "rodrigo.embraconconsorcio"
string(26) "Cantidad de follows = 6235"
<br><br><br>string(14) "naotolendoisso"
string(26) "Cantidad de follows = 3517"
<br><br><br>string(24) "elizabet_insurance_agent"
string(25) "Cantidad de follows = 851"
<br><br><br>string(12) "elestore.rio"
string(26) "Cantidad de follows = 1847"
<br><br><br>string(14) "joannaa_aguiar"
string(25) "Cantidad de follows = 563"
<br><br><br>string(12) "ale.mmartins"
string(26) "Cantidad de follows = 1281"
<br><br><br>string(14) "ricvrdomoraes_"
string(26) "Cantidad de follows = 3889"
<br><br><br>string(16) "psgacademyrecife"
string(26) "Cantidad de follows = 4410"
<br><br><br>string(11) "diasluciano"
string(27) "Cantidad de follows = 16633"
<br><br><br>string(15) "othmanejennaoui"
string(27) "Cantidad de follows = 10979"
<br><br><br>string(14) "andresza_ramos"
string(26) "Cantidad de follows = 2005"
<br><br><br>string(23) "estetica.michelecamargo"
string(26) "Cantidad de follows = 3479"
<br><br><br>string(19) "fernandalima.decora"
string(26) "Cantidad de follows = 2147"
<br><br><br>string(13) "ghanabranding"
string(26) "Cantidad de follows = 6746"
<br><br><br>string(16) "binhorodriguess_"
string(26) "Cantidad de follows = 3544"
<br><br><br>string(14) "theblondedetox"
string(26) "Cantidad de follows = 3737"
<br><br><br>string(19) "oficialwinnieamaral"
string(27) "Cantidad de follows = 24001"
<br><br><br>string(19) "pezinhofirmenarocha"
string(28) "Cantidad de follows = 116280"
<br><br><br>string(11) "meempreenda"
string(26) "Cantidad de follows = 3629"
<br><br><br>string(14) "joseluizpontes"
string(25) "Cantidad de follows = 989"
<br><br><br>object(stdClass)#70 (2) {
  ["id"]=>
  string(5) "29486"
  ["login"]=>
  string(15) "eduarda.neves13"
}
object(stdClass)#204 (2) {
  ["id"]=>
  string(5) "29498"
  ["login"]=>
  string(20) "orlamodapraiaoficial"
}
string(17) "advocacia_messias"
string(26) "Cantidad de follows = 3300"
<br><br><br>string(18) "allbotequipamentos"
string(26) "Cantidad de follows = 2914"
<br><br><br>string(20) "emersonlopeshoficial"
string(27) "Cantidad de follows = 12603"
<br><br><br>string(11) "raissataini"
string(27) "Cantidad de follows = 34573"
<br><br><br>object(stdClass)#220 (2) {
  ["id"]=>
  string(5) "29527"
  ["login"]=>
  string(13) "menezesandree"
}
string(10) "vivianeneu"
string(27) "Cantidad de follows = 28853"
<br><br><br>string(8) "dhougie_"
string(27) "Cantidad de follows = 17393"
<br><br><br>string(24) "andressamakeup_penteados"
string(26) "Cantidad de follows = 3051"
<br><br><br>string(13) "iracemaallves"
string(26) "Cantidad de follows = 7403"
<br><br><br>string(11) "renannunes2"
string(26) "Cantidad de follows = 5047"
<br><br><br>string(14) "natha.estetica"
string(26) "Cantidad de follows = 1884"
<br><br><br>string(19) "j.a.estudiodebeleza"
string(25) "Cantidad de follows = 176"
<br><br><br>string(12) "grafianafoto"
string(26) "Cantidad de follows = 9003"
<br><br><br>string(19) "thespacetimeripples"
string(26) "Cantidad de follows = 3329"
<br><br><br>string(14) "rubia_martinss"
string(28) "Cantidad de follows = 112214"
<br><br><br>string(23) "joseguilherme.consultor"
string(26) "Cantidad de follows = 1202"
<br><br><br>string(14) "emporiodifiori"
string(26) "Cantidad de follows = 2261"
<br><br><br>string(21) "viajandonaarquitetura"
string(26) "Cantidad de follows = 5011"
<br><br><br>string(14) "elitecenterfoz"
string(26) "Cantidad de follows = 2387"
<br><br><br>string(10) "yancasilva"
string(26) "Cantidad de follows = 3337"
<br><br><br>string(16) "roberta.amfranca"
string(26) "Cantidad de follows = 3377"
<br><br><br>string(15) "doceriaanaester"
string(26) "Cantidad de follows = 3889"
<br><br><br>string(10) "kathguedes"
string(27) "Cantidad de follows = 43054"
<br><br><br>string(13) "tubaraocenter"
string(26) "Cantidad de follows = 6331"
<br><br><br>object(stdClass)#180 (2) {
  ["id"]=>
  string(5) "29702"
  ["login"]=>
  string(6) "zayrnm"
}
string(9) "chefeeddy"
string(27) "Cantidad de follows = 13213"
<br><br><br>string(10) "acasadecat"
string(27) "Cantidad de follows = 11291"
<br><br><br>string(20) "oficialforroperfeito"
string(27) "Cantidad de follows = 50104"
<br><br><br>string(14) "orabolasbrecho"
string(26) "Cantidad de follows = 2993"
<br><br><br>string(11) "thekingboy_"
string(27) "Cantidad de follows = 17732"
<br><br><br>string(15) "vanessa.wysocki"
string(26) "Cantidad de follows = 3603"
<br><br><br>string(11) "rique.silva"
string(26) "Cantidad de follows = 4987"
<br><br><br>string(22) "gabriellacarvalhostore"
string(27) "Cantidad de follows = 34090"
<br><br><br>string(14) "lojanowfitness"
string(26) "Cantidad de follows = 3981"
<br><br><br>string(8) "mapoiani"
string(26) "Cantidad de follows = 6119"
<br><br><br>string(14) "salaostudiosbc"
string(26) "Cantidad de follows = 1798"
<br><br><br>string(19) "studying_the_secret"
string(26) "Cantidad de follows = 2756"
<br><br><br>string(23) "studiohairinternacional"
string(26) "Cantidad de follows = 5345"
<br><br><br>string(9) "ahdireito"
string(26) "Cantidad de follows = 5388"
<br><br><br>string(7) "kabonkk"
string(26) "Cantidad de follows = 4033"
<br><br><br>string(10) "companyate"
string(25) "Cantidad de follows = 109"
<br><br><br>string(12) "djdavisantos"
string(26) "Cantidad de follows = 8405"
<br><br><br>string(14) "rafaellmoraess"
string(25) "Cantidad de follows = 839"
<br><br><br>string(22) "syflariluminacaoimport"
string(26) "Cantidad de follows = 1825"
<br><br><br>object(stdClass)#113 (2) {
  ["id"]=>
  string(5) "29883"
  ["login"]=>
  string(12) "grupo.efraim"
}
object(stdClass)#70 (2) {
  ["id"]=>
  string(5) "29884"
  ["login"]=>
  string(17) "efraimhoteleflats"
}
string(30) "rpcontrollerinsetodedetizadora"
string(25) "Cantidad de follows = 165"
<br><br><br>string(12) "raunierporto"
string(26) "Cantidad de follows = 3093"
<br><br><br>string(11) "marciabotam"
string(26) "Cantidad de follows = 3853"
<br><br><br>object(stdClass)#107 (2) {
  ["id"]=>
  string(5) "29901"
  ["login"]=>
  string(8) "1jonhbjj"
}
object(stdClass)#225 (2) {
  ["id"]=>
  string(5) "29918"
  ["login"]=>
  string(9) "odeiopera"
}
object(stdClass)#107 (2) {
  ["id"]=>
  string(5) "29932"
  ["login"]=>
  string(11) "eufeearruda"
}
string(11) "tclaranunes"
string(26) "Cantidad de follows = 1795"
<br><br><br>string(19) "alaskaclothingstore"
string(26) "Cantidad de follows = 2285"
<br><br><br>string(14) "gkt_kickboxing"
string(26) "Cantidad de follows = 1633"
<br><br><br>string(19) "character.design.gk"
string(26) "Cantidad de follows = 1187"
<br><br><br>object(stdClass)#140 (2) {
  ["id"]=>
  string(5) "29964"
  ["login"]=>
  string(12) "blogdoarinos"
}
object(stdClass)#24 (2) {
  ["id"]=>
  string(5) "29965"
  ["login"]=>
  string(12) "bela.morenaa"
}
string(24) "leandroquelucifotografia"
string(26) "Cantidad de follows = 3176"
<br><br><br>string(19) "generalstorefitness"
string(26) "Cantidad de follows = 3772"
<br><br><br>string(15) "acervomodasda44"
string(26) "Cantidad de follows = 5685"
<br><br><br>string(12) "mama_costhay"
string(26) "Cantidad de follows = 4874"
<br><br><br>string(17) "ginetom_rodrigues"
string(26) "Cantidad de follows = 7901"
<br><br><br>string(13) "brunnooctavio"
string(25) "Cantidad de follows = 982"
<br><br><br>object(stdClass)#113 (2) {
  ["id"]=>
  string(5) "29996"
  ["login"]=>
  string(12) "doug0liveira"
}
string(10) "gutt_carol"
string(27) "Cantidad de follows = 12073"
<br><br><br>string(9) "hulkdutra"
string(27) "Cantidad de follows = 13396"
<br><br><br>string(16) "camilaguerreiroo"
string(26) "Cantidad de follows = 2378"
<br><br><br>string(15) "sandymakecabelo"
string(26) "Cantidad de follows = 6655"
<br><br><br>string(15) "copaciadvogados"
string(25) "Cantidad de follows = 677"
<br><br><br>string(18) "diegocamargotattoo"
string(26) "Cantidad de follows = 3311"
<br><br><br>string(17) "entretenimento.pe"
string(26) "Cantidad de follows = 3427"
<br><br><br>string(17) "alicemelomakehair"
string(26) "Cantidad de follows = 6782"
<br><br><br>object(stdClass)#170 (2) {
  ["id"]=>
  string(5) "30051"
  ["login"]=>
  string(11) "tuguinha.tv"
}
string(13) "rentar.com.do"
string(27) "Cantidad de follows = 11619"
<br><br><br>string(15) "eriosvaldodiniz"
string(26) "Cantidad de follows = 1622"
<br><br><br>string(11) "gustavo_ono"
string(26) "Cantidad de follows = 5456"
<br><br><br>string(15) "canilredbroncos"
string(26) "Cantidad de follows = 1888"
<br><br><br>string(9) "_brokerst"
string(25) "Cantidad de follows = 302"
<br><br><br>string(14) "lifeprojectone"
string(26) "Cantidad de follows = 1882"
<br><br><br>string(16) "disfranco.motors"
string(26) "Cantidad de follows = 3014"
<br><br><br>string(6) "bomf17"
string(25) "Cantidad de follows = 817"
<br><br><br>string(12) "aliicemello_"
string(26) "Cantidad de follows = 2468"
<br><br><br>string(11) "_bellaforma"
string(27) "Cantidad de follows = 71435"
<br><br><br>string(10) "bruruschel"
string(27) "Cantidad de follows = 11911"
<br><br><br>string(9) "murilooc7"
string(26) "Cantidad de follows = 4506"
<br><br><br>string(9) "a7madov95"
string(25) "Cantidad de follows = 247"
<br><br><br>string(7) "a_mayla"
string(25) "Cantidad de follows = 751"
<br><br><br>string(13) "lidiafeitosa4"
string(26) "Cantidad de follows = 2800"
<br><br><br>string(10) "smokeseila"
string(25) "Cantidad de follows = 644"
<br><br><br>string(10) "rikdelucca"
string(26) "Cantidad de follows = 3662"
<br><br><br>string(19) "corretoracavalcante"
string(25) "Cantidad de follows = 838"
<br><br><br>object(stdClass)#191 (2) {
  ["id"]=>
  string(5) "30218"
  ["login"]=>
  string(14) "thaisaschayder"
}
string(13) "hueskerbrasil"
string(26) "Cantidad de follows = 3785"
<br><br><br>string(22) "rodrigoranchodascabras"
string(25) "Cantidad de follows = 953"
<br><br><br>object(stdClass)#24 (2) {
  ["id"]=>
  string(5) "30232"
  ["login"]=>
  string(15) "arisson_jessica"
}
object(stdClass)#86 (2) {
  ["id"]=>
  string(5) "30257"
  ["login"]=>
  string(13) "nathaly_llima"
}
string(21) "laraharantes.piercing"
string(26) "Cantidad de follows = 3234"
<br><br><br>string(11) "maitemellim"
string(26) "Cantidad de follows = 1960"
<br><br><br>string(10) "criptobraz"
string(25) "Cantidad de follows = 700"
<br><br><br>string(14) "meuprojeto.fit"
string(26) "Cantidad de follows = 2116"
<br><br><br>object(stdClass)#152 (2) {
  ["id"]=>
  string(5) "30286"
  ["login"]=>
  string(15) "cmo_odontologia"
}
object(stdClass)#190 (2) {
  ["id"]=>
  string(5) "30293"
  ["login"]=>
  string(14) "ketellenfelix1"
}
string(14) "biel_do_cavaco"
string(27) "Cantidad de follows = 19498"
<br><br><br>string(9) "netto_ull"
string(25) "Cantidad de follows = 612"
<br><br><br>string(11) "nandokounat"
string(27) "Cantidad de follows = 19512"
<br><br><br>object(stdClass)#217 (2) {
  ["id"]=>
  string(5) "30317"
  ["login"]=>
  string(14) "easyartgrafica"
}
string(15) "studio_beauty15"
string(26) "Cantidad de follows = 1041"
<br><br><br>string(18) "julio_sosa_imoveis"
string(25) "Cantidad de follows = 796"
<br><br><br>string(10) "canelihome"
string(26) "Cantidad de follows = 3732"
<br><br><br>string(9) "josergm86"
string(26) "Cantidad de follows = 7207"
<br><br><br>string(11) "katiaalbany"
string(26) "Cantidad de follows = 4752"
<br><br><br>string(11) "leandramora"
string(26) "Cantidad de follows = 4818"
<br><br><br>object(stdClass)#147 (2) {
  ["id"]=>
  string(5) "30380"
  ["login"]=>
  string(7) "_lrnnym"
}
string(17) "festivalnovomundo"
string(26) "Cantidad de follows = 4411"
<br><br><br>string(10) "odavilemos"
string(27) "Cantidad de follows = 13341"
<br><br><br>string(20) "clebsonfrancaoficial"
string(26) "Cantidad de follows = 2215"
<br><br><br>string(15) "mamaesemmanuais"
string(27) "Cantidad de follows = 11484"
<br><br><br>string(13) "victorcastelo"
string(26) "Cantidad de follows = 1189"
<br><br><br>string(17) "fabricio.physique"
string(27) "Cantidad de follows = 11368"
<br><br><br>string(15) "rafaelfsantanaa"
string(25) "Cantidad de follows = 754"
<br><br><br>object(stdClass)#197 (2) {
  ["id"]=>
  string(5) "30436"
  ["login"]=>
  string(15) "kawlicheski1993"
}
string(10) "facamerirr"
string(26) "Cantidad de follows = 3418"
<br><br><br>string(10) "linoamanda"
string(27) "Cantidad de follows = 10099"
<br><br><br>string(10) "_lorecosta"
string(26) "Cantidad de follows = 2113"
<br><br><br>string(21) "clara.goldenretriever"
string(26) "Cantidad de follows = 3647"
<br><br><br>string(14) "andre.grupoark"
string(26) "Cantidad de follows = 4188"
<br><br><br>string(13) "espacoubaense"
string(26) "Cantidad de follows = 2041"
<br><br><br>string(14) "photoboxbrasil"
string(26) "Cantidad de follows = 2836"
<br><br><br>string(13) "luiara_helmer"
string(26) "Cantidad de follows = 5051"
<br><br><br>string(7) "dul_fcy"
string(26) "Cantidad de follows = 2950"
<br><br><br>string(26) "emporiodapapinhasantoandre"
string(26) "Cantidad de follows = 5511"
<br><br><br>string(15) "rayanemarchetta"
string(26) "Cantidad de follows = 1714"
<br><br><br>string(13) "karol_nunes00"
string(26) "Cantidad de follows = 3588"
<br><br><br>string(10) "apedesign_"
string(26) "Cantidad de follows = 2736"
<br><br><br>string(9) "danilelah"
string(26) "Cantidad de follows = 5173"
<br><br><br>string(8) "kevinm5m"
string(26) "Cantidad de follows = 7393"
<br><br><br>string(12) "noahestetica"
string(26) "Cantidad de follows = 8837"
<br><br><br>string(9) "casadovaz"
string(26) "Cantidad de follows = 7243"
<br><br><br>string(8) "arena7bh"
string(26) "Cantidad de follows = 4387"
<br><br><br>object(stdClass)#77 (2) {
  ["id"]=>
  string(5) "30581"
  ["login"]=>
  string(13) "mathoficialbr"
}
string(17) "jonatas.batistela"
string(27) "Cantidad de follows = 16047"
<br><br><br>object(stdClass)#77 (2) {
  ["id"]=>
  string(5) "30587"
  ["login"]=>
  string(10) "queirozloo"
}
object(stdClass)#119 (2) {
  ["id"]=>
  string(5) "30593"
  ["login"]=>
  string(12) "rogersiiilva"
}
string(11) "marci0viana"
string(26) "Cantidad de follows = 1314"
<br><br><br>string(16) "chefsheiladuarte"
string(26) "Cantidad de follows = 1039"
<br><br><br>string(8) "itsredtv"
string(27) "Cantidad de follows = 44868"
<br><br><br>object(stdClass)#55 (2) {
  ["id"]=>
  string(5) "30622"
  ["login"]=>
  string(8) "lorisfaz"
}
object(stdClass)#220 (2) {
  ["id"]=>
  string(5) "30623"
  ["login"]=>
  string(20) "emagrecer_ja_oficial"
}
string(19) "tamyparadorneptunia"
string(26) "Cantidad de follows = 5833"
<br><br><br>string(9) "gabicoach"
string(26) "Cantidad de follows = 3470"
<br><br><br>object(stdClass)#27 (2) {
  ["id"]=>
  string(5) "30648"
  ["login"]=>
  string(14) "amanda3santana"
}
string(8) "crecleao"
string(26) "Cantidad de follows = 3241"
<br><br><br>string(10) "elluhalves"
string(26) "Cantidad de follows = 5229"
<br><br><br>string(18) "mixsushicafebistek"
string(26) "Cantidad de follows = 5902"
<br><br><br>string(16) "f1ciaimobiliaria"
string(26) "Cantidad de follows = 3322"
<br><br><br>string(15) "vitor_honorato3"
string(26) "Cantidad de follows = 1137"
<br><br><br>string(13) "veneno_daseda"
string(26) "Cantidad de follows = 2068"
<br><br><br>string(10) "mc2turismo"
string(27) "Cantidad de follows = 17857"
<br><br><br>string(19) "erickakamineoficial"
string(26) "Cantidad de follows = 6604"
<br><br><br>string(11) "fredmunizrj"
string(26) "Cantidad de follows = 1516"
<br><br><br>object(stdClass)#195 (2) {
  ["id"]=>
  string(5) "30718"
  ["login"]=>
  string(16) "luis.fernando.br"
}
string(17) "drasheilawatanabe"
string(26) "Cantidad de follows = 1774"
<br><br><br>string(12) "laysasmacedo"
string(26) "Cantidad de follows = 2864"
<br><br><br>string(17) "creativapapelaria"
string(25) "Cantidad de follows = 332"
<br><br><br>string(11) "aondeiremsp"
string(27) "Cantidad de follows = 25655"
<br><br><br>object(stdClass)#192 (2) {
  ["id"]=>
  string(5) "30815"
  ["login"]=>
  string(6) "79_app"
}
string(15) "dioceliogoulart"
string(27) "Cantidad de follows = 19066"
<br><br><br>string(15) "victorperazzini"
string(26) "Cantidad de follows = 2602"
<br><br><br>string(12) "alberto_test"
string(25) "Cantidad de follows = 309"
<br><br><br>string(13) "fassegseguros"
string(26) "Cantidad de follows = 7152"
<br><br><br>string(18) "giovanni.consultor"
string(25) "Cantidad de follows = 932"
<br><br><br>string(17) "coach.jorgeamorim"
string(25) "Cantidad de follows = 993"
<br><br><br>string(16) "blessedmaemequer"
string(27) "Cantidad de follows = 17095"
<br><br><br>string(15) "baile_de_camelo"
string(25) "Cantidad de follows = 762"
<br><br><br>string(13) "dentistabruna"
string(25) "Cantidad de follows = 192"
<br><br><br>string(11) "chicomorais"
string(26) "Cantidad de follows = 4623"
<br><br><br>string(13) "adrianemayumi"
string(27) "Cantidad de follows = 13948"
<br><br><br>string(14) "dresscode.byrm"
string(25) "Cantidad de follows = 233"
<br><br><br>object(stdClass)#197 (2) {
  ["id"]=>
  string(5) "30911"
  ["login"]=>
  string(15) "alynemultiforme"
}
string(15) "ehpralaqueeuvou"
string(26) "Cantidad de follows = 1244"
<br><br><br>string(14) "douglasvwalker"
string(26) "Cantidad de follows = 1774"
<br><br><br>string(8) "dazz.777"
string(26) "Cantidad de follows = 1009"
<br><br><br>string(14) "rafaella_neves"
string(26) "Cantidad de follows = 3743"
<br><br><br>string(8) "soueuwal"
string(26) "Cantidad de follows = 1636"
<br><br><br>string(22) "lacosdasmeninasoficial"
string(26) "Cantidad de follows = 2235"
<br><br><br>string(13) "talitamcostta"
string(25) "Cantidad de follows = 584"
<br><br><br>object(stdClass)#22 (2) {
  ["id"]=>
  string(5) "30989"
  ["login"]=>
  string(8) "pionunes"
}
string(18) "confeitariadagabi_"
string(24) "Cantidad de follows = 63"
<br><br><br>string(14) "brunoalvarez.1"
string(25) "Cantidad de follows = 595"
<br><br><br>string(10) "1989closet"
string(26) "Cantidad de follows = 5853"
<br><br><br>string(12) "jumota_decor"
string(26) "Cantidad de follows = 1697"
<br><br><br>string(16) "marmitinhaslight"
string(26) "Cantidad de follows = 2656"
<br><br><br>string(24) "leoart_desing_paisagismo"
string(26) "Cantidad de follows = 6434"
<br><br><br>string(14) "carolfroemming"
string(26) "Cantidad de follows = 7076"
<br><br><br>object(stdClass)#217 (2) {
  ["id"]=>
  string(5) "31076"
  ["login"]=>
  string(24) "priscilaaparecidasantoss"
}
object(stdClass)#200 (2) {
  ["id"]=>
  string(5) "31080"
  ["login"]=>
  string(9) "chio18789"
}
string(13) "kasamor_store"
string(26) "Cantidad de follows = 2331"
<br><br><br>string(13) "thamysilva201"
string(26) "Cantidad de follows = 4025"
<br><br><br>string(10) "alexrssp12"
string(25) "Cantidad de follows = 311"
<br><br><br>string(14) "silvio.cesarjr"
string(24) "Cantidad de follows = 55"
<br><br><br>string(12) "levis_tudouu"
string(27) "Cantidad de follows = 16497"
<br><br><br>string(8) "euogomez"
string(26) "Cantidad de follows = 2486"
<br><br><br>string(14) "amorefeoficial"
string(26) "Cantidad de follows = 4924"
<br><br><br>string(15) "studioambientes"
string(27) "Cantidad de follows = 14454"
<br><br><br>string(12) "gomilkbrasil"
string(26) "Cantidad de follows = 1037"
<br><br><br>string(13) "gomed.digital"
string(26) "Cantidad de follows = 2295"
<br><br><br>object(stdClass)#201 (2) {
  ["id"]=>
  string(5) "31133"
  ["login"]=>
  string(6) "lv_luh"
}
string(8) "curyamin"
string(25) "Cantidad de follows = 762"
<br><br><br>string(11) "stancefight"
string(27) "Cantidad de follows = 33625"
<br><br><br>string(19) "medconsultingbrasil"
string(27) "Cantidad de follows = 11945"
<br><br><br>string(3) "usa"
string(26) "Cantidad de follows = 4644"
<br><br><br>string(8) "voa_hati"
string(26) "Cantidad de follows = 2968"
<br><br><br>string(18) "robsonbarbosacoach"
string(26) "Cantidad de follows = 6121"
<br><br><br>string(10) "yasmincgr_"
string(26) "Cantidad de follows = 1093"
<br><br><br>string(14) "kharlos_soares"
string(25) "Cantidad de follows = 205"
<br><br><br>string(19) "chrystopher.gabriel"
string(25) "Cantidad de follows = 326"
<br><br><br>string(7) "nega.93"
string(27) "Cantidad de follows = 10650"
<br><br><br>string(13) "cahrlossoares"
string(24) "Cantidad de follows = 63"
<br><br><br>string(8) "emillymv"
string(26) "Cantidad de follows = 4054"
<br><br><br>string(11) "_j.o.a.o___"
string(25) "Cantidad de follows = 188"
<br><br><br>string(14) "antonioportes_"
string(25) "Cantidad de follows = 231"
<br><br><br>string(14) "samo_oliveiraa"
string(25) "Cantidad de follows = 719"
<br><br><br>string(12) "aleehzinho_t"
string(25) "Cantidad de follows = 173"
<br><br><br>string(15) "jonasfahelysson"
string(26) "Cantidad de follows = 6896"
<br><br><br>string(13) "mari_azeredo_"
string(25) "Cantidad de follows = 765"
<br><br><br>string(18) "clinicaformighieri"
string(26) "Cantidad de follows = 2175"
<br><br><br>string(10) "guiturner_"
string(26) "Cantidad de follows = 8891"
<br><br><br>string(14) "carloskpulling"
string(28) "Cantidad de follows = 112578"
<br><br><br>string(10) "oppaviajei"
string(25) "Cantidad de follows = 729"
<br><br><br>string(15) "jujucoelhopinto"
string(27) "Cantidad de follows = 28229"
<br><br><br>string(13) "gersonaraujo_"
string(26) "Cantidad de follows = 2255"
<br><br><br>object(stdClass)#115 (2) {
  ["id"]=>
  string(5) "31318"
  ["login"]=>
  string(11) "josiasnetoo"
}
string(19) "blogsairdozeroagora"
string(26) "Cantidad de follows = 1268"
<br><br><br>object(stdClass)#115 (2) {
  ["id"]=>
  string(5) "31325"
  ["login"]=>
  string(18) "neonprodutorapromo"
}
object(stdClass)#162 (2) {
  ["id"]=>
  string(5) "31326"
  ["login"]=>
  string(6) "djrat_"
}
object(stdClass)#115 (2) {
  ["id"]=>
  string(5) "31337"
  ["login"]=>
  string(23) "anderson_diego_oliveira"
}
string(19) "anacarlarodrigues19"
string(26) "Cantidad de follows = 3026"
<br><br><br>object(stdClass)#115 (2) {
  ["id"]=>
  string(5) "31346"
  ["login"]=>
  string(15) "siimoneepereira"
}
string(13) "jubart_design"
string(25) "Cantidad de follows = 628"
<br><br><br>string(19) "bellkeyprofessional"
string(26) "Cantidad de follows = 1696"
<br><br><br>object(stdClass)#31 (2) {
  ["id"]=>
  string(5) "31382"
  ["login"]=>
  string(8) "ealine._"
}
string(8) "wheresje"
string(28) "Cantidad de follows = 118555"
<br><br><br>object(stdClass)#31 (2) {
  ["id"]=>
  string(5) "31394"
  ["login"]=>
  string(12) "ronyfgomesss"
}
string(16) "jhonatha_feitosa"
string(26) "Cantidad de follows = 1189"
<br><br><br>string(15) "blena.nathallya"
string(26) "Cantidad de follows = 1092"
<br><br><br>string(10) "edersonflx"
string(26) "Cantidad de follows = 6838"
<br><br><br>string(23) "tridorimpermebializacao"
string(25) "Cantidad de follows = 214"
<br><br><br>string(9) "jehdpires"
string(25) "Cantidad de follows = 798"
<br><br><br>string(18) "emagrecer_agora.br"
string(26) "Cantidad de follows = 1084"
<br><br><br>string(9) "caio_luka"
string(25) "Cantidad de follows = 338"
<br><br><br>string(10) "brasil.anb"
string(25) "Cantidad de follows = 702"
<br><br><br>string(19) "jeanpiresfotografia"
string(26) "Cantidad de follows = 1095"
<br><br><br>object(stdClass)#218 (2) {
  ["id"]=>
  string(5) "31483"
  ["login"]=>
  string(12) "canutoandree"
}
string(15) "charles_gsilvaa"
string(26) "Cantidad de follows = 1883"
<br><br><br>string(15) "theluccassantos"
string(26) "Cantidad de follows = 1157"
<br><br><br>string(10) "biih_faith"
string(26) "Cantidad de follows = 1465"
<br><br><br>string(18) "leonardomonteiro00"
string(25) "Cantidad de follows = 890"
<br><br><br>string(17) "carlafagundesblog"
string(26) "Cantidad de follows = 6228"
<br><br><br>string(13) "aguedamaurien"
string(26) "Cantidad de follows = 2568"
<br><br><br>string(13) "pedrosagfteam"
string(26) "Cantidad de follows = 1896"
<br><br><br>string(9) "eusoudaro"
string(26) "Cantidad de follows = 1662"
<br><br><br>string(14) "caiquefregnani"
string(27) "Cantidad de follows = 10921"
<br><br><br>string(14) "heitorsoares.c"
string(26) "Cantidad de follows = 7908"
<br><br><br>string(21) "mulheres_que_se_amam_"
string(24) "Cantidad de follows = 70"
<br><br><br>string(17) "marco.suplementos"
string(27) "Cantidad de follows = 10136"
<br><br><br>string(8) "tetovivo"
string(26) "Cantidad de follows = 2009"
<br><br><br>string(14) "andrewanderley"
string(26) "Cantidad de follows = 3619"
<br><br><br>string(9) "vitormc83"
string(25) "Cantidad de follows = 174"
<br><br><br>string(8) "_lsilvva"
string(26) "Cantidad de follows = 6232"
<br><br><br>string(17) "clube_das_gostosa"
string(26) "Cantidad de follows = 2260"
<br><br><br>string(17) "esteticista_julia"
string(25) "Cantidad de follows = 638"
<br><br><br>string(10) "kauadellon"
string(25) "Cantidad de follows = 952"
<br><br><br>string(20) "divulgageraisoficial"
string(27) "Cantidad de follows = 21012"
<br><br><br>string(18) "dr.grimaldobicalho"
string(26) "Cantidad de follows = 1717"
<br><br><br>object(stdClass)#224 (2) {
  ["id"]=>
  string(5) "31679"
  ["login"]=>
  string(13) "eiandrecanuto"
}
string(10) "mariodj.uy"
string(26) "Cantidad de follows = 1987"
<br><br><br>string(14) "stephanmarinho"
string(26) "Cantidad de follows = 7069"
<br><br><br>string(9) "misouza07"
string(25) "Cantidad de follows = 719"
<br><br><br>string(16) "glaubritooficial"
string(26) "Cantidad de follows = 2173"
<br><br><br>string(18) "anacarolinefavacho"
string(26) "Cantidad de follows = 1174"
<br><br><br>string(17) "natpharmafarmacia"
string(25) "Cantidad de follows = 737"
<br><br><br>string(13) "tablesdecorpy"
string(25) "Cantidad de follows = 625"
<br><br><br>string(18) "julianasilvaespaco"
string(26) "Cantidad de follows = 1245"
<br><br><br>string(22) "alice_carvalho_oficial"
string(26) "Cantidad de follows = 1458"
<br><br><br>string(14) "juliaparanhos_"
string(27) "Cantidad de follows = 41422"
<br><br><br>string(18) "rannabeckeroficial"
string(27) "Cantidad de follows = 20279"
<br><br><br>string(13) "gomesterapias"
string(27) "Cantidad de follows = 48792"
<br><br><br>string(10) "filhoteeco"
string(27) "Cantidad de follows = 32723"
<br><br><br>object(stdClass)#110 (2) {
  ["id"]=>
  string(5) "31757"
  ["login"]=>
  string(15) "umbr_no_youtube"
}
string(12) "jeff_valerio"
string(25) "Cantidad de follows = 360"
<br><br><br>string(12) "calmbunnypet"
string(25) "Cantidad de follows = 634"
<br><br><br>string(9) "equipe.dx"
string(26) "Cantidad de follows = 2473"
<br><br><br>string(11) "mr.andyarte"
string(25) "Cantidad de follows = 348"
<br><br><br>string(12) "401loungebar"
string(26) "Cantidad de follows = 6792"
<br><br><br>string(14) "edinhotattoojc"
string(27) "Cantidad de follows = 10918"
<br><br><br>string(16) "claudio__soaress"
string(25) "Cantidad de follows = 154"
<br><br><br>string(17) "eduardo_purapesca"
string(28) "Cantidad de follows = 118393"
<br><br><br>string(18) "psi.brunarodrigues"
string(25) "Cantidad de follows = 158"
<br><br><br>string(14) "dillyscoralick"
string(26) "Cantidad de follows = 7969"
<br><br><br>string(15) "vitorhugomsouza"
string(25) "Cantidad de follows = 219"
<br><br><br>string(21) "maktubemiratessbrasil"
string(25) "Cantidad de follows = 175"
<br><br><br>string(8) "opldecor"
string(25) "Cantidad de follows = 243"
<br><br><br>string(8) "yslaoker"
string(24) "Cantidad de follows = 16"
<br><br><br>\n<br>JOB DONE!!!<br>\n2018-10-21 07:55:17am