DAILY REPORT Inited...!<br>
2018-10-14 06:30:01am<br>
string(14) "alberto_dreyes"
string(27) "Cantidad de follows = 14398"
<br><br><br>string(19) "opiniaoconservadora"
string(27) "Cantidad de follows = 56492"
<br><br><br>string(17) "sibitecomunicacao"
string(27) "Cantidad de follows = 10261"
<br><br><br>string(11) "mo.taniguti"
string(27) "Cantidad de follows = 20840"
<br><br><br>object(stdClass)#30 (2) {
  ["id"]=>
  string(3) "146"
  ["login"]=>
  string(12) "auepromocoes"
}
string(23) "jeunesse_bycrislafratta"
string(25) "Cantidad de follows = 184"
<br><br><br>string(12) "lily.s.alves"
string(26) "Cantidad de follows = 2086"
<br><br><br>string(10) "powerlook_"
string(27) "Cantidad de follows = 60699"
<br><br><br>object(stdClass)#12 (2) {
  ["id"]=>
  string(3) "245"
  ["login"]=>
  string(18) "xodozinho.retratos"
}
object(stdClass)#23 (2) {
  ["id"]=>
  string(3) "867"
  ["login"]=>
  string(14) "joaovictorjvb1"
}
object(stdClass)#12 (2) {
  ["id"]=>
  string(4) "1059"
  ["login"]=>
  string(8) "graverrj"
}
string(7) "ma_luco"
string(27) "Cantidad de follows = 28610"
<br><br><br>string(12) "carlloooooss"
string(26) "Cantidad de follows = 1289"
<br><br><br>string(15) "sapatodochef.pa"
string(26) "Cantidad de follows = 2369"
<br><br><br>object(stdClass)#221 (2) {
  ["id"]=>
  string(4) "2175"
  ["login"]=>
  string(10) "vireiloira"
}
string(18) "mercadomodelobahia"
string(26) "Cantidad de follows = 9048"
<br><br><br>string(11) "thayscalmon"
string(26) "Cantidad de follows = 5268"
<br><br><br>string(11) "decoremundo"
string(27) "Cantidad de follows = 14338"
<br><br><br>string(9) "decorcool"
string(23) "Cantidad de follows = 7"
<br><br><br>object(stdClass)#220 (2) {
  ["id"]=>
  string(4) "3292"
  ["login"]=>
  string(8) "fragabar"
}
object(stdClass)#192 (2) {
  ["id"]=>
  string(4) "4236"
  ["login"]=>
  string(8) "lorenaym"
}
string(11) "pamelaotero"
string(27) "Cantidad de follows = 46136"
<br><br><br>string(19) "starpointcollection"
string(27) "Cantidad de follows = 12672"
<br><br><br>string(9) "katiacsdc"
string(27) "Cantidad de follows = 18314"
<br><br><br>string(14) "grazielialvess"
string(27) "Cantidad de follows = 21573"
<br><br><br>string(22) "dra_barbaravasconcelos"
string(27) "Cantidad de follows = 24016"
<br><br><br>string(21) "comandantedochurrasco"
string(27) "Cantidad de follows = 56714"
<br><br><br>string(12) "40antesdos40"
string(27) "Cantidad de follows = 27821"
<br><br><br>string(16) "drricardopalacio"
string(27) "Cantidad de follows = 25687"
<br><br><br>string(12) "pollyruffini"
string(26) "Cantidad de follows = 6996"
<br><br><br>string(14) "carlos_skatmar"
string(26) "Cantidad de follows = 2343"
<br><br><br>string(10) "star_point"
string(27) "Cantidad de follows = 32716"
<br><br><br>string(8) "rruizmma"
string(27) "Cantidad de follows = 46980"
<br><br><br>string(8) "dumbu.09"
string(26) "Cantidad de follows = 7678"
<br><br><br>string(14) "marcosp.medina"
string(26) "Cantidad de follows = 4097"
<br><br><br>string(11) "sandrozion7"
string(27) "Cantidad de follows = 21067"
<br><br><br>string(17) "grandville_hoteis"
string(27) "Cantidad de follows = 12702"
<br><br><br>string(11) "josiasdiass"
string(27) "Cantidad de follows = 18074"
<br><br><br>string(18) "barbaracampospalma"
string(26) "Cantidad de follows = 8701"
<br><br><br>string(9) "telless13"
string(27) "Cantidad de follows = 14543"
<br><br><br>string(13) "bandamegafire"
string(27) "Cantidad de follows = 23378"
<br><br><br>string(17) "sosoportunidade10"
string(25) "Cantidad de follows = 964"
<br><br><br>string(18) "academia_king_thai"
string(26) "Cantidad de follows = 5071"
<br><br><br>string(13) "renatafontany"
string(27) "Cantidad de follows = 33139"
<br><br><br>string(14) "cabelosaugusto"
string(27) "Cantidad de follows = 23138"
<br><br><br>string(14) "brunocerqueira"
string(27) "Cantidad de follows = 10557"
<br><br><br>string(10) "noxboymike"
string(26) "Cantidad de follows = 5467"
<br><br><br>string(20) "juliobaptistaoficial"
string(28) "Cantidad de follows = 250616"
<br><br><br>string(21) "ateliermarielamoreira"
string(27) "Cantidad de follows = 15846"
<br><br><br>object(stdClass)#24 (2) {
  ["id"]=>
  string(5) "11096"
  ["login"]=>
  string(12) "michaelletjp"
}
object(stdClass)#186 (2) {
  ["id"]=>
  string(5) "11099"
  ["login"]=>
  string(13) "agostochuvoso"
}
string(11) "insultedboy"
string(26) "Cantidad de follows = 3521"
<br><br><br>string(11) "weilla_morg"
string(25) "Cantidad de follows = 933"
<br><br><br>string(11) "raphabritoo"
string(27) "Cantidad de follows = 16066"
<br><br><br>string(10) "vinihveiga"
string(26) "Cantidad de follows = 4087"
<br><br><br>object(stdClass)#31 (2) {
  ["id"]=>
  string(5) "11131"
  ["login"]=>
  string(14) "deliciasdoronk"
}
string(16) "duuduuzinhosilva"
string(26) "Cantidad de follows = 3035"
<br><br><br>string(9) "carlosbsg"
string(25) "Cantidad de follows = 922"
<br><br><br>string(12) "danndourado0"
string(27) "Cantidad de follows = 14949"
<br><br><br>string(7) "biel312"
string(24) "Cantidad de follows = 10"
<br><br><br>string(11) "caiogrunupp"
string(26) "Cantidad de follows = 3308"
<br><br><br>string(11) "paullonunan"
string(26) "Cantidad de follows = 1434"
<br><br><br>string(12) "pablodiego15"
string(26) "Cantidad de follows = 1110"
<br><br><br>object(stdClass)#135 (2) {
  ["id"]=>
  string(5) "11230"
  ["login"]=>
  string(16) "_luferreiranunes"
}
string(14) "natan_mantelli"
string(25) "Cantidad de follows = 799"
<br><br><br>string(17) "antoniocarlos3627"
string(24) "Cantidad de follows = 43"
<br><br><br>string(11) "365_indubai"
string(27) "Cantidad de follows = 21816"
<br><br><br>object(stdClass)#83 (2) {
  ["id"]=>
  string(5) "11239"
  ["login"]=>
  string(12) "ceottosinuhe"
}
string(14) "vitoriaabritto"
string(27) "Cantidad de follows = 33435"
<br><br><br>string(11) "lojaoperapc"
string(27) "Cantidad de follows = 23893"
<br><br><br>string(12) "huealimentos"
string(26) "Cantidad de follows = 5125"
<br><br><br>string(13) "kstimportados"
string(26) "Cantidad de follows = 4388"
<br><br><br>string(7) "wi11see"
string(27) "Cantidad de follows = 11569"
<br><br><br>string(12) "s7_producoes"
string(26) "Cantidad de follows = 6009"
<br><br><br>string(12) "gabrielaribi"
string(26) "Cantidad de follows = 7627"
<br><br><br>string(17) "brunosennaimagens"
string(27) "Cantidad de follows = 13204"
<br><br><br>string(14) "maycowmontemor"
string(27) "Cantidad de follows = 32443"
<br><br><br>string(14) "alinemarcovici"
string(27) "Cantidad de follows = 18504"
<br><br><br>string(10) "junior.dev"
string(27) "Cantidad de follows = 17710"
<br><br><br>string(13) "amaassessoria"
string(26) "Cantidad de follows = 7662"
<br><br><br>string(11) "julisciotto"
string(27) "Cantidad de follows = 24488"
<br><br><br>string(14) "draalinehsilva"
string(27) "Cantidad de follows = 20216"
<br><br><br>string(13) "rodasemotores"
string(27) "Cantidad de follows = 14516"
<br><br><br>string(13) "euclaracampos"
string(26) "Cantidad de follows = 4286"
<br><br><br>string(19) "thamaraelisa.tattoo"
string(27) "Cantidad de follows = 14279"
<br><br><br>string(15) "megaminassports"
string(26) "Cantidad de follows = 6759"
<br><br><br>string(16) "agencia_portal37"
string(26) "Cantidad de follows = 3331"
<br><br><br>object(stdClass)#125 (2) {
  ["id"]=>
  string(5) "11792"
  ["login"]=>
  string(14) "hf_metalurgica"
}
string(13) "grillegourmet"
string(26) "Cantidad de follows = 5119"
<br><br><br>string(11) "davidkapper"
string(27) "Cantidad de follows = 13006"
<br><br><br>string(11) "7chavesfoto"
string(27) "Cantidad de follows = 11036"
<br><br><br>string(11) "joiaskether"
string(27) "Cantidad de follows = 19516"
<br><br><br>string(14) "luziasantana33"
string(28) "Cantidad de follows = 236792"
<br><br><br>string(13) "thiagovaleiro"
string(26) "Cantidad de follows = 3823"
<br><br><br>object(stdClass)#43 (2) {
  ["id"]=>
  string(5) "12434"
  ["login"]=>
  string(9) "dupicasso"
}
string(11) "laura_bergo"
string(26) "Cantidad de follows = 6423"
<br><br><br>string(15) "dra.raphabecker"
string(27) "Cantidad de follows = 19711"
<br><br><br>string(14) "andreluiznardo"
string(27) "Cantidad de follows = 16493"
<br><br><br>object(stdClass)#94 (2) {
  ["id"]=>
  string(5) "13880"
  ["login"]=>
  string(8) "letdaher"
}
string(9) "dgarciia_"
string(25) "Cantidad de follows = 858"
<br><br><br>string(10) "joaosurf12"
string(24) "Cantidad de follows = 97"
<br><br><br>string(8) "itsandco"
string(27) "Cantidad de follows = 20674"
<br><br><br>string(10) "ela_andrea"
string(27) "Cantidad de follows = 22494"
<br><br><br>string(14) "nafurtadocakes"
string(26) "Cantidad de follows = 6600"
<br><br><br>string(18) "castrolautoservice"
string(26) "Cantidad de follows = 9339"
<br><br><br>string(9) "livdrinks"
string(27) "Cantidad de follows = 47525"
<br><br><br>string(18) "portalautoshopping"
string(27) "Cantidad de follows = 12136"
<br><br><br>string(20) "manu.mamaeaoquadrado"
string(26) "Cantidad de follows = 9585"
<br><br><br>string(15) "odontowebschool"
string(27) "Cantidad de follows = 10572"
<br><br><br>string(9) "abarkeria"
string(27) "Cantidad de follows = 33465"
<br><br><br>object(stdClass)#142 (2) {
  ["id"]=>
  string(5) "15166"
  ["login"]=>
  string(14) "__fehholiveira"
}
string(10) "ninabaking"
string(26) "Cantidad de follows = 8955"
<br><br><br>string(10) "jgiordanoo"
string(27) "Cantidad de follows = 12540"
<br><br><br>string(18) "domhairfelippewill"
string(27) "Cantidad de follows = 11536"
<br><br><br>string(7) "pbpetti"
string(27) "Cantidad de follows = 39689"
<br><br><br>string(10) "psych0wolf"
string(25) "Cantidad de follows = 406"
<br><br><br>string(8) "andreiso"
string(26) "Cantidad de follows = 9536"
<br><br><br>string(13) "biadiascoelho"
string(26) "Cantidad de follows = 4885"
<br><br><br>string(8) "mytrips7"
string(25) "Cantidad de follows = 525"
<br><br><br>string(13) "directdireito"
string(27) "Cantidad de follows = 11229"
<br><br><br>string(12) "patrickvalle"
string(26) "Cantidad de follows = 3556"
<br><br><br>string(21) "lucianalauferofficial"
string(27) "Cantidad de follows = 18792"
<br><br><br>string(13) "matheuspercut"
string(26) "Cantidad de follows = 1157"
<br><br><br>string(10) "flavia_vdr"
string(27) "Cantidad de follows = 11267"
<br><br><br>object(stdClass)#174 (2) {
  ["id"]=>
  string(5) "16861"
  ["login"]=>
  string(14) "mickael_cortes"
}
string(16) "helder_del_monte"
string(27) "Cantidad de follows = 16247"
<br><br><br>string(18) "physicalpilates_bh"
string(26) "Cantidad de follows = 5616"
<br><br><br>string(13) "faleiroslaura"
string(27) "Cantidad de follows = 12880"
<br><br><br>string(11) "dannysetudo"
string(26) "Cantidad de follows = 9642"
<br><br><br>string(15) "portodepiranhas"
string(27) "Cantidad de follows = 10474"
<br><br><br>string(24) "contadordehistoriasreais"
string(27) "Cantidad de follows = 27578"
<br><br><br>string(6) "guil38"
string(26) "Cantidad de follows = 6510"
<br><br><br>string(22) "vacationhomeneardisney"
string(27) "Cantidad de follows = 19611"
<br><br><br>string(16) "drguilhermecravo"
string(26) "Cantidad de follows = 3164"
<br><br><br>string(6) "ossmkt"
string(26) "Cantidad de follows = 5291"
<br><br><br>string(10) "jhoneheber"
string(27) "Cantidad de follows = 23516"
<br><br><br>string(20) "justiniano0_official"
string(26) "Cantidad de follows = 2977"
<br><br><br>string(15) "sao_os_caipiras"
string(26) "Cantidad de follows = 9474"
<br><br><br>string(9) "acerickrj"
string(27) "Cantidad de follows = 12287"
<br><br><br>string(15) "leandrogarciadj"
string(27) "Cantidad de follows = 19362"
<br><br><br>string(14) "osnirhamburger"
string(26) "Cantidad de follows = 6856"
<br><br><br>string(8) "dutruffi"
string(27) "Cantidad de follows = 14197"
<br><br><br>string(9) "lschuback"
string(26) "Cantidad de follows = 7804"
<br><br><br>string(21) "carolinanortondematos"
string(27) "Cantidad de follows = 11798"
<br><br><br>object(stdClass)#44 (2) {
  ["id"]=>
  string(5) "18103"
  ["login"]=>
  string(22) "denisegoncalves.santos"
}
string(14) "ethianemarques"
string(25) "Cantidad de follows = 689"
<br><br><br>string(10) "synaraleal"
string(27) "Cantidad de follows = 16193"
<br><br><br>string(8) "trinjune"
string(23) "Cantidad de follows = 0"
<br><br><br>string(12) "holy_popcorn"
string(27) "Cantidad de follows = 10347"
<br><br><br>string(9) "eltranvia"
string(27) "Cantidad de follows = 15899"
<br><br><br>string(19) "diegogoulartoficial"
string(27) "Cantidad de follows = 20490"
<br><br><br>string(15) "cartolinadesign"
string(26) "Cantidad de follows = 5620"
<br><br><br>string(9) "quarto_22"
string(26) "Cantidad de follows = 5616"
<br><br><br>string(10) "blogdakeli"
string(24) "Cantidad de follows = 12"
<br><br><br>object(stdClass)#61 (2) {
  ["id"]=>
  string(5) "18816"
  ["login"]=>
  string(10) "lefitnessb"
}
string(9) "awsmining"
string(26) "Cantidad de follows = 4674"
<br><br><br>string(13) "willianabrito"
string(26) "Cantidad de follows = 6737"
<br><br><br>string(23) "eusoutestemunhadogolias"
string(25) "Cantidad de follows = 205"
<br><br><br>string(16) "tumsoundfestival"
string(26) "Cantidad de follows = 1484"
<br><br><br>string(18) "casalbioequilibrio"
string(27) "Cantidad de follows = 11250"
<br><br><br>string(13) "mimosearomaas"
string(26) "Cantidad de follows = 9160"
<br><br><br>object(stdClass)#94 (2) {
  ["id"]=>
  string(5) "19152"
  ["login"]=>
  string(17) "gventurinpersonal"
}
string(9) "fastfitsc"
string(26) "Cantidad de follows = 3610"
<br><br><br>string(11) "raif_tattoo"
string(27) "Cantidad de follows = 13150"
<br><br><br>string(10) "hustler.hc"
string(26) "Cantidad de follows = 2464"
<br><br><br>string(9) "isarengel"
string(26) "Cantidad de follows = 6778"
<br><br><br>string(12) "solus_online"
string(26) "Cantidad de follows = 4058"
<br><br><br>string(11) "refugiohoje"
string(27) "Cantidad de follows = 12415"
<br><br><br>string(13) "nati.fressato"
string(26) "Cantidad de follows = 7232"
<br><br><br>string(17) "calcadospaubrasil"
string(26) "Cantidad de follows = 8235"
<br><br><br>string(10) "daly_store"
string(27) "Cantidad de follows = 21687"
<br><br><br>string(11) "angelosciao"
string(26) "Cantidad de follows = 5254"
<br><br><br>string(6) "fuinha"
string(25) "Cantidad de follows = 194"
<br><br><br>string(10) "kombi_krug"
string(25) "Cantidad de follows = 509"
<br><br><br>string(12) "rekombinando"
string(26) "Cantidad de follows = 5976"
<br><br><br>string(15) "blogdasusantoss"
string(26) "Cantidad de follows = 5413"
<br><br><br>string(15) "diadeacessorios"
string(26) "Cantidad de follows = 2312"
<br><br><br>string(18) "christians.pereira"
string(26) "Cantidad de follows = 3763"
<br><br><br>object(stdClass)#64 (2) {
  ["id"]=>
  string(5) "19844"
  ["login"]=>
  string(13) "oficialpharma"
}
string(28) "pedrowilsonrodriguespimentel"
string(26) "Cantidad de follows = 7716"
<br><br><br>string(15) "atelieluizrocha"
string(27) "Cantidad de follows = 10233"
<br><br><br>string(12) "bibiscamargo"
string(26) "Cantidad de follows = 2045"
<br><br><br>string(16) "centerperfumaria"
string(26) "Cantidad de follows = 5514"
<br><br><br>string(10) "pmelorocha"
string(26) "Cantidad de follows = 6342"
<br><br><br>object(stdClass)#8 (2) {
  ["id"]=>
  string(5) "20149"
  ["login"]=>
  string(14) "thaliaalvesdec"
}
string(12) "yasminndias_"
string(26) "Cantidad de follows = 9390"
<br><br><br>string(17) "jb_alves_educador"
string(26) "Cantidad de follows = 3544"
<br><br><br>string(24) "leonardosantosfotografia"
string(27) "Cantidad de follows = 39687"
<br><br><br>string(8) "sporttot"
string(24) "Cantidad de follows = 23"
<br><br><br>object(stdClass)#167 (2) {
  ["id"]=>
  string(5) "20503"
  ["login"]=>
  string(8) "chandler"
}
string(13) "ayllesantiago"
string(28) "Cantidad de follows = 133852"
<br><br><br>string(12) "maisonbiarro"
string(27) "Cantidad de follows = 30351"
<br><br><br>string(15) "iselamendozadec"
string(26) "Cantidad de follows = 6096"
<br><br><br>string(9) "bamboh.pt"
string(26) "Cantidad de follows = 2603"
<br><br><br>string(12) "redeentropia"
string(26) "Cantidad de follows = 5890"
<br><br><br>string(13) "goutaguatinga"
string(26) "Cantidad de follows = 1015"
<br><br><br>object(stdClass)#116 (2) {
  ["id"]=>
  string(5) "20682"
  ["login"]=>
  string(11) "farmapharma"
}
string(18) "calabriapizzariarj"
string(26) "Cantidad de follows = 2471"
<br><br><br>object(stdClass)#116 (2) {
  ["id"]=>
  string(5) "20818"
  ["login"]=>
  string(20) "cadillacs.pastelaria"
}
object(stdClass)#155 (2) {
  ["id"]=>
  string(5) "20927"
  ["login"]=>
  string(25) "missionariojairodossantos"
}
object(stdClass)#116 (2) {
  ["id"]=>
  string(5) "21062"
  ["login"]=>
  string(13) "jesuisluciano"
}
object(stdClass)#155 (2) {
  ["id"]=>
  string(5) "21230"
  ["login"]=>
  string(9) "vikatorsc"
}
string(19) "nicollystoreoficial"
string(26) "Cantidad de follows = 7484"
<br><br><br>object(stdClass)#155 (2) {
  ["id"]=>
  string(5) "21368"
  ["login"]=>
  string(18) "ricardoribeiro0013"
}
string(24) "ramossegurancaeletronica"
string(26) "Cantidad de follows = 3289"
<br><br><br>string(18) "camacariplazahotel"
string(26) "Cantidad de follows = 6287"
<br><br><br>string(13) "_telesgabriel"
string(26) "Cantidad de follows = 2531"
<br><br><br>string(12) "fbfabiolopes"
string(26) "Cantidad de follows = 8990"
<br><br><br>object(stdClass)#157 (2) {
  ["id"]=>
  string(5) "21517"
  ["login"]=>
  string(23) "biscuitporvictorialeite"
}
string(10) "trapburger"
string(26) "Cantidad de follows = 2641"
<br><br><br>string(20) "shoppingcasaedesign_"
string(26) "Cantidad de follows = 8745"
<br><br><br>string(9) "samiilly_"
string(27) "Cantidad de follows = 18245"
<br><br><br>object(stdClass)#78 (2) {
  ["id"]=>
  string(5) "21731"
  ["login"]=>
  string(9) "conhecaes"
}
string(7) "loirasn"
string(25) "Cantidad de follows = 196"
<br><br><br>string(15) "santasticauniao"
string(26) "Cantidad de follows = 6288"
<br><br><br>string(19) "embraconcondominios"
string(26) "Cantidad de follows = 4670"
<br><br><br>string(17) "hamburguinhomoema"
string(27) "Cantidad de follows = 60764"
<br><br><br>string(14) "vilmamartins_7"
string(26) "Cantidad de follows = 1308"
<br><br><br>string(12) "leticiajural"
string(26) "Cantidad de follows = 8489"
<br><br><br>string(8) "_zero100"
string(27) "Cantidad de follows = 52171"
<br><br><br>string(20) "lionrollingcircusrio"
string(27) "Cantidad de follows = 14465"
<br><br><br>string(9) "_nerdjunk"
string(26) "Cantidad de follows = 5363"
<br><br><br>string(10) "pilotelton"
string(27) "Cantidad de follows = 11326"
<br><br><br>string(14) "marcioancelmoo"
string(26) "Cantidad de follows = 4978"
<br><br><br>object(stdClass)#55 (2) {
  ["id"]=>
  string(5) "22627"
  ["login"]=>
  string(18) "lucaswiliamsoliver"
}
string(14) "kevinlorenzorj"
string(26) "Cantidad de follows = 3389"
<br><br><br>object(stdClass)#55 (2) {
  ["id"]=>
  string(5) "22701"
  ["login"]=>
  string(21) "falandodemaquiagem_01"
}
string(13) "georgemuchuli"
string(26) "Cantidad de follows = 7767"
<br><br><br>string(15) "wendell_alvess_"
string(24) "Cantidad de follows = 85"
<br><br><br>object(stdClass)#198 (2) {
  ["id"]=>
  string(5) "22786"
  ["login"]=>
  string(6) "jpzk02"
}
object(stdClass)#53 (2) {
  ["id"]=>
  string(5) "22791"
  ["login"]=>
  string(13) "rodrigues.exe"
}
object(stdClass)#198 (2) {
  ["id"]=>
  string(5) "22915"
  ["login"]=>
  string(10) "5000covers"
}
string(18) "marciomouraoficial"
string(27) "Cantidad de follows = 12412"
<br><br><br>object(stdClass)#198 (2) {
  ["id"]=>
  string(5) "23135"
  ["login"]=>
  string(15) "daniak_boutique"
}
string(23) "formatacaotccmonografia"
string(24) "Cantidad de follows = 95"
<br><br><br>string(6) "nekkow"
string(24) "Cantidad de follows = 15"
<br><br><br>string(5) "lucao"
string(25) "Cantidad de follows = 559"
<br><br><br>string(6) "lucao2"
string(25) "Cantidad de follows = 588"
<br><br><br>string(13) "marcelomarkes"
string(27) "Cantidad de follows = 19926"
<br><br><br>string(14) "dl_beautysalon"
string(26) "Cantidad de follows = 1954"
<br><br><br>string(15) "ariadinebarreto"
string(27) "Cantidad de follows = 14556"
<br><br><br>string(13) "canalsemjacar"
string(27) "Cantidad de follows = 14259"
<br><br><br>string(11) "hiratabreno"
string(27) "Cantidad de follows = 12597"
<br><br><br>string(14) "erickspimentel"
string(26) "Cantidad de follows = 2024"
<br><br><br>string(12) "jessicaiwata"
string(27) "Cantidad de follows = 34296"
<br><br><br>string(14) "dnaphotoevideo"
string(27) "Cantidad de follows = 29289"
<br><br><br>string(18) "gamecenterpaulista"
string(27) "Cantidad de follows = 10339"
<br><br><br>string(10) "pacofishrd"
string(26) "Cantidad de follows = 8067"
<br><br><br>string(14) "qualityhotelsd"
string(26) "Cantidad de follows = 1206"
<br><br><br>string(17) "isabellabofficial"
string(27) "Cantidad de follows = 14001"
<br><br><br>string(13) "alialioficial"
string(25) "Cantidad de follows = 674"
<br><br><br>string(15) "barbeariadoneno"
string(27) "Cantidad de follows = 13767"
<br><br><br>string(10) "plagamba01"
string(26) "Cantidad de follows = 2642"
<br><br><br>string(11) "oscarcauchi"
string(26) "Cantidad de follows = 3621"
<br><br><br>string(7) "18laras"
string(26) "Cantidad de follows = 1814"
<br><br><br>string(16) "entreomarealagoa"
string(26) "Cantidad de follows = 1677"
<br><br><br>string(9) "darlanred"
string(27) "Cantidad de follows = 21299"
<br><br><br>string(15) "riolisboabrasil"
string(25) "Cantidad de follows = 205"
<br><br><br>string(12) "studio4cinco"
string(26) "Cantidad de follows = 4938"
<br><br><br>string(13) "fabriciofabre"
string(26) "Cantidad de follows = 8585"
<br><br><br>string(22) "suamusicapersonalizada"
string(27) "Cantidad de follows = 10638"
<br><br><br>string(10) "fioremixbr"
string(25) "Cantidad de follows = 327"
<br><br><br>string(8) "kevinvem"
string(23) "Cantidad de follows = 5"
<br><br><br>string(12) "djallannatal"
string(27) "Cantidad de follows = 29054"
<br><br><br>string(15) "polpasempreviva"
string(27) "Cantidad de follows = 34493"
<br><br><br>string(8) "kessyaaa"
string(27) "Cantidad de follows = 11065"
<br><br><br>string(8) "celparra"
string(27) "Cantidad de follows = 10647"
<br><br><br>object(stdClass)#24 (2) {
  ["id"]=>
  string(5) "25524"
  ["login"]=>
  string(11) "tompson9345"
}
object(stdClass)#25 (2) {
  ["id"]=>
  string(5) "25571"
  ["login"]=>
  string(14) "habner_martins"
}
string(24) "fitnessuplementosoficial"
string(25) "Cantidad de follows = 328"
<br><br><br>string(13) "mayconbarroco"
string(27) "Cantidad de follows = 18508"
<br><br><br>string(9) "caiocesar"
string(24) "Cantidad de follows = 84"
<br><br><br>string(8) "lil.fama"
string(27) "Cantidad de follows = 21123"
<br><br><br>string(12) "institutoybi"
string(27) "Cantidad de follows = 17996"
<br><br><br>object(stdClass)#22 (2) {
  ["id"]=>
  string(5) "26183"
  ["login"]=>
  string(14) "andresa_lebens"
}
string(7) "yuryv05"
string(27) "Cantidad de follows = 10234"
<br><br><br>string(15) "eliana_casimiro"
string(26) "Cantidad de follows = 5633"
<br><br><br>string(11) "maloohstore"
string(26) "Cantidad de follows = 3702"
<br><br><br>string(15) "lauraivinadecor"
string(26) "Cantidad de follows = 9019"
<br><br><br>string(16) "simplesmenteamei"
string(27) "Cantidad de follows = 16079"
<br><br><br>string(16) "drraphaelmarques"
string(27) "Cantidad de follows = 21327"
<br><br><br>string(10) "casazunzun"
string(26) "Cantidad de follows = 5647"
<br><br><br>string(14) "draraymedeiros"
string(26) "Cantidad de follows = 1580"
<br><br><br>string(12) "4youdressing"
string(26) "Cantidad de follows = 3543"
<br><br><br>string(21) "lucaslermenfotografia"
string(27) "Cantidad de follows = 15088"
<br><br><br>string(16) "bracholuismiguel"
string(25) "Cantidad de follows = 835"
<br><br><br>string(17) "draflaviasgavioli"
string(27) "Cantidad de follows = 41627"
<br><br><br>string(16) "rafamello_cantor"
string(26) "Cantidad de follows = 9061"
<br><br><br>string(13) "gabinassyrios"
string(27) "Cantidad de follows = 28113"
<br><br><br>string(13) "cardosodani78"
string(25) "Cantidad de follows = 415"
<br><br><br>object(stdClass)#38 (2) {
  ["id"]=>
  string(5) "27362"
  ["login"]=>
  string(9) "k123silva"
}
string(9) "labotique"
string(25) "Cantidad de follows = 276"
<br><br><br>string(11) "eco.noronha"
string(26) "Cantidad de follows = 1072"
<br><br><br>string(13) "gelottisports"
string(26) "Cantidad de follows = 6257"
<br><br><br>string(13) "bombeefsantos"
string(27) "Cantidad de follows = 70014"
<br><br><br>string(15) "parvathi_brasil"
string(26) "Cantidad de follows = 8568"
<br><br><br>string(9) "lobotique"
string(26) "Cantidad de follows = 6611"
<br><br><br>string(8) "talincas"
string(27) "Cantidad de follows = 22587"
<br><br><br>string(21) "visagismofacial_drika"
string(25) "Cantidad de follows = 744"
<br><br><br>string(13) "bakwarabrasil"
string(26) "Cantidad de follows = 1563"
<br><br><br>string(19) "carlabarcellosjoias"
string(27) "Cantidad de follows = 11451"
<br><br><br>string(16) "programagameover"
string(26) "Cantidad de follows = 1111"
<br><br><br>string(15) "aafrodite.store"
string(26) "Cantidad de follows = 5747"
<br><br><br>string(12) "rogiacomello"
string(26) "Cantidad de follows = 1419"
<br><br><br>string(11) "solvebrazil"
string(26) "Cantidad de follows = 1173"
<br><br><br>string(16) "drafernandavolpi"
string(27) "Cantidad de follows = 12382"
<br><br><br>object(stdClass)#221 (2) {
  ["id"]=>
  string(5) "27722"
  ["login"]=>
  string(14) "maribel.silent"
}
string(13) "miocheoficial"
string(27) "Cantidad de follows = 45518"
<br><br><br>string(11) "daylipadron"
string(26) "Cantidad de follows = 8299"
<br><br><br>string(14) "mercadolabarra"
string(26) "Cantidad de follows = 4529"
<br><br><br>string(10) "naraabreuu"
string(26) "Cantidad de follows = 4564"
<br><br><br>string(8) "lukmodas"
string(26) "Cantidad de follows = 8174"
<br><br><br>string(21) "girlsgardenacessorios"
string(26) "Cantidad de follows = 2017"
<br><br><br>string(13) "capimlimaomga"
string(26) "Cantidad de follows = 5504"
<br><br><br>string(15) "maxpremiumjeans"
string(26) "Cantidad de follows = 8443"
<br><br><br>string(8) "bruna.fb"
string(27) "Cantidad de follows = 21144"
<br><br><br>string(14) "na_cara_do_gol"
string(26) "Cantidad de follows = 3022"
<br><br><br>string(13) "jessicacytrus"
string(27) "Cantidad de follows = 29910"
<br><br><br>string(11) "cyrofuziama"
string(27) "Cantidad de follows = 25174"
<br><br><br>string(11) "thaycomfome"
string(27) "Cantidad de follows = 26878"
<br><br><br>string(10) "dankana_dk"
string(26) "Cantidad de follows = 8839"
<br><br><br>string(13) "vivimaquiagem"
string(26) "Cantidad de follows = 3452"
<br><br><br>string(14) "fshirtsdesigns"
string(25) "Cantidad de follows = 368"
<br><br><br>string(15) "closetdasduasto"
string(27) "Cantidad de follows = 14287"
<br><br><br>object(stdClass)#171 (2) {
  ["id"]=>
  string(5) "28069"
  ["login"]=>
  string(14) "rosaduartelash"
}
string(11) "gardelmaroz"
string(26) "Cantidad de follows = 6289"
<br><br><br>object(stdClass)#171 (2) {
  ["id"]=>
  string(5) "28080"
  ["login"]=>
  string(16) "msanchescaroline"
}
object(stdClass)#18 (2) {
  ["id"]=>
  string(5) "28092"
  ["login"]=>
  string(9) "pri_avlis"
}
string(13) "ferefacrochet"
string(26) "Cantidad de follows = 9037"
<br><br><br>object(stdClass)#18 (2) {
  ["id"]=>
  string(5) "28099"
  ["login"]=>
  string(13) "menezesandree"
}
string(7) "nr_mini"
string(27) "Cantidad de follows = 11201"
<br><br><br>string(6) "dz9bnb"
string(26) "Cantidad de follows = 3419"
<br><br><br>object(stdClass)#11 (2) {
  ["id"]=>
  string(5) "28145"
  ["login"]=>
  string(20) "nossoapartamento_103"
}
string(18) "cheirinhodamariana"
string(26) "Cantidad de follows = 7639"
<br><br><br>object(stdClass)#11 (2) {
  ["id"]=>
  string(5) "28213"
  ["login"]=>
  string(15) "malucassimiro.r"
}
string(16) "alvomarketingagc"
string(26) "Cantidad de follows = 9427"
<br><br><br>string(17) "ilmiocasamentoios"
string(26) "Cantidad de follows = 1011"
<br><br><br>string(16) "dranayanepacheco"
string(28) "Cantidad de follows = 138826"
<br><br><br>string(24) "silvanonunes.hairstylist"
string(27) "Cantidad de follows = 23051"
<br><br><br>object(stdClass)#119 (2) {
  ["id"]=>
  string(5) "28276"
  ["login"]=>
  string(13) "tatyanealvess"
}
string(21) "closetdemulheroficial"
string(26) "Cantidad de follows = 3916"
<br><br><br>string(17) "drdanilopelegrino"
string(26) "Cantidad de follows = 5854"
<br><br><br>string(20) "mariaclaraguimaraes1"
string(27) "Cantidad de follows = 34878"
<br><br><br>string(15) "vitoria.mamedio"
string(26) "Cantidad de follows = 7560"
<br><br><br>string(12) "meirellesipc"
string(26) "Cantidad de follows = 1494"
<br><br><br>string(12) "luporluciana"
string(26) "Cantidad de follows = 8460"
<br><br><br>string(11) "andersonvoo"
string(26) "Cantidad de follows = 1054"
<br><br><br>string(14) "niqueferreiira"
string(27) "Cantidad de follows = 12345"
<br><br><br>string(15) "carlota_barnabe"
string(27) "Cantidad de follows = 12699"
<br><br><br>string(17) "drdanilopelegrino"
string(26) "Cantidad de follows = 5854"
<br><br><br>string(9) "lipinhuss"
string(26) "Cantidad de follows = 1775"
<br><br><br>string(13) "mayaramarkes_"
string(26) "Cantidad de follows = 8591"
<br><br><br>string(10) "ky2oficial"
string(26) "Cantidad de follows = 2425"
<br><br><br>string(11) "mendy_vivii"
string(26) "Cantidad de follows = 3947"
<br><br><br>object(stdClass)#55 (2) {
  ["id"]=>
  string(5) "28497"
  ["login"]=>
  string(21) "_medicinaintegrativa_"
}
string(25) "specialitycoffeegastropub"
string(25) "Cantidad de follows = 555"
<br><br><br>string(11) "carolsousas"
string(26) "Cantidad de follows = 3544"
<br><br><br>object(stdClass)#184 (2) {
  ["id"]=>
  string(5) "28517"
  ["login"]=>
  string(19) "martins_consultoria"
}
string(4) "fila"
string(25) "Cantidad de follows = 845"
<br><br><br>string(6) "reebok"
string(29) "Cantidad de follows = 2136247"
<br><br><br>string(8) "bindanvm"
string(26) "Cantidad de follows = 1512"
<br><br><br>string(18) "wesleyoliveirareal"
string(26) "Cantidad de follows = 2814"
<br><br><br>string(9) "indikqui_"
string(26) "Cantidad de follows = 1330"
<br><br><br>string(10) "luahungria"
string(26) "Cantidad de follows = 4522"
<br><br><br>object(stdClass)#189 (2) {
  ["id"]=>
  string(5) "28557"
  ["login"]=>
  string(10) "kaahcintra"
}
string(17) "reabilitar.studio"
string(26) "Cantidad de follows = 5624"
<br><br><br>string(9) "amaraljej"
string(25) "Cantidad de follows = 613"
<br><br><br>string(14) "websterramalho"
string(25) "Cantidad de follows = 738"
<br><br><br>string(24) "vida_sol_e_mar_ecoresort"
string(26) "Cantidad de follows = 7103"
<br><br><br>string(10) "aco_brasil"
string(26) "Cantidad de follows = 3296"
<br><br><br>string(13) "desafioadois2"
string(26) "Cantidad de follows = 6936"
<br><br><br>string(10) "joaozaneti"
string(27) "Cantidad de follows = 13289"
<br><br><br>string(12) "karbofitness"
string(27) "Cantidad de follows = 10879"
<br><br><br>string(12) "nayaranouber"
string(27) "Cantidad de follows = 18049"
<br><br><br>object(stdClass)#110 (2) {
  ["id"]=>
  string(5) "28654"
  ["login"]=>
  string(11) "ellenrauber"
}
object(stdClass)#168 (2) {
  ["id"]=>
  string(5) "28657"
  ["login"]=>
  string(14) "reserveviagens"
}
string(17) "ingrid_ferreira25"
string(25) "Cantidad de follows = 179"
<br><br><br>string(20) "neovita_fisioterapia"
string(26) "Cantidad de follows = 4962"
<br><br><br>string(17) "dunashookahlounge"
string(26) "Cantidad de follows = 9085"
<br><br><br>string(15) "emporio.forever"
string(25) "Cantidad de follows = 271"
<br><br><br>string(16) "mariakarencosta_"
string(26) "Cantidad de follows = 5962"
<br><br><br>string(13) "pretta_araujo"
string(27) "Cantidad de follows = 11939"
<br><br><br>string(18) "theo_kate_ragdolls"
string(26) "Cantidad de follows = 5202"
<br><br><br>string(9) "xaanndii_"
string(26) "Cantidad de follows = 1242"
<br><br><br>string(15) "pausetakeabreak"
string(26) "Cantidad de follows = 3977"
<br><br><br>string(10) "raquellsan"
string(27) "Cantidad de follows = 26059"
<br><br><br>string(11) "quatro_maos"
string(26) "Cantidad de follows = 4203"
<br><br><br>string(20) "apaudiovisualoficial"
string(25) "Cantidad de follows = 565"
<br><br><br>string(15) "gameoverworldmx"
string(24) "Cantidad de follows = 37"
<br><br><br>string(10) "macielcaio"
string(26) "Cantidad de follows = 3050"
<br><br><br>string(10) "pp_eventos"
string(26) "Cantidad de follows = 3608"
<br><br><br>string(15) "renatacanizares"
string(27) "Cantidad de follows = 13422"
<br><br><br>string(12) "dermatofarma"
string(26) "Cantidad de follows = 8850"
<br><br><br>string(14) "cinarafestasbh"
string(27) "Cantidad de follows = 37012"
<br><br><br>string(10) "mreissilva"
string(27) "Cantidad de follows = 23323"
<br><br><br>string(17) "minutoscomdelavec"
string(27) "Cantidad de follows = 13950"
<br><br><br>string(9) "lilispada"
string(28) "Cantidad de follows = 719922"
<br><br><br>string(13) "edersilveiram"
string(26) "Cantidad de follows = 4503"
<br><br><br>string(15) "rosanatiburtino"
string(26) "Cantidad de follows = 1038"
<br><br><br>string(18) "stopscapautomotivo"
string(26) "Cantidad de follows = 5976"
<br><br><br>object(stdClass)#57 (2) {
  ["id"]=>
  string(5) "28849"
  ["login"]=>
  string(8) "plasjowl"
}
string(12) "itzackcamila"
string(26) "Cantidad de follows = 1347"
<br><br><br>string(15) "eu_gabicarvalho"
string(26) "Cantidad de follows = 3024"
<br><br><br>string(19) "hypinosemodaoficial"
string(26) "Cantidad de follows = 9953"
<br><br><br>string(13) "everttonviana"
string(26) "Cantidad de follows = 9814"
<br><br><br>string(17) "shirleyalesantana"
string(27) "Cantidad de follows = 28201"
<br><br><br>string(14) "leticiastoledo"
string(26) "Cantidad de follows = 2574"
<br><br><br>string(14) "drpedroferrari"
string(27) "Cantidad de follows = 39363"
<br><br><br>string(11) "itamixbazar"
string(26) "Cantidad de follows = 4673"
<br><br><br>string(13) "trader_amador"
string(25) "Cantidad de follows = 167"
<br><br><br>string(16) "isabellasanchess"
string(26) "Cantidad de follows = 3026"
<br><br><br>object(stdClass)#221 (2) {
  ["id"]=>
  string(5) "28962"
  ["login"]=>
  string(15) "tiagomennezes11"
}
string(12) "bunkersounds"
string(26) "Cantidad de follows = 1683"
<br><br><br>string(14) "timmycelulares"
string(25) "Cantidad de follows = 216"
<br><br><br>object(stdClass)#60 (2) {
  ["id"]=>
  string(5) "28988"
  ["login"]=>
  string(15) "programavitrina"
}
object(stdClass)#217 (2) {
  ["id"]=>
  string(5) "28989"
  ["login"]=>
  string(18) "leocar.leonardoniq"
}
object(stdClass)#60 (2) {
  ["id"]=>
  string(5) "28990"
  ["login"]=>
  string(17) "acade_corpoeforma"
}
object(stdClass)#217 (2) {
  ["id"]=>
  string(5) "28993"
  ["login"]=>
  string(11) "atgaranhuns"
}
string(20) "annamaya_arquitetura"
string(26) "Cantidad de follows = 9200"
<br><br><br>string(8) "1kgdobom"
string(27) "Cantidad de follows = 14969"
<br><br><br>string(13) "livre.digital"
string(26) "Cantidad de follows = 3553"
<br><br><br>string(14) "rhuanpenaforte"
string(27) "Cantidad de follows = 10607"
<br><br><br>string(16) "restaurantebario"
string(26) "Cantidad de follows = 1352"
<br><br><br>string(21) "felippeturtransportes"
string(26) "Cantidad de follows = 3117"
<br><br><br>string(15) "solarlifeenergy"
string(25) "Cantidad de follows = 550"
<br><br><br>string(18) "vinteumcomunicacao"
string(25) "Cantidad de follows = 577"
<br><br><br>string(18) "auto_escolaatitude"
string(26) "Cantidad de follows = 2017"
<br><br><br>string(13) "carollremigio"
string(26) "Cantidad de follows = 1067"
<br><br><br>string(13) "pampodelivery"
string(26) "Cantidad de follows = 1265"
<br><br><br>string(20) "txcambioeturismo_rio"
string(26) "Cantidad de follows = 1291"
<br><br><br>string(13) "riveauxmerino"
string(26) "Cantidad de follows = 5420"
<br><br><br>string(15) "carneslaceleste"
string(26) "Cantidad de follows = 2321"
<br><br><br>string(11) "heroairsoft"
string(26) "Cantidad de follows = 3847"
<br><br><br>string(19) "brechoandreaventuro"
string(27) "Cantidad de follows = 36632"
<br><br><br>string(9) "samiilly_"
string(27) "Cantidad de follows = 18246"
<br><br><br>string(14) "luigi_bemporad"
string(24) "Cantidad de follows = 53"
<br><br><br>string(13) "luiz_skydiver"
string(26) "Cantidad de follows = 9858"
<br><br><br>string(15) "luanmachado.arq"
string(26) "Cantidad de follows = 1854"
<br><br><br>string(12) "kaikfariastv"
string(26) "Cantidad de follows = 2085"
<br><br><br>string(16) "colegioguarapuvu"
string(23) "Cantidad de follows = 1"
<br><br><br>string(9) "guarapuvu"
string(26) "Cantidad de follows = 3041"
<br><br><br>string(13) "purocafajeste"
string(27) "Cantidad de follows = 34265"
<br><br><br>string(11) "a_deziderio"
string(26) "Cantidad de follows = 2066"
<br><br><br>object(stdClass)#8 (2) {
  ["id"]=>
  string(5) "29171"
  ["login"]=>
  string(16) "ranchotalisma_mg"
}
object(stdClass)#179 (2) {
  ["id"]=>
  string(5) "29178"
  ["login"]=>
  string(16) "maryana_araujooc"
}
string(13) "vitormagnusss"
string(27) "Cantidad de follows = 42138"
<br><br><br>string(20) "franciscosilva_alves"
string(25) "Cantidad de follows = 268"
<br><br><br>string(17) "mrandersonalmeida"
string(26) "Cantidad de follows = 6324"
<br><br><br>string(10) "inovaluxrj"
string(25) "Cantidad de follows = 189"
<br><br><br>string(17) "mixturinhafashion"
string(26) "Cantidad de follows = 2252"
<br><br><br>object(stdClass)#32 (2) {
  ["id"]=>
  string(5) "29213"
  ["login"]=>
  string(22) "danelonprimeacessorios"
}
object(stdClass)#240 (2) {
  ["id"]=>
  string(5) "29219"
  ["login"]=>
  string(7) "ruivabr"
}
string(17) "luizjatobaoficial"
string(26) "Cantidad de follows = 9578"
<br><br><br>string(8) "thhai97_"
string(26) "Cantidad de follows = 1592"
<br><br><br>string(10) "tiago_kuhn"
string(26) "Cantidad de follows = 2295"
<br><br><br>object(stdClass)#100 (2) {
  ["id"]=>
  string(5) "29228"
  ["login"]=>
  string(13) "tiolavinicius"
}
string(15) "crisoliveiravmk"
string(26) "Cantidad de follows = 2141"
<br><br><br>string(15) "wesleymichelini"
string(26) "Cantidad de follows = 1822"
<br><br><br>string(18) "raphaelacapobiango"
string(26) "Cantidad de follows = 5547"
<br><br><br>string(11) "castrolucas"
string(26) "Cantidad de follows = 3611"
<br><br><br>string(16) "masseriniosteria"
string(26) "Cantidad de follows = 6193"
<br><br><br>string(10) "alvesgilli"
string(26) "Cantidad de follows = 2004"
<br><br><br>string(10) "felippetur"
string(27) "Cantidad de follows = 19157"
<br><br><br>string(25) "rodrigo.embraconconsorcio"
string(26) "Cantidad de follows = 6242"
<br><br><br>string(14) "naotolendoisso"
string(26) "Cantidad de follows = 3274"
<br><br><br>string(14) "elizabet.agent"
string(25) "Cantidad de follows = 790"
<br><br><br>string(12) "elestore.rio"
string(26) "Cantidad de follows = 1717"
<br><br><br>string(14) "joannaa_aguiar"
string(25) "Cantidad de follows = 568"
<br><br><br>string(12) "ale.mmartins"
string(26) "Cantidad de follows = 1274"
<br><br><br>string(14) "ricvrdomoraes_"
string(26) "Cantidad de follows = 3697"
<br><br><br>string(16) "psgacademyrecife"
string(26) "Cantidad de follows = 4363"
<br><br><br>string(11) "diasluciano"
string(27) "Cantidad de follows = 16243"
<br><br><br>string(15) "othmanejennaoui"
string(27) "Cantidad de follows = 11035"
<br><br><br>string(14) "andresza_ramos"
string(26) "Cantidad de follows = 2003"
<br><br><br>string(23) "estetica.michelecamargo"
string(26) "Cantidad de follows = 3370"
<br><br><br>string(19) "fernandalima.decora"
string(26) "Cantidad de follows = 2153"
<br><br><br>string(13) "ghanabranding"
string(26) "Cantidad de follows = 6739"
<br><br><br>string(16) "binhorodriguess_"
string(26) "Cantidad de follows = 3545"
<br><br><br>string(14) "theblondedetox"
string(26) "Cantidad de follows = 3756"
<br><br><br>string(19) "oficialwinnieamaral"
string(27) "Cantidad de follows = 23715"
<br><br><br>string(19) "pezinhofirmenarocha"
string(28) "Cantidad de follows = 116337"
<br><br><br>string(11) "meempreenda"
string(26) "Cantidad de follows = 3627"
<br><br><br>string(14) "joseluizpontes"
string(25) "Cantidad de follows = 989"
<br><br><br>object(stdClass)#233 (2) {
  ["id"]=>
  string(5) "29486"
  ["login"]=>
  string(15) "eduarda.neves13"
}
string(13) "karinelisuzan"
string(26) "Cantidad de follows = 5135"
<br><br><br>object(stdClass)#233 (2) {
  ["id"]=>
  string(5) "29498"
  ["login"]=>
  string(20) "orlamodapraiaoficial"
}
string(17) "advocacia_messias"
string(26) "Cantidad de follows = 3314"
<br><br><br>string(18) "allbotequipamentos"
string(26) "Cantidad de follows = 2921"
<br><br><br>string(20) "emersonlopeshoficial"
string(27) "Cantidad de follows = 12643"
<br><br><br>string(11) "raissataini"
string(27) "Cantidad de follows = 26354"
<br><br><br>object(stdClass)#77 (2) {
  ["id"]=>
  string(5) "29527"
  ["login"]=>
  string(13) "menezesandree"
}
string(10) "vivianeneu"
string(27) "Cantidad de follows = 29276"
<br><br><br>string(8) "dhougie_"
string(27) "Cantidad de follows = 19000"
<br><br><br>string(24) "andressamakeup_penteados"
string(26) "Cantidad de follows = 3076"
<br><br><br>string(13) "iracemaallves"
string(26) "Cantidad de follows = 7418"
<br><br><br>string(11) "renannunes2"
string(26) "Cantidad de follows = 5061"
<br><br><br>string(14) "natha.estetica"
string(26) "Cantidad de follows = 1882"
<br><br><br>string(19) "j.a.estudiodebeleza"
string(25) "Cantidad de follows = 162"
<br><br><br>string(12) "grafianafoto"
string(26) "Cantidad de follows = 9002"
<br><br><br>string(19) "thespacetimeripples"
string(26) "Cantidad de follows = 3312"
<br><br><br>string(14) "rubia_martinss"
string(28) "Cantidad de follows = 102026"
<br><br><br>string(23) "joseguilherme.consultor"
string(26) "Cantidad de follows = 1210"
<br><br><br>string(14) "emporiodifiori"
string(26) "Cantidad de follows = 2242"
<br><br><br>string(21) "viajandonaarquitetura"
string(26) "Cantidad de follows = 4945"
<br><br><br>string(14) "elitecenterfoz"
string(26) "Cantidad de follows = 2393"
<br><br><br>string(10) "yancasilva"
string(26) "Cantidad de follows = 2341"
<br><br><br>string(16) "roberta.amfranca"
string(26) "Cantidad de follows = 3381"
<br><br><br>string(15) "doceriaanaester"
string(26) "Cantidad de follows = 3889"
<br><br><br>string(10) "kathguedes"
string(27) "Cantidad de follows = 42952"
<br><br><br>string(13) "tubaraocenter"
string(26) "Cantidad de follows = 6329"
<br><br><br>object(stdClass)#113 (2) {
  ["id"]=>
  string(5) "29702"
  ["login"]=>
  string(6) "zayrnm"
}
string(9) "chefeeddy"
string(27) "Cantidad de follows = 13581"
<br><br><br>string(10) "acasadecat"
string(27) "Cantidad de follows = 10953"
<br><br><br>string(20) "oficialforroperfeito"
string(27) "Cantidad de follows = 44930"
<br><br><br>string(14) "orabolasbrecho"
string(26) "Cantidad de follows = 3005"
<br><br><br>string(11) "thekingboy_"
string(27) "Cantidad de follows = 17764"
<br><br><br>string(15) "vanessa.wysocki"
string(26) "Cantidad de follows = 3629"
<br><br><br>string(11) "rique.silva"
string(26) "Cantidad de follows = 5007"
<br><br><br>string(22) "gabriellacarvalhostore"
string(27) "Cantidad de follows = 33823"
<br><br><br>string(14) "lojanowfitness"
string(26) "Cantidad de follows = 3978"
<br><br><br>string(8) "mapoiani"
string(26) "Cantidad de follows = 6076"
<br><br><br>string(14) "salaostudiosbc"
string(26) "Cantidad de follows = 1794"
<br><br><br>string(19) "studying_the_secret"
string(26) "Cantidad de follows = 2651"
<br><br><br>string(23) "studiohairinternacional"
string(26) "Cantidad de follows = 5347"
<br><br><br>string(9) "ahdireito"
string(26) "Cantidad de follows = 5376"
<br><br><br>string(7) "kabonkk"
string(26) "Cantidad de follows = 4052"
<br><br><br>string(10) "companyate"
string(25) "Cantidad de follows = 106"
<br><br><br>string(12) "djdavisantos"
string(26) "Cantidad de follows = 8425"
<br><br><br>string(14) "rafaellmoraess"
string(25) "Cantidad de follows = 831"
<br><br><br>string(22) "syflariluminacaoimport"
string(26) "Cantidad de follows = 1740"
<br><br><br>object(stdClass)#155 (2) {
  ["id"]=>
  string(5) "29883"
  ["login"]=>
  string(12) "grupo.efraim"
}
object(stdClass)#29 (2) {
  ["id"]=>
  string(5) "29884"
  ["login"]=>
  string(17) "efraimhoteleflats"
}
string(30) "rpcontrollerinsetodedetizadora"
string(25) "Cantidad de follows = 166"
<br><br><br>string(12) "raunierporto"
string(26) "Cantidad de follows = 3103"
<br><br><br>string(11) "marciabotam"
string(26) "Cantidad de follows = 3802"
<br><br><br>object(stdClass)#235 (2) {
  ["id"]=>
  string(5) "29901"
  ["login"]=>
  string(8) "1jonhbjj"
}
object(stdClass)#146 (2) {
  ["id"]=>
  string(5) "29918"
  ["login"]=>
  string(9) "odeiopera"
}
object(stdClass)#235 (2) {
  ["id"]=>
  string(5) "29932"
  ["login"]=>
  string(11) "eufeearruda"
}
string(11) "tclaranunes"
string(26) "Cantidad de follows = 1775"
<br><br><br>string(19) "alaskaclothingstore"
string(26) "Cantidad de follows = 2284"
<br><br><br>string(14) "gkt_kickboxing"
string(26) "Cantidad de follows = 1603"
<br><br><br>string(19) "character.design.gk"
string(26) "Cantidad de follows = 1191"
<br><br><br>object(stdClass)#199 (2) {
  ["id"]=>
  string(5) "29964"
  ["login"]=>
  string(12) "blogdoarinos"
}
object(stdClass)#158 (2) {
  ["id"]=>
  string(5) "29965"
  ["login"]=>
  string(12) "bela.morenaa"
}
string(24) "leandroquelucifotografia"
string(26) "Cantidad de follows = 3110"
<br><br><br>string(19) "generalstorefitness"
string(26) "Cantidad de follows = 3696"
<br><br><br>string(15) "acervomodasda44"
string(26) "Cantidad de follows = 5697"
<br><br><br>string(12) "mama_costhay"
string(26) "Cantidad de follows = 4918"
<br><br><br>string(17) "ginetom_rodrigues"
string(26) "Cantidad de follows = 7791"
<br><br><br>string(13) "brunnooctavio"
string(25) "Cantidad de follows = 981"
<br><br><br>object(stdClass)#155 (2) {
  ["id"]=>
  string(5) "29996"
  ["login"]=>
  string(12) "doug0liveira"
}
string(10) "gutt_carol"
string(27) "Cantidad de follows = 12133"
<br><br><br>string(9) "hulkdutra"
string(27) "Cantidad de follows = 13384"
<br><br><br>string(16) "camilaguerreiroo"
string(26) "Cantidad de follows = 2376"
<br><br><br>string(15) "sandymakecabelo"
string(26) "Cantidad de follows = 6678"
<br><br><br>string(15) "copaciadvogados"
string(25) "Cantidad de follows = 677"
<br><br><br>string(18) "diegocamargotattoo"
string(26) "Cantidad de follows = 3275"
<br><br><br>string(17) "entretenimento.pe"
string(26) "Cantidad de follows = 3441"
<br><br><br>string(17) "alicemelomakehair"
string(26) "Cantidad de follows = 6776"
<br><br><br>object(stdClass)#166 (2) {
  ["id"]=>
  string(5) "30051"
  ["login"]=>
  string(11) "tuguinha.tv"
}
string(13) "rentar.com.do"
string(27) "Cantidad de follows = 11626"
<br><br><br>string(15) "eriosvaldodiniz"
string(26) "Cantidad de follows = 1633"
<br><br><br>string(11) "gustavo_ono"
string(26) "Cantidad de follows = 5415"
<br><br><br>string(15) "canilredbroncos"
string(26) "Cantidad de follows = 1888"
<br><br><br>string(9) "_brokerst"
string(25) "Cantidad de follows = 303"
<br><br><br>string(14) "lifeprojectone"
string(26) "Cantidad de follows = 1854"
<br><br><br>string(16) "disfranco.motors"
string(26) "Cantidad de follows = 2943"
<br><br><br>string(6) "bomf17"
string(25) "Cantidad de follows = 826"
<br><br><br>string(12) "aliicemello_"
string(26) "Cantidad de follows = 2344"
<br><br><br>string(11) "_bellaforma"
string(27) "Cantidad de follows = 71223"
<br><br><br>string(10) "bruruschel"
string(27) "Cantidad de follows = 11933"
<br><br><br>string(9) "murilooc7"
string(26) "Cantidad de follows = 4436"
<br><br><br>string(9) "a7madov95"
string(25) "Cantidad de follows = 247"
<br><br><br>string(7) "a_mayla"
string(25) "Cantidad de follows = 747"
<br><br><br>string(13) "lidiafeitosa4"
string(26) "Cantidad de follows = 2796"
<br><br><br>string(10) "smokeseila"
string(25) "Cantidad de follows = 645"
<br><br><br>string(10) "rikdelucca"
string(26) "Cantidad de follows = 3642"
<br><br><br>string(19) "corretoracavalcante"
string(25) "Cantidad de follows = 832"
<br><br><br>object(stdClass)#128 (2) {
  ["id"]=>
  string(5) "30218"
  ["login"]=>
  string(14) "thaisaschayder"
}
string(13) "hueskerbrasil"
string(26) "Cantidad de follows = 3743"
<br><br><br>string(22) "rodrigoranchodascabras"
string(25) "Cantidad de follows = 955"
<br><br><br>object(stdClass)#120 (2) {
  ["id"]=>
  string(5) "30232"
  ["login"]=>
  string(15) "arisson_jessica"
}
string(16) "camilla.franklin"
string(26) "Cantidad de follows = 6308"
<br><br><br>string(11) "maira.fuzii"
string(26) "Cantidad de follows = 2151"
<br><br><br>object(stdClass)#202 (2) {
  ["id"]=>
  string(5) "30257"
  ["login"]=>
  string(13) "nathaly_llima"
}
string(21) "laraharantes.piercing"
string(26) "Cantidad de follows = 3251"
<br><br><br>string(11) "maitemellim"
string(26) "Cantidad de follows = 1974"
<br><br><br>string(10) "criptobraz"
string(25) "Cantidad de follows = 704"
<br><br><br>string(14) "meuprojeto.fit"
string(26) "Cantidad de follows = 2091"
<br><br><br>object(stdClass)#148 (2) {
  ["id"]=>
  string(5) "30286"
  ["login"]=>
  string(15) "cmo_odontologia"
}
object(stdClass)#101 (2) {
  ["id"]=>
  string(5) "30293"
  ["login"]=>
  string(14) "ketellenfelix1"
}
string(14) "biel_do_cavaco"
string(27) "Cantidad de follows = 19849"
<br><br><br>string(9) "netto_ull"
string(25) "Cantidad de follows = 615"
<br><br><br>string(11) "nandokounat"
string(27) "Cantidad de follows = 19549"
<br><br><br>object(stdClass)#169 (2) {
  ["id"]=>
  string(5) "30317"
  ["login"]=>
  string(14) "easyartgrafica"
}
string(15) "studio_beauty15"
string(26) "Cantidad de follows = 1045"
<br><br><br>string(18) "julio_sosa_imoveis"
string(25) "Cantidad de follows = 801"
<br><br><br>string(10) "canelihome"
string(26) "Cantidad de follows = 3694"
<br><br><br>string(9) "josergm86"
string(26) "Cantidad de follows = 7224"
<br><br><br>string(11) "katiaalbany"
string(26) "Cantidad de follows = 4805"
<br><br><br>string(11) "leandramora"
string(26) "Cantidad de follows = 1771"
<br><br><br>object(stdClass)#40 (2) {
  ["id"]=>
  string(5) "30380"
  ["login"]=>
  string(7) "_lrnnym"
}
string(17) "festivalnovomundo"
string(26) "Cantidad de follows = 4365"
<br><br><br>string(10) "odavilemos"
string(27) "Cantidad de follows = 13251"
<br><br><br>string(20) "clebsonfrancaoficial"
string(26) "Cantidad de follows = 2170"
<br><br><br>string(15) "mamaesemmanuais"
string(27) "Cantidad de follows = 11500"
<br><br><br>string(13) "victorcastelo"
string(26) "Cantidad de follows = 1181"
<br><br><br>string(17) "fabricio.physique"
string(27) "Cantidad de follows = 11206"
<br><br><br>string(15) "rafaelfsantanaa"
string(25) "Cantidad de follows = 754"
<br><br><br>object(stdClass)#75 (2) {
  ["id"]=>
  string(5) "30436"
  ["login"]=>
  string(15) "kawlicheski1993"
}
string(10) "facamerirr"
string(26) "Cantidad de follows = 3439"
<br><br><br>string(10) "linoamanda"
string(27) "Cantidad de follows = 10037"
<br><br><br>string(10) "_lorecosta"
string(26) "Cantidad de follows = 2054"
<br><br><br>string(21) "clara.goldenretriever"
string(26) "Cantidad de follows = 3749"
<br><br><br>string(14) "andre.grupoark"
string(26) "Cantidad de follows = 4201"
<br><br><br>string(13) "espacoubaense"
string(26) "Cantidad de follows = 1864"
<br><br><br>string(14) "photoboxbrasil"
string(26) "Cantidad de follows = 2827"
<br><br><br>string(13) "luiara_helmer"
string(26) "Cantidad de follows = 5145"
<br><br><br>string(7) "dul_fcy"
string(26) "Cantidad de follows = 2861"
<br><br><br>string(26) "emporiodapapinhasantoandre"
string(26) "Cantidad de follows = 5042"
<br><br><br>string(15) "rayanemarchetta"
string(26) "Cantidad de follows = 1681"
<br><br><br>string(13) "karol_nunes00"
string(26) "Cantidad de follows = 3593"
<br><br><br>string(10) "apedesign_"
string(26) "Cantidad de follows = 2647"
<br><br><br>string(9) "danilelah"
string(26) "Cantidad de follows = 5043"
<br><br><br>string(8) "kevinm5m"
string(26) "Cantidad de follows = 7501"
<br><br><br>string(12) "noahestetica"
string(26) "Cantidad de follows = 8826"
<br><br><br>string(9) "casadovaz"
string(26) "Cantidad de follows = 7082"
<br><br><br>string(8) "arena7bh"
string(26) "Cantidad de follows = 4405"
<br><br><br>object(stdClass)#196 (2) {
  ["id"]=>
  string(5) "30581"
  ["login"]=>
  string(13) "mathoficialbr"
}
string(17) "jonatas.batistela"
string(27) "Cantidad de follows = 14903"
<br><br><br>string(10) "queirozloo"
string(26) "Cantidad de follows = 3657"
<br><br><br>object(stdClass)#65 (2) {
  ["id"]=>
  string(5) "30593"
  ["login"]=>
  string(12) "rogersiiilva"
}
string(11) "marci0viana"
string(26) "Cantidad de follows = 1308"
<br><br><br>string(16) "chefsheiladuarte"
string(26) "Cantidad de follows = 1038"
<br><br><br>string(8) "itsredtv"
string(27) "Cantidad de follows = 44486"
<br><br><br>object(stdClass)#169 (2) {
  ["id"]=>
  string(5) "30622"
  ["login"]=>
  string(8) "lorisfaz"
}
object(stdClass)#194 (2) {
  ["id"]=>
  string(5) "30623"
  ["login"]=>
  string(20) "emagrecer_ja_oficial"
}
string(19) "tamyparadorneptunia"
string(26) "Cantidad de follows = 5751"
<br><br><br>string(9) "gabicoach"
string(26) "Cantidad de follows = 3480"
<br><br><br>string(14) "amanda3santana"
string(26) "Cantidad de follows = 6366"
<br><br><br>string(8) "crecleao"
string(26) "Cantidad de follows = 3234"
<br><br><br>string(10) "elluhalves"
string(26) "Cantidad de follows = 5308"
<br><br><br>string(18) "mixsushicafebistek"
string(26) "Cantidad de follows = 5887"
<br><br><br>string(16) "f1ciaimobiliaria"
string(26) "Cantidad de follows = 3280"
<br><br><br>string(15) "vitor_honorato3"
string(26) "Cantidad de follows = 1135"
<br><br><br>string(13) "veneno_daseda"
string(26) "Cantidad de follows = 2070"
<br><br><br>string(10) "mc2turismo"
string(27) "Cantidad de follows = 17891"
<br><br><br>string(19) "erickakamineoficial"
string(26) "Cantidad de follows = 6619"
<br><br><br>string(11) "fredmunizrj"
string(26) "Cantidad de follows = 1477"
<br><br><br>object(stdClass)#17 (2) {
  ["id"]=>
  string(5) "30718"
  ["login"]=>
  string(16) "luis.fernando.br"
}
string(17) "drasheilawatanabe"
string(26) "Cantidad de follows = 1744"
<br><br><br>string(12) "laysasmacedo"
string(26) "Cantidad de follows = 2893"
<br><br><br>string(17) "creativapapelaria"
string(25) "Cantidad de follows = 329"
<br><br><br>string(11) "aondeiremsp"
string(27) "Cantidad de follows = 25242"
<br><br><br>object(stdClass)#187 (2) {
  ["id"]=>
  string(5) "30815"
  ["login"]=>
  string(6) "79_app"
}
string(8) "tompsonr"
string(25) "Cantidad de follows = 350"
<br><br><br>string(15) "dioceliogoulart"
string(27) "Cantidad de follows = 19046"
<br><br><br>string(15) "victorperazzini"
string(26) "Cantidad de follows = 2436"
<br><br><br>string(12) "alberto_test"
string(25) "Cantidad de follows = 291"
<br><br><br>string(13) "fassegseguros"
string(26) "Cantidad de follows = 7207"
<br><br><br>string(18) "giovanni.consultor"
string(25) "Cantidad de follows = 873"
<br><br><br>string(17) "coach.jorgeamorim"
string(26) "Cantidad de follows = 1001"
<br><br><br>string(16) "blessedmaemequer"
string(27) "Cantidad de follows = 16752"
<br><br><br>string(15) "baile_de_camelo"
string(25) "Cantidad de follows = 753"
<br><br><br>string(13) "dentistabruna"
string(25) "Cantidad de follows = 186"
<br><br><br>string(11) "chicomorais"
string(26) "Cantidad de follows = 4650"
<br><br><br>string(13) "adrianemayumi"
string(27) "Cantidad de follows = 13416"
<br><br><br>string(14) "dresscode.byrm"
string(25) "Cantidad de follows = 230"
<br><br><br>object(stdClass)#164 (2) {
  ["id"]=>
  string(5) "30911"
  ["login"]=>
  string(15) "alynemultiforme"
}
string(15) "ehpralaqueeuvou"
string(26) "Cantidad de follows = 1226"
<br><br><br>string(14) "douglasvwalker"
string(26) "Cantidad de follows = 1733"
<br><br><br>string(11) "brimigreipt"
string(25) "Cantidad de follows = 321"
<br><br><br>string(8) "dazz.777"
string(26) "Cantidad de follows = 1015"
<br><br><br>string(14) "rafaella_neves"
string(26) "Cantidad de follows = 3749"
<br><br><br>string(8) "soueuwal"
string(26) "Cantidad de follows = 1644"
<br><br><br>string(22) "lacosdasmeninasoficial"
string(26) "Cantidad de follows = 2238"
<br><br><br>string(13) "talitamcostta"
string(25) "Cantidad de follows = 563"
<br><br><br>string(17) "fernandinhobranco"
string(24) "Cantidad de follows = 59"
<br><br><br>string(8) "pionunes"
string(27) "Cantidad de follows = 17780"
<br><br><br>string(18) "confeitariadagabi_"
string(24) "Cantidad de follows = 64"
<br><br><br>string(14) "brunoalvarez.1"
string(25) "Cantidad de follows = 545"
<br><br><br>string(10) "1989closet"
string(26) "Cantidad de follows = 5869"
<br><br><br>string(12) "jumota_decor"
string(26) "Cantidad de follows = 1694"
<br><br><br>string(16) "marmitinhaslight"
string(26) "Cantidad de follows = 2654"
<br><br><br>string(24) "leoart_desing_paisagismo"
string(26) "Cantidad de follows = 6809"
<br><br><br>string(14) "carolfroemming"
string(26) "Cantidad de follows = 6936"
<br><br><br>string(24) "priscilaaparecidasantoss"
string(25) "Cantidad de follows = 609"
<br><br><br>object(stdClass)#163 (2) {
  ["id"]=>
  string(5) "31080"
  ["login"]=>
  string(9) "chio18789"
}
string(13) "kasamor_store"
string(26) "Cantidad de follows = 2304"
<br><br><br>string(13) "thamysilva201"
string(26) "Cantidad de follows = 3905"
<br><br><br>string(10) "alexrssp12"
string(25) "Cantidad de follows = 314"
<br><br><br>string(14) "silvio.cesarjr"
string(24) "Cantidad de follows = 60"
<br><br><br>string(12) "levis_tudouu"
string(27) "Cantidad de follows = 15741"
<br><br><br>string(8) "euogomez"
string(26) "Cantidad de follows = 2472"
<br><br><br>string(14) "amorefeoficial"
string(26) "Cantidad de follows = 4553"
<br><br><br>string(15) "studioambientes"
string(27) "Cantidad de follows = 14382"
<br><br><br>string(12) "gomilkbrasil"
string(26) "Cantidad de follows = 1022"
<br><br><br>string(13) "gomed.digital"
string(26) "Cantidad de follows = 2291"
<br><br><br>object(stdClass)#127 (2) {
  ["id"]=>
  string(5) "31133"
  ["login"]=>
  string(6) "lv_luh"
}
string(8) "curyamin"
string(25) "Cantidad de follows = 771"
<br><br><br>string(11) "stancefight"
string(27) "Cantidad de follows = 33683"
<br><br><br>string(19) "medconsultingbrasil"
string(27) "Cantidad de follows = 11910"
<br><br><br>string(3) "usa"
string(26) "Cantidad de follows = 4649"
<br><br><br>string(8) "voa_hati"
string(26) "Cantidad de follows = 2967"
<br><br><br>string(18) "robsonbarbosacoach"
string(26) "Cantidad de follows = 6133"
<br><br><br>string(10) "yasmincgr_"
string(26) "Cantidad de follows = 1047"
<br><br><br>string(14) "kharlos_soares"
string(25) "Cantidad de follows = 206"
<br><br><br>string(19) "chrystopher.gabriel"
string(25) "Cantidad de follows = 320"
<br><br><br>string(7) "nega.93"
string(26) "Cantidad de follows = 9935"
<br><br><br>string(13) "cahrlossoares"
string(24) "Cantidad de follows = 62"
<br><br><br>string(8) "emillymv"
string(26) "Cantidad de follows = 3992"
<br><br><br>string(11) "_j.o.a.o___"
string(25) "Cantidad de follows = 181"
<br><br><br>string(14) "antonioportes_"
string(25) "Cantidad de follows = 228"
<br><br><br>string(14) "samo_oliveiraa"
string(25) "Cantidad de follows = 648"
<br><br><br>string(12) "aleehzinho_t"
string(25) "Cantidad de follows = 171"
<br><br><br>string(15) "jonasfahelysson"
string(26) "Cantidad de follows = 6880"
<br><br><br>string(13) "mari_azeredo_"
string(25) "Cantidad de follows = 768"
<br><br><br>string(18) "clinicaformighieri"
string(26) "Cantidad de follows = 2092"
<br><br><br>string(10) "guiturner_"
string(26) "Cantidad de follows = 8900"
<br><br><br>string(14) "carloskpulling"
string(28) "Cantidad de follows = 112844"
<br><br><br>string(10) "oppaviajei"
string(25) "Cantidad de follows = 711"
<br><br><br>string(19) "madtattoobarbershop"
string(25) "Cantidad de follows = 697"
<br><br><br>string(15) "jujucoelhopinto"
string(27) "Cantidad de follows = 28260"
<br><br><br>string(13) "gersonaraujo_"
string(26) "Cantidad de follows = 2260"
<br><br><br>object(stdClass)#51 (2) {
  ["id"]=>
  string(5) "31318"
  ["login"]=>
  string(11) "josiasnetoo"
}
string(19) "blogsairdozeroagora"
string(26) "Cantidad de follows = 1270"
<br><br><br>object(stdClass)#51 (2) {
  ["id"]=>
  string(5) "31325"
  ["login"]=>
  string(18) "neonprodutorapromo"
}
object(stdClass)#175 (2) {
  ["id"]=>
  string(5) "31326"
  ["login"]=>
  string(6) "djrat_"
}
object(stdClass)#51 (2) {
  ["id"]=>
  string(5) "31337"
  ["login"]=>
  string(23) "anderson_diego_oliveira"
}
string(19) "anacarlarodrigues19"
string(26) "Cantidad de follows = 3064"
<br><br><br>object(stdClass)#51 (2) {
  ["id"]=>
  string(5) "31346"
  ["login"]=>
  string(15) "siimoneepereira"
}
string(13) "jubart_design"
string(25) "Cantidad de follows = 593"
<br><br><br>string(19) "bellkeyprofessional"
string(26) "Cantidad de follows = 1648"
<br><br><br>string(8) "ealine._"
string(26) "Cantidad de follows = 4723"
<br><br><br>string(8) "wheresje"
string(27) "Cantidad de follows = 71948"
<br><br><br>object(stdClass)#196 (2) {
  ["id"]=>
  string(5) "31394"
  ["login"]=>
  string(12) "ronyfgomesss"
}
string(16) "jhonatha_feitosa"
string(26) "Cantidad de follows = 1196"
<br><br><br>string(15) "blena.nathallya"
string(26) "Cantidad de follows = 1084"
<br><br><br>string(10) "edersonflx"
string(26) "Cantidad de follows = 6844"
<br><br><br>string(23) "tridorimpermebializacao"
string(25) "Cantidad de follows = 152"
<br><br><br>string(9) "jehdpires"
string(25) "Cantidad de follows = 804"
<br><br><br>string(18) "emagrecer_agora.br"
string(25) "Cantidad de follows = 896"
<br><br><br>string(9) "caio_luka"
string(25) "Cantidad de follows = 285"
<br><br><br>string(10) "brasil.anb"
string(25) "Cantidad de follows = 675"
<br><br><br>string(19) "jeanpiresfotografia"
string(26) "Cantidad de follows = 1058"
<br><br><br>object(stdClass)#45 (2) {
  ["id"]=>
  string(5) "31483"
  ["login"]=>
  string(12) "canutoandree"
}
string(15) "charles_gsilvaa"
string(26) "Cantidad de follows = 1859"
<br><br><br>string(15) "theluccassantos"
string(26) "Cantidad de follows = 1135"
<br><br><br>string(10) "biih_faith"
string(26) "Cantidad de follows = 1472"
<br><br><br>string(18) "leonardomonteiro00"
string(25) "Cantidad de follows = 892"
<br><br><br>string(17) "carlafagundesblog"
string(26) "Cantidad de follows = 6265"
<br><br><br>string(13) "aguedamaurien"
string(26) "Cantidad de follows = 2545"
<br><br><br>string(13) "pedrosagfteam"
string(26) "Cantidad de follows = 1883"
<br><br><br>string(9) "eusoudaro"
string(26) "Cantidad de follows = 1631"
<br><br><br>string(14) "caiquefregnani"
string(27) "Cantidad de follows = 10526"
<br><br><br>string(14) "heitorsoares.c"
string(26) "Cantidad de follows = 7972"
<br><br><br>string(21) "mulheres_que_se_amam_"
string(24) "Cantidad de follows = 69"
<br><br><br>string(17) "marco.suplementos"
string(27) "Cantidad de follows = 10050"
<br><br><br>string(8) "tetovivo"
string(26) "Cantidad de follows = 1876"
<br><br><br>string(14) "andrewanderley"
string(26) "Cantidad de follows = 3374"
<br><br><br>string(9) "vitormc83"
string(25) "Cantidad de follows = 172"
<br><br><br>string(8) "_lsilvva"
string(26) "Cantidad de follows = 6211"
<br><br><br>string(17) "clube_das_gostosa"
string(26) "Cantidad de follows = 1507"
<br><br><br>string(17) "esteticista_julia"
string(25) "Cantidad de follows = 630"
<br><br><br>string(10) "kauadellon"
string(25) "Cantidad de follows = 719"
<br><br><br>string(20) "divulgageraisoficial"
string(27) "Cantidad de follows = 20886"
<br><br><br>string(18) "dr.grimaldobicalho"
string(26) "Cantidad de follows = 1697"
<br><br><br>string(10) "rahfritzen"
string(26) "Cantidad de follows = 9156"
<br><br><br>object(stdClass)#95 (2) {
  ["id"]=>
  string(5) "31679"
  ["login"]=>
  string(13) "eiandrecanuto"
}
string(10) "mariodj.uy"
string(26) "Cantidad de follows = 1816"
<br><br><br>string(14) "stephanmarinho"
string(26) "Cantidad de follows = 7035"
<br><br><br>string(9) "misouza07"
string(25) "Cantidad de follows = 720"
<br><br><br>string(16) "glaubritooficial"
string(26) "Cantidad de follows = 1954"
<br><br><br>string(18) "anacarolinefavacho"
string(26) "Cantidad de follows = 1185"
<br><br><br>string(17) "natpharmafarmacia"
string(25) "Cantidad de follows = 666"
<br><br><br>string(13) "tablesdecorpy"
string(25) "Cantidad de follows = 589"
<br><br><br>string(18) "julianasilvaespaco"
string(26) "Cantidad de follows = 1231"
<br><br><br>string(22) "alice_carvalho_oficial"
string(25) "Cantidad de follows = 981"
<br><br><br>string(14) "juliaparanhos_"
string(27) "Cantidad de follows = 41344"
<br><br><br>string(18) "rannabeckeroficial"
string(27) "Cantidad de follows = 20248"
<br><br><br>string(13) "gomesterapias"
string(27) "Cantidad de follows = 49038"
<br><br><br>string(10) "filhoteeco"
string(27) "Cantidad de follows = 32766"
<br><br><br>object(stdClass)#165 (2) {
  ["id"]=>
  string(5) "31757"
  ["login"]=>
  string(15) "umbr_no_youtube"
}
string(12) "jeff_valerio"
string(25) "Cantidad de follows = 224"
<br><br><br>string(12) "calmbunnypet"
string(25) "Cantidad de follows = 640"
<br><br><br>string(9) "equipe.dx"
string(26) "Cantidad de follows = 2475"
<br><br><br>string(11) "mr.andyarte"
string(25) "Cantidad de follows = 142"
<br><br><br>string(12) "401loungebar"
string(26) "Cantidad de follows = 6705"
<br><br><br>string(14) "edinhotattoojc"
string(27) "Cantidad de follows = 10819"
<br><br><br>string(16) "claudio__soaress"
string(25) "Cantidad de follows = 158"
<br><br><br>\n<br>JOB DONE!!!<br>\n2018-10-14 07:53:52am