DAILY REPORT Inited...!<br>
2018-10-09 06:30:01am<br>
string(14) "alberto_dreyes"
string(27) "Cantidad de follows = 14429"
<br><br><br>string(19) "opiniaoconservadora"
string(27) "Cantidad de follows = 55891"
<br><br><br>string(17) "sibitecomunicacao"
string(27) "Cantidad de follows = 10274"
<br><br><br>string(11) "mo.taniguti"
string(27) "Cantidad de follows = 20850"
<br><br><br>object(stdClass)#27 (2) {
  ["id"]=>
  string(3) "146"
  ["login"]=>
  string(12) "auepromocoes"
}
string(23) "jeunesse_bycrislafratta"
string(25) "Cantidad de follows = 185"
<br><br><br>string(12) "lily.s.alves"
string(26) "Cantidad de follows = 2090"
<br><br><br>string(10) "powerlook_"
string(27) "Cantidad de follows = 60543"
<br><br><br>object(stdClass)#12 (2) {
  ["id"]=>
  string(3) "245"
  ["login"]=>
  string(18) "xodozinho.retratos"
}
object(stdClass)#29 (2) {
  ["id"]=>
  string(3) "867"
  ["login"]=>
  string(14) "joaovictorjvb1"
}
object(stdClass)#12 (2) {
  ["id"]=>
  string(4) "1059"
  ["login"]=>
  string(8) "graverrj"
}
string(7) "ma_luco"
string(27) "Cantidad de follows = 28576"
<br><br><br>string(12) "carlloooooss"
string(26) "Cantidad de follows = 1286"
<br><br><br>string(15) "sapatodochef.pa"
string(26) "Cantidad de follows = 2377"
<br><br><br>object(stdClass)#218 (2) {
  ["id"]=>
  string(4) "2175"
  ["login"]=>
  string(10) "vireiloira"
}
string(18) "mercadomodelobahia"
string(26) "Cantidad de follows = 9064"
<br><br><br>string(11) "thayscalmon"
string(26) "Cantidad de follows = 5238"
<br><br><br>string(11) "decoremundo"
string(27) "Cantidad de follows = 14311"
<br><br><br>string(9) "decorcool"
string(23) "Cantidad de follows = 7"
<br><br><br>string(8) "fragabar"
string(26) "Cantidad de follows = 4318"
<br><br><br>object(stdClass)#193 (2) {
  ["id"]=>
  string(4) "4236"
  ["login"]=>
  string(8) "lorenaym"
}
string(11) "pamelaotero"
string(27) "Cantidad de follows = 46076"
<br><br><br>string(19) "starpointcollection"
string(27) "Cantidad de follows = 12696"
<br><br><br>string(9) "katiacsdc"
string(27) "Cantidad de follows = 18338"
<br><br><br>string(14) "grazielialvess"
string(27) "Cantidad de follows = 21604"
<br><br><br>string(22) "dra_barbaravasconcelos"
string(27) "Cantidad de follows = 23717"
<br><br><br>string(21) "comandantedochurrasco"
string(27) "Cantidad de follows = 56769"
<br><br><br>string(12) "40antesdos40"
string(27) "Cantidad de follows = 27297"
<br><br><br>string(16) "drricardopalacio"
string(27) "Cantidad de follows = 25601"
<br><br><br>string(12) "pollyruffini"
string(26) "Cantidad de follows = 6985"
<br><br><br>string(14) "carlos_skatmar"
string(26) "Cantidad de follows = 2327"
<br><br><br>string(10) "star_point"
string(27) "Cantidad de follows = 32623"
<br><br><br>string(8) "rruizmma"
string(27) "Cantidad de follows = 47011"
<br><br><br>string(8) "dumbu.09"
string(26) "Cantidad de follows = 7682"
<br><br><br>string(14) "marcosp.medina"
string(26) "Cantidad de follows = 4131"
<br><br><br>string(11) "sandrozion7"
string(27) "Cantidad de follows = 21091"
<br><br><br>string(17) "grandville_hoteis"
string(27) "Cantidad de follows = 12702"
<br><br><br>string(11) "josiasdiass"
string(27) "Cantidad de follows = 18076"
<br><br><br>string(18) "barbaracampospalma"
string(26) "Cantidad de follows = 8727"
<br><br><br>string(9) "telless13"
string(27) "Cantidad de follows = 15169"
<br><br><br>string(13) "bandamegafire"
string(27) "Cantidad de follows = 23412"
<br><br><br>string(17) "sosoportunidade10"
string(25) "Cantidad de follows = 964"
<br><br><br>string(18) "academia_king_thai"
string(26) "Cantidad de follows = 5075"
<br><br><br>string(13) "renatafontany"
string(27) "Cantidad de follows = 32917"
<br><br><br>string(14) "cabelosaugusto"
string(27) "Cantidad de follows = 22906"
<br><br><br>string(14) "brunocerqueira"
string(27) "Cantidad de follows = 10574"
<br><br><br>string(10) "noxboymike"
string(26) "Cantidad de follows = 5471"
<br><br><br>string(20) "juliobaptistaoficial"
string(28) "Cantidad de follows = 250723"
<br><br><br>string(21) "ateliermarielamoreira"
string(27) "Cantidad de follows = 15834"
<br><br><br>object(stdClass)#89 (2) {
  ["id"]=>
  string(5) "11096"
  ["login"]=>
  string(12) "michaelletjp"
}
object(stdClass)#40 (2) {
  ["id"]=>
  string(5) "11099"
  ["login"]=>
  string(13) "agostochuvoso"
}
string(11) "insultedboy"
string(26) "Cantidad de follows = 3524"
<br><br><br>string(11) "weilla_morg"
string(25) "Cantidad de follows = 930"
<br><br><br>string(11) "raphabritoo"
string(27) "Cantidad de follows = 16069"
<br><br><br>string(10) "vinihveiga"
string(26) "Cantidad de follows = 4090"
<br><br><br>object(stdClass)#94 (2) {
  ["id"]=>
  string(5) "11131"
  ["login"]=>
  string(14) "deliciasdoronk"
}
string(16) "duuduuzinhosilva"
string(26) "Cantidad de follows = 3029"
<br><br><br>string(9) "carlosbsg"
string(25) "Cantidad de follows = 921"
<br><br><br>string(12) "danndourado0"
string(27) "Cantidad de follows = 14888"
<br><br><br>string(7) "biel312"
string(24) "Cantidad de follows = 10"
<br><br><br>string(11) "caiogrunupp"
string(26) "Cantidad de follows = 3316"
<br><br><br>string(11) "paullonunan"
string(26) "Cantidad de follows = 1432"
<br><br><br>string(12) "pablodiego15"
string(26) "Cantidad de follows = 1097"
<br><br><br>object(stdClass)#54 (2) {
  ["id"]=>
  string(5) "11230"
  ["login"]=>
  string(16) "_luferreiranunes"
}
string(14) "natan_mantelli"
string(25) "Cantidad de follows = 799"
<br><br><br>string(17) "antoniocarlos3627"
string(24) "Cantidad de follows = 43"
<br><br><br>string(11) "365_indubai"
string(27) "Cantidad de follows = 21641"
<br><br><br>object(stdClass)#95 (2) {
  ["id"]=>
  string(5) "11239"
  ["login"]=>
  string(12) "ceottosinuhe"
}
string(14) "vitoriaabritto"
string(27) "Cantidad de follows = 33426"
<br><br><br>string(11) "lojaoperapc"
string(27) "Cantidad de follows = 23905"
<br><br><br>string(12) "huealimentos"
string(26) "Cantidad de follows = 5004"
<br><br><br>string(13) "kstimportados"
string(26) "Cantidad de follows = 4394"
<br><br><br>string(7) "wi11see"
string(27) "Cantidad de follows = 11596"
<br><br><br>string(12) "s7_producoes"
string(26) "Cantidad de follows = 6018"
<br><br><br>string(12) "gabrielaribi"
string(26) "Cantidad de follows = 7624"
<br><br><br>string(17) "brunosennaimagens"
string(27) "Cantidad de follows = 13173"
<br><br><br>string(14) "maycowmontemor"
string(27) "Cantidad de follows = 32318"
<br><br><br>string(14) "alinemarcovici"
string(27) "Cantidad de follows = 18538"
<br><br><br>string(10) "junior.dev"
string(27) "Cantidad de follows = 17733"
<br><br><br>string(13) "amaassessoria"
string(26) "Cantidad de follows = 7686"
<br><br><br>string(11) "julisciotto"
string(27) "Cantidad de follows = 24647"
<br><br><br>string(14) "draalinehsilva"
string(27) "Cantidad de follows = 20233"
<br><br><br>string(13) "rodasemotores"
string(27) "Cantidad de follows = 13940"
<br><br><br>string(13) "euclaracampos"
string(26) "Cantidad de follows = 4289"
<br><br><br>string(19) "thamaraelisa.tattoo"
string(27) "Cantidad de follows = 14267"
<br><br><br>string(15) "megaminassports"
string(26) "Cantidad de follows = 6760"
<br><br><br>string(16) "agencia_portal37"
string(26) "Cantidad de follows = 3337"
<br><br><br>object(stdClass)#62 (2) {
  ["id"]=>
  string(5) "11792"
  ["login"]=>
  string(14) "hf_metalurgica"
}
string(13) "grillegourmet"
string(26) "Cantidad de follows = 5119"
<br><br><br>string(11) "davidkapper"
string(27) "Cantidad de follows = 12934"
<br><br><br>string(11) "7chavesfoto"
string(27) "Cantidad de follows = 11052"
<br><br><br>string(11) "joiaskether"
string(27) "Cantidad de follows = 19506"
<br><br><br>string(14) "luziasantana33"
string(28) "Cantidad de follows = 237168"
<br><br><br>string(13) "thiagovaleiro"
string(26) "Cantidad de follows = 3830"
<br><br><br>object(stdClass)#108 (2) {
  ["id"]=>
  string(5) "12434"
  ["login"]=>
  string(9) "dupicasso"
}
string(11) "laura_bergo"
string(26) "Cantidad de follows = 6415"
<br><br><br>string(15) "dra.raphabecker"
string(27) "Cantidad de follows = 19692"
<br><br><br>string(14) "andreluiznardo"
string(27) "Cantidad de follows = 16506"
<br><br><br>string(8) "letdaher"
string(27) "Cantidad de follows = 27938"
<br><br><br>string(9) "dgarciia_"
string(25) "Cantidad de follows = 852"
<br><br><br>string(10) "joaosurf12"
string(24) "Cantidad de follows = 96"
<br><br><br>string(8) "itsandco"
string(27) "Cantidad de follows = 20588"
<br><br><br>string(10) "ela_andrea"
string(27) "Cantidad de follows = 22483"
<br><br><br>string(14) "nafurtadocakes"
string(26) "Cantidad de follows = 6588"
<br><br><br>string(18) "castrolautoservice"
string(26) "Cantidad de follows = 9349"
<br><br><br>string(9) "livdrinks"
string(27) "Cantidad de follows = 47591"
<br><br><br>string(18) "portalautoshopping"
string(27) "Cantidad de follows = 12130"
<br><br><br>string(20) "manu.mamaeaoquadrado"
string(26) "Cantidad de follows = 9562"
<br><br><br>string(15) "odontowebschool"
string(27) "Cantidad de follows = 10589"
<br><br><br>string(9) "abarkeria"
string(27) "Cantidad de follows = 33491"
<br><br><br>object(stdClass)#59 (2) {
  ["id"]=>
  string(5) "15166"
  ["login"]=>
  string(14) "__fehholiveira"
}
string(10) "ninabaking"
string(26) "Cantidad de follows = 8958"
<br><br><br>string(10) "jgiordanoo"
string(27) "Cantidad de follows = 12528"
<br><br><br>string(18) "domhairfelippewill"
string(27) "Cantidad de follows = 11504"
<br><br><br>string(7) "pbpetti"
string(27) "Cantidad de follows = 39732"
<br><br><br>string(10) "psych0wolf"
string(25) "Cantidad de follows = 408"
<br><br><br>string(8) "andreiso"
string(26) "Cantidad de follows = 9495"
<br><br><br>string(13) "biadiascoelho"
string(26) "Cantidad de follows = 4877"
<br><br><br>string(8) "mytrips7"
string(25) "Cantidad de follows = 527"
<br><br><br>string(13) "directdireito"
string(27) "Cantidad de follows = 11259"
<br><br><br>string(12) "patrickvalle"
string(26) "Cantidad de follows = 3559"
<br><br><br>string(21) "lucianalauferofficial"
string(27) "Cantidad de follows = 18764"
<br><br><br>string(13) "matheuspercut"
string(26) "Cantidad de follows = 1158"
<br><br><br>string(10) "flavia_vdr"
string(27) "Cantidad de follows = 11273"
<br><br><br>object(stdClass)#113 (2) {
  ["id"]=>
  string(5) "16861"
  ["login"]=>
  string(14) "mickael_cortes"
}
string(16) "helder_del_monte"
string(27) "Cantidad de follows = 16322"
<br><br><br>string(18) "physicalpilates_bh"
string(26) "Cantidad de follows = 5611"
<br><br><br>string(13) "faleiroslaura"
string(27) "Cantidad de follows = 12910"
<br><br><br>string(11) "dannysetudo"
string(26) "Cantidad de follows = 9659"
<br><br><br>string(15) "portodepiranhas"
string(27) "Cantidad de follows = 10480"
<br><br><br>string(24) "contadordehistoriasreais"
string(27) "Cantidad de follows = 27620"
<br><br><br>string(6) "guil38"
string(26) "Cantidad de follows = 6515"
<br><br><br>string(22) "vacationhomeneardisney"
string(27) "Cantidad de follows = 19623"
<br><br><br>string(16) "drguilhermecravo"
string(26) "Cantidad de follows = 3163"
<br><br><br>string(6) "ossmkt"
string(26) "Cantidad de follows = 5273"
<br><br><br>string(10) "jhoneheber"
string(27) "Cantidad de follows = 23515"
<br><br><br>string(20) "justiniano0_official"
string(26) "Cantidad de follows = 2984"
<br><br><br>string(15) "sao_os_caipiras"
string(26) "Cantidad de follows = 9490"
<br><br><br>string(9) "acerickrj"
string(27) "Cantidad de follows = 12266"
<br><br><br>string(15) "leandrogarciadj"
string(27) "Cantidad de follows = 19253"
<br><br><br>string(14) "osnirhamburger"
string(26) "Cantidad de follows = 6849"
<br><br><br>string(8) "dutruffi"
string(27) "Cantidad de follows = 14226"
<br><br><br>string(9) "lschuback"
string(26) "Cantidad de follows = 7807"
<br><br><br>string(21) "carolinanortondematos"
string(27) "Cantidad de follows = 11631"
<br><br><br>object(stdClass)#152 (2) {
  ["id"]=>
  string(5) "18103"
  ["login"]=>
  string(22) "denisegoncalves.santos"
}
string(14) "ethianemarques"
string(25) "Cantidad de follows = 692"
<br><br><br>string(10) "synaraleal"
string(27) "Cantidad de follows = 16176"
<br><br><br>string(8) "trinjune"
string(23) "Cantidad de follows = 0"
<br><br><br>string(12) "holy_popcorn"
string(27) "Cantidad de follows = 10294"
<br><br><br>string(9) "eltranvia"
string(27) "Cantidad de follows = 15616"
<br><br><br>string(19) "diegogoulartoficial"
string(27) "Cantidad de follows = 20482"
<br><br><br>string(15) "cartolinadesign"
string(26) "Cantidad de follows = 5625"
<br><br><br>string(9) "quarto_22"
string(26) "Cantidad de follows = 5541"
<br><br><br>string(10) "blogdakeli"
string(24) "Cantidad de follows = 12"
<br><br><br>object(stdClass)#170 (2) {
  ["id"]=>
  string(5) "18816"
  ["login"]=>
  string(10) "lefitnessb"
}
string(9) "awsmining"
string(26) "Cantidad de follows = 4604"
<br><br><br>string(13) "willianabrito"
string(26) "Cantidad de follows = 6733"
<br><br><br>string(23) "eusoutestemunhadogolias"
string(25) "Cantidad de follows = 206"
<br><br><br>string(16) "tumsoundfestival"
string(26) "Cantidad de follows = 1441"
<br><br><br>string(18) "casalbioequilibrio"
string(27) "Cantidad de follows = 11233"
<br><br><br>string(13) "mimosearomaas"
string(26) "Cantidad de follows = 9048"
<br><br><br>string(17) "gventurinpersonal"
string(26) "Cantidad de follows = 2501"
<br><br><br>string(9) "fastfitsc"
string(26) "Cantidad de follows = 3606"
<br><br><br>string(11) "raif_tattoo"
string(27) "Cantidad de follows = 13134"
<br><br><br>string(10) "hustler.hc"
string(26) "Cantidad de follows = 2471"
<br><br><br>string(9) "isarengel"
string(26) "Cantidad de follows = 6763"
<br><br><br>string(12) "solus_online"
string(26) "Cantidad de follows = 4039"
<br><br><br>string(11) "refugiohoje"
string(27) "Cantidad de follows = 12424"
<br><br><br>string(13) "nati.fressato"
string(26) "Cantidad de follows = 7250"
<br><br><br>string(16) "bysilviaschaefer"
string(23) "Cantidad de follows = 1"
<br><br><br>string(17) "calcadospaubrasil"
string(26) "Cantidad de follows = 8246"
<br><br><br>string(10) "daly_store"
string(27) "Cantidad de follows = 21611"
<br><br><br>string(11) "angelosciao"
string(26) "Cantidad de follows = 5254"
<br><br><br>string(6) "fuinha"
string(25) "Cantidad de follows = 194"
<br><br><br>string(10) "kombi_krug"
string(25) "Cantidad de follows = 509"
<br><br><br>string(12) "rekombinando"
string(26) "Cantidad de follows = 5951"
<br><br><br>string(15) "blogdasusantoss"
string(26) "Cantidad de follows = 5420"
<br><br><br>string(15) "diadeacessorios"
string(26) "Cantidad de follows = 2315"
<br><br><br>string(18) "christians.pereira"
string(26) "Cantidad de follows = 3752"
<br><br><br>object(stdClass)#179 (2) {
  ["id"]=>
  string(5) "19844"
  ["login"]=>
  string(13) "oficialpharma"
}
string(28) "pedrowilsonrodriguespimentel"
string(26) "Cantidad de follows = 7732"
<br><br><br>string(15) "atelieluizrocha"
string(27) "Cantidad de follows = 10252"
<br><br><br>string(12) "bibiscamargo"
string(26) "Cantidad de follows = 2040"
<br><br><br>string(16) "centerperfumaria"
string(26) "Cantidad de follows = 5519"
<br><br><br>string(10) "pmelorocha"
string(26) "Cantidad de follows = 6357"
<br><br><br>object(stdClass)#91 (2) {
  ["id"]=>
  string(5) "20149"
  ["login"]=>
  string(14) "thaliaalvesdec"
}
string(12) "yasminndias_"
string(26) "Cantidad de follows = 9408"
<br><br><br>string(17) "jb_alves_educador"
string(26) "Cantidad de follows = 3538"
<br><br><br>string(24) "leonardosantosfotografia"
string(27) "Cantidad de follows = 39740"
<br><br><br>string(8) "sporttot"
string(24) "Cantidad de follows = 22"
<br><br><br>object(stdClass)#162 (2) {
  ["id"]=>
  string(5) "20503"
  ["login"]=>
  string(8) "chandler"
}
string(13) "ayllesantiago"
string(28) "Cantidad de follows = 132103"
<br><br><br>string(12) "maisonbiarro"
string(27) "Cantidad de follows = 29401"
<br><br><br>string(15) "iselamendozadec"
string(26) "Cantidad de follows = 6058"
<br><br><br>string(9) "bamboh.pt"
string(26) "Cantidad de follows = 2612"
<br><br><br>string(12) "redeentropia"
string(26) "Cantidad de follows = 5906"
<br><br><br>string(13) "goutaguatinga"
string(26) "Cantidad de follows = 1014"
<br><br><br>object(stdClass)#49 (2) {
  ["id"]=>
  string(5) "20682"
  ["login"]=>
  string(11) "farmapharma"
}
string(18) "calabriapizzariarj"
string(26) "Cantidad de follows = 2472"
<br><br><br>object(stdClass)#49 (2) {
  ["id"]=>
  string(5) "20818"
  ["login"]=>
  string(20) "cadillacs.pastelaria"
}
object(stdClass)#178 (2) {
  ["id"]=>
  string(5) "20927"
  ["login"]=>
  string(25) "missionariojairodossantos"
}
object(stdClass)#49 (2) {
  ["id"]=>
  string(5) "21062"
  ["login"]=>
  string(13) "jesuisluciano"
}
object(stdClass)#178 (2) {
  ["id"]=>
  string(5) "21230"
  ["login"]=>
  string(9) "vikatorsc"
}
string(19) "nicollystoreoficial"
string(26) "Cantidad de follows = 7501"
<br><br><br>object(stdClass)#178 (2) {
  ["id"]=>
  string(5) "21368"
  ["login"]=>
  string(18) "ricardoribeiro0013"
}
string(24) "ramossegurancaeletronica"
string(26) "Cantidad de follows = 3292"
<br><br><br>string(18) "camacariplazahotel"
string(26) "Cantidad de follows = 6274"
<br><br><br>string(13) "_telesgabriel"
string(26) "Cantidad de follows = 2520"
<br><br><br>string(12) "fbfabiolopes"
string(26) "Cantidad de follows = 9007"
<br><br><br>object(stdClass)#126 (2) {
  ["id"]=>
  string(5) "21517"
  ["login"]=>
  string(23) "biscuitporvictorialeite"
}
string(10) "trapburger"
string(26) "Cantidad de follows = 2638"
<br><br><br>string(20) "shoppingcasaedesign_"
string(26) "Cantidad de follows = 8696"
<br><br><br>string(9) "samiilly_"
string(27) "Cantidad de follows = 18253"
<br><br><br>object(stdClass)#91 (2) {
  ["id"]=>
  string(5) "21731"
  ["login"]=>
  string(9) "conhecaes"
}
string(7) "loirasn"
string(25) "Cantidad de follows = 195"
<br><br><br>string(15) "santasticauniao"
string(26) "Cantidad de follows = 6291"
<br><br><br>string(19) "embraconcondominios"
string(26) "Cantidad de follows = 4651"
<br><br><br>string(17) "hamburguinhomoema"
string(27) "Cantidad de follows = 60584"
<br><br><br>string(14) "vilmamartins_7"
string(26) "Cantidad de follows = 1307"
<br><br><br>string(12) "leticiajural"
string(26) "Cantidad de follows = 8517"
<br><br><br>string(8) "_zero100"
string(27) "Cantidad de follows = 52193"
<br><br><br>string(20) "lionrollingcircusrio"
string(27) "Cantidad de follows = 14431"
<br><br><br>string(9) "_nerdjunk"
string(26) "Cantidad de follows = 5368"
<br><br><br>string(10) "pilotelton"
string(27) "Cantidad de follows = 11261"
<br><br><br>string(14) "marcioancelmoo"
string(26) "Cantidad de follows = 4992"
<br><br><br>object(stdClass)#133 (2) {
  ["id"]=>
  string(5) "22627"
  ["login"]=>
  string(18) "lucaswiliamsoliver"
}
string(14) "kevinlorenzorj"
string(26) "Cantidad de follows = 3403"
<br><br><br>object(stdClass)#133 (2) {
  ["id"]=>
  string(5) "22701"
  ["login"]=>
  string(21) "falandodemaquiagem_01"
}
string(13) "georgemuchuli"
string(26) "Cantidad de follows = 7778"
<br><br><br>string(15) "wendell_alvess_"
string(24) "Cantidad de follows = 85"
<br><br><br>object(stdClass)#33 (2) {
  ["id"]=>
  string(5) "22786"
  ["login"]=>
  string(6) "jpzk02"
}
object(stdClass)#141 (2) {
  ["id"]=>
  string(5) "22791"
  ["login"]=>
  string(13) "rodrigues.exe"
}
object(stdClass)#33 (2) {
  ["id"]=>
  string(5) "22915"
  ["login"]=>
  string(10) "5000covers"
}
string(18) "marciomouraoficial"
string(27) "Cantidad de follows = 12425"
<br><br><br>object(stdClass)#33 (2) {
  ["id"]=>
  string(5) "23135"
  ["login"]=>
  string(15) "daniak_boutique"
}
string(23) "formatacaotccmonografia"
string(24) "Cantidad de follows = 95"
<br><br><br>string(6) "nekkow"
string(24) "Cantidad de follows = 15"
<br><br><br>string(5) "lucao"
string(25) "Cantidad de follows = 558"
<br><br><br>string(6) "lucao2"
string(25) "Cantidad de follows = 587"
<br><br><br>string(13) "marcelomarkes"
string(27) "Cantidad de follows = 19929"
<br><br><br>string(14) "dl_beautysalon"
string(26) "Cantidad de follows = 1947"
<br><br><br>string(15) "ariadinebarreto"
string(27) "Cantidad de follows = 14589"
<br><br><br>string(13) "canalsemjacar"
string(27) "Cantidad de follows = 14294"
<br><br><br>string(11) "hiratabreno"
string(27) "Cantidad de follows = 12620"
<br><br><br>string(14) "erickspimentel"
string(26) "Cantidad de follows = 2023"
<br><br><br>string(12) "jessicaiwata"
string(27) "Cantidad de follows = 34242"
<br><br><br>string(14) "dnaphotoevideo"
string(27) "Cantidad de follows = 29097"
<br><br><br>string(18) "gamecenterpaulista"
string(27) "Cantidad de follows = 10332"
<br><br><br>string(10) "pacofishrd"
string(26) "Cantidad de follows = 8072"
<br><br><br>string(14) "qualityhotelsd"
string(26) "Cantidad de follows = 1205"
<br><br><br>string(17) "isabellabofficial"
string(27) "Cantidad de follows = 14029"
<br><br><br>string(13) "alialioficial"
string(25) "Cantidad de follows = 671"
<br><br><br>string(15) "barbeariadoneno"
string(27) "Cantidad de follows = 13739"
<br><br><br>string(10) "plagamba01"
string(26) "Cantidad de follows = 2646"
<br><br><br>string(11) "oscarcauchi"
string(26) "Cantidad de follows = 3632"
<br><br><br>string(7) "18laras"
string(26) "Cantidad de follows = 1820"
<br><br><br>string(16) "entreomarealagoa"
string(26) "Cantidad de follows = 1675"
<br><br><br>string(9) "darlanred"
string(27) "Cantidad de follows = 21338"
<br><br><br>string(15) "riolisboabrasil"
string(25) "Cantidad de follows = 206"
<br><br><br>string(12) "studio4cinco"
string(26) "Cantidad de follows = 4928"
<br><br><br>string(13) "fabriciofabre"
string(26) "Cantidad de follows = 8588"
<br><br><br>string(22) "suamusicapersonalizada"
string(27) "Cantidad de follows = 10246"
<br><br><br>string(10) "fioremixbr"
string(25) "Cantidad de follows = 326"
<br><br><br>string(8) "kevinvem"
string(23) "Cantidad de follows = 5"
<br><br><br>string(12) "djallannatal"
string(27) "Cantidad de follows = 28594"
<br><br><br>string(15) "polpasempreviva"
string(27) "Cantidad de follows = 34524"
<br><br><br>string(8) "kessyaaa"
string(27) "Cantidad de follows = 11085"
<br><br><br>string(8) "celparra"
string(27) "Cantidad de follows = 10664"
<br><br><br>object(stdClass)#16 (2) {
  ["id"]=>
  string(5) "25524"
  ["login"]=>
  string(11) "tompson9345"
}
object(stdClass)#87 (2) {
  ["id"]=>
  string(5) "25571"
  ["login"]=>
  string(14) "habner_martins"
}
string(24) "fitnessuplementosoficial"
string(25) "Cantidad de follows = 333"
<br><br><br>string(13) "mayconbarroco"
string(27) "Cantidad de follows = 18501"
<br><br><br>string(9) "caiocesar"
string(24) "Cantidad de follows = 84"
<br><br><br>string(8) "lil.fama"
string(27) "Cantidad de follows = 21212"
<br><br><br>string(12) "institutoybi"
string(27) "Cantidad de follows = 18006"
<br><br><br>object(stdClass)#220 (2) {
  ["id"]=>
  string(5) "26183"
  ["login"]=>
  string(14) "andresa_lebens"
}
string(7) "yuryv05"
string(27) "Cantidad de follows = 10270"
<br><br><br>string(15) "eliana_casimiro"
string(26) "Cantidad de follows = 5641"
<br><br><br>string(11) "maloohstore"
string(26) "Cantidad de follows = 3677"
<br><br><br>string(15) "lauraivinadecor"
string(26) "Cantidad de follows = 8976"
<br><br><br>string(16) "simplesmenteamei"
string(27) "Cantidad de follows = 16088"
<br><br><br>string(16) "drraphaelmarques"
string(27) "Cantidad de follows = 21370"
<br><br><br>string(10) "casazunzun"
string(26) "Cantidad de follows = 5586"
<br><br><br>string(14) "draraymedeiros"
string(26) "Cantidad de follows = 1580"
<br><br><br>string(12) "4youdressing"
string(26) "Cantidad de follows = 3555"
<br><br><br>string(21) "lucaslermenfotografia"
string(27) "Cantidad de follows = 14877"
<br><br><br>string(16) "bracholuismiguel"
string(25) "Cantidad de follows = 832"
<br><br><br>string(17) "draflaviasgavioli"
string(27) "Cantidad de follows = 41481"
<br><br><br>string(16) "rafamello_cantor"
string(26) "Cantidad de follows = 9021"
<br><br><br>string(13) "gabinassyrios"
string(27) "Cantidad de follows = 28049"
<br><br><br>string(13) "cardosodani78"
string(25) "Cantidad de follows = 424"
<br><br><br>object(stdClass)#126 (2) {
  ["id"]=>
  string(5) "27362"
  ["login"]=>
  string(9) "k123silva"
}
string(9) "labotique"
string(25) "Cantidad de follows = 277"
<br><br><br>string(11) "eco.noronha"
string(26) "Cantidad de follows = 1076"
<br><br><br>string(13) "gelottisports"
string(26) "Cantidad de follows = 6267"
<br><br><br>string(13) "bombeefsantos"
string(27) "Cantidad de follows = 69414"
<br><br><br>string(15) "parvathi_brasil"
string(26) "Cantidad de follows = 8524"
<br><br><br>string(9) "lobotique"
string(26) "Cantidad de follows = 6626"
<br><br><br>string(8) "talincas"
string(27) "Cantidad de follows = 22576"
<br><br><br>string(21) "visagismofacial_drika"
string(25) "Cantidad de follows = 735"
<br><br><br>string(13) "bakwarabrasil"
string(26) "Cantidad de follows = 1566"
<br><br><br>string(19) "carlabarcellosjoias"
string(27) "Cantidad de follows = 11425"
<br><br><br>string(16) "programagameover"
string(26) "Cantidad de follows = 1117"
<br><br><br>string(15) "aafrodite.store"
string(26) "Cantidad de follows = 5757"
<br><br><br>string(12) "rogiacomello"
string(26) "Cantidad de follows = 1414"
<br><br><br>string(11) "solvebrazil"
string(26) "Cantidad de follows = 1173"
<br><br><br>string(16) "drafernandavolpi"
string(27) "Cantidad de follows = 12404"
<br><br><br>object(stdClass)#41 (2) {
  ["id"]=>
  string(5) "27722"
  ["login"]=>
  string(14) "maribel.silent"
}
string(13) "miocheoficial"
string(27) "Cantidad de follows = 45372"
<br><br><br>string(11) "daylipadron"
string(26) "Cantidad de follows = 8202"
<br><br><br>string(14) "mercadolabarra"
string(26) "Cantidad de follows = 4219"
<br><br><br>string(10) "naraabreuu"
string(26) "Cantidad de follows = 4576"
<br><br><br>string(8) "lukmodas"
string(26) "Cantidad de follows = 8128"
<br><br><br>string(21) "girlsgardenacessorios"
string(26) "Cantidad de follows = 2021"
<br><br><br>string(13) "capimlimaomga"
string(26) "Cantidad de follows = 5464"
<br><br><br>string(15) "maxpremiumjeans"
string(26) "Cantidad de follows = 8427"
<br><br><br>string(8) "bruna.fb"
string(27) "Cantidad de follows = 21182"
<br><br><br>string(14) "na_cara_do_gol"
string(26) "Cantidad de follows = 3024"
<br><br><br>string(13) "jessicacytrus"
string(27) "Cantidad de follows = 29834"
<br><br><br>string(11) "cyrofuziama"
string(27) "Cantidad de follows = 25227"
<br><br><br>string(11) "thaycomfome"
string(27) "Cantidad de follows = 26421"
<br><br><br>string(10) "dankana_dk"
string(26) "Cantidad de follows = 8844"
<br><br><br>string(13) "vivimaquiagem"
string(26) "Cantidad de follows = 2451"
<br><br><br>string(14) "fshirtsdesigns"
string(25) "Cantidad de follows = 367"
<br><br><br>string(15) "closetdasduasto"
string(27) "Cantidad de follows = 14220"
<br><br><br>object(stdClass)#108 (2) {
  ["id"]=>
  string(5) "28069"
  ["login"]=>
  string(14) "rosaduartelash"
}
string(11) "gardelmaroz"
string(26) "Cantidad de follows = 6173"
<br><br><br>object(stdClass)#108 (2) {
  ["id"]=>
  string(5) "28080"
  ["login"]=>
  string(16) "msanchescaroline"
}
object(stdClass)#45 (2) {
  ["id"]=>
  string(5) "28092"
  ["login"]=>
  string(9) "pri_avlis"
}
string(13) "ferefacrochet"
string(26) "Cantidad de follows = 9010"
<br><br><br>object(stdClass)#45 (2) {
  ["id"]=>
  string(5) "28099"
  ["login"]=>
  string(13) "menezesandree"
}
string(7) "nr_mini"
string(27) "Cantidad de follows = 11043"
<br><br><br>string(6) "dz9bnb"
string(26) "Cantidad de follows = 3322"
<br><br><br>object(stdClass)#56 (2) {
  ["id"]=>
  string(5) "28145"
  ["login"]=>
  string(20) "nossoapartamento_103"
}
string(18) "cheirinhodamariana"
string(26) "Cantidad de follows = 7628"
<br><br><br>object(stdClass)#56 (2) {
  ["id"]=>
  string(5) "28213"
  ["login"]=>
  string(15) "malucassimiro.r"
}
string(16) "alvomarketingagc"
string(26) "Cantidad de follows = 9449"
<br><br><br>string(17) "ilmiocasamentoios"
string(26) "Cantidad de follows = 1010"
<br><br><br>string(16) "dranayanepacheco"
string(28) "Cantidad de follows = 139061"
<br><br><br>string(24) "silvanonunes.hairstylist"
string(27) "Cantidad de follows = 21340"
<br><br><br>object(stdClass)#170 (2) {
  ["id"]=>
  string(5) "28276"
  ["login"]=>
  string(13) "tatyanealvess"
}
string(21) "closetdemulheroficial"
string(26) "Cantidad de follows = 3923"
<br><br><br>string(17) "drdanilopelegrino"
string(26) "Cantidad de follows = 5864"
<br><br><br>string(20) "mariaclaraguimaraes1"
string(27) "Cantidad de follows = 34684"
<br><br><br>string(15) "vitoria.mamedio"
string(26) "Cantidad de follows = 7544"
<br><br><br>string(12) "meirellesipc"
string(26) "Cantidad de follows = 1510"
<br><br><br>string(12) "luporluciana"
string(26) "Cantidad de follows = 8487"
<br><br><br>string(11) "andersonvoo"
string(26) "Cantidad de follows = 1048"
<br><br><br>string(14) "niqueferreiira"
string(27) "Cantidad de follows = 12329"
<br><br><br>string(15) "carlota_barnabe"
string(27) "Cantidad de follows = 12754"
<br><br><br>string(17) "drdanilopelegrino"
string(26) "Cantidad de follows = 5864"
<br><br><br>string(9) "lipinhuss"
string(26) "Cantidad de follows = 1773"
<br><br><br>string(13) "mayaramarkes_"
string(26) "Cantidad de follows = 8589"
<br><br><br>string(10) "ky2oficial"
string(26) "Cantidad de follows = 2422"
<br><br><br>string(11) "mendy_vivii"
string(26) "Cantidad de follows = 3839"
<br><br><br>object(stdClass)#145 (2) {
  ["id"]=>
  string(5) "28497"
  ["login"]=>
  string(21) "_medicinaintegrativa_"
}
string(25) "specialitycoffeegastropub"
string(25) "Cantidad de follows = 556"
<br><br><br>string(13) "clubedebolsas"
string(27) "Cantidad de follows = 10206"
<br><br><br>string(11) "carolsousas"
string(26) "Cantidad de follows = 3552"
<br><br><br>object(stdClass)#143 (2) {
  ["id"]=>
  string(5) "28517"
  ["login"]=>
  string(19) "martins_consultoria"
}
string(4) "fila"
string(25) "Cantidad de follows = 830"
<br><br><br>string(6) "reebok"
string(29) "Cantidad de follows = 2125820"
<br><br><br>string(8) "bindanvm"
string(26) "Cantidad de follows = 1488"
<br><br><br>string(18) "wesleyoliveirareal"
string(26) "Cantidad de follows = 2825"
<br><br><br>string(9) "indikqui_"
string(26) "Cantidad de follows = 1331"
<br><br><br>string(10) "luahungria"
string(26) "Cantidad de follows = 4524"
<br><br><br>string(14) "paesda_familia"
string(26) "Cantidad de follows = 3462"
<br><br><br>object(stdClass)#87 (2) {
  ["id"]=>
  string(5) "28557"
  ["login"]=>
  string(10) "kaahcintra"
}
string(17) "reabilitar.studio"
string(26) "Cantidad de follows = 5625"
<br><br><br>string(9) "amaraljej"
string(25) "Cantidad de follows = 612"
<br><br><br>string(14) "websterramalho"
string(25) "Cantidad de follows = 734"
<br><br><br>string(24) "vida_sol_e_mar_ecoresort"
string(26) "Cantidad de follows = 7086"
<br><br><br>string(10) "aco_brasil"
string(26) "Cantidad de follows = 3299"
<br><br><br>string(13) "desafioadois2"
string(26) "Cantidad de follows = 6945"
<br><br><br>string(10) "joaozaneti"
string(27) "Cantidad de follows = 13328"
<br><br><br>string(12) "karbofitness"
string(27) "Cantidad de follows = 10840"
<br><br><br>string(12) "nayaranouber"
string(27) "Cantidad de follows = 17966"
<br><br><br>object(stdClass)#168 (2) {
  ["id"]=>
  string(5) "28654"
  ["login"]=>
  string(11) "ellenrauber"
}
object(stdClass)#16 (2) {
  ["id"]=>
  string(5) "28657"
  ["login"]=>
  string(14) "reserveviagens"
}
string(17) "ingrid_ferreira25"
string(25) "Cantidad de follows = 179"
<br><br><br>string(20) "neovita_fisioterapia"
string(26) "Cantidad de follows = 4934"
<br><br><br>string(17) "dunashookahlounge"
string(26) "Cantidad de follows = 9083"
<br><br><br>string(15) "emporio.forever"
string(25) "Cantidad de follows = 276"
<br><br><br>string(16) "mariakarencosta_"
string(26) "Cantidad de follows = 5901"
<br><br><br>string(13) "pretta_araujo"
string(27) "Cantidad de follows = 11947"
<br><br><br>string(18) "theo_kate_ragdolls"
string(26) "Cantidad de follows = 4259"
<br><br><br>string(9) "xaanndii_"
string(26) "Cantidad de follows = 1233"
<br><br><br>string(15) "pausetakeabreak"
string(26) "Cantidad de follows = 3827"
<br><br><br>string(10) "raquellsan"
string(27) "Cantidad de follows = 26360"
<br><br><br>string(11) "quatro_maos"
string(26) "Cantidad de follows = 4220"
<br><br><br>string(20) "apaudiovisualoficial"
string(25) "Cantidad de follows = 571"
<br><br><br>string(15) "gameoverworldmx"
string(24) "Cantidad de follows = 33"
<br><br><br>string(10) "macielcaio"
string(26) "Cantidad de follows = 3056"
<br><br><br>string(10) "pp_eventos"
string(26) "Cantidad de follows = 3646"
<br><br><br>string(15) "renatacanizares"
string(27) "Cantidad de follows = 13444"
<br><br><br>string(12) "dermatofarma"
string(26) "Cantidad de follows = 8873"
<br><br><br>string(14) "cinarafestasbh"
string(27) "Cantidad de follows = 33913"
<br><br><br>string(10) "mreissilva"
string(27) "Cantidad de follows = 23441"
<br><br><br>string(17) "minutoscomdelavec"
string(27) "Cantidad de follows = 13954"
<br><br><br>string(9) "lilispada"
string(28) "Cantidad de follows = 720261"
<br><br><br>string(13) "edersilveiram"
string(26) "Cantidad de follows = 4513"
<br><br><br>string(15) "rosanatiburtino"
string(26) "Cantidad de follows = 1032"
<br><br><br>string(18) "stopscapautomotivo"
string(26) "Cantidad de follows = 5982"
<br><br><br>object(stdClass)#14 (2) {
  ["id"]=>
  string(5) "28849"
  ["login"]=>
  string(8) "plasjowl"
}
string(12) "itzackcamila"
string(26) "Cantidad de follows = 1348"
<br><br><br>string(15) "eu_gabicarvalho"
string(26) "Cantidad de follows = 2974"
<br><br><br>string(19) "hypinosemodaoficial"
string(26) "Cantidad de follows = 9879"
<br><br><br>string(13) "everttonviana"
string(26) "Cantidad de follows = 9635"
<br><br><br>string(17) "shirleyalesantana"
string(27) "Cantidad de follows = 28053"
<br><br><br>string(14) "leticiastoledo"
string(26) "Cantidad de follows = 2577"
<br><br><br>string(14) "drpedroferrari"
string(27) "Cantidad de follows = 39224"
<br><br><br>string(11) "itamixbazar"
string(26) "Cantidad de follows = 4643"
<br><br><br>string(13) "trader_amador"
string(25) "Cantidad de follows = 167"
<br><br><br>string(16) "isabellasanchess"
string(26) "Cantidad de follows = 3014"
<br><br><br>object(stdClass)#45 (2) {
  ["id"]=>
  string(5) "28962"
  ["login"]=>
  string(15) "tiagomennezes11"
}
string(12) "bunkersounds"
string(26) "Cantidad de follows = 1675"
<br><br><br>string(14) "timmycelulares"
string(25) "Cantidad de follows = 216"
<br><br><br>object(stdClass)#148 (2) {
  ["id"]=>
  string(5) "28988"
  ["login"]=>
  string(15) "programavitrina"
}
object(stdClass)#25 (2) {
  ["id"]=>
  string(5) "28989"
  ["login"]=>
  string(18) "leocar.leonardoniq"
}
object(stdClass)#148 (2) {
  ["id"]=>
  string(5) "28990"
  ["login"]=>
  string(17) "acade_corpoeforma"
}
object(stdClass)#25 (2) {
  ["id"]=>
  string(5) "28993"
  ["login"]=>
  string(11) "atgaranhuns"
}
string(20) "annamaya_arquitetura"
string(26) "Cantidad de follows = 9167"
<br><br><br>string(8) "1kgdobom"
string(27) "Cantidad de follows = 14970"
<br><br><br>string(13) "livre.digital"
string(26) "Cantidad de follows = 3448"
<br><br><br>string(14) "rhuanpenaforte"
string(27) "Cantidad de follows = 10611"
<br><br><br>string(16) "restaurantebario"
string(26) "Cantidad de follows = 1358"
<br><br><br>string(21) "felippeturtransportes"
string(26) "Cantidad de follows = 3129"
<br><br><br>string(15) "solarlifeenergy"
string(25) "Cantidad de follows = 552"
<br><br><br>string(18) "vinteumcomunicacao"
string(25) "Cantidad de follows = 578"
<br><br><br>string(18) "auto_escolaatitude"
string(26) "Cantidad de follows = 2003"
<br><br><br>string(13) "carollremigio"
string(26) "Cantidad de follows = 1071"
<br><br><br>string(13) "pampodelivery"
string(26) "Cantidad de follows = 1273"
<br><br><br>string(20) "txcambioeturismo_rio"
string(26) "Cantidad de follows = 1295"
<br><br><br>string(13) "riveauxmerino"
string(26) "Cantidad de follows = 5428"
<br><br><br>string(15) "carneslaceleste"
string(26) "Cantidad de follows = 2314"
<br><br><br>string(11) "heroairsoft"
string(26) "Cantidad de follows = 3830"
<br><br><br>string(19) "brechoandreaventuro"
string(27) "Cantidad de follows = 36542"
<br><br><br>string(9) "samiilly_"
string(27) "Cantidad de follows = 18253"
<br><br><br>string(14) "luigi_bemporad"
string(24) "Cantidad de follows = 52"
<br><br><br>string(13) "luiz_skydiver"
string(26) "Cantidad de follows = 9851"
<br><br><br>string(15) "luanmachado.arq"
string(26) "Cantidad de follows = 1854"
<br><br><br>string(12) "kaikfariastv"
string(26) "Cantidad de follows = 2006"
<br><br><br>string(16) "colegioguarapuvu"
string(23) "Cantidad de follows = 1"
<br><br><br>string(9) "guarapuvu"
string(26) "Cantidad de follows = 3021"
<br><br><br>string(13) "purocafajeste"
string(27) "Cantidad de follows = 34269"
<br><br><br>string(11) "a_deziderio"
string(26) "Cantidad de follows = 2067"
<br><br><br>object(stdClass)#147 (2) {
  ["id"]=>
  string(5) "29171"
  ["login"]=>
  string(16) "ranchotalisma_mg"
}
object(stdClass)#82 (2) {
  ["id"]=>
  string(5) "29178"
  ["login"]=>
  string(16) "maryana_araujooc"
}
string(13) "vitormagnusss"
string(27) "Cantidad de follows = 42134"
<br><br><br>string(20) "franciscosilva_alves"
string(25) "Cantidad de follows = 270"
<br><br><br>string(17) "mrandersonalmeida"
string(26) "Cantidad de follows = 6327"
<br><br><br>string(10) "inovaluxrj"
string(25) "Cantidad de follows = 190"
<br><br><br>string(17) "mixturinhafashion"
string(26) "Cantidad de follows = 2231"
<br><br><br>string(22) "danelonprimeacessorios"
string(26) "Cantidad de follows = 4654"
<br><br><br>object(stdClass)#124 (2) {
  ["id"]=>
  string(5) "29219"
  ["login"]=>
  string(7) "ruivabr"
}
string(17) "luizjatobaoficial"
string(26) "Cantidad de follows = 9619"
<br><br><br>string(8) "thhai97_"
string(26) "Cantidad de follows = 1603"
<br><br><br>string(10) "tiago_kuhn"
string(26) "Cantidad de follows = 2280"
<br><br><br>object(stdClass)#136 (2) {
  ["id"]=>
  string(5) "29228"
  ["login"]=>
  string(13) "tiolavinicius"
}
string(15) "crisoliveiravmk"
string(26) "Cantidad de follows = 2097"
<br><br><br>string(15) "wesleymichelini"
string(26) "Cantidad de follows = 1817"
<br><br><br>string(18) "raphaelacapobiango"
string(26) "Cantidad de follows = 5554"
<br><br><br>string(11) "castrolucas"
string(26) "Cantidad de follows = 3616"
<br><br><br>string(16) "masseriniosteria"
string(26) "Cantidad de follows = 6145"
<br><br><br>string(10) "alvesgilli"
string(26) "Cantidad de follows = 2009"
<br><br><br>string(10) "felippetur"
string(27) "Cantidad de follows = 19189"
<br><br><br>string(25) "rodrigo.embraconconsorcio"
string(26) "Cantidad de follows = 6252"
<br><br><br>string(14) "naotolendoisso"
string(26) "Cantidad de follows = 3229"
<br><br><br>string(18) "tropical.insurance"
string(25) "Cantidad de follows = 682"
<br><br><br>string(12) "elestore.rio"
string(26) "Cantidad de follows = 1552"
<br><br><br>string(14) "joannaa_aguiar"
string(25) "Cantidad de follows = 573"
<br><br><br>string(12) "ale.mmartins"
string(26) "Cantidad de follows = 1272"
<br><br><br>string(14) "ricvrdomoraes_"
string(26) "Cantidad de follows = 3738"
<br><br><br>string(16) "psgacademyrecife"
string(26) "Cantidad de follows = 4246"
<br><br><br>string(11) "diasluciano"
string(27) "Cantidad de follows = 16267"
<br><br><br>string(15) "othmanejennaoui"
string(27) "Cantidad de follows = 11063"
<br><br><br>string(14) "andresza_ramos"
string(26) "Cantidad de follows = 2000"
<br><br><br>string(23) "estetica.michelecamargo"
string(26) "Cantidad de follows = 3200"
<br><br><br>string(19) "fernandalima.decora"
string(26) "Cantidad de follows = 2152"
<br><br><br>string(13) "ghanabranding"
string(26) "Cantidad de follows = 6750"
<br><br><br>string(16) "binhorodriguess_"
string(26) "Cantidad de follows = 3550"
<br><br><br>string(14) "theblondedetox"
string(26) "Cantidad de follows = 3770"
<br><br><br>string(19) "oficialwinnieamaral"
string(27) "Cantidad de follows = 22966"
<br><br><br>string(19) "pezinhofirmenarocha"
string(28) "Cantidad de follows = 116363"
<br><br><br>string(11) "meempreenda"
string(26) "Cantidad de follows = 3633"
<br><br><br>string(14) "joseluizpontes"
string(25) "Cantidad de follows = 987"
<br><br><br>object(stdClass)#21 (2) {
  ["id"]=>
  string(5) "29486"
  ["login"]=>
  string(15) "eduarda.neves13"
}
string(13) "karinelisuzan"
string(26) "Cantidad de follows = 5135"
<br><br><br>object(stdClass)#21 (2) {
  ["id"]=>
  string(5) "29498"
  ["login"]=>
  string(20) "orlamodapraiaoficial"
}
string(17) "advocacia_messias"
string(26) "Cantidad de follows = 3318"
<br><br><br>string(18) "allbotequipamentos"
string(26) "Cantidad de follows = 2922"
<br><br><br>string(20) "emersonlopeshoficial"
string(27) "Cantidad de follows = 12665"
<br><br><br>string(11) "raissataini"
string(27) "Cantidad de follows = 26290"
<br><br><br>object(stdClass)#214 (2) {
  ["id"]=>
  string(5) "29527"
  ["login"]=>
  string(13) "menezesandree"
}
string(10) "vivianeneu"
string(27) "Cantidad de follows = 28158"
<br><br><br>string(8) "dhougie_"
string(27) "Cantidad de follows = 18782"
<br><br><br>string(24) "andressamakeup_penteados"
string(26) "Cantidad de follows = 3072"
<br><br><br>string(13) "iracemaallves"
string(26) "Cantidad de follows = 7428"
<br><br><br>string(11) "renannunes2"
string(26) "Cantidad de follows = 5077"
<br><br><br>string(14) "natha.estetica"
string(26) "Cantidad de follows = 1865"
<br><br><br>string(19) "j.a.estudiodebeleza"
string(25) "Cantidad de follows = 153"
<br><br><br>string(12) "grafianafoto"
string(26) "Cantidad de follows = 8981"
<br><br><br>string(19) "thespacetimeripples"
string(26) "Cantidad de follows = 3310"
<br><br><br>string(14) "rubia_martinss"
string(28) "Cantidad de follows = 107011"
<br><br><br>string(23) "joseguilherme.consultor"
string(26) "Cantidad de follows = 1216"
<br><br><br>string(14) "emporiodifiori"
string(26) "Cantidad de follows = 2223"
<br><br><br>string(21) "viajandonaarquitetura"
string(26) "Cantidad de follows = 4915"
<br><br><br>string(14) "elitecenterfoz"
string(26) "Cantidad de follows = 2386"
<br><br><br>string(10) "yancasilva"
string(26) "Cantidad de follows = 2352"
<br><br><br>string(16) "roberta.amfranca"
string(26) "Cantidad de follows = 3361"
<br><br><br>string(15) "doceriaanaester"
string(26) "Cantidad de follows = 3878"
<br><br><br>string(10) "kathguedes"
string(27) "Cantidad de follows = 42797"
<br><br><br>string(13) "tubaraocenter"
string(26) "Cantidad de follows = 6344"
<br><br><br>object(stdClass)#181 (2) {
  ["id"]=>
  string(5) "29702"
  ["login"]=>
  string(6) "zayrnm"
}
string(9) "chefeeddy"
string(27) "Cantidad de follows = 12360"
<br><br><br>string(10) "acasadecat"
string(27) "Cantidad de follows = 10699"
<br><br><br>string(20) "oficialforroperfeito"
string(27) "Cantidad de follows = 47034"
<br><br><br>string(14) "orabolasbrecho"
string(26) "Cantidad de follows = 3001"
<br><br><br>string(11) "thekingboy_"
string(27) "Cantidad de follows = 17803"
<br><br><br>string(15) "vanessa.wysocki"
string(26) "Cantidad de follows = 3609"
<br><br><br>string(11) "rique.silva"
string(26) "Cantidad de follows = 5032"
<br><br><br>string(22) "gabriellacarvalhostore"
string(27) "Cantidad de follows = 33516"
<br><br><br>string(14) "lojanowfitness"
string(26) "Cantidad de follows = 3980"
<br><br><br>string(8) "mapoiani"
string(26) "Cantidad de follows = 6070"
<br><br><br>string(14) "salaostudiosbc"
string(26) "Cantidad de follows = 1791"
<br><br><br>string(19) "studying_the_secret"
string(26) "Cantidad de follows = 2596"
<br><br><br>string(23) "studiohairinternacional"
string(26) "Cantidad de follows = 5352"
<br><br><br>string(9) "ahdireito"
string(26) "Cantidad de follows = 5377"
<br><br><br>string(7) "kabonkk"
string(26) "Cantidad de follows = 4066"
<br><br><br>string(10) "companyate"
string(25) "Cantidad de follows = 106"
<br><br><br>string(15) "visual.software"
string(26) "Cantidad de follows = 1539"
<br><br><br>string(12) "djdavisantos"
string(26) "Cantidad de follows = 8423"
<br><br><br>string(14) "rafaellmoraess"
string(25) "Cantidad de follows = 825"
<br><br><br>string(22) "syflariluminacaoimport"
string(26) "Cantidad de follows = 1698"
<br><br><br>string(12) "grupo.efraim"
string(26) "Cantidad de follows = 1298"
<br><br><br>string(17) "efraimhoteleflats"
string(25) "Cantidad de follows = 778"
<br><br><br>string(30) "rpcontrollerinsetodedetizadora"
string(25) "Cantidad de follows = 166"
<br><br><br>string(12) "raunierporto"
string(26) "Cantidad de follows = 3095"
<br><br><br>string(11) "marciabotam"
string(26) "Cantidad de follows = 3802"
<br><br><br>object(stdClass)#204 (2) {
  ["id"]=>
  string(5) "29901"
  ["login"]=>
  string(8) "1jonhbjj"
}
object(stdClass)#219 (2) {
  ["id"]=>
  string(5) "29918"
  ["login"]=>
  string(9) "odeiopera"
}
object(stdClass)#204 (2) {
  ["id"]=>
  string(5) "29932"
  ["login"]=>
  string(11) "eufeearruda"
}
string(11) "tclaranunes"
string(26) "Cantidad de follows = 1755"
<br><br><br>string(19) "alaskaclothingstore"
string(26) "Cantidad de follows = 2281"
<br><br><br>string(14) "gkt_kickboxing"
string(26) "Cantidad de follows = 1609"
<br><br><br>string(19) "character.design.gk"
string(26) "Cantidad de follows = 1196"
<br><br><br>object(stdClass)#98 (2) {
  ["id"]=>
  string(5) "29964"
  ["login"]=>
  string(12) "blogdoarinos"
}
object(stdClass)#114 (2) {
  ["id"]=>
  string(5) "29965"
  ["login"]=>
  string(12) "bela.morenaa"
}
string(24) "leandroquelucifotografia"
string(26) "Cantidad de follows = 3050"
<br><br><br>string(19) "generalstorefitness"
string(26) "Cantidad de follows = 3664"
<br><br><br>string(15) "acervomodasda44"
string(26) "Cantidad de follows = 5706"
<br><br><br>string(12) "mama_costhay"
string(26) "Cantidad de follows = 4951"
<br><br><br>string(17) "ginetom_rodrigues"
string(26) "Cantidad de follows = 7773"
<br><br><br>string(13) "brunnooctavio"
string(25) "Cantidad de follows = 978"
<br><br><br>object(stdClass)#78 (2) {
  ["id"]=>
  string(5) "29996"
  ["login"]=>
  string(12) "doug0liveira"
}
string(10) "gutt_carol"
string(27) "Cantidad de follows = 12163"
<br><br><br>string(9) "hulkdutra"
string(27) "Cantidad de follows = 13381"
<br><br><br>string(16) "camilaguerreiroo"
string(26) "Cantidad de follows = 2382"
<br><br><br>string(15) "sandymakecabelo"
string(26) "Cantidad de follows = 6696"
<br><br><br>string(15) "copaciadvogados"
string(25) "Cantidad de follows = 681"
<br><br><br>string(18) "diegocamargotattoo"
string(26) "Cantidad de follows = 3262"
<br><br><br>string(17) "entretenimento.pe"
string(26) "Cantidad de follows = 3449"
<br><br><br>string(17) "alicemelomakehair"
string(26) "Cantidad de follows = 6777"
<br><br><br>object(stdClass)#104 (2) {
  ["id"]=>
  string(5) "30051"
  ["login"]=>
  string(11) "tuguinha.tv"
}
string(13) "rentar.com.do"
string(27) "Cantidad de follows = 11633"
<br><br><br>string(15) "eriosvaldodiniz"
string(26) "Cantidad de follows = 1631"
<br><br><br>string(11) "gustavo_ono"
string(26) "Cantidad de follows = 5387"
<br><br><br>string(15) "canilredbroncos"
string(26) "Cantidad de follows = 1890"
<br><br><br>string(9) "_brokerst"
string(25) "Cantidad de follows = 303"
<br><br><br>string(14) "lifeprojectone"
string(26) "Cantidad de follows = 1848"
<br><br><br>string(16) "disfranco.motors"
string(26) "Cantidad de follows = 2937"
<br><br><br>string(6) "bomf17"
string(25) "Cantidad de follows = 821"
<br><br><br>string(12) "aliicemello_"
string(26) "Cantidad de follows = 2209"
<br><br><br>string(11) "_bellaforma"
string(27) "Cantidad de follows = 71063"
<br><br><br>string(10) "bruruschel"
string(27) "Cantidad de follows = 11955"
<br><br><br>string(9) "murilooc7"
string(26) "Cantidad de follows = 4226"
<br><br><br>string(9) "a7madov95"
string(25) "Cantidad de follows = 247"
<br><br><br>string(7) "a_mayla"
string(25) "Cantidad de follows = 749"
<br><br><br>string(13) "lidiafeitosa4"
string(26) "Cantidad de follows = 2797"
<br><br><br>string(10) "smokeseila"
string(25) "Cantidad de follows = 641"
<br><br><br>string(10) "rikdelucca"
string(26) "Cantidad de follows = 3627"
<br><br><br>string(19) "corretoracavalcante"
string(25) "Cantidad de follows = 829"
<br><br><br>object(stdClass)#52 (2) {
  ["id"]=>
  string(5) "30218"
  ["login"]=>
  string(14) "thaisaschayder"
}
string(13) "hueskerbrasil"
string(26) "Cantidad de follows = 3747"
<br><br><br>string(22) "rodrigoranchodascabras"
string(25) "Cantidad de follows = 950"
<br><br><br>object(stdClass)#122 (2) {
  ["id"]=>
  string(5) "30232"
  ["login"]=>
  string(15) "arisson_jessica"
}
string(16) "camilla.franklin"
string(26) "Cantidad de follows = 6324"
<br><br><br>string(11) "maira.fuzii"
string(26) "Cantidad de follows = 2027"
<br><br><br>object(stdClass)#180 (2) {
  ["id"]=>
  string(5) "30257"
  ["login"]=>
  string(13) "nathaly_llima"
}
string(21) "laraharantes.piercing"
string(26) "Cantidad de follows = 3266"
<br><br><br>string(11) "maitemellim"
string(26) "Cantidad de follows = 1985"
<br><br><br>string(10) "criptobraz"
string(25) "Cantidad de follows = 704"
<br><br><br>string(14) "meuprojeto.fit"
string(26) "Cantidad de follows = 2075"
<br><br><br>object(stdClass)#216 (2) {
  ["id"]=>
  string(5) "30286"
  ["login"]=>
  string(15) "cmo_odontologia"
}
object(stdClass)#197 (2) {
  ["id"]=>
  string(5) "30293"
  ["login"]=>
  string(14) "ketellenfelix1"
}
string(14) "biel_do_cavaco"
string(27) "Cantidad de follows = 20311"
<br><br><br>string(9) "netto_ull"
string(25) "Cantidad de follows = 617"
<br><br><br>string(11) "nandokounat"
string(27) "Cantidad de follows = 19596"
<br><br><br>object(stdClass)#40 (2) {
  ["id"]=>
  string(5) "30317"
  ["login"]=>
  string(14) "easyartgrafica"
}
string(15) "studio_beauty15"
string(26) "Cantidad de follows = 1043"
<br><br><br>string(18) "julio_sosa_imoveis"
string(25) "Cantidad de follows = 798"
<br><br><br>string(10) "canelihome"
string(26) "Cantidad de follows = 3690"
<br><br><br>string(9) "josergm86"
string(26) "Cantidad de follows = 7213"
<br><br><br>string(11) "katiaalbany"
string(26) "Cantidad de follows = 4807"
<br><br><br>string(11) "leandramora"
string(26) "Cantidad de follows = 1781"
<br><br><br>object(stdClass)#26 (2) {
  ["id"]=>
  string(5) "30380"
  ["login"]=>
  string(7) "_lrnnym"
}
string(17) "festivalnovomundo"
string(26) "Cantidad de follows = 4369"
<br><br><br>string(10) "odavilemos"
string(27) "Cantidad de follows = 13255"
<br><br><br>string(20) "clebsonfrancaoficial"
string(26) "Cantidad de follows = 2133"
<br><br><br>string(15) "mamaesemmanuais"
string(27) "Cantidad de follows = 11525"
<br><br><br>string(13) "victorcastelo"
string(26) "Cantidad de follows = 1180"
<br><br><br>string(17) "fabricio.physique"
string(27) "Cantidad de follows = 10952"
<br><br><br>string(15) "rafaelfsantanaa"
string(25) "Cantidad de follows = 753"
<br><br><br>object(stdClass)#149 (2) {
  ["id"]=>
  string(5) "30436"
  ["login"]=>
  string(15) "kawlicheski1993"
}
string(10) "facamerirr"
string(26) "Cantidad de follows = 3461"
<br><br><br>string(10) "linoamanda"
string(27) "Cantidad de follows = 10053"
<br><br><br>string(10) "_lorecosta"
string(26) "Cantidad de follows = 2054"
<br><br><br>string(21) "clara.goldenretriever"
string(26) "Cantidad de follows = 3923"
<br><br><br>string(14) "andre.grupoark"
string(26) "Cantidad de follows = 4203"
<br><br><br>string(13) "espacoubaense"
string(26) "Cantidad de follows = 1864"
<br><br><br>string(14) "photoboxbrasil"
string(26) "Cantidad de follows = 2825"
<br><br><br>string(13) "luiara_helmer"
string(26) "Cantidad de follows = 5153"
<br><br><br>string(7) "dul_fcy"
string(26) "Cantidad de follows = 2874"
<br><br><br>string(26) "emporiodapapinhasantoandre"
string(26) "Cantidad de follows = 4974"
<br><br><br>string(15) "rayanemarchetta"
string(26) "Cantidad de follows = 1689"
<br><br><br>string(13) "karol_nunes00"
string(26) "Cantidad de follows = 3618"
<br><br><br>string(15) "reidosmarestour"
string(26) "Cantidad de follows = 3557"
<br><br><br>string(10) "apedesign_"
string(26) "Cantidad de follows = 2599"
<br><br><br>string(9) "danilelah"
string(26) "Cantidad de follows = 5063"
<br><br><br>string(8) "kevinm5m"
string(26) "Cantidad de follows = 7571"
<br><br><br>string(12) "noahestetica"
string(26) "Cantidad de follows = 8829"
<br><br><br>string(9) "casadovaz"
string(26) "Cantidad de follows = 6993"
<br><br><br>string(8) "arena7bh"
string(26) "Cantidad de follows = 4415"
<br><br><br>object(stdClass)#156 (2) {
  ["id"]=>
  string(5) "30581"
  ["login"]=>
  string(13) "mathoficialbr"
}
string(17) "jonatas.batistela"
string(27) "Cantidad de follows = 14867"
<br><br><br>string(10) "queirozloo"
string(26) "Cantidad de follows = 3659"
<br><br><br>object(stdClass)#26 (2) {
  ["id"]=>
  string(5) "30593"
  ["login"]=>
  string(12) "rogersiiilva"
}
string(11) "marci0viana"
string(26) "Cantidad de follows = 1308"
<br><br><br>string(16) "chefsheiladuarte"
string(26) "Cantidad de follows = 1041"
<br><br><br>string(8) "itsredtv"
string(27) "Cantidad de follows = 44289"
<br><br><br>object(stdClass)#128 (2) {
  ["id"]=>
  string(5) "30622"
  ["login"]=>
  string(8) "lorisfaz"
}
object(stdClass)#100 (2) {
  ["id"]=>
  string(5) "30623"
  ["login"]=>
  string(20) "emagrecer_ja_oficial"
}
string(19) "tamyparadorneptunia"
string(26) "Cantidad de follows = 5751"
<br><br><br>string(9) "gabicoach"
string(26) "Cantidad de follows = 3511"
<br><br><br>string(14) "amanda3santana"
string(26) "Cantidad de follows = 6363"
<br><br><br>string(8) "crecleao"
string(26) "Cantidad de follows = 3243"
<br><br><br>string(10) "elluhalves"
string(26) "Cantidad de follows = 5410"
<br><br><br>string(18) "mixsushicafebistek"
string(26) "Cantidad de follows = 5883"
<br><br><br>string(16) "f1ciaimobiliaria"
string(26) "Cantidad de follows = 3273"
<br><br><br>string(15) "vitor_honorato3"
string(26) "Cantidad de follows = 1121"
<br><br><br>string(13) "veneno_daseda"
string(26) "Cantidad de follows = 2065"
<br><br><br>string(10) "mc2turismo"
string(27) "Cantidad de follows = 17916"
<br><br><br>string(19) "erickakamineoficial"
string(26) "Cantidad de follows = 6627"
<br><br><br>string(11) "fredmunizrj"
string(26) "Cantidad de follows = 1475"
<br><br><br>object(stdClass)#54 (2) {
  ["id"]=>
  string(5) "30718"
  ["login"]=>
  string(16) "luis.fernando.br"
}
string(17) "drasheilawatanabe"
string(26) "Cantidad de follows = 1744"
<br><br><br>string(12) "laysasmacedo"
string(26) "Cantidad de follows = 2902"
<br><br><br>string(17) "creativapapelaria"
string(25) "Cantidad de follows = 327"
<br><br><br>string(11) "aondeiremsp"
string(27) "Cantidad de follows = 25081"
<br><br><br>object(stdClass)#64 (2) {
  ["id"]=>
  string(5) "30815"
  ["login"]=>
  string(6) "79_app"
}
string(8) "tompsonr"
string(25) "Cantidad de follows = 349"
<br><br><br>string(15) "dioceliogoulart"
string(27) "Cantidad de follows = 18985"
<br><br><br>string(15) "victorperazzini"
string(26) "Cantidad de follows = 2405"
<br><br><br>string(12) "alberto_test"
string(25) "Cantidad de follows = 279"
<br><br><br>string(13) "fassegseguros"
string(26) "Cantidad de follows = 7250"
<br><br><br>string(18) "giovanni.consultor"
string(25) "Cantidad de follows = 817"
<br><br><br>string(17) "coach.jorgeamorim"
string(25) "Cantidad de follows = 996"
<br><br><br>string(16) "blessedmaemequer"
string(27) "Cantidad de follows = 15337"
<br><br><br>string(15) "baile_de_camelo"
string(25) "Cantidad de follows = 754"
<br><br><br>string(13) "dentistabruna"
string(25) "Cantidad de follows = 184"
<br><br><br>string(11) "chicomorais"
string(26) "Cantidad de follows = 4650"
<br><br><br>string(13) "adrianemayumi"
string(27) "Cantidad de follows = 13227"
<br><br><br>string(14) "dresscode.byrm"
string(25) "Cantidad de follows = 231"
<br><br><br>object(stdClass)#94 (2) {
  ["id"]=>
  string(5) "30911"
  ["login"]=>
  string(15) "alynemultiforme"
}
string(15) "ehpralaqueeuvou"
string(26) "Cantidad de follows = 1261"
<br><br><br>string(19) "douglasvaldeswalker"
string(26) "Cantidad de follows = 1708"
<br><br><br>string(11) "brimigreipt"
string(25) "Cantidad de follows = 309"
<br><br><br>string(8) "dazz.777"
string(26) "Cantidad de follows = 1013"
<br><br><br>string(14) "rafaella_neves"
string(26) "Cantidad de follows = 3730"
<br><br><br>string(8) "soueuwal"
string(26) "Cantidad de follows = 1644"
<br><br><br>string(22) "lacosdasmeninasoficial"
string(26) "Cantidad de follows = 2236"
<br><br><br>string(13) "talitamcostta"
string(25) "Cantidad de follows = 555"
<br><br><br>string(17) "fernandinhobranco"
string(24) "Cantidad de follows = 60"
<br><br><br>string(8) "pionunes"
string(27) "Cantidad de follows = 14258"
<br><br><br>string(18) "confeitariadagabi_"
string(24) "Cantidad de follows = 65"
<br><br><br>string(14) "brunoalvarez.1"
string(25) "Cantidad de follows = 503"
<br><br><br>string(10) "1989closet"
string(26) "Cantidad de follows = 5876"
<br><br><br>string(12) "jumota_decor"
string(26) "Cantidad de follows = 1395"
<br><br><br>string(16) "marmitinhaslight"
string(26) "Cantidad de follows = 2650"
<br><br><br>string(24) "leoart_desing_paisagismo"
string(26) "Cantidad de follows = 6708"
<br><br><br>string(14) "carolfroemming"
string(26) "Cantidad de follows = 6876"
<br><br><br>string(24) "priscilaaparecidasantoss"
string(25) "Cantidad de follows = 603"
<br><br><br>string(9) "chio18789"
string(26) "Cantidad de follows = 4051"
<br><br><br>string(13) "kasamor_store"
string(26) "Cantidad de follows = 2289"
<br><br><br>string(13) "thamysilva201"
string(26) "Cantidad de follows = 3841"
<br><br><br>string(10) "alexrssp12"
string(25) "Cantidad de follows = 316"
<br><br><br>string(14) "silvio.cesarjr"
string(24) "Cantidad de follows = 62"
<br><br><br>string(12) "levis_tudouu"
string(27) "Cantidad de follows = 15711"
<br><br><br>string(8) "euogomez"
string(26) "Cantidad de follows = 2467"
<br><br><br>string(14) "amorefeoficial"
string(26) "Cantidad de follows = 4479"
<br><br><br>string(15) "studioambientes"
string(27) "Cantidad de follows = 14371"
<br><br><br>string(12) "gomilkbrasil"
string(26) "Cantidad de follows = 1024"
<br><br><br>string(13) "gomed.digital"
string(26) "Cantidad de follows = 2261"
<br><br><br>object(stdClass)#42 (2) {
  ["id"]=>
  string(5) "31133"
  ["login"]=>
  string(6) "lv_luh"
}
string(8) "curyamin"
string(25) "Cantidad de follows = 812"
<br><br><br>string(11) "stancefight"
string(27) "Cantidad de follows = 33722"
<br><br><br>string(19) "medconsultingbrasil"
string(27) "Cantidad de follows = 11893"
<br><br><br>string(3) "usa"
string(26) "Cantidad de follows = 4654"
<br><br><br>string(8) "voa_hati"
string(26) "Cantidad de follows = 2958"
<br><br><br>string(18) "robsonbarbosacoach"
string(26) "Cantidad de follows = 6152"
<br><br><br>string(10) "yasmincgr_"
string(26) "Cantidad de follows = 1039"
<br><br><br>string(14) "kharlos_soares"
string(25) "Cantidad de follows = 207"
<br><br><br>string(19) "chrystopher.gabriel"
string(25) "Cantidad de follows = 321"
<br><br><br>string(7) "nega.93"
string(26) "Cantidad de follows = 9262"
<br><br><br>string(13) "cahrlossoares"
string(24) "Cantidad de follows = 60"
<br><br><br>string(8) "emillymv"
string(26) "Cantidad de follows = 3596"
<br><br><br>string(11) "_j.o.a.o___"
string(25) "Cantidad de follows = 182"
<br><br><br>string(14) "antonioportes_"
string(25) "Cantidad de follows = 218"
<br><br><br>string(12) "aleehzinho_t"
string(25) "Cantidad de follows = 170"
<br><br><br>string(15) "jonasfahelysson"
string(26) "Cantidad de follows = 6885"
<br><br><br>string(13) "mari_azeredo_"
string(25) "Cantidad de follows = 770"
<br><br><br>string(18) "clinicaformighieri"
string(26) "Cantidad de follows = 2006"
<br><br><br>string(10) "guiturner_"
string(26) "Cantidad de follows = 8924"
<br><br><br>string(14) "carloskpulling"
string(28) "Cantidad de follows = 112753"
<br><br><br>string(10) "oppaviajei"
string(25) "Cantidad de follows = 688"
<br><br><br>string(19) "madtattoobarbershop"
string(25) "Cantidad de follows = 683"
<br><br><br>string(15) "jujucoelhopinto"
string(27) "Cantidad de follows = 28280"
<br><br><br>string(13) "gersonaraujo_"
string(26) "Cantidad de follows = 2262"
<br><br><br>object(stdClass)#8 (2) {
  ["id"]=>
  string(5) "31318"
  ["login"]=>
  string(11) "josiasnetoo"
}
string(19) "blogsairdozeroagora"
string(26) "Cantidad de follows = 1261"
<br><br><br>object(stdClass)#8 (2) {
  ["id"]=>
  string(5) "31325"
  ["login"]=>
  string(18) "neonprodutorapromo"
}
object(stdClass)#53 (2) {
  ["id"]=>
  string(5) "31326"
  ["login"]=>
  string(6) "djrat_"
}
object(stdClass)#8 (2) {
  ["id"]=>
  string(5) "31337"
  ["login"]=>
  string(23) "anderson_diego_oliveira"
}
string(19) "anacarlarodrigues19"
string(26) "Cantidad de follows = 3069"
<br><br><br>object(stdClass)#8 (2) {
  ["id"]=>
  string(5) "31346"
  ["login"]=>
  string(15) "siimoneepereira"
}
string(13) "jubart_design"
string(25) "Cantidad de follows = 500"
<br><br><br>string(19) "bellkeyprofessional"
string(26) "Cantidad de follows = 1619"
<br><br><br>string(8) "ealine._"
string(26) "Cantidad de follows = 4581"
<br><br><br>string(8) "wheresje"
string(27) "Cantidad de follows = 73063"
<br><br><br>string(12) "ronyfgomesss"
string(26) "Cantidad de follows = 3135"
<br><br><br>string(16) "jhonatha_feitosa"
string(26) "Cantidad de follows = 1204"
<br><br><br>string(15) "blena.nathallya"
string(26) "Cantidad de follows = 1080"
<br><br><br>string(10) "edersonflx"
string(26) "Cantidad de follows = 6865"
<br><br><br>string(23) "tridorimpermebializacao"
string(25) "Cantidad de follows = 105"
<br><br><br>string(9) "jehdpires"
string(25) "Cantidad de follows = 820"
<br><br><br>string(18) "emagrecer_agora.br"
string(25) "Cantidad de follows = 578"
<br><br><br>string(9) "caio_luka"
string(25) "Cantidad de follows = 281"
<br><br><br>string(10) "brasil.anb"
string(25) "Cantidad de follows = 572"
<br><br><br>string(19) "jeanpiresfotografia"
string(26) "Cantidad de follows = 1015"
<br><br><br>object(stdClass)#112 (2) {
  ["id"]=>
  string(5) "31483"
  ["login"]=>
  string(12) "canutoandree"
}
string(15) "charles_gsilvaa"
string(26) "Cantidad de follows = 1841"
<br><br><br>string(15) "theluccassantos"
string(26) "Cantidad de follows = 1120"
<br><br><br>string(16) "priscila_lopes12"
string(26) "Cantidad de follows = 1149"
<br><br><br>string(10) "biih_faith"
string(26) "Cantidad de follows = 1495"
<br><br><br>string(18) "leonardomonteiro00"
string(25) "Cantidad de follows = 892"
<br><br><br>string(17) "carlafagundesblog"
string(26) "Cantidad de follows = 6285"
<br><br><br>string(13) "aguedamaurien"
string(26) "Cantidad de follows = 2553"
<br><br><br>string(13) "pedrosagfteam"
string(26) "Cantidad de follows = 1867"
<br><br><br>string(9) "eusoudaro"
string(26) "Cantidad de follows = 1582"
<br><br><br>string(14) "caiquefregnani"
string(27) "Cantidad de follows = 10445"
<br><br><br>string(14) "heitorsoares.c"
string(26) "Cantidad de follows = 6970"
<br><br><br>string(21) "mulheres_que_se_amam_"
string(24) "Cantidad de follows = 65"
<br><br><br>string(17) "marco.suplementos"
string(26) "Cantidad de follows = 9984"
<br><br><br>string(8) "tetovivo"
string(26) "Cantidad de follows = 1858"
<br><br><br>string(14) "andrewanderley"
string(26) "Cantidad de follows = 3281"
<br><br><br>string(9) "vitormc83"
string(25) "Cantidad de follows = 167"
<br><br><br>string(8) "_lsilvva"
string(26) "Cantidad de follows = 6217"
<br><br><br>string(17) "clube_das_gostosa"
string(26) "Cantidad de follows = 1265"
<br><br><br>string(17) "esteticista_julia"
string(25) "Cantidad de follows = 615"
<br><br><br>string(10) "kauadellon"
string(25) "Cantidad de follows = 384"
<br><br><br>string(20) "divulgageraisoficial"
string(27) "Cantidad de follows = 20907"
<br><br><br>string(18) "dr.grimaldobicalho"
string(26) "Cantidad de follows = 1620"
<br><br><br>string(10) "rahfritzen"
string(26) "Cantidad de follows = 9086"
<br><br><br>string(13) "eiandrecanuto"
string(26) "Cantidad de follows = 1537"
<br><br><br>string(10) "mariodj.uy"
string(26) "Cantidad de follows = 1806"
<br><br><br>string(14) "stephanmarinho"
string(26) "Cantidad de follows = 7034"
<br><br><br>string(9) "misouza07"
string(25) "Cantidad de follows = 721"
<br><br><br>string(16) "glaubritooficial"
string(26) "Cantidad de follows = 1815"
<br><br><br>string(18) "anacarolinefavacho"
string(26) "Cantidad de follows = 1375"
<br><br><br>string(17) "natpharmafarmacia"
string(25) "Cantidad de follows = 650"
<br><br><br>string(13) "tablesdecorpy"
string(25) "Cantidad de follows = 461"
<br><br><br>string(18) "julianasilvaespaco"
string(26) "Cantidad de follows = 1222"
<br><br><br>string(22) "alice_carvalho_oficial"
string(25) "Cantidad de follows = 814"
<br><br><br>string(14) "juliaparanhos_"
string(27) "Cantidad de follows = 41437"
<br><br><br>string(18) "rannabeckeroficial"
string(27) "Cantidad de follows = 20282"
<br><br><br>string(13) "gomesterapias"
string(27) "Cantidad de follows = 49166"
<br><br><br>string(10) "filhoteeco"
string(27) "Cantidad de follows = 32777"
<br><br><br>string(15) "umbr_no_youtube"
string(26) "Cantidad de follows = 1846"
<br><br><br>string(12) "jeff_valerio"
string(25) "Cantidad de follows = 173"
<br><br><br>string(12) "calmbunnypet"
string(25) "Cantidad de follows = 652"
<br><br><br>\n<br>JOB DONE!!!<br>\n2018-10-09 07:54:00am