DAILY REPORT Inited...!<br>
2018-10-03 06:30:01am<br>
string(14) "alberto_dreyes"
string(27) "Cantidad de follows = 14454"
<br><br><br>string(19) "opiniaoconservadora"
string(27) "Cantidad de follows = 55327"
<br><br><br>string(17) "sibitecomunicacao"
string(27) "Cantidad de follows = 10299"
<br><br><br>string(11) "mo.taniguti"
string(27) "Cantidad de follows = 20884"
<br><br><br>object(stdClass)#27 (2) {
  ["id"]=>
  string(3) "146"
  ["login"]=>
  string(12) "auepromocoes"
}
string(23) "jeunesse_bycrislafratta"
string(25) "Cantidad de follows = 186"
<br><br><br>string(12) "lily.s.alves"
string(26) "Cantidad de follows = 2098"
<br><br><br>string(10) "powerlook_"
string(27) "Cantidad de follows = 60506"
<br><br><br>object(stdClass)#12 (2) {
  ["id"]=>
  string(3) "245"
  ["login"]=>
  string(18) "xodozinho.retratos"
}
object(stdClass)#29 (2) {
  ["id"]=>
  string(3) "867"
  ["login"]=>
  string(14) "joaovictorjvb1"
}
object(stdClass)#12 (2) {
  ["id"]=>
  string(4) "1059"
  ["login"]=>
  string(8) "graverrj"
}
string(7) "ma_luco"
string(27) "Cantidad de follows = 28544"
<br><br><br>string(12) "carlloooooss"
string(26) "Cantidad de follows = 1291"
<br><br><br>string(15) "sapatodochef.pa"
string(26) "Cantidad de follows = 2382"
<br><br><br>object(stdClass)#218 (2) {
  ["id"]=>
  string(4) "2175"
  ["login"]=>
  string(10) "vireiloira"
}
string(18) "mercadomodelobahia"
string(26) "Cantidad de follows = 9065"
<br><br><br>string(11) "thayscalmon"
string(26) "Cantidad de follows = 5229"
<br><br><br>string(11) "decoremundo"
string(27) "Cantidad de follows = 14319"
<br><br><br>string(9) "decorcool"
string(23) "Cantidad de follows = 7"
<br><br><br>string(8) "fragabar"
string(26) "Cantidad de follows = 4308"
<br><br><br>object(stdClass)#187 (2) {
  ["id"]=>
  string(4) "4236"
  ["login"]=>
  string(8) "lorenaym"
}
string(11) "pamelaotero"
string(27) "Cantidad de follows = 46024"
<br><br><br>string(19) "starpointcollection"
string(27) "Cantidad de follows = 12723"
<br><br><br>string(9) "katiacsdc"
string(27) "Cantidad de follows = 18364"
<br><br><br>string(14) "grazielialvess"
string(27) "Cantidad de follows = 21656"
<br><br><br>string(22) "dra_barbaravasconcelos"
string(27) "Cantidad de follows = 23502"
<br><br><br>string(21) "comandantedochurrasco"
string(27) "Cantidad de follows = 56811"
<br><br><br>string(12) "40antesdos40"
string(27) "Cantidad de follows = 25449"
<br><br><br>string(16) "drricardopalacio"
string(27) "Cantidad de follows = 25439"
<br><br><br>string(12) "pollyruffini"
string(26) "Cantidad de follows = 7002"
<br><br><br>string(14) "carlos_skatmar"
string(26) "Cantidad de follows = 2340"
<br><br><br>string(10) "star_point"
string(27) "Cantidad de follows = 32371"
<br><br><br>string(8) "rruizmma"
string(27) "Cantidad de follows = 47060"
<br><br><br>string(8) "dumbu.09"
string(26) "Cantidad de follows = 7697"
<br><br><br>string(14) "marcosp.medina"
string(26) "Cantidad de follows = 4076"
<br><br><br>string(11) "sandrozion7"
string(27) "Cantidad de follows = 21109"
<br><br><br>string(17) "grandville_hoteis"
string(27) "Cantidad de follows = 12627"
<br><br><br>string(11) "josiasdiass"
string(27) "Cantidad de follows = 18046"
<br><br><br>string(18) "barbaracampospalma"
string(26) "Cantidad de follows = 8729"
<br><br><br>string(9) "telless13"
string(27) "Cantidad de follows = 12742"
<br><br><br>string(13) "bandamegafire"
string(27) "Cantidad de follows = 23433"
<br><br><br>string(17) "sosoportunidade10"
string(25) "Cantidad de follows = 967"
<br><br><br>string(18) "academia_king_thai"
string(26) "Cantidad de follows = 5070"
<br><br><br>string(13) "renatafontany"
string(27) "Cantidad de follows = 32782"
<br><br><br>string(14) "cabelosaugusto"
string(27) "Cantidad de follows = 22781"
<br><br><br>string(14) "brunocerqueira"
string(27) "Cantidad de follows = 10597"
<br><br><br>string(10) "noxboymike"
string(26) "Cantidad de follows = 5485"
<br><br><br>string(20) "juliobaptistaoficial"
string(28) "Cantidad de follows = 250558"
<br><br><br>string(21) "ateliermarielamoreira"
string(27) "Cantidad de follows = 15851"
<br><br><br>object(stdClass)#95 (2) {
  ["id"]=>
  string(5) "11096"
  ["login"]=>
  string(12) "michaelletjp"
}
object(stdClass)#25 (2) {
  ["id"]=>
  string(5) "11099"
  ["login"]=>
  string(13) "agostochuvoso"
}
string(11) "insultedboy"
string(26) "Cantidad de follows = 3532"
<br><br><br>string(11) "weilla_morg"
string(25) "Cantidad de follows = 930"
<br><br><br>string(11) "raphabritoo"
string(27) "Cantidad de follows = 16091"
<br><br><br>string(10) "vinihveiga"
string(26) "Cantidad de follows = 4106"
<br><br><br>object(stdClass)#94 (2) {
  ["id"]=>
  string(5) "11131"
  ["login"]=>
  string(14) "deliciasdoronk"
}
string(16) "duuduuzinhosilva"
string(26) "Cantidad de follows = 3026"
<br><br><br>string(9) "carlosbsg"
string(25) "Cantidad de follows = 918"
<br><br><br>string(12) "danndourado0"
string(27) "Cantidad de follows = 14640"
<br><br><br>string(7) "biel312"
string(24) "Cantidad de follows = 10"
<br><br><br>string(11) "caiogrunupp"
string(26) "Cantidad de follows = 3326"
<br><br><br>string(11) "paullonunan"
string(26) "Cantidad de follows = 1438"
<br><br><br>string(12) "pablodiego15"
string(26) "Cantidad de follows = 1090"
<br><br><br>object(stdClass)#43 (2) {
  ["id"]=>
  string(5) "11230"
  ["login"]=>
  string(16) "_luferreiranunes"
}
string(14) "natan_mantelli"
string(25) "Cantidad de follows = 802"
<br><br><br>string(17) "antoniocarlos3627"
string(24) "Cantidad de follows = 43"
<br><br><br>string(11) "365_indubai"
string(27) "Cantidad de follows = 21486"
<br><br><br>object(stdClass)#84 (2) {
  ["id"]=>
  string(5) "11239"
  ["login"]=>
  string(12) "ceottosinuhe"
}
string(14) "vitoriaabritto"
string(27) "Cantidad de follows = 33392"
<br><br><br>string(11) "lojaoperapc"
string(27) "Cantidad de follows = 23891"
<br><br><br>string(12) "huealimentos"
string(26) "Cantidad de follows = 5008"
<br><br><br>string(13) "kstimportados"
string(26) "Cantidad de follows = 4400"
<br><br><br>string(7) "wi11see"
string(27) "Cantidad de follows = 11659"
<br><br><br>string(12) "s7_producoes"
string(26) "Cantidad de follows = 6030"
<br><br><br>string(12) "gabrielaribi"
string(26) "Cantidad de follows = 7628"
<br><br><br>string(17) "brunosennaimagens"
string(27) "Cantidad de follows = 13164"
<br><br><br>string(14) "maycowmontemor"
string(27) "Cantidad de follows = 32197"
<br><br><br>string(14) "alinemarcovici"
string(27) "Cantidad de follows = 18582"
<br><br><br>string(10) "junior.dev"
string(27) "Cantidad de follows = 17686"
<br><br><br>string(13) "amaassessoria"
string(26) "Cantidad de follows = 7686"
<br><br><br>string(11) "julisciotto"
string(27) "Cantidad de follows = 23390"
<br><br><br>string(14) "draalinehsilva"
string(27) "Cantidad de follows = 20233"
<br><br><br>string(13) "rodasemotores"
string(27) "Cantidad de follows = 13770"
<br><br><br>string(13) "euclaracampos"
string(26) "Cantidad de follows = 4296"
<br><br><br>string(19) "thamaraelisa.tattoo"
string(27) "Cantidad de follows = 14275"
<br><br><br>string(15) "megaminassports"
string(26) "Cantidad de follows = 6770"
<br><br><br>string(16) "agencia_portal37"
string(26) "Cantidad de follows = 3342"
<br><br><br>object(stdClass)#51 (2) {
  ["id"]=>
  string(5) "11792"
  ["login"]=>
  string(14) "hf_metalurgica"
}
string(13) "grillegourmet"
string(26) "Cantidad de follows = 5129"
<br><br><br>string(11) "davidkapper"
string(27) "Cantidad de follows = 12814"
<br><br><br>string(11) "7chavesfoto"
string(27) "Cantidad de follows = 11094"
<br><br><br>string(11) "joiaskether"
string(27) "Cantidad de follows = 19527"
<br><br><br>string(14) "luziasantana33"
string(28) "Cantidad de follows = 237677"
<br><br><br>string(13) "thiagovaleiro"
string(26) "Cantidad de follows = 3847"
<br><br><br>object(stdClass)#20 (2) {
  ["id"]=>
  string(5) "12434"
  ["login"]=>
  string(9) "dupicasso"
}
string(11) "laura_bergo"
string(26) "Cantidad de follows = 6421"
<br><br><br>string(15) "dra.raphabecker"
string(27) "Cantidad de follows = 19633"
<br><br><br>string(14) "andreluiznardo"
string(27) "Cantidad de follows = 16559"
<br><br><br>string(8) "letdaher"
string(27) "Cantidad de follows = 28008"
<br><br><br>string(9) "dgarciia_"
string(25) "Cantidad de follows = 842"
<br><br><br>string(10) "joaosurf12"
string(24) "Cantidad de follows = 96"
<br><br><br>string(8) "itsandco"
string(27) "Cantidad de follows = 19445"
<br><br><br>string(10) "ela_andrea"
string(27) "Cantidad de follows = 22542"
<br><br><br>string(14) "nafurtadocakes"
string(26) "Cantidad de follows = 6482"
<br><br><br>string(18) "castrolautoservice"
string(26) "Cantidad de follows = 9359"
<br><br><br>string(9) "livdrinks"
string(27) "Cantidad de follows = 47688"
<br><br><br>string(18) "portalautoshopping"
string(27) "Cantidad de follows = 12124"
<br><br><br>string(20) "manu.mamaeaoquadrado"
string(26) "Cantidad de follows = 9529"
<br><br><br>string(15) "odontowebschool"
string(27) "Cantidad de follows = 10610"
<br><br><br>string(9) "abarkeria"
string(27) "Cantidad de follows = 33504"
<br><br><br>object(stdClass)#59 (2) {
  ["id"]=>
  string(5) "15166"
  ["login"]=>
  string(14) "__fehholiveira"
}
string(10) "ninabaking"
string(26) "Cantidad de follows = 8969"
<br><br><br>string(10) "jgiordanoo"
string(27) "Cantidad de follows = 12579"
<br><br><br>string(18) "domhairfelippewill"
string(27) "Cantidad de follows = 11523"
<br><br><br>string(7) "pbpetti"
string(27) "Cantidad de follows = 39792"
<br><br><br>string(10) "psych0wolf"
string(25) "Cantidad de follows = 410"
<br><br><br>string(8) "andreiso"
string(26) "Cantidad de follows = 9494"
<br><br><br>string(13) "biadiascoelho"
string(26) "Cantidad de follows = 4875"
<br><br><br>string(8) "mytrips7"
string(25) "Cantidad de follows = 526"
<br><br><br>string(13) "directdireito"
string(27) "Cantidad de follows = 11286"
<br><br><br>string(12) "patrickvalle"
string(26) "Cantidad de follows = 3557"
<br><br><br>string(21) "lucianalauferofficial"
string(27) "Cantidad de follows = 18763"
<br><br><br>string(13) "matheuspercut"
string(26) "Cantidad de follows = 1160"
<br><br><br>string(10) "flavia_vdr"
string(27) "Cantidad de follows = 11260"
<br><br><br>object(stdClass)#154 (2) {
  ["id"]=>
  string(5) "16861"
  ["login"]=>
  string(14) "mickael_cortes"
}
string(16) "helder_del_monte"
string(27) "Cantidad de follows = 15901"
<br><br><br>string(18) "physicalpilates_bh"
string(26) "Cantidad de follows = 5621"
<br><br><br>string(13) "faleiroslaura"
string(27) "Cantidad de follows = 12928"
<br><br><br>string(11) "dannysetudo"
string(26) "Cantidad de follows = 9472"
<br><br><br>string(15) "portodepiranhas"
string(27) "Cantidad de follows = 10492"
<br><br><br>string(24) "contadordehistoriasreais"
string(27) "Cantidad de follows = 27672"
<br><br><br>string(6) "guil38"
string(26) "Cantidad de follows = 6483"
<br><br><br>string(22) "vacationhomeneardisney"
string(27) "Cantidad de follows = 19649"
<br><br><br>string(16) "drguilhermecravo"
string(26) "Cantidad de follows = 3166"
<br><br><br>string(6) "ossmkt"
string(26) "Cantidad de follows = 5258"
<br><br><br>string(10) "jhoneheber"
string(27) "Cantidad de follows = 23865"
<br><br><br>string(20) "justiniano0_official"
string(26) "Cantidad de follows = 2991"
<br><br><br>string(15) "sao_os_caipiras"
string(26) "Cantidad de follows = 9465"
<br><br><br>string(9) "acerickrj"
string(27) "Cantidad de follows = 12274"
<br><br><br>string(15) "leandrogarciadj"
string(27) "Cantidad de follows = 19273"
<br><br><br>string(14) "osnirhamburger"
string(26) "Cantidad de follows = 6834"
<br><br><br>string(8) "dutruffi"
string(27) "Cantidad de follows = 14271"
<br><br><br>string(9) "lschuback"
string(26) "Cantidad de follows = 7809"
<br><br><br>string(21) "carolinanortondematos"
string(27) "Cantidad de follows = 11639"
<br><br><br>object(stdClass)#156 (2) {
  ["id"]=>
  string(5) "18103"
  ["login"]=>
  string(22) "denisegoncalves.santos"
}
string(14) "ethianemarques"
string(25) "Cantidad de follows = 691"
<br><br><br>string(10) "synaraleal"
string(27) "Cantidad de follows = 16163"
<br><br><br>string(8) "trinjune"
string(23) "Cantidad de follows = 0"
<br><br><br>string(12) "holy_popcorn"
string(27) "Cantidad de follows = 11687"
<br><br><br>string(9) "eltranvia"
string(27) "Cantidad de follows = 15534"
<br><br><br>string(19) "diegogoulartoficial"
string(27) "Cantidad de follows = 20628"
<br><br><br>string(15) "cartolinadesign"
string(26) "Cantidad de follows = 5637"
<br><br><br>string(9) "quarto_22"
string(26) "Cantidad de follows = 5423"
<br><br><br>string(10) "blogdakeli"
string(24) "Cantidad de follows = 11"
<br><br><br>object(stdClass)#171 (2) {
  ["id"]=>
  string(5) "18816"
  ["login"]=>
  string(10) "lefitnessb"
}
string(9) "awsmining"
string(26) "Cantidad de follows = 4568"
<br><br><br>string(13) "willianabrito"
string(26) "Cantidad de follows = 6744"
<br><br><br>string(23) "eusoutestemunhadogolias"
string(25) "Cantidad de follows = 205"
<br><br><br>string(16) "tumsoundfestival"
string(26) "Cantidad de follows = 1430"
<br><br><br>string(18) "casalbioequilibrio"
string(27) "Cantidad de follows = 11189"
<br><br><br>string(13) "mimosearomaas"
string(26) "Cantidad de follows = 8816"
<br><br><br>string(17) "gventurinpersonal"
string(26) "Cantidad de follows = 2513"
<br><br><br>string(9) "fastfitsc"
string(26) "Cantidad de follows = 3618"
<br><br><br>string(11) "raif_tattoo"
string(27) "Cantidad de follows = 13135"
<br><br><br>string(10) "hustler.hc"
string(26) "Cantidad de follows = 2473"
<br><br><br>string(9) "isarengel"
string(26) "Cantidad de follows = 6746"
<br><br><br>string(8) "7.mboots"
string(27) "Cantidad de follows = 45242"
<br><br><br>string(12) "solus_online"
string(26) "Cantidad de follows = 4005"
<br><br><br>string(11) "refugiohoje"
string(27) "Cantidad de follows = 12428"
<br><br><br>string(13) "nati.fressato"
string(26) "Cantidad de follows = 7255"
<br><br><br>string(16) "bysilviaschaefer"
string(23) "Cantidad de follows = 1"
<br><br><br>string(17) "calcadospaubrasil"
string(26) "Cantidad de follows = 8248"
<br><br><br>string(10) "daly_store"
string(27) "Cantidad de follows = 21593"
<br><br><br>string(11) "angelosciao"
string(26) "Cantidad de follows = 5253"
<br><br><br>string(6) "fuinha"
string(25) "Cantidad de follows = 193"
<br><br><br>string(10) "kombi_krug"
string(25) "Cantidad de follows = 509"
<br><br><br>string(12) "rekombinando"
string(26) "Cantidad de follows = 5966"
<br><br><br>string(15) "blogdasusantoss"
string(26) "Cantidad de follows = 5428"
<br><br><br>string(15) "diadeacessorios"
string(26) "Cantidad de follows = 2313"
<br><br><br>string(18) "christians.pereira"
string(26) "Cantidad de follows = 3761"
<br><br><br>object(stdClass)#182 (2) {
  ["id"]=>
  string(5) "19844"
  ["login"]=>
  string(13) "oficialpharma"
}
string(28) "pedrowilsonrodriguespimentel"
string(26) "Cantidad de follows = 7754"
<br><br><br>string(15) "atelieluizrocha"
string(27) "Cantidad de follows = 10285"
<br><br><br>string(12) "bibiscamargo"
string(26) "Cantidad de follows = 2052"
<br><br><br>string(16) "centerperfumaria"
string(26) "Cantidad de follows = 5527"
<br><br><br>string(10) "pmelorocha"
string(26) "Cantidad de follows = 6373"
<br><br><br>object(stdClass)#199 (2) {
  ["id"]=>
  string(5) "20149"
  ["login"]=>
  string(14) "thaliaalvesdec"
}
string(12) "yasminndias_"
string(26) "Cantidad de follows = 9438"
<br><br><br>string(17) "jb_alves_educador"
string(26) "Cantidad de follows = 3506"
<br><br><br>string(24) "leonardosantosfotografia"
string(27) "Cantidad de follows = 39801"
<br><br><br>string(8) "sporttot"
string(24) "Cantidad de follows = 20"
<br><br><br>object(stdClass)#161 (2) {
  ["id"]=>
  string(5) "20503"
  ["login"]=>
  string(8) "chandler"
}
string(13) "ayllesantiago"
string(28) "Cantidad de follows = 127133"
<br><br><br>string(12) "maisonbiarro"
string(27) "Cantidad de follows = 25588"
<br><br><br>string(15) "iselamendozadec"
string(26) "Cantidad de follows = 6080"
<br><br><br>string(9) "bamboh.pt"
string(26) "Cantidad de follows = 2614"
<br><br><br>string(12) "redeentropia"
string(26) "Cantidad de follows = 5910"
<br><br><br>string(13) "goutaguatinga"
string(26) "Cantidad de follows = 1014"
<br><br><br>object(stdClass)#127 (2) {
  ["id"]=>
  string(5) "20682"
  ["login"]=>
  string(11) "farmapharma"
}
string(18) "calabriapizzariarj"
string(26) "Cantidad de follows = 2475"
<br><br><br>object(stdClass)#127 (2) {
  ["id"]=>
  string(5) "20818"
  ["login"]=>
  string(20) "cadillacs.pastelaria"
}
object(stdClass)#209 (2) {
  ["id"]=>
  string(5) "20927"
  ["login"]=>
  string(25) "missionariojairodossantos"
}
object(stdClass)#127 (2) {
  ["id"]=>
  string(5) "21062"
  ["login"]=>
  string(13) "jesuisluciano"
}
object(stdClass)#209 (2) {
  ["id"]=>
  string(5) "21230"
  ["login"]=>
  string(9) "vikatorsc"
}
string(19) "nicollystoreoficial"
string(26) "Cantidad de follows = 7544"
<br><br><br>object(stdClass)#209 (2) {
  ["id"]=>
  string(5) "21368"
  ["login"]=>
  string(18) "ricardoribeiro0013"
}
string(24) "ramossegurancaeletronica"
string(26) "Cantidad de follows = 3295"
<br><br><br>string(18) "camacariplazahotel"
string(26) "Cantidad de follows = 6215"
<br><br><br>string(13) "_telesgabriel"
string(26) "Cantidad de follows = 2490"
<br><br><br>string(12) "fbfabiolopes"
string(26) "Cantidad de follows = 9211"
<br><br><br>object(stdClass)#75 (2) {
  ["id"]=>
  string(5) "21517"
  ["login"]=>
  string(23) "biscuitporvictorialeite"
}
string(10) "trapburger"
string(26) "Cantidad de follows = 2639"
<br><br><br>string(20) "shoppingcasaedesign_"
string(26) "Cantidad de follows = 8659"
<br><br><br>string(9) "samiilly_"
string(27) "Cantidad de follows = 18243"
<br><br><br>object(stdClass)#34 (2) {
  ["id"]=>
  string(5) "21731"
  ["login"]=>
  string(9) "conhecaes"
}
string(7) "loirasn"
string(25) "Cantidad de follows = 195"
<br><br><br>string(15) "santasticauniao"
string(26) "Cantidad de follows = 6300"
<br><br><br>string(19) "embraconcondominios"
string(26) "Cantidad de follows = 4634"
<br><br><br>string(17) "hamburguinhomoema"
string(27) "Cantidad de follows = 60380"
<br><br><br>string(14) "vilmamartins_7"
string(26) "Cantidad de follows = 1316"
<br><br><br>string(12) "leticiajural"
string(26) "Cantidad de follows = 8558"
<br><br><br>string(8) "_zero100"
string(27) "Cantidad de follows = 52253"
<br><br><br>string(20) "lionrollingcircusrio"
string(27) "Cantidad de follows = 14357"
<br><br><br>string(9) "_nerdjunk"
string(26) "Cantidad de follows = 5399"
<br><br><br>string(10) "pilotelton"
string(27) "Cantidad de follows = 11100"
<br><br><br>string(14) "marcioancelmoo"
string(26) "Cantidad de follows = 5006"
<br><br><br>object(stdClass)#174 (2) {
  ["id"]=>
  string(5) "22627"
  ["login"]=>
  string(18) "lucaswiliamsoliver"
}
string(14) "kevinlorenzorj"
string(26) "Cantidad de follows = 3403"
<br><br><br>object(stdClass)#174 (2) {
  ["id"]=>
  string(5) "22701"
  ["login"]=>
  string(21) "falandodemaquiagem_01"
}
string(13) "georgemuchuli"
string(26) "Cantidad de follows = 7787"
<br><br><br>string(15) "wendell_alvess_"
string(24) "Cantidad de follows = 83"
<br><br><br>object(stdClass)#10 (2) {
  ["id"]=>
  string(5) "22786"
  ["login"]=>
  string(6) "jpzk02"
}
object(stdClass)#99 (2) {
  ["id"]=>
  string(5) "22791"
  ["login"]=>
  string(13) "rodrigues.exe"
}
object(stdClass)#10 (2) {
  ["id"]=>
  string(5) "22915"
  ["login"]=>
  string(10) "5000covers"
}
string(18) "marciomouraoficial"
string(27) "Cantidad de follows = 12446"
<br><br><br>object(stdClass)#10 (2) {
  ["id"]=>
  string(5) "23135"
  ["login"]=>
  string(15) "daniak_boutique"
}
string(23) "formatacaotccmonografia"
string(24) "Cantidad de follows = 95"
<br><br><br>string(6) "nekkow"
string(24) "Cantidad de follows = 15"
<br><br><br>string(5) "lucao"
string(25) "Cantidad de follows = 558"
<br><br><br>string(6) "lucao2"
string(25) "Cantidad de follows = 584"
<br><br><br>string(13) "marcelomarkes"
string(27) "Cantidad de follows = 19932"
<br><br><br>string(14) "dl_beautysalon"
string(26) "Cantidad de follows = 1947"
<br><br><br>string(15) "ariadinebarreto"
string(27) "Cantidad de follows = 14752"
<br><br><br>string(13) "canalsemjacar"
string(27) "Cantidad de follows = 14327"
<br><br><br>string(11) "hiratabreno"
string(27) "Cantidad de follows = 12637"
<br><br><br>object(stdClass)#175 (2) {
  ["id"]=>
  string(5) "23543"
  ["login"]=>
  string(14) "erickspimentel"
}
string(12) "jessicaiwata"
string(27) "Cantidad de follows = 34266"
<br><br><br>string(14) "dnaphotoevideo"
string(27) "Cantidad de follows = 29214"
<br><br><br>string(18) "gamecenterpaulista"
string(27) "Cantidad de follows = 10420"
<br><br><br>string(10) "pacofishrd"
string(26) "Cantidad de follows = 8089"
<br><br><br>string(14) "qualityhotelsd"
string(26) "Cantidad de follows = 1205"
<br><br><br>string(17) "isabellabofficial"
string(27) "Cantidad de follows = 14089"
<br><br><br>string(13) "alialioficial"
string(25) "Cantidad de follows = 674"
<br><br><br>string(15) "barbeariadoneno"
string(27) "Cantidad de follows = 13564"
<br><br><br>string(10) "plagamba01"
string(26) "Cantidad de follows = 2634"
<br><br><br>string(11) "oscarcauchi"
string(26) "Cantidad de follows = 3636"
<br><br><br>string(7) "18laras"
string(26) "Cantidad de follows = 1869"
<br><br><br>string(16) "entreomarealagoa"
string(26) "Cantidad de follows = 1673"
<br><br><br>string(9) "darlanred"
string(27) "Cantidad de follows = 21381"
<br><br><br>string(15) "riolisboabrasil"
string(25) "Cantidad de follows = 207"
<br><br><br>string(12) "studio4cinco"
string(26) "Cantidad de follows = 4946"
<br><br><br>string(13) "fabriciofabre"
string(26) "Cantidad de follows = 8611"
<br><br><br>string(22) "suamusicapersonalizada"
string(26) "Cantidad de follows = 9859"
<br><br><br>string(10) "fioremixbr"
string(25) "Cantidad de follows = 323"
<br><br><br>string(8) "kevinvem"
string(23) "Cantidad de follows = 5"
<br><br><br>string(12) "djallannatal"
string(27) "Cantidad de follows = 27908"
<br><br><br>string(15) "polpasempreviva"
string(27) "Cantidad de follows = 34598"
<br><br><br>string(8) "kessyaaa"
string(27) "Cantidad de follows = 11146"
<br><br><br>string(8) "celparra"
string(27) "Cantidad de follows = 10687"
<br><br><br>object(stdClass)#9 (2) {
  ["id"]=>
  string(5) "25524"
  ["login"]=>
  string(11) "tompson9345"
}
object(stdClass)#154 (2) {
  ["id"]=>
  string(5) "25571"
  ["login"]=>
  string(14) "habner_martins"
}
string(24) "fitnessuplementosoficial"
string(25) "Cantidad de follows = 335"
<br><br><br>string(13) "mayconbarroco"
string(27) "Cantidad de follows = 18535"
<br><br><br>string(9) "caiocesar"
string(24) "Cantidad de follows = 85"
<br><br><br>string(8) "lil.fama"
string(27) "Cantidad de follows = 22068"
<br><br><br>string(12) "institutoybi"
string(27) "Cantidad de follows = 18033"
<br><br><br>object(stdClass)#220 (2) {
  ["id"]=>
  string(5) "26183"
  ["login"]=>
  string(14) "andresa_lebens"
}
object(stdClass)#18 (2) {
  ["id"]=>
  string(5) "26226"
  ["login"]=>
  string(7) "yuryv05"
}
string(15) "eliana_casimiro"
string(26) "Cantidad de follows = 5656"
<br><br><br>string(11) "maloohstore"
string(26) "Cantidad de follows = 3642"
<br><br><br>string(15) "lauraivinadecor"
string(26) "Cantidad de follows = 9021"
<br><br><br>string(16) "simplesmenteamei"
string(27) "Cantidad de follows = 16124"
<br><br><br>string(16) "drraphaelmarques"
string(27) "Cantidad de follows = 21407"
<br><br><br>string(10) "casazunzun"
string(26) "Cantidad de follows = 5584"
<br><br><br>string(14) "draraymedeiros"
string(26) "Cantidad de follows = 1581"
<br><br><br>string(12) "4youdressing"
string(26) "Cantidad de follows = 3579"
<br><br><br>string(21) "lucaslermenfotografia"
string(27) "Cantidad de follows = 14865"
<br><br><br>string(16) "bracholuismiguel"
string(25) "Cantidad de follows = 830"
<br><br><br>string(17) "draflaviasgavioli"
string(27) "Cantidad de follows = 41470"
<br><br><br>string(16) "rafamello_cantor"
string(26) "Cantidad de follows = 9020"
<br><br><br>object(stdClass)#52 (2) {
  ["id"]=>
  string(5) "27308"
  ["login"]=>
  string(11) "levis_tudou"
}
string(13) "gabinassyrios"
string(27) "Cantidad de follows = 27775"
<br><br><br>string(13) "cardosodani78"
string(25) "Cantidad de follows = 422"
<br><br><br>object(stdClass)#8 (2) {
  ["id"]=>
  string(5) "27362"
  ["login"]=>
  string(9) "k123silva"
}
string(9) "labotique"
string(25) "Cantidad de follows = 276"
<br><br><br>string(11) "eco.noronha"
string(26) "Cantidad de follows = 1076"
<br><br><br>string(13) "gelottisports"
string(26) "Cantidad de follows = 6277"
<br><br><br>string(13) "bombeefsantos"
string(27) "Cantidad de follows = 68481"
<br><br><br>string(15) "parvathi_brasil"
string(26) "Cantidad de follows = 8512"
<br><br><br>string(9) "lobotique"
string(26) "Cantidad de follows = 6578"
<br><br><br>string(8) "talincas"
string(27) "Cantidad de follows = 22601"
<br><br><br>string(21) "visagismofacial_drika"
string(25) "Cantidad de follows = 733"
<br><br><br>string(13) "bakwarabrasil"
string(26) "Cantidad de follows = 1565"
<br><br><br>string(19) "carlabarcellosjoias"
string(27) "Cantidad de follows = 11387"
<br><br><br>string(16) "programagameover"
string(26) "Cantidad de follows = 1122"
<br><br><br>string(15) "aafrodite.store"
string(26) "Cantidad de follows = 5768"
<br><br><br>string(12) "rogiacomello"
string(26) "Cantidad de follows = 1417"
<br><br><br>string(11) "solvebrazil"
string(26) "Cantidad de follows = 1174"
<br><br><br>string(16) "drafernandavolpi"
string(27) "Cantidad de follows = 12427"
<br><br><br>object(stdClass)#155 (2) {
  ["id"]=>
  string(5) "27722"
  ["login"]=>
  string(14) "maribel.silent"
}
string(13) "miocheoficial"
string(27) "Cantidad de follows = 45309"
<br><br><br>string(11) "daylipadron"
string(26) "Cantidad de follows = 8195"
<br><br><br>string(14) "mercadolabarra"
string(26) "Cantidad de follows = 4204"
<br><br><br>string(10) "naraabreuu"
string(26) "Cantidad de follows = 4594"
<br><br><br>string(8) "lukmodas"
string(26) "Cantidad de follows = 8102"
<br><br><br>string(21) "girlsgardenacessorios"
string(26) "Cantidad de follows = 2025"
<br><br><br>string(13) "capimlimaomga"
string(26) "Cantidad de follows = 5361"
<br><br><br>string(15) "maxpremiumjeans"
string(26) "Cantidad de follows = 8402"
<br><br><br>string(8) "bruna.fb"
string(27) "Cantidad de follows = 21236"
<br><br><br>string(14) "na_cara_do_gol"
string(26) "Cantidad de follows = 3032"
<br><br><br>string(13) "jessicacytrus"
string(27) "Cantidad de follows = 29711"
<br><br><br>string(11) "cyrofuziama"
string(27) "Cantidad de follows = 25371"
<br><br><br>string(11) "thaycomfome"
string(27) "Cantidad de follows = 26478"
<br><br><br>string(10) "dankana_dk"
string(26) "Cantidad de follows = 8833"
<br><br><br>string(13) "vivimaquiagem"
string(26) "Cantidad de follows = 2477"
<br><br><br>string(14) "fshirtsdesigns"
string(25) "Cantidad de follows = 369"
<br><br><br>string(15) "closetdasduasto"
string(27) "Cantidad de follows = 14096"
<br><br><br>object(stdClass)#21 (2) {
  ["id"]=>
  string(5) "28069"
  ["login"]=>
  string(14) "rosaduartelash"
}
string(11) "gardelmaroz"
string(26) "Cantidad de follows = 6118"
<br><br><br>object(stdClass)#21 (2) {
  ["id"]=>
  string(5) "28080"
  ["login"]=>
  string(16) "msanchescaroline"
}
string(3) "ola"
string(26) "Cantidad de follows = 3250"
<br><br><br>object(stdClass)#21 (2) {
  ["id"]=>
  string(5) "28092"
  ["login"]=>
  string(9) "pri_avlis"
}
string(13) "ferefacrochet"
string(26) "Cantidad de follows = 8895"
<br><br><br>object(stdClass)#21 (2) {
  ["id"]=>
  string(5) "28099"
  ["login"]=>
  string(13) "menezesandree"
}
string(7) "nr_mini"
string(27) "Cantidad de follows = 10981"
<br><br><br>string(6) "dz9bnb"
string(26) "Cantidad de follows = 3304"
<br><br><br>object(stdClass)#38 (2) {
  ["id"]=>
  string(5) "28145"
  ["login"]=>
  string(20) "nossoapartamento_103"
}
string(18) "cheirinhodamariana"
string(26) "Cantidad de follows = 7640"
<br><br><br>object(stdClass)#38 (2) {
  ["id"]=>
  string(5) "28213"
  ["login"]=>
  string(15) "malucassimiro.r"
}
string(16) "alvomarketingagc"
string(26) "Cantidad de follows = 9515"
<br><br><br>string(17) "ilmiocasamentoios"
string(26) "Cantidad de follows = 1012"
<br><br><br>string(16) "dranayanepacheco"
string(28) "Cantidad de follows = 142464"
<br><br><br>string(24) "silvanonunes.hairstylist"
string(27) "Cantidad de follows = 20875"
<br><br><br>object(stdClass)#220 (2) {
  ["id"]=>
  string(5) "28276"
  ["login"]=>
  string(13) "tatyanealvess"
}
string(21) "closetdemulheroficial"
string(26) "Cantidad de follows = 3926"
<br><br><br>string(17) "drdanilopelegrino"
string(26) "Cantidad de follows = 5842"
<br><br><br>string(20) "mariaclaraguimaraes1"
string(27) "Cantidad de follows = 34633"
<br><br><br>string(15) "vitoria.mamedio"
string(26) "Cantidad de follows = 7493"
<br><br><br>string(12) "meirellesipc"
string(26) "Cantidad de follows = 1519"
<br><br><br>string(12) "luporluciana"
string(26) "Cantidad de follows = 8502"
<br><br><br>string(11) "andersonvoo"
string(26) "Cantidad de follows = 1051"
<br><br><br>string(14) "niqueferreiira"
string(27) "Cantidad de follows = 12358"
<br><br><br>string(15) "carlota_barnabe"
string(27) "Cantidad de follows = 12813"
<br><br><br>string(17) "drdanilopelegrino"
string(26) "Cantidad de follows = 5842"
<br><br><br>string(9) "lipinhuss"
string(26) "Cantidad de follows = 1774"
<br><br><br>string(13) "mayaramarkes_"
string(26) "Cantidad de follows = 8599"
<br><br><br>string(10) "ky2oficial"
string(26) "Cantidad de follows = 2419"
<br><br><br>string(11) "mendy_vivii"
string(26) "Cantidad de follows = 4024"
<br><br><br>object(stdClass)#141 (2) {
  ["id"]=>
  string(5) "28497"
  ["login"]=>
  string(21) "_medicinaintegrativa_"
}
string(25) "specialitycoffeegastropub"
string(25) "Cantidad de follows = 557"
<br><br><br>string(13) "clubedebolsas"
string(27) "Cantidad de follows = 10612"
<br><br><br>string(11) "carolsousas"
string(26) "Cantidad de follows = 3561"
<br><br><br>object(stdClass)#26 (2) {
  ["id"]=>
  string(5) "28517"
  ["login"]=>
  string(19) "martins_consultoria"
}
string(4) "fila"
string(25) "Cantidad de follows = 827"
<br><br><br>string(6) "reebok"
string(29) "Cantidad de follows = 2113070"
<br><br><br>string(8) "bindanvm"
string(26) "Cantidad de follows = 1486"
<br><br><br>string(18) "wesleyoliveirareal"
string(26) "Cantidad de follows = 2834"
<br><br><br>string(9) "indikqui_"
string(26) "Cantidad de follows = 1331"
<br><br><br>string(10) "luahungria"
string(26) "Cantidad de follows = 4546"
<br><br><br>string(14) "paesda_familia"
string(26) "Cantidad de follows = 3417"
<br><br><br>object(stdClass)#21 (2) {
  ["id"]=>
  string(5) "28557"
  ["login"]=>
  string(10) "kaahcintra"
}
string(17) "reabilitar.studio"
string(26) "Cantidad de follows = 5651"
<br><br><br>string(9) "amaraljej"
string(25) "Cantidad de follows = 613"
<br><br><br>string(14) "websterramalho"
string(25) "Cantidad de follows = 740"
<br><br><br>string(24) "vida_sol_e_mar_ecoresort"
string(26) "Cantidad de follows = 7118"
<br><br><br>string(10) "aco_brasil"
string(26) "Cantidad de follows = 3297"
<br><br><br>string(13) "desafioadois2"
string(26) "Cantidad de follows = 6953"
<br><br><br>string(10) "joaozaneti"
string(27) "Cantidad de follows = 13537"
<br><br><br>string(12) "karbofitness"
string(27) "Cantidad de follows = 10842"
<br><br><br>string(12) "nayaranouber"
string(27) "Cantidad de follows = 17873"
<br><br><br>object(stdClass)#208 (2) {
  ["id"]=>
  string(5) "28654"
  ["login"]=>
  string(11) "ellenrauber"
}
object(stdClass)#60 (2) {
  ["id"]=>
  string(5) "28657"
  ["login"]=>
  string(14) "reserveviagens"
}
string(17) "ingrid_ferreira25"
string(25) "Cantidad de follows = 177"
<br><br><br>string(20) "neovita_fisioterapia"
string(26) "Cantidad de follows = 4855"
<br><br><br>string(17) "dunashookahlounge"
string(26) "Cantidad de follows = 9074"
<br><br><br>string(15) "emporio.forever"
string(25) "Cantidad de follows = 285"
<br><br><br>string(16) "mariakarencosta_"
string(26) "Cantidad de follows = 5836"
<br><br><br>string(13) "pretta_araujo"
string(27) "Cantidad de follows = 11994"
<br><br><br>object(stdClass)#21 (2) {
  ["id"]=>
  string(5) "28692"
  ["login"]=>
  string(18) "theo_kate_ragdolls"
}
object(stdClass)#142 (2) {
  ["id"]=>
  string(5) "28698"
  ["login"]=>
  string(9) "xaanndii_"
}
object(stdClass)#21 (2) {
  ["id"]=>
  string(5) "28707"
  ["login"]=>
  string(15) "pausetakeabreak"
}
object(stdClass)#142 (2) {
  ["id"]=>
  string(5) "28709"
  ["login"]=>
  string(10) "raquellsan"
}
object(stdClass)#21 (2) {
  ["id"]=>
  string(5) "28712"
  ["login"]=>
  string(11) "quatro_maos"
}
object(stdClass)#142 (2) {
  ["id"]=>
  string(5) "28720"
  ["login"]=>
  string(20) "apaudiovisualoficial"
}
object(stdClass)#21 (2) {
  ["id"]=>
  string(5) "28738"
  ["login"]=>
  string(15) "gameoverworldmx"
}
object(stdClass)#142 (2) {
  ["id"]=>
  string(5) "28740"
  ["login"]=>
  string(10) "macielcaio"
}
object(stdClass)#21 (2) {
  ["id"]=>
  string(5) "28751"
  ["login"]=>
  string(10) "pp_eventos"
}
object(stdClass)#142 (2) {
  ["id"]=>
  string(5) "28752"
  ["login"]=>
  string(15) "renatacanizares"
}
object(stdClass)#21 (2) {
  ["id"]=>
  string(5) "28755"
  ["login"]=>
  string(12) "dermatofarma"
}
object(stdClass)#142 (2) {
  ["id"]=>
  string(5) "28758"
  ["login"]=>
  string(14) "cinarafestasbh"
}
object(stdClass)#21 (2) {
  ["id"]=>
  string(5) "28761"
  ["login"]=>
  string(10) "mreissilva"
}
object(stdClass)#142 (2) {
  ["id"]=>
  string(5) "28774"
  ["login"]=>
  string(17) "minutoscomdelavec"
}
object(stdClass)#21 (2) {
  ["id"]=>
  string(5) "28782"
  ["login"]=>
  string(9) "lilispada"
}
object(stdClass)#142 (2) {
  ["id"]=>
  string(5) "28814"
  ["login"]=>
  string(13) "edersilveiram"
}
object(stdClass)#21 (2) {
  ["id"]=>
  string(5) "28843"
  ["login"]=>
  string(15) "rosanatiburtino"
}
object(stdClass)#142 (2) {
  ["id"]=>
  string(5) "28844"
  ["login"]=>
  string(18) "stopscapautomotivo"
}
object(stdClass)#21 (2) {
  ["id"]=>
  string(5) "28849"
  ["login"]=>
  string(8) "plasjowl"
}
object(stdClass)#142 (2) {
  ["id"]=>
  string(5) "28863"
  ["login"]=>
  string(12) "itzackcamila"
}
object(stdClass)#21 (2) {
  ["id"]=>
  string(5) "28890"
  ["login"]=>
  string(15) "eu_gabicarvalho"
}
object(stdClass)#142 (2) {
  ["id"]=>
  string(5) "28915"
  ["login"]=>
  string(19) "hypinosemodaoficial"
}
object(stdClass)#21 (2) {
  ["id"]=>
  string(5) "28922"
  ["login"]=>
  string(13) "everttonviana"
}
object(stdClass)#142 (2) {
  ["id"]=>
  string(5) "28927"
  ["login"]=>
  string(17) "shirleyalesantana"
}
object(stdClass)#21 (2) {
  ["id"]=>
  string(5) "28932"
  ["login"]=>
  string(14) "leticiastoledo"
}
object(stdClass)#142 (2) {
  ["id"]=>
  string(5) "28937"
  ["login"]=>
  string(14) "drpedroferrari"
}
object(stdClass)#21 (2) {
  ["id"]=>
  string(5) "28949"
  ["login"]=>
  string(11) "itamixbazar"
}
object(stdClass)#142 (2) {
  ["id"]=>
  string(5) "28952"
  ["login"]=>
  string(13) "trader_amador"
}
object(stdClass)#21 (2) {
  ["id"]=>
  string(5) "28954"
  ["login"]=>
  string(16) "isabellasanchess"
}
object(stdClass)#142 (2) {
  ["id"]=>
  string(5) "28962"
  ["login"]=>
  string(15) "tiagomennezes11"
}
object(stdClass)#21 (2) {
  ["id"]=>
  string(5) "28970"
  ["login"]=>
  string(12) "bunkersounds"
}
object(stdClass)#142 (2) {
  ["id"]=>
  string(5) "28985"
  ["login"]=>
  string(14) "timmycelulares"
}
object(stdClass)#21 (2) {
  ["id"]=>
  string(5) "28988"
  ["login"]=>
  string(15) "programavitrina"
}
object(stdClass)#142 (2) {
  ["id"]=>
  string(5) "28989"
  ["login"]=>
  string(18) "leocar.leonardoniq"
}
object(stdClass)#21 (2) {
  ["id"]=>
  string(5) "28990"
  ["login"]=>
  string(17) "acade_corpoeforma"
}
object(stdClass)#142 (2) {
  ["id"]=>
  string(5) "28993"
  ["login"]=>
  string(11) "atgaranhuns"
}
object(stdClass)#21 (2) {
  ["id"]=>
  string(5) "28994"
  ["login"]=>
  string(20) "annamaya_arquitetura"
}
object(stdClass)#142 (2) {
  ["id"]=>
  string(5) "28995"
  ["login"]=>
  string(8) "1kgdobom"
}
object(stdClass)#21 (2) {
  ["id"]=>
  string(5) "28996"
  ["login"]=>
  string(13) "livre.digital"
}
object(stdClass)#142 (2) {
  ["id"]=>
  string(5) "29001"
  ["login"]=>
  string(14) "rhuanpenaforte"
}
object(stdClass)#21 (2) {
  ["id"]=>
  string(5) "29004"
  ["login"]=>
  string(16) "restaurantebario"
}
object(stdClass)#142 (2) {
  ["id"]=>
  string(5) "29007"
  ["login"]=>
  string(21) "felippeturtransportes"
}
object(stdClass)#21 (2) {
  ["id"]=>
  string(5) "29010"
  ["login"]=>
  string(15) "solarlifeenergy"
}
object(stdClass)#142 (2) {
  ["id"]=>
  string(5) "29013"
  ["login"]=>
  string(18) "vinteumcomunicacao"
}
object(stdClass)#21 (2) {
  ["id"]=>
  string(5) "29020"
  ["login"]=>
  string(18) "auto_escolaatitude"
}
object(stdClass)#142 (2) {
  ["id"]=>
  string(5) "29022"
  ["login"]=>
  string(13) "carollremigio"
}
object(stdClass)#21 (2) {
  ["id"]=>
  string(5) "29023"
  ["login"]=>
  string(13) "pampodelivery"
}
object(stdClass)#142 (2) {
  ["id"]=>
  string(5) "29025"
  ["login"]=>
  string(20) "txcambioeturismo_rio"
}
object(stdClass)#21 (2) {
  ["id"]=>
  string(5) "29037"
  ["login"]=>
  string(13) "riveauxmerino"
}
object(stdClass)#142 (2) {
  ["id"]=>
  string(5) "29054"
  ["login"]=>
  string(15) "carneslaceleste"
}
object(stdClass)#21 (2) {
  ["id"]=>
  string(5) "29063"
  ["login"]=>
  string(11) "heroairsoft"
}
object(stdClass)#142 (2) {
  ["id"]=>
  string(5) "29068"
  ["login"]=>
  string(19) "brechoandreaventuro"
}
object(stdClass)#21 (2) {
  ["id"]=>
  string(5) "29077"
  ["login"]=>
  string(9) "samiilly_"
}
object(stdClass)#142 (2) {
  ["id"]=>
  string(5) "29081"
  ["login"]=>
  string(14) "luigi_bemporad"
}
object(stdClass)#21 (2) {
  ["id"]=>
  string(5) "29123"
  ["login"]=>
  string(13) "luiz_skydiver"
}
object(stdClass)#142 (2) {
  ["id"]=>
  string(5) "29125"
  ["login"]=>
  string(15) "luanmachado.arq"
}
object(stdClass)#21 (2) {
  ["id"]=>
  string(5) "29133"
  ["login"]=>
  string(12) "kaikfariastv"
}
object(stdClass)#142 (2) {
  ["id"]=>
  string(5) "29137"
  ["login"]=>
  string(16) "colegioguarapuvu"
}
object(stdClass)#21 (2) {
  ["id"]=>
  string(5) "29138"
  ["login"]=>
  string(9) "guarapuvu"
}
object(stdClass)#142 (2) {
  ["id"]=>
  string(5) "29155"
  ["login"]=>
  string(13) "purocafajeste"
}
object(stdClass)#21 (2) {
  ["id"]=>
  string(5) "29170"
  ["login"]=>
  string(11) "a_deziderio"
}
object(stdClass)#142 (2) {
  ["id"]=>
  string(5) "29171"
  ["login"]=>
  string(16) "ranchotalisma_mg"
}
object(stdClass)#21 (2) {
  ["id"]=>
  string(5) "29178"
  ["login"]=>
  string(16) "maryana_araujooc"
}
object(stdClass)#142 (2) {
  ["id"]=>
  string(5) "29183"
  ["login"]=>
  string(13) "vitormagnusss"
}
object(stdClass)#21 (2) {
  ["id"]=>
  string(5) "29191"
  ["login"]=>
  string(20) "franciscosilva_alves"
}
object(stdClass)#142 (2) {
  ["id"]=>
  string(5) "29193"
  ["login"]=>
  string(17) "mrandersonalmeida"
}
object(stdClass)#21 (2) {
  ["id"]=>
  string(5) "29201"
  ["login"]=>
  string(10) "inovaluxrj"
}
object(stdClass)#142 (2) {
  ["id"]=>
  string(5) "29207"
  ["login"]=>
  string(17) "mixturinhafashion"
}
object(stdClass)#21 (2) {
  ["id"]=>
  string(5) "29213"
  ["login"]=>
  string(22) "danelonprimeacessorios"
}
object(stdClass)#142 (2) {
  ["id"]=>
  string(5) "29219"
  ["login"]=>
  string(7) "ruivabr"
}
object(stdClass)#21 (2) {
  ["id"]=>
  string(5) "29221"
  ["login"]=>
  string(17) "luizjatobaoficial"
}
object(stdClass)#142 (2) {
  ["id"]=>
  string(5) "29224"
  ["login"]=>
  string(8) "thhai97_"
}
object(stdClass)#21 (2) {
  ["id"]=>
  string(5) "29226"
  ["login"]=>
  string(10) "tiago_kuhn"
}
object(stdClass)#142 (2) {
  ["id"]=>
  string(5) "29228"
  ["login"]=>
  string(13) "tiolavinicius"
}
object(stdClass)#21 (2) {
  ["id"]=>
  string(5) "29234"
  ["login"]=>
  string(15) "crisoliveiravmk"
}
object(stdClass)#142 (2) {
  ["id"]=>
  string(5) "29239"
  ["login"]=>
  string(15) "wesleymichelini"
}
object(stdClass)#21 (2) {
  ["id"]=>
  string(5) "29241"
  ["login"]=>
  string(18) "raphaelacapobiango"
}
object(stdClass)#142 (2) {
  ["id"]=>
  string(5) "29244"
  ["login"]=>
  string(11) "castrolucas"
}
object(stdClass)#21 (2) {
  ["id"]=>
  string(5) "29253"
  ["login"]=>
  string(16) "masseriniosteria"
}
object(stdClass)#142 (2) {
  ["id"]=>
  string(5) "29265"
  ["login"]=>
  string(10) "alvesgilli"
}
object(stdClass)#21 (2) {
  ["id"]=>
  string(5) "29277"
  ["login"]=>
  string(10) "felippetur"
}
object(stdClass)#142 (2) {
  ["id"]=>
  string(5) "29291"
  ["login"]=>
  string(25) "rodrigo.embraconconsorcio"
}
object(stdClass)#21 (2) {
  ["id"]=>
  string(5) "29305"
  ["login"]=>
  string(14) "naotolendoisso"
}
object(stdClass)#142 (2) {
  ["id"]=>
  string(5) "29306"
  ["login"]=>
  string(18) "tropical.insurance"
}
object(stdClass)#21 (2) {
  ["id"]=>
  string(5) "29344"
  ["login"]=>
  string(12) "elestore.rio"
}
object(stdClass)#142 (2) {
  ["id"]=>
  string(5) "29347"
  ["login"]=>
  string(14) "joannaa_aguiar"
}
object(stdClass)#21 (2) {
  ["id"]=>
  string(5) "29359"
  ["login"]=>
  string(12) "ale.mmartins"
}
object(stdClass)#142 (2) {
  ["id"]=>
  string(5) "29360"
  ["login"]=>
  string(14) "ricvrdomoraes_"
}
object(stdClass)#21 (2) {
  ["id"]=>
  string(5) "29365"
  ["login"]=>
  string(16) "psgacademyrecife"
}
object(stdClass)#142 (2) {
  ["id"]=>
  string(5) "29378"
  ["login"]=>
  string(11) "diasluciano"
}
object(stdClass)#21 (2) {
  ["id"]=>
  string(5) "29382"
  ["login"]=>
  string(15) "othmanejennaoui"
}
object(stdClass)#142 (2) {
  ["id"]=>
  string(5) "29383"
  ["login"]=>
  string(14) "andresza_ramos"
}
object(stdClass)#21 (2) {
  ["id"]=>
  string(5) "29389"
  ["login"]=>
  string(23) "estetica.michelecamargo"
}
object(stdClass)#142 (2) {
  ["id"]=>
  string(5) "29395"
  ["login"]=>
  string(19) "fernandalima.decora"
}
object(stdClass)#21 (2) {
  ["id"]=>
  string(5) "29419"
  ["login"]=>
  string(13) "ghanabranding"
}
object(stdClass)#142 (2) {
  ["id"]=>
  string(5) "29424"
  ["login"]=>
  string(16) "binhorodriguess_"
}
object(stdClass)#21 (2) {
  ["id"]=>
  string(5) "29442"
  ["login"]=>
  string(14) "theblondedetox"
}
object(stdClass)#142 (2) {
  ["id"]=>
  string(5) "29446"
  ["login"]=>
  string(19) "oficialwinnieamaral"
}
object(stdClass)#21 (2) {
  ["id"]=>
  string(5) "29451"
  ["login"]=>
  string(19) "pezinhofirmenarocha"
}
object(stdClass)#142 (2) {
  ["id"]=>
  string(5) "29462"
  ["login"]=>
  string(11) "meempreenda"
}
object(stdClass)#21 (2) {
  ["id"]=>
  string(5) "29473"
  ["login"]=>
  string(14) "joseluizpontes"
}
object(stdClass)#142 (2) {
  ["id"]=>
  string(5) "29486"
  ["login"]=>
  string(15) "eduarda.neves13"
}
object(stdClass)#21 (2) {
  ["id"]=>
  string(5) "29487"
  ["login"]=>
  string(13) "karinelisuzan"
}
object(stdClass)#142 (2) {
  ["id"]=>
  string(5) "29498"
  ["login"]=>
  string(20) "orlamodapraiaoficial"
}
object(stdClass)#21 (2) {
  ["id"]=>
  string(5) "29501"
  ["login"]=>
  string(17) "advocacia_messias"
}
object(stdClass)#142 (2) {
  ["id"]=>
  string(5) "29507"
  ["login"]=>
  string(18) "allbotequipamentos"
}
object(stdClass)#21 (2) {
  ["id"]=>
  string(5) "29516"
  ["login"]=>
  string(20) "emersonlopeshoficial"
}
object(stdClass)#142 (2) {
  ["id"]=>
  string(5) "29523"
  ["login"]=>
  string(11) "raissataini"
}
object(stdClass)#21 (2) {
  ["id"]=>
  string(5) "29527"
  ["login"]=>
  string(13) "menezesandree"
}
object(stdClass)#142 (2) {
  ["id"]=>
  string(5) "29540"
  ["login"]=>
  string(10) "vivianeneu"
}
object(stdClass)#21 (2) {
  ["id"]=>
  string(5) "29541"
  ["login"]=>
  string(8) "dhougie_"
}
object(stdClass)#142 (2) {
  ["id"]=>
  string(5) "29549"
  ["login"]=>
  string(24) "andressamakeup_penteados"
}
object(stdClass)#21 (2) {
  ["id"]=>
  string(5) "29553"
  ["login"]=>
  string(13) "iracemaallves"
}
object(stdClass)#142 (2) {
  ["id"]=>
  string(5) "29554"
  ["login"]=>
  string(11) "renannunes2"
}
object(stdClass)#21 (2) {
  ["id"]=>
  string(5) "29568"
  ["login"]=>
  string(14) "natha.estetica"
}
object(stdClass)#142 (2) {
  ["id"]=>
  string(5) "29569"
  ["login"]=>
  string(19) "j.a.estudiodebeleza"
}
object(stdClass)#21 (2) {
  ["id"]=>
  string(5) "29570"
  ["login"]=>
  string(12) "grafianafoto"
}
object(stdClass)#142 (2) {
  ["id"]=>
  string(5) "29593"
  ["login"]=>
  string(19) "thespacetimeripples"
}
object(stdClass)#21 (2) {
  ["id"]=>
  string(5) "29598"
  ["login"]=>
  string(14) "rubia_martinss"
}
object(stdClass)#142 (2) {
  ["id"]=>
  string(5) "29605"
  ["login"]=>
  string(23) "joseguilherme.consultor"
}
object(stdClass)#21 (2) {
  ["id"]=>
  string(5) "29628"
  ["login"]=>
  string(14) "emporiodifiori"
}
object(stdClass)#142 (2) {
  ["id"]=>
  string(5) "29663"
  ["login"]=>
  string(21) "viajandonaarquitetura"
}
object(stdClass)#21 (2) {
  ["id"]=>
  string(5) "29668"
  ["login"]=>
  string(14) "elitecenterfoz"
}
object(stdClass)#142 (2) {
  ["id"]=>
  string(5) "29675"
  ["login"]=>
  string(10) "yancasilva"
}
object(stdClass)#21 (2) {
  ["id"]=>
  string(5) "29690"
  ["login"]=>
  string(16) "roberta.amfranca"
}
object(stdClass)#142 (2) {
  ["id"]=>
  string(5) "29696"
  ["login"]=>
  string(15) "doceriaanaester"
}
object(stdClass)#21 (2) {
  ["id"]=>
  string(5) "29698"
  ["login"]=>
  string(10) "kathguedes"
}
object(stdClass)#142 (2) {
  ["id"]=>
  string(5) "29699"
  ["login"]=>
  string(13) "tubaraocenter"
}
object(stdClass)#21 (2) {
  ["id"]=>
  string(5) "29702"
  ["login"]=>
  string(6) "zayrnm"
}
object(stdClass)#142 (2) {
  ["id"]=>
  string(5) "29707"
  ["login"]=>
  string(9) "chefeeddy"
}
object(stdClass)#21 (2) {
  ["id"]=>
  string(5) "29719"
  ["login"]=>
  string(10) "acasadecat"
}
object(stdClass)#142 (2) {
  ["id"]=>
  string(5) "29720"
  ["login"]=>
  string(20) "oficialforroperfeito"
}
object(stdClass)#21 (2) {
  ["id"]=>
  string(5) "29722"
  ["login"]=>
  string(14) "orabolasbrecho"
}
object(stdClass)#142 (2) {
  ["id"]=>
  string(5) "29724"
  ["login"]=>
  string(11) "thekingboy_"
}
object(stdClass)#21 (2) {
  ["id"]=>
  string(5) "29734"
  ["login"]=>
  string(15) "vanessa.wysocki"
}
object(stdClass)#142 (2) {
  ["id"]=>
  string(5) "29761"
  ["login"]=>
  string(11) "rique.silva"
}
object(stdClass)#21 (2) {
  ["id"]=>
  string(5) "29763"
  ["login"]=>
  string(22) "gabriellacarvalhostore"
}
object(stdClass)#142 (2) {
  ["id"]=>
  string(5) "29768"
  ["login"]=>
  string(14) "lojanowfitness"
}
object(stdClass)#21 (2) {
  ["id"]=>
  string(5) "29784"
  ["login"]=>
  string(8) "mapoiani"
}
object(stdClass)#142 (2) {
  ["id"]=>
  string(5) "29786"
  ["login"]=>
  string(14) "salaostudiosbc"
}
object(stdClass)#21 (2) {
  ["id"]=>
  string(5) "29788"
  ["login"]=>
  string(19) "studying_the_secret"
}
object(stdClass)#142 (2) {
  ["id"]=>
  string(5) "29814"
  ["login"]=>
  string(23) "studiohairinternacional"
}
object(stdClass)#21 (2) {
  ["id"]=>
  string(5) "29842"
  ["login"]=>
  string(9) "ahdireito"
}
object(stdClass)#142 (2) {
  ["id"]=>
  string(5) "29844"
  ["login"]=>
  string(7) "kabonkk"
}
object(stdClass)#21 (2) {
  ["id"]=>
  string(5) "29845"
  ["login"]=>
  string(10) "companyate"
}
object(stdClass)#142 (2) {
  ["id"]=>
  string(5) "29848"
  ["login"]=>
  string(15) "visual.software"
}
object(stdClass)#21 (2) {
  ["id"]=>
  string(5) "29863"
  ["login"]=>
  string(12) "djdavisantos"
}
object(stdClass)#142 (2) {
  ["id"]=>
  string(5) "29875"
  ["login"]=>
  string(14) "rafaellmoraess"
}
object(stdClass)#21 (2) {
  ["id"]=>
  string(5) "29878"
  ["login"]=>
  string(22) "syflariluminacaoimport"
}
object(stdClass)#142 (2) {
  ["id"]=>
  string(5) "29883"
  ["login"]=>
  string(12) "grupo.efraim"
}
object(stdClass)#21 (2) {
  ["id"]=>
  string(5) "29884"
  ["login"]=>
  string(17) "efraimhoteleflats"
}
object(stdClass)#142 (2) {
  ["id"]=>
  string(5) "29885"
  ["login"]=>
  string(30) "rpcontrollerinsetodedetizadora"
}
object(stdClass)#21 (2) {
  ["id"]=>
  string(5) "29886"
  ["login"]=>
  string(12) "raunierporto"
}
object(stdClass)#142 (2) {
  ["id"]=>
  string(5) "29891"
  ["login"]=>
  string(11) "marciabotam"
}
object(stdClass)#21 (2) {
  ["id"]=>
  string(5) "29901"
  ["login"]=>
  string(8) "1jonhbjj"
}
object(stdClass)#142 (2) {
  ["id"]=>
  string(5) "29918"
  ["login"]=>
  string(9) "odeiopera"
}
object(stdClass)#21 (2) {
  ["id"]=>
  string(5) "29932"
  ["login"]=>
  string(11) "eufeearruda"
}
object(stdClass)#142 (2) {
  ["id"]=>
  string(5) "29933"
  ["login"]=>
  string(11) "tclaranunes"
}
object(stdClass)#21 (2) {
  ["id"]=>
  string(5) "29946"
  ["login"]=>
  string(19) "alaskaclothingstore"
}
object(stdClass)#142 (2) {
  ["id"]=>
  string(5) "29947"
  ["login"]=>
  string(14) "gkt_kickboxing"
}
object(stdClass)#21 (2) {
  ["id"]=>
  string(5) "29954"
  ["login"]=>
  string(19) "character.design.gk"
}
object(stdClass)#142 (2) {
  ["id"]=>
  string(5) "29964"
  ["login"]=>
  string(12) "blogdoarinos"
}
object(stdClass)#21 (2) {
  ["id"]=>
  string(5) "29965"
  ["login"]=>
  string(12) "bela.morenaa"
}
object(stdClass)#142 (2) {
  ["id"]=>
  string(5) "29968"
  ["login"]=>
  string(24) "leandroquelucifotografia"
}
object(stdClass)#21 (2) {
  ["id"]=>
  string(5) "29969"
  ["login"]=>
  string(19) "generalstorefitness"
}
object(stdClass)#142 (2) {
  ["id"]=>
  string(5) "29977"
  ["login"]=>
  string(15) "acervomodasda44"
}
object(stdClass)#21 (2) {
  ["id"]=>
  string(5) "29982"
  ["login"]=>
  string(12) "mama_costhay"
}
object(stdClass)#142 (2) {
  ["id"]=>
  string(5) "29984"
  ["login"]=>
  string(17) "ginetom_rodrigues"
}
object(stdClass)#21 (2) {
  ["id"]=>
  string(5) "29993"
  ["login"]=>
  string(13) "brunnooctavio"
}
object(stdClass)#142 (2) {
  ["id"]=>
  string(5) "29996"
  ["login"]=>
  string(12) "doug0liveira"
}
object(stdClass)#21 (2) {
  ["id"]=>
  string(5) "30017"
  ["login"]=>
  string(10) "gutt_carol"
}
object(stdClass)#142 (2) {
  ["id"]=>
  string(5) "30028"
  ["login"]=>
  string(9) "hulkdutra"
}
object(stdClass)#21 (2) {
  ["id"]=>
  string(5) "30036"
  ["login"]=>
  string(16) "camilaguerreiroo"
}
object(stdClass)#142 (2) {
  ["id"]=>
  string(5) "30038"
  ["login"]=>
  string(15) "sandymakecabelo"
}
object(stdClass)#21 (2) {
  ["id"]=>
  string(5) "30040"
  ["login"]=>
  string(15) "copaciadvogados"
}
object(stdClass)#142 (2) {
  ["id"]=>
  string(5) "30041"
  ["login"]=>
  string(18) "diegocamargotattoo"
}
object(stdClass)#21 (2) {
  ["id"]=>
  string(5) "30044"
  ["login"]=>
  string(17) "entretenimento.pe"
}
object(stdClass)#142 (2) {
  ["id"]=>
  string(5) "30045"
  ["login"]=>
  string(17) "alicemelomakehair"
}
object(stdClass)#21 (2) {
  ["id"]=>
  string(5) "30051"
  ["login"]=>
  string(11) "tuguinha.tv"
}
object(stdClass)#142 (2) {
  ["id"]=>
  string(5) "30063"
  ["login"]=>
  string(13) "rentar.com.do"
}
object(stdClass)#21 (2) {
  ["id"]=>
  string(5) "30064"
  ["login"]=>
  string(15) "eriosvaldodiniz"
}
object(stdClass)#142 (2) {
  ["id"]=>
  string(5) "30070"
  ["login"]=>
  string(11) "gustavo_ono"
}
object(stdClass)#21 (2) {
  ["id"]=>
  string(5) "30071"
  ["login"]=>
  string(15) "canilredbroncos"
}
object(stdClass)#142 (2) {
  ["id"]=>
  string(5) "30074"
  ["login"]=>
  string(9) "_brokerst"
}
object(stdClass)#21 (2) {
  ["id"]=>
  string(5) "30080"
  ["login"]=>
  string(14) "lifeprojectone"
}
object(stdClass)#142 (2) {
  ["id"]=>
  string(5) "30118"
  ["login"]=>
  string(16) "disfranco.motors"
}
object(stdClass)#21 (2) {
  ["id"]=>
  string(5) "30125"
  ["login"]=>
  string(6) "bomf17"
}
object(stdClass)#142 (2) {
  ["id"]=>
  string(5) "30128"
  ["login"]=>
  string(12) "aliicemello_"
}
object(stdClass)#21 (2) {
  ["id"]=>
  string(5) "30135"
  ["login"]=>
  string(11) "_bellaforma"
}
object(stdClass)#142 (2) {
  ["id"]=>
  string(5) "30136"
  ["login"]=>
  string(10) "bruruschel"
}
object(stdClass)#21 (2) {
  ["id"]=>
  string(5) "30138"
  ["login"]=>
  string(9) "murilooc7"
}
object(stdClass)#142 (2) {
  ["id"]=>
  string(5) "30140"
  ["login"]=>
  string(9) "a7madov95"
}
object(stdClass)#21 (2) {
  ["id"]=>
  string(5) "30141"
  ["login"]=>
  string(7) "a_mayla"
}
object(stdClass)#142 (2) {
  ["id"]=>
  string(5) "30185"
  ["login"]=>
  string(13) "lidiafeitosa4"
}
object(stdClass)#21 (2) {
  ["id"]=>
  string(5) "30192"
  ["login"]=>
  string(10) "smokeseila"
}
object(stdClass)#142 (2) {
  ["id"]=>
  string(5) "30194"
  ["login"]=>
  string(10) "rikdelucca"
}
object(stdClass)#21 (2) {
  ["id"]=>
  string(5) "30198"
  ["login"]=>
  string(19) "corretoracavalcante"
}
object(stdClass)#142 (2) {
  ["id"]=>
  string(5) "30212"
  ["login"]=>
  string(13) "leticia_forte"
}
object(stdClass)#21 (2) {
  ["id"]=>
  string(5) "30218"
  ["login"]=>
  string(14) "thaisaschayder"
}
object(stdClass)#142 (2) {
  ["id"]=>
  string(5) "30226"
  ["login"]=>
  string(13) "hueskerbrasil"
}
object(stdClass)#21 (2) {
  ["id"]=>
  string(5) "30227"
  ["login"]=>
  string(22) "rodrigoranchodascabras"
}
object(stdClass)#142 (2) {
  ["id"]=>
  string(5) "30232"
  ["login"]=>
  string(15) "arisson_jessica"
}
object(stdClass)#21 (2) {
  ["id"]=>
  string(5) "30233"
  ["login"]=>
  string(16) "camilla.franklin"
}
object(stdClass)#142 (2) {
  ["id"]=>
  string(5) "30248"
  ["login"]=>
  string(11) "maira.fuzii"
}
object(stdClass)#21 (2) {
  ["id"]=>
  string(5) "30257"
  ["login"]=>
  string(13) "nathaly_llima"
}
object(stdClass)#142 (2) {
  ["id"]=>
  string(5) "30264"
  ["login"]=>
  string(21) "laraharantes.piercing"
}
object(stdClass)#21 (2) {
  ["id"]=>
  string(5) "30265"
  ["login"]=>
  string(11) "maitemellim"
}
object(stdClass)#142 (2) {
  ["id"]=>
  string(5) "30271"
  ["login"]=>
  string(10) "criptobraz"
}
object(stdClass)#21 (2) {
  ["id"]=>
  string(5) "30272"
  ["login"]=>
  string(14) "meuprojeto.fit"
}
object(stdClass)#142 (2) {
  ["id"]=>
  string(5) "30286"
  ["login"]=>
  string(15) "cmo_odontologia"
}
object(stdClass)#21 (2) {
  ["id"]=>
  string(5) "30293"
  ["login"]=>
  string(14) "ketellenfelix1"
}
object(stdClass)#142 (2) {
  ["id"]=>
  string(5) "30296"
  ["login"]=>
  string(14) "biel_do_cavaco"
}
object(stdClass)#21 (2) {
  ["id"]=>
  string(5) "30299"
  ["login"]=>
  string(9) "netto_ull"
}
object(stdClass)#142 (2) {
  ["id"]=>
  string(5) "30315"
  ["login"]=>
  string(11) "nandokounat"
}
object(stdClass)#21 (2) {
  ["id"]=>
  string(5) "30317"
  ["login"]=>
  string(14) "easyartgrafica"
}
object(stdClass)#142 (2) {
  ["id"]=>
  string(5) "30323"
  ["login"]=>
  string(15) "studio_beauty15"
}
object(stdClass)#21 (2) {
  ["id"]=>
  string(5) "30333"
  ["login"]=>
  string(18) "julio_sosa_imoveis"
}
object(stdClass)#142 (2) {
  ["id"]=>
  string(5) "30347"
  ["login"]=>
  string(10) "canelihome"
}
object(stdClass)#21 (2) {
  ["id"]=>
  string(5) "30359"
  ["login"]=>
  string(9) "josergm86"
}
object(stdClass)#142 (2) {
  ["id"]=>
  string(5) "30364"
  ["login"]=>
  string(11) "katiaalbany"
}
object(stdClass)#21 (2) {
  ["id"]=>
  string(5) "30376"
  ["login"]=>
  string(11) "leandramora"
}
object(stdClass)#142 (2) {
  ["id"]=>
  string(5) "30380"
  ["login"]=>
  string(7) "_lrnnym"
}
object(stdClass)#21 (2) {
  ["id"]=>
  string(5) "30381"
  ["login"]=>
  string(17) "festivalnovomundo"
}
object(stdClass)#142 (2) {
  ["id"]=>
  string(5) "30390"
  ["login"]=>
  string(10) "odavilemos"
}
object(stdClass)#21 (2) {
  ["id"]=>
  string(5) "30391"
  ["login"]=>
  string(20) "clebsonfrancaoficial"
}
object(stdClass)#142 (2) {
  ["id"]=>
  string(5) "30403"
  ["login"]=>
  string(15) "mamaesemmanuais"
}
object(stdClass)#21 (2) {
  ["id"]=>
  string(5) "30406"
  ["login"]=>
  string(13) "victorcastelo"
}
object(stdClass)#142 (2) {
  ["id"]=>
  string(5) "30414"
  ["login"]=>
  string(17) "fabricio.physique"
}
object(stdClass)#21 (2) {
  ["id"]=>
  string(5) "30415"
  ["login"]=>
  string(15) "rafaelfsantanaa"
}
object(stdClass)#142 (2) {
  ["id"]=>
  string(5) "30436"
  ["login"]=>
  string(15) "kawlicheski1993"
}
object(stdClass)#21 (2) {
  ["id"]=>
  string(5) "30438"
  ["login"]=>
  string(10) "facamerirr"
}
object(stdClass)#142 (2) {
  ["id"]=>
  string(5) "30442"
  ["login"]=>
  string(10) "linoamanda"
}
object(stdClass)#21 (2) {
  ["id"]=>
  string(5) "30452"
  ["login"]=>
  string(10) "_lorecosta"
}
object(stdClass)#142 (2) {
  ["id"]=>
  string(5) "30454"
  ["login"]=>
  string(21) "clara.goldenretriever"
}
object(stdClass)#21 (2) {
  ["id"]=>
  string(5) "30456"
  ["login"]=>
  string(14) "andre.grupoark"
}
object(stdClass)#142 (2) {
  ["id"]=>
  string(5) "30478"
  ["login"]=>
  string(13) "espacoubaense"
}
object(stdClass)#21 (2) {
  ["id"]=>
  string(5) "30488"
  ["login"]=>
  string(14) "photoboxbrasil"
}
object(stdClass)#142 (2) {
  ["id"]=>
  string(5) "30507"
  ["login"]=>
  string(13) "luiara_helmer"
}
object(stdClass)#21 (2) {
  ["id"]=>
  string(5) "30516"
  ["login"]=>
  string(7) "dul_fcy"
}
object(stdClass)#142 (2) {
  ["id"]=>
  string(5) "30518"
  ["login"]=>
  string(26) "emporiodapapinhasantoandre"
}
object(stdClass)#21 (2) {
  ["id"]=>
  string(5) "30519"
  ["login"]=>
  string(15) "rayanemarchetta"
}
object(stdClass)#142 (2) {
  ["id"]=>
  string(5) "30534"
  ["login"]=>
  string(13) "karol_nunes00"
}
object(stdClass)#21 (2) {
  ["id"]=>
  string(5) "30536"
  ["login"]=>
  string(15) "reidosmarestour"
}
object(stdClass)#142 (2) {
  ["id"]=>
  string(5) "30549"
  ["login"]=>
  string(10) "apedesign_"
}
object(stdClass)#21 (2) {
  ["id"]=>
  string(5) "30551"
  ["login"]=>
  string(9) "ptrljeans"
}
object(stdClass)#142 (2) {
  ["id"]=>
  string(5) "30553"
  ["login"]=>
  string(9) "danilelah"
}
object(stdClass)#21 (2) {
  ["id"]=>
  string(5) "30561"
  ["login"]=>
  string(8) "kevinm5m"
}
object(stdClass)#142 (2) {
  ["id"]=>
  string(5) "30567"
  ["login"]=>
  string(12) "noahestetica"
}
object(stdClass)#21 (2) {
  ["id"]=>
  string(5) "30577"
  ["login"]=>
  string(9) "casadovaz"
}
object(stdClass)#142 (2) {
  ["id"]=>
  string(5) "30579"
  ["login"]=>
  string(8) "arena7bh"
}
object(stdClass)#21 (2) {
  ["id"]=>
  string(5) "30581"
  ["login"]=>
  string(13) "mathoficialbr"
}
object(stdClass)#142 (2) {
  ["id"]=>
  string(5) "30583"
  ["login"]=>
  string(17) "jonatas.batistela"
}
object(stdClass)#21 (2) {
  ["id"]=>
  string(5) "30587"
  ["login"]=>
  string(10) "queirozloo"
}
object(stdClass)#142 (2) {
  ["id"]=>
  string(5) "30593"
  ["login"]=>
  string(12) "rogersiiilva"
}
object(stdClass)#21 (2) {
  ["id"]=>
  string(5) "30601"
  ["login"]=>
  string(11) "marci0viana"
}
object(stdClass)#142 (2) {
  ["id"]=>
  string(5) "30606"
  ["login"]=>
  string(16) "chefsheiladuarte"
}
object(stdClass)#21 (2) {
  ["id"]=>
  string(5) "30617"
  ["login"]=>
  string(8) "itsredtv"
}
object(stdClass)#142 (2) {
  ["id"]=>
  string(5) "30622"
  ["login"]=>
  string(8) "lorisfaz"
}
object(stdClass)#21 (2) {
  ["id"]=>
  string(5) "30623"
  ["login"]=>
  string(20) "emagrecer_ja_oficial"
}
object(stdClass)#142 (2) {
  ["id"]=>
  string(5) "30639"
  ["login"]=>
  string(19) "tamyparadorneptunia"
}
object(stdClass)#21 (2) {
  ["id"]=>
  string(5) "30646"
  ["login"]=>
  string(9) "gabicoach"
}
object(stdClass)#142 (2) {
  ["id"]=>
  string(5) "30648"
  ["login"]=>
  string(14) "amanda3santana"
}
object(stdClass)#21 (2) {
  ["id"]=>
  string(5) "30650"
  ["login"]=>
  string(8) "crecleao"
}
object(stdClass)#142 (2) {
  ["id"]=>
  string(5) "30658"
  ["login"]=>
  string(10) "elluhalves"
}
object(stdClass)#21 (2) {
  ["id"]=>
  string(5) "30670"
  ["login"]=>
  string(18) "mixsushicafebistek"
}
object(stdClass)#142 (2) {
  ["id"]=>
  string(5) "30671"
  ["login"]=>
  string(16) "f1ciaimobiliaria"
}
object(stdClass)#21 (2) {
  ["id"]=>
  string(5) "30675"
  ["login"]=>
  string(15) "vitor_honorato3"
}
object(stdClass)#142 (2) {
  ["id"]=>
  string(5) "30684"
  ["login"]=>
  string(13) "veneno_daseda"
}
object(stdClass)#21 (2) {
  ["id"]=>
  string(5) "30694"
  ["login"]=>
  string(10) "mc2turismo"
}
object(stdClass)#142 (2) {
  ["id"]=>
  string(5) "30699"
  ["login"]=>
  string(19) "erickakamineoficial"
}
object(stdClass)#21 (2) {
  ["id"]=>
  string(5) "30712"
  ["login"]=>
  string(11) "fredmunizrj"
}
object(stdClass)#142 (2) {
  ["id"]=>
  string(5) "30718"
  ["login"]=>
  string(16) "luis.fernando.br"
}
object(stdClass)#21 (2) {
  ["id"]=>
  string(5) "30723"
  ["login"]=>
  string(17) "drasheilawatanabe"
}
object(stdClass)#142 (2) {
  ["id"]=>
  string(5) "30736"
  ["login"]=>
  string(12) "laysasmacedo"
}
object(stdClass)#21 (2) {
  ["id"]=>
  string(5) "30748"
  ["login"]=>
  string(17) "creativapapelaria"
}
object(stdClass)#142 (2) {
  ["id"]=>
  string(5) "30749"
  ["login"]=>
  string(11) "aondeiremsp"
}
object(stdClass)#21 (2) {
  ["id"]=>
  string(5) "30815"
  ["login"]=>
  string(6) "79_app"
}
object(stdClass)#142 (2) {
  ["id"]=>
  string(5) "30816"
  ["login"]=>
  string(8) "tompsonr"
}
object(stdClass)#21 (2) {
  ["id"]=>
  string(5) "30836"
  ["login"]=>
  string(15) "dioceliogoulart"
}
object(stdClass)#142 (2) {
  ["id"]=>
  string(5) "30837"
  ["login"]=>
  string(15) "victorperazzini"
}
object(stdClass)#21 (2) {
  ["id"]=>
  string(5) "30864"
  ["login"]=>
  string(12) "alberto_test"
}
object(stdClass)#142 (2) {
  ["id"]=>
  string(5) "30866"
  ["login"]=>
  string(13) "fassegseguros"
}
object(stdClass)#21 (2) {
  ["id"]=>
  string(5) "30869"
  ["login"]=>
  string(8) "gigiiocb"
}
object(stdClass)#142 (2) {
  ["id"]=>
  string(5) "30870"
  ["login"]=>
  string(17) "coach.jorgeamorim"
}
object(stdClass)#21 (2) {
  ["id"]=>
  string(5) "30871"
  ["login"]=>
  string(16) "blessedmaemequer"
}
object(stdClass)#142 (2) {
  ["id"]=>
  string(5) "30872"
  ["login"]=>
  string(15) "baile_de_camelo"
}
object(stdClass)#21 (2) {
  ["id"]=>
  string(5) "30873"
  ["login"]=>
  string(13) "dentistabruna"
}
object(stdClass)#142 (2) {
  ["id"]=>
  string(5) "30874"
  ["login"]=>
  string(11) "chicomorais"
}
object(stdClass)#21 (2) {
  ["id"]=>
  string(5) "30875"
  ["login"]=>
  string(12) "awereveillon"
}
object(stdClass)#142 (2) {
  ["id"]=>
  string(5) "30888"
  ["login"]=>
  string(13) "adrianemayumi"
}
object(stdClass)#21 (2) {
  ["id"]=>
  string(5) "30894"
  ["login"]=>
  string(14) "dresscode.byrm"
}
object(stdClass)#142 (2) {
  ["id"]=>
  string(5) "30911"
  ["login"]=>
  string(15) "alynemultiforme"
}
object(stdClass)#21 (2) {
  ["id"]=>
  string(5) "30923"
  ["login"]=>
  string(15) "ehpralaqueeuvou"
}
object(stdClass)#142 (2) {
  ["id"]=>
  string(5) "30933"
  ["login"]=>
  string(19) "douglasvaldeswalker"
}
object(stdClass)#21 (2) {
  ["id"]=>
  string(5) "30955"
  ["login"]=>
  string(11) "brimigreipt"
}
object(stdClass)#142 (2) {
  ["id"]=>
  string(5) "30959"
  ["login"]=>
  string(8) "dazz.777"
}
object(stdClass)#21 (2) {
  ["id"]=>
  string(5) "30962"
  ["login"]=>
  string(14) "rafaella_neves"
}
object(stdClass)#142 (2) {
  ["id"]=>
  string(5) "30973"
  ["login"]=>
  string(11) "dicarvejani"
}
object(stdClass)#21 (2) {
  ["id"]=>
  string(5) "30979"
  ["login"]=>
  string(8) "soueuwal"
}
object(stdClass)#142 (2) {
  ["id"]=>
  string(5) "30982"
  ["login"]=>
  string(22) "lacosdasmeninasoficial"
}
object(stdClass)#21 (2) {
  ["id"]=>
  string(5) "30983"
  ["login"]=>
  string(13) "talitamcostta"
}
object(stdClass)#142 (2) {
  ["id"]=>
  string(5) "30984"
  ["login"]=>
  string(17) "fernandinhobranco"
}
object(stdClass)#21 (2) {
  ["id"]=>
  string(5) "30989"
  ["login"]=>
  string(8) "pionunes"
}
object(stdClass)#142 (2) {
  ["id"]=>
  string(5) "30991"
  ["login"]=>
  string(18) "confeitariadagabi_"
}
object(stdClass)#21 (2) {
  ["id"]=>
  string(5) "30995"
  ["login"]=>
  string(14) "brunoalvarez.1"
}
object(stdClass)#142 (2) {
  ["id"]=>
  string(5) "31003"
  ["login"]=>
  string(10) "1989closet"
}
object(stdClass)#21 (2) {
  ["id"]=>
  string(5) "31017"
  ["login"]=>
  string(12) "jumota_decor"
}
object(stdClass)#142 (2) {
  ["id"]=>
  string(5) "31018"
  ["login"]=>
  string(16) "marmitinhaslight"
}
object(stdClass)#21 (2) {
  ["id"]=>
  string(5) "31045"
  ["login"]=>
  string(24) "leoart_desing_paisagismo"
}
object(stdClass)#142 (2) {
  ["id"]=>
  string(5) "31071"
  ["login"]=>
  string(14) "carolfroemming"
}
object(stdClass)#21 (2) {
  ["id"]=>
  string(5) "31076"
  ["login"]=>
  string(24) "priscilaaparecidasantoss"
}
object(stdClass)#142 (2) {
  ["id"]=>
  string(5) "31080"
  ["login"]=>
  string(9) "chio18789"
}
object(stdClass)#21 (2) {
  ["id"]=>
  string(5) "31085"
  ["login"]=>
  string(13) "kasamor_store"
}
object(stdClass)#142 (2) {
  ["id"]=>
  string(5) "31088"
  ["login"]=>
  string(13) "thamysilva201"
}
object(stdClass)#21 (2) {
  ["id"]=>
  string(5) "31093"
  ["login"]=>
  string(10) "alexrssp12"
}
object(stdClass)#142 (2) {
  ["id"]=>
  string(5) "31094"
  ["login"]=>
  string(14) "silvio.cesarjr"
}
object(stdClass)#21 (2) {
  ["id"]=>
  string(5) "31097"
  ["login"]=>
  string(12) "levis_tudouu"
}
object(stdClass)#142 (2) {
  ["id"]=>
  string(5) "31104"
  ["login"]=>
  string(8) "euogomez"
}
object(stdClass)#21 (2) {
  ["id"]=>
  string(5) "31108"
  ["login"]=>
  string(14) "amorefeoficial"
}
object(stdClass)#142 (2) {
  ["id"]=>
  string(5) "31112"
  ["login"]=>
  string(15) "studioambientes"
}
object(stdClass)#21 (2) {
  ["id"]=>
  string(5) "31116"
  ["login"]=>
  string(12) "gomilkbrasil"
}
object(stdClass)#142 (2) {
  ["id"]=>
  string(5) "31124"
  ["login"]=>
  string(13) "gomed.digital"
}
object(stdClass)#21 (2) {
  ["id"]=>
  string(5) "31133"
  ["login"]=>
  string(6) "lv_luh"
}
object(stdClass)#142 (2) {
  ["id"]=>
  string(5) "31147"
  ["login"]=>
  string(8) "curyamin"
}
object(stdClass)#21 (2) {
  ["id"]=>
  string(5) "31148"
  ["login"]=>
  string(11) "stancefight"
}
object(stdClass)#142 (2) {
  ["id"]=>
  string(5) "31150"
  ["login"]=>
  string(19) "medconsultingbrasil"
}
object(stdClass)#21 (2) {
  ["id"]=>
  string(5) "31155"
  ["login"]=>
  string(3) "usa"
}
object(stdClass)#142 (2) {
  ["id"]=>
  string(5) "31157"
  ["login"]=>
  string(8) "voa_hati"
}
object(stdClass)#21 (2) {
  ["id"]=>
  string(5) "31170"
  ["login"]=>
  string(18) "robsonbarbosacoach"
}
object(stdClass)#142 (2) {
  ["id"]=>
  string(5) "31177"
  ["login"]=>
  string(10) "yasmincgr_"
}
object(stdClass)#21 (2) {
  ["id"]=>
  string(5) "31181"
  ["login"]=>
  string(14) "kharlos_soares"
}
object(stdClass)#142 (2) {
  ["id"]=>
  string(5) "31182"
  ["login"]=>
  string(19) "chrystopher.gabriel"
}
object(stdClass)#21 (2) {
  ["id"]=>
  string(5) "31185"
  ["login"]=>
  string(7) "nega.93"
}
object(stdClass)#142 (2) {
  ["id"]=>
  string(5) "31186"
  ["login"]=>
  string(13) "cahrlossoares"
}
object(stdClass)#21 (2) {
  ["id"]=>
  string(5) "31189"
  ["login"]=>
  string(8) "emillymv"
}
object(stdClass)#142 (2) {
  ["id"]=>
  string(5) "31195"
  ["login"]=>
  string(11) "_j.o.a.o___"
}
object(stdClass)#21 (2) {
  ["id"]=>
  string(5) "31214"
  ["login"]=>
  string(14) "antonioportes_"
}
object(stdClass)#142 (2) {
  ["id"]=>
  string(5) "31219"
  ["login"]=>
  string(12) "aleehzinho_t"
}
object(stdClass)#21 (2) {
  ["id"]=>
  string(5) "31221"
  ["login"]=>
  string(15) "jonasfahelysson"
}
object(stdClass)#142 (2) {
  ["id"]=>
  string(5) "31247"
  ["login"]=>
  string(13) "mari_azeredo_"
}
object(stdClass)#21 (2) {
  ["id"]=>
  string(5) "31250"
  ["login"]=>
  string(18) "clinicaformighieri"
}
object(stdClass)#142 (2) {
  ["id"]=>
  string(5) "31258"
  ["login"]=>
  string(10) "guiturner_"
}
object(stdClass)#21 (2) {
  ["id"]=>
  string(5) "31269"
  ["login"]=>
  string(14) "carloskpulling"
}
object(stdClass)#142 (2) {
  ["id"]=>
  string(5) "31272"
  ["login"]=>
  string(10) "oppaviajei"
}
object(stdClass)#21 (2) {
  ["id"]=>
  string(5) "31283"
  ["login"]=>
  string(19) "madtattoobarbershop"
}
object(stdClass)#142 (2) {
  ["id"]=>
  string(5) "31308"
  ["login"]=>
  string(15) "jujucoelhopinto"
}
object(stdClass)#21 (2) {
  ["id"]=>
  string(5) "31310"
  ["login"]=>
  string(13) "gersonaraujo_"
}
object(stdClass)#142 (2) {
  ["id"]=>
  string(5) "31318"
  ["login"]=>
  string(11) "josiasnetoo"
}
object(stdClass)#21 (2) {
  ["id"]=>
  string(5) "31323"
  ["login"]=>
  string(19) "blogsairdozeroagora"
}
object(stdClass)#142 (2) {
  ["id"]=>
  string(5) "31325"
  ["login"]=>
  string(18) "neonprodutorapromo"
}
object(stdClass)#21 (2) {
  ["id"]=>
  string(5) "31326"
  ["login"]=>
  string(6) "djrat_"
}
object(stdClass)#142 (2) {
  ["id"]=>
  string(5) "31337"
  ["login"]=>
  string(23) "anderson_diego_oliveira"
}
object(stdClass)#21 (2) {
  ["id"]=>
  string(5) "31344"
  ["login"]=>
  string(19) "anacarlarodrigues19"
}
object(stdClass)#142 (2) {
  ["id"]=>
  string(5) "31346"
  ["login"]=>
  string(15) "siimoneepereira"
}
object(stdClass)#21 (2) {
  ["id"]=>
  string(5) "31359"
  ["login"]=>
  string(13) "jubart_design"
}
object(stdClass)#142 (2) {
  ["id"]=>
  string(5) "31370"
  ["login"]=>
  string(19) "bellkeyprofessional"
}
object(stdClass)#21 (2) {
  ["id"]=>
  string(5) "31382"
  ["login"]=>
  string(8) "ealine._"
}
object(stdClass)#142 (2) {
  ["id"]=>
  string(5) "31383"
  ["login"]=>
  string(8) "wheresje"
}
object(stdClass)#21 (2) {
  ["id"]=>
  string(5) "31394"
  ["login"]=>
  string(12) "ronyfgomesss"
}
object(stdClass)#142 (2) {
  ["id"]=>
  string(5) "31414"
  ["login"]=>
  string(16) "jhonatha_feitosa"
}
object(stdClass)#21 (2) {
  ["id"]=>
  string(5) "31421"
  ["login"]=>
  string(15) "blena.nathallya"
}
object(stdClass)#142 (2) {
  ["id"]=>
  string(5) "31433"
  ["login"]=>
  string(10) "edersonflx"
}
object(stdClass)#21 (2) {
  ["id"]=>
  string(5) "31437"
  ["login"]=>
  string(23) "tridorimpermebializacao"
}
object(stdClass)#142 (2) {
  ["id"]=>
  string(5) "31438"
  ["login"]=>
  string(9) "jehdpires"
}
object(stdClass)#21 (2) {
  ["id"]=>
  string(5) "31462"
  ["login"]=>
  string(18) "emagrecer_agora.br"
}
object(stdClass)#142 (2) {
  ["id"]=>
  string(5) "31472"
  ["login"]=>
  string(9) "caio_luka"
}
object(stdClass)#21 (2) {
  ["id"]=>
  string(5) "31474"
  ["login"]=>
  string(10) "brasil.anb"
}
object(stdClass)#142 (2) {
  ["id"]=>
  string(5) "31476"
  ["login"]=>
  string(19) "jeanpiresfotografia"
}
object(stdClass)#21 (2) {
  ["id"]=>
  string(5) "31483"
  ["login"]=>
  string(12) "canutoandree"
}
object(stdClass)#142 (2) {
  ["id"]=>
  string(5) "31484"
  ["login"]=>
  string(15) "charles_gsilvaa"
}
object(stdClass)#21 (2) {
  ["id"]=>
  string(5) "31487"
  ["login"]=>
  string(15) "theluccassantos"
}
object(stdClass)#142 (2) {
  ["id"]=>
  string(5) "31501"
  ["login"]=>
  string(16) "priscila_lopes12"
}
object(stdClass)#21 (2) {
  ["id"]=>
  string(5) "31502"
  ["login"]=>
  string(10) "biih_faith"
}
object(stdClass)#142 (2) {
  ["id"]=>
  string(5) "31520"
  ["login"]=>
  string(18) "leonardomonteiro00"
}
object(stdClass)#21 (2) {
  ["id"]=>
  string(5) "31537"
  ["login"]=>
  string(17) "carlafagundesblog"
}
object(stdClass)#142 (2) {
  ["id"]=>
  string(5) "31543"
  ["login"]=>
  string(13) "aguedamaurien"
}
object(stdClass)#21 (2) {
  ["id"]=>
  string(5) "31548"
  ["login"]=>
  string(13) "casalavnturax"
}
object(stdClass)#142 (2) {
  ["id"]=>
  string(5) "31550"
  ["login"]=>
  string(13) "pedrosagfteam"
}
object(stdClass)#21 (2) {
  ["id"]=>
  string(5) "31552"
  ["login"]=>
  string(9) "eusoudaro"
}
object(stdClass)#142 (2) {
  ["id"]=>
  string(5) "31556"
  ["login"]=>
  string(14) "caiquefregnani"
}
object(stdClass)#21 (2) {
  ["id"]=>
  string(5) "31571"
  ["login"]=>
  string(14) "heitorsoares.c"
}
object(stdClass)#142 (2) {
  ["id"]=>
  string(5) "31575"
  ["login"]=>
  string(21) "mulheres_que_se_amam_"
}
object(stdClass)#21 (2) {
  ["id"]=>
  string(5) "31576"
  ["login"]=>
  string(17) "marco.suplementos"
}
object(stdClass)#142 (2) {
  ["id"]=>
  string(5) "31582"
  ["login"]=>
  string(8) "nery3540"
}
object(stdClass)#21 (2) {
  ["id"]=>
  string(5) "31600"
  ["login"]=>
  string(14) "andrewanderley"
}
object(stdClass)#142 (2) {
  ["id"]=>
  string(5) "31605"
  ["login"]=>
  string(9) "vitormc83"
}
object(stdClass)#21 (2) {
  ["id"]=>
  string(5) "31629"
  ["login"]=>
  string(8) "_lsilvva"
}
object(stdClass)#142 (2) {
  ["id"]=>
  string(5) "31637"
  ["login"]=>
  string(17) "clube_das_gostosa"
}
object(stdClass)#21 (2) {
  ["id"]=>
  string(5) "31640"
  ["login"]=>
  string(17) "esteticista_julia"
}
object(stdClass)#142 (2) {
  ["id"]=>
  string(5) "31648"
  ["login"]=>
  string(10) "kauadellon"
}
object(stdClass)#21 (2) {
  ["id"]=>
  string(5) "31654"
  ["login"]=>
  string(20) "divulgageraisoficial"
}
\n<br>JOB DONE!!!<br>\n2018-10-03 07:48:09am