DAILY REPORT Inited...!<br>
2018-10-22 06:30:01am<br>
string(14) "alberto_dreyes"
string(27) "Cantidad de follows = 14357"
<br><br><br>string(19) "opiniaoconservadora"
string(27) "Cantidad de follows = 59088"
<br><br><br>string(17) "sibitecomunicacao"
string(27) "Cantidad de follows = 10233"
<br><br><br>string(11) "mo.taniguti"
string(27) "Cantidad de follows = 20825"
<br><br><br>object(stdClass)#30 (2) {
  ["id"]=>
  string(3) "146"
  ["login"]=>
  string(12) "auepromocoes"
}
string(23) "jeunesse_bycrislafratta"
string(25) "Cantidad de follows = 186"
<br><br><br>string(12) "lily.s.alves"
string(26) "Cantidad de follows = 2079"
<br><br><br>string(10) "powerlook_"
string(27) "Cantidad de follows = 61016"
<br><br><br>object(stdClass)#12 (2) {
  ["id"]=>
  string(3) "245"
  ["login"]=>
  string(18) "xodozinho.retratos"
}
object(stdClass)#22 (2) {
  ["id"]=>
  string(3) "867"
  ["login"]=>
  string(14) "joaovictorjvb1"
}
object(stdClass)#12 (2) {
  ["id"]=>
  string(4) "1059"
  ["login"]=>
  string(8) "graverrj"
}
string(7) "ma_luco"
string(27) "Cantidad de follows = 28577"
<br><br><br>string(12) "carlloooooss"
string(26) "Cantidad de follows = 1289"
<br><br><br>string(15) "sapatodochef.pa"
string(26) "Cantidad de follows = 2364"
<br><br><br>object(stdClass)#225 (2) {
  ["id"]=>
  string(4) "2175"
  ["login"]=>
  string(10) "vireiloira"
}
string(18) "mercadomodelobahia"
string(26) "Cantidad de follows = 9080"
<br><br><br>string(11) "thayscalmon"
string(26) "Cantidad de follows = 5309"
<br><br><br>string(11) "decoremundo"
string(27) "Cantidad de follows = 14351"
<br><br><br>string(9) "decorcool"
string(23) "Cantidad de follows = 7"
<br><br><br>string(8) "fragabar"
string(26) "Cantidad de follows = 4356"
<br><br><br>string(8) "lorenaym"
string(24) "Cantidad de follows = 77"
<br><br><br>string(11) "pamelaotero"
string(27) "Cantidad de follows = 46131"
<br><br><br>string(19) "starpointcollection"
string(27) "Cantidad de follows = 12637"
<br><br><br>string(9) "katiacsdc"
string(27) "Cantidad de follows = 18320"
<br><br><br>string(14) "grazielialvess"
string(27) "Cantidad de follows = 21530"
<br><br><br>string(22) "dra_barbaravasconcelos"
string(27) "Cantidad de follows = 24357"
<br><br><br>string(21) "comandantedochurrasco"
string(27) "Cantidad de follows = 56632"
<br><br><br>string(12) "40antesdos40"
string(27) "Cantidad de follows = 28302"
<br><br><br>string(19) "intimissimisalvador"
string(27) "Cantidad de follows = 13304"
<br><br><br>string(16) "drricardopalacio"
string(27) "Cantidad de follows = 25855"
<br><br><br>string(12) "pollyruffini"
string(26) "Cantidad de follows = 7448"
<br><br><br>string(14) "carlos_skatmar"
string(26) "Cantidad de follows = 2357"
<br><br><br>string(10) "star_point"
string(27) "Cantidad de follows = 32876"
<br><br><br>string(8) "rruizmma"
string(27) "Cantidad de follows = 47024"
<br><br><br>string(8) "dumbu.09"
string(26) "Cantidad de follows = 7669"
<br><br><br>string(14) "marcosp.medina"
string(26) "Cantidad de follows = 4063"
<br><br><br>string(11) "sandrozion7"
string(27) "Cantidad de follows = 21033"
<br><br><br>string(17) "grandville_hoteis"
string(27) "Cantidad de follows = 12698"
<br><br><br>string(11) "josiasdiass"
string(27) "Cantidad de follows = 18082"
<br><br><br>string(18) "barbaracampospalma"
string(26) "Cantidad de follows = 8703"
<br><br><br>string(9) "telless13"
string(27) "Cantidad de follows = 14239"
<br><br><br>string(13) "bandamegafire"
string(27) "Cantidad de follows = 23330"
<br><br><br>string(17) "sosoportunidade10"
string(25) "Cantidad de follows = 964"
<br><br><br>string(18) "academia_king_thai"
string(26) "Cantidad de follows = 5076"
<br><br><br>string(13) "renatafontany"
string(27) "Cantidad de follows = 33410"
<br><br><br>string(14) "cabelosaugusto"
string(27) "Cantidad de follows = 23676"
<br><br><br>string(14) "brunocerqueira"
string(27) "Cantidad de follows = 10526"
<br><br><br>string(10) "noxboymike"
string(26) "Cantidad de follows = 5452"
<br><br><br>string(20) "juliobaptistaoficial"
string(28) "Cantidad de follows = 250937"
<br><br><br>string(21) "ateliermarielamoreira"
string(27) "Cantidad de follows = 15840"
<br><br><br>object(stdClass)#61 (2) {
  ["id"]=>
  string(5) "11096"
  ["login"]=>
  string(12) "michaelletjp"
}
object(stdClass)#17 (2) {
  ["id"]=>
  string(5) "11099"
  ["login"]=>
  string(13) "agostochuvoso"
}
string(11) "insultedboy"
string(26) "Cantidad de follows = 3517"
<br><br><br>string(11) "weilla_morg"
string(25) "Cantidad de follows = 944"
<br><br><br>string(11) "raphabritoo"
string(27) "Cantidad de follows = 16060"
<br><br><br>string(10) "vinihveiga"
string(26) "Cantidad de follows = 4075"
<br><br><br>object(stdClass)#58 (2) {
  ["id"]=>
  string(5) "11131"
  ["login"]=>
  string(14) "deliciasdoronk"
}
string(16) "duuduuzinhosilva"
string(26) "Cantidad de follows = 3045"
<br><br><br>string(9) "carlosbsg"
string(25) "Cantidad de follows = 926"
<br><br><br>string(12) "danndourado0"
string(27) "Cantidad de follows = 15179"
<br><br><br>string(7) "biel312"
string(23) "Cantidad de follows = 9"
<br><br><br>string(11) "caiogrunupp"
string(26) "Cantidad de follows = 3314"
<br><br><br>string(11) "paullonunan"
string(26) "Cantidad de follows = 1433"
<br><br><br>string(12) "pablodiego15"
string(26) "Cantidad de follows = 1112"
<br><br><br>object(stdClass)#218 (2) {
  ["id"]=>
  string(5) "11230"
  ["login"]=>
  string(16) "_luferreiranunes"
}
string(14) "natan_mantelli"
string(25) "Cantidad de follows = 797"
<br><br><br>string(17) "antoniocarlos3627"
string(24) "Cantidad de follows = 45"
<br><br><br>string(11) "365_indubai"
string(27) "Cantidad de follows = 21982"
<br><br><br>object(stdClass)#52 (2) {
  ["id"]=>
  string(5) "11239"
  ["login"]=>
  string(12) "ceottosinuhe"
}
string(14) "vitoriaabritto"
string(27) "Cantidad de follows = 43664"
<br><br><br>string(11) "lojaoperapc"
string(27) "Cantidad de follows = 23900"
<br><br><br>string(12) "huealimentos"
string(26) "Cantidad de follows = 5149"
<br><br><br>string(13) "kstimportados"
string(26) "Cantidad de follows = 4378"
<br><br><br>string(7) "wi11see"
string(27) "Cantidad de follows = 11504"
<br><br><br>string(12) "s7_producoes"
string(26) "Cantidad de follows = 5998"
<br><br><br>string(12) "gabrielaribi"
string(26) "Cantidad de follows = 7621"
<br><br><br>string(17) "brunosennaimagens"
string(27) "Cantidad de follows = 13224"
<br><br><br>string(14) "maycowmontemor"
string(27) "Cantidad de follows = 32550"
<br><br><br>string(14) "alinemarcovici"
string(27) "Cantidad de follows = 18494"
<br><br><br>string(10) "junior.dev"
string(27) "Cantidad de follows = 17674"
<br><br><br>string(13) "amaassessoria"
string(26) "Cantidad de follows = 7642"
<br><br><br>string(11) "julisciotto"
string(27) "Cantidad de follows = 25634"
<br><br><br>string(14) "draalinehsilva"
string(27) "Cantidad de follows = 20159"
<br><br><br>string(13) "rodasemotores"
string(27) "Cantidad de follows = 14752"
<br><br><br>object(stdClass)#137 (2) {
  ["id"]=>
  string(5) "11758"
  ["login"]=>
  string(13) "euclaracampos"
}
string(19) "thamaraelisa.tattoo"
string(27) "Cantidad de follows = 14252"
<br><br><br>string(15) "megaminassports"
string(26) "Cantidad de follows = 6768"
<br><br><br>string(16) "agencia_portal37"
string(26) "Cantidad de follows = 3327"
<br><br><br>object(stdClass)#205 (2) {
  ["id"]=>
  string(5) "11792"
  ["login"]=>
  string(14) "hf_metalurgica"
}
string(13) "grillegourmet"
string(26) "Cantidad de follows = 5114"
<br><br><br>string(11) "davidkapper"
string(27) "Cantidad de follows = 13086"
<br><br><br>string(11) "7chavesfoto"
string(27) "Cantidad de follows = 11016"
<br><br><br>string(11) "joiaskether"
string(27) "Cantidad de follows = 19560"
<br><br><br>string(14) "luziasantana33"
string(28) "Cantidad de follows = 236192"
<br><br><br>string(13) "thiagovaleiro"
string(26) "Cantidad de follows = 3818"
<br><br><br>object(stdClass)#35 (2) {
  ["id"]=>
  string(5) "12434"
  ["login"]=>
  string(9) "dupicasso"
}
string(11) "laura_bergo"
string(26) "Cantidad de follows = 6415"
<br><br><br>string(15) "dra.raphabecker"
string(27) "Cantidad de follows = 19714"
<br><br><br>string(8) "letdaher"
string(27) "Cantidad de follows = 27923"
<br><br><br>string(9) "dgarciia_"
string(25) "Cantidad de follows = 863"
<br><br><br>string(10) "joaosurf12"
string(24) "Cantidad de follows = 97"
<br><br><br>string(8) "itsandco"
string(27) "Cantidad de follows = 21047"
<br><br><br>string(10) "ela_andrea"
string(27) "Cantidad de follows = 22479"
<br><br><br>string(14) "nafurtadocakes"
string(26) "Cantidad de follows = 6619"
<br><br><br>string(18) "castrolautoservice"
string(26) "Cantidad de follows = 9321"
<br><br><br>string(9) "livdrinks"
string(27) "Cantidad de follows = 47454"
<br><br><br>string(18) "portalautoshopping"
string(27) "Cantidad de follows = 12169"
<br><br><br>string(20) "manu.mamaeaoquadrado"
string(26) "Cantidad de follows = 9594"
<br><br><br>string(15) "odontowebschool"
string(27) "Cantidad de follows = 10559"
<br><br><br>string(9) "abarkeria"
string(27) "Cantidad de follows = 33586"
<br><br><br>object(stdClass)#182 (2) {
  ["id"]=>
  string(5) "15166"
  ["login"]=>
  string(14) "__fehholiveira"
}
string(10) "ninabaking"
string(26) "Cantidad de follows = 8938"
<br><br><br>string(10) "jgiordanoo"
string(27) "Cantidad de follows = 12479"
<br><br><br>string(18) "domhairfelippewill"
string(27) "Cantidad de follows = 11570"
<br><br><br>string(7) "pbpetti"
string(27) "Cantidad de follows = 39617"
<br><br><br>string(10) "psych0wolf"
string(25) "Cantidad de follows = 404"
<br><br><br>string(8) "andreiso"
string(26) "Cantidad de follows = 9516"
<br><br><br>string(13) "biadiascoelho"
string(26) "Cantidad de follows = 4880"
<br><br><br>string(8) "mytrips7"
string(25) "Cantidad de follows = 524"
<br><br><br>string(13) "directdireito"
string(27) "Cantidad de follows = 11192"
<br><br><br>string(12) "patrickvalle"
string(26) "Cantidad de follows = 3547"
<br><br><br>string(21) "lucianalauferofficial"
string(27) "Cantidad de follows = 18845"
<br><br><br>string(13) "matheuspercut"
string(26) "Cantidad de follows = 1155"
<br><br><br>string(10) "flavia_vdr"
string(27) "Cantidad de follows = 11264"
<br><br><br>object(stdClass)#19 (2) {
  ["id"]=>
  string(5) "16861"
  ["login"]=>
  string(14) "mickael_cortes"
}
string(16) "helder_del_monte"
string(27) "Cantidad de follows = 16184"
<br><br><br>string(18) "physicalpilates_bh"
string(26) "Cantidad de follows = 5603"
<br><br><br>string(13) "faleiroslaura"
string(27) "Cantidad de follows = 12912"
<br><br><br>string(11) "dannysetudo"
string(26) "Cantidad de follows = 9909"
<br><br><br>string(15) "portodepiranhas"
string(27) "Cantidad de follows = 10469"
<br><br><br>string(24) "contadordehistoriasreais"
string(27) "Cantidad de follows = 32162"
<br><br><br>string(6) "guil38"
string(26) "Cantidad de follows = 6648"
<br><br><br>string(22) "vacationhomeneardisney"
string(27) "Cantidad de follows = 19621"
<br><br><br>string(16) "drguilhermecravo"
string(26) "Cantidad de follows = 3158"
<br><br><br>string(6) "ossmkt"
string(26) "Cantidad de follows = 5296"
<br><br><br>string(10) "jhoneheber"
string(27) "Cantidad de follows = 23461"
<br><br><br>string(20) "justiniano0_official"
string(26) "Cantidad de follows = 2975"
<br><br><br>string(15) "sao_os_caipiras"
string(26) "Cantidad de follows = 9454"
<br><br><br>string(9) "acerickrj"
string(27) "Cantidad de follows = 12279"
<br><br><br>string(15) "leandrogarciadj"
string(27) "Cantidad de follows = 19450"
<br><br><br>string(14) "osnirhamburger"
string(26) "Cantidad de follows = 6894"
<br><br><br>string(8) "dutruffi"
string(27) "Cantidad de follows = 14153"
<br><br><br>string(9) "lschuback"
string(26) "Cantidad de follows = 7816"
<br><br><br>string(21) "carolinanortondematos"
string(27) "Cantidad de follows = 12067"
<br><br><br>object(stdClass)#119 (2) {
  ["id"]=>
  string(5) "18103"
  ["login"]=>
  string(22) "denisegoncalves.santos"
}
string(14) "ethianemarques"
string(25) "Cantidad de follows = 691"
<br><br><br>string(10) "synaraleal"
string(27) "Cantidad de follows = 16293"
<br><br><br>string(8) "trinjune"
string(23) "Cantidad de follows = 0"
<br><br><br>string(12) "holy_popcorn"
string(27) "Cantidad de follows = 10601"
<br><br><br>string(9) "eltranvia"
string(27) "Cantidad de follows = 16135"
<br><br><br>string(19) "diegogoulartoficial"
string(27) "Cantidad de follows = 20451"
<br><br><br>string(15) "cartolinadesign"
string(26) "Cantidad de follows = 5705"
<br><br><br>string(9) "quarto_22"
string(26) "Cantidad de follows = 5799"
<br><br><br>string(10) "blogdakeli"
string(24) "Cantidad de follows = 12"
<br><br><br>object(stdClass)#197 (2) {
  ["id"]=>
  string(5) "18816"
  ["login"]=>
  string(10) "lefitnessb"
}
string(9) "awsmining"
string(26) "Cantidad de follows = 4735"
<br><br><br>string(13) "willianabrito"
string(26) "Cantidad de follows = 6723"
<br><br><br>string(23) "eusoutestemunhadogolias"
string(25) "Cantidad de follows = 206"
<br><br><br>string(16) "tumsoundfestival"
string(26) "Cantidad de follows = 1529"
<br><br><br>string(18) "casalbioequilibrio"
string(27) "Cantidad de follows = 11308"
<br><br><br>string(13) "mimosearomaas"
string(26) "Cantidad de follows = 9333"
<br><br><br>object(stdClass)#221 (2) {
  ["id"]=>
  string(5) "19152"
  ["login"]=>
  string(17) "gventurinpersonal"
}
string(9) "fastfitsc"
string(26) "Cantidad de follows = 3590"
<br><br><br>string(11) "raif_tattoo"
string(27) "Cantidad de follows = 13257"
<br><br><br>string(10) "hustler.hc"
string(26) "Cantidad de follows = 2457"
<br><br><br>string(9) "isarengel"
string(26) "Cantidad de follows = 6785"
<br><br><br>string(12) "solus_online"
string(26) "Cantidad de follows = 4109"
<br><br><br>string(11) "refugiohoje"
string(27) "Cantidad de follows = 12413"
<br><br><br>string(13) "nati.fressato"
string(26) "Cantidad de follows = 7208"
<br><br><br>string(17) "calcadospaubrasil"
string(26) "Cantidad de follows = 8256"
<br><br><br>string(10) "daly_store"
string(27) "Cantidad de follows = 21721"
<br><br><br>string(11) "angelosciao"
string(26) "Cantidad de follows = 5228"
<br><br><br>string(6) "fuinha"
string(25) "Cantidad de follows = 194"
<br><br><br>string(10) "kombi_krug"
string(25) "Cantidad de follows = 511"
<br><br><br>string(12) "rekombinando"
string(26) "Cantidad de follows = 5971"
<br><br><br>string(15) "blogdasusantoss"
string(26) "Cantidad de follows = 5398"
<br><br><br>string(15) "diadeacessorios"
string(26) "Cantidad de follows = 2311"
<br><br><br>string(18) "christians.pereira"
string(26) "Cantidad de follows = 3760"
<br><br><br>string(28) "pedrowilsonrodriguespimentel"
string(26) "Cantidad de follows = 7696"
<br><br><br>string(15) "atelieluizrocha"
string(27) "Cantidad de follows = 10197"
<br><br><br>string(12) "bibiscamargo"
string(26) "Cantidad de follows = 2025"
<br><br><br>string(16) "centerperfumaria"
string(26) "Cantidad de follows = 5509"
<br><br><br>string(10) "pmelorocha"
string(26) "Cantidad de follows = 6327"
<br><br><br>object(stdClass)#115 (2) {
  ["id"]=>
  string(5) "20149"
  ["login"]=>
  string(14) "thaliaalvesdec"
}
string(12) "yasminndias_"
string(26) "Cantidad de follows = 9333"
<br><br><br>string(17) "jb_alves_educador"
string(26) "Cantidad de follows = 3542"
<br><br><br>string(24) "leonardosantosfotografia"
string(27) "Cantidad de follows = 39607"
<br><br><br>string(8) "sporttot"
string(24) "Cantidad de follows = 22"
<br><br><br>object(stdClass)#29 (2) {
  ["id"]=>
  string(5) "20503"
  ["login"]=>
  string(8) "chandler"
}
string(13) "ayllesantiago"
string(28) "Cantidad de follows = 142577"
<br><br><br>string(12) "maisonbiarro"
string(27) "Cantidad de follows = 30820"
<br><br><br>string(15) "iselamendozadec"
string(26) "Cantidad de follows = 6439"
<br><br><br>string(9) "bamboh.pt"
string(26) "Cantidad de follows = 2600"
<br><br><br>string(12) "redeentropia"
string(26) "Cantidad de follows = 5875"
<br><br><br>object(stdClass)#193 (2) {
  ["id"]=>
  string(5) "20682"
  ["login"]=>
  string(11) "farmapharma"
}
string(18) "calabriapizzariarj"
string(26) "Cantidad de follows = 2462"
<br><br><br>object(stdClass)#193 (2) {
  ["id"]=>
  string(5) "20818"
  ["login"]=>
  string(20) "cadillacs.pastelaria"
}
object(stdClass)#221 (2) {
  ["id"]=>
  string(5) "20927"
  ["login"]=>
  string(25) "missionariojairodossantos"
}
object(stdClass)#193 (2) {
  ["id"]=>
  string(5) "21062"
  ["login"]=>
  string(13) "jesuisluciano"
}
object(stdClass)#221 (2) {
  ["id"]=>
  string(5) "21230"
  ["login"]=>
  string(9) "vikatorsc"
}
string(19) "nicollystoreoficial"
string(26) "Cantidad de follows = 7526"
<br><br><br>object(stdClass)#221 (2) {
  ["id"]=>
  string(5) "21368"
  ["login"]=>
  string(18) "ricardoribeiro0013"
}
string(24) "ramossegurancaeletronica"
string(26) "Cantidad de follows = 3288"
<br><br><br>string(18) "camacariplazahotel"
string(26) "Cantidad de follows = 6299"
<br><br><br>string(13) "_telesgabriel"
string(26) "Cantidad de follows = 3169"
<br><br><br>string(12) "fbfabiolopes"
string(26) "Cantidad de follows = 8956"
<br><br><br>object(stdClass)#13 (2) {
  ["id"]=>
  string(5) "21517"
  ["login"]=>
  string(23) "biscuitporvictorialeite"
}
string(10) "trapburger"
string(26) "Cantidad de follows = 2633"
<br><br><br>string(20) "shoppingcasaedesign_"
string(26) "Cantidad de follows = 8815"
<br><br><br>string(9) "samiilly_"
string(27) "Cantidad de follows = 18224"
<br><br><br>object(stdClass)#79 (2) {
  ["id"]=>
  string(5) "21731"
  ["login"]=>
  string(9) "conhecaes"
}
string(7) "loirasn"
string(25) "Cantidad de follows = 194"
<br><br><br>string(15) "santasticauniao"
string(26) "Cantidad de follows = 6273"
<br><br><br>string(19) "embraconcondominios"
string(26) "Cantidad de follows = 4710"
<br><br><br>string(17) "hamburguinhomoema"
string(27) "Cantidad de follows = 60954"
<br><br><br>string(14) "vilmamartins_7"
string(26) "Cantidad de follows = 1311"
<br><br><br>string(12) "leticiajural"
string(26) "Cantidad de follows = 8474"
<br><br><br>string(8) "_zero100"
string(27) "Cantidad de follows = 52090"
<br><br><br>string(20) "lionrollingcircusrio"
string(27) "Cantidad de follows = 14821"
<br><br><br>string(9) "_nerdjunk"
string(26) "Cantidad de follows = 5343"
<br><br><br>string(10) "pilotelton"
string(27) "Cantidad de follows = 11350"
<br><br><br>string(14) "marcioancelmoo"
string(26) "Cantidad de follows = 4957"
<br><br><br>object(stdClass)#22 (2) {
  ["id"]=>
  string(5) "22627"
  ["login"]=>
  string(18) "lucaswiliamsoliver"
}
string(14) "kevinlorenzorj"
string(26) "Cantidad de follows = 3370"
<br><br><br>object(stdClass)#22 (2) {
  ["id"]=>
  string(5) "22701"
  ["login"]=>
  string(21) "falandodemaquiagem_01"
}
string(13) "georgemuchuli"
string(26) "Cantidad de follows = 7751"
<br><br><br>string(15) "wendell_alvess_"
string(24) "Cantidad de follows = 90"
<br><br><br>object(stdClass)#97 (2) {
  ["id"]=>
  string(5) "22786"
  ["login"]=>
  string(6) "jpzk02"
}
object(stdClass)#8 (2) {
  ["id"]=>
  string(5) "22791"
  ["login"]=>
  string(13) "rodrigues.exe"
}
object(stdClass)#97 (2) {
  ["id"]=>
  string(5) "22915"
  ["login"]=>
  string(10) "5000covers"
}
string(18) "marciomouraoficial"
string(27) "Cantidad de follows = 12445"
<br><br><br>object(stdClass)#97 (2) {
  ["id"]=>
  string(5) "23135"
  ["login"]=>
  string(15) "daniak_boutique"
}
string(23) "formatacaotccmonografia"
string(24) "Cantidad de follows = 96"
<br><br><br>string(6) "nekkow"
string(24) "Cantidad de follows = 15"
<br><br><br>string(5) "lucao"
string(25) "Cantidad de follows = 563"
<br><br><br>string(6) "lucao2"
string(25) "Cantidad de follows = 593"
<br><br><br>string(13) "marcelomarkes"
string(27) "Cantidad de follows = 19927"
<br><br><br>string(14) "dl_beautysalon"
string(26) "Cantidad de follows = 1962"
<br><br><br>string(15) "ariadinebarreto"
string(27) "Cantidad de follows = 14514"
<br><br><br>string(13) "canalsemjacar"
string(27) "Cantidad de follows = 14193"
<br><br><br>string(11) "hiratabreno"
string(27) "Cantidad de follows = 12564"
<br><br><br>string(14) "erickspimentel"
string(26) "Cantidad de follows = 2019"
<br><br><br>string(12) "jessicaiwata"
string(27) "Cantidad de follows = 34319"
<br><br><br>string(14) "dnaphotoevideo"
string(27) "Cantidad de follows = 29331"
<br><br><br>string(18) "gamecenterpaulista"
string(27) "Cantidad de follows = 10323"
<br><br><br>string(10) "pacofishrd"
string(26) "Cantidad de follows = 8060"
<br><br><br>string(14) "qualityhotelsd"
string(26) "Cantidad de follows = 1205"
<br><br><br>string(17) "isabellabofficial"
string(27) "Cantidad de follows = 13938"
<br><br><br>string(13) "alialioficial"
string(25) "Cantidad de follows = 675"
<br><br><br>string(15) "barbeariadoneno"
string(27) "Cantidad de follows = 13668"
<br><br><br>string(10) "plagamba01"
string(26) "Cantidad de follows = 2681"
<br><br><br>string(11) "oscarcauchi"
string(26) "Cantidad de follows = 3623"
<br><br><br>string(7) "18laras"
string(26) "Cantidad de follows = 1811"
<br><br><br>string(16) "entreomarealagoa"
string(26) "Cantidad de follows = 1687"
<br><br><br>string(9) "darlanred"
string(27) "Cantidad de follows = 21279"
<br><br><br>string(15) "riolisboabrasil"
string(25) "Cantidad de follows = 204"
<br><br><br>string(12) "studio4cinco"
string(26) "Cantidad de follows = 4931"
<br><br><br>string(13) "fabriciofabre"
string(26) "Cantidad de follows = 8614"
<br><br><br>string(22) "suamusicapersonalizada"
string(27) "Cantidad de follows = 11438"
<br><br><br>string(8) "kevinvem"
string(23) "Cantidad de follows = 5"
<br><br><br>string(12) "djallannatal"
string(27) "Cantidad de follows = 29674"
<br><br><br>string(15) "polpasempreviva"
string(27) "Cantidad de follows = 34420"
<br><br><br>string(8) "kessyaaa"
string(27) "Cantidad de follows = 11054"
<br><br><br>string(8) "celparra"
string(27) "Cantidad de follows = 10672"
<br><br><br>object(stdClass)#195 (2) {
  ["id"]=>
  string(5) "25524"
  ["login"]=>
  string(11) "tompson9345"
}
object(stdClass)#33 (2) {
  ["id"]=>
  string(5) "25571"
  ["login"]=>
  string(14) "habner_martins"
}
string(13) "mayconbarroco"
string(27) "Cantidad de follows = 18538"
<br><br><br>string(9) "caiocesar"
string(24) "Cantidad de follows = 85"
<br><br><br>string(8) "lil.fama"
string(27) "Cantidad de follows = 20984"
<br><br><br>string(12) "institutoybi"
string(27) "Cantidad de follows = 17909"
<br><br><br>object(stdClass)#18 (2) {
  ["id"]=>
  string(5) "26183"
  ["login"]=>
  string(14) "andresa_lebens"
}
object(stdClass)#112 (2) {
  ["id"]=>
  string(5) "26226"
  ["login"]=>
  string(7) "yuryv05"
}
string(15) "eliana_casimiro"
string(26) "Cantidad de follows = 5610"
<br><br><br>string(11) "maloohstore"
string(26) "Cantidad de follows = 3732"
<br><br><br>string(16) "simplesmenteamei"
string(27) "Cantidad de follows = 16049"
<br><br><br>string(16) "drraphaelmarques"
string(27) "Cantidad de follows = 21323"
<br><br><br>string(10) "casazunzun"
string(26) "Cantidad de follows = 5759"
<br><br><br>string(14) "draraymedeiros"
string(26) "Cantidad de follows = 1571"
<br><br><br>string(12) "4youdressing"
string(26) "Cantidad de follows = 3539"
<br><br><br>string(21) "lucaslermenfotografia"
string(27) "Cantidad de follows = 15235"
<br><br><br>string(16) "bracholuismiguel"
string(25) "Cantidad de follows = 842"
<br><br><br>string(17) "draflaviasgavioli"
string(27) "Cantidad de follows = 42075"
<br><br><br>string(16) "rafamello_cantor"
string(26) "Cantidad de follows = 9070"
<br><br><br>string(13) "gabinassyrios"
string(27) "Cantidad de follows = 28183"
<br><br><br>string(13) "cardosodani78"
string(25) "Cantidad de follows = 411"
<br><br><br>object(stdClass)#33 (2) {
  ["id"]=>
  string(5) "27362"
  ["login"]=>
  string(9) "k123silva"
}
string(9) "labotique"
string(25) "Cantidad de follows = 276"
<br><br><br>string(11) "eco.noronha"
string(26) "Cantidad de follows = 1070"
<br><br><br>string(13) "gelottisports"
string(26) "Cantidad de follows = 6236"
<br><br><br>string(13) "bombeefsantos"
string(27) "Cantidad de follows = 71012"
<br><br><br>string(15) "parvathi_brasil"
string(26) "Cantidad de follows = 8689"
<br><br><br>string(9) "lobotique"
string(26) "Cantidad de follows = 6635"
<br><br><br>string(8) "talincas"
string(27) "Cantidad de follows = 22575"
<br><br><br>string(21) "visagismofacial_drika"
string(25) "Cantidad de follows = 743"
<br><br><br>string(13) "bakwarabrasil"
string(26) "Cantidad de follows = 1568"
<br><br><br>string(19) "carlabarcellosjoias"
string(27) "Cantidad de follows = 11447"
<br><br><br>string(16) "programagameover"
string(26) "Cantidad de follows = 1102"
<br><br><br>string(15) "aafrodite.store"
string(26) "Cantidad de follows = 5719"
<br><br><br>string(12) "rogiacomello"
string(26) "Cantidad de follows = 1427"
<br><br><br>string(11) "solvebrazil"
string(26) "Cantidad de follows = 1168"
<br><br><br>string(16) "drafernandavolpi"
string(27) "Cantidad de follows = 12403"
<br><br><br>object(stdClass)#159 (2) {
  ["id"]=>
  string(5) "27722"
  ["login"]=>
  string(14) "maribel.silent"
}
string(13) "miocheoficial"
string(27) "Cantidad de follows = 45781"
<br><br><br>string(11) "daylipadron"
string(26) "Cantidad de follows = 8424"
<br><br><br>string(14) "mercadolabarra"
string(26) "Cantidad de follows = 4746"
<br><br><br>string(10) "naraabreuu"
string(26) "Cantidad de follows = 4533"
<br><br><br>string(8) "lukmodas"
string(26) "Cantidad de follows = 8241"
<br><br><br>string(21) "girlsgardenacessorios"
string(26) "Cantidad de follows = 2012"
<br><br><br>string(13) "capimlimaomga"
string(26) "Cantidad de follows = 5790"
<br><br><br>string(15) "maxpremiumjeans"
string(26) "Cantidad de follows = 8481"
<br><br><br>object(stdClass)#221 (2) {
  ["id"]=>
  string(5) "27843"
  ["login"]=>
  string(8) "bruna.fb"
}
string(14) "na_cara_do_gol"
string(26) "Cantidad de follows = 3039"
<br><br><br>string(13) "jessicacytrus"
string(27) "Cantidad de follows = 29947"
<br><br><br>string(11) "cyrofuziama"
string(27) "Cantidad de follows = 25103"
<br><br><br>string(11) "thaycomfome"
string(27) "Cantidad de follows = 26994"
<br><br><br>string(10) "dankana_dk"
string(26) "Cantidad de follows = 8856"
<br><br><br>string(13) "vivimaquiagem"
string(26) "Cantidad de follows = 3472"
<br><br><br>string(14) "fshirtsdesigns"
string(25) "Cantidad de follows = 368"
<br><br><br>string(15) "closetdasduasto"
string(27) "Cantidad de follows = 14527"
<br><br><br>object(stdClass)#82 (2) {
  ["id"]=>
  string(5) "28069"
  ["login"]=>
  string(14) "rosaduartelash"
}
string(11) "gardelmaroz"
string(26) "Cantidad de follows = 6431"
<br><br><br>object(stdClass)#82 (2) {
  ["id"]=>
  string(5) "28080"
  ["login"]=>
  string(16) "msanchescaroline"
}
object(stdClass)#169 (2) {
  ["id"]=>
  string(5) "28092"
  ["login"]=>
  string(9) "pri_avlis"
}
string(13) "ferefacrochet"
string(26) "Cantidad de follows = 9121"
<br><br><br>object(stdClass)#169 (2) {
  ["id"]=>
  string(5) "28099"
  ["login"]=>
  string(13) "menezesandree"
}
string(7) "nr_mini"
string(27) "Cantidad de follows = 11437"
<br><br><br>string(6) "dz9bnb"
string(26) "Cantidad de follows = 3643"
<br><br><br>object(stdClass)#193 (2) {
  ["id"]=>
  string(5) "28145"
  ["login"]=>
  string(20) "nossoapartamento_103"
}
string(18) "cheirinhodamariana"
string(26) "Cantidad de follows = 7685"
<br><br><br>object(stdClass)#193 (2) {
  ["id"]=>
  string(5) "28213"
  ["login"]=>
  string(15) "malucassimiro.r"
}
string(16) "alvomarketingagc"
string(26) "Cantidad de follows = 9402"
<br><br><br>string(17) "ilmiocasamentoios"
string(26) "Cantidad de follows = 1024"
<br><br><br>string(16) "dranayanepacheco"
string(28) "Cantidad de follows = 144743"
<br><br><br>string(24) "silvanonunes.hairstylist"
string(27) "Cantidad de follows = 25880"
<br><br><br>object(stdClass)#69 (2) {
  ["id"]=>
  string(5) "28276"
  ["login"]=>
  string(13) "tatyanealvess"
}
string(21) "closetdemulheroficial"
string(26) "Cantidad de follows = 3989"
<br><br><br>string(12) "maxiprodutos"
string(27) "Cantidad de follows = 20627"
<br><br><br>string(17) "drdanilopelegrino"
string(26) "Cantidad de follows = 5843"
<br><br><br>string(20) "mariaclaraguimaraes1"
string(27) "Cantidad de follows = 35208"
<br><br><br>string(15) "vitoria.mamedio"
string(26) "Cantidad de follows = 7567"
<br><br><br>string(12) "meirellesipc"
string(26) "Cantidad de follows = 1537"
<br><br><br>string(12) "luporluciana"
string(26) "Cantidad de follows = 8447"
<br><br><br>string(11) "andersonvoo"
string(26) "Cantidad de follows = 1051"
<br><br><br>string(14) "niqueferreiira"
string(27) "Cantidad de follows = 12330"
<br><br><br>string(15) "carlota_barnabe"
string(27) "Cantidad de follows = 12705"
<br><br><br>string(17) "drdanilopelegrino"
string(26) "Cantidad de follows = 5843"
<br><br><br>string(9) "lipinhuss"
string(26) "Cantidad de follows = 1769"
<br><br><br>string(13) "mayaramarkes_"
string(26) "Cantidad de follows = 8577"
<br><br><br>string(10) "ky2oficial"
string(26) "Cantidad de follows = 2517"
<br><br><br>string(11) "mendy_vivii"
string(26) "Cantidad de follows = 4085"
<br><br><br>object(stdClass)#188 (2) {
  ["id"]=>
  string(5) "28497"
  ["login"]=>
  string(21) "_medicinaintegrativa_"
}
string(25) "specialitycoffeegastropub"
string(25) "Cantidad de follows = 552"
<br><br><br>string(11) "carolsousas"
string(26) "Cantidad de follows = 3533"
<br><br><br>object(stdClass)#129 (2) {
  ["id"]=>
  string(5) "28517"
  ["login"]=>
  string(19) "martins_consultoria"
}
string(4) "fila"
string(25) "Cantidad de follows = 866"
<br><br><br>string(6) "reebok"
string(29) "Cantidad de follows = 2152177"
<br><br><br>string(8) "bindanvm"
string(26) "Cantidad de follows = 1509"
<br><br><br>string(18) "wesleyoliveirareal"
string(26) "Cantidad de follows = 2815"
<br><br><br>string(9) "indikqui_"
string(26) "Cantidad de follows = 1325"
<br><br><br>string(10) "luahungria"
string(26) "Cantidad de follows = 4500"
<br><br><br>object(stdClass)#224 (2) {
  ["id"]=>
  string(5) "28557"
  ["login"]=>
  string(10) "kaahcintra"
}
string(17) "reabilitar.studio"
string(26) "Cantidad de follows = 5740"
<br><br><br>string(9) "amaraljej"
string(25) "Cantidad de follows = 612"
<br><br><br>string(14) "websterramalho"
string(25) "Cantidad de follows = 732"
<br><br><br>string(24) "vida_sol_e_mar_ecoresort"
string(26) "Cantidad de follows = 7137"
<br><br><br>string(10) "aco_brasil"
string(26) "Cantidad de follows = 3377"
<br><br><br>string(13) "desafioadois2"
string(26) "Cantidad de follows = 6900"
<br><br><br>string(10) "joaozaneti"
string(27) "Cantidad de follows = 13201"
<br><br><br>string(12) "karbofitness"
string(27) "Cantidad de follows = 10916"
<br><br><br>string(12) "nayaranouber"
string(27) "Cantidad de follows = 18169"
<br><br><br>object(stdClass)#91 (2) {
  ["id"]=>
  string(5) "28654"
  ["login"]=>
  string(11) "ellenrauber"
}
object(stdClass)#140 (2) {
  ["id"]=>
  string(5) "28657"
  ["login"]=>
  string(14) "reserveviagens"
}
string(17) "ingrid_ferreira25"
string(25) "Cantidad de follows = 177"
<br><br><br>string(20) "neovita_fisioterapia"
string(26) "Cantidad de follows = 4991"
<br><br><br>string(17) "dunashookahlounge"
string(26) "Cantidad de follows = 9089"
<br><br><br>string(15) "emporio.forever"
string(25) "Cantidad de follows = 272"
<br><br><br>string(16) "mariakarencosta_"
string(26) "Cantidad de follows = 6029"
<br><br><br>string(13) "pretta_araujo"
string(27) "Cantidad de follows = 11911"
<br><br><br>string(18) "theo_kate_ragdolls"
string(26) "Cantidad de follows = 6632"
<br><br><br>string(9) "xaanndii_"
string(26) "Cantidad de follows = 1251"
<br><br><br>string(10) "raquellsan"
string(27) "Cantidad de follows = 25916"
<br><br><br>string(11) "quatro_maos"
string(26) "Cantidad de follows = 4194"
<br><br><br>string(20) "apaudiovisualoficial"
string(25) "Cantidad de follows = 569"
<br><br><br>string(15) "gameoverworldmx"
string(24) "Cantidad de follows = 33"
<br><br><br>string(10) "macielcaio"
string(26) "Cantidad de follows = 3039"
<br><br><br>string(10) "pp_eventos"
string(26) "Cantidad de follows = 3729"
<br><br><br>string(15) "renatacanizares"
string(27) "Cantidad de follows = 13534"
<br><br><br>string(12) "dermatofarma"
string(26) "Cantidad de follows = 8823"
<br><br><br>string(14) "cinarafestasbh"
string(27) "Cantidad de follows = 43022"
<br><br><br>string(10) "mreissilva"
string(27) "Cantidad de follows = 23924"
<br><br><br>string(17) "minutoscomdelavec"
string(27) "Cantidad de follows = 14017"
<br><br><br>string(9) "lilispada"
string(28) "Cantidad de follows = 718873"
<br><br><br>string(13) "edersilveiram"
string(26) "Cantidad de follows = 4501"
<br><br><br>string(15) "rosanatiburtino"
string(26) "Cantidad de follows = 1032"
<br><br><br>string(18) "stopscapautomotivo"
string(26) "Cantidad de follows = 6071"
<br><br><br>object(stdClass)#15 (2) {
  ["id"]=>
  string(5) "28849"
  ["login"]=>
  string(8) "plasjowl"
}
string(12) "itzackcamila"
string(26) "Cantidad de follows = 1343"
<br><br><br>string(15) "eu_gabicarvalho"
string(26) "Cantidad de follows = 3023"
<br><br><br>string(13) "everttonviana"
string(27) "Cantidad de follows = 10022"
<br><br><br>string(17) "shirleyalesantana"
string(27) "Cantidad de follows = 28488"
<br><br><br>string(14) "leticiastoledo"
string(26) "Cantidad de follows = 2553"
<br><br><br>string(14) "drpedroferrari"
string(27) "Cantidad de follows = 39294"
<br><br><br>string(11) "itamixbazar"
string(26) "Cantidad de follows = 4736"
<br><br><br>string(13) "trader_amador"
string(25) "Cantidad de follows = 167"
<br><br><br>string(16) "isabellasanchess"
string(26) "Cantidad de follows = 3040"
<br><br><br>object(stdClass)#97 (2) {
  ["id"]=>
  string(5) "28962"
  ["login"]=>
  string(15) "tiagomennezes11"
}
string(12) "bunkersounds"
string(26) "Cantidad de follows = 1705"
<br><br><br>string(14) "timmycelulares"
string(25) "Cantidad de follows = 217"
<br><br><br>object(stdClass)#15 (2) {
  ["id"]=>
  string(5) "28988"
  ["login"]=>
  string(15) "programavitrina"
}
object(stdClass)#101 (2) {
  ["id"]=>
  string(5) "28990"
  ["login"]=>
  string(17) "acade_corpoeforma"
}
object(stdClass)#15 (2) {
  ["id"]=>
  string(5) "28993"
  ["login"]=>
  string(11) "atgaranhuns"
}
string(20) "annamaya_arquitetura"
string(26) "Cantidad de follows = 9425"
<br><br><br>string(8) "1kgdobom"
string(27) "Cantidad de follows = 14987"
<br><br><br>string(13) "livre.digital"
string(26) "Cantidad de follows = 3737"
<br><br><br>string(14) "rhuanpenaforte"
string(27) "Cantidad de follows = 10642"
<br><br><br>string(16) "restaurantebario"
string(26) "Cantidad de follows = 1404"
<br><br><br>string(21) "felippeturtransportes"
string(26) "Cantidad de follows = 5040"
<br><br><br>string(15) "solarlifeenergy"
string(25) "Cantidad de follows = 548"
<br><br><br>string(18) "vinteumcomunicacao"
string(25) "Cantidad de follows = 575"
<br><br><br>string(18) "auto_escolaatitude"
string(26) "Cantidad de follows = 2020"
<br><br><br>string(13) "carollremigio"
string(26) "Cantidad de follows = 1065"
<br><br><br>string(13) "pampodelivery"
string(26) "Cantidad de follows = 1259"
<br><br><br>string(20) "txcambioeturismo_rio"
string(26) "Cantidad de follows = 1288"
<br><br><br>string(13) "riveauxmerino"
string(26) "Cantidad de follows = 5413"
<br><br><br>string(15) "carneslaceleste"
string(26) "Cantidad de follows = 2589"
<br><br><br>string(11) "heroairsoft"
string(26) "Cantidad de follows = 3842"
<br><br><br>string(19) "brechoandreaventuro"
string(27) "Cantidad de follows = 36626"
<br><br><br>string(9) "samiilly_"
string(27) "Cantidad de follows = 18227"
<br><br><br>string(14) "luigi_bemporad"
string(24) "Cantidad de follows = 54"
<br><br><br>string(13) "luiz_skydiver"
string(26) "Cantidad de follows = 9839"
<br><br><br>string(15) "luanmachado.arq"
string(26) "Cantidad de follows = 1847"
<br><br><br>string(12) "kaikfariastv"
string(26) "Cantidad de follows = 2147"
<br><br><br>string(16) "colegioguarapuvu"
string(23) "Cantidad de follows = 1"
<br><br><br>string(9) "guarapuvu"
string(26) "Cantidad de follows = 3096"
<br><br><br>string(13) "purocafajeste"
string(27) "Cantidad de follows = 34192"
<br><br><br>string(11) "a_deziderio"
string(26) "Cantidad de follows = 2069"
<br><br><br>object(stdClass)#27 (2) {
  ["id"]=>
  string(5) "29171"
  ["login"]=>
  string(16) "ranchotalisma_mg"
}
object(stdClass)#184 (2) {
  ["id"]=>
  string(5) "29178"
  ["login"]=>
  string(16) "maryana_araujooc"
}
string(13) "vitormagnusss"
string(27) "Cantidad de follows = 42368"
<br><br><br>string(20) "franciscosilva_alves"
string(25) "Cantidad de follows = 265"
<br><br><br>string(17) "mrandersonalmeida"
string(26) "Cantidad de follows = 6354"
<br><br><br>string(10) "inovaluxrj"
string(25) "Cantidad de follows = 191"
<br><br><br>string(17) "mixturinhafashion"
string(26) "Cantidad de follows = 2225"
<br><br><br>string(22) "danelonprimeacessorios"
string(26) "Cantidad de follows = 4787"
<br><br><br>object(stdClass)#228 (2) {
  ["id"]=>
  string(5) "29219"
  ["login"]=>
  string(7) "ruivabr"
}
string(17) "luizjatobaoficial"
string(26) "Cantidad de follows = 9706"
<br><br><br>string(8) "thhai97_"
string(26) "Cantidad de follows = 1623"
<br><br><br>string(10) "tiago_kuhn"
string(26) "Cantidad de follows = 2292"
<br><br><br>object(stdClass)#223 (2) {
  ["id"]=>
  string(5) "29228"
  ["login"]=>
  string(13) "tiolavinicius"
}
string(15) "crisoliveiravmk"
string(26) "Cantidad de follows = 2232"
<br><br><br>string(15) "wesleymichelini"
string(26) "Cantidad de follows = 2008"
<br><br><br>string(18) "raphaelacapobiango"
string(26) "Cantidad de follows = 5650"
<br><br><br>string(11) "castrolucas"
string(26) "Cantidad de follows = 3591"
<br><br><br>string(16) "masseriniosteria"
string(26) "Cantidad de follows = 6312"
<br><br><br>string(10) "alvesgilli"
string(26) "Cantidad de follows = 2001"
<br><br><br>string(10) "felippetur"
string(27) "Cantidad de follows = 20571"
<br><br><br>string(25) "rodrigo.embraconconsorcio"
string(26) "Cantidad de follows = 6236"
<br><br><br>string(14) "naotolendoisso"
string(26) "Cantidad de follows = 3535"
<br><br><br>string(24) "elizabet_insurance_agent"
string(25) "Cantidad de follows = 889"
<br><br><br>string(12) "elestore.rio"
string(26) "Cantidad de follows = 1864"
<br><br><br>string(14) "joannaa_aguiar"
string(25) "Cantidad de follows = 562"
<br><br><br>string(12) "ale.mmartins"
string(26) "Cantidad de follows = 1278"
<br><br><br>string(14) "ricvrdomoraes_"
string(26) "Cantidad de follows = 4129"
<br><br><br>string(16) "psgacademyrecife"
string(26) "Cantidad de follows = 4419"
<br><br><br>string(11) "diasluciano"
string(27) "Cantidad de follows = 16722"
<br><br><br>string(15) "othmanejennaoui"
string(27) "Cantidad de follows = 10972"
<br><br><br>string(14) "andresza_ramos"
string(26) "Cantidad de follows = 2004"
<br><br><br>string(23) "estetica.michelecamargo"
string(26) "Cantidad de follows = 3525"
<br><br><br>string(19) "fernandalima.decora"
string(26) "Cantidad de follows = 2146"
<br><br><br>string(13) "ghanabranding"
string(26) "Cantidad de follows = 6757"
<br><br><br>string(16) "binhorodriguess_"
string(26) "Cantidad de follows = 3543"
<br><br><br>string(14) "theblondedetox"
string(26) "Cantidad de follows = 3729"
<br><br><br>string(19) "oficialwinnieamaral"
string(27) "Cantidad de follows = 23921"
<br><br><br>string(19) "pezinhofirmenarocha"
string(28) "Cantidad de follows = 116276"
<br><br><br>string(11) "meempreenda"
string(26) "Cantidad de follows = 3624"
<br><br><br>string(14) "joseluizpontes"
string(25) "Cantidad de follows = 984"
<br><br><br>object(stdClass)#185 (2) {
  ["id"]=>
  string(5) "29486"
  ["login"]=>
  string(15) "eduarda.neves13"
}
object(stdClass)#97 (2) {
  ["id"]=>
  string(5) "29498"
  ["login"]=>
  string(20) "orlamodapraiaoficial"
}
string(17) "advocacia_messias"
string(26) "Cantidad de follows = 3300"
<br><br><br>string(18) "allbotequipamentos"
string(26) "Cantidad de follows = 2913"
<br><br><br>string(20) "emersonlopeshoficial"
string(27) "Cantidad de follows = 12595"
<br><br><br>string(11) "raissataini"
string(27) "Cantidad de follows = 40290"
<br><br><br>object(stdClass)#38 (2) {
  ["id"]=>
  string(5) "29527"
  ["login"]=>
  string(13) "menezesandree"
}
string(10) "vivianeneu"
string(27) "Cantidad de follows = 28833"
<br><br><br>string(8) "dhougie_"
string(27) "Cantidad de follows = 16491"
<br><br><br>string(24) "andressamakeup_penteados"
string(26) "Cantidad de follows = 3045"
<br><br><br>string(13) "iracemaallves"
string(26) "Cantidad de follows = 7397"
<br><br><br>string(11) "renannunes2"
string(26) "Cantidad de follows = 5047"
<br><br><br>string(14) "natha.estetica"
string(26) "Cantidad de follows = 1884"
<br><br><br>string(19) "j.a.estudiodebeleza"
string(25) "Cantidad de follows = 177"
<br><br><br>string(12) "grafianafoto"
string(26) "Cantidad de follows = 9008"
<br><br><br>string(19) "thespacetimeripples"
string(26) "Cantidad de follows = 3333"
<br><br><br>string(14) "rubia_martinss"
string(28) "Cantidad de follows = 110962"
<br><br><br>string(23) "joseguilherme.consultor"
string(26) "Cantidad de follows = 1199"
<br><br><br>string(14) "emporiodifiori"
string(26) "Cantidad de follows = 2256"
<br><br><br>string(21) "viajandonaarquitetura"
string(26) "Cantidad de follows = 5019"
<br><br><br>string(14) "elitecenterfoz"
string(26) "Cantidad de follows = 2386"
<br><br><br>string(10) "yancasilva"
string(26) "Cantidad de follows = 3338"
<br><br><br>string(16) "roberta.amfranca"
string(26) "Cantidad de follows = 3377"
<br><br><br>string(15) "doceriaanaester"
string(26) "Cantidad de follows = 3891"
<br><br><br>string(10) "kathguedes"
string(27) "Cantidad de follows = 43040"
<br><br><br>string(13) "tubaraocenter"
string(26) "Cantidad de follows = 6324"
<br><br><br>object(stdClass)#219 (2) {
  ["id"]=>
  string(5) "29702"
  ["login"]=>
  string(6) "zayrnm"
}
string(9) "chefeeddy"
string(27) "Cantidad de follows = 13199"
<br><br><br>string(10) "acasadecat"
string(27) "Cantidad de follows = 11342"
<br><br><br>string(20) "oficialforroperfeito"
string(27) "Cantidad de follows = 49896"
<br><br><br>string(14) "orabolasbrecho"
string(26) "Cantidad de follows = 2992"
<br><br><br>string(11) "thekingboy_"
string(27) "Cantidad de follows = 17729"
<br><br><br>string(15) "vanessa.wysocki"
string(26) "Cantidad de follows = 3605"
<br><br><br>string(11) "rique.silva"
string(26) "Cantidad de follows = 4985"
<br><br><br>string(22) "gabriellacarvalhostore"
string(27) "Cantidad de follows = 33997"
<br><br><br>string(14) "lojanowfitness"
string(26) "Cantidad de follows = 3983"
<br><br><br>string(8) "mapoiani"
string(26) "Cantidad de follows = 6118"
<br><br><br>string(14) "salaostudiosbc"
string(26) "Cantidad de follows = 1792"
<br><br><br>string(19) "studying_the_secret"
string(26) "Cantidad de follows = 2751"
<br><br><br>string(23) "studiohairinternacional"
string(26) "Cantidad de follows = 5359"
<br><br><br>string(9) "ahdireito"
string(26) "Cantidad de follows = 5402"
<br><br><br>string(7) "kabonkk"
string(26) "Cantidad de follows = 4023"
<br><br><br>string(10) "companyate"
string(25) "Cantidad de follows = 111"
<br><br><br>string(12) "djdavisantos"
string(26) "Cantidad de follows = 8410"
<br><br><br>string(14) "rafaellmoraess"
string(25) "Cantidad de follows = 849"
<br><br><br>string(22) "syflariluminacaoimport"
string(26) "Cantidad de follows = 1843"
<br><br><br>object(stdClass)#40 (2) {
  ["id"]=>
  string(5) "29883"
  ["login"]=>
  string(12) "grupo.efraim"
}
object(stdClass)#185 (2) {
  ["id"]=>
  string(5) "29884"
  ["login"]=>
  string(17) "efraimhoteleflats"
}
string(30) "rpcontrollerinsetodedetizadora"
string(25) "Cantidad de follows = 165"
<br><br><br>string(12) "raunierporto"
string(26) "Cantidad de follows = 3096"
<br><br><br>string(11) "marciabotam"
string(26) "Cantidad de follows = 3854"
<br><br><br>object(stdClass)#179 (2) {
  ["id"]=>
  string(5) "29901"
  ["login"]=>
  string(8) "1jonhbjj"
}
object(stdClass)#166 (2) {
  ["id"]=>
  string(5) "29918"
  ["login"]=>
  string(9) "odeiopera"
}
object(stdClass)#179 (2) {
  ["id"]=>
  string(5) "29932"
  ["login"]=>
  string(11) "eufeearruda"
}
string(11) "tclaranunes"
string(26) "Cantidad de follows = 1796"
<br><br><br>string(19) "alaskaclothingstore"
string(26) "Cantidad de follows = 2289"
<br><br><br>string(14) "gkt_kickboxing"
string(26) "Cantidad de follows = 1636"
<br><br><br>string(19) "character.design.gk"
string(26) "Cantidad de follows = 1188"
<br><br><br>object(stdClass)#131 (2) {
  ["id"]=>
  string(5) "29964"
  ["login"]=>
  string(12) "blogdoarinos"
}
object(stdClass)#21 (2) {
  ["id"]=>
  string(5) "29965"
  ["login"]=>
  string(12) "bela.morenaa"
}
string(24) "leandroquelucifotografia"
string(26) "Cantidad de follows = 3185"
<br><br><br>string(19) "generalstorefitness"
string(26) "Cantidad de follows = 3788"
<br><br><br>string(15) "acervomodasda44"
string(26) "Cantidad de follows = 5687"
<br><br><br>string(12) "mama_costhay"
string(26) "Cantidad de follows = 4868"
<br><br><br>string(17) "ginetom_rodrigues"
string(26) "Cantidad de follows = 7913"
<br><br><br>string(13) "brunnooctavio"
string(25) "Cantidad de follows = 983"
<br><br><br>object(stdClass)#40 (2) {
  ["id"]=>
  string(5) "29996"
  ["login"]=>
  string(12) "doug0liveira"
}
string(10) "gutt_carol"
string(27) "Cantidad de follows = 12060"
<br><br><br>string(9) "hulkdutra"
string(27) "Cantidad de follows = 13393"
<br><br><br>string(16) "camilaguerreiroo"
string(26) "Cantidad de follows = 2380"
<br><br><br>string(15) "sandymakecabelo"
string(26) "Cantidad de follows = 6656"
<br><br><br>string(15) "copaciadvogados"
string(25) "Cantidad de follows = 679"
<br><br><br>string(18) "diegocamargotattoo"
string(26) "Cantidad de follows = 3319"
<br><br><br>string(17) "entretenimento.pe"
string(26) "Cantidad de follows = 3425"
<br><br><br>string(17) "alicemelomakehair"
string(26) "Cantidad de follows = 6783"
<br><br><br>object(stdClass)#175 (2) {
  ["id"]=>
  string(5) "30051"
  ["login"]=>
  string(11) "tuguinha.tv"
}
string(13) "rentar.com.do"
string(27) "Cantidad de follows = 11615"
<br><br><br>string(15) "eriosvaldodiniz"
string(26) "Cantidad de follows = 1622"
<br><br><br>string(11) "gustavo_ono"
string(26) "Cantidad de follows = 5465"
<br><br><br>string(15) "canilredbroncos"
string(26) "Cantidad de follows = 1888"
<br><br><br>string(9) "_brokerst"
string(25) "Cantidad de follows = 303"
<br><br><br>string(14) "lifeprojectone"
string(26) "Cantidad de follows = 1882"
<br><br><br>string(16) "disfranco.motors"
string(26) "Cantidad de follows = 3027"
<br><br><br>string(6) "bomf17"
string(25) "Cantidad de follows = 867"
<br><br><br>string(12) "aliicemello_"
string(26) "Cantidad de follows = 2488"
<br><br><br>string(11) "_bellaforma"
string(27) "Cantidad de follows = 71455"
<br><br><br>string(10) "bruruschel"
string(27) "Cantidad de follows = 11910"
<br><br><br>string(9) "murilooc7"
string(26) "Cantidad de follows = 4534"
<br><br><br>string(9) "a7madov95"
string(25) "Cantidad de follows = 246"
<br><br><br>string(7) "a_mayla"
string(25) "Cantidad de follows = 751"
<br><br><br>string(13) "lidiafeitosa4"
string(26) "Cantidad de follows = 2798"
<br><br><br>string(10) "smokeseila"
string(25) "Cantidad de follows = 649"
<br><br><br>string(10) "rikdelucca"
string(26) "Cantidad de follows = 3669"
<br><br><br>string(19) "corretoracavalcante"
string(25) "Cantidad de follows = 839"
<br><br><br>object(stdClass)#163 (2) {
  ["id"]=>
  string(5) "30218"
  ["login"]=>
  string(14) "thaisaschayder"
}
string(13) "hueskerbrasil"
string(26) "Cantidad de follows = 3793"
<br><br><br>string(22) "rodrigoranchodascabras"
string(25) "Cantidad de follows = 955"
<br><br><br>object(stdClass)#218 (2) {
  ["id"]=>
  string(5) "30232"
  ["login"]=>
  string(15) "arisson_jessica"
}
object(stdClass)#27 (2) {
  ["id"]=>
  string(5) "30257"
  ["login"]=>
  string(13) "nathaly_llima"
}
string(21) "laraharantes.piercing"
string(26) "Cantidad de follows = 3231"
<br><br><br>string(11) "maitemellim"
string(26) "Cantidad de follows = 1961"
<br><br><br>string(10) "criptobraz"
string(25) "Cantidad de follows = 699"
<br><br><br>string(14) "meuprojeto.fit"
string(26) "Cantidad de follows = 2124"
<br><br><br>object(stdClass)#25 (2) {
  ["id"]=>
  string(5) "30286"
  ["login"]=>
  string(15) "cmo_odontologia"
}
object(stdClass)#26 (2) {
  ["id"]=>
  string(5) "30293"
  ["login"]=>
  string(14) "ketellenfelix1"
}
string(14) "biel_do_cavaco"
string(27) "Cantidad de follows = 19450"
<br><br><br>string(9) "netto_ull"
string(25) "Cantidad de follows = 612"
<br><br><br>string(11) "nandokounat"
string(27) "Cantidad de follows = 19509"
<br><br><br>object(stdClass)#139 (2) {
  ["id"]=>
  string(5) "30317"
  ["login"]=>
  string(14) "easyartgrafica"
}
string(15) "studio_beauty15"
string(26) "Cantidad de follows = 1042"
<br><br><br>string(18) "julio_sosa_imoveis"
string(25) "Cantidad de follows = 796"
<br><br><br>string(10) "canelihome"
string(26) "Cantidad de follows = 3733"
<br><br><br>string(9) "josergm86"
string(26) "Cantidad de follows = 7204"
<br><br><br>string(11) "katiaalbany"
string(26) "Cantidad de follows = 4738"
<br><br><br>string(11) "leandramora"
string(26) "Cantidad de follows = 4794"
<br><br><br>object(stdClass)#59 (2) {
  ["id"]=>
  string(5) "30380"
  ["login"]=>
  string(7) "_lrnnym"
}
string(17) "festivalnovomundo"
string(26) "Cantidad de follows = 4416"
<br><br><br>string(10) "odavilemos"
string(27) "Cantidad de follows = 13338"
<br><br><br>string(20) "clebsonfrancaoficial"
string(26) "Cantidad de follows = 2220"
<br><br><br>string(15) "mamaesemmanuais"
string(27) "Cantidad de follows = 11479"
<br><br><br>string(13) "victorcastelo"
string(26) "Cantidad de follows = 1196"
<br><br><br>string(17) "fabricio.physique"
string(27) "Cantidad de follows = 11476"
<br><br><br>string(15) "rafaelfsantanaa"
string(25) "Cantidad de follows = 752"
<br><br><br>object(stdClass)#49 (2) {
  ["id"]=>
  string(5) "30436"
  ["login"]=>
  string(15) "kawlicheski1993"
}
string(10) "facamerirr"
string(26) "Cantidad de follows = 3417"
<br><br><br>string(10) "linoamanda"
string(27) "Cantidad de follows = 10112"
<br><br><br>string(10) "_lorecosta"
string(26) "Cantidad de follows = 2111"
<br><br><br>string(21) "clara.goldenretriever"
string(26) "Cantidad de follows = 3639"
<br><br><br>string(14) "andre.grupoark"
string(26) "Cantidad de follows = 4188"
<br><br><br>string(13) "espacoubaense"
string(26) "Cantidad de follows = 2134"
<br><br><br>string(14) "photoboxbrasil"
string(26) "Cantidad de follows = 2837"
<br><br><br>string(13) "luiara_helmer"
string(26) "Cantidad de follows = 5042"
<br><br><br>string(7) "dul_fcy"
string(26) "Cantidad de follows = 2955"
<br><br><br>string(26) "emporiodapapinhasantoandre"
string(26) "Cantidad de follows = 5511"
<br><br><br>string(15) "rayanemarchetta"
string(26) "Cantidad de follows = 1714"
<br><br><br>string(13) "karol_nunes00"
string(26) "Cantidad de follows = 3583"
<br><br><br>string(10) "apedesign_"
string(26) "Cantidad de follows = 2732"
<br><br><br>string(9) "danilelah"
string(26) "Cantidad de follows = 5176"
<br><br><br>string(8) "kevinm5m"
string(26) "Cantidad de follows = 7381"
<br><br><br>string(12) "noahestetica"
string(26) "Cantidad de follows = 8838"
<br><br><br>string(9) "casadovaz"
string(26) "Cantidad de follows = 7281"
<br><br><br>string(8) "arena7bh"
string(26) "Cantidad de follows = 4390"
<br><br><br>object(stdClass)#84 (2) {
  ["id"]=>
  string(5) "30581"
  ["login"]=>
  string(13) "mathoficialbr"
}
string(17) "jonatas.batistela"
string(27) "Cantidad de follows = 16075"
<br><br><br>string(10) "queirozloo"
string(26) "Cantidad de follows = 3694"
<br><br><br>object(stdClass)#41 (2) {
  ["id"]=>
  string(5) "30593"
  ["login"]=>
  string(12) "rogersiiilva"
}
string(11) "marci0viana"
string(26) "Cantidad de follows = 1315"
<br><br><br>string(16) "chefsheiladuarte"
string(26) "Cantidad de follows = 1038"
<br><br><br>string(8) "itsredtv"
string(27) "Cantidad de follows = 44872"
<br><br><br>object(stdClass)#139 (2) {
  ["id"]=>
  string(5) "30622"
  ["login"]=>
  string(8) "lorisfaz"
}
object(stdClass)#180 (2) {
  ["id"]=>
  string(5) "30623"
  ["login"]=>
  string(20) "emagrecer_ja_oficial"
}
string(19) "tamyparadorneptunia"
string(26) "Cantidad de follows = 5847"
<br><br><br>string(9) "gabicoach"
string(26) "Cantidad de follows = 3470"
<br><br><br>object(stdClass)#104 (2) {
  ["id"]=>
  string(5) "30648"
  ["login"]=>
  string(14) "amanda3santana"
}
string(8) "crecleao"
string(26) "Cantidad de follows = 3245"
<br><br><br>string(10) "elluhalves"
string(26) "Cantidad de follows = 5220"
<br><br><br>string(18) "mixsushicafebistek"
string(26) "Cantidad de follows = 5904"
<br><br><br>string(16) "f1ciaimobiliaria"
string(26) "Cantidad de follows = 3333"
<br><br><br>string(15) "vitor_honorato3"
string(26) "Cantidad de follows = 1138"
<br><br><br>string(13) "veneno_daseda"
string(26) "Cantidad de follows = 2072"
<br><br><br>string(10) "mc2turismo"
string(27) "Cantidad de follows = 17847"
<br><br><br>string(19) "erickakamineoficial"
string(26) "Cantidad de follows = 6605"
<br><br><br>string(11) "fredmunizrj"
string(26) "Cantidad de follows = 1523"
<br><br><br>object(stdClass)#172 (2) {
  ["id"]=>
  string(5) "30718"
  ["login"]=>
  string(16) "luis.fernando.br"
}
string(17) "drasheilawatanabe"
string(26) "Cantidad de follows = 1788"
<br><br><br>string(12) "laysasmacedo"
string(26) "Cantidad de follows = 2858"
<br><br><br>string(17) "creativapapelaria"
string(25) "Cantidad de follows = 332"
<br><br><br>string(11) "aondeiremsp"
string(27) "Cantidad de follows = 25651"
<br><br><br>object(stdClass)#164 (2) {
  ["id"]=>
  string(5) "30815"
  ["login"]=>
  string(6) "79_app"
}
string(15) "dioceliogoulart"
string(27) "Cantidad de follows = 19099"
<br><br><br>string(15) "victorperazzini"
string(26) "Cantidad de follows = 2589"
<br><br><br>string(12) "alberto_test"
string(25) "Cantidad de follows = 307"
<br><br><br>string(13) "fassegseguros"
string(26) "Cantidad de follows = 7127"
<br><br><br>string(18) "giovanni.consultor"
string(25) "Cantidad de follows = 939"
<br><br><br>string(17) "coach.jorgeamorim"
string(25) "Cantidad de follows = 993"
<br><br><br>string(16) "blessedmaemequer"
string(27) "Cantidad de follows = 17123"
<br><br><br>string(15) "baile_de_camelo"
string(25) "Cantidad de follows = 766"
<br><br><br>string(13) "dentistabruna"
string(25) "Cantidad de follows = 192"
<br><br><br>string(11) "chicomorais"
string(26) "Cantidad de follows = 4620"
<br><br><br>string(13) "adrianemayumi"
string(27) "Cantidad de follows = 13985"
<br><br><br>string(14) "dresscode.byrm"
string(25) "Cantidad de follows = 234"
<br><br><br>object(stdClass)#60 (2) {
  ["id"]=>
  string(5) "30911"
  ["login"]=>
  string(15) "alynemultiforme"
}
string(15) "ehpralaqueeuvou"
string(26) "Cantidad de follows = 1256"
<br><br><br>string(14) "douglasvwalker"
string(26) "Cantidad de follows = 1775"
<br><br><br>string(8) "dazz.777"
string(26) "Cantidad de follows = 1007"
<br><br><br>string(14) "rafaella_neves"
string(26) "Cantidad de follows = 3750"
<br><br><br>string(8) "soueuwal"
string(26) "Cantidad de follows = 1639"
<br><br><br>string(22) "lacosdasmeninasoficial"
string(26) "Cantidad de follows = 2232"
<br><br><br>string(13) "talitamcostta"
string(25) "Cantidad de follows = 584"
<br><br><br>object(stdClass)#10 (2) {
  ["id"]=>
  string(5) "30989"
  ["login"]=>
  string(8) "pionunes"
}
string(18) "confeitariadagabi_"
string(24) "Cantidad de follows = 63"
<br><br><br>string(14) "brunoalvarez.1"
string(25) "Cantidad de follows = 597"
<br><br><br>string(10) "1989closet"
string(26) "Cantidad de follows = 5849"
<br><br><br>string(12) "jumota_decor"
string(26) "Cantidad de follows = 1694"
<br><br><br>string(16) "marmitinhaslight"
string(26) "Cantidad de follows = 2653"
<br><br><br>string(24) "leoart_desing_paisagismo"
string(26) "Cantidad de follows = 6398"
<br><br><br>string(14) "carolfroemming"
string(26) "Cantidad de follows = 7092"
<br><br><br>object(stdClass)#70 (2) {
  ["id"]=>
  string(5) "31076"
  ["login"]=>
  string(24) "priscilaaparecidasantoss"
}
object(stdClass)#91 (2) {
  ["id"]=>
  string(5) "31080"
  ["login"]=>
  string(9) "chio18789"
}
string(13) "kasamor_store"
string(26) "Cantidad de follows = 2330"
<br><br><br>string(13) "thamysilva201"
string(26) "Cantidad de follows = 4058"
<br><br><br>string(10) "alexrssp12"
string(25) "Cantidad de follows = 310"
<br><br><br>string(14) "silvio.cesarjr"
string(24) "Cantidad de follows = 56"
<br><br><br>string(12) "levis_tudouu"
string(27) "Cantidad de follows = 16506"
<br><br><br>string(8) "euogomez"
string(26) "Cantidad de follows = 2483"
<br><br><br>string(14) "amorefeoficial"
string(26) "Cantidad de follows = 4980"
<br><br><br>string(15) "studioambientes"
string(27) "Cantidad de follows = 14460"
<br><br><br>string(12) "gomilkbrasil"
string(26) "Cantidad de follows = 1049"
<br><br><br>string(13) "gomed.digital"
string(26) "Cantidad de follows = 2297"
<br><br><br>object(stdClass)#35 (2) {
  ["id"]=>
  string(5) "31133"
  ["login"]=>
  string(6) "lv_luh"
}
string(8) "curyamin"
string(25) "Cantidad de follows = 758"
<br><br><br>string(11) "stancefight"
string(27) "Cantidad de follows = 33618"
<br><br><br>string(19) "medconsultingbrasil"
string(27) "Cantidad de follows = 11946"
<br><br><br>string(3) "usa"
string(26) "Cantidad de follows = 4640"
<br><br><br>string(8) "voa_hati"
string(26) "Cantidad de follows = 2969"
<br><br><br>string(18) "robsonbarbosacoach"
string(26) "Cantidad de follows = 6123"
<br><br><br>string(10) "yasmincgr_"
string(26) "Cantidad de follows = 1096"
<br><br><br>string(14) "kharlos_soares"
string(25) "Cantidad de follows = 205"
<br><br><br>string(19) "chrystopher.gabriel"
string(25) "Cantidad de follows = 325"
<br><br><br>string(7) "nega.93"
string(27) "Cantidad de follows = 10632"
<br><br><br>string(13) "cahrlossoares"
string(24) "Cantidad de follows = 63"
<br><br><br>string(8) "emillymv"
string(26) "Cantidad de follows = 4048"
<br><br><br>string(11) "_j.o.a.o___"
string(25) "Cantidad de follows = 189"
<br><br><br>string(14) "antonioportes_"
string(25) "Cantidad de follows = 231"
<br><br><br>string(14) "samo_oliveiraa"
string(25) "Cantidad de follows = 756"
<br><br><br>string(12) "aleehzinho_t"
string(25) "Cantidad de follows = 174"
<br><br><br>string(15) "jonasfahelysson"
string(26) "Cantidad de follows = 6901"
<br><br><br>string(13) "mari_azeredo_"
string(25) "Cantidad de follows = 764"
<br><br><br>string(18) "clinicaformighieri"
string(26) "Cantidad de follows = 2176"
<br><br><br>string(10) "guiturner_"
string(26) "Cantidad de follows = 8891"
<br><br><br>string(14) "carloskpulling"
string(28) "Cantidad de follows = 112244"
<br><br><br>string(10) "oppaviajei"
string(25) "Cantidad de follows = 734"
<br><br><br>string(15) "jujucoelhopinto"
string(27) "Cantidad de follows = 28228"
<br><br><br>string(13) "gersonaraujo_"
string(26) "Cantidad de follows = 2261"
<br><br><br>object(stdClass)#19 (2) {
  ["id"]=>
  string(5) "31318"
  ["login"]=>
  string(11) "josiasnetoo"
}
string(19) "blogsairdozeroagora"
string(26) "Cantidad de follows = 1266"
<br><br><br>object(stdClass)#19 (2) {
  ["id"]=>
  string(5) "31325"
  ["login"]=>
  string(18) "neonprodutorapromo"
}
object(stdClass)#181 (2) {
  ["id"]=>
  string(5) "31326"
  ["login"]=>
  string(6) "djrat_"
}
object(stdClass)#19 (2) {
  ["id"]=>
  string(5) "31337"
  ["login"]=>
  string(23) "anderson_diego_oliveira"
}
string(19) "anacarlarodrigues19"
string(26) "Cantidad de follows = 3021"
<br><br><br>object(stdClass)#19 (2) {
  ["id"]=>
  string(5) "31346"
  ["login"]=>
  string(15) "siimoneepereira"
}
string(13) "jubart_design"
string(25) "Cantidad de follows = 630"
<br><br><br>string(19) "bellkeyprofessional"
string(26) "Cantidad de follows = 1698"
<br><br><br>string(8) "ealine._"
string(26) "Cantidad de follows = 4787"
<br><br><br>string(8) "wheresje"
string(28) "Cantidad de follows = 127071"
<br><br><br>object(stdClass)#180 (2) {
  ["id"]=>
  string(5) "31394"
  ["login"]=>
  string(12) "ronyfgomesss"
}
string(16) "jhonatha_feitosa"
string(26) "Cantidad de follows = 1187"
<br><br><br>string(15) "blena.nathallya"
string(26) "Cantidad de follows = 1090"
<br><br><br>string(10) "edersonflx"
string(26) "Cantidad de follows = 6838"
<br><br><br>string(23) "tridorimpermebializacao"
string(25) "Cantidad de follows = 222"
<br><br><br>string(9) "jehdpires"
string(25) "Cantidad de follows = 805"
<br><br><br>string(18) "emagrecer_agora.br"
string(26) "Cantidad de follows = 1126"
<br><br><br>string(9) "caio_luka"
string(25) "Cantidad de follows = 337"
<br><br><br>string(10) "brasil.anb"
string(25) "Cantidad de follows = 703"
<br><br><br>string(19) "jeanpiresfotografia"
string(26) "Cantidad de follows = 1102"
<br><br><br>object(stdClass)#132 (2) {
  ["id"]=>
  string(5) "31483"
  ["login"]=>
  string(12) "canutoandree"
}
string(15) "charles_gsilvaa"
string(26) "Cantidad de follows = 1886"
<br><br><br>string(15) "theluccassantos"
string(26) "Cantidad de follows = 1165"
<br><br><br>string(10) "biih_faith"
string(26) "Cantidad de follows = 1467"
<br><br><br>string(18) "leonardomonteiro00"
string(25) "Cantidad de follows = 892"
<br><br><br>string(17) "carlafagundesblog"
string(26) "Cantidad de follows = 6219"
<br><br><br>string(13) "aguedamaurien"
string(26) "Cantidad de follows = 2580"
<br><br><br>string(13) "pedrosagfteam"
string(26) "Cantidad de follows = 1894"
<br><br><br>string(9) "eusoudaro"
string(26) "Cantidad de follows = 1659"
<br><br><br>string(14) "caiquefregnani"
string(27) "Cantidad de follows = 10912"
<br><br><br>string(14) "heitorsoares.c"
string(26) "Cantidad de follows = 7895"
<br><br><br>string(21) "mulheres_que_se_amam_"
string(24) "Cantidad de follows = 72"
<br><br><br>string(17) "marco.suplementos"
string(27) "Cantidad de follows = 10132"
<br><br><br>string(8) "tetovivo"
string(26) "Cantidad de follows = 2016"
<br><br><br>string(14) "andrewanderley"
string(26) "Cantidad de follows = 3624"
<br><br><br>string(9) "vitormc83"
string(25) "Cantidad de follows = 176"
<br><br><br>string(8) "_lsilvva"
string(26) "Cantidad de follows = 6226"
<br><br><br>string(17) "clube_das_gostosa"
string(26) "Cantidad de follows = 2262"
<br><br><br>string(17) "esteticista_julia"
string(25) "Cantidad de follows = 640"
<br><br><br>string(10) "kauadellon"
string(25) "Cantidad de follows = 972"
<br><br><br>string(20) "divulgageraisoficial"
string(27) "Cantidad de follows = 21029"
<br><br><br>string(18) "dr.grimaldobicalho"
string(26) "Cantidad de follows = 1724"
<br><br><br>object(stdClass)#168 (2) {
  ["id"]=>
  string(5) "31679"
  ["login"]=>
  string(13) "eiandrecanuto"
}
string(10) "mariodj.uy"
string(26) "Cantidad de follows = 2047"
<br><br><br>string(14) "stephanmarinho"
string(26) "Cantidad de follows = 7071"
<br><br><br>string(9) "misouza07"
string(25) "Cantidad de follows = 719"
<br><br><br>string(16) "glaubritooficial"
string(26) "Cantidad de follows = 2212"
<br><br><br>string(18) "anacarolinefavacho"
string(26) "Cantidad de follows = 1171"
<br><br><br>string(17) "natpharmafarmacia"
string(25) "Cantidad de follows = 756"
<br><br><br>string(13) "tablesdecorpy"
string(25) "Cantidad de follows = 656"
<br><br><br>string(18) "julianasilvaespaco"
string(26) "Cantidad de follows = 1243"
<br><br><br>string(22) "alice_carvalho_oficial"
string(26) "Cantidad de follows = 1541"
<br><br><br>string(14) "juliaparanhos_"
string(27) "Cantidad de follows = 41425"
<br><br><br>string(18) "rannabeckeroficial"
string(27) "Cantidad de follows = 20272"
<br><br><br>string(13) "gomesterapias"
string(27) "Cantidad de follows = 48759"
<br><br><br>string(10) "filhoteeco"
string(27) "Cantidad de follows = 32717"
<br><br><br>object(stdClass)#10 (2) {
  ["id"]=>
  string(5) "31757"
  ["login"]=>
  string(15) "umbr_no_youtube"
}
string(12) "jeff_valerio"
string(25) "Cantidad de follows = 402"
<br><br><br>string(12) "calmbunnypet"
string(25) "Cantidad de follows = 634"
<br><br><br>string(9) "equipe.dx"
string(26) "Cantidad de follows = 2474"
<br><br><br>string(11) "mr.andyarte"
string(25) "Cantidad de follows = 346"
<br><br><br>string(12) "401loungebar"
string(26) "Cantidad de follows = 6799"
<br><br><br>string(14) "edinhotattoojc"
string(27) "Cantidad de follows = 10919"
<br><br><br>string(16) "claudio__soaress"
string(25) "Cantidad de follows = 154"
<br><br><br>string(17) "eduardo_purapesca"
string(28) "Cantidad de follows = 118512"
<br><br><br>string(18) "psi.brunarodrigues"
string(25) "Cantidad de follows = 183"
<br><br><br>string(14) "dillyscoralick"
string(26) "Cantidad de follows = 7971"
<br><br><br>string(15) "vitorhugomsouza"
string(25) "Cantidad de follows = 216"
<br><br><br>string(21) "maktubemiratessbrasil"
string(25) "Cantidad de follows = 214"
<br><br><br>string(8) "opldecor"
string(25) "Cantidad de follows = 244"
<br><br><br>string(8) "yslaoker"
string(24) "Cantidad de follows = 16"
<br><br><br>string(15) "brunoxavierhair"
string(27) "Cantidad de follows = 14542"
<br><br><br>\n<br>JOB DONE!!!<br>\n2018-10-22 07:59:39am