DAILY REPORT Inited...!<br>
2018-10-19 06:30:02am<br>
string(14) "alberto_dreyes"
string(27) "Cantidad de follows = 14376"
<br><br><br>string(19) "opiniaoconservadora"
string(27) "Cantidad de follows = 58015"
<br><br><br>string(17) "sibitecomunicacao"
string(27) "Cantidad de follows = 10235"
<br><br><br>string(11) "mo.taniguti"
string(27) "Cantidad de follows = 20823"
<br><br><br>object(stdClass)#30 (2) {
  ["id"]=>
  string(3) "146"
  ["login"]=>
  string(12) "auepromocoes"
}
string(23) "jeunesse_bycrislafratta"
string(25) "Cantidad de follows = 185"
<br><br><br>string(12) "lily.s.alves"
string(26) "Cantidad de follows = 2082"
<br><br><br>string(10) "powerlook_"
string(27) "Cantidad de follows = 60797"
<br><br><br>object(stdClass)#12 (2) {
  ["id"]=>
  string(3) "245"
  ["login"]=>
  string(18) "xodozinho.retratos"
}
object(stdClass)#23 (2) {
  ["id"]=>
  string(3) "867"
  ["login"]=>
  string(14) "joaovictorjvb1"
}
object(stdClass)#12 (2) {
  ["id"]=>
  string(4) "1059"
  ["login"]=>
  string(8) "graverrj"
}
string(7) "ma_luco"
string(27) "Cantidad de follows = 28589"
<br><br><br>string(12) "carlloooooss"
string(26) "Cantidad de follows = 1293"
<br><br><br>string(15) "sapatodochef.pa"
string(26) "Cantidad de follows = 2366"
<br><br><br>object(stdClass)#223 (2) {
  ["id"]=>
  string(4) "2175"
  ["login"]=>
  string(10) "vireiloira"
}
string(18) "mercadomodelobahia"
string(26) "Cantidad de follows = 9044"
<br><br><br>string(11) "thayscalmon"
string(26) "Cantidad de follows = 5289"
<br><br><br>string(11) "decoremundo"
string(27) "Cantidad de follows = 14369"
<br><br><br>string(9) "decorcool"
string(23) "Cantidad de follows = 7"
<br><br><br>string(8) "fragabar"
string(26) "Cantidad de follows = 4340"
<br><br><br>object(stdClass)#196 (2) {
  ["id"]=>
  string(4) "4236"
  ["login"]=>
  string(8) "lorenaym"
}
string(11) "pamelaotero"
string(27) "Cantidad de follows = 46168"
<br><br><br>string(19) "starpointcollection"
string(27) "Cantidad de follows = 12651"
<br><br><br>string(9) "katiacsdc"
string(27) "Cantidad de follows = 18284"
<br><br><br>string(14) "grazielialvess"
string(27) "Cantidad de follows = 21541"
<br><br><br>string(22) "dra_barbaravasconcelos"
string(27) "Cantidad de follows = 24252"
<br><br><br>string(21) "comandantedochurrasco"
string(27) "Cantidad de follows = 56646"
<br><br><br>string(12) "40antesdos40"
string(27) "Cantidad de follows = 28130"
<br><br><br>string(16) "drricardopalacio"
string(27) "Cantidad de follows = 25808"
<br><br><br>string(12) "pollyruffini"
string(26) "Cantidad de follows = 7279"
<br><br><br>string(14) "carlos_skatmar"
string(26) "Cantidad de follows = 2358"
<br><br><br>string(10) "star_point"
string(27) "Cantidad de follows = 32803"
<br><br><br>string(8) "rruizmma"
string(27) "Cantidad de follows = 47058"
<br><br><br>string(8) "dumbu.09"
string(26) "Cantidad de follows = 7676"
<br><br><br>string(14) "marcosp.medina"
string(26) "Cantidad de follows = 4050"
<br><br><br>string(11) "sandrozion7"
string(27) "Cantidad de follows = 21032"
<br><br><br>string(17) "grandville_hoteis"
string(27) "Cantidad de follows = 12695"
<br><br><br>string(11) "josiasdiass"
string(27) "Cantidad de follows = 18097"
<br><br><br>string(18) "barbaracampospalma"
string(26) "Cantidad de follows = 8695"
<br><br><br>string(9) "telless13"
string(27) "Cantidad de follows = 14112"
<br><br><br>string(13) "bandamegafire"
string(27) "Cantidad de follows = 23342"
<br><br><br>string(17) "sosoportunidade10"
string(25) "Cantidad de follows = 963"
<br><br><br>string(18) "academia_king_thai"
string(26) "Cantidad de follows = 5072"
<br><br><br>string(13) "renatafontany"
string(27) "Cantidad de follows = 33259"
<br><br><br>string(14) "cabelosaugusto"
string(27) "Cantidad de follows = 23525"
<br><br><br>string(14) "brunocerqueira"
string(27) "Cantidad de follows = 10550"
<br><br><br>string(10) "noxboymike"
string(26) "Cantidad de follows = 5455"
<br><br><br>string(20) "juliobaptistaoficial"
string(28) "Cantidad de follows = 250786"
<br><br><br>string(21) "ateliermarielamoreira"
string(27) "Cantidad de follows = 15849"
<br><br><br>object(stdClass)#175 (2) {
  ["id"]=>
  string(5) "11096"
  ["login"]=>
  string(12) "michaelletjp"
}
object(stdClass)#185 (2) {
  ["id"]=>
  string(5) "11099"
  ["login"]=>
  string(13) "agostochuvoso"
}
string(11) "insultedboy"
string(26) "Cantidad de follows = 3518"
<br><br><br>string(11) "weilla_morg"
string(25) "Cantidad de follows = 948"
<br><br><br>string(11) "raphabritoo"
string(27) "Cantidad de follows = 16061"
<br><br><br>string(10) "vinihveiga"
string(26) "Cantidad de follows = 4083"
<br><br><br>object(stdClass)#178 (2) {
  ["id"]=>
  string(5) "11131"
  ["login"]=>
  string(14) "deliciasdoronk"
}
string(16) "duuduuzinhosilva"
string(26) "Cantidad de follows = 3038"
<br><br><br>string(9) "carlosbsg"
string(25) "Cantidad de follows = 922"
<br><br><br>string(12) "danndourado0"
string(27) "Cantidad de follows = 15121"
<br><br><br>object(stdClass)#165 (2) {
  ["id"]=>
  string(5) "11142"
  ["login"]=>
  string(7) "biel312"
}
string(11) "caiogrunupp"
string(26) "Cantidad de follows = 3307"
<br><br><br>string(11) "paullonunan"
string(26) "Cantidad de follows = 1435"
<br><br><br>string(12) "pablodiego15"
string(26) "Cantidad de follows = 1114"
<br><br><br>object(stdClass)#39 (2) {
  ["id"]=>
  string(5) "11230"
  ["login"]=>
  string(16) "_luferreiranunes"
}
string(14) "natan_mantelli"
string(25) "Cantidad de follows = 798"
<br><br><br>string(17) "antoniocarlos3627"
string(24) "Cantidad de follows = 44"
<br><br><br>string(11) "365_indubai"
string(27) "Cantidad de follows = 21947"
<br><br><br>object(stdClass)#173 (2) {
  ["id"]=>
  string(5) "11239"
  ["login"]=>
  string(12) "ceottosinuhe"
}
string(14) "vitoriaabritto"
string(27) "Cantidad de follows = 35025"
<br><br><br>string(11) "lojaoperapc"
string(27) "Cantidad de follows = 23904"
<br><br><br>string(12) "huealimentos"
string(26) "Cantidad de follows = 5142"
<br><br><br>string(13) "kstimportados"
string(26) "Cantidad de follows = 4385"
<br><br><br>string(7) "wi11see"
string(27) "Cantidad de follows = 11520"
<br><br><br>string(12) "s7_producoes"
string(26) "Cantidad de follows = 6005"
<br><br><br>string(12) "gabrielaribi"
string(26) "Cantidad de follows = 7614"
<br><br><br>string(17) "brunosennaimagens"
string(27) "Cantidad de follows = 13230"
<br><br><br>string(14) "maycowmontemor"
string(27) "Cantidad de follows = 32471"
<br><br><br>string(14) "alinemarcovici"
string(27) "Cantidad de follows = 18477"
<br><br><br>string(10) "junior.dev"
string(27) "Cantidad de follows = 17688"
<br><br><br>string(13) "amaassessoria"
string(26) "Cantidad de follows = 7654"
<br><br><br>string(11) "julisciotto"
string(27) "Cantidad de follows = 24347"
<br><br><br>string(14) "draalinehsilva"
string(27) "Cantidad de follows = 20183"
<br><br><br>string(13) "rodasemotores"
string(27) "Cantidad de follows = 14934"
<br><br><br>object(stdClass)#122 (2) {
  ["id"]=>
  string(5) "11758"
  ["login"]=>
  string(13) "euclaracampos"
}
string(19) "thamaraelisa.tattoo"
string(27) "Cantidad de follows = 14264"
<br><br><br>string(15) "megaminassports"
string(26) "Cantidad de follows = 6759"
<br><br><br>string(16) "agencia_portal37"
string(26) "Cantidad de follows = 3329"
<br><br><br>object(stdClass)#40 (2) {
  ["id"]=>
  string(5) "11792"
  ["login"]=>
  string(14) "hf_metalurgica"
}
string(13) "grillegourmet"
string(26) "Cantidad de follows = 5117"
<br><br><br>string(11) "davidkapper"
string(27) "Cantidad de follows = 13121"
<br><br><br>string(11) "7chavesfoto"
string(27) "Cantidad de follows = 11032"
<br><br><br>string(11) "joiaskether"
string(27) "Cantidad de follows = 19521"
<br><br><br>string(14) "luziasantana33"
string(28) "Cantidad de follows = 236423"
<br><br><br>string(13) "thiagovaleiro"
string(26) "Cantidad de follows = 3814"
<br><br><br>object(stdClass)#148 (2) {
  ["id"]=>
  string(5) "12434"
  ["login"]=>
  string(9) "dupicasso"
}
string(11) "laura_bergo"
string(26) "Cantidad de follows = 6425"
<br><br><br>string(15) "dra.raphabecker"
string(27) "Cantidad de follows = 19717"
<br><br><br>object(stdClass)#173 (2) {
  ["id"]=>
  string(5) "13880"
  ["login"]=>
  string(8) "letdaher"
}
string(9) "dgarciia_"
string(25) "Cantidad de follows = 864"
<br><br><br>string(10) "joaosurf12"
string(24) "Cantidad de follows = 97"
<br><br><br>string(8) "itsandco"
string(27) "Cantidad de follows = 20872"
<br><br><br>string(10) "ela_andrea"
string(27) "Cantidad de follows = 22484"
<br><br><br>string(14) "nafurtadocakes"
string(26) "Cantidad de follows = 6616"
<br><br><br>string(18) "castrolautoservice"
string(26) "Cantidad de follows = 9329"
<br><br><br>string(9) "livdrinks"
string(27) "Cantidad de follows = 47483"
<br><br><br>string(18) "portalautoshopping"
string(27) "Cantidad de follows = 12167"
<br><br><br>string(20) "manu.mamaeaoquadrado"
string(26) "Cantidad de follows = 9590"
<br><br><br>string(15) "odontowebschool"
string(27) "Cantidad de follows = 10563"
<br><br><br>string(9) "abarkeria"
string(27) "Cantidad de follows = 33577"
<br><br><br>object(stdClass)#60 (2) {
  ["id"]=>
  string(5) "15166"
  ["login"]=>
  string(14) "__fehholiveira"
}
string(10) "ninabaking"
string(26) "Cantidad de follows = 8948"
<br><br><br>string(10) "jgiordanoo"
string(27) "Cantidad de follows = 12505"
<br><br><br>string(18) "domhairfelippewill"
string(27) "Cantidad de follows = 11549"
<br><br><br>string(7) "pbpetti"
string(27) "Cantidad de follows = 39640"
<br><br><br>string(10) "psych0wolf"
string(25) "Cantidad de follows = 404"
<br><br><br>string(8) "andreiso"
string(26) "Cantidad de follows = 9526"
<br><br><br>string(13) "biadiascoelho"
string(26) "Cantidad de follows = 4877"
<br><br><br>string(8) "mytrips7"
string(25) "Cantidad de follows = 524"
<br><br><br>string(13) "directdireito"
string(27) "Cantidad de follows = 11208"
<br><br><br>string(12) "patrickvalle"
string(26) "Cantidad de follows = 3550"
<br><br><br>string(21) "lucianalauferofficial"
string(27) "Cantidad de follows = 18842"
<br><br><br>string(13) "matheuspercut"
string(26) "Cantidad de follows = 1153"
<br><br><br>string(10) "flavia_vdr"
string(27) "Cantidad de follows = 11259"
<br><br><br>object(stdClass)#18 (2) {
  ["id"]=>
  string(5) "16861"
  ["login"]=>
  string(14) "mickael_cortes"
}
string(16) "helder_del_monte"
string(27) "Cantidad de follows = 16236"
<br><br><br>string(18) "physicalpilates_bh"
string(26) "Cantidad de follows = 5615"
<br><br><br>string(13) "faleiroslaura"
string(27) "Cantidad de follows = 12888"
<br><br><br>string(11) "dannysetudo"
string(26) "Cantidad de follows = 9820"
<br><br><br>string(15) "portodepiranhas"
string(27) "Cantidad de follows = 10475"
<br><br><br>string(24) "contadordehistoriasreais"
string(27) "Cantidad de follows = 27561"
<br><br><br>string(6) "guil38"
string(26) "Cantidad de follows = 6619"
<br><br><br>string(22) "vacationhomeneardisney"
string(27) "Cantidad de follows = 19609"
<br><br><br>string(16) "drguilhermecravo"
string(26) "Cantidad de follows = 3160"
<br><br><br>string(6) "ossmkt"
string(26) "Cantidad de follows = 5295"
<br><br><br>string(10) "jhoneheber"
string(27) "Cantidad de follows = 23497"
<br><br><br>string(20) "justiniano0_official"
string(26) "Cantidad de follows = 2975"
<br><br><br>string(15) "sao_os_caipiras"
string(26) "Cantidad de follows = 9461"
<br><br><br>string(9) "acerickrj"
string(27) "Cantidad de follows = 12270"
<br><br><br>string(15) "leandrogarciadj"
string(27) "Cantidad de follows = 19434"
<br><br><br>string(14) "osnirhamburger"
string(26) "Cantidad de follows = 6879"
<br><br><br>string(8) "dutruffi"
string(27) "Cantidad de follows = 14182"
<br><br><br>string(9) "lschuback"
string(26) "Cantidad de follows = 7813"
<br><br><br>string(21) "carolinanortondematos"
string(27) "Cantidad de follows = 12086"
<br><br><br>object(stdClass)#168 (2) {
  ["id"]=>
  string(5) "18103"
  ["login"]=>
  string(22) "denisegoncalves.santos"
}
string(14) "ethianemarques"
string(25) "Cantidad de follows = 692"
<br><br><br>string(10) "synaraleal"
string(27) "Cantidad de follows = 16257"
<br><br><br>string(8) "trinjune"
string(23) "Cantidad de follows = 0"
<br><br><br>string(12) "holy_popcorn"
string(27) "Cantidad de follows = 10588"
<br><br><br>string(9) "eltranvia"
string(27) "Cantidad de follows = 15975"
<br><br><br>string(19) "diegogoulartoficial"
string(27) "Cantidad de follows = 20493"
<br><br><br>string(15) "cartolinadesign"
string(26) "Cantidad de follows = 5664"
<br><br><br>string(9) "quarto_22"
string(26) "Cantidad de follows = 5737"
<br><br><br>string(10) "blogdakeli"
string(24) "Cantidad de follows = 12"
<br><br><br>object(stdClass)#192 (2) {
  ["id"]=>
  string(5) "18816"
  ["login"]=>
  string(10) "lefitnessb"
}
string(9) "awsmining"
string(26) "Cantidad de follows = 4705"
<br><br><br>string(13) "willianabrito"
string(26) "Cantidad de follows = 6722"
<br><br><br>string(23) "eusoutestemunhadogolias"
string(25) "Cantidad de follows = 207"
<br><br><br>string(16) "tumsoundfestival"
string(26) "Cantidad de follows = 1518"
<br><br><br>string(18) "casalbioequilibrio"
string(27) "Cantidad de follows = 11248"
<br><br><br>string(13) "mimosearomaas"
string(26) "Cantidad de follows = 9306"
<br><br><br>object(stdClass)#171 (2) {
  ["id"]=>
  string(5) "19152"
  ["login"]=>
  string(17) "gventurinpersonal"
}
string(9) "fastfitsc"
string(26) "Cantidad de follows = 3598"
<br><br><br>string(11) "raif_tattoo"
string(27) "Cantidad de follows = 13245"
<br><br><br>string(10) "hustler.hc"
string(26) "Cantidad de follows = 2459"
<br><br><br>string(9) "isarengel"
string(26) "Cantidad de follows = 6775"
<br><br><br>string(12) "solus_online"
string(26) "Cantidad de follows = 4083"
<br><br><br>string(11) "refugiohoje"
string(27) "Cantidad de follows = 12416"
<br><br><br>string(13) "nati.fressato"
string(26) "Cantidad de follows = 7214"
<br><br><br>string(17) "calcadospaubrasil"
string(26) "Cantidad de follows = 8246"
<br><br><br>string(10) "daly_store"
string(27) "Cantidad de follows = 21708"
<br><br><br>string(11) "angelosciao"
string(26) "Cantidad de follows = 5242"
<br><br><br>string(6) "fuinha"
string(25) "Cantidad de follows = 194"
<br><br><br>string(10) "kombi_krug"
string(25) "Cantidad de follows = 511"
<br><br><br>string(12) "rekombinando"
string(26) "Cantidad de follows = 5977"
<br><br><br>string(15) "blogdasusantoss"
string(26) "Cantidad de follows = 5404"
<br><br><br>string(15) "diadeacessorios"
string(26) "Cantidad de follows = 2315"
<br><br><br>string(18) "christians.pereira"
string(26) "Cantidad de follows = 3756"
<br><br><br>string(28) "pedrowilsonrodriguespimentel"
string(26) "Cantidad de follows = 7702"
<br><br><br>string(15) "atelieluizrocha"
string(27) "Cantidad de follows = 10211"
<br><br><br>string(12) "bibiscamargo"
string(26) "Cantidad de follows = 2035"
<br><br><br>string(16) "centerperfumaria"
string(26) "Cantidad de follows = 5513"
<br><br><br>string(10) "pmelorocha"
string(26) "Cantidad de follows = 6333"
<br><br><br>object(stdClass)#54 (2) {
  ["id"]=>
  string(5) "20149"
  ["login"]=>
  string(14) "thaliaalvesdec"
}
string(12) "yasminndias_"
string(26) "Cantidad de follows = 9341"
<br><br><br>string(17) "jb_alves_educador"
string(26) "Cantidad de follows = 3542"
<br><br><br>string(24) "leonardosantosfotografia"
string(27) "Cantidad de follows = 39624"
<br><br><br>string(8) "sporttot"
string(24) "Cantidad de follows = 22"
<br><br><br>object(stdClass)#133 (2) {
  ["id"]=>
  string(5) "20503"
  ["login"]=>
  string(8) "chandler"
}
string(13) "ayllesantiago"
string(28) "Cantidad de follows = 141021"
<br><br><br>string(12) "maisonbiarro"
string(27) "Cantidad de follows = 30515"
<br><br><br>string(15) "iselamendozadec"
string(26) "Cantidad de follows = 6362"
<br><br><br>string(9) "bamboh.pt"
string(26) "Cantidad de follows = 2602"
<br><br><br>string(12) "redeentropia"
string(26) "Cantidad de follows = 5877"
<br><br><br>object(stdClass)#130 (2) {
  ["id"]=>
  string(5) "20682"
  ["login"]=>
  string(11) "farmapharma"
}
string(18) "calabriapizzariarj"
string(26) "Cantidad de follows = 2467"
<br><br><br>object(stdClass)#130 (2) {
  ["id"]=>
  string(5) "20818"
  ["login"]=>
  string(20) "cadillacs.pastelaria"
}
object(stdClass)#175 (2) {
  ["id"]=>
  string(5) "20927"
  ["login"]=>
  string(25) "missionariojairodossantos"
}
object(stdClass)#130 (2) {
  ["id"]=>
  string(5) "21062"
  ["login"]=>
  string(13) "jesuisluciano"
}
object(stdClass)#175 (2) {
  ["id"]=>
  string(5) "21230"
  ["login"]=>
  string(9) "vikatorsc"
}
string(19) "nicollystoreoficial"
string(26) "Cantidad de follows = 7522"
<br><br><br>object(stdClass)#175 (2) {
  ["id"]=>
  string(5) "21368"
  ["login"]=>
  string(18) "ricardoribeiro0013"
}
string(24) "ramossegurancaeletronica"
string(26) "Cantidad de follows = 3288"
<br><br><br>string(18) "camacariplazahotel"
string(26) "Cantidad de follows = 6286"
<br><br><br>string(13) "_telesgabriel"
string(26) "Cantidad de follows = 2830"
<br><br><br>string(12) "fbfabiolopes"
string(26) "Cantidad de follows = 8968"
<br><br><br>object(stdClass)#59 (2) {
  ["id"]=>
  string(5) "21517"
  ["login"]=>
  string(23) "biscuitporvictorialeite"
}
string(10) "trapburger"
string(26) "Cantidad de follows = 2634"
<br><br><br>string(20) "shoppingcasaedesign_"
string(26) "Cantidad de follows = 8786"
<br><br><br>string(9) "samiilly_"
string(27) "Cantidad de follows = 18217"
<br><br><br>object(stdClass)#111 (2) {
  ["id"]=>
  string(5) "21731"
  ["login"]=>
  string(9) "conhecaes"
}
string(7) "loirasn"
string(25) "Cantidad de follows = 192"
<br><br><br>string(15) "santasticauniao"
string(26) "Cantidad de follows = 6272"
<br><br><br>string(19) "embraconcondominios"
string(26) "Cantidad de follows = 4664"
<br><br><br>string(17) "hamburguinhomoema"
string(27) "Cantidad de follows = 60894"
<br><br><br>string(14) "vilmamartins_7"
string(26) "Cantidad de follows = 1306"
<br><br><br>string(12) "leticiajural"
string(26) "Cantidad de follows = 8475"
<br><br><br>string(8) "_zero100"
string(27) "Cantidad de follows = 52131"
<br><br><br>string(20) "lionrollingcircusrio"
string(27) "Cantidad de follows = 14610"
<br><br><br>string(9) "_nerdjunk"
string(26) "Cantidad de follows = 5348"
<br><br><br>string(10) "pilotelton"
string(27) "Cantidad de follows = 11345"
<br><br><br>string(14) "marcioancelmoo"
string(26) "Cantidad de follows = 4959"
<br><br><br>object(stdClass)#12 (2) {
  ["id"]=>
  string(5) "22627"
  ["login"]=>
  string(18) "lucaswiliamsoliver"
}
string(14) "kevinlorenzorj"
string(26) "Cantidad de follows = 3380"
<br><br><br>object(stdClass)#12 (2) {
  ["id"]=>
  string(5) "22701"
  ["login"]=>
  string(21) "falandodemaquiagem_01"
}
string(13) "georgemuchuli"
string(26) "Cantidad de follows = 7758"
<br><br><br>string(15) "wendell_alvess_"
string(24) "Cantidad de follows = 85"
<br><br><br>object(stdClass)#203 (2) {
  ["id"]=>
  string(5) "22786"
  ["login"]=>
  string(6) "jpzk02"
}
object(stdClass)#200 (2) {
  ["id"]=>
  string(5) "22791"
  ["login"]=>
  string(13) "rodrigues.exe"
}
object(stdClass)#203 (2) {
  ["id"]=>
  string(5) "22915"
  ["login"]=>
  string(10) "5000covers"
}
string(18) "marciomouraoficial"
string(27) "Cantidad de follows = 12421"
<br><br><br>object(stdClass)#203 (2) {
  ["id"]=>
  string(5) "23135"
  ["login"]=>
  string(15) "daniak_boutique"
}
string(23) "formatacaotccmonografia"
string(24) "Cantidad de follows = 95"
<br><br><br>string(6) "nekkow"
string(24) "Cantidad de follows = 15"
<br><br><br>string(5) "lucao"
string(25) "Cantidad de follows = 564"
<br><br><br>string(6) "lucao2"
string(25) "Cantidad de follows = 591"
<br><br><br>string(13) "marcelomarkes"
string(27) "Cantidad de follows = 19927"
<br><br><br>string(14) "dl_beautysalon"
string(26) "Cantidad de follows = 1953"
<br><br><br>string(15) "ariadinebarreto"
string(27) "Cantidad de follows = 14533"
<br><br><br>string(13) "canalsemjacar"
string(27) "Cantidad de follows = 14219"
<br><br><br>string(11) "hiratabreno"
string(27) "Cantidad de follows = 12582"
<br><br><br>string(14) "erickspimentel"
string(26) "Cantidad de follows = 2021"
<br><br><br>string(12) "jessicaiwata"
string(27) "Cantidad de follows = 34339"
<br><br><br>string(14) "dnaphotoevideo"
string(27) "Cantidad de follows = 29438"
<br><br><br>string(18) "gamecenterpaulista"
string(27) "Cantidad de follows = 10330"
<br><br><br>string(10) "pacofishrd"
string(26) "Cantidad de follows = 8056"
<br><br><br>string(14) "qualityhotelsd"
string(26) "Cantidad de follows = 1203"
<br><br><br>string(17) "isabellabofficial"
string(27) "Cantidad de follows = 13957"
<br><br><br>string(13) "alialioficial"
string(25) "Cantidad de follows = 675"
<br><br><br>string(15) "barbeariadoneno"
string(27) "Cantidad de follows = 13692"
<br><br><br>string(10) "plagamba01"
string(26) "Cantidad de follows = 2644"
<br><br><br>string(11) "oscarcauchi"
string(26) "Cantidad de follows = 3598"
<br><br><br>string(7) "18laras"
string(26) "Cantidad de follows = 1805"
<br><br><br>string(16) "entreomarealagoa"
string(26) "Cantidad de follows = 1690"
<br><br><br>string(9) "darlanred"
string(27) "Cantidad de follows = 21284"
<br><br><br>string(15) "riolisboabrasil"
string(25) "Cantidad de follows = 204"
<br><br><br>string(12) "studio4cinco"
string(26) "Cantidad de follows = 4940"
<br><br><br>string(13) "fabriciofabre"
string(26) "Cantidad de follows = 8592"
<br><br><br>string(22) "suamusicapersonalizada"
string(27) "Cantidad de follows = 11152"
<br><br><br>string(8) "kevinvem"
string(23) "Cantidad de follows = 5"
<br><br><br>string(12) "djallannatal"
string(27) "Cantidad de follows = 29502"
<br><br><br>string(15) "polpasempreviva"
string(27) "Cantidad de follows = 34455"
<br><br><br>string(8) "kessyaaa"
string(27) "Cantidad de follows = 11056"
<br><br><br>string(8) "celparra"
string(27) "Cantidad de follows = 10643"
<br><br><br>object(stdClass)#55 (2) {
  ["id"]=>
  string(5) "25524"
  ["login"]=>
  string(11) "tompson9345"
}
object(stdClass)#83 (2) {
  ["id"]=>
  string(5) "25571"
  ["login"]=>
  string(14) "habner_martins"
}
string(24) "fitnessuplementosoficial"
string(25) "Cantidad de follows = 338"
<br><br><br>string(13) "mayconbarroco"
string(27) "Cantidad de follows = 18537"
<br><br><br>string(9) "caiocesar"
string(24) "Cantidad de follows = 84"
<br><br><br>string(8) "lil.fama"
string(27) "Cantidad de follows = 21029"
<br><br><br>string(12) "institutoybi"
string(27) "Cantidad de follows = 17938"
<br><br><br>object(stdClass)#84 (2) {
  ["id"]=>
  string(5) "26183"
  ["login"]=>
  string(14) "andresa_lebens"
}
string(7) "yuryv05"
string(27) "Cantidad de follows = 10153"
<br><br><br>string(15) "eliana_casimiro"
string(26) "Cantidad de follows = 5624"
<br><br><br>string(11) "maloohstore"
string(26) "Cantidad de follows = 3735"
<br><br><br>string(16) "simplesmenteamei"
string(27) "Cantidad de follows = 16055"
<br><br><br>string(16) "drraphaelmarques"
string(27) "Cantidad de follows = 21331"
<br><br><br>string(10) "casazunzun"
string(26) "Cantidad de follows = 5716"
<br><br><br>string(14) "draraymedeiros"
string(26) "Cantidad de follows = 1569"
<br><br><br>string(12) "4youdressing"
string(26) "Cantidad de follows = 3539"
<br><br><br>string(21) "lucaslermenfotografia"
string(27) "Cantidad de follows = 15187"
<br><br><br>string(16) "bracholuismiguel"
string(25) "Cantidad de follows = 850"
<br><br><br>string(17) "draflaviasgavioli"
string(27) "Cantidad de follows = 41940"
<br><br><br>string(16) "rafamello_cantor"
string(26) "Cantidad de follows = 9082"
<br><br><br>string(13) "gabinassyrios"
string(27) "Cantidad de follows = 28205"
<br><br><br>string(13) "cardosodani78"
string(25) "Cantidad de follows = 408"
<br><br><br>object(stdClass)#188 (2) {
  ["id"]=>
  string(5) "27362"
  ["login"]=>
  string(9) "k123silva"
}
string(9) "labotique"
string(25) "Cantidad de follows = 276"
<br><br><br>string(11) "eco.noronha"
string(26) "Cantidad de follows = 1074"
<br><br><br>string(13) "gelottisports"
string(26) "Cantidad de follows = 6250"
<br><br><br>string(13) "bombeefsantos"
string(27) "Cantidad de follows = 70815"
<br><br><br>string(15) "parvathi_brasil"
string(26) "Cantidad de follows = 8621"
<br><br><br>string(9) "lobotique"
string(26) "Cantidad de follows = 6610"
<br><br><br>string(8) "talincas"
string(27) "Cantidad de follows = 22575"
<br><br><br>string(21) "visagismofacial_drika"
string(25) "Cantidad de follows = 745"
<br><br><br>string(13) "bakwarabrasil"
string(26) "Cantidad de follows = 1564"
<br><br><br>string(19) "carlabarcellosjoias"
string(27) "Cantidad de follows = 11443"
<br><br><br>string(16) "programagameover"
string(26) "Cantidad de follows = 1107"
<br><br><br>string(15) "aafrodite.store"
string(26) "Cantidad de follows = 5726"
<br><br><br>string(12) "rogiacomello"
string(26) "Cantidad de follows = 1431"
<br><br><br>string(11) "solvebrazil"
string(26) "Cantidad de follows = 1169"
<br><br><br>string(16) "drafernandavolpi"
string(27) "Cantidad de follows = 12388"
<br><br><br>object(stdClass)#81 (2) {
  ["id"]=>
  string(5) "27722"
  ["login"]=>
  string(14) "maribel.silent"
}
string(13) "miocheoficial"
string(27) "Cantidad de follows = 45676"
<br><br><br>string(11) "daylipadron"
string(26) "Cantidad de follows = 8407"
<br><br><br>string(14) "mercadolabarra"
string(26) "Cantidad de follows = 4747"
<br><br><br>string(10) "naraabreuu"
string(26) "Cantidad de follows = 4533"
<br><br><br>string(8) "lukmodas"
string(26) "Cantidad de follows = 8223"
<br><br><br>string(21) "girlsgardenacessorios"
string(26) "Cantidad de follows = 2015"
<br><br><br>string(13) "capimlimaomga"
string(26) "Cantidad de follows = 5794"
<br><br><br>string(15) "maxpremiumjeans"
string(26) "Cantidad de follows = 8476"
<br><br><br>string(8) "bruna.fb"
string(27) "Cantidad de follows = 21110"
<br><br><br>string(14) "na_cara_do_gol"
string(26) "Cantidad de follows = 3038"
<br><br><br>string(13) "jessicacytrus"
string(27) "Cantidad de follows = 29926"
<br><br><br>string(11) "cyrofuziama"
string(27) "Cantidad de follows = 25134"
<br><br><br>string(11) "thaycomfome"
string(27) "Cantidad de follows = 26964"
<br><br><br>string(10) "dankana_dk"
string(26) "Cantidad de follows = 8849"
<br><br><br>string(13) "vivimaquiagem"
string(26) "Cantidad de follows = 3462"
<br><br><br>string(14) "fshirtsdesigns"
string(25) "Cantidad de follows = 368"
<br><br><br>string(15) "closetdasduasto"
string(27) "Cantidad de follows = 14410"
<br><br><br>object(stdClass)#124 (2) {
  ["id"]=>
  string(5) "28069"
  ["login"]=>
  string(14) "rosaduartelash"
}
string(11) "gardelmaroz"
string(26) "Cantidad de follows = 6398"
<br><br><br>object(stdClass)#124 (2) {
  ["id"]=>
  string(5) "28080"
  ["login"]=>
  string(16) "msanchescaroline"
}
object(stdClass)#174 (2) {
  ["id"]=>
  string(5) "28092"
  ["login"]=>
  string(9) "pri_avlis"
}
string(13) "ferefacrochet"
string(26) "Cantidad de follows = 9081"
<br><br><br>object(stdClass)#174 (2) {
  ["id"]=>
  string(5) "28099"
  ["login"]=>
  string(13) "menezesandree"
}
string(7) "nr_mini"
string(27) "Cantidad de follows = 11361"
<br><br><br>string(6) "dz9bnb"
string(26) "Cantidad de follows = 3557"
<br><br><br>object(stdClass)#127 (2) {
  ["id"]=>
  string(5) "28145"
  ["login"]=>
  string(20) "nossoapartamento_103"
}
string(18) "cheirinhodamariana"
string(26) "Cantidad de follows = 7677"
<br><br><br>object(stdClass)#127 (2) {
  ["id"]=>
  string(5) "28213"
  ["login"]=>
  string(15) "malucassimiro.r"
}
string(16) "alvomarketingagc"
string(26) "Cantidad de follows = 9412"
<br><br><br>string(17) "ilmiocasamentoios"
string(26) "Cantidad de follows = 1022"
<br><br><br>string(16) "dranayanepacheco"
string(28) "Cantidad de follows = 142702"
<br><br><br>string(24) "silvanonunes.hairstylist"
string(27) "Cantidad de follows = 25994"
<br><br><br>object(stdClass)#10 (2) {
  ["id"]=>
  string(5) "28276"
  ["login"]=>
  string(13) "tatyanealvess"
}
string(21) "closetdemulheroficial"
string(26) "Cantidad de follows = 3978"
<br><br><br>string(12) "maxiprodutos"
string(27) "Cantidad de follows = 20609"
<br><br><br>string(17) "drdanilopelegrino"
string(26) "Cantidad de follows = 5849"
<br><br><br>string(20) "mariaclaraguimaraes1"
string(27) "Cantidad de follows = 35089"
<br><br><br>string(15) "vitoria.mamedio"
string(26) "Cantidad de follows = 7591"
<br><br><br>string(12) "meirellesipc"
string(26) "Cantidad de follows = 1498"
<br><br><br>string(12) "luporluciana"
string(26) "Cantidad de follows = 8460"
<br><br><br>string(11) "andersonvoo"
string(26) "Cantidad de follows = 1054"
<br><br><br>string(14) "niqueferreiira"
string(27) "Cantidad de follows = 12333"
<br><br><br>string(15) "carlota_barnabe"
string(27) "Cantidad de follows = 12728"
<br><br><br>string(17) "drdanilopelegrino"
string(26) "Cantidad de follows = 5849"
<br><br><br>string(9) "lipinhuss"
string(26) "Cantidad de follows = 1774"
<br><br><br>string(13) "mayaramarkes_"
string(26) "Cantidad de follows = 8575"
<br><br><br>string(10) "ky2oficial"
string(26) "Cantidad de follows = 2452"
<br><br><br>string(11) "mendy_vivii"
string(26) "Cantidad de follows = 4048"
<br><br><br>object(stdClass)#98 (2) {
  ["id"]=>
  string(5) "28497"
  ["login"]=>
  string(21) "_medicinaintegrativa_"
}
string(25) "specialitycoffeegastropub"
string(25) "Cantidad de follows = 552"
<br><br><br>string(11) "carolsousas"
string(26) "Cantidad de follows = 3531"
<br><br><br>object(stdClass)#202 (2) {
  ["id"]=>
  string(5) "28517"
  ["login"]=>
  string(19) "martins_consultoria"
}
string(4) "fila"
string(25) "Cantidad de follows = 857"
<br><br><br>string(6) "reebok"
string(29) "Cantidad de follows = 2147011"
<br><br><br>string(8) "bindanvm"
string(26) "Cantidad de follows = 1514"
<br><br><br>string(18) "wesleyoliveirareal"
string(26) "Cantidad de follows = 2818"
<br><br><br>string(9) "indikqui_"
string(26) "Cantidad de follows = 1328"
<br><br><br>string(10) "luahungria"
string(26) "Cantidad de follows = 4505"
<br><br><br>object(stdClass)#180 (2) {
  ["id"]=>
  string(5) "28557"
  ["login"]=>
  string(10) "kaahcintra"
}
string(17) "reabilitar.studio"
string(26) "Cantidad de follows = 5677"
<br><br><br>string(9) "amaraljej"
string(25) "Cantidad de follows = 612"
<br><br><br>string(14) "websterramalho"
string(25) "Cantidad de follows = 733"
<br><br><br>string(24) "vida_sol_e_mar_ecoresort"
string(26) "Cantidad de follows = 7108"
<br><br><br>string(10) "aco_brasil"
string(26) "Cantidad de follows = 3331"
<br><br><br>string(13) "desafioadois2"
string(26) "Cantidad de follows = 6908"
<br><br><br>string(10) "joaozaneti"
string(27) "Cantidad de follows = 13235"
<br><br><br>string(12) "karbofitness"
string(27) "Cantidad de follows = 10904"
<br><br><br>string(12) "nayaranouber"
string(27) "Cantidad de follows = 18125"
<br><br><br>object(stdClass)#185 (2) {
  ["id"]=>
  string(5) "28654"
  ["login"]=>
  string(11) "ellenrauber"
}
object(stdClass)#156 (2) {
  ["id"]=>
  string(5) "28657"
  ["login"]=>
  string(14) "reserveviagens"
}
string(17) "ingrid_ferreira25"
string(25) "Cantidad de follows = 177"
<br><br><br>string(20) "neovita_fisioterapia"
string(26) "Cantidad de follows = 4976"
<br><br><br>string(17) "dunashookahlounge"
string(26) "Cantidad de follows = 9074"
<br><br><br>string(15) "emporio.forever"
string(25) "Cantidad de follows = 271"
<br><br><br>string(16) "mariakarencosta_"
string(26) "Cantidad de follows = 6005"
<br><br><br>string(13) "pretta_araujo"
string(27) "Cantidad de follows = 11912"
<br><br><br>string(18) "theo_kate_ragdolls"
string(26) "Cantidad de follows = 6881"
<br><br><br>string(9) "xaanndii_"
string(26) "Cantidad de follows = 1243"
<br><br><br>string(15) "pausetakeabreak"
string(26) "Cantidad de follows = 4094"
<br><br><br>string(10) "raquellsan"
string(27) "Cantidad de follows = 26023"
<br><br><br>string(11) "quatro_maos"
string(26) "Cantidad de follows = 4201"
<br><br><br>string(20) "apaudiovisualoficial"
string(25) "Cantidad de follows = 568"
<br><br><br>string(15) "gameoverworldmx"
string(24) "Cantidad de follows = 37"
<br><br><br>string(10) "macielcaio"
string(26) "Cantidad de follows = 3045"
<br><br><br>string(10) "pp_eventos"
string(26) "Cantidad de follows = 3605"
<br><br><br>string(15) "renatacanizares"
string(27) "Cantidad de follows = 13498"
<br><br><br>string(12) "dermatofarma"
string(26) "Cantidad de follows = 8838"
<br><br><br>string(14) "cinarafestasbh"
string(27) "Cantidad de follows = 45103"
<br><br><br>string(10) "mreissilva"
string(27) "Cantidad de follows = 23987"
<br><br><br>string(17) "minutoscomdelavec"
string(27) "Cantidad de follows = 13945"
<br><br><br>string(9) "lilispada"
string(28) "Cantidad de follows = 719428"
<br><br><br>string(13) "edersilveiram"
string(26) "Cantidad de follows = 4497"
<br><br><br>string(15) "rosanatiburtino"
string(26) "Cantidad de follows = 1036"
<br><br><br>string(18) "stopscapautomotivo"
string(26) "Cantidad de follows = 6052"
<br><br><br>object(stdClass)#116 (2) {
  ["id"]=>
  string(5) "28849"
  ["login"]=>
  string(8) "plasjowl"
}
string(12) "itzackcamila"
string(26) "Cantidad de follows = 1342"
<br><br><br>string(15) "eu_gabicarvalho"
string(26) "Cantidad de follows = 3026"
<br><br><br>string(13) "everttonviana"
string(26) "Cantidad de follows = 9852"
<br><br><br>string(17) "shirleyalesantana"
string(27) "Cantidad de follows = 28292"
<br><br><br>string(14) "leticiastoledo"
string(26) "Cantidad de follows = 2568"
<br><br><br>string(14) "drpedroferrari"
string(27) "Cantidad de follows = 39344"
<br><br><br>string(11) "itamixbazar"
string(26) "Cantidad de follows = 4723"
<br><br><br>string(13) "trader_amador"
string(25) "Cantidad de follows = 167"
<br><br><br>string(16) "isabellasanchess"
string(26) "Cantidad de follows = 3032"
<br><br><br>object(stdClass)#129 (2) {
  ["id"]=>
  string(5) "28962"
  ["login"]=>
  string(15) "tiagomennezes11"
}
string(12) "bunkersounds"
string(26) "Cantidad de follows = 1699"
<br><br><br>string(14) "timmycelulares"
string(25) "Cantidad de follows = 217"
<br><br><br>object(stdClass)#116 (2) {
  ["id"]=>
  string(5) "28988"
  ["login"]=>
  string(15) "programavitrina"
}
object(stdClass)#83 (2) {
  ["id"]=>
  string(5) "28990"
  ["login"]=>
  string(17) "acade_corpoeforma"
}
object(stdClass)#116 (2) {
  ["id"]=>
  string(5) "28993"
  ["login"]=>
  string(11) "atgaranhuns"
}
string(20) "annamaya_arquitetura"
string(26) "Cantidad de follows = 9321"
<br><br><br>string(8) "1kgdobom"
string(27) "Cantidad de follows = 14974"
<br><br><br>string(13) "livre.digital"
string(26) "Cantidad de follows = 3688"
<br><br><br>string(14) "rhuanpenaforte"
string(27) "Cantidad de follows = 10626"
<br><br><br>string(16) "restaurantebario"
string(26) "Cantidad de follows = 1381"
<br><br><br>string(21) "felippeturtransportes"
string(26) "Cantidad de follows = 4689"
<br><br><br>string(15) "solarlifeenergy"
string(25) "Cantidad de follows = 548"
<br><br><br>string(18) "vinteumcomunicacao"
string(25) "Cantidad de follows = 577"
<br><br><br>string(18) "auto_escolaatitude"
string(26) "Cantidad de follows = 2019"
<br><br><br>string(13) "carollremigio"
string(26) "Cantidad de follows = 1068"
<br><br><br>string(13) "pampodelivery"
string(26) "Cantidad de follows = 1260"
<br><br><br>string(20) "txcambioeturismo_rio"
string(26) "Cantidad de follows = 1286"
<br><br><br>string(13) "riveauxmerino"
string(26) "Cantidad de follows = 5416"
<br><br><br>string(15) "carneslaceleste"
string(26) "Cantidad de follows = 2430"
<br><br><br>string(11) "heroairsoft"
string(26) "Cantidad de follows = 3839"
<br><br><br>string(19) "brechoandreaventuro"
string(27) "Cantidad de follows = 36627"
<br><br><br>string(9) "samiilly_"
string(27) "Cantidad de follows = 18217"
<br><br><br>string(14) "luigi_bemporad"
string(24) "Cantidad de follows = 54"
<br><br><br>string(13) "luiz_skydiver"
string(26) "Cantidad de follows = 9844"
<br><br><br>string(15) "luanmachado.arq"
string(26) "Cantidad de follows = 1851"
<br><br><br>string(12) "kaikfariastv"
string(26) "Cantidad de follows = 2121"
<br><br><br>string(16) "colegioguarapuvu"
string(23) "Cantidad de follows = 1"
<br><br><br>string(9) "guarapuvu"
string(26) "Cantidad de follows = 3075"
<br><br><br>string(13) "purocafajeste"
string(27) "Cantidad de follows = 34217"
<br><br><br>string(11) "a_deziderio"
string(26) "Cantidad de follows = 2063"
<br><br><br>object(stdClass)#101 (2) {
  ["id"]=>
  string(5) "29171"
  ["login"]=>
  string(16) "ranchotalisma_mg"
}
object(stdClass)#212 (2) {
  ["id"]=>
  string(5) "29178"
  ["login"]=>
  string(16) "maryana_araujooc"
}
string(13) "vitormagnusss"
string(27) "Cantidad de follows = 42299"
<br><br><br>string(20) "franciscosilva_alves"
string(25) "Cantidad de follows = 266"
<br><br><br>string(17) "mrandersonalmeida"
string(26) "Cantidad de follows = 6321"
<br><br><br>string(10) "inovaluxrj"
string(25) "Cantidad de follows = 191"
<br><br><br>string(17) "mixturinhafashion"
string(26) "Cantidad de follows = 2229"
<br><br><br>string(22) "danelonprimeacessorios"
string(26) "Cantidad de follows = 4687"
<br><br><br>object(stdClass)#232 (2) {
  ["id"]=>
  string(5) "29219"
  ["login"]=>
  string(7) "ruivabr"
}
string(17) "luizjatobaoficial"
string(26) "Cantidad de follows = 9536"
<br><br><br>string(8) "thhai97_"
string(26) "Cantidad de follows = 1620"
<br><br><br>string(10) "tiago_kuhn"
string(26) "Cantidad de follows = 2294"
<br><br><br>object(stdClass)#14 (2) {
  ["id"]=>
  string(5) "29228"
  ["login"]=>
  string(13) "tiolavinicius"
}
string(15) "crisoliveiravmk"
string(26) "Cantidad de follows = 2178"
<br><br><br>string(15) "wesleymichelini"
string(26) "Cantidad de follows = 1937"
<br><br><br>string(18) "raphaelacapobiango"
string(26) "Cantidad de follows = 5626"
<br><br><br>string(11) "castrolucas"
string(26) "Cantidad de follows = 3598"
<br><br><br>string(16) "masseriniosteria"
string(26) "Cantidad de follows = 6269"
<br><br><br>string(10) "alvesgilli"
string(26) "Cantidad de follows = 2002"
<br><br><br>string(10) "felippetur"
string(27) "Cantidad de follows = 20299"
<br><br><br>string(25) "rodrigo.embraconconsorcio"
string(26) "Cantidad de follows = 6243"
<br><br><br>string(14) "naotolendoisso"
string(26) "Cantidad de follows = 3432"
<br><br><br>string(24) "elizabet_insurance_agent"
string(25) "Cantidad de follows = 782"
<br><br><br>string(12) "elestore.rio"
string(26) "Cantidad de follows = 1812"
<br><br><br>string(14) "joannaa_aguiar"
string(25) "Cantidad de follows = 566"
<br><br><br>string(12) "ale.mmartins"
string(26) "Cantidad de follows = 1275"
<br><br><br>string(14) "ricvrdomoraes_"
string(26) "Cantidad de follows = 3900"
<br><br><br>string(16) "psgacademyrecife"
string(26) "Cantidad de follows = 4395"
<br><br><br>string(11) "diasluciano"
string(27) "Cantidad de follows = 16519"
<br><br><br>string(15) "othmanejennaoui"
string(27) "Cantidad de follows = 10998"
<br><br><br>string(14) "andresza_ramos"
string(26) "Cantidad de follows = 2005"
<br><br><br>string(23) "estetica.michelecamargo"
string(26) "Cantidad de follows = 3466"
<br><br><br>string(19) "fernandalima.decora"
string(26) "Cantidad de follows = 2146"
<br><br><br>string(13) "ghanabranding"
string(26) "Cantidad de follows = 6723"
<br><br><br>string(16) "binhorodriguess_"
string(26) "Cantidad de follows = 3542"
<br><br><br>string(14) "theblondedetox"
string(26) "Cantidad de follows = 3743"
<br><br><br>string(19) "oficialwinnieamaral"
string(27) "Cantidad de follows = 24155"
<br><br><br>string(19) "pezinhofirmenarocha"
string(28) "Cantidad de follows = 116308"
<br><br><br>string(11) "meempreenda"
string(26) "Cantidad de follows = 3629"
<br><br><br>string(14) "joseluizpontes"
string(25) "Cantidad de follows = 980"
<br><br><br>object(stdClass)#72 (2) {
  ["id"]=>
  string(5) "29486"
  ["login"]=>
  string(15) "eduarda.neves13"
}
object(stdClass)#83 (2) {
  ["id"]=>
  string(5) "29498"
  ["login"]=>
  string(20) "orlamodapraiaoficial"
}
string(17) "advocacia_messias"
string(26) "Cantidad de follows = 3310"
<br><br><br>string(18) "allbotequipamentos"
string(26) "Cantidad de follows = 2912"
<br><br><br>string(20) "emersonlopeshoficial"
string(27) "Cantidad de follows = 12607"
<br><br><br>string(11) "raissataini"
string(27) "Cantidad de follows = 26298"
<br><br><br>object(stdClass)#224 (2) {
  ["id"]=>
  string(5) "29527"
  ["login"]=>
  string(13) "menezesandree"
}
string(10) "vivianeneu"
string(27) "Cantidad de follows = 28924"
<br><br><br>string(8) "dhougie_"
string(27) "Cantidad de follows = 18852"
<br><br><br>string(24) "andressamakeup_penteados"
string(26) "Cantidad de follows = 3054"
<br><br><br>string(13) "iracemaallves"
string(26) "Cantidad de follows = 7406"
<br><br><br>string(11) "renannunes2"
string(26) "Cantidad de follows = 5047"
<br><br><br>string(14) "natha.estetica"
string(26) "Cantidad de follows = 1890"
<br><br><br>string(19) "j.a.estudiodebeleza"
string(25) "Cantidad de follows = 172"
<br><br><br>string(12) "grafianafoto"
string(26) "Cantidad de follows = 9007"
<br><br><br>string(19) "thespacetimeripples"
string(26) "Cantidad de follows = 3310"
<br><br><br>string(14) "rubia_martinss"
string(27) "Cantidad de follows = 97601"
<br><br><br>string(23) "joseguilherme.consultor"
string(26) "Cantidad de follows = 1210"
<br><br><br>string(14) "emporiodifiori"
string(26) "Cantidad de follows = 2251"
<br><br><br>string(21) "viajandonaarquitetura"
string(26) "Cantidad de follows = 4990"
<br><br><br>string(14) "elitecenterfoz"
string(26) "Cantidad de follows = 2390"
<br><br><br>string(10) "yancasilva"
string(26) "Cantidad de follows = 3328"
<br><br><br>string(16) "roberta.amfranca"
string(26) "Cantidad de follows = 3377"
<br><br><br>string(15) "doceriaanaester"
string(26) "Cantidad de follows = 3890"
<br><br><br>string(10) "kathguedes"
string(27) "Cantidad de follows = 43043"
<br><br><br>string(13) "tubaraocenter"
string(26) "Cantidad de follows = 6326"
<br><br><br>object(stdClass)#227 (2) {
  ["id"]=>
  string(5) "29702"
  ["login"]=>
  string(6) "zayrnm"
}
string(9) "chefeeddy"
string(27) "Cantidad de follows = 13287"
<br><br><br>string(10) "acasadecat"
string(27) "Cantidad de follows = 11191"
<br><br><br>string(20) "oficialforroperfeito"
string(27) "Cantidad de follows = 51295"
<br><br><br>string(14) "orabolasbrecho"
string(26) "Cantidad de follows = 2992"
<br><br><br>string(11) "thekingboy_"
string(27) "Cantidad de follows = 17735"
<br><br><br>string(15) "vanessa.wysocki"
string(26) "Cantidad de follows = 3610"
<br><br><br>string(11) "rique.silva"
string(26) "Cantidad de follows = 4993"
<br><br><br>string(22) "gabriellacarvalhostore"
string(27) "Cantidad de follows = 34105"
<br><br><br>string(14) "lojanowfitness"
string(26) "Cantidad de follows = 3985"
<br><br><br>string(8) "mapoiani"
string(26) "Cantidad de follows = 6106"
<br><br><br>string(14) "salaostudiosbc"
string(26) "Cantidad de follows = 1793"
<br><br><br>string(19) "studying_the_secret"
string(26) "Cantidad de follows = 2724"
<br><br><br>string(23) "studiohairinternacional"
string(26) "Cantidad de follows = 5335"
<br><br><br>object(stdClass)#22 (2) {
  ["id"]=>
  string(5) "29842"
  ["login"]=>
  string(9) "ahdireito"
}
string(7) "kabonkk"
string(26) "Cantidad de follows = 4037"
<br><br><br>string(10) "companyate"
string(25) "Cantidad de follows = 108"
<br><br><br>string(12) "djdavisantos"
string(26) "Cantidad de follows = 8409"
<br><br><br>string(14) "rafaellmoraess"
string(25) "Cantidad de follows = 833"
<br><br><br>string(22) "syflariluminacaoimport"
string(26) "Cantidad de follows = 1797"
<br><br><br>object(stdClass)#41 (2) {
  ["id"]=>
  string(5) "29883"
  ["login"]=>
  string(12) "grupo.efraim"
}
object(stdClass)#201 (2) {
  ["id"]=>
  string(5) "29884"
  ["login"]=>
  string(17) "efraimhoteleflats"
}
string(30) "rpcontrollerinsetodedetizadora"
string(25) "Cantidad de follows = 166"
<br><br><br>string(12) "raunierporto"
string(26) "Cantidad de follows = 3090"
<br><br><br>string(11) "marciabotam"
string(26) "Cantidad de follows = 3858"
<br><br><br>object(stdClass)#173 (2) {
  ["id"]=>
  string(5) "29901"
  ["login"]=>
  string(8) "1jonhbjj"
}
object(stdClass)#65 (2) {
  ["id"]=>
  string(5) "29918"
  ["login"]=>
  string(9) "odeiopera"
}
object(stdClass)#173 (2) {
  ["id"]=>
  string(5) "29932"
  ["login"]=>
  string(11) "eufeearruda"
}
string(11) "tclaranunes"
string(26) "Cantidad de follows = 1788"
<br><br><br>string(19) "alaskaclothingstore"
string(26) "Cantidad de follows = 2288"
<br><br><br>string(14) "gkt_kickboxing"
string(26) "Cantidad de follows = 1631"
<br><br><br>string(19) "character.design.gk"
string(26) "Cantidad de follows = 1187"
<br><br><br>object(stdClass)#76 (2) {
  ["id"]=>
  string(5) "29964"
  ["login"]=>
  string(12) "blogdoarinos"
}
object(stdClass)#194 (2) {
  ["id"]=>
  string(5) "29965"
  ["login"]=>
  string(12) "bela.morenaa"
}
string(24) "leandroquelucifotografia"
string(26) "Cantidad de follows = 3144"
<br><br><br>string(19) "generalstorefitness"
string(26) "Cantidad de follows = 3760"
<br><br><br>string(15) "acervomodasda44"
string(26) "Cantidad de follows = 5693"
<br><br><br>string(12) "mama_costhay"
string(26) "Cantidad de follows = 4876"
<br><br><br>string(17) "ginetom_rodrigues"
string(26) "Cantidad de follows = 7835"
<br><br><br>string(13) "brunnooctavio"
string(25) "Cantidad de follows = 980"
<br><br><br>object(stdClass)#41 (2) {
  ["id"]=>
  string(5) "29996"
  ["login"]=>
  string(12) "doug0liveira"
}
string(10) "gutt_carol"
string(27) "Cantidad de follows = 12074"
<br><br><br>string(9) "hulkdutra"
string(27) "Cantidad de follows = 13392"
<br><br><br>object(stdClass)#165 (2) {
  ["id"]=>
  string(5) "30036"
  ["login"]=>
  string(16) "camilaguerreiroo"
}
string(15) "sandymakecabelo"
string(26) "Cantidad de follows = 6663"
<br><br><br>string(15) "copaciadvogados"
string(25) "Cantidad de follows = 678"
<br><br><br>string(18) "diegocamargotattoo"
string(26) "Cantidad de follows = 3278"
<br><br><br>string(17) "entretenimento.pe"
string(26) "Cantidad de follows = 3433"
<br><br><br>string(17) "alicemelomakehair"
string(26) "Cantidad de follows = 6783"
<br><br><br>object(stdClass)#65 (2) {
  ["id"]=>
  string(5) "30051"
  ["login"]=>
  string(11) "tuguinha.tv"
}
string(13) "rentar.com.do"
string(27) "Cantidad de follows = 11620"
<br><br><br>string(15) "eriosvaldodiniz"
string(26) "Cantidad de follows = 1621"
<br><br><br>string(11) "gustavo_ono"
string(26) "Cantidad de follows = 5420"
<br><br><br>string(15) "canilredbroncos"
string(26) "Cantidad de follows = 1889"
<br><br><br>string(9) "_brokerst"
string(25) "Cantidad de follows = 302"
<br><br><br>string(14) "lifeprojectone"
string(26) "Cantidad de follows = 1878"
<br><br><br>string(16) "disfranco.motors"
string(26) "Cantidad de follows = 2969"
<br><br><br>string(6) "bomf17"
string(25) "Cantidad de follows = 816"
<br><br><br>string(12) "aliicemello_"
string(26) "Cantidad de follows = 2411"
<br><br><br>string(11) "_bellaforma"
string(27) "Cantidad de follows = 71370"
<br><br><br>string(10) "bruruschel"
string(27) "Cantidad de follows = 11916"
<br><br><br>string(9) "murilooc7"
string(26) "Cantidad de follows = 4451"
<br><br><br>string(9) "a7madov95"
string(25) "Cantidad de follows = 247"
<br><br><br>string(7) "a_mayla"
string(25) "Cantidad de follows = 752"
<br><br><br>string(13) "lidiafeitosa4"
string(26) "Cantidad de follows = 2798"
<br><br><br>string(10) "smokeseila"
string(25) "Cantidad de follows = 640"
<br><br><br>string(10) "rikdelucca"
string(26) "Cantidad de follows = 3661"
<br><br><br>string(19) "corretoracavalcante"
string(25) "Cantidad de follows = 838"
<br><br><br>object(stdClass)#160 (2) {
  ["id"]=>
  string(5) "30218"
  ["login"]=>
  string(14) "thaisaschayder"
}
string(13) "hueskerbrasil"
string(26) "Cantidad de follows = 3758"
<br><br><br>string(22) "rodrigoranchodascabras"
string(25) "Cantidad de follows = 949"
<br><br><br>object(stdClass)#27 (2) {
  ["id"]=>
  string(5) "30232"
  ["login"]=>
  string(15) "arisson_jessica"
}
object(stdClass)#66 (2) {
  ["id"]=>
  string(5) "30248"
  ["login"]=>
  string(11) "maira.fuzii"
}
object(stdClass)#27 (2) {
  ["id"]=>
  string(5) "30257"
  ["login"]=>
  string(13) "nathaly_llima"
}
string(21) "laraharantes.piercing"
string(26) "Cantidad de follows = 3237"
<br><br><br>string(11) "maitemellim"
string(26) "Cantidad de follows = 1965"
<br><br><br>string(10) "criptobraz"
string(25) "Cantidad de follows = 701"
<br><br><br>string(14) "meuprojeto.fit"
string(26) "Cantidad de follows = 2110"
<br><br><br>object(stdClass)#19 (2) {
  ["id"]=>
  string(5) "30286"
  ["login"]=>
  string(15) "cmo_odontologia"
}
object(stdClass)#20 (2) {
  ["id"]=>
  string(5) "30293"
  ["login"]=>
  string(14) "ketellenfelix1"
}
string(14) "biel_do_cavaco"
string(27) "Cantidad de follows = 19563"
<br><br><br>string(9) "netto_ull"
string(25) "Cantidad de follows = 611"
<br><br><br>string(11) "nandokounat"
string(27) "Cantidad de follows = 19527"
<br><br><br>object(stdClass)#199 (2) {
  ["id"]=>
  string(5) "30317"
  ["login"]=>
  string(14) "easyartgrafica"
}
string(15) "studio_beauty15"
string(26) "Cantidad de follows = 1041"
<br><br><br>string(18) "julio_sosa_imoveis"
string(25) "Cantidad de follows = 796"
<br><br><br>string(10) "canelihome"
string(26) "Cantidad de follows = 3708"
<br><br><br>string(9) "josergm86"
string(26) "Cantidad de follows = 7215"
<br><br><br>string(11) "katiaalbany"
string(26) "Cantidad de follows = 4771"
<br><br><br>string(11) "leandramora"
string(26) "Cantidad de follows = 4807"
<br><br><br>object(stdClass)#50 (2) {
  ["id"]=>
  string(5) "30380"
  ["login"]=>
  string(7) "_lrnnym"
}
string(17) "festivalnovomundo"
string(26) "Cantidad de follows = 4381"
<br><br><br>string(10) "odavilemos"
string(27) "Cantidad de follows = 13339"
<br><br><br>string(20) "clebsonfrancaoficial"
string(26) "Cantidad de follows = 2217"
<br><br><br>string(15) "mamaesemmanuais"
string(27) "Cantidad de follows = 11491"
<br><br><br>string(13) "victorcastelo"
string(26) "Cantidad de follows = 1186"
<br><br><br>string(17) "fabricio.physique"
string(27) "Cantidad de follows = 11291"
<br><br><br>string(15) "rafaelfsantanaa"
string(25) "Cantidad de follows = 754"
<br><br><br>object(stdClass)#70 (2) {
  ["id"]=>
  string(5) "30436"
  ["login"]=>
  string(15) "kawlicheski1993"
}
string(10) "facamerirr"
string(26) "Cantidad de follows = 3427"
<br><br><br>string(10) "linoamanda"
string(27) "Cantidad de follows = 10039"
<br><br><br>string(10) "_lorecosta"
string(26) "Cantidad de follows = 2117"
<br><br><br>string(21) "clara.goldenretriever"
string(26) "Cantidad de follows = 3677"
<br><br><br>string(14) "andre.grupoark"
string(26) "Cantidad de follows = 4193"
<br><br><br>string(13) "espacoubaense"
string(26) "Cantidad de follows = 1875"
<br><br><br>string(14) "photoboxbrasil"
string(26) "Cantidad de follows = 2829"
<br><br><br>string(13) "luiara_helmer"
string(26) "Cantidad de follows = 5067"
<br><br><br>string(7) "dul_fcy"
string(26) "Cantidad de follows = 2902"
<br><br><br>string(26) "emporiodapapinhasantoandre"
string(26) "Cantidad de follows = 5473"
<br><br><br>string(15) "rayanemarchetta"
string(26) "Cantidad de follows = 1717"
<br><br><br>string(13) "karol_nunes00"
string(26) "Cantidad de follows = 3579"
<br><br><br>string(10) "apedesign_"
string(26) "Cantidad de follows = 2696"
<br><br><br>string(9) "danilelah"
string(26) "Cantidad de follows = 5109"
<br><br><br>string(8) "kevinm5m"
string(26) "Cantidad de follows = 7427"
<br><br><br>string(12) "noahestetica"
string(26) "Cantidad de follows = 8826"
<br><br><br>string(9) "casadovaz"
string(26) "Cantidad de follows = 7205"
<br><br><br>string(8) "arena7bh"
string(26) "Cantidad de follows = 4382"
<br><br><br>object(stdClass)#218 (2) {
  ["id"]=>
  string(5) "30581"
  ["login"]=>
  string(13) "mathoficialbr"
}
string(17) "jonatas.batistela"
string(27) "Cantidad de follows = 15722"
<br><br><br>string(10) "queirozloo"
string(26) "Cantidad de follows = 3680"
<br><br><br>object(stdClass)#195 (2) {
  ["id"]=>
  string(5) "30593"
  ["login"]=>
  string(12) "rogersiiilva"
}
string(11) "marci0viana"
string(26) "Cantidad de follows = 1317"
<br><br><br>string(16) "chefsheiladuarte"
string(26) "Cantidad de follows = 1036"
<br><br><br>string(8) "itsredtv"
string(27) "Cantidad de follows = 44841"
<br><br><br>object(stdClass)#199 (2) {
  ["id"]=>
  string(5) "30622"
  ["login"]=>
  string(8) "lorisfaz"
}
object(stdClass)#18 (2) {
  ["id"]=>
  string(5) "30623"
  ["login"]=>
  string(20) "emagrecer_ja_oficial"
}
string(19) "tamyparadorneptunia"
string(26) "Cantidad de follows = 5806"
<br><br><br>string(9) "gabicoach"
string(26) "Cantidad de follows = 3470"
<br><br><br>object(stdClass)#49 (2) {
  ["id"]=>
  string(5) "30648"
  ["login"]=>
  string(14) "amanda3santana"
}
string(8) "crecleao"
string(26) "Cantidad de follows = 3244"
<br><br><br>string(10) "elluhalves"
string(26) "Cantidad de follows = 5243"
<br><br><br>string(18) "mixsushicafebistek"
string(26) "Cantidad de follows = 5897"
<br><br><br>string(16) "f1ciaimobiliaria"
string(26) "Cantidad de follows = 3305"
<br><br><br>string(15) "vitor_honorato3"
string(26) "Cantidad de follows = 1136"
<br><br><br>string(13) "veneno_daseda"
string(26) "Cantidad de follows = 2064"
<br><br><br>string(10) "mc2turismo"
string(27) "Cantidad de follows = 17859"
<br><br><br>string(19) "erickakamineoficial"
string(26) "Cantidad de follows = 6610"
<br><br><br>string(11) "fredmunizrj"
string(26) "Cantidad de follows = 1498"
<br><br><br>object(stdClass)#186 (2) {
  ["id"]=>
  string(5) "30718"
  ["login"]=>
  string(16) "luis.fernando.br"
}
string(17) "drasheilawatanabe"
string(26) "Cantidad de follows = 1765"
<br><br><br>string(12) "laysasmacedo"
string(26) "Cantidad de follows = 2873"
<br><br><br>string(17) "creativapapelaria"
string(25) "Cantidad de follows = 331"
<br><br><br>string(11) "aondeiremsp"
string(27) "Cantidad de follows = 25523"
<br><br><br>object(stdClass)#164 (2) {
  ["id"]=>
  string(5) "30815"
  ["login"]=>
  string(6) "79_app"
}
string(15) "dioceliogoulart"
string(27) "Cantidad de follows = 19078"
<br><br><br>string(15) "victorperazzini"
string(26) "Cantidad de follows = 2576"
<br><br><br>string(12) "alberto_test"
string(25) "Cantidad de follows = 309"
<br><br><br>string(13) "fassegseguros"
string(26) "Cantidad de follows = 7162"
<br><br><br>string(18) "giovanni.consultor"
string(25) "Cantidad de follows = 908"
<br><br><br>string(17) "coach.jorgeamorim"
string(25) "Cantidad de follows = 995"
<br><br><br>string(16) "blessedmaemequer"
string(27) "Cantidad de follows = 17009"
<br><br><br>string(15) "baile_de_camelo"
string(25) "Cantidad de follows = 755"
<br><br><br>string(13) "dentistabruna"
string(25) "Cantidad de follows = 189"
<br><br><br>string(11) "chicomorais"
string(26) "Cantidad de follows = 4626"
<br><br><br>string(13) "adrianemayumi"
string(27) "Cantidad de follows = 13698"
<br><br><br>string(14) "dresscode.byrm"
string(25) "Cantidad de follows = 231"
<br><br><br>object(stdClass)#149 (2) {
  ["id"]=>
  string(5) "30911"
  ["login"]=>
  string(15) "alynemultiforme"
}
string(15) "ehpralaqueeuvou"
string(26) "Cantidad de follows = 1233"
<br><br><br>string(14) "douglasvwalker"
string(26) "Cantidad de follows = 1766"
<br><br><br>string(11) "brimigreipt"
string(25) "Cantidad de follows = 323"
<br><br><br>string(8) "dazz.777"
string(26) "Cantidad de follows = 1008"
<br><br><br>string(14) "rafaella_neves"
string(26) "Cantidad de follows = 3743"
<br><br><br>string(8) "soueuwal"
string(26) "Cantidad de follows = 1638"
<br><br><br>string(22) "lacosdasmeninasoficial"
string(26) "Cantidad de follows = 2234"
<br><br><br>string(13) "talitamcostta"
string(25) "Cantidad de follows = 579"
<br><br><br>string(8) "pionunes"
string(27) "Cantidad de follows = 17177"
<br><br><br>string(18) "confeitariadagabi_"
string(24) "Cantidad de follows = 63"
<br><br><br>string(14) "brunoalvarez.1"
string(25) "Cantidad de follows = 574"
<br><br><br>string(10) "1989closet"
string(26) "Cantidad de follows = 5850"
<br><br><br>string(12) "jumota_decor"
string(26) "Cantidad de follows = 1708"
<br><br><br>string(16) "marmitinhaslight"
string(26) "Cantidad de follows = 2657"
<br><br><br>string(24) "leoart_desing_paisagismo"
string(26) "Cantidad de follows = 6543"
<br><br><br>string(14) "carolfroemming"
string(26) "Cantidad de follows = 7030"
<br><br><br>string(24) "priscilaaparecidasantoss"
string(25) "Cantidad de follows = 601"
<br><br><br>object(stdClass)#183 (2) {
  ["id"]=>
  string(5) "31080"
  ["login"]=>
  string(9) "chio18789"
}
string(13) "kasamor_store"
string(26) "Cantidad de follows = 2323"
<br><br><br>string(13) "thamysilva201"
string(26) "Cantidad de follows = 4031"
<br><br><br>string(10) "alexrssp12"
string(25) "Cantidad de follows = 312"
<br><br><br>string(14) "silvio.cesarjr"
string(24) "Cantidad de follows = 57"
<br><br><br>string(12) "levis_tudouu"
string(27) "Cantidad de follows = 15982"
<br><br><br>string(8) "euogomez"
string(26) "Cantidad de follows = 2487"
<br><br><br>string(14) "amorefeoficial"
string(26) "Cantidad de follows = 4804"
<br><br><br>string(15) "studioambientes"
string(27) "Cantidad de follows = 14437"
<br><br><br>string(12) "gomilkbrasil"
string(26) "Cantidad de follows = 1025"
<br><br><br>string(13) "gomed.digital"
string(26) "Cantidad de follows = 2295"
<br><br><br>object(stdClass)#58 (2) {
  ["id"]=>
  string(5) "31133"
  ["login"]=>
  string(6) "lv_luh"
}
string(8) "curyamin"
string(25) "Cantidad de follows = 759"
<br><br><br>string(11) "stancefight"
string(27) "Cantidad de follows = 33641"
<br><br><br>string(19) "medconsultingbrasil"
string(27) "Cantidad de follows = 11926"
<br><br><br>string(3) "usa"
string(26) "Cantidad de follows = 4644"
<br><br><br>string(8) "voa_hati"
string(26) "Cantidad de follows = 2971"
<br><br><br>string(18) "robsonbarbosacoach"
string(26) "Cantidad de follows = 6127"
<br><br><br>string(10) "yasmincgr_"
string(26) "Cantidad de follows = 1098"
<br><br><br>string(14) "kharlos_soares"
string(25) "Cantidad de follows = 204"
<br><br><br>string(19) "chrystopher.gabriel"
string(25) "Cantidad de follows = 323"
<br><br><br>string(7) "nega.93"
string(27) "Cantidad de follows = 10593"
<br><br><br>string(13) "cahrlossoares"
string(24) "Cantidad de follows = 63"
<br><br><br>string(8) "emillymv"
string(26) "Cantidad de follows = 4075"
<br><br><br>string(11) "_j.o.a.o___"
string(25) "Cantidad de follows = 189"
<br><br><br>string(14) "antonioportes_"
string(25) "Cantidad de follows = 232"
<br><br><br>string(14) "samo_oliveiraa"
string(25) "Cantidad de follows = 680"
<br><br><br>string(12) "aleehzinho_t"
string(25) "Cantidad de follows = 177"
<br><br><br>string(15) "jonasfahelysson"
string(26) "Cantidad de follows = 6874"
<br><br><br>string(13) "mari_azeredo_"
string(25) "Cantidad de follows = 766"
<br><br><br>object(stdClass)#158 (2) {
  ["id"]=>
  string(5) "31250"
  ["login"]=>
  string(18) "clinicaformighieri"
}
string(10) "guiturner_"
string(26) "Cantidad de follows = 8892"
<br><br><br>string(14) "carloskpulling"
string(28) "Cantidad de follows = 112896"
<br><br><br>string(10) "oppaviajei"
string(25) "Cantidad de follows = 722"
<br><br><br>string(15) "jujucoelhopinto"
string(27) "Cantidad de follows = 28225"
<br><br><br>string(13) "gersonaraujo_"
string(26) "Cantidad de follows = 2255"
<br><br><br>object(stdClass)#30 (2) {
  ["id"]=>
  string(5) "31318"
  ["login"]=>
  string(11) "josiasnetoo"
}
string(19) "blogsairdozeroagora"
string(26) "Cantidad de follows = 1262"
<br><br><br>object(stdClass)#30 (2) {
  ["id"]=>
  string(5) "31325"
  ["login"]=>
  string(18) "neonprodutorapromo"
}
object(stdClass)#226 (2) {
  ["id"]=>
  string(5) "31326"
  ["login"]=>
  string(6) "djrat_"
}
object(stdClass)#30 (2) {
  ["id"]=>
  string(5) "31337"
  ["login"]=>
  string(23) "anderson_diego_oliveira"
}
string(19) "anacarlarodrigues19"
string(26) "Cantidad de follows = 3040"
<br><br><br>object(stdClass)#30 (2) {
  ["id"]=>
  string(5) "31346"
  ["login"]=>
  string(15) "siimoneepereira"
}
string(13) "jubart_design"
string(25) "Cantidad de follows = 621"
<br><br><br>string(19) "bellkeyprofessional"
string(26) "Cantidad de follows = 1682"
<br><br><br>string(8) "ealine._"
string(26) "Cantidad de follows = 4793"
<br><br><br>string(8) "wheresje"
string(28) "Cantidad de follows = 113461"
<br><br><br>object(stdClass)#18 (2) {
  ["id"]=>
  string(5) "31394"
  ["login"]=>
  string(12) "ronyfgomesss"
}
string(16) "jhonatha_feitosa"
string(26) "Cantidad de follows = 1188"
<br><br><br>string(15) "blena.nathallya"
string(26) "Cantidad de follows = 1086"
<br><br><br>string(10) "edersonflx"
string(26) "Cantidad de follows = 6845"
<br><br><br>string(23) "tridorimpermebializacao"
string(25) "Cantidad de follows = 189"
<br><br><br>string(9) "jehdpires"
string(25) "Cantidad de follows = 798"
<br><br><br>string(18) "emagrecer_agora.br"
string(26) "Cantidad de follows = 1007"
<br><br><br>string(9) "caio_luka"
string(25) "Cantidad de follows = 323"
<br><br><br>string(10) "brasil.anb"
string(25) "Cantidad de follows = 700"
<br><br><br>string(19) "jeanpiresfotografia"
string(26) "Cantidad de follows = 1083"
<br><br><br>object(stdClass)#209 (2) {
  ["id"]=>
  string(5) "31483"
  ["login"]=>
  string(12) "canutoandree"
}
string(15) "charles_gsilvaa"
string(26) "Cantidad de follows = 1885"
<br><br><br>string(15) "theluccassantos"
string(26) "Cantidad de follows = 1152"
<br><br><br>string(10) "biih_faith"
string(26) "Cantidad de follows = 1467"
<br><br><br>string(18) "leonardomonteiro00"
string(25) "Cantidad de follows = 900"
<br><br><br>string(17) "carlafagundesblog"
string(26) "Cantidad de follows = 6235"
<br><br><br>string(13) "aguedamaurien"
string(26) "Cantidad de follows = 2560"
<br><br><br>string(13) "pedrosagfteam"
string(26) "Cantidad de follows = 1897"
<br><br><br>string(9) "eusoudaro"
string(26) "Cantidad de follows = 1657"
<br><br><br>string(14) "caiquefregnani"
string(27) "Cantidad de follows = 10754"
<br><br><br>string(14) "heitorsoares.c"
string(26) "Cantidad de follows = 7935"
<br><br><br>string(21) "mulheres_que_se_amam_"
string(24) "Cantidad de follows = 69"
<br><br><br>string(17) "marco.suplementos"
string(27) "Cantidad de follows = 10126"
<br><br><br>string(8) "tetovivo"
string(26) "Cantidad de follows = 1955"
<br><br><br>string(14) "andrewanderley"
string(26) "Cantidad de follows = 3553"
<br><br><br>string(9) "vitormc83"
string(25) "Cantidad de follows = 178"
<br><br><br>string(8) "_lsilvva"
string(26) "Cantidad de follows = 6236"
<br><br><br>string(17) "clube_das_gostosa"
string(26) "Cantidad de follows = 2113"
<br><br><br>string(17) "esteticista_julia"
string(25) "Cantidad de follows = 638"
<br><br><br>string(10) "kauadellon"
string(25) "Cantidad de follows = 789"
<br><br><br>string(20) "divulgageraisoficial"
string(27) "Cantidad de follows = 20962"
<br><br><br>string(18) "dr.grimaldobicalho"
string(26) "Cantidad de follows = 1707"
<br><br><br>string(10) "rahfritzen"
string(26) "Cantidad de follows = 9321"
<br><br><br>object(stdClass)#233 (2) {
  ["id"]=>
  string(5) "31679"
  ["login"]=>
  string(13) "eiandrecanuto"
}
string(10) "mariodj.uy"
string(26) "Cantidad de follows = 1865"
<br><br><br>string(14) "stephanmarinho"
string(26) "Cantidad de follows = 7051"
<br><br><br>string(9) "misouza07"
string(25) "Cantidad de follows = 720"
<br><br><br>string(16) "glaubritooficial"
string(26) "Cantidad de follows = 2136"
<br><br><br>string(18) "anacarolinefavacho"
string(26) "Cantidad de follows = 1172"
<br><br><br>string(17) "natpharmafarmacia"
string(25) "Cantidad de follows = 711"
<br><br><br>string(13) "tablesdecorpy"
string(25) "Cantidad de follows = 618"
<br><br><br>string(18) "julianasilvaespaco"
string(26) "Cantidad de follows = 1238"
<br><br><br>string(22) "alice_carvalho_oficial"
string(26) "Cantidad de follows = 1194"
<br><br><br>string(14) "juliaparanhos_"
string(27) "Cantidad de follows = 41416"
<br><br><br>string(18) "rannabeckeroficial"
string(27) "Cantidad de follows = 20257"
<br><br><br>string(13) "gomesterapias"
string(27) "Cantidad de follows = 48819"
<br><br><br>string(10) "filhoteeco"
string(27) "Cantidad de follows = 32738"
<br><br><br>object(stdClass)#75 (2) {
  ["id"]=>
  string(5) "31757"
  ["login"]=>
  string(15) "umbr_no_youtube"
}
string(12) "jeff_valerio"
string(25) "Cantidad de follows = 291"
<br><br><br>string(12) "calmbunnypet"
string(25) "Cantidad de follows = 635"
<br><br><br>string(9) "equipe.dx"
string(26) "Cantidad de follows = 2472"
<br><br><br>string(11) "mr.andyarte"
string(25) "Cantidad de follows = 294"
<br><br><br>string(12) "401loungebar"
string(26) "Cantidad de follows = 6756"
<br><br><br>string(14) "edinhotattoojc"
string(27) "Cantidad de follows = 10879"
<br><br><br>string(16) "claudio__soaress"
string(25) "Cantidad de follows = 154"
<br><br><br>string(17) "eduardo_purapesca"
string(28) "Cantidad de follows = 118275"
<br><br><br>string(18) "psi.brunarodrigues"
string(25) "Cantidad de follows = 122"
<br><br><br>string(14) "dillyscoralick"
string(26) "Cantidad de follows = 7866"
<br><br><br>string(15) "vitorhugomsouza"
string(25) "Cantidad de follows = 214"
<br><br><br>string(21) "maktubemiratessbrasil"
string(25) "Cantidad de follows = 111"
<br><br><br>string(8) "opldecor"
string(25) "Cantidad de follows = 221"
<br><br><br>string(8) "yslaoker"
string(24) "Cantidad de follows = 16"
<br><br><br>\n<br>JOB DONE!!!<br>\n2018-10-19 07:55:59am