DAILY REPORT Inited...!<br>
2018-10-26 06:30:01am<br>
string(14) "alberto_dreyes"
string(27) "Cantidad de follows = 14308"
<br><br><br>string(19) "opiniaoconservadora"
string(27) "Cantidad de follows = 59791"
<br><br><br>string(17) "sibitecomunicacao"
string(27) "Cantidad de follows = 10212"
<br><br><br>string(11) "mo.taniguti"
string(27) "Cantidad de follows = 20810"
<br><br><br>object(stdClass)#30 (2) {
  ["id"]=>
  string(3) "146"
  ["login"]=>
  string(12) "auepromocoes"
}
string(23) "jeunesse_bycrislafratta"
string(25) "Cantidad de follows = 184"
<br><br><br>string(12) "lily.s.alves"
string(26) "Cantidad de follows = 2074"
<br><br><br>string(10) "powerlook_"
string(27) "Cantidad de follows = 61134"
<br><br><br>object(stdClass)#12 (2) {
  ["id"]=>
  string(3) "245"
  ["login"]=>
  string(18) "xodozinho.retratos"
}
object(stdClass)#22 (2) {
  ["id"]=>
  string(3) "867"
  ["login"]=>
  string(14) "joaovictorjvb1"
}
object(stdClass)#12 (2) {
  ["id"]=>
  string(4) "1059"
  ["login"]=>
  string(8) "graverrj"
}
string(7) "ma_luco"
string(27) "Cantidad de follows = 28577"
<br><br><br>string(12) "carlloooooss"
string(26) "Cantidad de follows = 1290"
<br><br><br>string(15) "sapatodochef.pa"
string(26) "Cantidad de follows = 2360"
<br><br><br>object(stdClass)#223 (2) {
  ["id"]=>
  string(4) "2175"
  ["login"]=>
  string(10) "vireiloira"
}
string(18) "mercadomodelobahia"
string(26) "Cantidad de follows = 9079"
<br><br><br>string(11) "thayscalmon"
string(26) "Cantidad de follows = 5317"
<br><br><br>string(11) "decoremundo"
string(27) "Cantidad de follows = 14336"
<br><br><br>string(9) "decorcool"
string(23) "Cantidad de follows = 7"
<br><br><br>string(8) "fragabar"
string(26) "Cantidad de follows = 4361"
<br><br><br>string(8) "lorenaym"
string(24) "Cantidad de follows = 77"
<br><br><br>string(11) "pamelaotero"
string(27) "Cantidad de follows = 46116"
<br><br><br>string(19) "starpointcollection"
string(27) "Cantidad de follows = 12631"
<br><br><br>string(9) "katiacsdc"
string(27) "Cantidad de follows = 18357"
<br><br><br>string(14) "grazielialvess"
string(27) "Cantidad de follows = 21524"
<br><br><br>string(22) "dra_barbaravasconcelos"
string(27) "Cantidad de follows = 24590"
<br><br><br>string(21) "comandantedochurrasco"
string(27) "Cantidad de follows = 56615"
<br><br><br>string(12) "40antesdos40"
string(27) "Cantidad de follows = 28511"
<br><br><br>string(19) "intimissimisalvador"
string(27) "Cantidad de follows = 13343"
<br><br><br>string(16) "drricardopalacio"
string(27) "Cantidad de follows = 25926"
<br><br><br>string(12) "pollyruffini"
string(26) "Cantidad de follows = 7513"
<br><br><br>string(14) "carlos_skatmar"
string(26) "Cantidad de follows = 2363"
<br><br><br>string(10) "star_point"
string(27) "Cantidad de follows = 32968"
<br><br><br>string(8) "rruizmma"
string(27) "Cantidad de follows = 47041"
<br><br><br>string(8) "dumbu.09"
string(26) "Cantidad de follows = 7665"
<br><br><br>string(14) "marcosp.medina"
string(26) "Cantidad de follows = 4060"
<br><br><br>string(11) "sandrozion7"
string(27) "Cantidad de follows = 20994"
<br><br><br>string(17) "grandville_hoteis"
string(27) "Cantidad de follows = 12697"
<br><br><br>string(11) "josiasdiass"
string(27) "Cantidad de follows = 18070"
<br><br><br>string(18) "barbaracampospalma"
string(26) "Cantidad de follows = 8704"
<br><br><br>string(9) "telless13"
string(27) "Cantidad de follows = 14469"
<br><br><br>string(13) "bandamegafire"
string(27) "Cantidad de follows = 23310"
<br><br><br>string(17) "sosoportunidade10"
string(25) "Cantidad de follows = 965"
<br><br><br>string(18) "academia_king_thai"
string(26) "Cantidad de follows = 5079"
<br><br><br>string(13) "renatafontany"
string(27) "Cantidad de follows = 33647"
<br><br><br>string(14) "cabelosaugusto"
string(27) "Cantidad de follows = 23795"
<br><br><br>string(14) "brunocerqueira"
string(27) "Cantidad de follows = 10519"
<br><br><br>string(10) "noxboymike"
string(26) "Cantidad de follows = 5445"
<br><br><br>string(20) "juliobaptistaoficial"
string(28) "Cantidad de follows = 250991"
<br><br><br>string(21) "ateliermarielamoreira"
string(27) "Cantidad de follows = 15855"
<br><br><br>object(stdClass)#63 (2) {
  ["id"]=>
  string(5) "11096"
  ["login"]=>
  string(12) "michaelletjp"
}
object(stdClass)#15 (2) {
  ["id"]=>
  string(5) "11099"
  ["login"]=>
  string(13) "agostochuvoso"
}
string(11) "insultedboy"
string(26) "Cantidad de follows = 3513"
<br><br><br>string(11) "weilla_morg"
string(25) "Cantidad de follows = 940"
<br><br><br>string(11) "raphabritoo"
string(27) "Cantidad de follows = 16047"
<br><br><br>string(10) "vinihveiga"
string(26) "Cantidad de follows = 4074"
<br><br><br>object(stdClass)#60 (2) {
  ["id"]=>
  string(5) "11131"
  ["login"]=>
  string(14) "deliciasdoronk"
}
string(16) "duuduuzinhosilva"
string(26) "Cantidad de follows = 3043"
<br><br><br>string(9) "carlosbsg"
string(25) "Cantidad de follows = 925"
<br><br><br>string(12) "danndourado0"
string(27) "Cantidad de follows = 15255"
<br><br><br>string(7) "biel312"
string(23) "Cantidad de follows = 9"
<br><br><br>string(11) "caiogrunupp"
string(26) "Cantidad de follows = 3314"
<br><br><br>string(11) "paullonunan"
string(26) "Cantidad de follows = 1432"
<br><br><br>string(12) "pablodiego15"
string(26) "Cantidad de follows = 1131"
<br><br><br>object(stdClass)#163 (2) {
  ["id"]=>
  string(5) "11230"
  ["login"]=>
  string(16) "_luferreiranunes"
}
string(14) "natan_mantelli"
string(25) "Cantidad de follows = 794"
<br><br><br>string(17) "antoniocarlos3627"
string(24) "Cantidad de follows = 45"
<br><br><br>string(11) "365_indubai"
string(27) "Cantidad de follows = 22025"
<br><br><br>object(stdClass)#54 (2) {
  ["id"]=>
  string(5) "11239"
  ["login"]=>
  string(12) "ceottosinuhe"
}
string(14) "vitoriaabritto"
string(27) "Cantidad de follows = 40350"
<br><br><br>string(11) "lojaoperapc"
string(27) "Cantidad de follows = 23929"
<br><br><br>string(12) "huealimentos"
string(26) "Cantidad de follows = 5155"
<br><br><br>string(13) "kstimportados"
string(26) "Cantidad de follows = 4371"
<br><br><br>string(7) "wi11see"
string(27) "Cantidad de follows = 11477"
<br><br><br>string(12) "s7_producoes"
string(26) "Cantidad de follows = 5993"
<br><br><br>string(12) "gabrielaribi"
string(26) "Cantidad de follows = 7621"
<br><br><br>string(17) "brunosennaimagens"
string(27) "Cantidad de follows = 13234"
<br><br><br>string(14) "maycowmontemor"
string(27) "Cantidad de follows = 32556"
<br><br><br>string(14) "alinemarcovici"
string(27) "Cantidad de follows = 18482"
<br><br><br>string(10) "junior.dev"
string(27) "Cantidad de follows = 17634"
<br><br><br>string(13) "amaassessoria"
string(26) "Cantidad de follows = 7635"
<br><br><br>string(11) "julisciotto"
string(27) "Cantidad de follows = 25626"
<br><br><br>string(14) "draalinehsilva"
string(27) "Cantidad de follows = 20143"
<br><br><br>string(13) "rodasemotores"
string(27) "Cantidad de follows = 14815"
<br><br><br>string(15) "claracamposmaya"
string(26) "Cantidad de follows = 4312"
<br><br><br>string(19) "thamaraelisa.tattoo"
string(27) "Cantidad de follows = 14231"
<br><br><br>string(15) "megaminassports"
string(26) "Cantidad de follows = 6773"
<br><br><br>string(16) "agencia_portal37"
string(26) "Cantidad de follows = 3318"
<br><br><br>object(stdClass)#223 (2) {
  ["id"]=>
  string(5) "11792"
  ["login"]=>
  string(14) "hf_metalurgica"
}
string(13) "grillegourmet"
string(26) "Cantidad de follows = 5110"
<br><br><br>string(11) "davidkapper"
string(27) "Cantidad de follows = 13121"
<br><br><br>string(11) "7chavesfoto"
string(27) "Cantidad de follows = 11020"
<br><br><br>string(11) "joiaskether"
string(27) "Cantidad de follows = 19574"
<br><br><br>string(14) "luziasantana33"
string(28) "Cantidad de follows = 235809"
<br><br><br>string(13) "thiagovaleiro"
string(26) "Cantidad de follows = 3821"
<br><br><br>object(stdClass)#20 (2) {
  ["id"]=>
  string(5) "12434"
  ["login"]=>
  string(9) "dupicasso"
}
string(11) "laura_bergo"
string(26) "Cantidad de follows = 6409"
<br><br><br>string(15) "dra.raphabecker"
string(27) "Cantidad de follows = 19696"
<br><br><br>string(8) "letdaher"
string(27) "Cantidad de follows = 28130"
<br><br><br>string(9) "dgarciia_"
string(25) "Cantidad de follows = 865"
<br><br><br>string(10) "joaosurf12"
string(24) "Cantidad de follows = 97"
<br><br><br>string(8) "itsandco"
string(27) "Cantidad de follows = 21229"
<br><br><br>string(10) "ela_andrea"
string(27) "Cantidad de follows = 22480"
<br><br><br>string(14) "nafurtadocakes"
string(26) "Cantidad de follows = 6647"
<br><br><br>string(18) "castrolautoservice"
string(26) "Cantidad de follows = 9319"
<br><br><br>string(9) "livdrinks"
string(27) "Cantidad de follows = 47408"
<br><br><br>string(18) "portalautoshopping"
string(27) "Cantidad de follows = 12157"
<br><br><br>string(20) "manu.mamaeaoquadrado"
string(26) "Cantidad de follows = 9606"
<br><br><br>string(15) "odontowebschool"
string(27) "Cantidad de follows = 10543"
<br><br><br>string(9) "abarkeria"
string(27) "Cantidad de follows = 33554"
<br><br><br>object(stdClass)#205 (2) {
  ["id"]=>
  string(5) "15166"
  ["login"]=>
  string(14) "__fehholiveira"
}
string(10) "ninabaking"
string(26) "Cantidad de follows = 8995"
<br><br><br>string(10) "jgiordanoo"
string(27) "Cantidad de follows = 12468"
<br><br><br>string(18) "domhairfelippewill"
string(27) "Cantidad de follows = 11612"
<br><br><br>string(7) "pbpetti"
string(27) "Cantidad de follows = 39590"
<br><br><br>string(10) "psych0wolf"
string(25) "Cantidad de follows = 402"
<br><br><br>string(8) "andreiso"
string(26) "Cantidad de follows = 9574"
<br><br><br>string(13) "biadiascoelho"
string(26) "Cantidad de follows = 4895"
<br><br><br>string(8) "mytrips7"
string(25) "Cantidad de follows = 524"
<br><br><br>string(13) "directdireito"
string(27) "Cantidad de follows = 11169"
<br><br><br>string(12) "patrickvalle"
string(26) "Cantidad de follows = 3543"
<br><br><br>string(21) "lucianalauferofficial"
string(27) "Cantidad de follows = 18884"
<br><br><br>string(13) "matheuspercut"
string(26) "Cantidad de follows = 1155"
<br><br><br>string(10) "flavia_vdr"
string(27) "Cantidad de follows = 11268"
<br><br><br>object(stdClass)#67 (2) {
  ["id"]=>
  string(5) "16861"
  ["login"]=>
  string(14) "mickael_cortes"
}
string(16) "helder_del_monte"
string(27) "Cantidad de follows = 17186"
<br><br><br>string(18) "physicalpilates_bh"
string(26) "Cantidad de follows = 5598"
<br><br><br>string(13) "faleiroslaura"
string(27) "Cantidad de follows = 12911"
<br><br><br>string(11) "dannysetudo"
string(26) "Cantidad de follows = 9937"
<br><br><br>string(15) "portodepiranhas"
string(27) "Cantidad de follows = 10456"
<br><br><br>string(24) "contadordehistoriasreais"
string(27) "Cantidad de follows = 32957"
<br><br><br>string(6) "guil38"
string(26) "Cantidad de follows = 6687"
<br><br><br>string(22) "vacationhomeneardisney"
string(27) "Cantidad de follows = 19601"
<br><br><br>string(16) "drguilhermecravo"
string(26) "Cantidad de follows = 3156"
<br><br><br>string(6) "ossmkt"
string(26) "Cantidad de follows = 5286"
<br><br><br>string(10) "jhoneheber"
string(27) "Cantidad de follows = 23434"
<br><br><br>string(20) "justiniano0_official"
string(26) "Cantidad de follows = 2975"
<br><br><br>string(15) "sao_os_caipiras"
string(26) "Cantidad de follows = 9451"
<br><br><br>string(9) "acerickrj"
string(27) "Cantidad de follows = 12324"
<br><br><br>string(15) "leandrogarciadj"
string(27) "Cantidad de follows = 19579"
<br><br><br>string(14) "osnirhamburger"
string(26) "Cantidad de follows = 6903"
<br><br><br>string(8) "dutruffi"
string(27) "Cantidad de follows = 14136"
<br><br><br>string(9) "lschuback"
string(26) "Cantidad de follows = 7832"
<br><br><br>object(stdClass)#70 (2) {
  ["id"]=>
  string(5) "18103"
  ["login"]=>
  string(22) "denisegoncalves.santos"
}
string(14) "ethianemarques"
string(25) "Cantidad de follows = 692"
<br><br><br>string(10) "synaraleal"
string(27) "Cantidad de follows = 16307"
<br><br><br>string(8) "trinjune"
string(23) "Cantidad de follows = 0"
<br><br><br>string(12) "holy_popcorn"
string(27) "Cantidad de follows = 10701"
<br><br><br>string(9) "eltranvia"
string(27) "Cantidad de follows = 16184"
<br><br><br>string(19) "diegogoulartoficial"
string(27) "Cantidad de follows = 20457"
<br><br><br>string(15) "cartolinadesign"
string(26) "Cantidad de follows = 5715"
<br><br><br>string(9) "quarto_22"
string(26) "Cantidad de follows = 5837"
<br><br><br>string(10) "blogdakeli"
string(24) "Cantidad de follows = 12"
<br><br><br>object(stdClass)#92 (2) {
  ["id"]=>
  string(5) "18816"
  ["login"]=>
  string(10) "lefitnessb"
}
string(9) "awsmining"
string(26) "Cantidad de follows = 4767"
<br><br><br>string(13) "willianabrito"
string(26) "Cantidad de follows = 6732"
<br><br><br>string(23) "eusoutestemunhadogolias"
string(25) "Cantidad de follows = 205"
<br><br><br>string(16) "tumsoundfestival"
string(26) "Cantidad de follows = 1554"
<br><br><br>string(18) "casalbioequilibrio"
string(27) "Cantidad de follows = 11437"
<br><br><br>string(13) "mimosearomaas"
string(27) "Cantidad de follows = 11093"
<br><br><br>object(stdClass)#164 (2) {
  ["id"]=>
  string(5) "19152"
  ["login"]=>
  string(17) "gventurinpersonal"
}
string(9) "fastfitsc"
string(26) "Cantidad de follows = 3578"
<br><br><br>string(11) "raif_tattoo"
string(27) "Cantidad de follows = 13263"
<br><br><br>string(10) "hustler.hc"
string(26) "Cantidad de follows = 2450"
<br><br><br>string(9) "isarengel"
string(26) "Cantidad de follows = 6765"
<br><br><br>string(12) "solus_online"
string(26) "Cantidad de follows = 4154"
<br><br><br>string(11) "refugiohoje"
string(27) "Cantidad de follows = 12404"
<br><br><br>string(13) "nati.fressato"
string(26) "Cantidad de follows = 7204"
<br><br><br>string(17) "calcadospaubrasil"
string(26) "Cantidad de follows = 8249"
<br><br><br>string(10) "daly_store"
string(27) "Cantidad de follows = 21726"
<br><br><br>string(11) "angelosciao"
string(26) "Cantidad de follows = 5226"
<br><br><br>string(6) "fuinha"
string(25) "Cantidad de follows = 193"
<br><br><br>string(10) "kombi_krug"
string(25) "Cantidad de follows = 511"
<br><br><br>string(12) "rekombinando"
string(26) "Cantidad de follows = 5963"
<br><br><br>string(15) "blogdasusantoss"
string(26) "Cantidad de follows = 5396"
<br><br><br>string(15) "diadeacessorios"
string(26) "Cantidad de follows = 2309"
<br><br><br>string(18) "christians.pereira"
string(26) "Cantidad de follows = 3760"
<br><br><br>string(28) "pedrowilsonrodriguespimentel"
string(26) "Cantidad de follows = 7694"
<br><br><br>string(15) "atelieluizrocha"
string(27) "Cantidad de follows = 10188"
<br><br><br>string(12) "bibiscamargo"
string(26) "Cantidad de follows = 2026"
<br><br><br>string(16) "centerperfumaria"
string(26) "Cantidad de follows = 5500"
<br><br><br>string(10) "pmelorocha"
string(26) "Cantidad de follows = 6338"
<br><br><br>object(stdClass)#103 (2) {
  ["id"]=>
  string(5) "20149"
  ["login"]=>
  string(14) "thaliaalvesdec"
}
string(12) "yasminndias_"
string(26) "Cantidad de follows = 9317"
<br><br><br>string(17) "jb_alves_educador"
string(26) "Cantidad de follows = 3548"
<br><br><br>object(stdClass)#185 (2) {
  ["id"]=>
  string(5) "20304"
  ["login"]=>
  string(24) "leonardosantosfotografia"
}
string(8) "sporttot"
string(24) "Cantidad de follows = 23"
<br><br><br>object(stdClass)#185 (2) {
  ["id"]=>
  string(5) "20503"
  ["login"]=>
  string(8) "chandler"
}
string(13) "ayllesantiago"
string(28) "Cantidad de follows = 143655"
<br><br><br>string(12) "maisonbiarro"
string(27) "Cantidad de follows = 30934"
<br><br><br>string(15) "iselamendozadec"
string(26) "Cantidad de follows = 6454"
<br><br><br>string(9) "bamboh.pt"
string(26) "Cantidad de follows = 2601"
<br><br><br>string(12) "redeentropia"
string(26) "Cantidad de follows = 5877"
<br><br><br>object(stdClass)#121 (2) {
  ["id"]=>
  string(5) "20682"
  ["login"]=>
  string(11) "farmapharma"
}
string(18) "calabriapizzariarj"
string(26) "Cantidad de follows = 2459"
<br><br><br>object(stdClass)#121 (2) {
  ["id"]=>
  string(5) "20818"
  ["login"]=>
  string(20) "cadillacs.pastelaria"
}
object(stdClass)#220 (2) {
  ["id"]=>
  string(5) "20927"
  ["login"]=>
  string(25) "missionariojairodossantos"
}
object(stdClass)#121 (2) {
  ["id"]=>
  string(5) "21062"
  ["login"]=>
  string(13) "jesuisluciano"
}
object(stdClass)#220 (2) {
  ["id"]=>
  string(5) "21230"
  ["login"]=>
  string(9) "vikatorsc"
}
string(19) "nicollystoreoficial"
string(26) "Cantidad de follows = 7569"
<br><br><br>object(stdClass)#220 (2) {
  ["id"]=>
  string(5) "21368"
  ["login"]=>
  string(18) "ricardoribeiro0013"
}
string(24) "ramossegurancaeletronica"
string(26) "Cantidad de follows = 3285"
<br><br><br>string(18) "camacariplazahotel"
string(26) "Cantidad de follows = 6318"
<br><br><br>string(13) "_telesgabriel"
string(26) "Cantidad de follows = 3163"
<br><br><br>string(12) "fbfabiolopes"
string(26) "Cantidad de follows = 8935"
<br><br><br>object(stdClass)#52 (2) {
  ["id"]=>
  string(5) "21517"
  ["login"]=>
  string(23) "biscuitporvictorialeite"
}
string(10) "trapburger"
string(26) "Cantidad de follows = 2627"
<br><br><br>string(20) "shoppingcasaedesign_"
string(26) "Cantidad de follows = 8832"
<br><br><br>string(9) "samiilly_"
string(27) "Cantidad de follows = 18390"
<br><br><br>object(stdClass)#12 (2) {
  ["id"]=>
  string(5) "21731"
  ["login"]=>
  string(9) "conhecaes"
}
object(stdClass)#187 (2) {
  ["id"]=>
  string(5) "21748"
  ["login"]=>
  string(7) "loirasn"
}
string(15) "santasticauniao"
string(26) "Cantidad de follows = 6266"
<br><br><br>string(19) "embraconcondominios"
string(26) "Cantidad de follows = 4847"
<br><br><br>string(17) "hamburguinhomoema"
string(27) "Cantidad de follows = 61063"
<br><br><br>string(14) "vilmamartins_7"
string(26) "Cantidad de follows = 1311"
<br><br><br>string(12) "leticiajural"
string(26) "Cantidad de follows = 8455"
<br><br><br>string(8) "_zero100"
string(27) "Cantidad de follows = 52042"
<br><br><br>string(20) "lionrollingcircusrio"
string(27) "Cantidad de follows = 14857"
<br><br><br>string(9) "_nerdjunk"
string(26) "Cantidad de follows = 5340"
<br><br><br>string(10) "pilotelton"
string(27) "Cantidad de follows = 11413"
<br><br><br>string(14) "marcioancelmoo"
string(26) "Cantidad de follows = 4941"
<br><br><br>object(stdClass)#65 (2) {
  ["id"]=>
  string(5) "22627"
  ["login"]=>
  string(18) "lucaswiliamsoliver"
}
string(14) "kevinlorenzorj"
string(26) "Cantidad de follows = 3364"
<br><br><br>object(stdClass)#65 (2) {
  ["id"]=>
  string(5) "22701"
  ["login"]=>
  string(21) "falandodemaquiagem_01"
}
string(13) "georgemuchuli"
string(26) "Cantidad de follows = 7736"
<br><br><br>string(15) "wendell_alvess_"
string(24) "Cantidad de follows = 94"
<br><br><br>object(stdClass)#44 (2) {
  ["id"]=>
  string(5) "22786"
  ["login"]=>
  string(6) "jpzk02"
}
object(stdClass)#48 (2) {
  ["id"]=>
  string(5) "22791"
  ["login"]=>
  string(13) "rodrigues.exe"
}
object(stdClass)#44 (2) {
  ["id"]=>
  string(5) "22915"
  ["login"]=>
  string(10) "5000covers"
}
string(18) "marciomouraoficial"
string(27) "Cantidad de follows = 12453"
<br><br><br>object(stdClass)#44 (2) {
  ["id"]=>
  string(5) "23135"
  ["login"]=>
  string(15) "daniak_boutique"
}
string(23) "formatacaotccmonografia"
string(24) "Cantidad de follows = 95"
<br><br><br>string(6) "nekkow"
string(24) "Cantidad de follows = 15"
<br><br><br>string(5) "lucao"
string(25) "Cantidad de follows = 563"
<br><br><br>string(6) "lucao2"
string(25) "Cantidad de follows = 593"
<br><br><br>string(13) "marcelomarkes"
string(27) "Cantidad de follows = 19949"
<br><br><br>string(14) "dl_beautysalon"
string(26) "Cantidad de follows = 1962"
<br><br><br>string(15) "ariadinebarreto"
string(27) "Cantidad de follows = 14480"
<br><br><br>string(13) "canalsemjacar"
string(27) "Cantidad de follows = 14172"
<br><br><br>string(11) "hiratabreno"
string(27) "Cantidad de follows = 12540"
<br><br><br>string(14) "erickspimentel"
string(26) "Cantidad de follows = 2018"
<br><br><br>string(12) "jessicaiwata"
string(27) "Cantidad de follows = 34254"
<br><br><br>string(14) "dnaphotoevideo"
string(27) "Cantidad de follows = 29329"
<br><br><br>string(18) "gamecenterpaulista"
string(27) "Cantidad de follows = 10322"
<br><br><br>string(10) "pacofishrd"
string(26) "Cantidad de follows = 8053"
<br><br><br>string(14) "qualityhotelsd"
string(26) "Cantidad de follows = 1203"
<br><br><br>string(17) "isabellabofficial"
string(27) "Cantidad de follows = 13929"
<br><br><br>string(13) "alialioficial"
string(25) "Cantidad de follows = 673"
<br><br><br>string(15) "barbeariadoneno"
string(27) "Cantidad de follows = 13632"
<br><br><br>string(10) "plagamba01"
string(26) "Cantidad de follows = 2702"
<br><br><br>string(11) "oscarcauchi"
string(26) "Cantidad de follows = 3608"
<br><br><br>string(7) "18laras"
string(26) "Cantidad de follows = 1812"
<br><br><br>string(16) "entreomarealagoa"
string(26) "Cantidad de follows = 1691"
<br><br><br>string(9) "darlanred"
string(27) "Cantidad de follows = 21258"
<br><br><br>string(15) "riolisboabrasil"
string(25) "Cantidad de follows = 205"
<br><br><br>string(12) "studio4cinco"
string(26) "Cantidad de follows = 4929"
<br><br><br>string(13) "fabriciofabre"
string(26) "Cantidad de follows = 8631"
<br><br><br>string(22) "suamusicapersonalizada"
string(27) "Cantidad de follows = 11629"
<br><br><br>string(8) "kevinvem"
string(23) "Cantidad de follows = 5"
<br><br><br>string(12) "djallannatal"
string(27) "Cantidad de follows = 29795"
<br><br><br>string(15) "polpasempreviva"
string(27) "Cantidad de follows = 34379"
<br><br><br>string(8) "kessyaaa"
string(27) "Cantidad de follows = 11029"
<br><br><br>string(8) "celparra"
string(27) "Cantidad de follows = 10693"
<br><br><br>object(stdClass)#105 (2) {
  ["id"]=>
  string(5) "25524"
  ["login"]=>
  string(11) "tompson9345"
}
string(13) "mayconbarroco"
string(27) "Cantidad de follows = 18530"
<br><br><br>string(9) "caiocesar"
string(24) "Cantidad de follows = 85"
<br><br><br>object(stdClass)#179 (2) {
  ["id"]=>
  string(5) "25968"
  ["login"]=>
  string(8) "lil.fama"
}
string(12) "institutoybi"
string(27) "Cantidad de follows = 17885"
<br><br><br>object(stdClass)#179 (2) {
  ["id"]=>
  string(5) "26183"
  ["login"]=>
  string(14) "andresa_lebens"
}
object(stdClass)#136 (2) {
  ["id"]=>
  string(5) "26226"
  ["login"]=>
  string(7) "yuryv05"
}
string(15) "eliana_casimiro"
string(26) "Cantidad de follows = 5603"
<br><br><br>string(11) "maloohstore"
string(26) "Cantidad de follows = 3808"
<br><br><br>string(16) "simplesmenteamei"
string(27) "Cantidad de follows = 16035"
<br><br><br>string(16) "drraphaelmarques"
string(27) "Cantidad de follows = 21302"
<br><br><br>string(10) "casazunzun"
string(26) "Cantidad de follows = 5842"
<br><br><br>string(14) "draraymedeiros"
string(26) "Cantidad de follows = 1564"
<br><br><br>string(21) "lucaslermenfotografia"
string(27) "Cantidad de follows = 15370"
<br><br><br>string(16) "bracholuismiguel"
string(25) "Cantidad de follows = 839"
<br><br><br>string(17) "draflaviasgavioli"
string(27) "Cantidad de follows = 42086"
<br><br><br>string(16) "rafamello_cantor"
string(26) "Cantidad de follows = 9069"
<br><br><br>string(13) "gabinassyrios"
string(27) "Cantidad de follows = 28368"
<br><br><br>string(13) "cardosodani78"
string(25) "Cantidad de follows = 403"
<br><br><br>object(stdClass)#66 (2) {
  ["id"]=>
  string(5) "27362"
  ["login"]=>
  string(9) "k123silva"
}
string(9) "labotique"
string(25) "Cantidad de follows = 276"
<br><br><br>string(11) "eco.noronha"
string(26) "Cantidad de follows = 1072"
<br><br><br>string(13) "gelottisports"
string(26) "Cantidad de follows = 6272"
<br><br><br>string(13) "bombeefsantos"
string(27) "Cantidad de follows = 71430"
<br><br><br>string(15) "parvathi_brasil"
string(26) "Cantidad de follows = 8839"
<br><br><br>string(9) "lobotique"
string(26) "Cantidad de follows = 6656"
<br><br><br>string(8) "talincas"
string(27) "Cantidad de follows = 22560"
<br><br><br>string(21) "visagismofacial_drika"
string(25) "Cantidad de follows = 755"
<br><br><br>string(13) "bakwarabrasil"
string(26) "Cantidad de follows = 1564"
<br><br><br>string(19) "carlabarcellosjoias"
string(27) "Cantidad de follows = 11481"
<br><br><br>string(16) "programagameover"
string(26) "Cantidad de follows = 1102"
<br><br><br>string(15) "aafrodite.store"
string(26) "Cantidad de follows = 5715"
<br><br><br>string(12) "rogiacomello"
string(26) "Cantidad de follows = 1431"
<br><br><br>string(11) "solvebrazil"
string(26) "Cantidad de follows = 1164"
<br><br><br>string(16) "drafernandavolpi"
string(27) "Cantidad de follows = 12424"
<br><br><br>object(stdClass)#24 (2) {
  ["id"]=>
  string(5) "27722"
  ["login"]=>
  string(14) "maribel.silent"
}
string(13) "miocheoficial"
string(27) "Cantidad de follows = 46011"
<br><br><br>string(11) "daylipadron"
string(26) "Cantidad de follows = 8575"
<br><br><br>string(14) "mercadolabarra"
string(26) "Cantidad de follows = 4741"
<br><br><br>string(10) "naraabreuu"
string(26) "Cantidad de follows = 4524"
<br><br><br>string(8) "lukmodas"
string(26) "Cantidad de follows = 8273"
<br><br><br>string(21) "girlsgardenacessorios"
string(26) "Cantidad de follows = 2005"
<br><br><br>string(13) "capimlimaomga"
string(26) "Cantidad de follows = 5792"
<br><br><br>string(15) "maxpremiumjeans"
string(26) "Cantidad de follows = 8490"
<br><br><br>string(8) "bruna.fb"
string(27) "Cantidad de follows = 21102"
<br><br><br>string(14) "na_cara_do_gol"
string(26) "Cantidad de follows = 3037"
<br><br><br>string(13) "jessicacytrus"
string(27) "Cantidad de follows = 29999"
<br><br><br>string(11) "cyrofuziama"
string(27) "Cantidad de follows = 25066"
<br><br><br>string(11) "thaycomfome"
string(27) "Cantidad de follows = 27124"
<br><br><br>string(10) "dankana_dk"
string(26) "Cantidad de follows = 8914"
<br><br><br>string(13) "vivimaquiagem"
string(26) "Cantidad de follows = 3448"
<br><br><br>string(14) "fshirtsdesigns"
string(25) "Cantidad de follows = 367"
<br><br><br>string(15) "closetdasduasto"
string(27) "Cantidad de follows = 14588"
<br><br><br>object(stdClass)#202 (2) {
  ["id"]=>
  string(5) "28069"
  ["login"]=>
  string(14) "rosaduartelash"
}
string(11) "gardelmaroz"
string(26) "Cantidad de follows = 6549"
<br><br><br>object(stdClass)#202 (2) {
  ["id"]=>
  string(5) "28080"
  ["login"]=>
  string(16) "msanchescaroline"
}
object(stdClass)#195 (2) {
  ["id"]=>
  string(5) "28092"
  ["login"]=>
  string(9) "pri_avlis"
}
string(13) "ferefacrochet"
string(26) "Cantidad de follows = 9142"
<br><br><br>object(stdClass)#195 (2) {
  ["id"]=>
  string(5) "28099"
  ["login"]=>
  string(13) "menezesandree"
}
string(7) "nr_mini"
string(27) "Cantidad de follows = 11551"
<br><br><br>string(6) "dz9bnb"
string(26) "Cantidad de follows = 3771"
<br><br><br>object(stdClass)#67 (2) {
  ["id"]=>
  string(5) "28145"
  ["login"]=>
  string(20) "nossoapartamento_103"
}
string(18) "cheirinhodamariana"
string(26) "Cantidad de follows = 7688"
<br><br><br>object(stdClass)#67 (2) {
  ["id"]=>
  string(5) "28213"
  ["login"]=>
  string(15) "malucassimiro.r"
}
string(16) "alvomarketingagc"
string(26) "Cantidad de follows = 9392"
<br><br><br>string(17) "ilmiocasamentoios"
string(26) "Cantidad de follows = 1696"
<br><br><br>string(16) "dranayanepacheco"
string(28) "Cantidad de follows = 147960"
<br><br><br>string(24) "silvanonunes.hairstylist"
string(27) "Cantidad de follows = 26862"
<br><br><br>object(stdClass)#117 (2) {
  ["id"]=>
  string(5) "28276"
  ["login"]=>
  string(13) "tatyanealvess"
}
string(21) "closetdemulheroficial"
string(26) "Cantidad de follows = 3994"
<br><br><br>string(12) "maxiprodutos"
string(27) "Cantidad de follows = 20665"
<br><br><br>string(17) "drdanilopelegrino"
string(26) "Cantidad de follows = 5861"
<br><br><br>string(20) "mariaclaraguimaraes1"
string(27) "Cantidad de follows = 35424"
<br><br><br>string(15) "vitoria.mamedio"
string(26) "Cantidad de follows = 7599"
<br><br><br>string(12) "meirellesipc"
string(26) "Cantidad de follows = 1559"
<br><br><br>string(12) "luporluciana"
string(26) "Cantidad de follows = 8424"
<br><br><br>string(11) "andersonvoo"
string(26) "Cantidad de follows = 1056"
<br><br><br>string(14) "niqueferreiira"
string(27) "Cantidad de follows = 12314"
<br><br><br>string(15) "carlota_barnabe"
string(27) "Cantidad de follows = 12710"
<br><br><br>string(17) "drdanilopelegrino"
string(26) "Cantidad de follows = 5861"
<br><br><br>string(9) "lipinhuss"
string(26) "Cantidad de follows = 1779"
<br><br><br>string(13) "mayaramarkes_"
string(26) "Cantidad de follows = 8572"
<br><br><br>string(10) "ky2oficial"
string(26) "Cantidad de follows = 2582"
<br><br><br>string(11) "mendy_vivii"
string(26) "Cantidad de follows = 4232"
<br><br><br>object(stdClass)#185 (2) {
  ["id"]=>
  string(5) "28497"
  ["login"]=>
  string(21) "_medicinaintegrativa_"
}
string(25) "specialitycoffeegastropub"
string(25) "Cantidad de follows = 554"
<br><br><br>string(11) "carolsousas"
string(26) "Cantidad de follows = 3529"
<br><br><br>object(stdClass)#124 (2) {
  ["id"]=>
  string(5) "28517"
  ["login"]=>
  string(19) "martins_consultoria"
}
string(4) "fila"
string(25) "Cantidad de follows = 869"
<br><br><br>string(6) "reebok"
string(29) "Cantidad de follows = 2156790"
<br><br><br>string(8) "bindanvm"
string(26) "Cantidad de follows = 1506"
<br><br><br>string(18) "wesleyoliveirareal"
string(26) "Cantidad de follows = 2806"
<br><br><br>string(9) "indikqui_"
string(26) "Cantidad de follows = 1325"
<br><br><br>string(10) "luahungria"
string(26) "Cantidad de follows = 4488"
<br><br><br>object(stdClass)#146 (2) {
  ["id"]=>
  string(5) "28557"
  ["login"]=>
  string(10) "kaahcintra"
}
string(17) "reabilitar.studio"
string(26) "Cantidad de follows = 5839"
<br><br><br>string(9) "amaraljej"
string(25) "Cantidad de follows = 622"
<br><br><br>string(14) "websterramalho"
string(25) "Cantidad de follows = 731"
<br><br><br>string(24) "vida_sol_e_mar_ecoresort"
string(26) "Cantidad de follows = 7194"
<br><br><br>string(10) "aco_brasil"
string(26) "Cantidad de follows = 3425"
<br><br><br>string(13) "desafioadois2"
string(26) "Cantidad de follows = 6937"
<br><br><br>string(10) "joaozaneti"
string(27) "Cantidad de follows = 13169"
<br><br><br>string(12) "karbofitness"
string(27) "Cantidad de follows = 10947"
<br><br><br>string(12) "nayaranouber"
string(27) "Cantidad de follows = 18318"
<br><br><br>object(stdClass)#214 (2) {
  ["id"]=>
  string(5) "28654"
  ["login"]=>
  string(11) "ellenrauber"
}
object(stdClass)#193 (2) {
  ["id"]=>
  string(5) "28657"
  ["login"]=>
  string(14) "reserveviagens"
}
string(17) "ingrid_ferreira25"
string(25) "Cantidad de follows = 180"
<br><br><br>string(20) "neovita_fisioterapia"
string(26) "Cantidad de follows = 5036"
<br><br><br>string(17) "dunashookahlounge"
string(26) "Cantidad de follows = 9089"
<br><br><br>string(15) "emporio.forever"
string(25) "Cantidad de follows = 275"
<br><br><br>object(stdClass)#33 (2) {
  ["id"]=>
  string(5) "28678"
  ["login"]=>
  string(16) "mariakarencosta_"
}
string(13) "pretta_araujo"
string(27) "Cantidad de follows = 11892"
<br><br><br>string(18) "theo_kate_ragdolls"
string(26) "Cantidad de follows = 7859"
<br><br><br>string(9) "xaanndii_"
string(26) "Cantidad de follows = 1256"
<br><br><br>string(10) "raquellsan"
string(27) "Cantidad de follows = 25988"
<br><br><br>string(11) "quatro_maos"
string(26) "Cantidad de follows = 4214"
<br><br><br>string(20) "apaudiovisualoficial"
string(25) "Cantidad de follows = 569"
<br><br><br>string(15) "gameoverworldmx"
string(24) "Cantidad de follows = 31"
<br><br><br>string(10) "macielcaio"
string(26) "Cantidad de follows = 3037"
<br><br><br>string(10) "pp_eventos"
string(26) "Cantidad de follows = 3646"
<br><br><br>string(15) "renatacanizares"
string(27) "Cantidad de follows = 13554"
<br><br><br>string(12) "dermatofarma"
string(26) "Cantidad de follows = 8815"
<br><br><br>string(14) "cinarafestasbh"
string(27) "Cantidad de follows = 39539"
<br><br><br>object(stdClass)#202 (2) {
  ["id"]=>
  string(5) "28761"
  ["login"]=>
  string(10) "mreissilva"
}
string(17) "minutoscomdelavec"
string(27) "Cantidad de follows = 14256"
<br><br><br>string(9) "lilispada"
string(28) "Cantidad de follows = 718994"
<br><br><br>string(13) "edersilveiram"
string(26) "Cantidad de follows = 4485"
<br><br><br>string(15) "rosanatiburtino"
string(26) "Cantidad de follows = 1025"
<br><br><br>string(18) "stopscapautomotivo"
string(26) "Cantidad de follows = 6103"
<br><br><br>object(stdClass)#159 (2) {
  ["id"]=>
  string(5) "28849"
  ["login"]=>
  string(8) "plasjowl"
}
string(12) "itzackcamila"
string(26) "Cantidad de follows = 1342"
<br><br><br>string(15) "eu_gabicarvalho"
string(26) "Cantidad de follows = 3009"
<br><br><br>string(13) "everttonviana"
string(27) "Cantidad de follows = 10064"
<br><br><br>string(17) "shirleyalesantana"
string(27) "Cantidad de follows = 28552"
<br><br><br>string(14) "leticiastoledo"
string(26) "Cantidad de follows = 2545"
<br><br><br>string(14) "drpedroferrari"
string(27) "Cantidad de follows = 39482"
<br><br><br>string(11) "itamixbazar"
string(26) "Cantidad de follows = 4797"
<br><br><br>string(13) "trader_amador"
string(25) "Cantidad de follows = 167"
<br><br><br>string(16) "isabellasanchess"
string(26) "Cantidad de follows = 3024"
<br><br><br>object(stdClass)#217 (2) {
  ["id"]=>
  string(5) "28962"
  ["login"]=>
  string(15) "tiagomennezes11"
}
string(12) "bunkersounds"
string(26) "Cantidad de follows = 1712"
<br><br><br>string(14) "timmycelulares"
string(25) "Cantidad de follows = 219"
<br><br><br>object(stdClass)#159 (2) {
  ["id"]=>
  string(5) "28988"
  ["login"]=>
  string(15) "programavitrina"
}
object(stdClass)#171 (2) {
  ["id"]=>
  string(5) "28990"
  ["login"]=>
  string(17) "acade_corpoeforma"
}
object(stdClass)#159 (2) {
  ["id"]=>
  string(5) "28993"
  ["login"]=>
  string(11) "atgaranhuns"
}
string(20) "annamaya_arquitetura"
string(26) "Cantidad de follows = 9500"
<br><br><br>string(8) "1kgdobom"
string(27) "Cantidad de follows = 15012"
<br><br><br>string(13) "livre.digital"
string(26) "Cantidad de follows = 3846"
<br><br><br>string(14) "rhuanpenaforte"
string(27) "Cantidad de follows = 10671"
<br><br><br>string(16) "restaurantebario"
string(26) "Cantidad de follows = 1429"
<br><br><br>string(21) "felippeturtransportes"
string(26) "Cantidad de follows = 5428"
<br><br><br>string(15) "solarlifeenergy"
string(25) "Cantidad de follows = 549"
<br><br><br>string(18) "vinteumcomunicacao"
string(25) "Cantidad de follows = 575"
<br><br><br>string(18) "auto_escolaatitude"
string(26) "Cantidad de follows = 2031"
<br><br><br>string(13) "carollremigio"
string(26) "Cantidad de follows = 1058"
<br><br><br>string(20) "txcambioeturismo_rio"
string(26) "Cantidad de follows = 1288"
<br><br><br>string(13) "riveauxmerino"
string(26) "Cantidad de follows = 5422"
<br><br><br>string(15) "carneslaceleste"
string(26) "Cantidad de follows = 2859"
<br><br><br>string(11) "heroairsoft"
string(26) "Cantidad de follows = 3842"
<br><br><br>string(19) "brechoandreaventuro"
string(27) "Cantidad de follows = 36638"
<br><br><br>string(9) "samiilly_"
string(27) "Cantidad de follows = 18390"
<br><br><br>string(14) "luigi_bemporad"
string(24) "Cantidad de follows = 54"
<br><br><br>string(13) "luiz_skydiver"
string(26) "Cantidad de follows = 9825"
<br><br><br>string(15) "luanmachado.arq"
string(26) "Cantidad de follows = 1837"
<br><br><br>string(12) "kaikfariastv"
string(26) "Cantidad de follows = 2128"
<br><br><br>string(16) "colegioguarapuvu"
string(23) "Cantidad de follows = 1"
<br><br><br>string(9) "guarapuvu"
string(26) "Cantidad de follows = 3115"
<br><br><br>string(13) "purocafajeste"
string(27) "Cantidad de follows = 34171"
<br><br><br>string(11) "a_deziderio"
string(26) "Cantidad de follows = 2074"
<br><br><br>object(stdClass)#121 (2) {
  ["id"]=>
  string(5) "29171"
  ["login"]=>
  string(16) "ranchotalisma_mg"
}
object(stdClass)#156 (2) {
  ["id"]=>
  string(5) "29178"
  ["login"]=>
  string(16) "maryana_araujooc"
}
string(13) "vitormagnusss"
string(27) "Cantidad de follows = 42446"
<br><br><br>string(20) "franciscosilva_alves"
string(25) "Cantidad de follows = 266"
<br><br><br>string(17) "mrandersonalmeida"
string(26) "Cantidad de follows = 6420"
<br><br><br>string(10) "inovaluxrj"
string(25) "Cantidad de follows = 191"
<br><br><br>string(17) "mixturinhafashion"
string(26) "Cantidad de follows = 2223"
<br><br><br>string(22) "danelonprimeacessorios"
string(26) "Cantidad de follows = 4824"
<br><br><br>object(stdClass)#252 (2) {
  ["id"]=>
  string(5) "29219"
  ["login"]=>
  string(7) "ruivabr"
}
string(17) "luizjatobaoficial"
string(27) "Cantidad de follows = 10169"
<br><br><br>string(8) "thhai97_"
string(26) "Cantidad de follows = 1627"
<br><br><br>string(10) "tiago_kuhn"
string(26) "Cantidad de follows = 2290"
<br><br><br>object(stdClass)#132 (2) {
  ["id"]=>
  string(5) "29228"
  ["login"]=>
  string(13) "tiolavinicius"
}
string(15) "crisoliveiravmk"
string(26) "Cantidad de follows = 2256"
<br><br><br>string(15) "wesleymichelini"
string(26) "Cantidad de follows = 2007"
<br><br><br>string(18) "raphaelacapobiango"
string(26) "Cantidad de follows = 5683"
<br><br><br>string(11) "castrolucas"
string(26) "Cantidad de follows = 3577"
<br><br><br>string(16) "masseriniosteria"
string(26) "Cantidad de follows = 6412"
<br><br><br>string(10) "alvesgilli"
string(26) "Cantidad de follows = 2004"
<br><br><br>string(10) "felippetur"
string(27) "Cantidad de follows = 20872"
<br><br><br>string(25) "rodrigo.embraconconsorcio"
string(26) "Cantidad de follows = 6281"
<br><br><br>string(14) "naotolendoisso"
string(26) "Cantidad de follows = 3652"
<br><br><br>string(24) "elizabet_insurance_agent"
string(25) "Cantidad de follows = 974"
<br><br><br>string(12) "elestore.rio"
string(26) "Cantidad de follows = 1870"
<br><br><br>string(14) "joannaa_aguiar"
string(25) "Cantidad de follows = 561"
<br><br><br>string(12) "ale.mmartins"
string(26) "Cantidad de follows = 1284"
<br><br><br>string(14) "ricvrdomoraes_"
string(26) "Cantidad de follows = 4092"
<br><br><br>string(16) "psgacademyrecife"
string(26) "Cantidad de follows = 4609"
<br><br><br>string(11) "diasluciano"
string(27) "Cantidad de follows = 16770"
<br><br><br>string(15) "othmanejennaoui"
string(27) "Cantidad de follows = 10941"
<br><br><br>string(14) "andresza_ramos"
string(26) "Cantidad de follows = 2006"
<br><br><br>string(23) "estetica.michelecamargo"
string(26) "Cantidad de follows = 3571"
<br><br><br>string(19) "fernandalima.decora"
string(26) "Cantidad de follows = 2137"
<br><br><br>string(13) "ghanabranding"
string(26) "Cantidad de follows = 6808"
<br><br><br>string(16) "binhorodriguess_"
string(26) "Cantidad de follows = 3546"
<br><br><br>string(14) "theblondedetox"
string(26) "Cantidad de follows = 3721"
<br><br><br>string(19) "oficialwinnieamaral"
string(27) "Cantidad de follows = 23823"
<br><br><br>string(19) "pezinhofirmenarocha"
string(28) "Cantidad de follows = 116243"
<br><br><br>string(11) "meempreenda"
string(26) "Cantidad de follows = 3631"
<br><br><br>string(14) "joseluizpontes"
string(25) "Cantidad de follows = 988"
<br><br><br>object(stdClass)#236 (2) {
  ["id"]=>
  string(5) "29486"
  ["login"]=>
  string(15) "eduarda.neves13"
}
object(stdClass)#142 (2) {
  ["id"]=>
  string(5) "29498"
  ["login"]=>
  string(20) "orlamodapraiaoficial"
}
string(17) "advocacia_messias"
string(26) "Cantidad de follows = 3327"
<br><br><br>string(18) "allbotequipamentos"
string(26) "Cantidad de follows = 2913"
<br><br><br>string(20) "emersonlopeshoficial"
string(27) "Cantidad de follows = 12577"
<br><br><br>string(11) "raissataini"
string(27) "Cantidad de follows = 36114"
<br><br><br>object(stdClass)#76 (2) {
  ["id"]=>
  string(5) "29527"
  ["login"]=>
  string(13) "menezesandree"
}
string(17) "jeferson__brandao"
string(27) "Cantidad de follows = 57659"
<br><br><br>string(10) "vivianeneu"
string(27) "Cantidad de follows = 28754"
<br><br><br>string(8) "dhougie_"
string(27) "Cantidad de follows = 13427"
<br><br><br>string(24) "andressamakeup_penteados"
string(26) "Cantidad de follows = 3046"
<br><br><br>string(13) "iracemaallves"
string(26) "Cantidad de follows = 7383"
<br><br><br>string(11) "renannunes2"
string(26) "Cantidad de follows = 5036"
<br><br><br>string(14) "natha.estetica"
string(26) "Cantidad de follows = 1905"
<br><br><br>string(19) "j.a.estudiodebeleza"
string(25) "Cantidad de follows = 186"
<br><br><br>string(12) "grafianafoto"
string(26) "Cantidad de follows = 9050"
<br><br><br>string(19) "thespacetimeripples"
string(26) "Cantidad de follows = 3353"
<br><br><br>string(14) "rubia_martinss"
string(28) "Cantidad de follows = 105506"
<br><br><br>string(23) "joseguilherme.consultor"
string(26) "Cantidad de follows = 1197"
<br><br><br>string(14) "emporiodifiori"
string(26) "Cantidad de follows = 2261"
<br><br><br>string(21) "viajandonaarquitetura"
string(26) "Cantidad de follows = 5103"
<br><br><br>string(14) "elitecenterfoz"
string(26) "Cantidad de follows = 2395"
<br><br><br>string(10) "yancasilva"
string(26) "Cantidad de follows = 3820"
<br><br><br>string(15) "doceriaanaester"
string(26) "Cantidad de follows = 3926"
<br><br><br>string(10) "kathguedes"
string(27) "Cantidad de follows = 43054"
<br><br><br>string(13) "tubaraocenter"
string(26) "Cantidad de follows = 6327"
<br><br><br>object(stdClass)#242 (2) {
  ["id"]=>
  string(5) "29702"
  ["login"]=>
  string(6) "zayrnm"
}
string(9) "chefeeddy"
string(27) "Cantidad de follows = 14199"
<br><br><br>string(10) "acasadecat"
string(27) "Cantidad de follows = 11503"
<br><br><br>string(20) "oficialforroperfeito"
string(27) "Cantidad de follows = 49336"
<br><br><br>string(14) "orabolasbrecho"
string(26) "Cantidad de follows = 2993"
<br><br><br>string(11) "thekingboy_"
string(27) "Cantidad de follows = 17743"
<br><br><br>string(15) "vanessa.wysocki"
string(26) "Cantidad de follows = 3575"
<br><br><br>string(11) "rique.silva"
string(26) "Cantidad de follows = 4987"
<br><br><br>string(22) "gabriellacarvalhostore"
string(27) "Cantidad de follows = 34075"
<br><br><br>string(14) "lojanowfitness"
string(26) "Cantidad de follows = 3972"
<br><br><br>string(8) "mapoiani"
string(26) "Cantidad de follows = 6163"
<br><br><br>string(14) "salaostudiosbc"
string(26) "Cantidad de follows = 1804"
<br><br><br>string(19) "studying_the_secret"
string(26) "Cantidad de follows = 2850"
<br><br><br>string(23) "studiohairinternacional"
string(26) "Cantidad de follows = 5409"
<br><br><br>string(9) "ahdireito"
string(26) "Cantidad de follows = 5426"
<br><br><br>string(7) "kabonkk"
string(26) "Cantidad de follows = 4032"
<br><br><br>string(10) "companyate"
string(25) "Cantidad de follows = 112"
<br><br><br>string(12) "djdavisantos"
string(26) "Cantidad de follows = 8399"
<br><br><br>string(14) "rafaellmoraess"
string(25) "Cantidad de follows = 842"
<br><br><br>string(22) "syflariluminacaoimport"
string(26) "Cantidad de follows = 1929"
<br><br><br>object(stdClass)#97 (2) {
  ["id"]=>
  string(5) "29883"
  ["login"]=>
  string(12) "grupo.efraim"
}
object(stdClass)#83 (2) {
  ["id"]=>
  string(5) "29884"
  ["login"]=>
  string(17) "efraimhoteleflats"
}
string(30) "rpcontrollerinsetodedetizadora"
string(25) "Cantidad de follows = 165"
<br><br><br>string(12) "raunierporto"
string(26) "Cantidad de follows = 3098"
<br><br><br>string(11) "marciabotam"
string(26) "Cantidad de follows = 3870"
<br><br><br>object(stdClass)#246 (2) {
  ["id"]=>
  string(5) "29901"
  ["login"]=>
  string(8) "1jonhbjj"
}
object(stdClass)#47 (2) {
  ["id"]=>
  string(5) "29918"
  ["login"]=>
  string(9) "odeiopera"
}
object(stdClass)#246 (2) {
  ["id"]=>
  string(5) "29932"
  ["login"]=>
  string(11) "eufeearruda"
}
string(11) "tclaranunes"
string(26) "Cantidad de follows = 1816"
<br><br><br>string(19) "alaskaclothingstore"
string(26) "Cantidad de follows = 2294"
<br><br><br>string(14) "gkt_kickboxing"
string(26) "Cantidad de follows = 1651"
<br><br><br>string(19) "character.design.gk"
string(26) "Cantidad de follows = 1188"
<br><br><br>object(stdClass)#167 (2) {
  ["id"]=>
  string(5) "29964"
  ["login"]=>
  string(12) "blogdoarinos"
}
object(stdClass)#132 (2) {
  ["id"]=>
  string(5) "29965"
  ["login"]=>
  string(12) "bela.morenaa"
}
string(24) "leandroquelucifotografia"
string(26) "Cantidad de follows = 3224"
<br><br><br>string(19) "generalstorefitness"
string(26) "Cantidad de follows = 3842"
<br><br><br>string(15) "acervomodasda44"
string(26) "Cantidad de follows = 5692"
<br><br><br>string(12) "mama_costhay"
string(26) "Cantidad de follows = 4863"
<br><br><br>string(17) "ginetom_rodrigues"
string(26) "Cantidad de follows = 8047"
<br><br><br>string(13) "brunnooctavio"
string(25) "Cantidad de follows = 980"
<br><br><br>object(stdClass)#97 (2) {
  ["id"]=>
  string(5) "29996"
  ["login"]=>
  string(12) "doug0liveira"
}
string(10) "gutt_carol"
string(27) "Cantidad de follows = 12034"
<br><br><br>string(9) "hulkdutra"
string(27) "Cantidad de follows = 13381"
<br><br><br>string(16) "camilaguerreiroo"
string(26) "Cantidad de follows = 2370"
<br><br><br>string(15) "sandymakecabelo"
string(26) "Cantidad de follows = 6647"
<br><br><br>string(15) "copaciadvogados"
string(25) "Cantidad de follows = 682"
<br><br><br>string(18) "diegocamargotattoo"
string(26) "Cantidad de follows = 3378"
<br><br><br>string(17) "entretenimento.pe"
string(26) "Cantidad de follows = 3422"
<br><br><br>string(17) "alicemelomakehair"
string(26) "Cantidad de follows = 6792"
<br><br><br>object(stdClass)#61 (2) {
  ["id"]=>
  string(5) "30051"
  ["login"]=>
  string(11) "tuguinha.tv"
}
string(13) "rentar.com.do"
string(27) "Cantidad de follows = 11606"
<br><br><br>string(15) "eriosvaldodiniz"
string(26) "Cantidad de follows = 1628"
<br><br><br>string(11) "gustavo_ono"
string(26) "Cantidad de follows = 5575"
<br><br><br>string(15) "canilredbroncos"
string(26) "Cantidad de follows = 1873"
<br><br><br>string(9) "_brokerst"
string(25) "Cantidad de follows = 304"
<br><br><br>string(14) "lifeprojectone"
string(26) "Cantidad de follows = 1905"
<br><br><br>string(16) "disfranco.motors"
string(26) "Cantidad de follows = 3158"
<br><br><br>string(6) "bomf17"
string(25) "Cantidad de follows = 871"
<br><br><br>string(12) "aliicemello_"
string(26) "Cantidad de follows = 2635"
<br><br><br>string(11) "_bellaforma"
string(27) "Cantidad de follows = 71528"
<br><br><br>string(10) "bruruschel"
string(27) "Cantidad de follows = 11911"
<br><br><br>string(9) "murilooc7"
string(26) "Cantidad de follows = 4685"
<br><br><br>string(9) "a7madov95"
string(25) "Cantidad de follows = 246"
<br><br><br>string(7) "a_mayla"
string(25) "Cantidad de follows = 753"
<br><br><br>string(13) "lidiafeitosa4"
string(26) "Cantidad de follows = 2817"
<br><br><br>string(10) "smokeseila"
string(25) "Cantidad de follows = 649"
<br><br><br>string(10) "rikdelucca"
string(26) "Cantidad de follows = 3693"
<br><br><br>string(19) "corretoracavalcante"
string(25) "Cantidad de follows = 848"
<br><br><br>object(stdClass)#87 (2) {
  ["id"]=>
  string(5) "30218"
  ["login"]=>
  string(14) "thaisaschayder"
}
string(13) "hueskerbrasil"
string(26) "Cantidad de follows = 3965"
<br><br><br>string(22) "rodrigoranchodascabras"
string(25) "Cantidad de follows = 960"
<br><br><br>object(stdClass)#132 (2) {
  ["id"]=>
  string(5) "30232"
  ["login"]=>
  string(15) "arisson_jessica"
}
object(stdClass)#195 (2) {
  ["id"]=>
  string(5) "30257"
  ["login"]=>
  string(13) "nathaly_llima"
}
string(21) "laraharantes.piercing"
string(26) "Cantidad de follows = 3226"
<br><br><br>string(11) "maitemellim"
string(26) "Cantidad de follows = 1951"
<br><br><br>string(10) "criptobraz"
string(25) "Cantidad de follows = 733"
<br><br><br>string(14) "meuprojeto.fit"
string(26) "Cantidad de follows = 2175"
<br><br><br>object(stdClass)#223 (2) {
  ["id"]=>
  string(5) "30286"
  ["login"]=>
  string(15) "cmo_odontologia"
}
object(stdClass)#27 (2) {
  ["id"]=>
  string(5) "30293"
  ["login"]=>
  string(14) "ketellenfelix1"
}
string(14) "biel_do_cavaco"
string(27) "Cantidad de follows = 22406"
<br><br><br>string(9) "netto_ull"
string(25) "Cantidad de follows = 610"
<br><br><br>string(11) "nandokounat"
string(27) "Cantidad de follows = 19475"
<br><br><br>object(stdClass)#254 (2) {
  ["id"]=>
  string(5) "30317"
  ["login"]=>
  string(14) "easyartgrafica"
}
string(15) "studio_beauty15"
string(26) "Cantidad de follows = 1042"
<br><br><br>string(18) "julio_sosa_imoveis"
string(25) "Cantidad de follows = 795"
<br><br><br>string(10) "canelihome"
string(26) "Cantidad de follows = 3751"
<br><br><br>string(9) "josergm86"
string(26) "Cantidad de follows = 7206"
<br><br><br>string(11) "katiaalbany"
string(26) "Cantidad de follows = 4814"
<br><br><br>string(11) "leandramora"
string(26) "Cantidad de follows = 4740"
<br><br><br>object(stdClass)#110 (2) {
  ["id"]=>
  string(5) "30380"
  ["login"]=>
  string(7) "_lrnnym"
}
string(17) "festivalnovomundo"
string(26) "Cantidad de follows = 4479"
<br><br><br>string(10) "odavilemos"
string(27) "Cantidad de follows = 13415"
<br><br><br>string(20) "clebsonfrancaoficial"
string(26) "Cantidad de follows = 2259"
<br><br><br>string(15) "mamaesemmanuais"
string(27) "Cantidad de follows = 11463"
<br><br><br>string(13) "victorcastelo"
string(26) "Cantidad de follows = 1185"
<br><br><br>string(17) "fabricio.physique"
string(27) "Cantidad de follows = 11847"
<br><br><br>string(15) "rafaelfsantanaa"
string(25) "Cantidad de follows = 766"
<br><br><br>object(stdClass)#116 (2) {
  ["id"]=>
  string(5) "30436"
  ["login"]=>
  string(15) "kawlicheski1993"
}
string(10) "facamerirr"
string(26) "Cantidad de follows = 3400"
<br><br><br>string(10) "linoamanda"
string(27) "Cantidad de follows = 10116"
<br><br><br>string(10) "_lorecosta"
string(26) "Cantidad de follows = 2107"
<br><br><br>string(21) "clara.goldenretriever"
string(26) "Cantidad de follows = 3603"
<br><br><br>string(14) "andre.grupoark"
string(26) "Cantidad de follows = 4180"
<br><br><br>string(13) "espacoubaense"
string(26) "Cantidad de follows = 2270"
<br><br><br>string(14) "photoboxbrasil"
string(26) "Cantidad de follows = 2844"
<br><br><br>string(13) "luiara_helmer"
string(26) "Cantidad de follows = 5007"
<br><br><br>string(7) "dul_fcy"
string(26) "Cantidad de follows = 3127"
<br><br><br>string(26) "emporiodapapinhasantoandre"
string(26) "Cantidad de follows = 5575"
<br><br><br>string(15) "rayanemarchetta"
string(26) "Cantidad de follows = 1708"
<br><br><br>string(13) "karol_nunes00"
string(26) "Cantidad de follows = 3585"
<br><br><br>string(10) "apedesign_"
string(26) "Cantidad de follows = 2744"
<br><br><br>string(9) "danilelah"
string(26) "Cantidad de follows = 5355"
<br><br><br>string(8) "kevinm5m"
string(26) "Cantidad de follows = 7332"
<br><br><br>string(12) "noahestetica"
string(26) "Cantidad de follows = 8843"
<br><br><br>string(9) "casadovaz"
string(26) "Cantidad de follows = 7456"
<br><br><br>string(8) "arena7bh"
string(26) "Cantidad de follows = 4392"
<br><br><br>object(stdClass)#247 (2) {
  ["id"]=>
  string(5) "30581"
  ["login"]=>
  string(13) "mathoficialbr"
}
string(17) "jonatas.batistela"
string(27) "Cantidad de follows = 16042"
<br><br><br>string(10) "queirozloo"
string(26) "Cantidad de follows = 3707"
<br><br><br>object(stdClass)#75 (2) {
  ["id"]=>
  string(5) "30593"
  ["login"]=>
  string(12) "rogersiiilva"
}
string(11) "marci0viana"
string(26) "Cantidad de follows = 1316"
<br><br><br>string(16) "chefsheiladuarte"
string(26) "Cantidad de follows = 1044"
<br><br><br>string(8) "itsredtv"
string(27) "Cantidad de follows = 44893"
<br><br><br>object(stdClass)#254 (2) {
  ["id"]=>
  string(5) "30622"
  ["login"]=>
  string(8) "lorisfaz"
}
object(stdClass)#16 (2) {
  ["id"]=>
  string(5) "30623"
  ["login"]=>
  string(20) "emagrecer_ja_oficial"
}
string(19) "tamyparadorneptunia"
string(26) "Cantidad de follows = 5883"
<br><br><br>string(9) "gabicoach"
string(26) "Cantidad de follows = 3464"
<br><br><br>string(14) "amanda3santana"
string(26) "Cantidad de follows = 6350"
<br><br><br>string(8) "crecleao"
string(26) "Cantidad de follows = 3247"
<br><br><br>string(10) "elluhalves"
string(26) "Cantidad de follows = 5183"
<br><br><br>string(18) "mixsushicafebistek"
string(26) "Cantidad de follows = 5925"
<br><br><br>string(16) "f1ciaimobiliaria"
string(26) "Cantidad de follows = 3367"
<br><br><br>string(15) "vitor_honorato3"
string(26) "Cantidad de follows = 1129"
<br><br><br>string(13) "veneno_daseda"
string(26) "Cantidad de follows = 2067"
<br><br><br>string(10) "mc2turismo"
string(27) "Cantidad de follows = 17831"
<br><br><br>string(19) "erickakamineoficial"
string(26) "Cantidad de follows = 6599"
<br><br><br>string(11) "fredmunizrj"
string(26) "Cantidad de follows = 1574"
<br><br><br>object(stdClass)#167 (2) {
  ["id"]=>
  string(5) "30718"
  ["login"]=>
  string(16) "luis.fernando.br"
}
string(17) "drasheilawatanabe"
string(26) "Cantidad de follows = 1856"
<br><br><br>string(12) "laysasmacedo"
string(26) "Cantidad de follows = 2849"
<br><br><br>string(17) "creativapapelaria"
string(25) "Cantidad de follows = 333"
<br><br><br>string(11) "aondeiremsp"
string(27) "Cantidad de follows = 25654"
<br><br><br>object(stdClass)#95 (2) {
  ["id"]=>
  string(5) "30815"
  ["login"]=>
  string(6) "79_app"
}
string(15) "dioceliogoulart"
string(27) "Cantidad de follows = 19143"
<br><br><br>string(15) "victorperazzini"
string(26) "Cantidad de follows = 2599"
<br><br><br>string(12) "alberto_test"
string(25) "Cantidad de follows = 324"
<br><br><br>string(13) "fassegseguros"
string(26) "Cantidad de follows = 7061"
<br><br><br>string(18) "giovanni.consultor"
string(25) "Cantidad de follows = 963"
<br><br><br>string(17) "coach.jorgeamorim"
string(25) "Cantidad de follows = 994"
<br><br><br>string(16) "blessedmaemequer"
string(27) "Cantidad de follows = 17659"
<br><br><br>string(15) "baile_de_camelo"
string(25) "Cantidad de follows = 760"
<br><br><br>string(13) "dentistabruna"
string(25) "Cantidad de follows = 197"
<br><br><br>string(11) "chicomorais"
string(26) "Cantidad de follows = 4609"
<br><br><br>string(13) "adrianemayumi"
string(27) "Cantidad de follows = 14388"
<br><br><br>string(14) "dresscode.byrm"
string(25) "Cantidad de follows = 236"
<br><br><br>object(stdClass)#223 (2) {
  ["id"]=>
  string(5) "30911"
  ["login"]=>
  string(15) "alynemultiforme"
}
string(15) "ehpralaqueeuvou"
string(26) "Cantidad de follows = 1282"
<br><br><br>string(14) "douglasvwalker"
string(26) "Cantidad de follows = 1806"
<br><br><br>string(8) "dazz.777"
string(25) "Cantidad de follows = 998"
<br><br><br>string(14) "rafaella_neves"
string(26) "Cantidad de follows = 3752"
<br><br><br>string(8) "soueuwal"
string(26) "Cantidad de follows = 1642"
<br><br><br>string(22) "lacosdasmeninasoficial"
string(26) "Cantidad de follows = 2243"
<br><br><br>string(13) "talitamcostta"
string(25) "Cantidad de follows = 589"
<br><br><br>object(stdClass)#227 (2) {
  ["id"]=>
  string(5) "30989"
  ["login"]=>
  string(8) "pionunes"
}
string(18) "confeitariadagabi_"
string(24) "Cantidad de follows = 64"
<br><br><br>string(14) "brunoalvarez.1"
string(25) "Cantidad de follows = 588"
<br><br><br>string(10) "1989closet"
string(26) "Cantidad de follows = 5836"
<br><br><br>string(12) "jumota_decor"
string(26) "Cantidad de follows = 1710"
<br><br><br>string(16) "marmitinhaslight"
string(26) "Cantidad de follows = 2667"
<br><br><br>string(24) "leoart_desing_paisagismo"
string(26) "Cantidad de follows = 6293"
<br><br><br>string(14) "carolfroemming"
string(26) "Cantidad de follows = 7133"
<br><br><br>string(16) "priscila_assilva"
string(25) "Cantidad de follows = 618"
<br><br><br>object(stdClass)#170 (2) {
  ["id"]=>
  string(5) "31080"
  ["login"]=>
  string(9) "chio18789"
}
string(13) "kasamor_store"
string(26) "Cantidad de follows = 2344"
<br><br><br>string(13) "thamysilva201"
string(26) "Cantidad de follows = 4015"
<br><br><br>string(10) "alexrssp12"
string(25) "Cantidad de follows = 313"
<br><br><br>string(14) "silvio.cesarjr"
string(24) "Cantidad de follows = 56"
<br><br><br>string(12) "levis_tudouu"
string(27) "Cantidad de follows = 16515"
<br><br><br>string(8) "euogomez"
string(26) "Cantidad de follows = 2489"
<br><br><br>string(14) "amorefeoficial"
string(26) "Cantidad de follows = 5293"
<br><br><br>string(15) "studioambientes"
string(27) "Cantidad de follows = 14582"
<br><br><br>string(12) "gomilkbrasil"
string(26) "Cantidad de follows = 1057"
<br><br><br>string(13) "gomed.digital"
string(26) "Cantidad de follows = 2293"
<br><br><br>object(stdClass)#120 (2) {
  ["id"]=>
  string(5) "31133"
  ["login"]=>
  string(6) "lv_luh"
}
string(8) "curyamin"
string(25) "Cantidad de follows = 760"
<br><br><br>string(11) "stancefight"
string(27) "Cantidad de follows = 33598"
<br><br><br>string(19) "medconsultingbrasil"
string(27) "Cantidad de follows = 11988"
<br><br><br>string(3) "usa"
string(26) "Cantidad de follows = 4634"
<br><br><br>string(8) "voa_hati"
string(26) "Cantidad de follows = 2966"
<br><br><br>string(10) "yasmincgr_"
string(26) "Cantidad de follows = 1097"
<br><br><br>string(14) "kharlos_soares"
string(25) "Cantidad de follows = 203"
<br><br><br>string(19) "chrystopher.gabriel"
string(25) "Cantidad de follows = 328"
<br><br><br>string(7) "nega.93"
string(27) "Cantidad de follows = 11184"
<br><br><br>string(13) "cahrlossoares"
string(24) "Cantidad de follows = 61"
<br><br><br>string(8) "emillymv"
string(26) "Cantidad de follows = 4076"
<br><br><br>string(11) "_j.o.a.o___"
string(25) "Cantidad de follows = 188"
<br><br><br>string(14) "antonioportes_"
string(25) "Cantidad de follows = 235"
<br><br><br>string(14) "samo_oliveiraa"
string(25) "Cantidad de follows = 795"
<br><br><br>string(12) "aleehzinho_t"
string(25) "Cantidad de follows = 170"
<br><br><br>string(15) "jonasfahelysson"
string(26) "Cantidad de follows = 6903"
<br><br><br>string(13) "mari_azeredo_"
string(25) "Cantidad de follows = 760"
<br><br><br>string(18) "clinicaformighieri"
string(26) "Cantidad de follows = 2211"
<br><br><br>string(10) "guiturner_"
string(26) "Cantidad de follows = 8879"
<br><br><br>string(14) "carloskpulling"
string(28) "Cantidad de follows = 111984"
<br><br><br>string(10) "oppaviajei"
string(25) "Cantidad de follows = 803"
<br><br><br>string(15) "jujucoelhopinto"
string(27) "Cantidad de follows = 28187"
<br><br><br>string(13) "gersonaraujo_"
string(26) "Cantidad de follows = 2257"
<br><br><br>object(stdClass)#116 (2) {
  ["id"]=>
  string(5) "31318"
  ["login"]=>
  string(11) "josiasnetoo"
}
string(19) "blogsairdozeroagora"
string(26) "Cantidad de follows = 1255"
<br><br><br>object(stdClass)#116 (2) {
  ["id"]=>
  string(5) "31325"
  ["login"]=>
  string(18) "neonprodutorapromo"
}
object(stdClass)#78 (2) {
  ["id"]=>
  string(5) "31326"
  ["login"]=>
  string(6) "djrat_"
}
object(stdClass)#116 (2) {
  ["id"]=>
  string(5) "31337"
  ["login"]=>
  string(23) "anderson_diego_oliveira"
}
string(19) "anacarlarodrigues19"
string(26) "Cantidad de follows = 3214"
<br><br><br>object(stdClass)#116 (2) {
  ["id"]=>
  string(5) "31346"
  ["login"]=>
  string(15) "siimoneepereira"
}
string(13) "jubart_design"
string(25) "Cantidad de follows = 655"
<br><br><br>string(19) "bellkeyprofessional"
string(26) "Cantidad de follows = 1746"
<br><br><br>string(8) "ealine._"
string(26) "Cantidad de follows = 4777"
<br><br><br>string(15) "jessicasanttos3"
string(28) "Cantidad de follows = 144854"
<br><br><br>object(stdClass)#81 (2) {
  ["id"]=>
  string(5) "31394"
  ["login"]=>
  string(12) "ronyfgomesss"
}
string(16) "jhonatha_feitosa"
string(26) "Cantidad de follows = 1188"
<br><br><br>object(stdClass)#81 (2) {
  ["id"]=>
  string(5) "31421"
  ["login"]=>
  string(15) "blena.nathallya"
}
string(10) "edersonflx"
string(26) "Cantidad de follows = 6868"
<br><br><br>string(23) "tridorimpermebializacao"
string(25) "Cantidad de follows = 269"
<br><br><br>string(9) "jehdpires"
string(25) "Cantidad de follows = 803"
<br><br><br>string(18) "emagrecer_agora.br"
string(26) "Cantidad de follows = 1293"
<br><br><br>string(9) "caio_luka"
string(25) "Cantidad de follows = 353"
<br><br><br>string(10) "brasil.anb"
string(25) "Cantidad de follows = 736"
<br><br><br>string(19) "jeanpiresfotografia"
string(26) "Cantidad de follows = 1123"
<br><br><br>object(stdClass)#112 (2) {
  ["id"]=>
  string(5) "31483"
  ["login"]=>
  string(12) "canutoandree"
}
string(15) "charles_gsilvaa"
string(26) "Cantidad de follows = 1878"
<br><br><br>string(15) "theluccassantos"
string(26) "Cantidad de follows = 1167"
<br><br><br>string(10) "biih_faith"
string(26) "Cantidad de follows = 1471"
<br><br><br>string(18) "leonardomonteiro00"
string(25) "Cantidad de follows = 892"
<br><br><br>string(17) "carlafagundesblog"
string(26) "Cantidad de follows = 6211"
<br><br><br>string(13) "aguedamaurien"
string(26) "Cantidad de follows = 2615"
<br><br><br>string(13) "pedrosagfteam"
string(26) "Cantidad de follows = 1899"
<br><br><br>string(9) "eusoudaro"
string(26) "Cantidad de follows = 1707"
<br><br><br>string(14) "caiquefregnani"
string(27) "Cantidad de follows = 11228"
<br><br><br>string(14) "heitorsoares.c"
string(26) "Cantidad de follows = 8070"
<br><br><br>string(21) "mulheres_que_se_amam_"
string(24) "Cantidad de follows = 75"
<br><br><br>string(17) "marco.suplementos"
string(27) "Cantidad de follows = 10134"
<br><br><br>string(8) "tetovivo"
string(26) "Cantidad de follows = 2147"
<br><br><br>string(14) "andrewanderley"
string(26) "Cantidad de follows = 3751"
<br><br><br>string(9) "vitormc83"
string(25) "Cantidad de follows = 177"
<br><br><br>string(8) "_lsilvva"
string(26) "Cantidad de follows = 6440"
<br><br><br>string(17) "clube_das_gostosa"
string(26) "Cantidad de follows = 2695"
<br><br><br>string(17) "esteticista_julia"
string(25) "Cantidad de follows = 645"
<br><br><br>string(10) "kauadellon"
string(26) "Cantidad de follows = 1152"
<br><br><br>string(20) "divulgageraisoficial"
string(27) "Cantidad de follows = 21140"
<br><br><br>string(18) "dr.grimaldobicalho"
string(26) "Cantidad de follows = 1743"
<br><br><br>object(stdClass)#213 (2) {
  ["id"]=>
  string(5) "31679"
  ["login"]=>
  string(13) "eiandrecanuto"
}
string(10) "mariodj.uy"
string(26) "Cantidad de follows = 2211"
<br><br><br>string(14) "stephanmarinho"
string(26) "Cantidad de follows = 7104"
<br><br><br>string(9) "misouza07"
string(25) "Cantidad de follows = 718"
<br><br><br>string(16) "glaubritooficial"
string(26) "Cantidad de follows = 2421"
<br><br><br>string(18) "anacarolinefavacho"
string(26) "Cantidad de follows = 1167"
<br><br><br>string(17) "natpharmafarmacia"
string(25) "Cantidad de follows = 814"
<br><br><br>string(13) "tablesdecorpy"
string(25) "Cantidad de follows = 702"
<br><br><br>string(18) "julianasilvaespaco"
string(26) "Cantidad de follows = 1256"
<br><br><br>string(22) "alice_carvalho_oficial"
string(26) "Cantidad de follows = 2068"
<br><br><br>string(14) "juliaparanhos_"
string(27) "Cantidad de follows = 41419"
<br><br><br>string(18) "rannabeckeroficial"
string(27) "Cantidad de follows = 20251"
<br><br><br>string(13) "gomesterapias"
string(27) "Cantidad de follows = 48742"
<br><br><br>string(3) "ola"
string(26) "Cantidad de follows = 2899"
<br><br><br>string(10) "filhoteeco"
string(27) "Cantidad de follows = 32705"
<br><br><br>object(stdClass)#56 (2) {
  ["id"]=>
  string(5) "31757"
  ["login"]=>
  string(15) "umbr_no_youtube"
}
string(12) "jeff_valerio"
string(25) "Cantidad de follows = 527"
<br><br><br>string(12) "calmbunnypet"
string(25) "Cantidad de follows = 632"
<br><br><br>string(9) "equipe.dx"
string(26) "Cantidad de follows = 2502"
<br><br><br>string(11) "mr.andyarte"
string(25) "Cantidad de follows = 452"
<br><br><br>string(12) "401loungebar"
string(26) "Cantidad de follows = 6873"
<br><br><br>string(14) "edinhotattoojc"
string(27) "Cantidad de follows = 11018"
<br><br><br>string(16) "claudio__soaress"
string(25) "Cantidad de follows = 153"
<br><br><br>string(17) "eduardo_purapesca"
string(28) "Cantidad de follows = 118903"
<br><br><br>string(18) "psi.brunarodrigues"
string(25) "Cantidad de follows = 253"
<br><br><br>string(14) "dillyscoralick"
string(26) "Cantidad de follows = 8015"
<br><br><br>string(15) "vitorhugomsouza"
string(25) "Cantidad de follows = 227"
<br><br><br>string(21) "maktubemiratessbrasil"
string(25) "Cantidad de follows = 335"
<br><br><br>string(8) "opldecor"
string(25) "Cantidad de follows = 300"
<br><br><br>string(8) "yslaoker"
string(24) "Cantidad de follows = 16"
<br><br><br>string(15) "brunoxavierhair"
string(27) "Cantidad de follows = 14515"
<br><br><br>string(12) "thaaysbastos"
string(26) "Cantidad de follows = 6942"
<br><br><br>string(11) "intensicare"
string(23) "Cantidad de follows = 6"
<br><br><br>string(13) "duodiscomusic"
string(27) "Cantidad de follows = 49442"
<br><br><br>string(13) "dhouserecords"
string(26) "Cantidad de follows = 4914"
<br><br><br>string(18) "lucas_otaviomakeup"
string(26) "Cantidad de follows = 8021"
<br><br><br>string(8) "eduretro"
string(27) "Cantidad de follows = 32778"
<br><br><br>string(10) "maroxa_mrx"
string(25) "Cantidad de follows = 995"
<br><br><br>\n<br>JOB DONE!!!<br>\n2018-10-26 07:56:31am