DAILY REPORT Inited...!<br>
2018-10-04 06:30:01am<br>
string(14) "alberto_dreyes"
string(27) "Cantidad de follows = 14455"
<br><br><br>string(19) "opiniaoconservadora"
string(27) "Cantidad de follows = 55501"
<br><br><br>string(17) "sibitecomunicacao"
string(27) "Cantidad de follows = 10298"
<br><br><br>string(11) "mo.taniguti"
string(27) "Cantidad de follows = 20884"
<br><br><br>object(stdClass)#27 (2) {
  ["id"]=>
  string(3) "146"
  ["login"]=>
  string(12) "auepromocoes"
}
string(23) "jeunesse_bycrislafratta"
string(25) "Cantidad de follows = 185"
<br><br><br>string(12) "lily.s.alves"
string(26) "Cantidad de follows = 2096"
<br><br><br>string(10) "powerlook_"
string(27) "Cantidad de follows = 60516"
<br><br><br>object(stdClass)#12 (2) {
  ["id"]=>
  string(3) "245"
  ["login"]=>
  string(18) "xodozinho.retratos"
}
object(stdClass)#29 (2) {
  ["id"]=>
  string(3) "867"
  ["login"]=>
  string(14) "joaovictorjvb1"
}
object(stdClass)#12 (2) {
  ["id"]=>
  string(4) "1059"
  ["login"]=>
  string(8) "graverrj"
}
string(7) "ma_luco"
string(27) "Cantidad de follows = 28551"
<br><br><br>string(12) "carlloooooss"
string(26) "Cantidad de follows = 1289"
<br><br><br>string(15) "sapatodochef.pa"
string(26) "Cantidad de follows = 2380"
<br><br><br>object(stdClass)#218 (2) {
  ["id"]=>
  string(4) "2175"
  ["login"]=>
  string(10) "vireiloira"
}
string(18) "mercadomodelobahia"
string(26) "Cantidad de follows = 9066"
<br><br><br>string(11) "thayscalmon"
string(26) "Cantidad de follows = 5236"
<br><br><br>string(11) "decoremundo"
string(27) "Cantidad de follows = 14325"
<br><br><br>string(9) "decorcool"
string(23) "Cantidad de follows = 7"
<br><br><br>string(8) "fragabar"
string(26) "Cantidad de follows = 4308"
<br><br><br>object(stdClass)#187 (2) {
  ["id"]=>
  string(4) "4236"
  ["login"]=>
  string(8) "lorenaym"
}
string(11) "pamelaotero"
string(27) "Cantidad de follows = 46054"
<br><br><br>string(19) "starpointcollection"
string(27) "Cantidad de follows = 12720"
<br><br><br>string(9) "katiacsdc"
string(27) "Cantidad de follows = 18356"
<br><br><br>string(14) "grazielialvess"
string(27) "Cantidad de follows = 21639"
<br><br><br>string(22) "dra_barbaravasconcelos"
string(27) "Cantidad de follows = 23539"
<br><br><br>string(21) "comandantedochurrasco"
string(27) "Cantidad de follows = 56815"
<br><br><br>string(12) "40antesdos40"
string(27) "Cantidad de follows = 25437"
<br><br><br>string(16) "drricardopalacio"
string(27) "Cantidad de follows = 25458"
<br><br><br>string(12) "pollyruffini"
string(26) "Cantidad de follows = 7000"
<br><br><br>string(14) "carlos_skatmar"
string(26) "Cantidad de follows = 2335"
<br><br><br>string(10) "star_point"
string(27) "Cantidad de follows = 32459"
<br><br><br>string(8) "rruizmma"
string(27) "Cantidad de follows = 47060"
<br><br><br>string(8) "dumbu.09"
string(26) "Cantidad de follows = 7693"
<br><br><br>string(14) "marcosp.medina"
string(26) "Cantidad de follows = 4073"
<br><br><br>string(11) "sandrozion7"
string(27) "Cantidad de follows = 21103"
<br><br><br>string(17) "grandville_hoteis"
string(27) "Cantidad de follows = 12632"
<br><br><br>string(11) "josiasdiass"
string(27) "Cantidad de follows = 18049"
<br><br><br>string(18) "barbaracampospalma"
string(26) "Cantidad de follows = 8724"
<br><br><br>string(9) "telless13"
string(27) "Cantidad de follows = 13819"
<br><br><br>string(13) "bandamegafire"
string(27) "Cantidad de follows = 23431"
<br><br><br>string(17) "sosoportunidade10"
string(25) "Cantidad de follows = 967"
<br><br><br>string(18) "academia_king_thai"
string(26) "Cantidad de follows = 5075"
<br><br><br>string(13) "renatafontany"
string(27) "Cantidad de follows = 32838"
<br><br><br>string(14) "cabelosaugusto"
string(27) "Cantidad de follows = 22796"
<br><br><br>string(14) "brunocerqueira"
string(27) "Cantidad de follows = 10596"
<br><br><br>string(10) "noxboymike"
string(26) "Cantidad de follows = 5481"
<br><br><br>string(20) "juliobaptistaoficial"
string(28) "Cantidad de follows = 250529"
<br><br><br>string(21) "ateliermarielamoreira"
string(27) "Cantidad de follows = 15848"
<br><br><br>object(stdClass)#89 (2) {
  ["id"]=>
  string(5) "11096"
  ["login"]=>
  string(12) "michaelletjp"
}
object(stdClass)#48 (2) {
  ["id"]=>
  string(5) "11099"
  ["login"]=>
  string(13) "agostochuvoso"
}
string(11) "insultedboy"
string(26) "Cantidad de follows = 3531"
<br><br><br>string(11) "weilla_morg"
string(25) "Cantidad de follows = 930"
<br><br><br>string(11) "raphabritoo"
string(27) "Cantidad de follows = 16088"
<br><br><br>string(10) "vinihveiga"
string(26) "Cantidad de follows = 4106"
<br><br><br>object(stdClass)#92 (2) {
  ["id"]=>
  string(5) "11131"
  ["login"]=>
  string(14) "deliciasdoronk"
}
string(16) "duuduuzinhosilva"
string(26) "Cantidad de follows = 3027"
<br><br><br>string(9) "carlosbsg"
string(25) "Cantidad de follows = 918"
<br><br><br>string(12) "danndourado0"
string(27) "Cantidad de follows = 14685"
<br><br><br>string(7) "biel312"
string(24) "Cantidad de follows = 10"
<br><br><br>string(11) "caiogrunupp"
string(26) "Cantidad de follows = 3326"
<br><br><br>string(11) "paullonunan"
string(26) "Cantidad de follows = 1432"
<br><br><br>string(12) "pablodiego15"
string(26) "Cantidad de follows = 1087"
<br><br><br>object(stdClass)#211 (2) {
  ["id"]=>
  string(5) "11230"
  ["login"]=>
  string(16) "_luferreiranunes"
}
string(14) "natan_mantelli"
string(25) "Cantidad de follows = 801"
<br><br><br>string(17) "antoniocarlos3627"
string(24) "Cantidad de follows = 43"
<br><br><br>string(11) "365_indubai"
string(27) "Cantidad de follows = 21507"
<br><br><br>object(stdClass)#9 (2) {
  ["id"]=>
  string(5) "11239"
  ["login"]=>
  string(12) "ceottosinuhe"
}
string(14) "vitoriaabritto"
string(27) "Cantidad de follows = 33397"
<br><br><br>string(11) "lojaoperapc"
string(27) "Cantidad de follows = 23891"
<br><br><br>string(12) "huealimentos"
string(26) "Cantidad de follows = 5012"
<br><br><br>string(13) "kstimportados"
string(26) "Cantidad de follows = 4397"
<br><br><br>string(7) "wi11see"
string(27) "Cantidad de follows = 11656"
<br><br><br>string(12) "s7_producoes"
string(26) "Cantidad de follows = 6026"
<br><br><br>string(12) "gabrielaribi"
string(26) "Cantidad de follows = 7631"
<br><br><br>string(17) "brunosennaimagens"
string(27) "Cantidad de follows = 13176"
<br><br><br>string(14) "maycowmontemor"
string(27) "Cantidad de follows = 32212"
<br><br><br>string(14) "alinemarcovici"
string(27) "Cantidad de follows = 18571"
<br><br><br>string(10) "junior.dev"
string(27) "Cantidad de follows = 17736"
<br><br><br>string(13) "amaassessoria"
string(26) "Cantidad de follows = 7685"
<br><br><br>string(11) "julisciotto"
string(27) "Cantidad de follows = 24508"
<br><br><br>string(14) "draalinehsilva"
string(27) "Cantidad de follows = 20241"
<br><br><br>string(13) "rodasemotores"
string(27) "Cantidad de follows = 13869"
<br><br><br>string(13) "euclaracampos"
string(26) "Cantidad de follows = 4290"
<br><br><br>string(19) "thamaraelisa.tattoo"
string(27) "Cantidad de follows = 14295"
<br><br><br>string(15) "megaminassports"
string(26) "Cantidad de follows = 6771"
<br><br><br>string(16) "agencia_portal37"
string(26) "Cantidad de follows = 3344"
<br><br><br>object(stdClass)#57 (2) {
  ["id"]=>
  string(5) "11792"
  ["login"]=>
  string(14) "hf_metalurgica"
}
string(13) "grillegourmet"
string(26) "Cantidad de follows = 5130"
<br><br><br>string(11) "davidkapper"
string(27) "Cantidad de follows = 12818"
<br><br><br>string(11) "7chavesfoto"
string(27) "Cantidad de follows = 11084"
<br><br><br>string(11) "joiaskether"
string(27) "Cantidad de follows = 19519"
<br><br><br>string(14) "luziasantana33"
string(28) "Cantidad de follows = 237578"
<br><br><br>string(13) "thiagovaleiro"
string(26) "Cantidad de follows = 3847"
<br><br><br>object(stdClass)#16 (2) {
  ["id"]=>
  string(5) "12434"
  ["login"]=>
  string(9) "dupicasso"
}
string(11) "laura_bergo"
string(26) "Cantidad de follows = 6419"
<br><br><br>string(15) "dra.raphabecker"
string(27) "Cantidad de follows = 19622"
<br><br><br>string(14) "andreluiznardo"
string(27) "Cantidad de follows = 16563"
<br><br><br>string(8) "letdaher"
string(27) "Cantidad de follows = 28008"
<br><br><br>string(9) "dgarciia_"
string(25) "Cantidad de follows = 845"
<br><br><br>string(10) "joaosurf12"
string(24) "Cantidad de follows = 96"
<br><br><br>string(8) "itsandco"
string(27) "Cantidad de follows = 19482"
<br><br><br>string(10) "ela_andrea"
string(27) "Cantidad de follows = 22523"
<br><br><br>string(14) "nafurtadocakes"
string(26) "Cantidad de follows = 6491"
<br><br><br>string(18) "castrolautoservice"
string(26) "Cantidad de follows = 9359"
<br><br><br>string(9) "livdrinks"
string(27) "Cantidad de follows = 47665"
<br><br><br>string(18) "portalautoshopping"
string(27) "Cantidad de follows = 12125"
<br><br><br>string(20) "manu.mamaeaoquadrado"
string(26) "Cantidad de follows = 9539"
<br><br><br>string(15) "odontowebschool"
string(27) "Cantidad de follows = 10611"
<br><br><br>string(9) "abarkeria"
string(27) "Cantidad de follows = 33507"
<br><br><br>object(stdClass)#99 (2) {
  ["id"]=>
  string(5) "15166"
  ["login"]=>
  string(14) "__fehholiveira"
}
string(10) "ninabaking"
string(26) "Cantidad de follows = 8964"
<br><br><br>string(10) "jgiordanoo"
string(27) "Cantidad de follows = 12562"
<br><br><br>string(18) "domhairfelippewill"
string(27) "Cantidad de follows = 11522"
<br><br><br>string(7) "pbpetti"
string(27) "Cantidad de follows = 39783"
<br><br><br>string(10) "psych0wolf"
string(25) "Cantidad de follows = 409"
<br><br><br>string(8) "andreiso"
string(26) "Cantidad de follows = 9492"
<br><br><br>string(13) "biadiascoelho"
string(26) "Cantidad de follows = 4875"
<br><br><br>string(8) "mytrips7"
string(25) "Cantidad de follows = 527"
<br><br><br>string(13) "directdireito"
string(27) "Cantidad de follows = 11280"
<br><br><br>string(12) "patrickvalle"
string(26) "Cantidad de follows = 3554"
<br><br><br>string(21) "lucianalauferofficial"
string(27) "Cantidad de follows = 18757"
<br><br><br>string(13) "matheuspercut"
string(26) "Cantidad de follows = 1160"
<br><br><br>string(10) "flavia_vdr"
string(27) "Cantidad de follows = 11252"
<br><br><br>object(stdClass)#142 (2) {
  ["id"]=>
  string(5) "16861"
  ["login"]=>
  string(14) "mickael_cortes"
}
string(16) "helder_del_monte"
string(27) "Cantidad de follows = 16421"
<br><br><br>string(18) "physicalpilates_bh"
string(26) "Cantidad de follows = 5618"
<br><br><br>string(13) "faleiroslaura"
string(27) "Cantidad de follows = 12928"
<br><br><br>string(11) "dannysetudo"
string(26) "Cantidad de follows = 9539"
<br><br><br>string(15) "portodepiranhas"
string(27) "Cantidad de follows = 10489"
<br><br><br>string(24) "contadordehistoriasreais"
string(27) "Cantidad de follows = 27651"
<br><br><br>string(6) "guil38"
string(26) "Cantidad de follows = 6490"
<br><br><br>string(22) "vacationhomeneardisney"
string(27) "Cantidad de follows = 19653"
<br><br><br>string(16) "drguilhermecravo"
string(26) "Cantidad de follows = 3167"
<br><br><br>string(6) "ossmkt"
string(26) "Cantidad de follows = 5258"
<br><br><br>string(10) "jhoneheber"
string(27) "Cantidad de follows = 23863"
<br><br><br>string(20) "justiniano0_official"
string(26) "Cantidad de follows = 2984"
<br><br><br>string(15) "sao_os_caipiras"
string(26) "Cantidad de follows = 9465"
<br><br><br>string(9) "acerickrj"
string(27) "Cantidad de follows = 12260"
<br><br><br>string(15) "leandrogarciadj"
string(27) "Cantidad de follows = 19260"
<br><br><br>string(14) "osnirhamburger"
string(26) "Cantidad de follows = 6836"
<br><br><br>string(8) "dutruffi"
string(27) "Cantidad de follows = 14264"
<br><br><br>string(9) "lschuback"
string(26) "Cantidad de follows = 7807"
<br><br><br>string(21) "carolinanortondematos"
string(27) "Cantidad de follows = 11626"
<br><br><br>object(stdClass)#144 (2) {
  ["id"]=>
  string(5) "18103"
  ["login"]=>
  string(22) "denisegoncalves.santos"
}
string(14) "ethianemarques"
string(25) "Cantidad de follows = 693"
<br><br><br>string(10) "synaraleal"
string(27) "Cantidad de follows = 16183"
<br><br><br>string(8) "trinjune"
string(23) "Cantidad de follows = 0"
<br><br><br>string(12) "holy_popcorn"
string(27) "Cantidad de follows = 11384"
<br><br><br>string(9) "eltranvia"
string(27) "Cantidad de follows = 15518"
<br><br><br>string(19) "diegogoulartoficial"
string(27) "Cantidad de follows = 20567"
<br><br><br>string(15) "cartolinadesign"
string(26) "Cantidad de follows = 5637"
<br><br><br>string(9) "quarto_22"
string(26) "Cantidad de follows = 5454"
<br><br><br>string(10) "blogdakeli"
string(24) "Cantidad de follows = 12"
<br><br><br>object(stdClass)#159 (2) {
  ["id"]=>
  string(5) "18816"
  ["login"]=>
  string(10) "lefitnessb"
}
string(9) "awsmining"
string(26) "Cantidad de follows = 4575"
<br><br><br>string(13) "willianabrito"
string(26) "Cantidad de follows = 6737"
<br><br><br>string(23) "eusoutestemunhadogolias"
string(25) "Cantidad de follows = 205"
<br><br><br>string(16) "tumsoundfestival"
string(26) "Cantidad de follows = 1427"
<br><br><br>string(18) "casalbioequilibrio"
string(27) "Cantidad de follows = 11198"
<br><br><br>string(13) "mimosearomaas"
string(26) "Cantidad de follows = 8822"
<br><br><br>string(17) "gventurinpersonal"
string(26) "Cantidad de follows = 2509"
<br><br><br>string(9) "fastfitsc"
string(26) "Cantidad de follows = 3618"
<br><br><br>string(11) "raif_tattoo"
string(27) "Cantidad de follows = 13147"
<br><br><br>string(10) "hustler.hc"
string(26) "Cantidad de follows = 2473"
<br><br><br>string(9) "isarengel"
string(26) "Cantidad de follows = 6750"
<br><br><br>string(8) "7.mboots"
string(27) "Cantidad de follows = 45307"
<br><br><br>string(12) "solus_online"
string(26) "Cantidad de follows = 4038"
<br><br><br>string(11) "refugiohoje"
string(27) "Cantidad de follows = 12428"
<br><br><br>string(13) "nati.fressato"
string(26) "Cantidad de follows = 7258"
<br><br><br>string(16) "bysilviaschaefer"
string(23) "Cantidad de follows = 1"
<br><br><br>string(17) "calcadospaubrasil"
string(26) "Cantidad de follows = 8244"
<br><br><br>string(10) "daly_store"
string(27) "Cantidad de follows = 21604"
<br><br><br>string(11) "angelosciao"
string(26) "Cantidad de follows = 5251"
<br><br><br>string(6) "fuinha"
string(25) "Cantidad de follows = 194"
<br><br><br>string(10) "kombi_krug"
string(25) "Cantidad de follows = 509"
<br><br><br>string(12) "rekombinando"
string(26) "Cantidad de follows = 5966"
<br><br><br>string(15) "blogdasusantoss"
string(26) "Cantidad de follows = 5425"
<br><br><br>string(15) "diadeacessorios"
string(26) "Cantidad de follows = 2316"
<br><br><br>string(18) "christians.pereira"
string(26) "Cantidad de follows = 3761"
<br><br><br>object(stdClass)#164 (2) {
  ["id"]=>
  string(5) "19844"
  ["login"]=>
  string(13) "oficialpharma"
}
string(28) "pedrowilsonrodriguespimentel"
string(26) "Cantidad de follows = 7757"
<br><br><br>string(15) "atelieluizrocha"
string(27) "Cantidad de follows = 10272"
<br><br><br>string(12) "bibiscamargo"
string(26) "Cantidad de follows = 2046"
<br><br><br>string(16) "centerperfumaria"
string(26) "Cantidad de follows = 5534"
<br><br><br>string(10) "pmelorocha"
string(26) "Cantidad de follows = 6370"
<br><br><br>object(stdClass)#92 (2) {
  ["id"]=>
  string(5) "20149"
  ["login"]=>
  string(14) "thaliaalvesdec"
}
string(12) "yasminndias_"
string(26) "Cantidad de follows = 9432"
<br><br><br>string(17) "jb_alves_educador"
string(26) "Cantidad de follows = 3508"
<br><br><br>string(24) "leonardosantosfotografia"
string(27) "Cantidad de follows = 39798"
<br><br><br>string(8) "sporttot"
string(24) "Cantidad de follows = 21"
<br><br><br>object(stdClass)#116 (2) {
  ["id"]=>
  string(5) "20503"
  ["login"]=>
  string(8) "chandler"
}
string(13) "ayllesantiago"
string(28) "Cantidad de follows = 128288"
<br><br><br>string(12) "maisonbiarro"
string(27) "Cantidad de follows = 25615"
<br><br><br>string(15) "iselamendozadec"
string(26) "Cantidad de follows = 6086"
<br><br><br>string(9) "bamboh.pt"
string(26) "Cantidad de follows = 2611"
<br><br><br>string(12) "redeentropia"
string(26) "Cantidad de follows = 5907"
<br><br><br>string(13) "goutaguatinga"
string(26) "Cantidad de follows = 1013"
<br><br><br>object(stdClass)#212 (2) {
  ["id"]=>
  string(5) "20682"
  ["login"]=>
  string(11) "farmapharma"
}
string(18) "calabriapizzariarj"
string(26) "Cantidad de follows = 2475"
<br><br><br>object(stdClass)#212 (2) {
  ["id"]=>
  string(5) "20818"
  ["login"]=>
  string(20) "cadillacs.pastelaria"
}
object(stdClass)#172 (2) {
  ["id"]=>
  string(5) "20927"
  ["login"]=>
  string(25) "missionariojairodossantos"
}
object(stdClass)#212 (2) {
  ["id"]=>
  string(5) "21062"
  ["login"]=>
  string(13) "jesuisluciano"
}
object(stdClass)#172 (2) {
  ["id"]=>
  string(5) "21230"
  ["login"]=>
  string(9) "vikatorsc"
}
string(19) "nicollystoreoficial"
string(26) "Cantidad de follows = 7530"
<br><br><br>object(stdClass)#172 (2) {
  ["id"]=>
  string(5) "21368"
  ["login"]=>
  string(18) "ricardoribeiro0013"
}
string(24) "ramossegurancaeletronica"
string(26) "Cantidad de follows = 3294"
<br><br><br>string(18) "camacariplazahotel"
string(26) "Cantidad de follows = 6224"
<br><br><br>string(13) "_telesgabriel"
string(26) "Cantidad de follows = 2507"
<br><br><br>string(12) "fbfabiolopes"
string(26) "Cantidad de follows = 9100"
<br><br><br>object(stdClass)#199 (2) {
  ["id"]=>
  string(5) "21517"
  ["login"]=>
  string(23) "biscuitporvictorialeite"
}
string(10) "trapburger"
string(26) "Cantidad de follows = 2640"
<br><br><br>string(20) "shoppingcasaedesign_"
string(26) "Cantidad de follows = 8664"
<br><br><br>object(stdClass)#217 (2) {
  ["id"]=>
  string(5) "21677"
  ["login"]=>
  string(9) "samiilly_"
}
object(stdClass)#168 (2) {
  ["id"]=>
  string(5) "21731"
  ["login"]=>
  string(9) "conhecaes"
}
string(7) "loirasn"
string(25) "Cantidad de follows = 193"
<br><br><br>string(15) "santasticauniao"
string(26) "Cantidad de follows = 6298"
<br><br><br>string(19) "embraconcondominios"
string(26) "Cantidad de follows = 4635"
<br><br><br>string(17) "hamburguinhomoema"
string(27) "Cantidad de follows = 60398"
<br><br><br>string(14) "vilmamartins_7"
string(26) "Cantidad de follows = 1314"
<br><br><br>string(12) "leticiajural"
string(26) "Cantidad de follows = 8549"
<br><br><br>string(8) "_zero100"
string(27) "Cantidad de follows = 52215"
<br><br><br>string(20) "lionrollingcircusrio"
string(27) "Cantidad de follows = 14375"
<br><br><br>string(9) "_nerdjunk"
string(26) "Cantidad de follows = 5402"
<br><br><br>string(10) "pilotelton"
string(27) "Cantidad de follows = 11094"
<br><br><br>string(14) "marcioancelmoo"
string(26) "Cantidad de follows = 5004"
<br><br><br>object(stdClass)#181 (2) {
  ["id"]=>
  string(5) "22627"
  ["login"]=>
  string(18) "lucaswiliamsoliver"
}
string(14) "kevinlorenzorj"
string(26) "Cantidad de follows = 3404"
<br><br><br>object(stdClass)#181 (2) {
  ["id"]=>
  string(5) "22701"
  ["login"]=>
  string(21) "falandodemaquiagem_01"
}
string(13) "georgemuchuli"
string(26) "Cantidad de follows = 7788"
<br><br><br>string(15) "wendell_alvess_"
string(24) "Cantidad de follows = 83"
<br><br><br>object(stdClass)#158 (2) {
  ["id"]=>
  string(5) "22786"
  ["login"]=>
  string(6) "jpzk02"
}
object(stdClass)#160 (2) {
  ["id"]=>
  string(5) "22791"
  ["login"]=>
  string(13) "rodrigues.exe"
}
object(stdClass)#158 (2) {
  ["id"]=>
  string(5) "22915"
  ["login"]=>
  string(10) "5000covers"
}
string(18) "marciomouraoficial"
string(27) "Cantidad de follows = 12449"
<br><br><br>object(stdClass)#158 (2) {
  ["id"]=>
  string(5) "23135"
  ["login"]=>
  string(15) "daniak_boutique"
}
string(23) "formatacaotccmonografia"
string(24) "Cantidad de follows = 95"
<br><br><br>string(6) "nekkow"
string(24) "Cantidad de follows = 15"
<br><br><br>string(5) "lucao"
string(25) "Cantidad de follows = 560"
<br><br><br>string(6) "lucao2"
string(25) "Cantidad de follows = 584"
<br><br><br>string(13) "marcelomarkes"
string(27) "Cantidad de follows = 19954"
<br><br><br>string(14) "dl_beautysalon"
string(26) "Cantidad de follows = 1946"
<br><br><br>string(15) "ariadinebarreto"
string(27) "Cantidad de follows = 14693"
<br><br><br>string(13) "canalsemjacar"
string(27) "Cantidad de follows = 14320"
<br><br><br>string(11) "hiratabreno"
string(27) "Cantidad de follows = 12641"
<br><br><br>object(stdClass)#86 (2) {
  ["id"]=>
  string(5) "23543"
  ["login"]=>
  string(14) "erickspimentel"
}
string(12) "jessicaiwata"
string(27) "Cantidad de follows = 34233"
<br><br><br>string(14) "dnaphotoevideo"
string(27) "Cantidad de follows = 29135"
<br><br><br>string(18) "gamecenterpaulista"
string(27) "Cantidad de follows = 10375"
<br><br><br>string(10) "pacofishrd"
string(26) "Cantidad de follows = 8085"
<br><br><br>string(14) "qualityhotelsd"
string(26) "Cantidad de follows = 1203"
<br><br><br>string(17) "isabellabofficial"
string(27) "Cantidad de follows = 14074"
<br><br><br>string(13) "alialioficial"
string(25) "Cantidad de follows = 675"
<br><br><br>string(15) "barbeariadoneno"
string(27) "Cantidad de follows = 13625"
<br><br><br>string(10) "plagamba01"
string(26) "Cantidad de follows = 2635"
<br><br><br>string(11) "oscarcauchi"
string(26) "Cantidad de follows = 3633"
<br><br><br>string(7) "18laras"
string(26) "Cantidad de follows = 1860"
<br><br><br>string(16) "entreomarealagoa"
string(26) "Cantidad de follows = 1676"
<br><br><br>string(9) "darlanred"
string(27) "Cantidad de follows = 21368"
<br><br><br>string(15) "riolisboabrasil"
string(25) "Cantidad de follows = 206"
<br><br><br>string(12) "studio4cinco"
string(26) "Cantidad de follows = 4942"
<br><br><br>string(13) "fabriciofabre"
string(26) "Cantidad de follows = 8611"
<br><br><br>string(22) "suamusicapersonalizada"
string(26) "Cantidad de follows = 9929"
<br><br><br>string(10) "fioremixbr"
string(25) "Cantidad de follows = 325"
<br><br><br>string(8) "kevinvem"
string(23) "Cantidad de follows = 5"
<br><br><br>string(12) "djallannatal"
string(27) "Cantidad de follows = 28024"
<br><br><br>string(15) "polpasempreviva"
string(27) "Cantidad de follows = 34588"
<br><br><br>string(8) "kessyaaa"
string(27) "Cantidad de follows = 11160"
<br><br><br>string(8) "celparra"
string(27) "Cantidad de follows = 10688"
<br><br><br>object(stdClass)#73 (2) {
  ["id"]=>
  string(5) "25524"
  ["login"]=>
  string(11) "tompson9345"
}
object(stdClass)#40 (2) {
  ["id"]=>
  string(5) "25571"
  ["login"]=>
  string(14) "habner_martins"
}
string(24) "fitnessuplementosoficial"
string(25) "Cantidad de follows = 337"
<br><br><br>string(13) "mayconbarroco"
string(27) "Cantidad de follows = 18520"
<br><br><br>string(9) "caiocesar"
string(24) "Cantidad de follows = 85"
<br><br><br>string(8) "lil.fama"
string(27) "Cantidad de follows = 21771"
<br><br><br>string(12) "institutoybi"
string(27) "Cantidad de follows = 18015"
<br><br><br>object(stdClass)#220 (2) {
  ["id"]=>
  string(5) "26183"
  ["login"]=>
  string(14) "andresa_lebens"
}
object(stdClass)#80 (2) {
  ["id"]=>
  string(5) "26226"
  ["login"]=>
  string(7) "yuryv05"
}
string(15) "eliana_casimiro"
string(26) "Cantidad de follows = 5651"
<br><br><br>string(11) "maloohstore"
string(26) "Cantidad de follows = 3641"
<br><br><br>string(15) "lauraivinadecor"
string(26) "Cantidad de follows = 8949"
<br><br><br>string(16) "simplesmenteamei"
string(27) "Cantidad de follows = 16123"
<br><br><br>string(16) "drraphaelmarques"
string(27) "Cantidad de follows = 21401"
<br><br><br>string(10) "casazunzun"
string(26) "Cantidad de follows = 5581"
<br><br><br>string(14) "draraymedeiros"
string(26) "Cantidad de follows = 1580"
<br><br><br>string(12) "4youdressing"
string(26) "Cantidad de follows = 3573"
<br><br><br>string(21) "lucaslermenfotografia"
string(27) "Cantidad de follows = 14863"
<br><br><br>string(16) "bracholuismiguel"
string(25) "Cantidad de follows = 832"
<br><br><br>string(17) "draflaviasgavioli"
string(27) "Cantidad de follows = 41497"
<br><br><br>string(16) "rafamello_cantor"
string(26) "Cantidad de follows = 9024"
<br><br><br>string(13) "gabinassyrios"
string(27) "Cantidad de follows = 27799"
<br><br><br>string(13) "cardosodani78"
string(25) "Cantidad de follows = 419"
<br><br><br>object(stdClass)#116 (2) {
  ["id"]=>
  string(5) "27362"
  ["login"]=>
  string(9) "k123silva"
}
string(9) "labotique"
string(25) "Cantidad de follows = 276"
<br><br><br>string(11) "eco.noronha"
string(26) "Cantidad de follows = 1074"
<br><br><br>string(13) "gelottisports"
string(26) "Cantidad de follows = 6268"
<br><br><br>string(13) "bombeefsantos"
string(27) "Cantidad de follows = 68665"
<br><br><br>string(15) "parvathi_brasil"
string(26) "Cantidad de follows = 8508"
<br><br><br>string(9) "lobotique"
string(26) "Cantidad de follows = 6595"
<br><br><br>string(8) "talincas"
string(27) "Cantidad de follows = 22601"
<br><br><br>string(21) "visagismofacial_drika"
string(25) "Cantidad de follows = 733"
<br><br><br>string(13) "bakwarabrasil"
string(26) "Cantidad de follows = 1566"
<br><br><br>string(19) "carlabarcellosjoias"
string(27) "Cantidad de follows = 11402"
<br><br><br>string(16) "programagameover"
string(26) "Cantidad de follows = 1122"
<br><br><br>string(15) "aafrodite.store"
string(26) "Cantidad de follows = 5762"
<br><br><br>string(12) "rogiacomello"
string(26) "Cantidad de follows = 1420"
<br><br><br>string(11) "solvebrazil"
string(26) "Cantidad de follows = 1173"
<br><br><br>string(16) "drafernandavolpi"
string(27) "Cantidad de follows = 12430"
<br><br><br>object(stdClass)#113 (2) {
  ["id"]=>
  string(5) "27722"
  ["login"]=>
  string(14) "maribel.silent"
}
string(13) "miocheoficial"
string(27) "Cantidad de follows = 45297"
<br><br><br>string(11) "daylipadron"
string(26) "Cantidad de follows = 8193"
<br><br><br>string(14) "mercadolabarra"
string(26) "Cantidad de follows = 4197"
<br><br><br>string(10) "naraabreuu"
string(26) "Cantidad de follows = 4581"
<br><br><br>string(8) "lukmodas"
string(26) "Cantidad de follows = 8103"
<br><br><br>string(21) "girlsgardenacessorios"
string(26) "Cantidad de follows = 2028"
<br><br><br>string(13) "capimlimaomga"
string(26) "Cantidad de follows = 5344"
<br><br><br>string(15) "maxpremiumjeans"
string(26) "Cantidad de follows = 8404"
<br><br><br>string(8) "bruna.fb"
string(27) "Cantidad de follows = 21226"
<br><br><br>string(14) "na_cara_do_gol"
string(26) "Cantidad de follows = 3031"
<br><br><br>string(13) "jessicacytrus"
string(27) "Cantidad de follows = 29742"
<br><br><br>string(11) "cyrofuziama"
string(27) "Cantidad de follows = 25296"
<br><br><br>string(11) "thaycomfome"
string(27) "Cantidad de follows = 26521"
<br><br><br>string(10) "dankana_dk"
string(26) "Cantidad de follows = 8833"
<br><br><br>string(13) "vivimaquiagem"
string(26) "Cantidad de follows = 2483"
<br><br><br>string(14) "fshirtsdesigns"
string(25) "Cantidad de follows = 369"
<br><br><br>string(15) "closetdasduasto"
string(27) "Cantidad de follows = 14149"
<br><br><br>object(stdClass)#48 (2) {
  ["id"]=>
  string(5) "28069"
  ["login"]=>
  string(14) "rosaduartelash"
}
string(11) "gardelmaroz"
string(26) "Cantidad de follows = 6148"
<br><br><br>object(stdClass)#48 (2) {
  ["id"]=>
  string(5) "28080"
  ["login"]=>
  string(16) "msanchescaroline"
}
string(3) "ola"
string(26) "Cantidad de follows = 3212"
<br><br><br>object(stdClass)#48 (2) {
  ["id"]=>
  string(5) "28092"
  ["login"]=>
  string(9) "pri_avlis"
}
string(13) "ferefacrochet"
string(26) "Cantidad de follows = 8900"
<br><br><br>object(stdClass)#48 (2) {
  ["id"]=>
  string(5) "28099"
  ["login"]=>
  string(13) "menezesandree"
}
string(7) "nr_mini"
string(27) "Cantidad de follows = 11004"
<br><br><br>string(6) "dz9bnb"
string(26) "Cantidad de follows = 3306"
<br><br><br>object(stdClass)#192 (2) {
  ["id"]=>
  string(5) "28145"
  ["login"]=>
  string(20) "nossoapartamento_103"
}
string(18) "cheirinhodamariana"
string(26) "Cantidad de follows = 7628"
<br><br><br>object(stdClass)#192 (2) {
  ["id"]=>
  string(5) "28213"
  ["login"]=>
  string(15) "malucassimiro.r"
}
string(16) "alvomarketingagc"
string(26) "Cantidad de follows = 9502"
<br><br><br>string(17) "ilmiocasamentoios"
string(26) "Cantidad de follows = 1008"
<br><br><br>string(16) "dranayanepacheco"
string(28) "Cantidad de follows = 141396"
<br><br><br>string(24) "silvanonunes.hairstylist"
string(27) "Cantidad de follows = 19435"
<br><br><br>object(stdClass)#131 (2) {
  ["id"]=>
  string(5) "28276"
  ["login"]=>
  string(13) "tatyanealvess"
}
string(21) "closetdemulheroficial"
string(26) "Cantidad de follows = 3929"
<br><br><br>string(17) "drdanilopelegrino"
string(26) "Cantidad de follows = 5847"
<br><br><br>string(20) "mariaclaraguimaraes1"
string(27) "Cantidad de follows = 34636"
<br><br><br>string(15) "vitoria.mamedio"
string(26) "Cantidad de follows = 7508"
<br><br><br>string(12) "meirellesipc"
string(26) "Cantidad de follows = 1522"
<br><br><br>string(12) "luporluciana"
string(26) "Cantidad de follows = 8483"
<br><br><br>string(11) "andersonvoo"
string(26) "Cantidad de follows = 1054"
<br><br><br>string(14) "niqueferreiira"
string(27) "Cantidad de follows = 12349"
<br><br><br>string(15) "carlota_barnabe"
string(27) "Cantidad de follows = 12814"
<br><br><br>string(17) "drdanilopelegrino"
string(26) "Cantidad de follows = 5847"
<br><br><br>string(9) "lipinhuss"
string(26) "Cantidad de follows = 1774"
<br><br><br>string(13) "mayaramarkes_"
string(26) "Cantidad de follows = 8593"
<br><br><br>string(10) "ky2oficial"
string(26) "Cantidad de follows = 2416"
<br><br><br>string(11) "mendy_vivii"
string(26) "Cantidad de follows = 3960"
<br><br><br>object(stdClass)#153 (2) {
  ["id"]=>
  string(5) "28497"
  ["login"]=>
  string(21) "_medicinaintegrativa_"
}
string(25) "specialitycoffeegastropub"
string(25) "Cantidad de follows = 557"
<br><br><br>string(13) "clubedebolsas"
string(27) "Cantidad de follows = 10491"
<br><br><br>string(11) "carolsousas"
string(26) "Cantidad de follows = 3563"
<br><br><br>object(stdClass)#13 (2) {
  ["id"]=>
  string(5) "28517"
  ["login"]=>
  string(19) "martins_consultoria"
}
string(4) "fila"
string(25) "Cantidad de follows = 828"
<br><br><br>string(6) "reebok"
string(29) "Cantidad de follows = 2114653"
<br><br><br>string(8) "bindanvm"
string(26) "Cantidad de follows = 1484"
<br><br><br>string(18) "wesleyoliveirareal"
string(26) "Cantidad de follows = 2823"
<br><br><br>string(9) "indikqui_"
string(26) "Cantidad de follows = 1328"
<br><br><br>string(10) "luahungria"
string(26) "Cantidad de follows = 4533"
<br><br><br>string(14) "paesda_familia"
string(26) "Cantidad de follows = 3421"
<br><br><br>object(stdClass)#74 (2) {
  ["id"]=>
  string(5) "28557"
  ["login"]=>
  string(10) "kaahcintra"
}
string(17) "reabilitar.studio"
string(26) "Cantidad de follows = 5657"
<br><br><br>string(9) "amaraljej"
string(25) "Cantidad de follows = 612"
<br><br><br>string(14) "websterramalho"
string(25) "Cantidad de follows = 738"
<br><br><br>string(24) "vida_sol_e_mar_ecoresort"
string(26) "Cantidad de follows = 7124"
<br><br><br>string(10) "aco_brasil"
string(26) "Cantidad de follows = 3300"
<br><br><br>string(13) "desafioadois2"
string(26) "Cantidad de follows = 6951"
<br><br><br>string(10) "joaozaneti"
string(27) "Cantidad de follows = 13453"
<br><br><br>string(12) "karbofitness"
string(27) "Cantidad de follows = 10848"
<br><br><br>string(12) "nayaranouber"
string(27) "Cantidad de follows = 17878"
<br><br><br>object(stdClass)#89 (2) {
  ["id"]=>
  string(5) "28654"
  ["login"]=>
  string(11) "ellenrauber"
}
object(stdClass)#193 (2) {
  ["id"]=>
  string(5) "28657"
  ["login"]=>
  string(14) "reserveviagens"
}
string(17) "ingrid_ferreira25"
string(25) "Cantidad de follows = 179"
<br><br><br>string(20) "neovita_fisioterapia"
string(26) "Cantidad de follows = 4866"
<br><br><br>string(17) "dunashookahlounge"
string(26) "Cantidad de follows = 9072"
<br><br><br>string(15) "emporio.forever"
string(25) "Cantidad de follows = 283"
<br><br><br>string(16) "mariakarencosta_"
string(26) "Cantidad de follows = 5839"
<br><br><br>string(13) "pretta_araujo"
string(27) "Cantidad de follows = 11970"
<br><br><br>string(18) "theo_kate_ragdolls"
string(26) "Cantidad de follows = 3492"
<br><br><br>string(9) "xaanndii_"
string(26) "Cantidad de follows = 1237"
<br><br><br>string(15) "pausetakeabreak"
string(26) "Cantidad de follows = 3656"
<br><br><br>string(10) "raquellsan"
string(27) "Cantidad de follows = 27605"
<br><br><br>string(11) "quatro_maos"
string(26) "Cantidad de follows = 4090"
<br><br><br>string(20) "apaudiovisualoficial"
string(25) "Cantidad de follows = 566"
<br><br><br>string(15) "gameoverworldmx"
string(24) "Cantidad de follows = 28"
<br><br><br>string(10) "macielcaio"
string(26) "Cantidad de follows = 3062"
<br><br><br>string(10) "pp_eventos"
string(26) "Cantidad de follows = 3616"
<br><br><br>string(15) "renatacanizares"
string(27) "Cantidad de follows = 13458"
<br><br><br>string(12) "dermatofarma"
string(26) "Cantidad de follows = 8912"
<br><br><br>string(14) "cinarafestasbh"
string(27) "Cantidad de follows = 35460"
<br><br><br>string(10) "mreissilva"
string(27) "Cantidad de follows = 23325"
<br><br><br>string(17) "minutoscomdelavec"
string(27) "Cantidad de follows = 14034"
<br><br><br>string(9) "lilispada"
string(28) "Cantidad de follows = 720043"
<br><br><br>string(13) "edersilveiram"
string(26) "Cantidad de follows = 4521"
<br><br><br>string(15) "rosanatiburtino"
string(26) "Cantidad de follows = 1039"
<br><br><br>string(18) "stopscapautomotivo"
string(26) "Cantidad de follows = 5986"
<br><br><br>object(stdClass)#151 (2) {
  ["id"]=>
  string(5) "28849"
  ["login"]=>
  string(8) "plasjowl"
}
string(12) "itzackcamila"
string(26) "Cantidad de follows = 1350"
<br><br><br>string(15) "eu_gabicarvalho"
string(26) "Cantidad de follows = 2969"
<br><br><br>string(19) "hypinosemodaoficial"
string(26) "Cantidad de follows = 9831"
<br><br><br>string(13) "everttonviana"
string(26) "Cantidad de follows = 9642"
<br><br><br>string(17) "shirleyalesantana"
string(27) "Cantidad de follows = 27987"
<br><br><br>string(14) "leticiastoledo"
string(26) "Cantidad de follows = 2577"
<br><br><br>string(14) "drpedroferrari"
string(27) "Cantidad de follows = 39331"
<br><br><br>string(11) "itamixbazar"
string(26) "Cantidad de follows = 4639"
<br><br><br>string(13) "trader_amador"
string(25) "Cantidad de follows = 167"
<br><br><br>string(16) "isabellasanchess"
string(26) "Cantidad de follows = 3012"
<br><br><br>object(stdClass)#47 (2) {
  ["id"]=>
  string(5) "28962"
  ["login"]=>
  string(15) "tiagomennezes11"
}
string(12) "bunkersounds"
string(26) "Cantidad de follows = 1682"
<br><br><br>string(14) "timmycelulares"
string(25) "Cantidad de follows = 219"
<br><br><br>object(stdClass)#211 (2) {
  ["id"]=>
  string(5) "28988"
  ["login"]=>
  string(15) "programavitrina"
}
object(stdClass)#38 (2) {
  ["id"]=>
  string(5) "28989"
  ["login"]=>
  string(18) "leocar.leonardoniq"
}
object(stdClass)#211 (2) {
  ["id"]=>
  string(5) "28990"
  ["login"]=>
  string(17) "acade_corpoeforma"
}
object(stdClass)#38 (2) {
  ["id"]=>
  string(5) "28993"
  ["login"]=>
  string(11) "atgaranhuns"
}
string(20) "annamaya_arquitetura"
string(26) "Cantidad de follows = 9200"
<br><br><br>string(8) "1kgdobom"
string(27) "Cantidad de follows = 14954"
<br><br><br>string(13) "livre.digital"
string(26) "Cantidad de follows = 3411"
<br><br><br>string(14) "rhuanpenaforte"
string(27) "Cantidad de follows = 10625"
<br><br><br>string(16) "restaurantebario"
string(26) "Cantidad de follows = 1329"
<br><br><br>string(21) "felippeturtransportes"
string(26) "Cantidad de follows = 3130"
<br><br><br>string(15) "solarlifeenergy"
string(25) "Cantidad de follows = 556"
<br><br><br>string(18) "vinteumcomunicacao"
string(25) "Cantidad de follows = 582"
<br><br><br>string(18) "auto_escolaatitude"
string(26) "Cantidad de follows = 2002"
<br><br><br>string(13) "carollremigio"
string(26) "Cantidad de follows = 1070"
<br><br><br>string(13) "pampodelivery"
string(26) "Cantidad de follows = 1279"
<br><br><br>string(20) "txcambioeturismo_rio"
string(26) "Cantidad de follows = 1296"
<br><br><br>string(13) "riveauxmerino"
string(26) "Cantidad de follows = 5430"
<br><br><br>string(15) "carneslaceleste"
string(26) "Cantidad de follows = 2126"
<br><br><br>string(11) "heroairsoft"
string(26) "Cantidad de follows = 3831"
<br><br><br>string(19) "brechoandreaventuro"
string(27) "Cantidad de follows = 36670"
<br><br><br>object(stdClass)#71 (2) {
  ["id"]=>
  string(5) "29077"
  ["login"]=>
  string(9) "samiilly_"
}
string(14) "luigi_bemporad"
string(24) "Cantidad de follows = 51"
<br><br><br>string(13) "luiz_skydiver"
string(26) "Cantidad de follows = 9875"
<br><br><br>string(15) "luanmachado.arq"
string(26) "Cantidad de follows = 1869"
<br><br><br>string(12) "kaikfariastv"
string(26) "Cantidad de follows = 1997"
<br><br><br>string(16) "colegioguarapuvu"
string(23) "Cantidad de follows = 1"
<br><br><br>string(9) "guarapuvu"
string(26) "Cantidad de follows = 3027"
<br><br><br>string(13) "purocafajeste"
string(27) "Cantidad de follows = 34263"
<br><br><br>string(11) "a_deziderio"
string(26) "Cantidad de follows = 2077"
<br><br><br>object(stdClass)#33 (2) {
  ["id"]=>
  string(5) "29171"
  ["login"]=>
  string(16) "ranchotalisma_mg"
}
object(stdClass)#43 (2) {
  ["id"]=>
  string(5) "29178"
  ["login"]=>
  string(16) "maryana_araujooc"
}
string(13) "vitormagnusss"
string(27) "Cantidad de follows = 42128"
<br><br><br>string(20) "franciscosilva_alves"
string(25) "Cantidad de follows = 269"
<br><br><br>string(17) "mrandersonalmeida"
string(26) "Cantidad de follows = 6329"
<br><br><br>string(10) "inovaluxrj"
string(25) "Cantidad de follows = 192"
<br><br><br>string(17) "mixturinhafashion"
string(26) "Cantidad de follows = 2299"
<br><br><br>string(22) "danelonprimeacessorios"
string(26) "Cantidad de follows = 4660"
<br><br><br>object(stdClass)#144 (2) {
  ["id"]=>
  string(5) "29219"
  ["login"]=>
  string(7) "ruivabr"
}
string(17) "luizjatobaoficial"
string(26) "Cantidad de follows = 9705"
<br><br><br>string(8) "thhai97_"
string(26) "Cantidad de follows = 1555"
<br><br><br>string(10) "tiago_kuhn"
string(26) "Cantidad de follows = 2290"
<br><br><br>object(stdClass)#216 (2) {
  ["id"]=>
  string(5) "29228"
  ["login"]=>
  string(13) "tiolavinicius"
}
string(15) "crisoliveiravmk"
string(26) "Cantidad de follows = 2051"
<br><br><br>string(15) "wesleymichelini"
string(26) "Cantidad de follows = 1812"
<br><br><br>string(18) "raphaelacapobiango"
string(26) "Cantidad de follows = 5551"
<br><br><br>string(11) "castrolucas"
string(26) "Cantidad de follows = 3630"
<br><br><br>string(16) "masseriniosteria"
string(26) "Cantidad de follows = 6112"
<br><br><br>string(10) "alvesgilli"
string(26) "Cantidad de follows = 2011"
<br><br><br>string(10) "felippetur"
string(27) "Cantidad de follows = 19238"
<br><br><br>string(25) "rodrigo.embraconconsorcio"
string(26) "Cantidad de follows = 6274"
<br><br><br>string(14) "naotolendoisso"
string(26) "Cantidad de follows = 3203"
<br><br><br>string(18) "tropical.insurance"
string(25) "Cantidad de follows = 678"
<br><br><br>string(12) "elestore.rio"
string(26) "Cantidad de follows = 1474"
<br><br><br>string(14) "joannaa_aguiar"
string(25) "Cantidad de follows = 573"
<br><br><br>string(12) "ale.mmartins"
string(26) "Cantidad de follows = 1272"
<br><br><br>string(14) "ricvrdomoraes_"
string(26) "Cantidad de follows = 3355"
<br><br><br>string(16) "psgacademyrecife"
string(26) "Cantidad de follows = 4185"
<br><br><br>string(11) "diasluciano"
string(27) "Cantidad de follows = 16069"
<br><br><br>string(15) "othmanejennaoui"
string(27) "Cantidad de follows = 11104"
<br><br><br>string(14) "andresza_ramos"
string(26) "Cantidad de follows = 2002"
<br><br><br>string(23) "estetica.michelecamargo"
string(26) "Cantidad de follows = 3200"
<br><br><br>string(19) "fernandalima.decora"
string(26) "Cantidad de follows = 2157"
<br><br><br>string(13) "ghanabranding"
string(26) "Cantidad de follows = 6764"
<br><br><br>string(16) "binhorodriguess_"
string(26) "Cantidad de follows = 3552"
<br><br><br>string(14) "theblondedetox"
string(26) "Cantidad de follows = 3791"
<br><br><br>string(19) "oficialwinnieamaral"
string(27) "Cantidad de follows = 23169"
<br><br><br>string(19) "pezinhofirmenarocha"
string(28) "Cantidad de follows = 116406"
<br><br><br>string(11) "meempreenda"
string(26) "Cantidad de follows = 3620"
<br><br><br>string(14) "joseluizpontes"
string(25) "Cantidad de follows = 993"
<br><br><br>object(stdClass)#51 (2) {
  ["id"]=>
  string(5) "29486"
  ["login"]=>
  string(15) "eduarda.neves13"
}
string(13) "karinelisuzan"
string(26) "Cantidad de follows = 5142"
<br><br><br>object(stdClass)#51 (2) {
  ["id"]=>
  string(5) "29498"
  ["login"]=>
  string(20) "orlamodapraiaoficial"
}
string(17) "advocacia_messias"
string(26) "Cantidad de follows = 3341"
<br><br><br>string(18) "allbotequipamentos"
string(26) "Cantidad de follows = 2930"
<br><br><br>string(20) "emersonlopeshoficial"
string(27) "Cantidad de follows = 12768"
<br><br><br>string(11) "raissataini"
string(27) "Cantidad de follows = 26723"
<br><br><br>object(stdClass)#160 (2) {
  ["id"]=>
  string(5) "29527"
  ["login"]=>
  string(13) "menezesandree"
}
string(10) "vivianeneu"
string(27) "Cantidad de follows = 28848"
<br><br><br>string(8) "dhougie_"
string(27) "Cantidad de follows = 18566"
<br><br><br>string(24) "andressamakeup_penteados"
string(26) "Cantidad de follows = 3097"
<br><br><br>string(13) "iracemaallves"
string(26) "Cantidad de follows = 7442"
<br><br><br>string(11) "renannunes2"
string(26) "Cantidad de follows = 5100"
<br><br><br>string(14) "natha.estetica"
string(26) "Cantidad de follows = 1842"
<br><br><br>string(19) "j.a.estudiodebeleza"
string(25) "Cantidad de follows = 148"
<br><br><br>string(12) "grafianafoto"
string(26) "Cantidad de follows = 8961"
<br><br><br>string(19) "thespacetimeripples"
string(26) "Cantidad de follows = 3267"
<br><br><br>string(14) "rubia_martinss"
string(27) "Cantidad de follows = 99471"
<br><br><br>string(23) "joseguilherme.consultor"
string(26) "Cantidad de follows = 1224"
<br><br><br>string(14) "emporiodifiori"
string(26) "Cantidad de follows = 2146"
<br><br><br>string(21) "viajandonaarquitetura"
string(26) "Cantidad de follows = 4819"
<br><br><br>string(14) "elitecenterfoz"
string(26) "Cantidad de follows = 2390"
<br><br><br>string(10) "yancasilva"
string(26) "Cantidad de follows = 2342"
<br><br><br>string(16) "roberta.amfranca"
string(26) "Cantidad de follows = 3398"
<br><br><br>string(15) "doceriaanaester"
string(26) "Cantidad de follows = 3806"
<br><br><br>string(10) "kathguedes"
string(27) "Cantidad de follows = 42811"
<br><br><br>string(13) "tubaraocenter"
string(26) "Cantidad de follows = 6379"
<br><br><br>object(stdClass)#78 (2) {
  ["id"]=>
  string(5) "29702"
  ["login"]=>
  string(6) "zayrnm"
}
string(9) "chefeeddy"
string(27) "Cantidad de follows = 13835"
<br><br><br>string(10) "acasadecat"
string(27) "Cantidad de follows = 10493"
<br><br><br>string(20) "oficialforroperfeito"
string(27) "Cantidad de follows = 52163"
<br><br><br>string(14) "orabolasbrecho"
string(26) "Cantidad de follows = 3002"
<br><br><br>string(11) "thekingboy_"
string(27) "Cantidad de follows = 17796"
<br><br><br>string(15) "vanessa.wysocki"
string(26) "Cantidad de follows = 3651"
<br><br><br>string(11) "rique.silva"
string(26) "Cantidad de follows = 5058"
<br><br><br>string(22) "gabriellacarvalhostore"
string(27) "Cantidad de follows = 33367"
<br><br><br>string(14) "lojanowfitness"
string(26) "Cantidad de follows = 3983"
<br><br><br>string(8) "mapoiani"
string(26) "Cantidad de follows = 6061"
<br><br><br>string(14) "salaostudiosbc"
string(26) "Cantidad de follows = 1787"
<br><br><br>string(19) "studying_the_secret"
string(26) "Cantidad de follows = 2561"
<br><br><br>string(23) "studiohairinternacional"
string(26) "Cantidad de follows = 5362"
<br><br><br>string(9) "ahdireito"
string(26) "Cantidad de follows = 5314"
<br><br><br>string(7) "kabonkk"
string(26) "Cantidad de follows = 4111"
<br><br><br>string(10) "companyate"
string(25) "Cantidad de follows = 106"
<br><br><br>string(15) "visual.software"
string(26) "Cantidad de follows = 1533"
<br><br><br>string(12) "djdavisantos"
string(26) "Cantidad de follows = 8394"
<br><br><br>string(14) "rafaellmoraess"
string(25) "Cantidad de follows = 833"
<br><br><br>string(22) "syflariluminacaoimport"
string(26) "Cantidad de follows = 1650"
<br><br><br>string(12) "grupo.efraim"
string(26) "Cantidad de follows = 1302"
<br><br><br>string(17) "efraimhoteleflats"
string(25) "Cantidad de follows = 788"
<br><br><br>string(30) "rpcontrollerinsetodedetizadora"
string(25) "Cantidad de follows = 165"
<br><br><br>string(12) "raunierporto"
string(26) "Cantidad de follows = 3104"
<br><br><br>string(11) "marciabotam"
string(26) "Cantidad de follows = 3838"
<br><br><br>object(stdClass)#71 (2) {
  ["id"]=>
  string(5) "29901"
  ["login"]=>
  string(8) "1jonhbjj"
}
object(stdClass)#67 (2) {
  ["id"]=>
  string(5) "29918"
  ["login"]=>
  string(9) "odeiopera"
}
object(stdClass)#71 (2) {
  ["id"]=>
  string(5) "29932"
  ["login"]=>
  string(11) "eufeearruda"
}
string(11) "tclaranunes"
string(26) "Cantidad de follows = 1735"
<br><br><br>string(19) "alaskaclothingstore"
string(26) "Cantidad de follows = 2278"
<br><br><br>string(14) "gkt_kickboxing"
string(26) "Cantidad de follows = 1614"
<br><br><br>string(19) "character.design.gk"
string(26) "Cantidad de follows = 1204"
<br><br><br>object(stdClass)#201 (2) {
  ["id"]=>
  string(5) "29964"
  ["login"]=>
  string(12) "blogdoarinos"
}
object(stdClass)#155 (2) {
  ["id"]=>
  string(5) "29965"
  ["login"]=>
  string(12) "bela.morenaa"
}
string(24) "leandroquelucifotografia"
string(26) "Cantidad de follows = 2981"
<br><br><br>string(19) "generalstorefitness"
string(26) "Cantidad de follows = 3627"
<br><br><br>string(15) "acervomodasda44"
string(26) "Cantidad de follows = 5713"
<br><br><br>string(12) "mama_costhay"
string(26) "Cantidad de follows = 5328"
<br><br><br>string(17) "ginetom_rodrigues"
string(26) "Cantidad de follows = 7672"
<br><br><br>string(13) "brunnooctavio"
string(25) "Cantidad de follows = 982"
<br><br><br>object(stdClass)#91 (2) {
  ["id"]=>
  string(5) "29996"
  ["login"]=>
  string(12) "doug0liveira"
}
string(10) "gutt_carol"
string(27) "Cantidad de follows = 12153"
<br><br><br>string(9) "hulkdutra"
string(27) "Cantidad de follows = 13385"
<br><br><br>string(16) "camilaguerreiroo"
string(26) "Cantidad de follows = 2384"
<br><br><br>string(15) "sandymakecabelo"
string(26) "Cantidad de follows = 6753"
<br><br><br>string(15) "copaciadvogados"
string(25) "Cantidad de follows = 683"
<br><br><br>string(18) "diegocamargotattoo"
string(26) "Cantidad de follows = 3237"
<br><br><br>string(17) "entretenimento.pe"
string(26) "Cantidad de follows = 3463"
<br><br><br>string(17) "alicemelomakehair"
string(26) "Cantidad de follows = 6772"
<br><br><br>object(stdClass)#168 (2) {
  ["id"]=>
  string(5) "30051"
  ["login"]=>
  string(11) "tuguinha.tv"
}
string(13) "rentar.com.do"
string(27) "Cantidad de follows = 11635"
<br><br><br>string(15) "eriosvaldodiniz"
string(26) "Cantidad de follows = 1582"
<br><br><br>string(11) "gustavo_ono"
string(26) "Cantidad de follows = 5346"
<br><br><br>string(15) "canilredbroncos"
string(26) "Cantidad de follows = 1894"
<br><br><br>string(9) "_brokerst"
string(25) "Cantidad de follows = 312"
<br><br><br>string(14) "lifeprojectone"
string(26) "Cantidad de follows = 1874"
<br><br><br>string(16) "disfranco.motors"
string(26) "Cantidad de follows = 2920"
<br><br><br>string(6) "bomf17"
string(25) "Cantidad de follows = 817"
<br><br><br>string(12) "aliicemello_"
string(26) "Cantidad de follows = 2100"
<br><br><br>string(11) "_bellaforma"
string(27) "Cantidad de follows = 70905"
<br><br><br>string(10) "bruruschel"
string(27) "Cantidad de follows = 11964"
<br><br><br>string(9) "murilooc7"
string(26) "Cantidad de follows = 4242"
<br><br><br>string(9) "a7madov95"
string(25) "Cantidad de follows = 247"
<br><br><br>string(7) "a_mayla"
string(25) "Cantidad de follows = 747"
<br><br><br>string(13) "lidiafeitosa4"
string(26) "Cantidad de follows = 2795"
<br><br><br>string(10) "smokeseila"
string(25) "Cantidad de follows = 637"
<br><br><br>string(10) "rikdelucca"
string(26) "Cantidad de follows = 3588"
<br><br><br>string(19) "corretoracavalcante"
string(25) "Cantidad de follows = 837"
<br><br><br>string(13) "leticia_forte"
string(26) "Cantidad de follows = 3507"
<br><br><br>object(stdClass)#73 (2) {
  ["id"]=>
  string(5) "30218"
  ["login"]=>
  string(14) "thaisaschayder"
}
string(13) "hueskerbrasil"
string(26) "Cantidad de follows = 3754"
<br><br><br>string(22) "rodrigoranchodascabras"
string(25) "Cantidad de follows = 955"
<br><br><br>object(stdClass)#177 (2) {
  ["id"]=>
  string(5) "30232"
  ["login"]=>
  string(15) "arisson_jessica"
}
string(16) "camilla.franklin"
string(26) "Cantidad de follows = 6334"
<br><br><br>object(stdClass)#177 (2) {
  ["id"]=>
  string(5) "30248"
  ["login"]=>
  string(11) "maira.fuzii"
}
object(stdClass)#18 (2) {
  ["id"]=>
  string(5) "30257"
  ["login"]=>
  string(13) "nathaly_llima"
}
string(21) "laraharantes.piercing"
string(26) "Cantidad de follows = 3288"
<br><br><br>string(11) "maitemellim"
string(26) "Cantidad de follows = 1992"
<br><br><br>string(10) "criptobraz"
string(25) "Cantidad de follows = 708"
<br><br><br>string(14) "meuprojeto.fit"
string(26) "Cantidad de follows = 2121"
<br><br><br>object(stdClass)#52 (2) {
  ["id"]=>
  string(5) "30286"
  ["login"]=>
  string(15) "cmo_odontologia"
}
object(stdClass)#171 (2) {
  ["id"]=>
  string(5) "30293"
  ["login"]=>
  string(14) "ketellenfelix1"
}
string(14) "biel_do_cavaco"
string(27) "Cantidad de follows = 18575"
<br><br><br>string(9) "netto_ull"
string(25) "Cantidad de follows = 623"
<br><br><br>string(11) "nandokounat"
string(27) "Cantidad de follows = 19638"
<br><br><br>object(stdClass)#160 (2) {
  ["id"]=>
  string(5) "30317"
  ["login"]=>
  string(14) "easyartgrafica"
}
string(15) "studio_beauty15"
string(26) "Cantidad de follows = 1036"
<br><br><br>string(18) "julio_sosa_imoveis"
string(25) "Cantidad de follows = 797"
<br><br><br>string(10) "canelihome"
string(26) "Cantidad de follows = 3639"
<br><br><br>string(9) "josergm86"
string(26) "Cantidad de follows = 7202"
<br><br><br>string(11) "katiaalbany"
string(26) "Cantidad de follows = 4788"
<br><br><br>string(11) "leandramora"
string(26) "Cantidad de follows = 1788"
<br><br><br>object(stdClass)#76 (2) {
  ["id"]=>
  string(5) "30380"
  ["login"]=>
  string(7) "_lrnnym"
}
string(17) "festivalnovomundo"
string(26) "Cantidad de follows = 4355"
<br><br><br>string(10) "odavilemos"
string(27) "Cantidad de follows = 13287"
<br><br><br>string(20) "clebsonfrancaoficial"
string(26) "Cantidad de follows = 2107"
<br><br><br>string(15) "mamaesemmanuais"
string(27) "Cantidad de follows = 11552"
<br><br><br>string(13) "victorcastelo"
string(26) "Cantidad de follows = 1184"
<br><br><br>string(17) "fabricio.physique"
string(27) "Cantidad de follows = 11005"
<br><br><br>string(15) "rafaelfsantanaa"
string(25) "Cantidad de follows = 750"
<br><br><br>object(stdClass)#54 (2) {
  ["id"]=>
  string(5) "30436"
  ["login"]=>
  string(15) "kawlicheski1993"
}
string(10) "facamerirr"
string(26) "Cantidad de follows = 3502"
<br><br><br>string(10) "linoamanda"
string(27) "Cantidad de follows = 10035"
<br><br><br>string(10) "_lorecosta"
string(26) "Cantidad de follows = 2050"
<br><br><br>string(21) "clara.goldenretriever"
string(26) "Cantidad de follows = 3358"
<br><br><br>string(14) "andre.grupoark"
string(26) "Cantidad de follows = 4206"
<br><br><br>string(13) "espacoubaense"
string(26) "Cantidad de follows = 1866"
<br><br><br>string(14) "photoboxbrasil"
string(26) "Cantidad de follows = 2820"
<br><br><br>string(13) "luiara_helmer"
string(26) "Cantidad de follows = 5405"
<br><br><br>string(7) "dul_fcy"
string(26) "Cantidad de follows = 2885"
<br><br><br>string(26) "emporiodapapinhasantoandre"
string(26) "Cantidad de follows = 4450"
<br><br><br>string(15) "rayanemarchetta"
string(26) "Cantidad de follows = 1700"
<br><br><br>string(13) "karol_nunes00"
string(26) "Cantidad de follows = 3648"
<br><br><br>string(15) "reidosmarestour"
string(26) "Cantidad de follows = 3181"
<br><br><br>string(10) "apedesign_"
string(26) "Cantidad de follows = 2619"
<br><br><br>string(9) "danilelah"
string(26) "Cantidad de follows = 5093"
<br><br><br>string(8) "kevinm5m"
string(26) "Cantidad de follows = 7810"
<br><br><br>string(12) "noahestetica"
string(26) "Cantidad de follows = 8912"
<br><br><br>string(9) "casadovaz"
string(26) "Cantidad de follows = 6848"
<br><br><br>string(8) "arena7bh"
string(26) "Cantidad de follows = 4550"
<br><br><br>object(stdClass)#173 (2) {
  ["id"]=>
  string(5) "30581"
  ["login"]=>
  string(13) "mathoficialbr"
}
string(17) "jonatas.batistela"
string(27) "Cantidad de follows = 14525"
<br><br><br>string(10) "queirozloo"
string(26) "Cantidad de follows = 3640"
<br><br><br>object(stdClass)#76 (2) {
  ["id"]=>
  string(5) "30593"
  ["login"]=>
  string(12) "rogersiiilva"
}
string(11) "marci0viana"
string(26) "Cantidad de follows = 1313"
<br><br><br>string(16) "chefsheiladuarte"
string(26) "Cantidad de follows = 1048"
<br><br><br>string(8) "itsredtv"
string(27) "Cantidad de follows = 44080"
<br><br><br>string(8) "lorisfaz"
string(27) "Cantidad de follows = 12269"
<br><br><br>object(stdClass)#123 (2) {
  ["id"]=>
  string(5) "30623"
  ["login"]=>
  string(20) "emagrecer_ja_oficial"
}
string(19) "tamyparadorneptunia"
string(26) "Cantidad de follows = 5771"
<br><br><br>string(9) "gabicoach"
string(26) "Cantidad de follows = 3536"
<br><br><br>string(14) "amanda3santana"
string(26) "Cantidad de follows = 6387"
<br><br><br>string(8) "crecleao"
string(26) "Cantidad de follows = 3206"
<br><br><br>string(10) "elluhalves"
string(26) "Cantidad de follows = 5246"
<br><br><br>string(18) "mixsushicafebistek"
string(26) "Cantidad de follows = 5916"
<br><br><br>string(16) "f1ciaimobiliaria"
string(26) "Cantidad de follows = 3241"
<br><br><br>string(15) "vitor_honorato3"
string(26) "Cantidad de follows = 1129"
<br><br><br>string(13) "veneno_daseda"
string(26) "Cantidad de follows = 2058"
<br><br><br>string(10) "mc2turismo"
string(27) "Cantidad de follows = 17991"
<br><br><br>string(19) "erickakamineoficial"
string(26) "Cantidad de follows = 6633"
<br><br><br>string(11) "fredmunizrj"
string(26) "Cantidad de follows = 1475"
<br><br><br>object(stdClass)#161 (2) {
  ["id"]=>
  string(5) "30718"
  ["login"]=>
  string(16) "luis.fernando.br"
}
string(17) "drasheilawatanabe"
string(26) "Cantidad de follows = 1734"
<br><br><br>string(12) "laysasmacedo"
string(26) "Cantidad de follows = 2936"
<br><br><br>string(17) "creativapapelaria"
string(25) "Cantidad de follows = 328"
<br><br><br>string(11) "aondeiremsp"
string(27) "Cantidad de follows = 25130"
<br><br><br>object(stdClass)#175 (2) {
  ["id"]=>
  string(5) "30815"
  ["login"]=>
  string(6) "79_app"
}
string(8) "tompsonr"
string(25) "Cantidad de follows = 358"
<br><br><br>string(15) "dioceliogoulart"
string(27) "Cantidad de follows = 18865"
<br><br><br>string(15) "victorperazzini"
string(26) "Cantidad de follows = 2344"
<br><br><br>string(12) "alberto_test"
string(25) "Cantidad de follows = 148"
<br><br><br>string(13) "fassegseguros"
string(26) "Cantidad de follows = 7513"
<br><br><br>object(stdClass)#65 (2) {
  ["id"]=>
  string(5) "30869"
  ["login"]=>
  string(8) "gigiiocb"
}
string(17) "coach.jorgeamorim"
string(26) "Cantidad de follows = 1002"
<br><br><br>string(16) "blessedmaemequer"
string(27) "Cantidad de follows = 15220"
<br><br><br>string(15) "baile_de_camelo"
string(25) "Cantidad de follows = 746"
<br><br><br>string(13) "dentistabruna"
string(25) "Cantidad de follows = 183"
<br><br><br>string(11) "chicomorais"
string(26) "Cantidad de follows = 4674"
<br><br><br>string(12) "awereveillon"
string(26) "Cantidad de follows = 2331"
<br><br><br>string(13) "adrianemayumi"
string(27) "Cantidad de follows = 12443"
<br><br><br>string(14) "dresscode.byrm"
string(25) "Cantidad de follows = 234"
<br><br><br>object(stdClass)#193 (2) {
  ["id"]=>
  string(5) "30911"
  ["login"]=>
  string(15) "alynemultiforme"
}
string(15) "ehpralaqueeuvou"
string(26) "Cantidad de follows = 1277"
<br><br><br>string(19) "douglasvaldeswalker"
string(26) "Cantidad de follows = 1730"
<br><br><br>string(11) "brimigreipt"
string(25) "Cantidad de follows = 308"
<br><br><br>string(8) "dazz.777"
string(26) "Cantidad de follows = 1021"
<br><br><br>string(14) "rafaella_neves"
string(26) "Cantidad de follows = 3746"
<br><br><br>string(8) "soueuwal"
string(26) "Cantidad de follows = 1646"
<br><br><br>string(22) "lacosdasmeninasoficial"
string(26) "Cantidad de follows = 2234"
<br><br><br>string(13) "talitamcostta"
string(25) "Cantidad de follows = 624"
<br><br><br>string(17) "fernandinhobranco"
string(24) "Cantidad de follows = 59"
<br><br><br>string(8) "pionunes"
string(26) "Cantidad de follows = 1442"
<br><br><br>string(18) "confeitariadagabi_"
string(24) "Cantidad de follows = 66"
<br><br><br>string(14) "brunoalvarez.1"
string(25) "Cantidad de follows = 458"
<br><br><br>string(10) "1989closet"
string(26) "Cantidad de follows = 5905"
<br><br><br>string(12) "jumota_decor"
string(26) "Cantidad de follows = 1332"
<br><br><br>string(16) "marmitinhaslight"
string(26) "Cantidad de follows = 2643"
<br><br><br>string(24) "leoart_desing_paisagismo"
string(26) "Cantidad de follows = 6700"
<br><br><br>string(14) "carolfroemming"
string(26) "Cantidad de follows = 6805"
<br><br><br>string(24) "priscilaaparecidasantoss"
string(25) "Cantidad de follows = 615"
<br><br><br>string(9) "chio18789"
string(26) "Cantidad de follows = 3550"
<br><br><br>string(13) "kasamor_store"
string(26) "Cantidad de follows = 2287"
<br><br><br>object(stdClass)#186 (2) {
  ["id"]=>
  string(5) "31088"
  ["login"]=>
  string(13) "thamysilva201"
}
string(10) "alexrssp12"
string(25) "Cantidad de follows = 317"
<br><br><br>string(14) "silvio.cesarjr"
string(24) "Cantidad de follows = 65"
<br><br><br>string(12) "levis_tudouu"
string(27) "Cantidad de follows = 15530"
<br><br><br>string(8) "euogomez"
string(26) "Cantidad de follows = 2462"
<br><br><br>string(14) "amorefeoficial"
string(26) "Cantidad de follows = 4424"
<br><br><br>string(15) "studioambientes"
string(27) "Cantidad de follows = 14327"
<br><br><br>string(12) "gomilkbrasil"
string(26) "Cantidad de follows = 1052"
<br><br><br>string(13) "gomed.digital"
string(26) "Cantidad de follows = 2226"
<br><br><br>object(stdClass)#133 (2) {
  ["id"]=>
  string(5) "31133"
  ["login"]=>
  string(6) "lv_luh"
}
string(8) "curyamin"
string(25) "Cantidad de follows = 888"
<br><br><br>string(11) "stancefight"
string(27) "Cantidad de follows = 33764"
<br><br><br>string(19) "medconsultingbrasil"
string(27) "Cantidad de follows = 11745"
<br><br><br>string(3) "usa"
string(26) "Cantidad de follows = 4659"
<br><br><br>string(8) "voa_hati"
string(26) "Cantidad de follows = 2937"
<br><br><br>string(18) "robsonbarbosacoach"
string(26) "Cantidad de follows = 6168"
<br><br><br>string(10) "yasmincgr_"
string(26) "Cantidad de follows = 1041"
<br><br><br>string(14) "kharlos_soares"
string(25) "Cantidad de follows = 209"
<br><br><br>string(19) "chrystopher.gabriel"
string(25) "Cantidad de follows = 319"
<br><br><br>string(7) "nega.93"
string(26) "Cantidad de follows = 8750"
<br><br><br>string(13) "cahrlossoares"
string(24) "Cantidad de follows = 61"
<br><br><br>string(8) "emillymv"
string(26) "Cantidad de follows = 3602"
<br><br><br>string(11) "_j.o.a.o___"
string(25) "Cantidad de follows = 181"
<br><br><br>string(14) "antonioportes_"
string(25) "Cantidad de follows = 213"
<br><br><br>string(12) "aleehzinho_t"
string(25) "Cantidad de follows = 172"
<br><br><br>string(15) "jonasfahelysson"
string(26) "Cantidad de follows = 6905"
<br><br><br>string(13) "mari_azeredo_"
string(25) "Cantidad de follows = 769"
<br><br><br>string(18) "clinicaformighieri"
string(26) "Cantidad de follows = 1996"
<br><br><br>string(10) "guiturner_"
string(26) "Cantidad de follows = 8944"
<br><br><br>string(14) "carloskpulling"
string(28) "Cantidad de follows = 108809"
<br><br><br>string(10) "oppaviajei"
string(25) "Cantidad de follows = 669"
<br><br><br>string(19) "madtattoobarbershop"
string(25) "Cantidad de follows = 670"
<br><br><br>string(15) "jujucoelhopinto"
string(27) "Cantidad de follows = 28297"
<br><br><br>string(13) "gersonaraujo_"
string(26) "Cantidad de follows = 2266"
<br><br><br>object(stdClass)#67 (2) {
  ["id"]=>
  string(5) "31318"
  ["login"]=>
  string(11) "josiasnetoo"
}
string(19) "blogsairdozeroagora"
string(26) "Cantidad de follows = 1264"
<br><br><br>object(stdClass)#67 (2) {
  ["id"]=>
  string(5) "31325"
  ["login"]=>
  string(18) "neonprodutorapromo"
}
object(stdClass)#107 (2) {
  ["id"]=>
  string(5) "31326"
  ["login"]=>
  string(6) "djrat_"
}
object(stdClass)#67 (2) {
  ["id"]=>
  string(5) "31337"
  ["login"]=>
  string(23) "anderson_diego_oliveira"
}
string(19) "anacarlarodrigues19"
string(26) "Cantidad de follows = 3702"
<br><br><br>object(stdClass)#67 (2) {
  ["id"]=>
  string(5) "31346"
  ["login"]=>
  string(15) "siimoneepereira"
}
string(13) "jubart_design"
string(25) "Cantidad de follows = 445"
<br><br><br>string(19) "bellkeyprofessional"
string(26) "Cantidad de follows = 1582"
<br><br><br>string(8) "ealine._"
string(26) "Cantidad de follows = 4605"
<br><br><br>string(8) "wheresje"
string(27) "Cantidad de follows = 70001"
<br><br><br>string(12) "ronyfgomesss"
string(26) "Cantidad de follows = 3155"
<br><br><br>string(16) "jhonatha_feitosa"
string(26) "Cantidad de follows = 1203"
<br><br><br>string(15) "blena.nathallya"
string(26) "Cantidad de follows = 1073"
<br><br><br>string(10) "edersonflx"
string(26) "Cantidad de follows = 7022"
<br><br><br>string(23) "tridorimpermebializacao"
string(24) "Cantidad de follows = 62"
<br><br><br>string(9) "jehdpires"
string(25) "Cantidad de follows = 796"
<br><br><br>string(18) "emagrecer_agora.br"
string(25) "Cantidad de follows = 389"
<br><br><br>string(9) "caio_luka"
string(25) "Cantidad de follows = 269"
<br><br><br>string(10) "brasil.anb"
string(25) "Cantidad de follows = 561"
<br><br><br>string(19) "jeanpiresfotografia"
string(25) "Cantidad de follows = 906"
<br><br><br>object(stdClass)#121 (2) {
  ["id"]=>
  string(5) "31483"
  ["login"]=>
  string(12) "canutoandree"
}
string(15) "charles_gsilvaa"
string(26) "Cantidad de follows = 1879"
<br><br><br>string(15) "theluccassantos"
string(26) "Cantidad de follows = 1071"
<br><br><br>string(16) "priscila_lopes12"
string(26) "Cantidad de follows = 1151"
<br><br><br>string(10) "biih_faith"
string(26) "Cantidad de follows = 1479"
<br><br><br>string(18) "leonardomonteiro00"
string(25) "Cantidad de follows = 889"
<br><br><br>string(17) "carlafagundesblog"
string(26) "Cantidad de follows = 6359"
<br><br><br>string(13) "aguedamaurien"
string(26) "Cantidad de follows = 2433"
<br><br><br>string(13) "casalavnturax"
string(25) "Cantidad de follows = 581"
<br><br><br>string(13) "pedrosagfteam"
string(26) "Cantidad de follows = 1872"
<br><br><br>string(9) "eusoudaro"
string(26) "Cantidad de follows = 1439"
<br><br><br>string(14) "caiquefregnani"
string(27) "Cantidad de follows = 10328"
<br><br><br>string(14) "heitorsoares.c"
string(26) "Cantidad de follows = 7335"
<br><br><br>string(21) "mulheres_que_se_amam_"
string(24) "Cantidad de follows = 68"
<br><br><br>string(17) "marco.suplementos"
string(26) "Cantidad de follows = 9783"
<br><br><br>string(8) "tetovivo"
string(26) "Cantidad de follows = 1801"
<br><br><br>string(8) "nery3540"
string(26) "Cantidad de follows = 1099"
<br><br><br>string(14) "andrewanderley"
string(26) "Cantidad de follows = 3188"
<br><br><br>string(9) "vitormc83"
string(25) "Cantidad de follows = 156"
<br><br><br>string(8) "_lsilvva"
string(26) "Cantidad de follows = 6280"
<br><br><br>string(17) "clube_das_gostosa"
string(25) "Cantidad de follows = 605"
<br><br><br>string(17) "esteticista_julia"
string(25) "Cantidad de follows = 587"
<br><br><br>string(10) "kauadellon"
string(25) "Cantidad de follows = 213"
<br><br><br>string(20) "divulgageraisoficial"
string(27) "Cantidad de follows = 20613"
<br><br><br>string(18) "dr.grimaldobicalho"
string(26) "Cantidad de follows = 1293"
<br><br><br>string(10) "rahfritzen"
string(26) "Cantidad de follows = 8999"
<br><br><br>string(13) "eiandrecanuto"
string(25) "Cantidad de follows = 657"
<br><br><br>string(10) "mariodj.uy"
string(26) "Cantidad de follows = 1627"
<br><br><br>\n<br>JOB DONE!!!<br>\n2018-10-04 07:53:38am