Worker Inited...!<br>
2018-10-16 07:00:01am<br>
Autenticated Client: alberto_dreyes <br>
<br>
Client 1 to status 1!!!<br>
Workable Referenc Profile: 6 <br>
<br>
<br>
Autenticated Client: opiniaoconservadora <br>
<br>
Client 59 to status 1!!!<br>
Workable Referenc Profile: 16 <br>
<br>
<br>
Autenticated Client: sibitecomunicacao <br>
<br>
Client 62 to status 1!!!<br>
Workable Referenc Profile: 0 <br>
<br>
Not reference profiles: sibitecomunicacao <br>
<br>
<br>
Autenticated Client: mo.taniguti <br>
<br>
Client 93 to status 1!!!<br>
Workable Referenc Profile: 1 <br>
<br>
<br>
 NOT Autenticated Client!!!: lily.s.alves <br>
<br>
Client 212 to status 3!!!int(17820)
<br>
 NOT Autenticated Client!!!: fragabar <br>
<br>
Client 3292 to status 3!!!int(17820)
<br>
 NOT Autenticated Client!!!: grazielialvess <br>
<br>
Client 7143 to status 3!!!int(17820)
<br>
Autenticated Client: dra_barbaravasconcelos <br>
<br>
Client 7638 to status 1!!!<br>
Workable Referenc Profile: 17 <br>
<br>
<br>
Autenticated Client: pollyruffini <br>
<br>
Client 9615 to status 1!!!<br>
Workable Referenc Profile: 4 <br>
<br>
<br>
 NOT Autenticated Client!!!: star_point <br>
<br>
Client 9735 to status 3!!!int(17820)
<br>
Autenticated Client: grandville_hoteis <br>
<br>
Client 10259 to status 1!!!<br>
Workable Referenc Profile: 6 <br>
<br>
<br>
 NOT Autenticated Client!!!: juliobaptistaoficial <br>
<br>
Client 11090 to status 3!!!int(17820)
<br>
 NOT Autenticated Client!!!: ateliermarielamoreira <br>
<br>
Client 11095 to status 3!!!int(17820)
<br>
 NOT Autenticated Client!!!: 365_indubai <br>
<br>
Client 11238 to status 3!!!int(17820)
<br>
Autenticated Client: vitoriaabritto <br>
<br>
Client 11331 to status 1!!!<br>
Workable Referenc Profile: 9 <br>
<br>
<br>
 NOT Autenticated Client!!!: lojaoperapc <br>
<br>
Client 11377 to status 3!!!int(17820)
<br>
 NOT Autenticated Client!!!: kstimportados <br>
<br>
Client 11465 to status 3!!!int(17820)
<br>
Autenticated Client: alinemarcovici <br>
<br>
Client 11546 to status 1!!!<br>
Workable Referenc Profile: 11 <br>
<br>
<br>
 NOT Autenticated Client!!!: draalinehsilva <br>
<br>
Client 11681 to status 3!!!int(17820)
<br>
 NOT Autenticated Client!!!: euclaracampos <br>
<br>
Client 11758 to status 3!!!int(17820)
<br>
Autenticated Client: thamaraelisa.tattoo <br>
<br>
Client 11762 to status 1!!!<br>
Workable Referenc Profile: 16 <br>
<br>
<br>
 NOT Autenticated Client!!!: davidkapper <br>
<br>
Client 11866 to status 3!!!int(17820)
<br>
 NOT Autenticated Client!!!: andreluiznardo <br>
<br>
Client 13747 to status 3!!!int(17820)
<br>
Autenticated Client: ela_andrea <br>
<br>
Client 14239 to status 1!!!<br>
Workable Referenc Profile: 18 <br>
<br>
<br>
 NOT Autenticated Client!!!: nafurtadocakes <br>
<br>
Client 14256 to status 3!!!int(17820)
<br>
 NOT Autenticated Client!!!: castrolautoservice <br>
<br>
Client 14746 to status 3!!!int(17820)
<br>
Autenticated Client: manu.mamaeaoquadrado <br>
<br>
Client 15024 to status 1!!!<br>
Workable Referenc Profile: 6 <br>
<br>
<br>
 NOT Autenticated Client!!!: pbpetti <br>
<br>
Client 15803 to status 3!!!int(17820)
<br>
 NOT Autenticated Client!!!: directdireito <br>
<br>
Client 16305 to status 3!!!int(17820)
<br>
 NOT Autenticated Client!!!: matheuspercut <br>
<br>
Client 16747 to status 3!!!int(17820)
<br>
 NOT Autenticated Client!!!: flavia_vdr <br>
<br>
Client 16749 to status 3!!!int(17820)
<br>
Autenticated Client: faleiroslaura <br>
<br>
Client 17011 to status 1!!!<br>
Workable Referenc Profile: 17 <br>
<br>
<br>
 NOT Autenticated Client!!!: dannysetudo <br>
<br>
Client 17362 to status 3!!!int(17820)
<br>
Autenticated Client: portodepiranhas <br>
<br>
Client 17484 to status 1!!!<br>
Workable Referenc Profile: 5 <br>
<br>
<br>
Autenticated Client: guil38 <br>
<br>
Client 17556 to status 1!!!<br>
Workable Referenc Profile: 6 <br>
<br>
<br>
Autenticated Client: jhoneheber <br>
<br>
Client 17760 to status 1!!!<br>
Workable Referenc Profile: 12 <br>
<br>
<br>
 NOT Autenticated Client!!!: sao_os_caipiras <br>
<br>
Client 17868 to status 3!!!int(17820)
<br>
Autenticated Client: leandrogarciadj <br>
<br>
Client 17901 to status 1!!!<br>
Workable Referenc Profile: 5 <br>
<br>
<br>
 NOT Autenticated Client!!!: carolinanortondematos <br>
<br>
Client 18089 to status 3!!!int(17820)
<br>
 NOT Autenticated Client!!!: ethianemarques <br>
<br>
Client 18129 to status 3!!!int(17820)
<br>
Autenticated Client: diegogoulartoficial <br>
<br>
Client 18517 to status 1!!!<br>
Workable Referenc Profile: 5 <br>
<br>
<br>
 NOT Autenticated Client!!!: blogdakeli <br>
<br>
Client 18645 to status 3!!!int(17820)
<br>
 NOT Autenticated Client!!!: willianabrito <br>
<br>
Client 18891 to status 3!!!int(17820)
<br>
 NOT Autenticated Client!!!: hustler.hc <br>
<br>
Client 19319 to status 3!!!int(17820)
<br>
 NOT Autenticated Client!!!: nati.fressato <br>
<br>
Client 19463 to status 3!!!int(17820)
<br>
 NOT Autenticated Client!!!: fuinha <br>
<br>
Client 19701 to status 3!!!int(17820)
<br>
 NOT Autenticated Client!!!: centerperfumaria <br>
<br>
Client 20065 to status 3!!!int(17820)
<br>
 NOT Autenticated Client!!!: pmelorocha <br>
<br>
Client 20102 to status 3!!!int(17820)
<br>
Autenticated Client: jb_alves_educador <br>
<br>
Client 20272 to status 1!!!<br>
Workable Referenc Profile: 6 <br>
<br>
<br>
 NOT Autenticated Client!!!: leonardosantosfotografia <br>
<br>
Client 20304 to status 3!!!int(17820)
<br>
Autenticated Client: maisonbiarro <br>
<br>
Client 20559 to status 1!!!<br>
Workable Referenc Profile: 7 <br>
<br>
<br>
Autenticated Client: iselamendozadec <br>
<br>
Client 20565 to status 1!!!<br>
Workable Referenc Profile: 4 <br>
<br>
<br>
 NOT Autenticated Client!!!: ricardoribeiro0013 <br>
<br>
Client 21368 to status 3!!!int(17820)
<br>
Autenticated Client: shoppingcasaedesign_ <br>
<br>
Client 21602 to status 1!!!<br>
Workable Referenc Profile: 15 <br>
<br>
<br>
Autenticated Client: embraconcondominios <br>
<br>
Client 21879 to status 1!!!<br>
Workable Referenc Profile: 6 <br>
<br>
<br>
Autenticated Client: _zero100 <br>
<br>
Client 22368 to status 1!!!<br>
Workable Referenc Profile: 4 <br>
<br>
<br>
Autenticated Client: pilotelton <br>
<br>
Client 22538 to status 1!!!<br>
Workable Referenc Profile: 6 <br>
<br>
<br>
 NOT Autenticated Client!!!: kevinlorenzorj <br>
<br>
Client 22672 to status 3!!!int(17820)
<br>
Autenticated Client: georgemuchuli <br>
<br>
Client 22725 to status 1!!!<br>
Workable Referenc Profile: 6 <br>
<br>
<br>
 NOT Autenticated Client!!!: 5000covers <br>
<br>
Client 22915 to status 3!!!int(17820)
<br>
 NOT Autenticated Client!!!: dl_beautysalon <br>
<br>
Client 23392 to status 3!!!int(17820)
<br>
Autenticated Client: canalsemjacar <br>
<br>
Client 23480 to status 1!!!<br>
Workable Referenc Profile: 13 <br>
<br>
<br>
 NOT Autenticated Client!!!: hiratabreno <br>
<br>
Client 23525 to status 3!!!int(17820)
<br>
 NOT Autenticated Client!!!: pacofishrd <br>
<br>
Client 24097 to status 3!!!int(17820)
<br>
 NOT Autenticated Client!!!: qualityhotelsd <br>
<br>
Client 24098 to status 3!!!int(17820)
<br>
 NOT Autenticated Client!!!: plagamba01 <br>
<br>
Client 24472 to status 3!!!int(17820)
<br>
 NOT Autenticated Client!!!: oscarcauchi <br>
<br>
Client 24518 to status 3!!!int(17820)
<br>
 NOT Autenticated Client!!!: entreomarealagoa <br>
<br>
Client 24854 to status 3!!!int(17820)
<br>
 NOT Autenticated Client!!!: studio4cinco <br>
<br>
Client 24992 to status 3!!!int(17820)
<br>
 NOT Autenticated Client!!!: fabriciofabre <br>
<br>
Client 25104 to status 3!!!int(17820)
<br>
 NOT Autenticated Client!!!: fioremixbr <br>
<br>
Client 25238 to status 3!!!int(17820)
<br>
 NOT Autenticated Client!!!: kevinvem <br>
<br>
Client 25260 to status 3!!!int(17820)
<br>
Autenticated Client: djallannatal <br>
<br>
Client 25268 to status 1!!!<br>
Workable Referenc Profile: 3 <br>
<br>
<br>
 NOT Autenticated Client!!!: polpasempreviva <br>
<br>
Client 25269 to status 3!!!int(17820)
<br>
 NOT Autenticated Client!!!: kessyaaa <br>
<br>
Client 25448 to status 3!!!int(17820)
<br>
 NOT Autenticated Client!!!: habner_martins <br>
<br>
Client 25571 to status 3!!!int(17820)
<br>
 NOT Autenticated Client!!!: fitnessuplementosoficial <br>
<br>
Client 25591 to status 3!!!int(17820)
<br>
 NOT Autenticated Client!!!: mayconbarroco <br>
<br>
Client 25768 to status 3!!!int(17820)
<br>
 NOT Autenticated Client!!!: caiocesar <br>
<br>
Client 25933 to status 3!!!int(17820)
<br>
Autenticated Client: casazunzun <br>
<br>
Client 26811 to status 1!!!<br>
Workable Referenc Profile: 2 <br>
<br>
<br>
 NOT Autenticated Client!!!: draraymedeiros <br>
<br>
Client 26812 to status 3!!!int(17820)
<br>
Autenticated Client: 4youdressing <br>
<br>
Client 27093 to status 1!!!<br>
Workable Referenc Profile: 0 <br>
<br>
Not reference profiles: 4youdressing <br>
<br>
<br>
 NOT Autenticated Client!!!: k123silva <br>
<br>
Client 27362 to status 3!!!int(17820)
<br>
 NOT Autenticated Client!!!: bombeefsantos <br>
<br>
Client 27437 to status 3!!!int(17820)
<br>
Autenticated Client: parvathi_brasil <br>
<br>
Client 27529 to status 1!!!<br>
Workable Referenc Profile: 12 <br>
<br>
<br>
Autenticated Client: talincas <br>
<br>
Client 27549 to status 1!!!<br>
Workable Referenc Profile: 5 <br>
<br>
<br>
 NOT Autenticated Client!!!: bakwarabrasil <br>
<br>
Client 27584 to status 3!!!int(17820)
<br>
Autenticated Client: carlabarcellosjoias <br>
<br>
Client 27586 to status 1!!!<br>
Workable Referenc Profile: 6 <br>
<br>
<br>
 NOT Autenticated Client!!!: rogiacomello <br>
<br>
Client 27654 to status 3!!!int(17820)
<br>
Autenticated Client: miocheoficial <br>
<br>
Client 27726 to status 1!!!<br>
Workable Referenc Profile: 6 <br>
<br>
<br>
Autenticated Client: daylipadron <br>
<br>
Client 27733 to status 1!!!<br>
Workable Referenc Profile: 5 <br>
<br>
<br>
Autenticated Client: naraabreuu <br>
<br>
Client 27750 to status 1!!!<br>
Workable Referenc Profile: 6 <br>
<br>
<br>
 NOT Autenticated Client!!!: maxpremiumjeans <br>
<br>
Client 27813 to status 3!!!int(17820)
<br>
Autenticated Client: bruna.fb <br>
<br>
Client 27843 to status 1!!!<br>
Workable Referenc Profile: 6 <br>
<br>
<br>
 NOT Autenticated Client!!!: na_cara_do_gol <br>
<br>
Client 27896 to status 3!!!int(17820)
<br>
Autenticated Client: dankana_dk <br>
<br>
Client 28022 to status 1!!!<br>
Workable Referenc Profile: 6 <br>
<br>
<br>
Autenticated Client: ferefacrochet <br>
<br>
Client 28098 to status 1!!!<br>
Workable Referenc Profile: 12 <br>
<br>
<br>
Autenticated Client: nr_mini <br>
<br>
Client 28105 to status 1!!!<br>
Workable Referenc Profile: 6 <br>
<br>
<br>
Autenticated Client: mariaclaraguimaraes1 <br>
<br>
Client 28414 to status 1!!!<br>
Workable Referenc Profile: 8 <br>
<br>
<br>
 NOT Autenticated Client!!!: drdanilopelegrino <br>
<br>
Client 28460 to status 3!!!int(17820)
<br>
Autenticated Client: ky2oficial <br>
<br>
Client 28493 to status 1!!!<br>
Workable Referenc Profile: 0 <br>
<br>
Not reference profiles: ky2oficial <br>
<br>
<br>
 NOT Autenticated Client!!!: bindanvm <br>
<br>
Client 28536 to status 3!!!int(17820)
<br>
 NOT Autenticated Client!!!: vida_sol_e_mar_ecoresort <br>
<br>
Client 28576 to status 3!!!int(17820)
<br>
 NOT Autenticated Client!!!: aco_brasil <br>
<br>
Client 28577 to status 3!!!int(17820)
<br>
 NOT Autenticated Client!!!: desafioadois2 <br>
<br>
Client 28591 to status 3!!!int(17820)
<br>
Autenticated Client: karbofitness <br>
<br>
Client 28614 to status 1!!!<br>
Workable Referenc Profile: 17 <br>
<br>
<br>
 NOT Autenticated Client!!!: pretta_araujo <br>
<br>
Client 28680 to status 3!!!int(17820)
<br>
 NOT Autenticated Client!!!: pausetakeabreak <br>
<br>
Client 28707 to status 3!!!int(17820)
<br>
 NOT Autenticated Client!!!: pp_eventos <br>
<br>
Client 28751 to status 3!!!int(17820)
<br>
Autenticated Client: stopscapautomotivo <br>
<br>
Client 28844 to status 1!!!<br>
Workable Referenc Profile: 7 <br>
<br>
<br>
Autenticated Client: hypinosemodaoficial <br>
<br>
Client 28915 to status 1!!!<br>
Workable Referenc Profile: 18 <br>
<br>
<br>
Autenticated Client: annamaya_arquitetura <br>
<br>
Client 28994 to status 1!!!<br>
Workable Referenc Profile: 17 <br>
<br>
<br>
Autenticated Client: 1kgdobom <br>
<br>
Client 28995 to status 1!!!<br>
Workable Referenc Profile: 4 <br>
<br>
<br>
Autenticated Client: livre.digital <br>
<br>
Client 28996 to status 1!!!<br>
Workable Referenc Profile: 15 <br>
<br>
<br>
Autenticated Client: rhuanpenaforte <br>
<br>
Client 29001 to status 1!!!<br>
Workable Referenc Profile: 6 <br>
<br>
<br>
 NOT Autenticated Client!!!: felippeturtransportes <br>
<br>
Client 29007 to status 3!!!int(17820)
<br>
Autenticated Client: pampodelivery <br>
<br>
Client 29023 to status 1!!!<br>
Workable Referenc Profile: 13 <br>
<br>
<br>
 NOT Autenticated Client!!!: txcambioeturismo_rio <br>
<br>
Client 29025 to status 3!!!int(17820)
<br>
 NOT Autenticated Client!!!: riveauxmerino <br>
<br>
Client 29037 to status 3!!!int(17820)
<br>
 NOT Autenticated Client!!!: brechoandreaventuro <br>
<br>
Client 29068 to status 3!!!int(17820)
<br>
Autenticated Client: guarapuvu <br>
<br>
Client 29138 to status 1!!!<br>
Workable Referenc Profile: 4 <br>
<br>
<br>
Autenticated Client: vitormagnusss <br>
<br>
Client 29183 to status 1!!!<br>
Workable Referenc Profile: 12 <br>
<br>
<br>
Autenticated Client: felippetur <br>
<br>
Client 29277 to status 1!!!<br>
Workable Referenc Profile: 18 <br>
<br>
<br>
Autenticated Client: naotolendoisso <br>
<br>
Client 29305 to status 1!!!<br>
Workable Referenc Profile: 6 <br>
<br>
<br>
 NOT Autenticated Client!!!: elizabet.agent <br>
<br>
Client 29306 to status 3!!!int(17820)
<br>
Autenticated Client: joannaa_aguiar <br>
<br>
Client 29347 to status 1!!!<br>
Workable Referenc Profile: 12 <br>
<br>
<br>
 NOT Autenticated Client!!!: ghanabranding <br>
<br>
Client 29419 to status 3!!!int(17820)
<br>
 NOT Autenticated Client!!!: oficialwinnieamaral <br>
<br>
Client 29446 to status 3!!!int(17820)
<br>
Autenticated Client: meempreenda <br>
<br>
Client 29462 to status 1!!!<br>
Workable Referenc Profile: 5 <br>
<br>
<br>
 NOT Autenticated Client!!!: karinelisuzan <br>
<br>
Client 29487 to status 3!!!int(17820)
<br>
 NOT Autenticated Client!!!: allbotequipamentos <br>
<br>
Client 29507 to status 3!!!int(17820)
<br>
Autenticated Client: dhougie_ <br>
<br>
Client 29541 to status 1!!!<br>
Workable Referenc Profile: 6 <br>
<br>
<br>
Autenticated Client: grafianafoto <br>
<br>
Client 29570 to status 1!!!<br>
Workable Referenc Profile: 13 <br>
<br>
<br>
 NOT Autenticated Client!!!: thespacetimeripples <br>
<br>
Client 29593 to status 3!!!int(17820)
<br>
 NOT Autenticated Client!!!: rubia_martinss <br>
<br>
Client 29598 to status 3!!!int(17820)
<br>
 NOT Autenticated Client!!!: emporiodifiori <br>
<br>
Client 29628 to status 3!!!int(17820)
<br>
Autenticated Client: viajandonaarquitetura <br>
<br>
Client 29663 to status 1!!!<br>
Workable Referenc Profile: 14 <br>
<br>
<br>
 NOT Autenticated Client!!!: chefeeddy <br>
<br>
Client 29707 to status 3!!!int(17820)
<br>
Autenticated Client: thekingboy_ <br>
<br>
Client 29724 to status 1!!!<br>
Workable Referenc Profile: 5 <br>
<br>
<br>
 NOT Autenticated Client!!!: rique.silva <br>
<br>
Client 29761 to status 3!!!int(17820)
<br>
Autenticated Client: studying_the_secret <br>
<br>
Client 29788 to status 1!!!<br>
Workable Referenc Profile: 6 <br>
<br>
<br>
Autenticated Client: syflariluminacaoimport <br>
<br>
Client 29878 to status 1!!!<br>
Workable Referenc Profile: 6 <br>
<br>
<br>
Autenticated Client: alaskaclothingstore <br>
<br>
Client 29946 to status 1!!!<br>
Workable Referenc Profile: 5 <br>
<br>
<br>
 NOT Autenticated Client!!!: gkt_kickboxing <br>
<br>
Client 29947 to status 3!!!int(17820)
<br>
 NOT Autenticated Client!!!: blogdoarinos <br>
<br>
Client 29964 to status 3!!!int(17820)
<br>
Autenticated Client: leandroquelucifotografia <br>
<br>
Client 29968 to status 1!!!<br>
Workable Referenc Profile: 6 <br>
<br>
<br>
Autenticated Client: generalstorefitness <br>
<br>
Client 29969 to status 1!!!<br>
Workable Referenc Profile: 18 <br>
<br>
<br>
 NOT Autenticated Client!!!: ginetom_rodrigues <br>
<br>
Client 29984 to status 3!!!int(17820)
<br>
Autenticated Client: diegocamargotattoo <br>
<br>
Client 30041 to status 1!!!<br>
Workable Referenc Profile: 18 <br>
<br>
<br>
 NOT Autenticated Client!!!: _brokerst <br>
<br>
Client 30074 to status 3!!!int(17820)
<br>
Autenticated Client: lifeprojectone <br>
<br>
Client 30080 to status 1!!!<br>
Workable Referenc Profile: 17 <br>
<br>
<br>
 NOT Autenticated Client!!!: disfranco.motors <br>
<br>
Client 30118 to status 3!!!int(17820)
<br>
 NOT Autenticated Client!!!: bruruschel <br>
<br>
Client 30136 to status 3!!!int(17820)
<br>
Autenticated Client: rikdelucca <br>
<br>
Client 30194 to status 1!!!<br>
Workable Referenc Profile: 6 <br>
<br>
<br>
 NOT Autenticated Client!!!: hueskerbrasil <br>
<br>
Client 30226 to status 3!!!int(17820)
<br>
 NOT Autenticated Client!!!: rodrigoranchodascabras <br>
<br>
Client 30227 to status 3!!!int(17820)
<br>
Autenticated Client: camilla.franklin <br>
<br>
Client 30233 to status 1!!!<br>
Workable Referenc Profile: 6 <br>
<br>
<br>
Autenticated Client: meuprojeto.fit <br>
<br>
Client 30272 to status 1!!!<br>
Workable Referenc Profile: 18 <br>
<br>
<br>
 NOT Autenticated Client!!!: nandokounat <br>
<br>
Client 30315 to status 3!!!int(17820)
<br>
 NOT Autenticated Client!!!: julio_sosa_imoveis <br>
<br>
Client 30333 to status 3!!!int(17820)
<br>
 NOT Autenticated Client!!!: _lrnnym <br>
<br>
Client 30380 to status 3!!!int(17820)
<br>
 NOT Autenticated Client!!!: festivalnovomundo <br>
<br>
Client 30381 to status 3!!!int(17820)
<br>
 NOT Autenticated Client!!!: emporiodapapinhasantoandre <br>
<br>
Client 30518 to status 3!!!int(17820)
<br>
Autenticated Client: noahestetica <br>
<br>
Client 30567 to status 1!!!<br>
Workable Referenc Profile: 12 <br>
<br>
<br>
Autenticated Client: casadovaz <br>
<br>
Client 30577 to status 1!!!<br>
Workable Referenc Profile: 11 <br>
<br>
<br>
 NOT Autenticated Client!!!: arena7bh <br>
<br>
Client 30579 to status 3!!!int(17820)
<br>
Autenticated Client: tamyparadorneptunia <br>
<br>
Client 30639 to status 1!!!<br>
Workable Referenc Profile: 18 <br>
<br>
<br>
 NOT Autenticated Client!!!: gabicoach <br>
<br>
Client 30646 to status 3!!!int(17820)
<br>
 NOT Autenticated Client!!!: crecleao <br>
<br>
Client 30650 to status 3!!!int(17820)
<br>
Autenticated Client: f1ciaimobiliaria <br>
<br>
Client 30671 to status 1!!!<br>
Workable Referenc Profile: 13 <br>
<br>
<br>
 NOT Autenticated Client!!!: mc2turismo <br>
<br>
Client 30694 to status 3!!!int(17820)
<br>
Autenticated Client: fredmunizrj <br>
<br>
Client 30712 to status 1!!!<br>
Workable Referenc Profile: 17 <br>
<br>
<br>
Autenticated Client: drasheilawatanabe <br>
<br>
Client 30723 to status 1!!!<br>
Workable Referenc Profile: 4 <br>
<br>
<br>
 NOT Autenticated Client!!!: creativapapelaria <br>
<br>
Client 30748 to status 3!!!int(17820)
<br>
Autenticated Client: victorperazzini <br>
<br>
Client 30837 to status 1!!!<br>
Workable Referenc Profile: 5 <br>
<br>
<br>
 NOT Autenticated Client!!!: fassegseguros <br>
<br>
Client 30866 to status 3!!!int(17820)
<br>
Autenticated Client: giovanni.consultor <br>
<br>
Client 30869 to status 1!!!<br>
Workable Referenc Profile: 15 <br>
<br>
<br>
Autenticated Client: coach.jorgeamorim <br>
<br>
Client 30870 to status 1!!!<br>
Workable Referenc Profile: 0 <br>
<br>
Not reference profiles: coach.jorgeamorim <br>
<br>
<br>
Autenticated Client: blessedmaemequer <br>
<br>
Client 30871 to status 1!!!<br>
Workable Referenc Profile: 17 <br>
<br>
<br>
Autenticated Client: dentistabruna <br>
<br>
Client 30873 to status 1!!!<br>
Workable Referenc Profile: 0 <br>
<br>
Not reference profiles: dentistabruna <br>
<br>
<br>
 NOT Autenticated Client!!!: chicomorais <br>
<br>
Client 30874 to status 3!!!int(17820)
<br>
Autenticated Client: ehpralaqueeuvou <br>
<br>
Client 30923 to status 1!!!<br>
Workable Referenc Profile: 15 <br>
<br>
<br>
Autenticated Client: douglasvwalker <br>
<br>
Client 30933 to status 1!!!<br>
Workable Referenc Profile: 10 <br>
<br>
<br>
Autenticated Client: brunoalvarez.1 <br>
<br>
Client 30995 to status 1!!!<br>
Workable Referenc Profile: 12 <br>
<br>
<br>
 NOT Autenticated Client!!!: 1989closet <br>
<br>
Client 31003 to status 3!!!int(17820)
<br>
 NOT Autenticated Client!!!: jumota_decor <br>
<br>
Client 31017 to status 3!!!int(17820)
<br>
Autenticated Client: priscilaaparecidasantoss <br>
<br>
Client 31076 to status 1!!!<br>
Workable Referenc Profile: 3 <br>
<br>
<br>
Autenticated Client: kasamor_store <br>
<br>
Client 31085 to status 1!!!<br>
Workable Referenc Profile: 11 <br>
<br>
<br>
 NOT Autenticated Client!!!: alexrssp12 <br>
<br>
Client 31093 to status 3!!!int(17820)
<br>
Autenticated Client: silvio.cesarjr <br>
<br>
Client 31094 to status 1!!!<br>
Workable Referenc Profile: 0 <br>
<br>
Not reference profiles: silvio.cesarjr <br>
<br>
<br>
Autenticated Client: levis_tudouu <br>
<br>
Client 31097 to status 1!!!<br>
Workable Referenc Profile: 6 <br>
<br>
<br>
Autenticated Client: amorefeoficial <br>
<br>
Client 31108 to status 1!!!<br>
Workable Referenc Profile: 3 <br>
<br>
<br>
 NOT Autenticated Client!!!: gomilkbrasil <br>
<br>
Client 31116 to status 3!!!int(17820)
<br>
 NOT Autenticated Client!!!: curyamin <br>
<br>
Client 31147 to status 3!!!int(17820)
<br>
Autenticated Client: robsonbarbosacoach <br>
<br>
Client 31170 to status 1!!!<br>
Workable Referenc Profile: 6 <br>
<br>
<br>
Autenticated Client: clinicaformighieri <br>
<br>
Client 31250 to status 1!!!<br>
Workable Referenc Profile: 10 <br>
<br>
<br>
 NOT Autenticated Client!!!: carloskpulling <br>
<br>
Client 31269 to status 3!!!int(17820)
<br>
Autenticated Client: oppaviajei <br>
<br>
Client 31272 to status 1!!!<br>
Workable Referenc Profile: 6 <br>
<br>
<br>
Autenticated Client: jubart_design <br>
<br>
Client 31359 to status 1!!!<br>
Workable Referenc Profile: 6 <br>
<br>
<br>
Autenticated Client: bellkeyprofessional <br>
<br>
Client 31370 to status 1!!!<br>
Workable Referenc Profile: 4 <br>
<br>
<br>
Autenticated Client: wheresje <br>
<br>
Client 31383 to status 1!!!<br>
Workable Referenc Profile: 6 <br>
<br>
<br>
 NOT Autenticated Client!!!: blena.nathallya <br>
<br>
Client 31421 to status 3!!!int(17820)
<br>
Autenticated Client: edersonflx <br>
<br>
Client 31433 to status 1!!!<br>
Workable Referenc Profile: 10 <br>
<br>
<br>
Autenticated Client: tridorimpermebializacao <br>
<br>
Client 31437 to status 1!!!<br>
Workable Referenc Profile: 16 <br>
<br>
<br>
 NOT Autenticated Client!!!: caio_luka <br>
<br>
Client 31472 to status 3!!!int(17820)
<br>
Autenticated Client: brasil.anb <br>
<br>
Client 31474 to status 1!!!<br>
Workable Referenc Profile: 17 <br>
<br>
<br>
Autenticated Client: jeanpiresfotografia <br>
<br>
Client 31476 to status 1!!!<br>
Workable Referenc Profile: 6 <br>
<br>
<br>
Autenticated Client: charles_gsilvaa <br>
<br>
Client 31484 to status 1!!!<br>
Workable Referenc Profile: 3 <br>
<br>
<br>
 NOT Autenticated Client!!!: carlafagundesblog <br>
<br>
Client 31537 to status 3!!!int(17820)
<br>
 NOT Autenticated Client!!!: aguedamaurien <br>
<br>
Client 31543 to status 3!!!int(17820)
<br>
 NOT Autenticated Client!!!: eusoudaro <br>
<br>
Client 31552 to status 3!!!int(17820)
<br>
Autenticated Client: caiquefregnani <br>
<br>
Client 31556 to status 1!!!<br>
Workable Referenc Profile: 6 <br>
<br>
<br>
Autenticated Client: mulheres_que_se_amam_ <br>
<br>
Client 31575 to status 1!!!<br>
Workable Referenc Profile: 0 <br>
<br>
Not reference profiles: mulheres_que_se_amam_ <br>
<br>
<br>
Autenticated Client: marco.suplementos <br>
<br>
Client 31576 to status 1!!!<br>
Workable Referenc Profile: 6 <br>
<br>
<br>
 NOT Autenticated Client!!!: tetovivo <br>
<br>
Client 31580 to status 3!!!int(17820)
<br>
Autenticated Client: andrewanderley <br>
<br>
Client 31600 to status 1!!!<br>
Workable Referenc Profile: 6 <br>
<br>
<br>
 NOT Autenticated Client!!!: _lsilvva <br>
<br>
Client 31629 to status 3!!!int(17820)
<br>
 NOT Autenticated Client!!!: kauadellon <br>
<br>
Client 31648 to status 3!!!int(17820)
<br>
Autenticated Client: glaubritooficial <br>
<br>
Client 31707 to status 1!!!<br>
Workable Referenc Profile: 6 <br>
<br>
<br>
Autenticated Client: filhoteeco <br>
<br>
Client 31755 to status 1!!!<br>
Workable Referenc Profile: 5 <br>
<br>
<br>
Autenticated Client: mr.andyarte <br>
<br>
Client 31800 to status 1!!!<br>
Workable Referenc Profile: 1 <br>
<br>
<br>
Autenticated Client: 401loungebar <br>
<br>
Client 31807 to status 1!!!<br>
Workable Referenc Profile: 14 <br>
<br>

<br>2018-10-16 07:14:31am

