Worker Inited...!<br>
2018-10-03 07:00:01am<br>
Autenticated Client: opiniaoconservadora <br>
<br>
Client 59 to status 1!!!<br>
Autenticated Client: sibitecomunicacao <br>
<br>
Client 62 to status 1!!!Not reference profiles: sibitecomunicacao <br>
<br>
<br>
Autenticated Client: mo.taniguti <br>
<br>
Client 93 to status 1!!!<br>
 NOT Autenticated Client!!!: lily.s.alves <br>
<br>
int(17807)
<br>
Autenticated Client: ma_luco <br>
<br>
Client 1567 to status 1!!!<br>
 NOT Autenticated Client!!!: fragabar <br>
<br>
int(17807)
<br>
 NOT Autenticated Client!!!: lorenaym <br>
<br>
int(17807)
<br>
 NOT Autenticated Client!!!: grazielialvess <br>
<br>
int(17807)
<br>
Autenticated Client: dra_barbaravasconcelos <br>
<br>
Client 7638 to status 1!!!<br>
Autenticated Client: comandantedochurrasco <br>
<br>
Client 8150 to status 1!!!<br>
 NOT Autenticated Client!!!: star_point <br>
<br>
int(17807)
<br>
Autenticated Client: grandville_hoteis <br>
<br>
Client 10259 to status 1!!!<br>
 NOT Autenticated Client!!!: juliobaptistaoficial <br>
<br>
int(17807)
<br>
 NOT Autenticated Client!!!: ateliermarielamoreira <br>
<br>
int(17807)
<br>
 NOT Autenticated Client!!!: 365_indubai <br>
<br>
int(17807)
<br>
 NOT Autenticated Client!!!: lojaoperapc <br>
<br>
int(17807)
<br>
 NOT Autenticated Client!!!: kstimportados <br>
<br>
int(17807)
<br>
Autenticated Client: maycowmontemor <br>
<br>
Client 11541 to status 1!!!<br>
Autenticated Client: alinemarcovici <br>
<br>
Client 11546 to status 1!!!<br>
Autenticated Client: thamaraelisa.tattoo <br>
<br>
Client 11762 to status 1!!!<br>
Autenticated Client: davidkapper <br>
<br>
Client 11866 to status 1!!!<br>
Autenticated Client: dra.raphabecker <br>
<br>
Client 13426 to status 1!!!<br>
Autenticated Client: andreluiznardo <br>
<br>
Client 13747 to status 1!!!<br>
Autenticated Client: nafurtadocakes <br>
<br>
Client 14256 to status 1!!!<br>
 NOT Autenticated Client!!!: castrolautoservice <br>
<br>
int(17807)
<br>
Autenticated Client: manu.mamaeaoquadrado <br>
<br>
Client 15024 to status 1!!!<br>
 NOT Autenticated Client!!!: odontowebschool <br>
<br>
int(17807)
<br>
Autenticated Client: jgiordanoo <br>
<br>
Client 15576 to status 1!!!<br>
 NOT Autenticated Client!!!: pbpetti <br>
<br>
int(17807)
<br>
Autenticated Client: andreiso <br>
<br>
Client 16227 to status 1!!!<br>
 NOT Autenticated Client!!!: directdireito <br>
<br>
int(17807)
<br>
Autenticated Client: lucianalauferofficial <br>
<br>
Client 16659 to status 1!!!<br>
 NOT Autenticated Client!!!: matheuspercut <br>
<br>
int(17807)
<br>
 NOT Autenticated Client!!!: flavia_vdr <br>
<br>
int(17807)
<br>
Autenticated Client: helder_del_monte <br>
<br>
Client 16902 to status 1!!!<br>
Autenticated Client: faleiroslaura <br>
<br>
Client 17011 to status 1!!!<br>
 NOT Autenticated Client!!!: dannysetudo <br>
<br>
int(17807)
<br>
Autenticated Client: guil38 <br>
<br>
Client 17556 to status 1!!!<br>
Autenticated Client: jhoneheber <br>
<br>
Client 17760 to status 1!!!<br>
Autenticated Client: acerickrj <br>
<br>
Client 17899 to status 1!!!<br>
Autenticated Client: leandrogarciadj <br>
<br>
Client 17901 to status 1!!!<br>
 NOT Autenticated Client!!!: carolinanortondematos <br>
<br>
int(17807)
<br>
 NOT Autenticated Client!!!: ethianemarques <br>
<br>
int(17807)
<br>
Autenticated Client: quarto_22 <br>
<br>
Client 18568 to status 1!!!<br>
 NOT Autenticated Client!!!: blogdakeli <br>
<br>
int(17807)
<br>
Autenticated Client: willianabrito <br>
<br>
Client 18891 to status 1!!!<br>
Autenticated Client: casalbioequilibrio <br>
<br>
Client 19101 to status 1!!!<br>
 NOT Autenticated Client!!!: fastfitsc <br>
<br>
int(17807)
<br>
 NOT Autenticated Client!!!: hustler.hc <br>
<br>
int(17807)
<br>
Autenticated Client: isarengel <br>
<br>
Client 19420 to status 1!!!<br>
 NOT Autenticated Client!!!: 7.mboots <br>
<br>
int(17807)
<br>
 NOT Autenticated Client!!!: nati.fressato <br>
<br>
int(17807)
<br>
 NOT Autenticated Client!!!: bysilviaschaefer <br>
<br>
int(17807)
<br>
 NOT Autenticated Client!!!: calcadospaubrasil <br>
<br>
int(17807)
<br>
 NOT Autenticated Client!!!: fuinha <br>
<br>
int(17807)
<br>
 NOT Autenticated Client!!!: kombi_krug <br>
<br>
int(17807)
<br>
Autenticated Client: pedrowilsonrodriguespimentel <br>
<br>
Client 19923 to status 1!!!Not reference profiles: pedrowilsonrodriguespimentel <br>
<br>
<br>
 NOT Autenticated Client!!!: centerperfumaria <br>
<br>
int(17807)
<br>
 NOT Autenticated Client!!!: leonardosantosfotografia <br>
<br>
int(17807)
<br>
Autenticated Client: maisonbiarro <br>
<br>
Client 20559 to status 1!!!<br>
 NOT Autenticated Client!!!: iselamendozadec <br>
<br>
Client 20565 to status 3!!!int(17807)
<br>
Autenticated Client: cadillacs.pastelaria <br>
<br>
Client 20818 to status 1!!!Not reference profiles: cadillacs.pastelaria <br>
<br>
<br>
 NOT Autenticated Client!!!: ricardoribeiro0013 <br>
<br>
int(17807)
<br>
Autenticated Client: camacariplazahotel <br>
<br>
Client 21407 to status 1!!!<br>
Autenticated Client: _telesgabriel <br>
<br>
Client 21480 to status 1!!!<br>
Autenticated Client: shoppingcasaedesign_ <br>
<br>
Client 21602 to status 1!!!<br>
Autenticated Client: embraconcondominios <br>
<br>
Client 21879 to status 1!!!<br>
Autenticated Client: pilotelton <br>
<br>
Client 22538 to status 1!!!<br>
 NOT Autenticated Client!!!: kevinlorenzorj <br>
<br>
int(17807)
<br>
Autenticated Client: georgemuchuli <br>
<br>
Client 22725 to status 1!!!<br>
 NOT Autenticated Client!!!: 5000covers <br>
<br>
int(17807)
<br>
 NOT Autenticated Client!!!: dl_beautysalon <br>
<br>
int(17807)
<br>
Autenticated Client: canalsemjacar <br>
<br>
Client 23480 to status 1!!!<br>
 NOT Autenticated Client!!!: hiratabreno <br>
<br>
int(17807)
<br>
 NOT Autenticated Client!!!: pacofishrd <br>
<br>
int(17807)
<br>
 NOT Autenticated Client!!!: qualityhotelsd <br>
<br>
int(17807)
<br>
 NOT Autenticated Client!!!: plagamba01 <br>
<br>
int(17807)
<br>
 NOT Autenticated Client!!!: oscarcauchi <br>
<br>
int(17807)
<br>
 NOT Autenticated Client!!!: entreomarealagoa <br>
<br>
int(17807)
<br>
 NOT Autenticated Client!!!: studio4cinco <br>
<br>
int(17807)
<br>
 NOT Autenticated Client!!!: fabriciofabre <br>
<br>
int(17807)
<br>
 NOT Autenticated Client!!!: kevinvem <br>
<br>
int(17807)
<br>
Autenticated Client: djallannatal <br>
<br>
Client 25268 to status 1!!!<br>
Autenticated Client: polpasempreviva <br>
<br>
Client 25269 to status 1!!!<br>
 NOT Autenticated Client!!!: kessyaaa <br>
<br>
int(17807)
<br>
 NOT Autenticated Client!!!: habner_martins <br>
<br>
int(17807)
<br>
 NOT Autenticated Client!!!: fitnessuplementosoficial <br>
<br>
int(17807)
<br>
 NOT Autenticated Client!!!: mayconbarroco <br>
<br>
int(17807)
<br>
 NOT Autenticated Client!!!: caiocesar <br>
<br>
int(17807)
<br>
Autenticated Client: casazunzun <br>
<br>
Client 26811 to status 1!!!<br>
 NOT Autenticated Client!!!: draraymedeiros <br>
<br>
int(17807)
<br>
Autenticated Client: 4youdressing <br>
<br>
Client 27093 to status 1!!!Not reference profiles: 4youdressing <br>
<br>
<br>
 NOT Autenticated Client!!!: draflaviasgavioli <br>
<br>
int(17807)
<br>
Autenticated Client: levis_tudou <br>
<br>
Client 27308 to status 1!!!<br>
 NOT Autenticated Client!!!: k123silva <br>
<br>
int(17807)
<br>
Autenticated Client: eco.noronha <br>
<br>
Client 27429 to status 1!!!<br>
 NOT Autenticated Client!!!: bombeefsantos <br>
<br>
int(17807)
<br>
Autenticated Client: parvathi_brasil <br>
<br>
Client 27529 to status 1!!!<br>
Autenticated Client: talincas <br>
<br>
Client 27549 to status 1!!!<br>
 NOT Autenticated Client!!!: bakwarabrasil <br>
<br>
int(17807)
<br>
Autenticated Client: carlabarcellosjoias <br>
<br>
Client 27586 to status 1!!!<br>
 NOT Autenticated Client!!!: aafrodite.store <br>
<br>
int(17807)
<br>
 NOT Autenticated Client!!!: rogiacomello <br>
<br>
int(17807)
<br>
 NOT Autenticated Client!!!: solvebrazil <br>
<br>
int(17807)
<br>
Autenticated Client: miocheoficial <br>
<br>
Client 27726 to status 1!!!<br>
Autenticated Client: daylipadron <br>
<br>
Client 27733 to status 1!!!<br>
Autenticated Client: capimlimaomga <br>
<br>
Client 27797 to status 1!!!<br>
 NOT Autenticated Client!!!: maxpremiumjeans <br>
<br>
int(17807)
<br>
Autenticated Client: bruna.fb <br>
<br>
Client 27843 to status 1!!!<br>
 NOT Autenticated Client!!!: na_cara_do_gol <br>
<br>
int(17807)
<br>
Autenticated Client: vivimaquiagem <br>
<br>
Client 28029 to status 1!!!<br>
 NOT Autenticated Client!!!: gardelmaroz <br>
<br>
int(17807)
<br>
 NOT Autenticated Client!!!: ola <br>
<br>
int(17807)
<br>
Autenticated Client: ferefacrochet <br>
<br>
Client 28098 to status 1!!!<br>
Autenticated Client: nr_mini <br>
<br>
Client 28105 to status 1!!!<br>
Autenticated Client: mariaclaraguimaraes1 <br>
<br>
Client 28414 to status 1!!!<br>
Autenticated Client: meirellesipc <br>
<br>
Client 28436 to status 1!!!<br>
 NOT Autenticated Client!!!: drdanilopelegrino <br>
<br>
int(17807)
<br>
Autenticated Client: ky2oficial <br>
<br>
Client 28493 to status 1!!!Not reference profiles: ky2oficial <br>
<br>
<br>
 NOT Autenticated Client!!!: bindanvm <br>
<br>
int(17807)
<br>
Autenticated Client: paesda_familia <br>
<br>
Client 28554 to status 1!!!<br>
Autenticated Client: vida_sol_e_mar_ecoresort <br>
<br>
Client 28576 to status 1!!!<br>
 NOT Autenticated Client!!!: aco_brasil <br>
<br>
int(17807)
<br>
Autenticated Client: desafioadois2 <br>
<br>
Client 28591 to status 1!!!<br>
Autenticated Client: karbofitness <br>
<br>
Client 28614 to status 1!!!<br>
Autenticated Client: neovita_fisioterapia <br>
<br>
Client 28668 to status 1!!!<br>
Autenticated Client: pretta_araujo <br>
<br>
Client 28680 to status 1!!!<br>
 NOT Autenticated Client!!!: pausetakeabreak <br>
<br>
int(17807)
<br>
Autenticated Client: quatro_maos <br>
<br>
Client 28712 to status 1!!!<br>
 NOT Autenticated Client!!!: dermatofarma <br>
<br>
int(17807)
<br>
Autenticated Client: hypinosemodaoficial <br>
<br>
Client 28915 to status 1!!!<br>
Autenticated Client: bunkersounds <br>
<br>
Client 28970 to status 1!!!<br>
Autenticated Client: annamaya_arquitetura <br>
<br>
Client 28994 to status 1!!!<br>
Autenticated Client: 1kgdobom <br>
<br>
Client 28995 to status 1!!!<br>
Autenticated Client: livre.digital <br>
<br>
Client 28996 to status 1!!!<br>
Autenticated Client: restaurantebario <br>
<br>
Client 29004 to status 1!!!<br>
Autenticated Client: pampodelivery <br>
<br>
Client 29023 to status 1!!!<br>
 NOT Autenticated Client!!!: txcambioeturismo_rio <br>
<br>
int(17807)
<br>
 NOT Autenticated Client!!!: riveauxmerino <br>
<br>
int(17807)
<br>
 NOT Autenticated Client!!!: brechoandreaventuro <br>
<br>
int(17807)
<br>
Autenticated Client: guarapuvu <br>
<br>
Client 29138 to status 1!!!Not reference profiles: guarapuvu <br>
<br>
<br>
Autenticated Client: ranchotalisma_mg <br>
<br>
Client 29171 to status 1!!!<br>
Autenticated Client: vitormagnusss <br>
<br>
Client 29183 to status 1!!!<br>
Autenticated Client: masseriniosteria <br>
<br>
Client 29253 to status 1!!!<br>
Autenticated Client: felippetur <br>
<br>
Client 29277 to status 1!!!<br>
 NOT Autenticated Client!!!: naotolendoisso <br>
<br>
Client 29305 to status 3!!!int(17807)
<br>
Autenticated Client: tropical.insurance <br>
<br>
Client 29306 to status 1!!!<br>
 NOT Autenticated Client!!!: elestore.rio <br>
<br>
int(17807)
<br>
Autenticated Client: joannaa_aguiar <br>
<br>
Client 29347 to status 1!!!<br>
Autenticated Client: psgacademyrecife <br>
<br>
Client 29365 to status 1!!!<br>
 NOT Autenticated Client!!!: ghanabranding <br>
<br>
Client 29419 to status 3!!!int(17807)
<br>
Autenticated Client: oficialwinnieamaral <br>
<br>
Client 29446 to status 1!!!<br>
Autenticated Client: meempreenda <br>
<br>
Client 29462 to status 1!!!<br>
Autenticated Client: karinelisuzan <br>
<br>
Client 29487 to status 1!!!<br>
Autenticated Client: allbotequipamentos <br>
<br>
Client 29507 to status 1!!!<br>
Autenticated Client: dhougie_ <br>
<br>
Client 29541 to status 1!!!<br>
Autenticated Client: andressamakeup_penteados <br>
<br>
Client 29549 to status 1!!!<br>
Autenticated Client: grafianafoto <br>
<br>
Client 29570 to status 1!!!<br>
Autenticated Client: thespacetimeripples <br>
<br>
Client 29593 to status 1!!!<br>
 NOT Autenticated Client!!!: rubia_martinss <br>
<br>
int(17807)
<br>
Autenticated Client: emporiodifiori <br>
<br>
Client 29628 to status 1!!!<br>
Autenticated Client: viajandonaarquitetura <br>
<br>
Client 29663 to status 1!!!<br>
Autenticated Client: doceriaanaester <br>
<br>
Client 29696 to status 1!!!<br>
 NOT Autenticated Client!!!: chefeeddy <br>
<br>
int(17807)
<br>
Autenticated Client: thekingboy_ <br>
<br>
Client 29724 to status 1!!!<br>
 NOT Autenticated Client!!!: rique.silva <br>
<br>
int(17807)
<br>
Autenticated Client: lojanowfitness <br>
<br>
Client 29768 to status 1!!!<br>
Autenticated Client: mapoiani <br>
<br>
Client 29784 to status 1!!!<br>
Autenticated Client: studying_the_secret <br>
<br>
Client 29788 to status 1!!!<br>
Autenticated Client: studiohairinternacional <br>
<br>
Client 29814 to status 1!!!<br>
Autenticated Client: djdavisantos <br>
<br>
Client 29863 to status 1!!!<br>
Autenticated Client: syflariluminacaoimport <br>
<br>
Client 29878 to status 1!!!<br>
 NOT Autenticated Client!!!: marciabotam <br>
<br>
int(17807)
<br>
 NOT Autenticated Client!!!: tclaranunes <br>
<br>
int(17807)
<br>
Autenticated Client: alaskaclothingstore <br>
<br>
Client 29946 to status 1!!!<br>
 NOT Autenticated Client!!!: blogdoarinos <br>
<br>
int(17807)
<br>
Autenticated Client: leandroquelucifotografia <br>
<br>
Client 29968 to status 1!!!<br>
Autenticated Client: generalstorefitness <br>
<br>
Client 29969 to status 1!!!<br>
Autenticated Client: ginetom_rodrigues <br>
<br>
Client 29984 to status 1!!!<br>
 NOT Autenticated Client!!!: hulkdutra <br>
<br>
int(17807)
<br>
Autenticated Client: diegocamargotattoo <br>
<br>
Client 30041 to status 1!!!<br>
Autenticated Client: eriosvaldodiniz <br>
<br>
Client 30064 to status 1!!!<br>
Autenticated Client: gustavo_ono <br>
<br>
Client 30070 to status 1!!!<br>
Autenticated Client: canilredbroncos <br>
<br>
Client 30071 to status 1!!!<br>
 NOT Autenticated Client!!!: _brokerst <br>
<br>
int(17807)
<br>
Autenticated Client: lifeprojectone <br>
<br>
Client 30080 to status 1!!!<br>
 NOT Autenticated Client!!!: bruruschel <br>
<br>
int(17807)
<br>
Autenticated Client: murilooc7 <br>
<br>
Client 30138 to status 1!!!<br>
 NOT Autenticated Client!!!: smokeseila <br>
<br>
int(17807)
<br>
Autenticated Client: rikdelucca <br>
<br>
Client 30194 to status 1!!!<br>
Autenticated Client: hueskerbrasil <br>
<br>
Client 30226 to status 1!!!<br>
 NOT Autenticated Client!!!: rodrigoranchodascabras <br>
<br>
int(17807)
<br>
Autenticated Client: camilla.franklin <br>
<br>
Client 30233 to status 1!!!<br>
Autenticated Client: meuprojeto.fit <br>
<br>
Client 30272 to status 1!!!<br>
Autenticated Client: julio_sosa_imoveis <br>
<br>
Client 30333 to status 1!!!<br>
Autenticated Client: canelihome <br>
<br>
Client 30347 to status 1!!!<br>
Autenticated Client: josergm86 <br>
<br>
Client 30359 to status 1!!!<br>
Autenticated Client: festivalnovomundo <br>
<br>
Client 30381 to status 1!!!<br>
Autenticated Client: linoamanda <br>
<br>
Client 30442 to status 1!!!<br>
 NOT Autenticated Client!!!: dul_fcy <br>
<br>
Client 30516 to status 3!!!int(17807)
<br>
 NOT Autenticated Client!!!: emporiodapapinhasantoandre <br>
<br>
int(17807)
<br>
Autenticated Client: karol_nunes00 <br>
<br>
Client 30534 to status 1!!!<br>
Autenticated Client: reidosmarestour <br>
<br>
Client 30536 to status 1!!!<br>
 NOT Autenticated Client!!!: ptrljeans <br>
<br>
int(17807)
<br>
 NOT Autenticated Client!!!: danilelah <br>
<br>
Client 30553 to status 3!!!int(17807)
<br>
Autenticated Client: noahestetica <br>
<br>
Client 30567 to status 1!!!<br>
Autenticated Client: casadovaz <br>
<br>
Client 30577 to status 1!!!<br>
Autenticated Client: arena7bh <br>
<br>
Client 30579 to status 1!!!<br>
 NOT Autenticated Client!!!: mathoficialbr <br>
<br>
int(17807)
<br>
Autenticated Client: jonatas.batistela <br>
<br>
Client 30583 to status 1!!!<br>
 NOT Autenticated Client!!!: itsredtv <br>
<br>
int(17807)
<br>
Autenticated Client: tamyparadorneptunia <br>
<br>
Client 30639 to status 1!!!<br>
 NOT Autenticated Client!!!: gabicoach <br>
<br>
int(17807)
<br>
 NOT Autenticated Client!!!: crecleao <br>
<br>
int(17807)
<br>
Autenticated Client: f1ciaimobiliaria <br>
<br>
Client 30671 to status 1!!!<br>
 NOT Autenticated Client!!!: mc2turismo <br>
<br>
Client 30694 to status 3!!!int(17807)
<br>
Autenticated Client: fredmunizrj <br>
<br>
Client 30712 to status 1!!!<br>
Autenticated Client: drasheilawatanabe <br>
<br>
Client 30723 to status 1!!!<br>
 NOT Autenticated Client!!!: creativapapelaria <br>
<br>
int(17807)
<br>
 NOT Autenticated Client!!!: tompsonr <br>
<br>
int(17807)
<br>
Autenticated Client: victorperazzini <br>
<br>
Client 30837 to status 1!!!<br>
Autenticated Client: alberto_test <br>
<br>
Client 30864 to status 1!!!<br>
Autenticated Client: fassegseguros <br>
<br>
Client 30866 to status 1!!!<br>
Autenticated Client: gigiiocb <br>
<br>
Client 30869 to status 1!!!<br>
Autenticated Client: coach.jorgeamorim <br>
<br>
Client 30870 to status 1!!!Not reference profiles: coach.jorgeamorim <br>
<br>
<br>
Autenticated Client: blessedmaemequer <br>
<br>
Client 30871 to status 1!!!<br>
Autenticated Client: dentistabruna <br>
<br>
Client 30873 to status 1!!!Not reference profiles: dentistabruna <br>
<br>
<br>
 NOT Autenticated Client!!!: chicomorais <br>
<br>
int(17807)
<br>
Autenticated Client: awereveillon <br>
<br>
Client 30875 to status 1!!!<br>
Autenticated Client: ehpralaqueeuvou <br>
<br>
Client 30923 to status 1!!!<br>
 NOT Autenticated Client!!!: douglasvaldeswalker <br>
<br>
int(17807)
<br>
Autenticated Client: dicarvejani <br>
<br>
Client 30973 to status 1!!!<br>
Autenticated Client: brunoalvarez.1 <br>
<br>
Client 30995 to status 1!!!<br>
Autenticated Client: 1989closet <br>
<br>
Client 31003 to status 1!!!<br>
Autenticated Client: jumota_decor <br>
<br>
Client 31017 to status 1!!!<br>
Autenticated Client: marmitinhaslight <br>
<br>
Client 31018 to status 1!!!<br>
 NOT Autenticated Client!!!: priscilaaparecidasantoss <br>
<br>
int(17807)
<br>
 NOT Autenticated Client!!!: kasamor_store <br>
<br>
int(17807)
<br>
 NOT Autenticated Client!!!: alexrssp12 <br>
<br>
int(17807)
<br>
Autenticated Client: silvio.cesarjr <br>
<br>
Client 31094 to status 1!!!Not reference profiles: silvio.cesarjr <br>
<br>
<br>
Autenticated Client: levis_tudouu <br>
<br>
Client 31097 to status 1!!!<br>
Autenticated Client: amorefeoficial <br>
<br>
Client 31108 to status 1!!!<br>
Autenticated Client: studioambientes <br>
<br>
Client 31112 to status 1!!!<br>
Autenticated Client: gomilkbrasil <br>
<br>
Client 31116 to status 1!!!<br>
Autenticated Client: gomed.digital <br>
<br>
Client 31124 to status 1!!!<br>
Autenticated Client: curyamin <br>
<br>
Client 31147 to status 1!!!<br>
Autenticated Client: medconsultingbrasil <br>
<br>
Client 31150 to status 1!!!<br>
Autenticated Client: voa_hati <br>
<br>
Client 31157 to status 1!!!<br>
Autenticated Client: robsonbarbosacoach <br>
<br>
Client 31170 to status 1!!!<br>
Autenticated Client: clinicaformighieri <br>
<br>
Client 31250 to status 1!!!<br>
Autenticated Client: carloskpulling <br>
<br>
Client 31269 to status 1!!!<br>
Autenticated Client: oppaviajei <br>
<br>
Client 31272 to status 1!!!<br>
Autenticated Client: bellkeyprofessional <br>
<br>
Client 31370 to status 1!!!<br>
Autenticated Client: wheresje <br>
<br>
Client 31383 to status 1!!!<br>
Autenticated Client: blena.nathallya <br>
<br>
Client 31421 to status 1!!!<br>
Autenticated Client: edersonflx <br>
<br>
Client 31433 to status 1!!!<br>
Autenticated Client: tridorimpermebializacao <br>
<br>
Client 31437 to status 1!!!<br>
 NOT Autenticated Client!!!: caio_luka <br>
<br>
int(17807)
<br>
Autenticated Client: brasil.anb <br>
<br>
Client 31474 to status 1!!!<br>
Autenticated Client: jeanpiresfotografia <br>
<br>
Client 31476 to status 1!!!<br>
Autenticated Client: charles_gsilvaa <br>
<br>
Client 31484 to status 1!!!<br>
 NOT Autenticated Client!!!: carlafagundesblog <br>
<br>
int(17807)
<br>
Autenticated Client: aguedamaurien <br>
<br>
Client 31543 to status 1!!!<br>
Autenticated Client: casalavnturax <br>
<br>
Client 31548 to status 1!!!<br>
Autenticated Client: eusoudaro <br>
<br>
Client 31552 to status 1!!!<br>
Autenticated Client: caiquefregnani <br>
<br>
Client 31556 to status 1!!!<br>
Autenticated Client: mulheres_que_se_amam_ <br>
<br>
Client 31575 to status 1!!!Not reference profiles: mulheres_que_se_amam_ <br>
<br>
<br>
Autenticated Client: marco.suplementos <br>
<br>
Client 31576 to status 1!!!<br>
 NOT Autenticated Client!!!: andrewanderley <br>
<br>
Client 31600 to status 3!!!int(17807)
<br>
 NOT Autenticated Client!!!: _lsilvva <br>
<br>
int(17807)
<br>
 NOT Autenticated Client!!!: esteticista_julia <br>
<br>
int(17807)
<br>
Autenticated Client: kauadellon <br>
<br>
Client 31648 to status 1!!!<br>
Autenticated Client: divulgageraisoficial <br>
<br>
Client 31654 to status 1!!!
<br>2018-10-03 07:17:38am

