UNFOLLOW Inited...!<br>
2018-10-19 08:00:01am<br>
<br>\nBEFORE:<br>\nsuamusicapersonalizada  |   2  |   604<br>
array(0) {
}
curl --proxy 'albertreye9917:3r4rcz0b1v@172.84.87.200:21254' 'https://www.instagram.com/graphql/query/?query_hash=ac38b90f0f3981c42092016a37c59bf7&variables=%7B%22id%22%3A%22220021938%22%2C%22first%22%3A10%2C%22after%22%3A%22%22%7D' -H 'Cookie: mid=WjK6zwABAAEVliX8-qF6_Tv0ipIE; sessionid=6491883043%3AKvUe40Hi35htVY%3A4; s_network=; ig_pr=1; ig_vw=1855; csrftoken=9hUzoUSLXm5ltTCXtwxuQXEbgUTHZNTP; ds_user_id=6491883043' -H 'X-CSRFToken: 9hUzoUSLXm5ltTCXtwxuQXEbgUTHZNTP' -H 'Origin: https://www.instagram.com' -H 'Accept-Encoding: gzip, deflate' -H 'Accept-Language: pt-BR,pt;q=0.8,en-US;q=0.6,en;q=0.4' -H 'User-Agent: Mozilla/5.0 (X11; Linux x86_64) AppleWebKit/537.36 (KHTML, like Gecko) Chrome/66.0.3359.139 Safari/537.36' -H 'X-Requested-with: XMLHttpRequest' -H 'content-type: application/x-www-form-urlencoded' -H 'Accept: */*' -H 'Referer: https://www.instagram.com/' -H 'Authority: www.instagram.com' --compressed array(0) {
}
curl --proxy 'albertreye9917:3r4rcz0b1v@172.84.87.200:21254' 'https://www.instagram.com/graphql/query/?query_hash=ac38b90f0f3981c42092016a37c59bf7&variables=%7B%22id%22%3A%22220021938%22%2C%22first%22%3A10%2C%22after%22%3A%22%22%7D' -H 'Cookie: mid=WjK6zwABAAEVliX8-qF6_Tv0ipIE; sessionid=6491883043%3AKvUe40Hi35htVY%3A4; s_network=; ig_pr=1; ig_vw=1855; csrftoken=9hUzoUSLXm5ltTCXtwxuQXEbgUTHZNTP; ds_user_id=6491883043' -H 'X-CSRFToken: 9hUzoUSLXm5ltTCXtwxuQXEbgUTHZNTP' -H 'Origin: https://www.instagram.com' -H 'Accept-Encoding: gzip, deflate' -H 'Accept-Language: pt-BR,pt;q=0.8,en-US;q=0.6,en;q=0.4' -H 'User-Agent: Mozilla/5.0 (X11; Linux x86_64) AppleWebKit/537.36 (KHTML, like Gecko) Chrome/66.0.3359.139 Safari/537.36' -H 'X-Requested-with: XMLHttpRequest' -H 'content-type: application/x-www-form-urlencoded' -H 'Accept: */*' -H 'Referer: https://www.instagram.com/' -H 'Authority: www.instagram.com' --compressed NOT AUTENTICATED!!!<br>
 DELETED FROM UNFOLLOW: suamusicapersonalizada (2) <br>
alicemelomakehair  |   3  |   6393<br>
array(0) {
}
curl --proxy 'albertreye9917:3r4rcz0b1v@207.188.155.18:21316' 'https://www.instagram.com/graphql/query/?query_hash=ac38b90f0f3981c42092016a37c59bf7&variables=%7B%22id%22%3A%22220021938%22%2C%22first%22%3A10%2C%22after%22%3A%22%22%7D' -H 'Cookie: mid=W0_QqQAEAAHgp92f2BWGjS67s2O1; sessionid=IGSC1d33be7d358e448b9feabe467b3427675fa808d66511bd9b31eb5903aef88269%3Agk8xEXHqYdnDDXdkkvwVXakYQx5kVY3n%3A%7B%22_auth_user_id%22%3A51380444%2C%22_auth_user_backend%22%3A%22accounts.backends.CaseInsensitiveModelBackend%22%2C%22_auth_user_hash%22%3A%22%22%2C%22_platform%22%3A4%2C%22_token_ver%22%3A2%2C%22_token%22%3A%2251380444%3AdKZihPCZxq0ICatOxFi8HVofhnnfZJm8%3Ae38965a45a76ac168d8fc3fdd1ba6f12fc8f833454b7d347d2a95429a4161462%22%2C%22last_refreshed%22%3A1531957452.9018301964%7D; s_network=; ig_pr=1; ig_vw=1855; csrftoken=ZM4rpTJBy7ZeQFWUJ5ZVIOxSadbOGMT1; ds_user_id=51380444' -H 'X-CSRFToken: ZM4rpTJBy7ZeQFWUJ5ZVIOxSadbOGMT1' -H 'Origin: https://www.instagram.com' -H 'Accept-Encoding: gzip, deflate' -H 'Accept-Language: pt-BR,pt;q=0.8,en-US;q=0.6,en;q=0.4' -H 'User-Agent: Mozilla/5.0 (X11; Linux x86_64) AppleWebKit/537.36 (KHTML, like Gecko) Chrome/66.0.3359.139 Safari/537.36' -H 'X-Requested-with: XMLHttpRequest' -H 'content-type: application/x-www-form-urlencoded' -H 'Accept: */*' -H 'Referer: https://www.instagram.com/' -H 'Authority: www.instagram.com' --compressed array(0) {
}
curl --proxy 'albertreye9917:3r4rcz0b1v@207.188.155.18:21316' 'https://www.instagram.com/graphql/query/?query_hash=ac38b90f0f3981c42092016a37c59bf7&variables=%7B%22id%22%3A%22220021938%22%2C%22first%22%3A10%2C%22after%22%3A%22%22%7D' -H 'Cookie: mid=W0_QqQAEAAHgp92f2BWGjS67s2O1; sessionid=IGSC1d33be7d358e448b9feabe467b3427675fa808d66511bd9b31eb5903aef88269%3Agk8xEXHqYdnDDXdkkvwVXakYQx5kVY3n%3A%7B%22_auth_user_id%22%3A51380444%2C%22_auth_user_backend%22%3A%22accounts.backends.CaseInsensitiveModelBackend%22%2C%22_auth_user_hash%22%3A%22%22%2C%22_platform%22%3A4%2C%22_token_ver%22%3A2%2C%22_token%22%3A%2251380444%3AdKZihPCZxq0ICatOxFi8HVofhnnfZJm8%3Ae38965a45a76ac168d8fc3fdd1ba6f12fc8f833454b7d347d2a95429a4161462%22%2C%22last_refreshed%22%3A1531957452.9018301964%7D; s_network=; ig_pr=1; ig_vw=1855; csrftoken=ZM4rpTJBy7ZeQFWUJ5ZVIOxSadbOGMT1; ds_user_id=51380444' -H 'X-CSRFToken: ZM4rpTJBy7ZeQFWUJ5ZVIOxSadbOGMT1' -H 'Origin: https://www.instagram.com' -H 'Accept-Encoding: gzip, deflate' -H 'Accept-Language: pt-BR,pt;q=0.8,en-US;q=0.6,en;q=0.4' -H 'User-Agent: Mozilla/5.0 (X11; Linux x86_64) AppleWebKit/537.36 (KHTML, like Gecko) Chrome/66.0.3359.139 Safari/537.36' -H 'X-Requested-with: XMLHttpRequest' -H 'content-type: application/x-www-form-urlencoded' -H 'Accept: */*' -H 'Referer: https://www.instagram.com/' -H 'Authority: www.instagram.com' --compressed NOT AUTENTICATED!!!<br>
 DELETED FROM UNFOLLOW: alicemelomakehair (3) <br>
academia_king_thai  |   4  |   5881<br>
NOT AUTENTICATED!!!<br>
 DELETED FROM UNFOLLOW: academia_king_thai (4) <br>
amaassessoria  |   4  |   678<br>
felippetur  |   4  |   6000<br>
stancefight  |   4  |   6784<br>
facamerirr  |   5  |   5287<br>
dioceliogoulart  |   5  |   6347<br>
<br>
Client: amaassessoria (4)   2018-10-19 08:00:50am<br>
object(stdClass)#584 (2) {
  ["data"]=>
  object(stdClass)#678 (1) {
    ["user"]=>
    object(stdClass)#583 (1) {
      ["edge_follow"]=>
      object(stdClass)#594 (3) {
        ["count"]=>
        int(765)
        ["page_info"]=>
        object(stdClass)#582 (2) {
          ["has_next_page"]=>
          bool(true)
          ["end_cursor"]=>
          string(120) "QVFDYjN2TjhzUmdaZmtNSkd2MU40a1ZvZzNBU1lhVEVZRVZwQ0h4bWRaNkYxRXdfSHJtRHdrTVczSmljN3FmNnZvc25DYjZzRy00M3AzUDRaY00taXVOSg=="
        }
        ["edges"]=>
        array(0) {
        }
      }
    }
  }
  ["status"]=>
  string(2) "ok"
}
<br>
 No nodes!!!!!!!!!!!!!!!!!!!!!!!!!!!!!!!!<br>
 \n<br> Count: 0\n<br><br>
Client: felippetur (4)   2018-10-19 08:00:50am<br>
object(stdClass)#540 (2) {
  ["data"]=>
  object(stdClass)#679 (1) {
    ["user"]=>
    object(stdClass)#527 (1) {
      ["edge_follow"]=>
      object(stdClass)#525 (3) {
        ["count"]=>
        int(4130)
        ["page_info"]=>
        object(stdClass)#537 (2) {
          ["has_next_page"]=>
          bool(true)
          ["end_cursor"]=>
          string(120) "QVFCeEROVXV1LWNEQ2djLVlhTkVJdm1kem02cHVfdHZVUU12LWhfTEFHcHlpa2RySm41SXF0dThJdTFpZUlibWpSenV0aDQ5VEhybHlhM3Fmbi11ZC1Zcw=="
        }
        ["edges"]=>
        array(0) {
        }
      }
    }
  }
  ["status"]=>
  string(2) "ok"
}
<br>
 No nodes!!!!!!!!!!!!!!!!!!!!!!!!!!!!!!!!<br>
 \n<br> Count: 0\n<br><br>
Client: stancefight (4)   2018-10-19 08:00:51am<br>
object(stdClass)#582 (2) {
  ["data"]=>
  object(stdClass)#594 (1) {
    ["user"]=>
    object(stdClass)#583 (1) {
      ["edge_follow"]=>
      object(stdClass)#584 (3) {
        ["count"]=>
        int(5985)
        ["page_info"]=>
        object(stdClass)#678 (2) {
          ["has_next_page"]=>
          bool(true)
          ["end_cursor"]=>
          string(120) "QVFBQlJxNXNhNTJvUHNCV2JkeXRCNm95WWYyOTJFRV9oX2l1dTgybTZuOHNYSXRucnU5V3FaRF9sejlJcmZEdE9oNnFQWnZlUFFfNzhzWVZzMDhrNW5pSg=="
        }
        ["edges"]=>
        array(0) {
        }
      }
    }
  }
  ["status"]=>
  string(2) "ok"
}
<br>
 No nodes!!!!!!!!!!!!!!!!!!!!!!!!!!!!!!!!<br>
 \n<br> Count: 0\n<br><br>
Client: facamerirr (5)   2018-10-19 08:00:51am<br>
object(stdClass)#537 (2) {
  ["data"]=>
  object(stdClass)#525 (1) {
    ["user"]=>
    object(stdClass)#527 (1) {
      ["edge_follow"]=>
      object(stdClass)#540 (3) {
        ["count"]=>
        int(4372)
        ["page_info"]=>
        object(stdClass)#679 (2) {
          ["has_next_page"]=>
          bool(true)
          ["end_cursor"]=>
          string(120) "QVFDVlREUENWdmNVbUdUbjZobzZWOVpQcDJyZ2RPZ3pxREZDLWp6U3VlUWJKNEJ3aDgwOXhQUjhicUFYekV5M0F4VVRaOHRpR19KMUNkdjY5Z0xnTGJCZA=="
        }
        ["edges"]=>
        array(0) {
        }
      }
    }
  }
  ["status"]=>
  string(2) "ok"
}
<br>
 No nodes!!!!!!!!!!!!!!!!!!!!!!!!!!!!!!!!<br>
 \n<br> Count: 0\n<br><br>
Client: dioceliogoulart (5)   2018-10-19 08:00:52am<br>
\n<br> Count: 12\n<br>Profil name: naianebonane<br>
object(stdClass)#537 (1) {
  ["status"]=>
  string(2) "ok"
}
<br>
Profil name: andreaeulalia23<br>
object(stdClass)#525 (1) {
  ["status"]=>
  string(2) "ok"
}
<br>
Profil name: carolinabrozinga<br>
object(stdClass)#537 (1) {
  ["status"]=>
  string(2) "ok"
}
<br>
Profil name: myh.dias<br>
object(stdClass)#525 (1) {
  ["status"]=>
  string(2) "ok"
}
<br>
Profil name: cristinarfonseca<br>
object(stdClass)#537 (1) {
  ["status"]=>
  string(2) "ok"
}
<br>
Profil name: julianaberberick<br>
object(stdClass)#525 (1) {
  ["status"]=>
  string(2) "ok"
}
<br>
Profil name: estevao.paulo<br>
object(stdClass)#537 (1) {
  ["status"]=>
  string(2) "ok"
}
<br>
Profil name: advocaciafamiliar_rr<br>
object(stdClass)#525 (1) {
  ["status"]=>
  string(2) "ok"
}
<br>
Profil name: mmrobertamm<br>
object(stdClass)#537 (1) {
  ["status"]=>
  string(2) "ok"
}
<br>
Profil name: katialanusa<br>
object(stdClass)#525 (1) {
  ["status"]=>
  string(2) "ok"
}
<br>
Profil name: camposdemesquita<br>
object(stdClass)#537 (1) {
  ["status"]=>
  string(2) "ok"
}
<br>
Profil name: nairavilela<br>
object(stdClass)#525 (1) {
  ["status"]=>
  string(2) "ok"
}
<br>
<br>
Client: amaassessoria (4)   2018-10-19 08:21:12am<br>
object(stdClass)#585 (2) {
  ["data"]=>
  object(stdClass)#679 (1) {
    ["user"]=>
    object(stdClass)#540 (1) {
      ["edge_follow"]=>
      object(stdClass)#537 (3) {
        ["count"]=>
        int(765)
        ["page_info"]=>
        object(stdClass)#527 (2) {
          ["has_next_page"]=>
          bool(true)
          ["end_cursor"]=>
          string(120) "QVFESEdLYVAxa09RTDREM1hyZ2FfZlh5RmdPbEdINmpLeFhwT1J2V3A0TWoyZklzcUJWNjM3NlFMLVVyYmNTbTU3WklMTG5fcnZfUVlQZTdhRUl1YUVUeA=="
        }
        ["edges"]=>
        array(0) {
        }
      }
    }
  }
  ["status"]=>
  string(2) "ok"
}
<br>
 No nodes!!!!!!!!!!!!!!!!!!!!!!!!!!!!!!!!<br>
 \n<br> Count: 0\n<br><br>
Client: felippetur (4)   2018-10-19 08:21:12am<br>
object(stdClass)#669 (2) {
  ["data"]=>
  object(stdClass)#546 (1) {
    ["user"]=>
    object(stdClass)#533 (1) {
      ["edge_follow"]=>
      object(stdClass)#670 (3) {
        ["count"]=>
        int(4130)
        ["page_info"]=>
        object(stdClass)#654 (2) {
          ["has_next_page"]=>
          bool(true)
          ["end_cursor"]=>
          string(120) "QVFCYm1rN0VJbEVrYnExNDJOMlgyTkhHekhIZjQ0dnRtLTZGaFFLY2Jock1mWjZhYzVVTXduNE9KTDRSTzZTczVJZGkyREZRbFhDbkk0ajFPZTVZUUl5Zw=="
        }
        ["edges"]=>
        array(0) {
        }
      }
    }
  }
  ["status"]=>
  string(2) "ok"
}
<br>
 No nodes!!!!!!!!!!!!!!!!!!!!!!!!!!!!!!!!<br>
 \n<br> Count: 0\n<br><br>
Client: stancefight (4)   2018-10-19 08:21:13am<br>
object(stdClass)#527 (2) {
  ["data"]=>
  object(stdClass)#537 (1) {
    ["user"]=>
    object(stdClass)#540 (1) {
      ["edge_follow"]=>
      object(stdClass)#585 (3) {
        ["count"]=>
        int(5985)
        ["page_info"]=>
        object(stdClass)#679 (2) {
          ["has_next_page"]=>
          bool(true)
          ["end_cursor"]=>
          string(120) "QVFBRGUwRkgxSHhWSnA1YWZhWEMyUmNtclpON05uTkViUXJJNDRtRFc0LVVUMG1QU0EyMjhNS2VHSVhPcUlYYmdMejladktzVWMtNHducWljbGRqaWZRLQ=="
        }
        ["edges"]=>
        array(0) {
        }
      }
    }
  }
  ["status"]=>
  string(2) "ok"
}
<br>
 No nodes!!!!!!!!!!!!!!!!!!!!!!!!!!!!!!!!<br>
 \n<br> Count: 0\n<br><br>
Client: facamerirr (5)   2018-10-19 08:21:14am<br>
object(stdClass)#654 (2) {
  ["data"]=>
  object(stdClass)#670 (1) {
    ["user"]=>
    object(stdClass)#533 (1) {
      ["edge_follow"]=>
      object(stdClass)#669 (3) {
        ["count"]=>
        int(4372)
        ["page_info"]=>
        object(stdClass)#546 (2) {
          ["has_next_page"]=>
          bool(true)
          ["end_cursor"]=>
          string(120) "QVFBRjV4SllKaWdCSFcwaWNJck53SnYwcExEcVVUejhVbjU2ZkRLQUctRUtuT0dRYmZ5dERHVVFRenhsWDJfSmN2M3BTS0pKY1RtbkVhWTNRdzExLURORw=="
        }
        ["edges"]=>
        array(0) {
        }
      }
    }
  }
  ["status"]=>
  string(2) "ok"
}
<br>
 No nodes!!!!!!!!!!!!!!!!!!!!!!!!!!!!!!!!<br>
 \n<br> Count: 0\n<br><br>
Client: dioceliogoulart (5)   2018-10-19 08:21:14am<br>
object(stdClass)#679 (2) {
  ["data"]=>
  object(stdClass)#585 (1) {
    ["user"]=>
    object(stdClass)#540 (1) {
      ["edge_follow"]=>
      object(stdClass)#527 (3) {
        ["count"]=>
        int(10)
        ["page_info"]=>
        object(stdClass)#537 (2) {
          ["has_next_page"]=>
          bool(true)
          ["end_cursor"]=>
          string(120) "QVFEOWFQOElLUUFYdndPTVl3b3AxbW1lVVNMREVRTnRRLWlXVHBmMW9jUTJERVNuWWt1RDlmLUZlZ2hxU3M4M1lnVDdKWFJNSkQ0NUVlcmJDUnU3MjRLbA=="
        }
        ["edges"]=>
        array(0) {
        }
      }
    }
  }
  ["status"]=>
  string(2) "ok"
}
<br>
 No nodes!!!!!!!!!!!!!!!!!!!!!!!!!!!!!!!!<br>
 \n<br> Count: 0\n<br><br>
Client: amaassessoria (4)   2018-10-19 08:41:15am<br>
object(stdClass)#546 (2) {
  ["data"]=>
  object(stdClass)#669 (1) {
    ["user"]=>
    object(stdClass)#533 (1) {
      ["edge_follow"]=>
      object(stdClass)#654 (3) {
        ["count"]=>
        int(765)
        ["page_info"]=>
        object(stdClass)#670 (2) {
          ["has_next_page"]=>
          bool(true)
          ["end_cursor"]=>
          string(120) "QVFCTlpIWmxGSjIyMHZrZ3kxUkdfS3FuYURENTVUbkR5ak8xeFdIY1k1cUQ0OVVjS0NPanFrV21WelBWdXRkYnR2R29QSXlBVGdPVzdyT0QxNF85ZVgyOA=="
        }
        ["edges"]=>
        array(0) {
        }
      }
    }
  }
  ["status"]=>
  string(2) "ok"
}
<br>
 No nodes!!!!!!!!!!!!!!!!!!!!!!!!!!!!!!!!<br>
 \n<br> Count: 0\n<br><br>
Client: felippetur (4)   2018-10-19 08:41:15am<br>
object(stdClass)#537 (2) {
  ["data"]=>
  object(stdClass)#527 (1) {
    ["user"]=>
    object(stdClass)#540 (1) {
      ["edge_follow"]=>
      object(stdClass)#679 (3) {
        ["count"]=>
        int(4130)
        ["page_info"]=>
        object(stdClass)#585 (2) {
          ["has_next_page"]=>
          bool(true)
          ["end_cursor"]=>
          string(120) "QVFBQzlMVGc1REJRbFVfNFZjR0VpUkdRM1VyWTFMNmt4bFdvUkE2clZLRWR0ZWFtVlRBX3ptanlEUmFuRVlQa3pwdmNSZmM3T2NhWW16cUN1bVBERjV4Sw=="
        }
        ["edges"]=>
        array(0) {
        }
      }
    }
  }
  ["status"]=>
  string(2) "ok"
}
<br>
 No nodes!!!!!!!!!!!!!!!!!!!!!!!!!!!!!!!!<br>
 \n<br> Count: 0\n<br><br>
Client: stancefight (4)   2018-10-19 08:41:16am<br>
object(stdClass)#670 (2) {
  ["data"]=>
  object(stdClass)#654 (1) {
    ["user"]=>
    object(stdClass)#533 (1) {
      ["edge_follow"]=>
      object(stdClass)#546 (3) {
        ["count"]=>
        int(5985)
        ["page_info"]=>
        object(stdClass)#669 (2) {
          ["has_next_page"]=>
          bool(true)
          ["end_cursor"]=>
          string(120) "QVFESWZkN05vT0lBc2M4TFduZWtCVUpqekZVZWpPeGRqWG9mZm5BWmw1Wk5oUEJqX2FhUFlIYXlOcjZDaXBhZG5FWFRoVVlrdEtWbGtxM2NVczRJZm5URw=="
        }
        ["edges"]=>
        array(0) {
        }
      }
    }
  }
  ["status"]=>
  string(2) "ok"
}
<br>
 No nodes!!!!!!!!!!!!!!!!!!!!!!!!!!!!!!!!<br>
 \n<br> Count: 0\n<br><br>
Client: facamerirr (5)   2018-10-19 08:41:16am<br>
object(stdClass)#585 (2) {
  ["data"]=>
  object(stdClass)#679 (1) {
    ["user"]=>
    object(stdClass)#540 (1) {
      ["edge_follow"]=>
      object(stdClass)#537 (3) {
        ["count"]=>
        int(4372)
        ["page_info"]=>
        object(stdClass)#527 (2) {
          ["has_next_page"]=>
          bool(true)
          ["end_cursor"]=>
          string(120) "QVFBdDNiZHhselV6cUxNNDI5VVgyRzhrcmRuQUd5YVp6bEtJandPVzhGbWM2c2dqVUhaRkdaNEhZMDFhMHBLWHlhMWZMWVJkUkZpckxlU1QtdWRUTjlmTQ=="
        }
        ["edges"]=>
        array(0) {
        }
      }
    }
  }
  ["status"]=>
  string(2) "ok"
}
<br>
 No nodes!!!!!!!!!!!!!!!!!!!!!!!!!!!!!!!!<br>
 \n<br> Count: 0\n<br><br>
Client: dioceliogoulart (5)   2018-10-19 08:41:16am<br>
object(stdClass)#669 (2) {
  ["data"]=>
  object(stdClass)#546 (1) {
    ["user"]=>
    object(stdClass)#533 (1) {
      ["edge_follow"]=>
      object(stdClass)#670 (3) {
        ["count"]=>
        int(10)
        ["page_info"]=>
        object(stdClass)#654 (2) {
          ["has_next_page"]=>
          bool(true)
          ["end_cursor"]=>
          string(120) "QVFCV3pPdWg3VEdtYmZCTWl4UXFpM19DN005TFlJejVnemxTVjZiM29IdVhlQXJfdWxJQ1JWX2dRQV9IbTZFZGxmdU9PVU14eWtGaGZ2SmVOTG5XX04taw=="
        }
        ["edges"]=>
        array(0) {
        }
      }
    }
  }
  ["status"]=>
  string(2) "ok"
}
<br>
 No nodes!!!!!!!!!!!!!!!!!!!!!!!!!!!!!!!!<br>
 \n<br> Count: 0\n<br><br>
Client: amaassessoria (4)   2018-10-19 09:01:17am<br>
object(stdClass)#527 (2) {
  ["data"]=>
  object(stdClass)#537 (1) {
    ["user"]=>
    object(stdClass)#540 (1) {
      ["edge_follow"]=>
      object(stdClass)#585 (3) {
        ["count"]=>
        int(765)
        ["page_info"]=>
        object(stdClass)#679 (2) {
          ["has_next_page"]=>
          bool(true)
          ["end_cursor"]=>
          string(120) "QVFCNHdkUnFhM1FXZHNaT1Foc1JERjVvVkV0MndkWVBSNjloSjBmVzdKZ0J6V2I3ZUt3M2k4czBYZ0pVdUdKalJ6TC1YLUFZVHNMSnR5UEpFNUh6N3NFaQ=="
        }
        ["edges"]=>
        array(0) {
        }
      }
    }
  }
  ["status"]=>
  string(2) "ok"
}
<br>
 No nodes!!!!!!!!!!!!!!!!!!!!!!!!!!!!!!!!<br>
 \n<br> Count: 0\n<br><br>
Client: felippetur (4)   2018-10-19 09:01:17am<br>
object(stdClass)#654 (2) {
  ["data"]=>
  object(stdClass)#670 (1) {
    ["user"]=>
    object(stdClass)#533 (1) {
      ["edge_follow"]=>
      object(stdClass)#669 (3) {
        ["count"]=>
        int(4130)
        ["page_info"]=>
        object(stdClass)#546 (2) {
          ["has_next_page"]=>
          bool(true)
          ["end_cursor"]=>
          string(120) "QVFCZkFUZ056SEhlN3FpVk55ZTdKR3BHeEdveTVXUVo5VmNtOEVBZDA2MV9zOFZqcXdXY1NSdndzN1pRcXZFVlBjSVVxSmltX1Nuc2N6V25ueW1xb3RBcQ=="
        }
        ["edges"]=>
        array(0) {
        }
      }
    }
  }
  ["status"]=>
  string(2) "ok"
}
<br>
 No nodes!!!!!!!!!!!!!!!!!!!!!!!!!!!!!!!!<br>
 \n<br> Count: 0\n<br><br>
Client: stancefight (4)   2018-10-19 09:01:18am<br>
object(stdClass)#679 (2) {
  ["data"]=>
  object(stdClass)#585 (1) {
    ["user"]=>
    object(stdClass)#540 (1) {
      ["edge_follow"]=>
      object(stdClass)#527 (3) {
        ["count"]=>
        int(5985)
        ["page_info"]=>
        object(stdClass)#537 (2) {
          ["has_next_page"]=>
          bool(true)
          ["end_cursor"]=>
          string(120) "QVFDV2NOQ0pHOVhUSkZkcFgzVGRhZ1ZZd3oyRkQ1cDV4QXNFb0tVUkxoMllBMFFaNE44aUltaEhEOWdoZXVUMDJqUnBTZGdiTjZ2TXZsQXVrOC1pRFRrUA=="
        }
        ["edges"]=>
        array(0) {
        }
      }
    }
  }
  ["status"]=>
  string(2) "ok"
}
<br>
 No nodes!!!!!!!!!!!!!!!!!!!!!!!!!!!!!!!!<br>
 \n<br> Count: 0\n<br><br>
Client: facamerirr (5)   2018-10-19 09:01:18am<br>
object(stdClass)#546 (2) {
  ["data"]=>
  object(stdClass)#669 (1) {
    ["user"]=>
    object(stdClass)#533 (1) {
      ["edge_follow"]=>
      object(stdClass)#654 (3) {
        ["count"]=>
        int(4372)
        ["page_info"]=>
        object(stdClass)#670 (2) {
          ["has_next_page"]=>
          bool(true)
          ["end_cursor"]=>
          string(120) "QVFCS3JwZC1HZ2lWZDNBdlpBNEtEd3JvUnBIbWJJSno3SEpzSkdQcnhwWF94MUJOU3dtSmVkQ2p0Z2IzM3ZGVmIzak5YVkRWdzVaYnMxeU1EWUJlQVp3MA=="
        }
        ["edges"]=>
        array(0) {
        }
      }
    }
  }
  ["status"]=>
  string(2) "ok"
}
<br>
 No nodes!!!!!!!!!!!!!!!!!!!!!!!!!!!!!!!!<br>
 \n<br> Count: 0\n<br><br>
Client: dioceliogoulart (5)   2018-10-19 09:01:19am<br>
object(stdClass)#537 (2) {
  ["data"]=>
  object(stdClass)#527 (1) {
    ["user"]=>
    object(stdClass)#540 (1) {
      ["edge_follow"]=>
      object(stdClass)#679 (3) {
        ["count"]=>
        int(10)
        ["page_info"]=>
        object(stdClass)#585 (2) {
          ["has_next_page"]=>
          bool(true)
          ["end_cursor"]=>
          string(120) "QVFEUkdmQVJhLWJGUTBYZTFvbDNkaEZ3dmoyVVZnVkg4d1Z6aU54QkxfZXZqYTMxN1FYUlFPVnU0WE1iczJfcHNicUFacnFwTXlHci1zTmhoRXRLcGI4LQ=="
        }
        ["edges"]=>
        array(0) {
        }
      }
    }
  }
  ["status"]=>
  string(2) "ok"
}
<br>
 No nodes!!!!!!!!!!!!!!!!!!!!!!!!!!!!!!!!<br>
 \n<br> Count: 0\n<br><br>
Client: amaassessoria (4)   2018-10-19 09:21:20am<br>
object(stdClass)#670 (2) {
  ["data"]=>
  object(stdClass)#654 (1) {
    ["user"]=>
    object(stdClass)#533 (1) {
      ["edge_follow"]=>
      object(stdClass)#546 (3) {
        ["count"]=>
        int(765)
        ["page_info"]=>
        object(stdClass)#669 (2) {
          ["has_next_page"]=>
          bool(true)
          ["end_cursor"]=>
          string(120) "QVFBaFRLMFBPQ2xYQ1ZaOUR2UTNGLXJQZXh0bDdxN2ZKR1VxVHFwWXhTVml2YnNUWFJzODVFcmdoVXJjMHFnU2tLd3F5SFZtdUo5OTR3ZTVIVWk2MGhJTw=="
        }
        ["edges"]=>
        array(0) {
        }
      }
    }
  }
  ["status"]=>
  string(2) "ok"
}
<br>
 No nodes!!!!!!!!!!!!!!!!!!!!!!!!!!!!!!!!<br>
 \n<br> Count: 0\n<br><br>
Client: felippetur (4)   2018-10-19 09:21:20am<br>
object(stdClass)#585 (2) {
  ["data"]=>
  object(stdClass)#679 (1) {
    ["user"]=>
    object(stdClass)#540 (1) {
      ["edge_follow"]=>
      object(stdClass)#537 (3) {
        ["count"]=>
        int(4130)
        ["page_info"]=>
        object(stdClass)#527 (2) {
          ["has_next_page"]=>
          bool(true)
          ["end_cursor"]=>
          string(120) "QVFCb2xSSnhKN0F6T3gzdXJGVWtTTDJXMHgyQ2dTRzhDMC1zRW1uTDlhLUFJZHg3RW5qTXBBZVRDWHYyTGlPT1pQVE9CdXBybnF3ZFBhUmhLRG1FM0U5Uw=="
        }
        ["edges"]=>
        array(0) {
        }
      }
    }
  }
  ["status"]=>
  string(2) "ok"
}
<br>
 No nodes!!!!!!!!!!!!!!!!!!!!!!!!!!!!!!!!<br>
 \n<br> Count: 0\n<br><br>
Client: stancefight (4)   2018-10-19 09:21:21am<br>
object(stdClass)#669 (2) {
  ["data"]=>
  object(stdClass)#546 (1) {
    ["user"]=>
    object(stdClass)#533 (1) {
      ["edge_follow"]=>
      object(stdClass)#670 (3) {
        ["count"]=>
        int(5985)
        ["page_info"]=>
        object(stdClass)#654 (2) {
          ["has_next_page"]=>
          bool(true)
          ["end_cursor"]=>
          string(120) "QVFEVkNTQUhnc2pNRmpOdGRQU0c0VTJYSm1CWnIyeGtVZHo2Snd3LXpaRUgxTW1vSDFSN1RDQWstZC1WM29YUjFLZDVDVWh5WHFHUXBQR1hkM3JndGxoSA=="
        }
        ["edges"]=>
        array(0) {
        }
      }
    }
  }
  ["status"]=>
  string(2) "ok"
}
<br>
 No nodes!!!!!!!!!!!!!!!!!!!!!!!!!!!!!!!!<br>
 \n<br> Count: 0\n<br><br>
Client: facamerirr (5)   2018-10-19 09:21:21am<br>
object(stdClass)#527 (2) {
  ["data"]=>
  object(stdClass)#537 (1) {
    ["user"]=>
    object(stdClass)#540 (1) {
      ["edge_follow"]=>
      object(stdClass)#585 (3) {
        ["count"]=>
        int(4372)
        ["page_info"]=>
        object(stdClass)#679 (2) {
          ["has_next_page"]=>
          bool(true)
          ["end_cursor"]=>
          string(120) "QVFBZlE0RnZtNktNXzd2dE1Cbm5hWE5ObFcxSVVTbW1yWU13TWRGSFByXzZOMWEzSVJGRUpGakVWRThnd1ZyaEZPNWxxR2Rnekw3NzhiVlVzVktWWklsVg=="
        }
        ["edges"]=>
        array(0) {
        }
      }
    }
  }
  ["status"]=>
  string(2) "ok"
}
<br>
 No nodes!!!!!!!!!!!!!!!!!!!!!!!!!!!!!!!!<br>
 \n<br> Count: 0\n<br><br>
Client: dioceliogoulart (5)   2018-10-19 09:21:21am<br>
object(stdClass)#654 (2) {
  ["data"]=>
  object(stdClass)#670 (1) {
    ["user"]=>
    object(stdClass)#533 (1) {
      ["edge_follow"]=>
      object(stdClass)#669 (3) {
        ["count"]=>
        int(10)
        ["page_info"]=>
        object(stdClass)#546 (2) {
          ["has_next_page"]=>
          bool(true)
          ["end_cursor"]=>
          string(120) "QVFDQzR4cnJHMmE0MnZtWmZHNTVCaUE2ZElvWWFzeUdhVHRIV250SVRqbHJ0UTNzOHhrU1VLMFViczdFNnlVMUdiTFNYVWdFRUhwVkhGRGh5cHRaSFlySA=="
        }
        ["edges"]=>
        array(0) {
        }
      }
    }
  }
  ["status"]=>
  string(2) "ok"
}
<br>
 No nodes!!!!!!!!!!!!!!!!!!!!!!!!!!!!!!!!<br>
 \n<br> Count: 0\n<br><br>
Client: amaassessoria (4)   2018-10-19 09:41:22am<br>
object(stdClass)#679 (2) {
  ["data"]=>
  object(stdClass)#585 (1) {
    ["user"]=>
    object(stdClass)#540 (1) {
      ["edge_follow"]=>
      object(stdClass)#527 (3) {
        ["count"]=>
        int(765)
        ["page_info"]=>
        object(stdClass)#537 (2) {
          ["has_next_page"]=>
          bool(true)
          ["end_cursor"]=>
          string(120) "QVFBdkpiN0xEZWJkNm5Ca3hTckp0ZmZlUFN6dkVLTjNacHhrLTh4YjU5LXRwMUZLSEdZM0hBemwxMVhzd08wY2xndDc0bDYtczhrenhXaEZZTDJ4N2lxaQ=="
        }
        ["edges"]=>
        array(0) {
        }
      }
    }
  }
  ["status"]=>
  string(2) "ok"
}
<br>
 No nodes!!!!!!!!!!!!!!!!!!!!!!!!!!!!!!!!<br>
 \n<br> Count: 0\n<br><br>
Client: felippetur (4)   2018-10-19 09:41:22am<br>
object(stdClass)#546 (2) {
  ["data"]=>
  object(stdClass)#669 (1) {
    ["user"]=>
    object(stdClass)#533 (1) {
      ["edge_follow"]=>
      object(stdClass)#654 (3) {
        ["count"]=>
        int(4130)
        ["page_info"]=>
        object(stdClass)#670 (2) {
          ["has_next_page"]=>
          bool(true)
          ["end_cursor"]=>
          string(120) "QVFDRnB2aHZUMk1pZm5RNzlXQ0dXb085a0xUQTlMZjNmaHNQcnl1eFlJVHUzVTZmZUh6Ujk1Z2dFNktpUEZRcTFBeU1EQjdDZUNucG8tanh2LUZZWW9FbA=="
        }
        ["edges"]=>
        array(0) {
        }
      }
    }
  }
  ["status"]=>
  string(2) "ok"
}
<br>
 No nodes!!!!!!!!!!!!!!!!!!!!!!!!!!!!!!!!<br>
 \n<br> Count: 0\n<br><br>
Client: stancefight (4)   2018-10-19 09:41:23am<br>
object(stdClass)#537 (2) {
  ["data"]=>
  object(stdClass)#527 (1) {
    ["user"]=>
    object(stdClass)#540 (1) {
      ["edge_follow"]=>
      object(stdClass)#679 (3) {
        ["count"]=>
        int(5985)
        ["page_info"]=>
        object(stdClass)#585 (2) {
          ["has_next_page"]=>
          bool(true)
          ["end_cursor"]=>
          string(120) "QVFETGNSUzE2WVJjYW50VjUtdDJFS0t2ZWlIVnNIYkZtamVDMGttTW12ZVlMZlFWY2FYd0tIUmVuVjUzUXppSVRydzJRUE8wcmNlU2UyaHA2LVhFZnNMeg=="
        }
        ["edges"]=>
        array(0) {
        }
      }
    }
  }
  ["status"]=>
  string(2) "ok"
}
<br>
 No nodes!!!!!!!!!!!!!!!!!!!!!!!!!!!!!!!!<br>
 \n<br> Count: 0\n<br><br>
Client: facamerirr (5)   2018-10-19 09:41:23am<br>
object(stdClass)#670 (2) {
  ["data"]=>
  object(stdClass)#654 (1) {
    ["user"]=>
    object(stdClass)#533 (1) {
      ["edge_follow"]=>
      object(stdClass)#546 (3) {
        ["count"]=>
        int(4372)
        ["page_info"]=>
        object(stdClass)#669 (2) {
          ["has_next_page"]=>
          bool(true)
          ["end_cursor"]=>
          string(120) "QVFEd1JoaHo0aWJDRFpkZ2J5ZEdELXppdFhDMU45NjVmeXZ2RDV4MUd5ZzZXVTB4RWl1TW85QjRlZ3dkN0lVdUExbXVaeEFPZDhzZFA4Z29QM25aS3Bpcg=="
        }
        ["edges"]=>
        array(0) {
        }
      }
    }
  }
  ["status"]=>
  string(2) "ok"
}
<br>
 No nodes!!!!!!!!!!!!!!!!!!!!!!!!!!!!!!!!<br>
 \n<br> Count: 0\n<br><br>
Client: dioceliogoulart (5)   2018-10-19 09:41:23am<br>
\n<br> Count: 1\n<br>Profil name: alan_cferreira<br>
object(stdClass)#532 (1) {
  ["status"]=>
  string(2) "ok"
}
<br>
<br>
Client: amaassessoria (4)   2018-10-19 10:01:25am<br>
object(stdClass)#546 (2) {
  ["data"]=>
  object(stdClass)#533 (1) {
    ["user"]=>
    object(stdClass)#654 (1) {
      ["edge_follow"]=>
      object(stdClass)#525 (3) {
        ["count"]=>
        int(765)
        ["page_info"]=>
        object(stdClass)#670 (2) {
          ["has_next_page"]=>
          bool(true)
          ["end_cursor"]=>
          string(120) "QVFBUjctNWxaLS1GdXJIX2FaeUJmUHpWV2tubmZ3b2xfY1k4STNMYVRNcFdyLThyalI2elA4TXgwcHBKSjRrTmFhOFF6QmVabG1RcVNYcUx6QnNBd3RPQg=="
        }
        ["edges"]=>
        array(0) {
        }
      }
    }
  }
  ["status"]=>
  string(2) "ok"
}
<br>
 No nodes!!!!!!!!!!!!!!!!!!!!!!!!!!!!!!!!<br>
 \n<br> Count: 0\n<br><br>
Client: felippetur (4)   2018-10-19 10:01:25am<br>
object(stdClass)#537 (2) {
  ["data"]=>
  object(stdClass)#585 (1) {
    ["user"]=>
    object(stdClass)#544 (1) {
      ["edge_follow"]=>
      object(stdClass)#679 (3) {
        ["count"]=>
        int(4130)
        ["page_info"]=>
        object(stdClass)#543 (2) {
          ["has_next_page"]=>
          bool(true)
          ["end_cursor"]=>
          string(120) "QVFBYzFROE16UDNJYzlETTdkNWgxUVFMaVJkd3VkVnZxTGRzMU0yV0hoTnozdVVhU0pUMW5SWTRsY3NrVHdjanV4di1CQ1h4SlFUTWJzNnJYRVltOUVkaw=="
        }
        ["edges"]=>
        array(0) {
        }
      }
    }
  }
  ["status"]=>
  string(2) "ok"
}
<br>
 No nodes!!!!!!!!!!!!!!!!!!!!!!!!!!!!!!!!<br>
 \n<br> Count: 0\n<br><br>
Client: stancefight (4)   2018-10-19 10:01:26am<br>
object(stdClass)#670 (2) {
  ["data"]=>
  object(stdClass)#525 (1) {
    ["user"]=>
    object(stdClass)#654 (1) {
      ["edge_follow"]=>
      object(stdClass)#546 (3) {
        ["count"]=>
        int(5985)
        ["page_info"]=>
        object(stdClass)#533 (2) {
          ["has_next_page"]=>
          bool(true)
          ["end_cursor"]=>
          string(120) "QVFBT3BjR3ZtN3JrbmZZUUdBMEo0RGV0VG04cF9wenFBeDQ5aWplN2E5bTFQT2JCbkJvWkpJRkg0aGVFVWRCX1BjWFZaa0xBUkRUa3pFemhtQW9KU0o2dg=="
        }
        ["edges"]=>
        array(0) {
        }
      }
    }
  }
  ["status"]=>
  string(2) "ok"
}
<br>
 No nodes!!!!!!!!!!!!!!!!!!!!!!!!!!!!!!!!<br>
 \n<br> Count: 0\n<br><br>
Client: facamerirr (5)   2018-10-19 10:01:26am<br>
object(stdClass)#543 (2) {
  ["data"]=>
  object(stdClass)#679 (1) {
    ["user"]=>
    object(stdClass)#544 (1) {
      ["edge_follow"]=>
      object(stdClass)#537 (3) {
        ["count"]=>
        int(4372)
        ["page_info"]=>
        object(stdClass)#585 (2) {
          ["has_next_page"]=>
          bool(true)
          ["end_cursor"]=>
          string(120) "QVFBN1pjaXktY2xVRE8xMWVWaFd3M2d0Sk5yRVZTdlJQRjhreEIwRy1zX1hRbmhVU1dNM1ktRkwyOGJWdzdJTHl3MU1sNk8teUp5VUZXdDl4VU04aVRpeA=="
        }
        ["edges"]=>
        array(0) {
        }
      }
    }
  }
  ["status"]=>
  string(2) "ok"
}
<br>
 No nodes!!!!!!!!!!!!!!!!!!!!!!!!!!!!!!!!<br>
 \n<br> Count: 0\n<br><br>
Client: dioceliogoulart (5)   2018-10-19 10:01:26am<br>
object(stdClass)#533 (2) {
  ["data"]=>
  object(stdClass)#546 (1) {
    ["user"]=>
    object(stdClass)#654 (1) {
      ["edge_follow"]=>
      object(stdClass)#670 (3) {
        ["count"]=>
        int(10)
        ["page_info"]=>
        object(stdClass)#525 (2) {
          ["has_next_page"]=>
          bool(true)
          ["end_cursor"]=>
          string(120) "QVFEdVBCYUZTS2JWcnpnS1hCWnhPQ2hKb25fRmNMMGJUMUlyWkw2SXpVT3VBVmdiYW4zT0ZickJCTlM5a3lTQ0tEcTJQanpibU9McnZQX2xKRlY0N0theA=="
        }
        ["edges"]=>
        array(0) {
        }
      }
    }
  }
  ["status"]=>
  string(2) "ok"
}
<br>
 No nodes!!!!!!!!!!!!!!!!!!!!!!!!!!!!!!!!<br>
 \n<br> Count: 0\n<br><br>
Client: amaassessoria (4)   2018-10-19 10:21:27am<br>
object(stdClass)#585 (2) {
  ["data"]=>
  object(stdClass)#537 (1) {
    ["user"]=>
    object(stdClass)#544 (1) {
      ["edge_follow"]=>
      object(stdClass)#543 (3) {
        ["count"]=>
        int(765)
        ["page_info"]=>
        object(stdClass)#679 (2) {
          ["has_next_page"]=>
          bool(true)
          ["end_cursor"]=>
          string(120) "QVFDT3o5cnRteGpoams0aXpocVhwRGJIYUxxSExRc1dObkFncHRCR21iaklQQ3R2S0lnb2tWVjFSNHExOEx4d19SbnFWOWxtSVZfbm5OSy1maW5wWUNreQ=="
        }
        ["edges"]=>
        array(0) {
        }
      }
    }
  }
  ["status"]=>
  string(2) "ok"
}
<br>
 No nodes!!!!!!!!!!!!!!!!!!!!!!!!!!!!!!!!<br>
 \n<br> Count: 0\n<br><br>
Client: felippetur (4)   2018-10-19 10:21:27am<br>
object(stdClass)#525 (2) {
  ["data"]=>
  object(stdClass)#670 (1) {
    ["user"]=>
    object(stdClass)#654 (1) {
      ["edge_follow"]=>
      object(stdClass)#533 (3) {
        ["count"]=>
        int(4130)
        ["page_info"]=>
        object(stdClass)#546 (2) {
          ["has_next_page"]=>
          bool(true)
          ["end_cursor"]=>
          string(120) "QVFEVDBUYkpDcm1CRlZpcm96OV9KbEdSdE1ySkFVeDFvbzN6X0pUblJPTTBKRTJiVFZaRjBCRGpaeUNyaU5CWlhBVE41NnFlckF2YWY1Q01rRXhxbUV6cg=="
        }
        ["edges"]=>
        array(0) {
        }
      }
    }
  }
  ["status"]=>
  string(2) "ok"
}
<br>
 No nodes!!!!!!!!!!!!!!!!!!!!!!!!!!!!!!!!<br>
 \n<br> Count: 0\n<br><br>
Client: stancefight (4)   2018-10-19 10:21:28am<br>
object(stdClass)#679 (2) {
  ["data"]=>
  object(stdClass)#543 (1) {
    ["user"]=>
    object(stdClass)#544 (1) {
      ["edge_follow"]=>
      object(stdClass)#585 (3) {
        ["count"]=>
        int(5985)
        ["page_info"]=>
        object(stdClass)#537 (2) {
          ["has_next_page"]=>
          bool(true)
          ["end_cursor"]=>
          string(120) "QVFBNGVqdUdzY2NMbk5wZDlhaDNuRFo0a0FpSUZ0a0ZodEVuZEhzbTN2YXdYNzNhZThReFcxdWhBNVZaVVFUNzNGbE05Y3hnRDdQZTdjMHk2MEJlZlpZcA=="
        }
        ["edges"]=>
        array(0) {
        }
      }
    }
  }
  ["status"]=>
  string(2) "ok"
}
<br>
 No nodes!!!!!!!!!!!!!!!!!!!!!!!!!!!!!!!!<br>
 \n<br> Count: 0\n<br><br>
Client: facamerirr (5)   2018-10-19 10:21:28am<br>
object(stdClass)#546 (2) {
  ["data"]=>
  object(stdClass)#533 (1) {
    ["user"]=>
    object(stdClass)#654 (1) {
      ["edge_follow"]=>
      object(stdClass)#525 (3) {
        ["count"]=>
        int(4372)
        ["page_info"]=>
        object(stdClass)#670 (2) {
          ["has_next_page"]=>
          bool(true)
          ["end_cursor"]=>
          string(120) "QVFDN0RXbzNhbGRJX2laaVVRR2h1alFXbXJlTlF6ZkJvZllQaTR6ZDJLZURfcURpRFVsdHkwemRKdGl3dmx2ZWg1Mk9rQkNxTHI2bC1Ld2RPTmJRR1BZdA=="
        }
        ["edges"]=>
        array(0) {
        }
      }
    }
  }
  ["status"]=>
  string(2) "ok"
}
<br>
 No nodes!!!!!!!!!!!!!!!!!!!!!!!!!!!!!!!!<br>
 \n<br> Count: 0\n<br><br>
Client: dioceliogoulart (5)   2018-10-19 10:21:29am<br>
object(stdClass)#537 (2) {
  ["data"]=>
  object(stdClass)#585 (1) {
    ["user"]=>
    object(stdClass)#544 (1) {
      ["edge_follow"]=>
      object(stdClass)#679 (3) {
        ["count"]=>
        int(10)
        ["page_info"]=>
        object(stdClass)#543 (2) {
          ["has_next_page"]=>
          bool(true)
          ["end_cursor"]=>
          string(120) "QVFDdk16U25CaTFMSmVvM0VBMDFzNy1zaC10V2pFMm9sNHRoWWFvMGNoLUJ0LVJBNnY0N1lZZVNBdmNxRElnTFRETU5xZ0JZZzV5WWluTjN6ZWIzRzloNg=="
        }
        ["edges"]=>
        array(0) {
        }
      }
    }
  }
  ["status"]=>
  string(2) "ok"
}
<br>
 No nodes!!!!!!!!!!!!!!!!!!!!!!!!!!!!!!!!<br>
 \n<br> Count: 0\n<br><br>
Client: amaassessoria (4)   2018-10-19 10:41:29am<br>
object(stdClass)#670 (2) {
  ["data"]=>
  object(stdClass)#525 (1) {
    ["user"]=>
    object(stdClass)#654 (1) {
      ["edge_follow"]=>
      object(stdClass)#546 (3) {
        ["count"]=>
        int(765)
        ["page_info"]=>
        object(stdClass)#533 (2) {
          ["has_next_page"]=>
          bool(true)
          ["end_cursor"]=>
          string(120) "QVFEbHhTbWg3elAtX1REMVhwZjhTMlBJbHVyTktab2Jvbjh5Qzh2dmN3V3BBaXBiLUxLUVE4cEJpdURpZk1OczVReENuZXZkb00xRERXSXlwYVRYZURBZw=="
        }
        ["edges"]=>
        array(0) {
        }
      }
    }
  }
  ["status"]=>
  string(2) "ok"
}
<br>
 No nodes!!!!!!!!!!!!!!!!!!!!!!!!!!!!!!!!<br>
 \n<br> Count: 0\n<br><br>
Client: felippetur (4)   2018-10-19 10:41:29am<br>
object(stdClass)#543 (2) {
  ["data"]=>
  object(stdClass)#679 (1) {
    ["user"]=>
    object(stdClass)#544 (1) {
      ["edge_follow"]=>
      object(stdClass)#537 (3) {
        ["count"]=>
        int(4130)
        ["page_info"]=>
        object(stdClass)#585 (2) {
          ["has_next_page"]=>
          bool(true)
          ["end_cursor"]=>
          string(120) "QVFEdnU3a1RuZnFIWXAxMno3ZlJtYW40aE9CVEZScHloYVBSbTZIdEw0SFYxUXZjdkZMRkZZV2trOGRmTV9TREQzNGRFcS1JeV9VUVVUYzR1TUZVWE1FVg=="
        }
        ["edges"]=>
        array(0) {
        }
      }
    }
  }
  ["status"]=>
  string(2) "ok"
}
<br>
 No nodes!!!!!!!!!!!!!!!!!!!!!!!!!!!!!!!!<br>
 \n<br> Count: 0\n<br><br>
Client: stancefight (4)   2018-10-19 10:41:30am<br>
object(stdClass)#533 (2) {
  ["data"]=>
  object(stdClass)#546 (1) {
    ["user"]=>
    object(stdClass)#654 (1) {
      ["edge_follow"]=>
      object(stdClass)#670 (3) {
        ["count"]=>
        int(5985)
        ["page_info"]=>
        object(stdClass)#525 (2) {
          ["has_next_page"]=>
          bool(true)
          ["end_cursor"]=>
          string(120) "QVFDQ2JDX2xPalhET3RXV1hwaWExUTRuN1J1NEFyMk5oRXFjMVUxcGgyWXpzSnFCcU4yV0ktQUtqUmtXLVVHUTZCYm5OYm9XaTZPTTdkNlJBNnRqOTNlbA=="
        }
        ["edges"]=>
        array(0) {
        }
      }
    }
  }
  ["status"]=>
  string(2) "ok"
}
<br>
 No nodes!!!!!!!!!!!!!!!!!!!!!!!!!!!!!!!!<br>
 \n<br> Count: 0\n<br><br>
Client: facamerirr (5)   2018-10-19 10:41:30am<br>
object(stdClass)#585 (2) {
  ["data"]=>
  object(stdClass)#537 (1) {
    ["user"]=>
    object(stdClass)#544 (1) {
      ["edge_follow"]=>
      object(stdClass)#543 (3) {
        ["count"]=>
        int(4372)
        ["page_info"]=>
        object(stdClass)#679 (2) {
          ["has_next_page"]=>
          bool(true)
          ["end_cursor"]=>
          string(120) "QVFEc1RlVk9wd0NxMWRvYjBHYU1xQy1IQktFOHdzOHlfOE5majdnWkJNeDZtNzcyOHh3Z2hadE5FTmNOdlViMFRVeUhQMENuRVdTMHFsYmRaNllfNHFLUA=="
        }
        ["edges"]=>
        array(0) {
        }
      }
    }
  }
  ["status"]=>
  string(2) "ok"
}
<br>
 No nodes!!!!!!!!!!!!!!!!!!!!!!!!!!!!!!!!<br>
 \n<br> Count: 0\n<br><br>
Client: dioceliogoulart (5)   2018-10-19 10:41:31am<br>
object(stdClass)#525 (2) {
  ["data"]=>
  object(stdClass)#670 (1) {
    ["user"]=>
    object(stdClass)#654 (1) {
      ["edge_follow"]=>
      object(stdClass)#533 (3) {
        ["count"]=>
        int(10)
        ["page_info"]=>
        object(stdClass)#546 (2) {
          ["has_next_page"]=>
          bool(true)
          ["end_cursor"]=>
          string(120) "QVFBMzdLdU5FN2xTSDRRNnJKaUdZc19panBTTnJEdkdWUWJOYXg4TXN4N3prZFJFelFLVkRKdUVqdF9tZEIybU9BZ3l0TG05R0RqQmQ5ZDBWSjBoYjJOMQ=="
        }
        ["edges"]=>
        array(0) {
        }
      }
    }
  }
  ["status"]=>
  string(2) "ok"
}
<br>
 No nodes!!!!!!!!!!!!!!!!!!!!!!!!!!!!!!!!<br>
 \n<br> Count: 0\n<br><br>
Client: amaassessoria (4)   2018-10-19 11:01:31am<br>
object(stdClass)#679 (2) {
  ["data"]=>
  object(stdClass)#543 (1) {
    ["user"]=>
    object(stdClass)#544 (1) {
      ["edge_follow"]=>
      object(stdClass)#585 (3) {
        ["count"]=>
        int(765)
        ["page_info"]=>
        object(stdClass)#537 (2) {
          ["has_next_page"]=>
          bool(true)
          ["end_cursor"]=>
          string(120) "QVFEQmU3b1A4Zi1lZU5nU3B4WU9wYkFIZ250enZwRTZvSVIwODlYQWY2NzVlQjRrN0x5OUNlZ3JZRE0wZ2l5QU1vRXByTk9LZEh6MEg2TGludnJMRUJ6Ug=="
        }
        ["edges"]=>
        array(0) {
        }
      }
    }
  }
  ["status"]=>
  string(2) "ok"
}
<br>
 No nodes!!!!!!!!!!!!!!!!!!!!!!!!!!!!!!!!<br>
 \n<br> Count: 0\n<br><br>
Client: felippetur (4)   2018-10-19 11:01:31am<br>
object(stdClass)#546 (2) {
  ["data"]=>
  object(stdClass)#533 (1) {
    ["user"]=>
    object(stdClass)#654 (1) {
      ["edge_follow"]=>
      object(stdClass)#525 (3) {
        ["count"]=>
        int(4130)
        ["page_info"]=>
        object(stdClass)#670 (2) {
          ["has_next_page"]=>
          bool(true)
          ["end_cursor"]=>
          string(120) "QVFBeTJtaE44czI3RklxVmlxanJhTjNybkVUc2tGMnNmTFFQamxHdDh0R3ZDMzhxcjA0SUtTNjRtS0I0ZGg4ZUxxVlVRS3dzOXlNLV9pT0tUVDBtLVBscQ=="
        }
        ["edges"]=>
        array(0) {
        }
      }
    }
  }
  ["status"]=>
  string(2) "ok"
}
<br>
 No nodes!!!!!!!!!!!!!!!!!!!!!!!!!!!!!!!!<br>
 \n<br> Count: 0\n<br><br>
Client: stancefight (4)   2018-10-19 11:01:31am<br>
object(stdClass)#537 (2) {
  ["data"]=>
  object(stdClass)#585 (1) {
    ["user"]=>
    object(stdClass)#544 (1) {
      ["edge_follow"]=>
      object(stdClass)#679 (3) {
        ["count"]=>
        int(5985)
        ["page_info"]=>
        object(stdClass)#543 (2) {
          ["has_next_page"]=>
          bool(true)
          ["end_cursor"]=>
          string(120) "QVFEM1NqM3B5aDNZZDdQRTJuS2RxM1dxT0hIdUY0TnJNU283WFJ5T1JPeTBhRy1DWTBlT3I0b0tOQzlRRmo1WXhqTmo3dGNrU1NldkpTWDJwc0V5dnNqbw=="
        }
        ["edges"]=>
        array(0) {
        }
      }
    }
  }
  ["status"]=>
  string(2) "ok"
}
<br>
 No nodes!!!!!!!!!!!!!!!!!!!!!!!!!!!!!!!!<br>
 \n<br> Count: 0\n<br><br>
Client: facamerirr (5)   2018-10-19 11:01:32am<br>
object(stdClass)#670 (2) {
  ["data"]=>
  object(stdClass)#525 (1) {
    ["user"]=>
    object(stdClass)#654 (1) {
      ["edge_follow"]=>
      object(stdClass)#546 (3) {
        ["count"]=>
        int(4372)
        ["page_info"]=>
        object(stdClass)#533 (2) {
          ["has_next_page"]=>
          bool(true)
          ["end_cursor"]=>
          string(120) "QVFDN3ZzNUpQN29rNEN2eFprYXBHNU1wanU5RnR1bThHTGluYnhFOE1MMVlKZXZNSFpmRmsySUFuRFF5ZWxZdDJXR1FFWTd4dDAxdGE4QTNXMURiZV83WA=="
        }
        ["edges"]=>
        array(0) {
        }
      }
    }
  }
  ["status"]=>
  string(2) "ok"
}
<br>
 No nodes!!!!!!!!!!!!!!!!!!!!!!!!!!!!!!!!<br>
 \n<br> Count: 0\n<br><br>
Client: dioceliogoulart (5)   2018-10-19 11:01:32am<br>
\n<br> Count: 1\n<br>Profil name: danicdantas<br>
object(stdClass)#540 (1) {
  ["status"]=>
  string(2) "ok"
}
<br>
<br>
Client: amaassessoria (4)   2018-10-19 11:21:34am<br>
object(stdClass)#546 (2) {
  ["data"]=>
  object(stdClass)#654 (1) {
    ["user"]=>
    object(stdClass)#525 (1) {
      ["edge_follow"]=>
      object(stdClass)#532 (3) {
        ["count"]=>
        int(765)
        ["page_info"]=>
        object(stdClass)#670 (2) {
          ["has_next_page"]=>
          bool(true)
          ["end_cursor"]=>
          string(120) "QVFBQ3ZDcmFiMWFhbFlERG9XcW42cXhhQlFYN1JQdzFoejJJblRXRXlrSDhKNWVjT3ZhQWdEX19YaHFOZDVTa2dBc2Q2Mkh2a1hPeUZ5bGRZRm1YWC1rSA=="
        }
        ["edges"]=>
        array(0) {
        }
      }
    }
  }
  ["status"]=>
  string(2) "ok"
}
<br>
 No nodes!!!!!!!!!!!!!!!!!!!!!!!!!!!!!!!!<br>
 \n<br> Count: 0\n<br><br>
Client: felippetur (4)   2018-10-19 11:21:34am<br>
object(stdClass)#537 (2) {
  ["data"]=>
  object(stdClass)#543 (1) {
    ["user"]=>
    object(stdClass)#527 (1) {
      ["edge_follow"]=>
      object(stdClass)#679 (3) {
        ["count"]=>
        int(4130)
        ["page_info"]=>
        object(stdClass)#669 (2) {
          ["has_next_page"]=>
          bool(true)
          ["end_cursor"]=>
          string(120) "QVFEaEt1RkhST0s1aVF2SUpnSGY0TGRTZE5nRG9xb3daNjQ4bEpxN0NtYmV1YTZZUEJQQURCelRnRzAwTUhIQVhGWDBSd00wRERNcWctM3ZNUm0xcEhncA=="
        }
        ["edges"]=>
        array(0) {
        }
      }
    }
  }
  ["status"]=>
  string(2) "ok"
}
<br>
 No nodes!!!!!!!!!!!!!!!!!!!!!!!!!!!!!!!!<br>
 \n<br> Count: 0\n<br><br>
Client: stancefight (4)   2018-10-19 11:21:35am<br>
object(stdClass)#670 (2) {
  ["data"]=>
  object(stdClass)#532 (1) {
    ["user"]=>
    object(stdClass)#525 (1) {
      ["edge_follow"]=>
      object(stdClass)#546 (3) {
        ["count"]=>
        int(5985)
        ["page_info"]=>
        object(stdClass)#654 (2) {
          ["has_next_page"]=>
          bool(true)
          ["end_cursor"]=>
          string(120) "QVFBM1FTYzhCcmtWSnE3YUo0cTNtbG9LS0Y4MnFWT1Y2aG5zZmRvNmVzMThRYnlDZlJINUpwdVRTa0FIc1k0NENrcXJlZnczNGtYVTM1MkREYUZiejdISA=="
        }
        ["edges"]=>
        array(0) {
        }
      }
    }
  }
  ["status"]=>
  string(2) "ok"
}
<br>
 No nodes!!!!!!!!!!!!!!!!!!!!!!!!!!!!!!!!<br>
 \n<br> Count: 0\n<br><br>
Client: facamerirr (5)   2018-10-19 11:21:35am<br>
object(stdClass)#669 (2) {
  ["data"]=>
  object(stdClass)#679 (1) {
    ["user"]=>
    object(stdClass)#527 (1) {
      ["edge_follow"]=>
      object(stdClass)#537 (3) {
        ["count"]=>
        int(4372)
        ["page_info"]=>
        object(stdClass)#543 (2) {
          ["has_next_page"]=>
          bool(true)
          ["end_cursor"]=>
          string(120) "QVFBOVVlSTlyamk0TnE4cWNkOXBIOHZqV2FWdkRWMkw0dnd1aGpnOHJxSVJ3UWRBd2xVQkRhUU1PdHN1VU9tT2tDamEzRWFGbEhpRlJPNS1TQ2VCMG5iUA=="
        }
        ["edges"]=>
        array(0) {
        }
      }
    }
  }
  ["status"]=>
  string(2) "ok"
}
<br>
 No nodes!!!!!!!!!!!!!!!!!!!!!!!!!!!!!!!!<br>
 \n<br> Count: 0\n<br><br>
Client: dioceliogoulart (5)   2018-10-19 11:21:36am<br>
object(stdClass)#654 (2) {
  ["data"]=>
  object(stdClass)#546 (1) {
    ["user"]=>
    object(stdClass)#525 (1) {
      ["edge_follow"]=>
      object(stdClass)#670 (3) {
        ["count"]=>
        int(10)
        ["page_info"]=>
        object(stdClass)#532 (2) {
          ["has_next_page"]=>
          bool(true)
          ["end_cursor"]=>
          string(120) "QVFBYWlQTlVKVmR6Nlg5WUdNM2hRMEpxbTNfYl9OT1NVbkNmUjFiYm9pU05XX21UNGpoX0ptWm45eDBhQlBRbVNKU3dfUDUyZ0hOSm1palF4T0RGU1Z1RA=="
        }
        ["edges"]=>
        array(0) {
        }
      }
    }
  }
  ["status"]=>
  string(2) "ok"
}
<br>
 No nodes!!!!!!!!!!!!!!!!!!!!!!!!!!!!!!!!<br>
 \n<br> Count: 0\n<br><br>
Client: amaassessoria (4)   2018-10-19 11:41:36am<br>
object(stdClass)#543 (2) {
  ["data"]=>
  object(stdClass)#537 (1) {
    ["user"]=>
    object(stdClass)#527 (1) {
      ["edge_follow"]=>
      object(stdClass)#669 (3) {
        ["count"]=>
        int(765)
        ["page_info"]=>
        object(stdClass)#679 (2) {
          ["has_next_page"]=>
          bool(true)
          ["end_cursor"]=>
          string(120) "QVFDRHpybFZMU1E4YWhDbGRXbmplWHlMdWNmYnFMUmlwU1k3aWt2YU5yRzdzSkl5VkZCVDBFR0g1R2NMY1RfNnYyTzJrelpweXBLVnJRZlJVMXViZDMxag=="
        }
        ["edges"]=>
        array(0) {
        }
      }
    }
  }
  ["status"]=>
  string(2) "ok"
}
<br>
 No nodes!!!!!!!!!!!!!!!!!!!!!!!!!!!!!!!!<br>
 \n<br> Count: 0\n<br><br>
Client: felippetur (4)   2018-10-19 11:41:38am<br>
object(stdClass)#532 (2) {
  ["data"]=>
  object(stdClass)#670 (1) {
    ["user"]=>
    object(stdClass)#525 (1) {
      ["edge_follow"]=>
      object(stdClass)#654 (3) {
        ["count"]=>
        int(4130)
        ["page_info"]=>
        object(stdClass)#546 (2) {
          ["has_next_page"]=>
          bool(true)
          ["end_cursor"]=>
          string(120) "QVFCZXdNVGdsTDlDd0xjV0d4dzJHM1QyZDBoWU1nT2lZX3lzQlZ4ZmVZRjQxQmtjZHZ1TzF3c2lERHFRRDJMT0ZyczdWU2hNUUNtU0d6YXZMd3pLR0VmbQ=="
        }
        ["edges"]=>
        array(0) {
        }
      }
    }
  }
  ["status"]=>
  string(2) "ok"
}
<br>
 No nodes!!!!!!!!!!!!!!!!!!!!!!!!!!!!!!!!<br>
 \n<br> Count: 0\n<br><br>
Client: stancefight (4)   2018-10-19 11:41:38am<br>
object(stdClass)#679 (2) {
  ["data"]=>
  object(stdClass)#669 (1) {
    ["user"]=>
    object(stdClass)#527 (1) {
      ["edge_follow"]=>
      object(stdClass)#543 (3) {
        ["count"]=>
        int(5985)
        ["page_info"]=>
        object(stdClass)#537 (2) {
          ["has_next_page"]=>
          bool(true)
          ["end_cursor"]=>
          string(120) "QVFEZW0yZzVfYVYxZzdXaE1mejh3QUE4cWhwZFpjMlo5d3RmTzRfWGQ0SWo5MVpOQ3g2LS1tS0tJWkhTSVl6YkZUOGl5TldRcklfWnBuRmRhbVliQ0NWUg=="
        }
        ["edges"]=>
        array(0) {
        }
      }
    }
  }
  ["status"]=>
  string(2) "ok"
}
<br>
 No nodes!!!!!!!!!!!!!!!!!!!!!!!!!!!!!!!!<br>
 \n<br> Count: 0\n<br><br>
Client: facamerirr (5)   2018-10-19 11:41:39am<br>
object(stdClass)#546 (2) {
  ["data"]=>
  object(stdClass)#654 (1) {
    ["user"]=>
    object(stdClass)#525 (1) {
      ["edge_follow"]=>
      object(stdClass)#532 (3) {
        ["count"]=>
        int(4372)
        ["page_info"]=>
        object(stdClass)#670 (2) {
          ["has_next_page"]=>
          bool(true)
          ["end_cursor"]=>
          string(120) "QVFDeUc0R2VqeTlCNG9qdGh5NUxMZURKcE9wREQ5UTZFYmxYeDJwcndfczdncF85bmpjWG1BTHYyNVYxT25jUEVwRW5xYWd4YU9WMlRlbHZPOUc0bjljWA=="
        }
        ["edges"]=>
        array(0) {
        }
      }
    }
  }
  ["status"]=>
  string(2) "ok"
}
<br>
 No nodes!!!!!!!!!!!!!!!!!!!!!!!!!!!!!!!!<br>
 \n<br> Count: 0\n<br><br>
Client: dioceliogoulart (5)   2018-10-19 11:41:39am<br>
object(stdClass)#537 (2) {
  ["data"]=>
  object(stdClass)#543 (1) {
    ["user"]=>
    object(stdClass)#527 (1) {
      ["edge_follow"]=>
      object(stdClass)#679 (3) {
        ["count"]=>
        int(10)
        ["page_info"]=>
        object(stdClass)#669 (2) {
          ["has_next_page"]=>
          bool(true)
          ["end_cursor"]=>
          string(120) "QVFBWjZWb2hlaVRfalRDVDlZQkhyZUNXLTF4SE84OWZIYkhOM0Y4OWlJZThHODN5TnZvaXFVc3hUeWFROC1ka3FiMkcwVURsLTE4UE1uNW53T2xIYW1HYQ=="
        }
        ["edges"]=>
        array(0) {
        }
      }
    }
  }
  ["status"]=>
  string(2) "ok"
}
<br>
 No nodes!!!!!!!!!!!!!!!!!!!!!!!!!!!!!!!!<br>
 \n<br> Count: 0\n<br><br>
Client: amaassessoria (4)   2018-10-19 12:01:39pm<br>
object(stdClass)#670 (2) {
  ["data"]=>
  object(stdClass)#532 (1) {
    ["user"]=>
    object(stdClass)#525 (1) {
      ["edge_follow"]=>
      object(stdClass)#546 (3) {
        ["count"]=>
        int(765)
        ["page_info"]=>
        object(stdClass)#654 (2) {
          ["has_next_page"]=>
          bool(true)
          ["end_cursor"]=>
          string(120) "QVFDRzFLeHB1QkhGSmVfNVZ1TUtyWk5nc0VyUzJ0MU5RSmktbzhBNFhZeE9RQkhQNVE1SzVCUWd3dURSamN3aEJiTlpXeERTTmo2eEVOWWtGbGVIdTJHcA=="
        }
        ["edges"]=>
        array(0) {
        }
      }
    }
  }
  ["status"]=>
  string(2) "ok"
}
<br>
 No nodes!!!!!!!!!!!!!!!!!!!!!!!!!!!!!!!!<br>
 \n<br> Count: 0\n<br><br>
Client: felippetur (4)   2018-10-19 12:01:40pm<br>
object(stdClass)#669 (2) {
  ["data"]=>
  object(stdClass)#679 (1) {
    ["user"]=>
    object(stdClass)#527 (1) {
      ["edge_follow"]=>
      object(stdClass)#537 (3) {
        ["count"]=>
        int(4130)
        ["page_info"]=>
        object(stdClass)#543 (2) {
          ["has_next_page"]=>
          bool(true)
          ["end_cursor"]=>
          string(120) "QVFCVl9nQjFkVlJCb1NPMV9PZEU2ajNEVEd2WGFvQ0hmUHdZN092eHZIVVB5WE9TNzdvTGR2ck10dHJSTF9qcG85aEpfYjNzNDdCdDBRNFZwR1ZRbER2TQ=="
        }
        ["edges"]=>
        array(0) {
        }
      }
    }
  }
  ["status"]=>
  string(2) "ok"
}
<br>
 No nodes!!!!!!!!!!!!!!!!!!!!!!!!!!!!!!!!<br>
 \n<br> Count: 0\n<br><br>
Client: stancefight (4)   2018-10-19 12:01:40pm<br>
object(stdClass)#654 (2) {
  ["data"]=>
  object(stdClass)#546 (1) {
    ["user"]=>
    object(stdClass)#525 (1) {
      ["edge_follow"]=>
      object(stdClass)#670 (3) {
        ["count"]=>
        int(5985)
        ["page_info"]=>
        object(stdClass)#532 (2) {
          ["has_next_page"]=>
          bool(true)
          ["end_cursor"]=>
          string(120) "QVFENmNEeDIzd1VXWGJoY1pmd2ZkWHFhRElQYWN2bm1neXA3QVdfd09rVWxtR0Zsb1pwMGRiR08yZk91WFI4R3JOWW1CVENiSklmVWZIQnBJYWg4c21zeg=="
        }
        ["edges"]=>
        array(0) {
        }
      }
    }
  }
  ["status"]=>
  string(2) "ok"
}
<br>
 No nodes!!!!!!!!!!!!!!!!!!!!!!!!!!!!!!!!<br>
 \n<br> Count: 0\n<br><br>
Client: facamerirr (5)   2018-10-19 12:01:41pm<br>
object(stdClass)#543 (2) {
  ["data"]=>
  object(stdClass)#537 (1) {
    ["user"]=>
    object(stdClass)#527 (1) {
      ["edge_follow"]=>
      object(stdClass)#669 (3) {
        ["count"]=>
        int(4372)
        ["page_info"]=>
        object(stdClass)#679 (2) {
          ["has_next_page"]=>
          bool(true)
          ["end_cursor"]=>
          string(120) "QVFBeEVXY0g5Y2QtbkItVF9hMjBnYXBXQ1Z6RC1zU0FBWGV3WjI2UTRmQ0FNSTljNnBfSFVHcWwwNzNKR0kyVG0tRVd3cG9CTTI1NVM0WlFoRGFxa0JpRg=="
        }
        ["edges"]=>
        array(0) {
        }
      }
    }
  }
  ["status"]=>
  string(2) "ok"
}
<br>
 No nodes!!!!!!!!!!!!!!!!!!!!!!!!!!!!!!!!<br>
 \n<br> Count: 0\n<br><br>
Client: dioceliogoulart (5)   2018-10-19 12:01:41pm<br>
\n<br> Count: 2\n<br>Profil name: nilcecosta16<br>
object(stdClass)#544 (1) {
  ["status"]=>
  string(2) "ok"
}
<br>
Profil name: priscilandrade05<br>
object(stdClass)#540 (1) {
  ["status"]=>
  string(2) "ok"
}
<br>
<br>
Client: amaassessoria (4)   2018-10-19 12:21:43pm<br>
object(stdClass)#669 (2) {
  ["data"]=>
  object(stdClass)#527 (1) {
    ["user"]=>
    object(stdClass)#537 (1) {
      ["edge_follow"]=>
      object(stdClass)#544 (3) {
        ["count"]=>
        int(765)
        ["page_info"]=>
        object(stdClass)#543 (2) {
          ["has_next_page"]=>
          bool(true)
          ["end_cursor"]=>
          string(120) "QVFBRTJ3dWtCaXFKRlVFUjM1bExZU19KdC1uYTlZSUxQSW8wYlVabEwwU3pHSTl0ZzdZQ2NIR3lfbzFLYTN0THhLYXJLdlpiQjV1Y1VFdHdwVlItQWhkUw=="
        }
        ["edges"]=>
        array(0) {
        }
      }
    }
  }
  ["status"]=>
  string(2) "ok"
}
<br>
 No nodes!!!!!!!!!!!!!!!!!!!!!!!!!!!!!!!!<br>
 \n<br> Count: 0\n<br><br>
Client: felippetur (4)   2018-10-19 12:21:43pm<br>
object(stdClass)#541 (2) {
  ["data"]=>
  object(stdClass)#539 (1) {
    ["user"]=>
    object(stdClass)#525 (1) {
      ["edge_follow"]=>
      object(stdClass)#585 (3) {
        ["count"]=>
        int(4130)
        ["page_info"]=>
        object(stdClass)#670 (2) {
          ["has_next_page"]=>
          bool(true)
          ["end_cursor"]=>
          string(120) "QVFCNE9VTm5CSVF3dURFbmpuNk1TYlBnYUhiWFB1X2sycTBhWHdPVGVSdjdaRDZaZ2RfRF9IeUhRRGRDazB5bHFMYzYyLXcxOURvc2Jka3FPYk5RMkFoWA=="
        }
        ["edges"]=>
        array(0) {
        }
      }
    }
  }
  ["status"]=>
  string(2) "ok"
}
<br>
 No nodes!!!!!!!!!!!!!!!!!!!!!!!!!!!!!!!!<br>
 \n<br> Count: 0\n<br><br>
Client: stancefight (4)   2018-10-19 12:21:44pm<br>
\n<br> Count: 1\n<br>Profil name: allianceporto<br>
object(stdClass)#532 (1) {
  ["status"]=>
  string(2) "ok"
}
<br>
<br>
Client: facamerirr (5)   2018-10-19 12:21:45pm<br>
object(stdClass)#585 (2) {
  ["data"]=>
  object(stdClass)#525 (1) {
    ["user"]=>
    object(stdClass)#539 (1) {
      ["edge_follow"]=>
      object(stdClass)#540 (3) {
        ["count"]=>
        int(4372)
        ["page_info"]=>
        object(stdClass)#541 (2) {
          ["has_next_page"]=>
          bool(true)
          ["end_cursor"]=>
          string(120) "QVFBcTdrR19OZUlBNVk4RmlUeV9mdnJ1ZktPUmc2bDdyTGRMMGt4d05tVEM3SjJzeFBTeHczZ2M1a2FfZTBvWl9ab2ZaVkE2OXV4d2ZXcExneFRvem5fZA=="
        }
        ["edges"]=>
        array(0) {
        }
      }
    }
  }
  ["status"]=>
  string(2) "ok"
}
<br>
 No nodes!!!!!!!!!!!!!!!!!!!!!!!!!!!!!!!!<br>
 \n<br> Count: 0\n<br><br>
Client: dioceliogoulart (5)   2018-10-19 12:21:45pm<br>
object(stdClass)#669 (2) {
  ["data"]=>
  object(stdClass)#543 (1) {
    ["user"]=>
    object(stdClass)#533 (1) {
      ["edge_follow"]=>
      object(stdClass)#544 (3) {
        ["count"]=>
        int(10)
        ["page_info"]=>
        object(stdClass)#654 (2) {
          ["has_next_page"]=>
          bool(true)
          ["end_cursor"]=>
          string(120) "QVFBRkhsbVIyemZDcWh3S0diTXNtMTBfb2M5STJiZnlvbDZjaEZBZ2pLOVpLX1VCMFREYkFmWHhEQ1VRV3QxaXpSRFBnaWpCelVRb0JLUDdvdnVjMmpmQg=="
        }
        ["edges"]=>
        array(0) {
        }
      }
    }
  }
  ["status"]=>
  string(2) "ok"
}
<br>
 No nodes!!!!!!!!!!!!!!!!!!!!!!!!!!!!!!!!<br>
 \n<br> Count: 0\n<br><br>
Client: amaassessoria (4)   2018-10-19 12:41:46pm<br>
object(stdClass)#541 (2) {
  ["data"]=>
  object(stdClass)#540 (1) {
    ["user"]=>
    object(stdClass)#539 (1) {
      ["edge_follow"]=>
      object(stdClass)#585 (3) {
        ["count"]=>
        int(765)
        ["page_info"]=>
        object(stdClass)#525 (2) {
          ["has_next_page"]=>
          bool(true)
          ["end_cursor"]=>
          string(120) "QVFCTDN1YVBfQnN1b0xTYWVOLS1aWlYtWHZZdVloeUV0em9CbG5BQnc4emJ4cHc4YWRka3AwYV9fNjZUejFmVnROZVp3eGtHQjRXZDNnWmJ4OFZISmlRcg=="
        }
        ["edges"]=>
        array(0) {
        }
      }
    }
  }
  ["status"]=>
  string(2) "ok"
}
<br>
 No nodes!!!!!!!!!!!!!!!!!!!!!!!!!!!!!!!!<br>
 \n<br> Count: 0\n<br><br>
Client: felippetur (4)   2018-10-19 12:41:46pm<br>
object(stdClass)#654 (2) {
  ["data"]=>
  object(stdClass)#544 (1) {
    ["user"]=>
    object(stdClass)#533 (1) {
      ["edge_follow"]=>
      object(stdClass)#669 (3) {
        ["count"]=>
        int(4130)
        ["page_info"]=>
        object(stdClass)#543 (2) {
          ["has_next_page"]=>
          bool(true)
          ["end_cursor"]=>
          string(120) "QVFEc0VURHF4V1Y4V3F3OS1pU0NmbmlvTk5wd3FxQ3plbTczbi1USlIzNVBOcFlFeWNwVHBvcWlOcmt3UEo4NHhMOTNGNjhWTWFISFV3cTVZVmVjWXpuUQ=="
        }
        ["edges"]=>
        array(0) {
        }
      }
    }
  }
  ["status"]=>
  string(2) "ok"
}
<br>
 No nodes!!!!!!!!!!!!!!!!!!!!!!!!!!!!!!!!<br>
 \n<br> Count: 0\n<br><br>
Client: stancefight (4)   2018-10-19 12:41:46pm<br>
object(stdClass)#525 (2) {
  ["data"]=>
  object(stdClass)#585 (1) {
    ["user"]=>
    object(stdClass)#539 (1) {
      ["edge_follow"]=>
      object(stdClass)#541 (3) {
        ["count"]=>
        int(5985)
        ["page_info"]=>
        object(stdClass)#540 (2) {
          ["has_next_page"]=>
          bool(true)
          ["end_cursor"]=>
          string(120) "QVFBTUdBei1MLVlVZFZUVktJeFg5MzdMcEwtLVFoRm1WYy1wVXMxZnd4MDJvTHFva0JVaHNMdmZKYWxhV1ZJTjNTMVZ0cE1BR203RkE3Sjl6S3JMelJMTw=="
        }
        ["edges"]=>
        array(0) {
        }
      }
    }
  }
  ["status"]=>
  string(2) "ok"
}
<br>
 No nodes!!!!!!!!!!!!!!!!!!!!!!!!!!!!!!!!<br>
 \n<br> Count: 0\n<br><br>
Client: facamerirr (5)   2018-10-19 12:41:47pm<br>
object(stdClass)#543 (2) {
  ["data"]=>
  object(stdClass)#669 (1) {
    ["user"]=>
    object(stdClass)#533 (1) {
      ["edge_follow"]=>
      object(stdClass)#654 (3) {
        ["count"]=>
        int(4372)
        ["page_info"]=>
        object(stdClass)#544 (2) {
          ["has_next_page"]=>
          bool(true)
          ["end_cursor"]=>
          string(120) "QVFEWE5xTDhNZmZtZlo4bzFhTEFHems0dkU2S28wT2ZlTEdiMV9sV2RSTWk2clVfMVJ0ZTAtTHZzQ1RDSVNEV3VzWVJhTkJ5LWRha0xUT0x2RGdnMUE0bQ=="
        }
        ["edges"]=>
        array(0) {
        }
      }
    }
  }
  ["status"]=>
  string(2) "ok"
}
<br>
 No nodes!!!!!!!!!!!!!!!!!!!!!!!!!!!!!!!!<br>
 \n<br> Count: 0\n<br><br>
Client: dioceliogoulart (5)   2018-10-19 12:41:47pm<br>
object(stdClass)#540 (2) {
  ["data"]=>
  object(stdClass)#541 (1) {
    ["user"]=>
    object(stdClass)#539 (1) {
      ["edge_follow"]=>
      object(stdClass)#525 (3) {
        ["count"]=>
        int(10)
        ["page_info"]=>
        object(stdClass)#585 (2) {
          ["has_next_page"]=>
          bool(true)
          ["end_cursor"]=>
          string(120) "QVFDVllILXBlTEExRG5WVmdjeHNKSzVVNWN4a1d6NW0xOVB6M0VDT1d6SHlRVFFWNE1fNW45dmprMGtQZF84anhDOTcyc0xwNEVLOWxUWGJTSnZ0cUdSNQ=="
        }
        ["edges"]=>
        array(0) {
        }
      }
    }
  }
  ["status"]=>
  string(2) "ok"
}
<br>
 No nodes!!!!!!!!!!!!!!!!!!!!!!!!!!!!!!!!<br>
 \n<br> Count: 0\n<br><br>
Client: amaassessoria (4)   2018-10-19 01:01:48pm<br>
object(stdClass)#544 (2) {
  ["data"]=>
  object(stdClass)#654 (1) {
    ["user"]=>
    object(stdClass)#533 (1) {
      ["edge_follow"]=>
      object(stdClass)#543 (3) {
        ["count"]=>
        int(765)
        ["page_info"]=>
        object(stdClass)#669 (2) {
          ["has_next_page"]=>
          bool(true)
          ["end_cursor"]=>
          string(120) "QVFCMXVXZ2hjM3FlWXJ2R3F4U3NPa3hZRDc1X0p4cEgxN0FBNV9vVkt0NTJiMVZQR2RrSk56c1BHb0tLUG81V2t1S3MtNzUxM1I4YWI2aDFnTHpuSkc0dA=="
        }
        ["edges"]=>
        array(0) {
        }
      }
    }
  }
  ["status"]=>
  string(2) "ok"
}
<br>
 No nodes!!!!!!!!!!!!!!!!!!!!!!!!!!!!!!!!<br>
 \n<br> Count: 0\n<br><br>
Client: felippetur (4)   2018-10-19 01:01:48pm<br>
object(stdClass)#585 (2) {
  ["data"]=>
  object(stdClass)#525 (1) {
    ["user"]=>
    object(stdClass)#539 (1) {
      ["edge_follow"]=>
      object(stdClass)#540 (3) {
        ["count"]=>
        int(4130)
        ["page_info"]=>
        object(stdClass)#541 (2) {
          ["has_next_page"]=>
          bool(true)
          ["end_cursor"]=>
          string(120) "QVFEaTJtMVpsMkVzaFFwaFlKQnQ2TE1Iczlyc0JFWEFrTktSZ2xIZlZRVTREczVqN1c4WE9pY1FCVzZMclZ2RlNVdDI3NWxBSmZWdE5RU21ONDlialVkTg=="
        }
        ["edges"]=>
        array(0) {
        }
      }
    }
  }
  ["status"]=>
  string(2) "ok"
}
<br>
 No nodes!!!!!!!!!!!!!!!!!!!!!!!!!!!!!!!!<br>
 \n<br> Count: 0\n<br><br>
Client: stancefight (4)   2018-10-19 01:01:49pm<br>
object(stdClass)#669 (2) {
  ["data"]=>
  object(stdClass)#543 (1) {
    ["user"]=>
    object(stdClass)#533 (1) {
      ["edge_follow"]=>
      object(stdClass)#544 (3) {
        ["count"]=>
        int(5985)
        ["page_info"]=>
        object(stdClass)#654 (2) {
          ["has_next_page"]=>
          bool(true)
          ["end_cursor"]=>
          string(120) "QVFDMFdDSFpoZFdLbWx2cm5jNExNazZfMkJjZHVna2ZjLVJUbkp5SGNDeEVNcmU4SENWUUNGMDhmR3pmS3JIVkV0dmZLSGo0SzZqc1lxSHk3N1drbFpjVA=="
        }
        ["edges"]=>
        array(0) {
        }
      }
    }
  }
  ["status"]=>
  string(2) "ok"
}
<br>
 No nodes!!!!!!!!!!!!!!!!!!!!!!!!!!!!!!!!<br>
 \n<br> Count: 0\n<br><br>
Client: facamerirr (5)   2018-10-19 01:01:49pm<br>
object(stdClass)#541 (2) {
  ["data"]=>
  object(stdClass)#540 (1) {
    ["user"]=>
    object(stdClass)#539 (1) {
      ["edge_follow"]=>
      object(stdClass)#585 (3) {
        ["count"]=>
        int(4372)
        ["page_info"]=>
        object(stdClass)#525 (2) {
          ["has_next_page"]=>
          bool(true)
          ["end_cursor"]=>
          string(120) "QVFBajctaXZwLUpGZ3pBbDVzYnQwSFJGRVNMV2tDRDdJLWh4cDVEaVFZc0pJbUp6Vl9mLVJ5ZUotSURLYk55eFB3MEFXTUNwc3U4X3dRT3VtSFc4eXVXcg=="
        }
        ["edges"]=>
        array(0) {
        }
      }
    }
  }
  ["status"]=>
  string(2) "ok"
}
<br>
 No nodes!!!!!!!!!!!!!!!!!!!!!!!!!!!!!!!!<br>
 \n<br> Count: 0\n<br><br>
Client: dioceliogoulart (5)   2018-10-19 01:01:49pm<br>
object(stdClass)#654 (2) {
  ["data"]=>
  object(stdClass)#544 (1) {
    ["user"]=>
    object(stdClass)#533 (1) {
      ["edge_follow"]=>
      object(stdClass)#669 (3) {
        ["count"]=>
        int(10)
        ["page_info"]=>
        object(stdClass)#543 (2) {
          ["has_next_page"]=>
          bool(true)
          ["end_cursor"]=>
          string(120) "QVFEMGFJUC1WMFV2WE1ZYi11aWJ1THZpTUNadldQcUVWcFh0SjItRlFWVkxSNlRLV3E5M3MxT2JwcWVEaG13U3NOWDFZZy1uQzdRVG9GZUNXdVBySnpsbA=="
        }
        ["edges"]=>
        array(0) {
        }
      }
    }
  }
  ["status"]=>
  string(2) "ok"
}
<br>
 No nodes!!!!!!!!!!!!!!!!!!!!!!!!!!!!!!!!<br>
 \n<br> Count: 0\n<br><br>
Client: amaassessoria (4)   2018-10-19 01:21:50pm<br>
object(stdClass)#525 (2) {
  ["data"]=>
  object(stdClass)#585 (1) {
    ["user"]=>
    object(stdClass)#539 (1) {
      ["edge_follow"]=>
      object(stdClass)#541 (3) {
        ["count"]=>
        int(765)
        ["page_info"]=>
        object(stdClass)#540 (2) {
          ["has_next_page"]=>
          bool(true)
          ["end_cursor"]=>
          string(120) "QVFDMTFNVG1ZWHpnRlBaU29uVll6Z3BBN2llYWRLSHRBenF4dFBNclZsa29uVlJXYThIN2VPRkFLeVVKcklCMjRWV2dpbTh6aEZTSlU4TVNNZXA2RERxWQ=="
        }
        ["edges"]=>
        array(0) {
        }
      }
    }
  }
  ["status"]=>
  string(2) "ok"
}
<br>
 No nodes!!!!!!!!!!!!!!!!!!!!!!!!!!!!!!!!<br>
 \n<br> Count: 0\n<br><br>
Client: felippetur (4)   2018-10-19 01:21:50pm<br>
object(stdClass)#543 (2) {
  ["data"]=>
  object(stdClass)#669 (1) {
    ["user"]=>
    object(stdClass)#533 (1) {
      ["edge_follow"]=>
      object(stdClass)#654 (3) {
        ["count"]=>
        int(4130)
        ["page_info"]=>
        object(stdClass)#544 (2) {
          ["has_next_page"]=>
          bool(true)
          ["end_cursor"]=>
          string(120) "QVFETGYxRUIyOTBlVVRyeFdXMkp5dXZjUTJOUWlONFh0UnFsTkt1V3pERWEtRE9Yd3U0VnlMQVVxc2dXcC1OOEdqWERnVzZsREEtT3RadGVVMlZYVnhFZw=="
        }
        ["edges"]=>
        array(0) {
        }
      }
    }
  }
  ["status"]=>
  string(2) "ok"
}
<br>
 No nodes!!!!!!!!!!!!!!!!!!!!!!!!!!!!!!!!<br>
 \n<br> Count: 0\n<br><br>
Client: stancefight (4)   2018-10-19 01:21:51pm<br>
object(stdClass)#540 (2) {
  ["data"]=>
  object(stdClass)#541 (1) {
    ["user"]=>
    object(stdClass)#539 (1) {
      ["edge_follow"]=>
      object(stdClass)#525 (3) {
        ["count"]=>
        int(5985)
        ["page_info"]=>
        object(stdClass)#585 (2) {
          ["has_next_page"]=>
          bool(true)
          ["end_cursor"]=>
          string(120) "QVFETERrelBzN184dnA2YS1aSVliM2EwaTY5VWtnNzc3TUtvb0pfaUczRGExdkRRMVpwZFZfTTRnX0x0MlBJZlh4bW9UbkJTVEVHbkdZczUxSnhCSGdGRw=="
        }
        ["edges"]=>
        array(0) {
        }
      }
    }
  }
  ["status"]=>
  string(2) "ok"
}
<br>
 No nodes!!!!!!!!!!!!!!!!!!!!!!!!!!!!!!!!<br>
 \n<br> Count: 0\n<br><br>
Client: facamerirr (5)   2018-10-19 01:21:51pm<br>
object(stdClass)#544 (2) {
  ["data"]=>
  object(stdClass)#654 (1) {
    ["user"]=>
    object(stdClass)#533 (1) {
      ["edge_follow"]=>
      object(stdClass)#543 (3) {
        ["count"]=>
        int(4372)
        ["page_info"]=>
        object(stdClass)#669 (2) {
          ["has_next_page"]=>
          bool(true)
          ["end_cursor"]=>
          string(120) "QVFBa2pFd1N2UUdQTnVva3pPbjMzaS1rX2paQkxsSDdWWHVxeUMzX3JoemVoelEtSnU4d2otNzh0Z0FYbm1Ydkl4eVRfNWJJWVU2RV9LT3FGcXVBWHhOUw=="
        }
        ["edges"]=>
        array(0) {
        }
      }
    }
  }
  ["status"]=>
  string(2) "ok"
}
<br>
 No nodes!!!!!!!!!!!!!!!!!!!!!!!!!!!!!!!!<br>
 \n<br> Count: 0\n<br><br>
Client: dioceliogoulart (5)   2018-10-19 01:21:51pm<br>
object(stdClass)#585 (2) {
  ["data"]=>
  object(stdClass)#525 (1) {
    ["user"]=>
    object(stdClass)#539 (1) {
      ["edge_follow"]=>
      object(stdClass)#540 (3) {
        ["count"]=>
        int(10)
        ["page_info"]=>
        object(stdClass)#541 (2) {
          ["has_next_page"]=>
          bool(true)
          ["end_cursor"]=>
          string(120) "QVFEcG9IQU1KOVVPUDlicjdMT0U3aTY5ZHN2cHAyczdTdy15N0d2aGlWTW5FU0xGYVI3Vl9zT2VlQlFleHBSa01OOVV6M3VJQ1N1NVN4UkdPcW9JYjNGRQ=="
        }
        ["edges"]=>
        array(0) {
        }
      }
    }
  }
  ["status"]=>
  string(2) "ok"
}
<br>
 No nodes!!!!!!!!!!!!!!!!!!!!!!!!!!!!!!!!<br>
 \n<br> Count: 0\n<br><br>
Client: amaassessoria (4)   2018-10-19 01:41:52pm<br>
object(stdClass)#669 (2) {
  ["data"]=>
  object(stdClass)#543 (1) {
    ["user"]=>
    object(stdClass)#533 (1) {
      ["edge_follow"]=>
      object(stdClass)#544 (3) {
        ["count"]=>
        int(765)
        ["page_info"]=>
        object(stdClass)#654 (2) {
          ["has_next_page"]=>
          bool(true)
          ["end_cursor"]=>
          string(120) "QVFEelVJcUk1NGd5bEE0clFSTE5WWU0ydkVLNFJUQjJwNllGNkY0UzNwajhYNTM1eDl1WDBjeGdLVXItbU1RRzJDMEo1N2REZjQ2d0EzbEhzeHY3MWNObA=="
        }
        ["edges"]=>
        array(0) {
        }
      }
    }
  }
  ["status"]=>
  string(2) "ok"
}
<br>
 No nodes!!!!!!!!!!!!!!!!!!!!!!!!!!!!!!!!<br>
 \n<br> Count: 0\n<br><br>
Client: felippetur (4)   2018-10-19 01:41:52pm<br>
object(stdClass)#541 (2) {
  ["data"]=>
  object(stdClass)#540 (1) {
    ["user"]=>
    object(stdClass)#539 (1) {
      ["edge_follow"]=>
      object(stdClass)#585 (3) {
        ["count"]=>
        int(4130)
        ["page_info"]=>
        object(stdClass)#525 (2) {
          ["has_next_page"]=>
          bool(true)
          ["end_cursor"]=>
          string(120) "QVFBVV9kaUlPMXVXWG1MNl96VkhUV3hZVHZfRkFQemZWVTVOUDE5SjZoNnJsQjI4Wk0xYUltTWhILWh1TFc5M3JpTFUyanBFVzFVZzJnQkNOSE1XVkVHTQ=="
        }
        ["edges"]=>
        array(0) {
        }
      }
    }
  }
  ["status"]=>
  string(2) "ok"
}
<br>
 No nodes!!!!!!!!!!!!!!!!!!!!!!!!!!!!!!!!<br>
 \n<br> Count: 0\n<br><br>
Client: stancefight (4)   2018-10-19 01:41:52pm<br>
object(stdClass)#654 (2) {
  ["data"]=>
  object(stdClass)#544 (1) {
    ["user"]=>
    object(stdClass)#533 (1) {
      ["edge_follow"]=>
      object(stdClass)#669 (3) {
        ["count"]=>
        int(5985)
        ["page_info"]=>
        object(stdClass)#543 (2) {
          ["has_next_page"]=>
          bool(true)
          ["end_cursor"]=>
          string(120) "QVFDV000WTRXU3kxSTRtS2ZiYUJoU3I4NGpNTW1CV2kzZHNhQTVzdjNLQ2VBNGdhalRadTZyYllSSFgwVFpLZXJtcXVJWGdUUC1BRmlZNzBsU3cyVlVTRw=="
        }
        ["edges"]=>
        array(0) {
        }
      }
    }
  }
  ["status"]=>
  string(2) "ok"
}
<br>
 No nodes!!!!!!!!!!!!!!!!!!!!!!!!!!!!!!!!<br>
 \n<br> Count: 0\n<br><br>
Client: facamerirr (5)   2018-10-19 01:41:53pm<br>
object(stdClass)#525 (2) {
  ["data"]=>
  object(stdClass)#585 (1) {
    ["user"]=>
    object(stdClass)#539 (1) {
      ["edge_follow"]=>
      object(stdClass)#541 (3) {
        ["count"]=>
        int(4372)
        ["page_info"]=>
        object(stdClass)#540 (2) {
          ["has_next_page"]=>
          bool(true)
          ["end_cursor"]=>
          string(120) "QVFEdnhLQ2Q3QTBzazdIMzZRR3VRV09HeHpPQU5VaHo4bTFqamNydHExRnl2N0lYeHdhcVNZVm5qOFZBdmpVVFpQaG5pRzlaTVgxY1d1RjQ3Z21JTEU1cg=="
        }
        ["edges"]=>
        array(0) {
        }
      }
    }
  }
  ["status"]=>
  string(2) "ok"
}
<br>
 No nodes!!!!!!!!!!!!!!!!!!!!!!!!!!!!!!!!<br>
 \n<br> Count: 0\n<br><br>
Client: dioceliogoulart (5)   2018-10-19 01:41:53pm<br>
object(stdClass)#543 (2) {
  ["data"]=>
  object(stdClass)#669 (1) {
    ["user"]=>
    object(stdClass)#533 (1) {
      ["edge_follow"]=>
      object(stdClass)#654 (3) {
        ["count"]=>
        int(10)
        ["page_info"]=>
        object(stdClass)#544 (2) {
          ["has_next_page"]=>
          bool(true)
          ["end_cursor"]=>
          string(120) "QVFDY3pHOWxPbVp5OVNyajAzZ294REhleFNxSGc2Y0Z4ODlNdUxFd3lHQUVsSjRkQUdYemNOSUdHOUllamtVaThGWnU5a2s4bmg3X1NvaVlzaUpYMXBiMA=="
        }
        ["edges"]=>
        array(0) {
        }
      }
    }
  }
  ["status"]=>
  string(2) "ok"
}
<br>
 No nodes!!!!!!!!!!!!!!!!!!!!!!!!!!!!!!!!<br>
 \n<br> Count: 0\n<br><br>
Client: amaassessoria (4)   2018-10-19 02:01:54pm<br>
object(stdClass)#540 (2) {
  ["data"]=>
  object(stdClass)#541 (1) {
    ["user"]=>
    object(stdClass)#539 (1) {
      ["edge_follow"]=>
      object(stdClass)#525 (3) {
        ["count"]=>
        int(765)
        ["page_info"]=>
        object(stdClass)#585 (2) {
          ["has_next_page"]=>
          bool(true)
          ["end_cursor"]=>
          string(120) "QVFBMTFHNTBJUHpTck9JRm5lTEx5aUEwMGd6N3JsZVVFOGtrX2NTLVZlOUdzNDJSTEoxZFRJZ0pCQkU2ZG1GTVN2SEpOZm4wdEl5bGJLNUFoYm85Q095bw=="
        }
        ["edges"]=>
        array(0) {
        }
      }
    }
  }
  ["status"]=>
  string(2) "ok"
}
<br>
 No nodes!!!!!!!!!!!!!!!!!!!!!!!!!!!!!!!!<br>
 \n<br> Count: 0\n<br><br>
Client: felippetur (4)   2018-10-19 02:01:55pm<br>
object(stdClass)#544 (2) {
  ["data"]=>
  object(stdClass)#654 (1) {
    ["user"]=>
    object(stdClass)#533 (1) {
      ["edge_follow"]=>
      object(stdClass)#543 (3) {
        ["count"]=>
        int(4130)
        ["page_info"]=>
        object(stdClass)#669 (2) {
          ["has_next_page"]=>
          bool(true)
          ["end_cursor"]=>
          string(120) "QVFDWHprcUExOGRfN21XR3dmTjBIZHVrMDlMUms0N3BqX3d4empLQTA3NVN6dUs2Qm5CZEJ5dS12YTdqaERkaGdaRi1rWm0zbnNPZzJhd0p6RnpDbXI0SA=="
        }
        ["edges"]=>
        array(0) {
        }
      }
    }
  }
  ["status"]=>
  string(2) "ok"
}
<br>
 No nodes!!!!!!!!!!!!!!!!!!!!!!!!!!!!!!!!<br>
 \n<br> Count: 0\n<br><br>
Client: stancefight (4)   2018-10-19 02:01:55pm<br>
object(stdClass)#585 (2) {
  ["data"]=>
  object(stdClass)#525 (1) {
    ["user"]=>
    object(stdClass)#539 (1) {
      ["edge_follow"]=>
      object(stdClass)#540 (3) {
        ["count"]=>
        int(5985)
        ["page_info"]=>
        object(stdClass)#541 (2) {
          ["has_next_page"]=>
          bool(true)
          ["end_cursor"]=>
          string(120) "QVFBZGYwamlfbEU5ZlFLM0JxUnNwakpDWDNiQmxNTDZHUkI5UFh5amp0MF93TThzbTY4V21PVm84eWxqMTR6Tm9FMUJGS2RTbjlFWXhxTXJHSjZaTEYxTg=="
        }
        ["edges"]=>
        array(0) {
        }
      }
    }
  }
  ["status"]=>
  string(2) "ok"
}
<br>
 No nodes!!!!!!!!!!!!!!!!!!!!!!!!!!!!!!!!<br>
 \n<br> Count: 0\n<br><br>
Client: facamerirr (5)   2018-10-19 02:01:56pm<br>
object(stdClass)#669 (2) {
  ["data"]=>
  object(stdClass)#543 (1) {
    ["user"]=>
    object(stdClass)#533 (1) {
      ["edge_follow"]=>
      object(stdClass)#544 (3) {
        ["count"]=>
        int(4372)
        ["page_info"]=>
        object(stdClass)#654 (2) {
          ["has_next_page"]=>
          bool(true)
          ["end_cursor"]=>
          string(120) "QVFCU2JKMzNmUWszYTVlRVRmV0s3ajh3RU9UNjNiNk5haGpWSmI1TG9XRXpKMld5dU14SjZHNDBTREg1V2VaQnRZUnV0UF92NzNNYmI0RXljZnFKOURCaA=="
        }
        ["edges"]=>
        array(0) {
        }
      }
    }
  }
  ["status"]=>
  string(2) "ok"
}
<br>
 No nodes!!!!!!!!!!!!!!!!!!!!!!!!!!!!!!!!<br>
 \n<br> Count: 0\n<br><br>
Client: dioceliogoulart (5)   2018-10-19 02:01:56pm<br>
\n<br> Count: 2\n<br>Profil name: bento.mota.560<br>
object(stdClass)#537 (1) {
  ["status"]=>
  string(2) "ok"
}
<br>
Profil name: renataferreirafrois<br>
object(stdClass)#532 (1) {
  ["status"]=>
  string(2) "ok"
}
<br>
<br>
Client: amaassessoria (4)   2018-10-19 02:22:00pm<br>
object(stdClass)#544 (2) {
  ["data"]=>
  object(stdClass)#533 (1) {
    ["user"]=>
    object(stdClass)#543 (1) {
      ["edge_follow"]=>
      object(stdClass)#537 (3) {
        ["count"]=>
        int(765)
        ["page_info"]=>
        object(stdClass)#669 (2) {
          ["has_next_page"]=>
          bool(true)
          ["end_cursor"]=>
          string(120) "QVFDalRNVmg4OUpWX2V3NHpoWmN0cGRsc2V2YnA2QjAtc2RBTjdXb21QajgzWmhHc2RuaFhuM1hGMmR6dk8xMmtfcDFCSkhQQzVIcXRTcjhlVHQ3T3Zibg=="
        }
        ["edges"]=>
        array(0) {
        }
      }
    }
  }
  ["status"]=>
  string(2) "ok"
}
<br>
 No nodes!!!!!!!!!!!!!!!!!!!!!!!!!!!!!!!!<br>
 \n<br> Count: 0\n<br><br>
Client: felippetur (4)   2018-10-19 02:22:00pm<br>
\n<br> Count: 1\n<br>Profil name: fitfitness_juju_ramos<br>
object(stdClass)#541 (1) {
  ["status"]=>
  string(2) "ok"
}
<br>
<br>
Client: stancefight (4)   2018-10-19 02:22:02pm<br>
object(stdClass)#537 (2) {
  ["data"]=>
  object(stdClass)#543 (1) {
    ["user"]=>
    object(stdClass)#533 (1) {
      ["edge_follow"]=>
      object(stdClass)#532 (3) {
        ["count"]=>
        int(5985)
        ["page_info"]=>
        object(stdClass)#544 (2) {
          ["has_next_page"]=>
          bool(true)
          ["end_cursor"]=>
          string(120) "QVFBWlpwUURHR05xSXd3NHJKRGZPOTdNRzJCM0YweFNHN0xVRHlpdVRJem8yR3VoNEpTb1FUWmY5QWZjdVk5TVlmTnMyMFZsTXlVSjV3Wm9PVHRNcWwzWA=="
        }
        ["edges"]=>
        array(0) {
        }
      }
    }
  }
  ["status"]=>
  string(2) "ok"
}
<br>
 No nodes!!!!!!!!!!!!!!!!!!!!!!!!!!!!!!!!<br>
 \n<br> Count: 0\n<br><br>
Client: facamerirr (5)   2018-10-19 02:22:02pm<br>
object(stdClass)#527 (2) {
  ["data"]=>
  object(stdClass)#546 (1) {
    ["user"]=>
    object(stdClass)#670 (1) {
      ["edge_follow"]=>
      object(stdClass)#679 (3) {
        ["count"]=>
        int(4372)
        ["page_info"]=>
        object(stdClass)#585 (2) {
          ["has_next_page"]=>
          bool(true)
          ["end_cursor"]=>
          string(120) "QVFEVlVtaUFtU2FiMnlOZGt6cnBnRFZwSjVRbnliNmRhdTA1cUdLM0NjWGlaOWpkZDYzcWduVkhDTVYydWI0d0xjZTlkdmpvSkQ4VUhoQ21yQ29ZVThtcw=="
        }
        ["edges"]=>
        array(0) {
        }
      }
    }
  }
  ["status"]=>
  string(2) "ok"
}
<br>
 No nodes!!!!!!!!!!!!!!!!!!!!!!!!!!!!!!!!<br>
 \n<br> Count: 0\n<br><br>
Client: dioceliogoulart (5)   2018-10-19 02:22:03pm<br>
object(stdClass)#544 (2) {
  ["data"]=>
  object(stdClass)#532 (1) {
    ["user"]=>
    object(stdClass)#533 (1) {
      ["edge_follow"]=>
      object(stdClass)#537 (3) {
        ["count"]=>
        int(10)
        ["page_info"]=>
        object(stdClass)#543 (2) {
          ["has_next_page"]=>
          bool(true)
          ["end_cursor"]=>
          string(120) "QVFDTHZFMXkwenNxYmZwa2hGSWpTVFhpUEVTZ2h4aUJoeWF5SFdwVUhxck9uLTUtMUZwRDZ1a0dPQXROUGw0d2hjTFhsTF9Xei1JUVUxVFdhbUw1TUo3MA=="
        }
        ["edges"]=>
        array(0) {
        }
      }
    }
  }
  ["status"]=>
  string(2) "ok"
}
<br>
 No nodes!!!!!!!!!!!!!!!!!!!!!!!!!!!!!!!!<br>
 \n<br> Count: 0\n<br><br>
Client: amaassessoria (4)   2018-10-19 02:42:03pm<br>
object(stdClass)#585 (2) {
  ["data"]=>
  object(stdClass)#679 (1) {
    ["user"]=>
    object(stdClass)#670 (1) {
      ["edge_follow"]=>
      object(stdClass)#527 (3) {
        ["count"]=>
        int(765)
        ["page_info"]=>
        object(stdClass)#546 (2) {
          ["has_next_page"]=>
          bool(true)
          ["end_cursor"]=>
          string(120) "QVFEdmQwYVZoNE84WEdnMlFGUUxOYmIyMF9iUnViRTJ1LWhRaGVJdkYtU3p1SzlTeWRNaWl3by1zTkp5dGNEQzlSQTlMZ3Y3RWFjbFdYczk3aUZhSVQwMA=="
        }
        ["edges"]=>
        array(0) {
        }
      }
    }
  }
  ["status"]=>
  string(2) "ok"
}
<br>
 No nodes!!!!!!!!!!!!!!!!!!!!!!!!!!!!!!!!<br>
 \n<br> Count: 0\n<br><br>
Client: felippetur (4)   2018-10-19 02:42:05pm<br>
object(stdClass)#543 (2) {
  ["data"]=>
  object(stdClass)#537 (1) {
    ["user"]=>
    object(stdClass)#533 (1) {
      ["edge_follow"]=>
      object(stdClass)#544 (3) {
        ["count"]=>
        int(4129)
        ["page_info"]=>
        object(stdClass)#532 (2) {
          ["has_next_page"]=>
          bool(true)
          ["end_cursor"]=>
          string(120) "QVFDQ1dzQW8xUDlwaEtldTRMenVRUllMUklHd2lTNjBPTEdTM1Z3R2l1dE9ud2tpMkJpcTZ6akc0WXVVa0NnaG5Zd281LVdUSHloMzVoTGhMQm9BTElfdg=="
        }
        ["edges"]=>
        array(0) {
        }
      }
    }
  }
  ["status"]=>
  string(2) "ok"
}
<br>
 No nodes!!!!!!!!!!!!!!!!!!!!!!!!!!!!!!!!<br>
 \n<br> Count: 0\n<br><br>
Client: stancefight (4)   2018-10-19 02:42:05pm<br>
object(stdClass)#546 (2) {
  ["data"]=>
  object(stdClass)#527 (1) {
    ["user"]=>
    object(stdClass)#670 (1) {
      ["edge_follow"]=>
      object(stdClass)#585 (3) {
        ["count"]=>
        int(5985)
        ["page_info"]=>
        object(stdClass)#679 (2) {
          ["has_next_page"]=>
          bool(true)
          ["end_cursor"]=>
          string(120) "QVFDcnIwN1FOSkRPVko5eXRycDhQd0xnNFA4WF91cXh2dnFYcE5rc2wtRDJTLVhVTWo0TTlaVXcyODVoNnQyZ3Niek4wVTlnbVFfYzJVVjZ2T2w2c1RXaQ=="
        }
        ["edges"]=>
        array(0) {
        }
      }
    }
  }
  ["status"]=>
  string(2) "ok"
}
<br>
 No nodes!!!!!!!!!!!!!!!!!!!!!!!!!!!!!!!!<br>
 \n<br> Count: 0\n<br><br>
Client: facamerirr (5)   2018-10-19 02:42:06pm<br>
object(stdClass)#532 (2) {
  ["data"]=>
  object(stdClass)#544 (1) {
    ["user"]=>
    object(stdClass)#533 (1) {
      ["edge_follow"]=>
      object(stdClass)#543 (3) {
        ["count"]=>
        int(4372)
        ["page_info"]=>
        object(stdClass)#537 (2) {
          ["has_next_page"]=>
          bool(true)
          ["end_cursor"]=>
          string(120) "QVFBUFhYTDR5MUlaVVBLNUtXQUFjX0kwR2lwemN6M0JZelhZODFyNWdReVRlVTVQOHB3VW5hUXNjbWxfOThPWGRnZmpDYmo4aHlfMFV2UHFwZFhtQlF0WA=="
        }
        ["edges"]=>
        array(0) {
        }
      }
    }
  }
  ["status"]=>
  string(2) "ok"
}
<br>
 No nodes!!!!!!!!!!!!!!!!!!!!!!!!!!!!!!!!<br>
 \n<br> Count: 0\n<br><br>
Client: dioceliogoulart (5)   2018-10-19 02:42:06pm<br>
string(1266) "curl  'https://www.instagram.com/graphql/query/?query_hash=c56ee0ae1f89cdbd1c89e2bc6b8f3d18&variables=%7B%22id%22%3A%22400030600%22%2C%22include_reel%22%3Afalse%2C%22first%22%3A15%7D' -H 'Cookie: mid=W5wrTwAEAAGZ_Eb13rOXlBBwUf66; sessionid=IGSC5eb7edbc3506762a20ee3452bda82bb302b3d4ad62f809aa287420a79f33df63%3AtbDlGA94PBax9eQjZHCsxqHkjdQvBnki%3A%7B%22_auth_user_id%22%3A400030600%2C%22_auth_user_backend%22%3A%22accounts.backends.CaseInsensitiveModelBackend%22%2C%22_auth_user_hash%22%3A%22%22%2C%22_platform%22%3A4%2C%22_token_ver%22%3A2%2C%22_token%22%3A%22400030600%3AbFBAGVl7EuHgMDcXVSyMc4ajZMSrTa7I%3A0683da797b8b40880568346ac86267499249e19a00141e7c1093bfd35d1d4721%22%2C%22last_refreshed%22%3A1536963936.0066814423%7D; csrftoken=AdZ64nCN98LOsuz5C4grzd5jiCeHdRV8; ds_user_id=400030600' -H 'Origin: https://www.instagram.com' -H 'Accept-Encoding: gzip, deflate' -H 'Accept-Language: pt-BR,pt;q=0.8,en-US;q=0.6,en;q=0.4' -H 'User-Agent: Mozilla/5.0 (X11; Ubuntu; Linux x86_64; rv:49.0) Gecko/20100101 Firefox/49.0' -H 'X-Requested-with: XMLHttpRequest' -H 'X-CSRFToken: AdZ64nCN98LOsuz5C4grzd5jiCeHdRV8' -H 'content-type: application/x-www-form-urlencoded' -H 'Accept: */*' -H 'Referer: https://www.instagram.com/' -H 'Authority: www.instagram.com' --compressed "
<br>
 DELETED FROM UNFOLLOW!! NOT CLIENT DATA: dioceliogoulart (5) <br>
<br>
Client: amaassessoria (4)   2018-10-19 03:02:07pm<br>
object(stdClass)#543 (2) {
  ["data"]=>
  object(stdClass)#533 (1) {
    ["user"]=>
    object(stdClass)#544 (1) {
      ["edge_follow"]=>
      object(stdClass)#547 (3) {
        ["count"]=>
        int(765)
        ["page_info"]=>
        object(stdClass)#532 (2) {
          ["has_next_page"]=>
          bool(true)
          ["end_cursor"]=>
          string(120) "QVFDNVNGUHEtNG1lUVlfRWR5OXN1VGpQYllrQng1bVVjUV9nY1J5dXVwZkN1Q09IUl8wclc4LXBpNzJPc21UNFp1NHZnYnhUWVRpR2VOcGk4b2RTRkhVLQ=="
        }
        ["edges"]=>
        array(0) {
        }
      }
    }
  }
  ["status"]=>
  string(2) "ok"
}
<br>
 No nodes!!!!!!!!!!!!!!!!!!!!!!!!!!!!!!!!<br>
 \n<br> Count: 0\n<br><br>
Client: felippetur (4)   2018-10-19 03:02:07pm<br>
object(stdClass)#585 (2) {
  ["data"]=>
  object(stdClass)#670 (1) {
    ["user"]=>
    object(stdClass)#527 (1) {
      ["edge_follow"]=>
      object(stdClass)#537 (3) {
        ["count"]=>
        int(4129)
        ["page_info"]=>
        object(stdClass)#546 (2) {
          ["has_next_page"]=>
          bool(true)
          ["end_cursor"]=>
          string(120) "QVFDOE1MVk9maXlkYmh6eFJBWThNbkFjb2huRlFXQXlzZnJNRFlPQ3g5LW9pLWpIb3VYWjNkVnR6WGNHbktKTGRiOGkxRGNoSjhTV25DMElzeW5McVE5Zw=="
        }
        ["edges"]=>
        array(0) {
        }
      }
    }
  }
  ["status"]=>
  string(2) "ok"
}
<br>
 No nodes!!!!!!!!!!!!!!!!!!!!!!!!!!!!!!!!<br>
 \n<br> Count: 0\n<br><br>
Client: stancefight (4)   2018-10-19 03:02:08pm<br>
object(stdClass)#532 (2) {
  ["data"]=>
  object(stdClass)#547 (1) {
    ["user"]=>
    object(std