UNFOLLOW Inited...!<br>
2018-10-30 08:00:01am<br>
<br>\nBEFORE:<br>\nbaile_de_camelo  |   1  |   757<br>
suamusicapersonalizada  |   2  |   604<br>
array(0) {
}
curl --proxy 'albertreye9917:3r4rcz0b1v@172.84.87.200:21254' 'https://www.instagram.com/graphql/query/?query_hash=ac38b90f0f3981c42092016a37c59bf7&variables=%7B%22id%22%3A%22220021938%22%2C%22first%22%3A10%2C%22after%22%3A%22%22%7D' -H 'Cookie: mid=WjK6zwABAAEVliX8-qF6_Tv0ipIE; sessionid=6491883043%3AKvUe40Hi35htVY%3A4; s_network=; ig_pr=1; ig_vw=1855; csrftoken=9hUzoUSLXm5ltTCXtwxuQXEbgUTHZNTP; ds_user_id=6491883043' -H 'X-CSRFToken: 9hUzoUSLXm5ltTCXtwxuQXEbgUTHZNTP' -H 'Origin: https://www.instagram.com' -H 'Accept-Encoding: gzip, deflate' -H 'Accept-Language: pt-BR,pt;q=0.8,en-US;q=0.6,en;q=0.4' -H 'User-Agent: Mozilla/5.0 (X11; Linux x86_64) AppleWebKit/537.36 (KHTML, like Gecko) Chrome/66.0.3359.139 Safari/537.36' -H 'X-Requested-with: XMLHttpRequest' -H 'content-type: application/x-www-form-urlencoded' -H 'Accept: */*' -H 'Referer: https://www.instagram.com/' -H 'Authority: www.instagram.com' --compressed array(0) {
}
curl --proxy 'albertreye9917:3r4rcz0b1v@172.84.87.200:21254' 'https://www.instagram.com/graphql/query/?query_hash=ac38b90f0f3981c42092016a37c59bf7&variables=%7B%22id%22%3A%22220021938%22%2C%22first%22%3A10%2C%22after%22%3A%22%22%7D' -H 'Cookie: mid=WjK6zwABAAEVliX8-qF6_Tv0ipIE; sessionid=6491883043%3AKvUe40Hi35htVY%3A4; s_network=; ig_pr=1; ig_vw=1855; csrftoken=9hUzoUSLXm5ltTCXtwxuQXEbgUTHZNTP; ds_user_id=6491883043' -H 'X-CSRFToken: 9hUzoUSLXm5ltTCXtwxuQXEbgUTHZNTP' -H 'Origin: https://www.instagram.com' -H 'Accept-Encoding: gzip, deflate' -H 'Accept-Language: pt-BR,pt;q=0.8,en-US;q=0.6,en;q=0.4' -H 'User-Agent: Mozilla/5.0 (X11; Linux x86_64) AppleWebKit/537.36 (KHTML, like Gecko) Chrome/66.0.3359.139 Safari/537.36' -H 'X-Requested-with: XMLHttpRequest' -H 'content-type: application/x-www-form-urlencoded' -H 'Accept: */*' -H 'Referer: https://www.instagram.com/' -H 'Authority: www.instagram.com' --compressed NOT AUTENTICATED!!!<br>
 DELETED FROM UNFOLLOW: suamusicapersonalizada (2) <br>
fshirtsdesigns  |   3  |   0<br>
array(0) {
}
curl --proxy 'albertreye9917:3r4rcz0b1v@158.115.228.147:21252' 'https://www.instagram.com/graphql/query/?query_hash=ac38b90f0f3981c42092016a37c59bf7&variables=%7B%22id%22%3A%22220021938%22%2C%22first%22%3A10%2C%22after%22%3A%22%22%7D' -H 'Cookie: mid=WvCC9gALAAGouwa5GdfK8VnnowRt; sessionid=IGSCd3d5a89f38ce08c1f41c1f3dd92faab00f600a56aacbfdbf80c42a6a88bc2839%3AkNvCLYgnSP5HKvagBWXU98LzzlpGgaAk%3A%7B%22_auth_user_id%22%3A6235133447%2C%22_auth_user_backend%22%3A%22accounts.backends.CaseInsensitiveModelBackend%22%2C%22_auth_user_hash%22%3A%22%22%2C%22_platform%22%3A4%2C%22_token_ver%22%3A2%2C%22_token%22%3A%226235133447%3ANtPPMfzqURFOHUXZersUGcxxhd3Cp3Dx%3Aea0f5ef942af77ff53bb6bea73669c9a24c83ca7be12a199fc970f5aa126e715%22%2C%22last_refreshed%22%3A1525714721.3538897038%7D; shbts=1525714721.705774; s_network=; ig_pr=1; ig_vw=1855; csrftoken=AV1J6e7aWcHoEx5n1W6KGTgxW4JMkpxS; ds_user_id=6235133447' -H 'X-CSRFToken: AV1J6e7aWcHoEx5n1W6KGTgxW4JMkpxS' -H 'Origin: https://www.instagram.com' -H 'Accept-Encoding: gzip, deflate' -H 'Accept-Language: pt-BR,pt;q=0.8,en-US;q=0.6,en;q=0.4' -H 'User-Agent: Mozilla/5.0 (X11; Linux x86_64) AppleWebKit/537.36 (KHTML, like Gecko) Chrome/66.0.3359.139 Safari/537.36' -H 'X-Requested-with: XMLHttpRequest' -H 'content-type: application/x-www-form-urlencoded' -H 'Accept: */*' -H 'Referer: https://www.instagram.com/' -H 'Authority: www.instagram.com' --compressed array(0) {
}
curl --proxy 'albertreye9917:3r4rcz0b1v@158.115.228.147:21252' 'https://www.instagram.com/graphql/query/?query_hash=ac38b90f0f3981c42092016a37c59bf7&variables=%7B%22id%22%3A%22220021938%22%2C%22first%22%3A10%2C%22after%22%3A%22%22%7D' -H 'Cookie: mid=WvCC9gALAAGouwa5GdfK8VnnowRt; sessionid=IGSCd3d5a89f38ce08c1f41c1f3dd92faab00f600a56aacbfdbf80c42a6a88bc2839%3AkNvCLYgnSP5HKvagBWXU98LzzlpGgaAk%3A%7B%22_auth_user_id%22%3A6235133447%2C%22_auth_user_backend%22%3A%22accounts.backends.CaseInsensitiveModelBackend%22%2C%22_auth_user_hash%22%3A%22%22%2C%22_platform%22%3A4%2C%22_token_ver%22%3A2%2C%22_token%22%3A%226235133447%3ANtPPMfzqURFOHUXZersUGcxxhd3Cp3Dx%3Aea0f5ef942af77ff53bb6bea73669c9a24c83ca7be12a199fc970f5aa126e715%22%2C%22last_refreshed%22%3A1525714721.3538897038%7D; shbts=1525714721.705774; s_network=; ig_pr=1; ig_vw=1855; csrftoken=AV1J6e7aWcHoEx5n1W6KGTgxW4JMkpxS; ds_user_id=6235133447' -H 'X-CSRFToken: AV1J6e7aWcHoEx5n1W6KGTgxW4JMkpxS' -H 'Origin: https://www.instagram.com' -H 'Accept-Encoding: gzip, deflate' -H 'Accept-Language: pt-BR,pt;q=0.8,en-US;q=0.6,en;q=0.4' -H 'User-Agent: Mozilla/5.0 (X11; Linux x86_64) AppleWebKit/537.36 (KHTML, like Gecko) Chrome/66.0.3359.139 Safari/537.36' -H 'X-Requested-with: XMLHttpRequest' -H 'content-type: application/x-www-form-urlencoded' -H 'Accept: */*' -H 'Referer: https://www.instagram.com/' -H 'Authority: www.instagram.com' --compressed NOT AUTENTICATED!!!<br>
 DELETED FROM UNFOLLOW: fshirtsdesigns (3) <br>
alicemelomakehair  |   3  |   6393<br>
array(0) {
}
curl --proxy 'albertreye9917:3r4rcz0b1v@207.188.155.18:21316' 'https://www.instagram.com/graphql/query/?query_hash=ac38b90f0f3981c42092016a37c59bf7&variables=%7B%22id%22%3A%22220021938%22%2C%22first%22%3A10%2C%22after%22%3A%22%22%7D' -H 'Cookie: mid=W0_QqQAEAAHgp92f2BWGjS67s2O1; sessionid=IGSC1d33be7d358e448b9feabe467b3427675fa808d66511bd9b31eb5903aef88269%3Agk8xEXHqYdnDDXdkkvwVXakYQx5kVY3n%3A%7B%22_auth_user_id%22%3A51380444%2C%22_auth_user_backend%22%3A%22accounts.backends.CaseInsensitiveModelBackend%22%2C%22_auth_user_hash%22%3A%22%22%2C%22_platform%22%3A4%2C%22_token_ver%22%3A2%2C%22_token%22%3A%2251380444%3AdKZihPCZxq0ICatOxFi8HVofhnnfZJm8%3Ae38965a45a76ac168d8fc3fdd1ba6f12fc8f833454b7d347d2a95429a4161462%22%2C%22last_refreshed%22%3A1531957452.9018301964%7D; s_network=; ig_pr=1; ig_vw=1855; csrftoken=ZM4rpTJBy7ZeQFWUJ5ZVIOxSadbOGMT1; ds_user_id=51380444' -H 'X-CSRFToken: ZM4rpTJBy7ZeQFWUJ5ZVIOxSadbOGMT1' -H 'Origin: https://www.instagram.com' -H 'Accept-Encoding: gzip, deflate' -H 'Accept-Language: pt-BR,pt;q=0.8,en-US;q=0.6,en;q=0.4' -H 'User-Agent: Mozilla/5.0 (X11; Linux x86_64) AppleWebKit/537.36 (KHTML, like Gecko) Chrome/66.0.3359.139 Safari/537.36' -H 'X-Requested-with: XMLHttpRequest' -H 'content-type: application/x-www-form-urlencoded' -H 'Accept: */*' -H 'Referer: https://www.instagram.com/' -H 'Authority: www.instagram.com' --compressed array(0) {
}
curl --proxy 'albertreye9917:3r4rcz0b1v@207.188.155.18:21316' 'https://www.instagram.com/graphql/query/?query_hash=ac38b90f0f3981c42092016a37c59bf7&variables=%7B%22id%22%3A%22220021938%22%2C%22first%22%3A10%2C%22after%22%3A%22%22%7D' -H 'Cookie: mid=W0_QqQAEAAHgp92f2BWGjS67s2O1; sessionid=IGSC1d33be7d358e448b9feabe467b3427675fa808d66511bd9b31eb5903aef88269%3Agk8xEXHqYdnDDXdkkvwVXakYQx5kVY3n%3A%7B%22_auth_user_id%22%3A51380444%2C%22_auth_user_backend%22%3A%22accounts.backends.CaseInsensitiveModelBackend%22%2C%22_auth_user_hash%22%3A%22%22%2C%22_platform%22%3A4%2C%22_token_ver%22%3A2%2C%22_token%22%3A%2251380444%3AdKZihPCZxq0ICatOxFi8HVofhnnfZJm8%3Ae38965a45a76ac168d8fc3fdd1ba6f12fc8f833454b7d347d2a95429a4161462%22%2C%22last_refreshed%22%3A1531957452.9018301964%7D; s_network=; ig_pr=1; ig_vw=1855; csrftoken=ZM4rpTJBy7ZeQFWUJ5ZVIOxSadbOGMT1; ds_user_id=51380444' -H 'X-CSRFToken: ZM4rpTJBy7ZeQFWUJ5ZVIOxSadbOGMT1' -H 'Origin: https://www.instagram.com' -H 'Accept-Encoding: gzip, deflate' -H 'Accept-Language: pt-BR,pt;q=0.8,en-US;q=0.6,en;q=0.4' -H 'User-Agent: Mozilla/5.0 (X11; Linux x86_64) AppleWebKit/537.36 (KHTML, like Gecko) Chrome/66.0.3359.139 Safari/537.36' -H 'X-Requested-with: XMLHttpRequest' -H 'content-type: application/x-www-form-urlencoded' -H 'Accept: */*' -H 'Referer: https://www.instagram.com/' -H 'Authority: www.instagram.com' --compressed NOT AUTENTICATED!!!<br>
 DELETED FROM UNFOLLOW: alicemelomakehair (3) <br>
amaassessoria  |   4  |   678<br>
felippetur  |   4  |   6000<br>
criptobraz  |   4  |   0<br>
facamerirr  |   5  |   5287<br>
dioceliogoulart  |   5  |   6347<br>
<br>
Client: baile_de_camelo (1)   2018-10-30 08:00:55am<br>
\n<br> Count: 15\n<br>Profil name: aragao100m<br>
object(stdClass)#634 (1) {
  ["status"]=>
  string(2) "ok"
}
<br>
Profil name: c.sehischini<br>
object(stdClass)#635 (1) {
  ["status"]=>
  string(2) "ok"
}
<br>
Profil name: gui_neves10<br>
object(stdClass)#634 (1) {
  ["status"]=>
  string(2) "ok"
}
<br>
Profil name: alanamarquesm<br>
object(stdClass)#635 (1) {
  ["status"]=>
  string(2) "ok"
}
<br>
Profil name: vertt8509<br>
object(stdClass)#634 (1) {
  ["status"]=>
  string(2) "ok"
}
<br>
Profil name: mcalanzinhoo<br>
object(stdClass)#635 (1) {
  ["status"]=>
  string(2) "ok"
}
<br>
Profil name: genaina_barbosa<br>
object(stdClass)#634 (1) {
  ["status"]=>
  string(2) "ok"
}
<br>
Profil name: geizylaila_<br>
object(stdClass)#635 (1) {
  ["status"]=>
  string(2) "ok"
}
<br>
Profil name: mtaysilva31<br>
object(stdClass)#634 (1) {
  ["status"]=>
  string(2) "ok"
}
<br>
Profil name: f.maris<br>
object(stdClass)#635 (1) {
  ["status"]=>
  string(2) "ok"
}
<br>
Profil name: danielasanclat<br>
object(stdClass)#634 (1) {
  ["status"]=>
  string(2) "ok"
}
<br>
Profil name: evelynnmendes_<br>
object(stdClass)#635 (1) {
  ["status"]=>
  string(2) "ok"
}
<br>
Profil name: mykereaper<br>
object(stdClass)#634 (1) {
  ["status"]=>
  string(2) "ok"
}
<br>
Profil name: dudabrasil4<br>
object(stdClass)#635 (1) {
  ["status"]=>
  string(2) "ok"
}
<br>
Profil name: edemarend<br>
object(stdClass)#634 (1) {
  ["status"]=>
  string(2) "ok"
}
<br>
<br>
Client: amaassessoria (4)   2018-10-30 08:01:16am<br>
\n<br> Count: 2\n<br>Profil name: beatrizggomez<br>
object(stdClass)#554 (1) {
  ["status"]=>
  string(2) "ok"
}
<br>
Profil name: nubisviana<br>
object(stdClass)#634 (1) {
  ["status"]=>
  string(2) "ok"
}
<br>
<br>
Client: felippetur (4)   2018-10-30 08:01:17am<br>
object(stdClass)#310 (2) {
  ["data"]=>
  object(stdClass)#268 (1) {
    ["user"]=>
    object(stdClass)#251 (1) {
      ["edge_follow"]=>
      object(stdClass)#554 (3) {
        ["count"]=>
        int(4126)
        ["page_info"]=>
        object(stdClass)#302 (2) {
          ["has_next_page"]=>
          bool(true)
          ["end_cursor"]=>
          string(120) "QVFBTUlfMmUwQWVFNUpQcWtCYzFnbF8wZXZRbGR0MXVWajdlTVl6MFhVbTJOQU8wX0ZGZ2lJQTVfTmMwalR6ZUMxZFZMMVIwWllrX1JIbjFoM2QzY2plVg=="
        }
        ["edges"]=>
        array(0) {
        }
      }
    }
  }
  ["status"]=>
  string(2) "ok"
}
<br>
 No nodes!!!!!!!!!!!!!!!!!!!!!!!!!!!!!!!!<br>
 \n<br> Count: 0\n<br><br>
Client: criptobraz (4)   2018-10-30 08:01:18am<br>
object(stdClass)#642 (2) {
  ["data"]=>
  object(stdClass)#645 (1) {
    ["user"]=>
    object(stdClass)#441 (1) {
      ["edge_follow"]=>
      object(stdClass)#626 (3) {
        ["count"]=>
        int(197)
        ["page_info"]=>
        object(stdClass)#638 (2) {
          ["has_next_page"]=>
          bool(true)
          ["end_cursor"]=>
          string(120) "QVFEUlRxOVhKMXJENWpfVVpjZThqZ0JZRlFyVzdSZzNIWWh6WW5EMWlvSTBRNkVQQU0zMzE2MzFyZnZSSndlQVlkYUtfRVNnUEFUYjltaUlITENGSlZ0bQ=="
        }
        ["edges"]=>
        array(0) {
        }
      }
    }
  }
  ["status"]=>
  string(2) "ok"
}
<br>
 No nodes!!!!!!!!!!!!!!!!!!!!!!!!!!!!!!!!<br>
 \n<br> Count: 0\n<br><br>
Client: facamerirr (5)   2018-10-30 08:01:19am<br>
object(stdClass)#302 (2) {
  ["data"]=>
  object(stdClass)#554 (1) {
    ["user"]=>
    object(stdClass)#251 (1) {
      ["edge_follow"]=>
      object(stdClass)#310 (3) {
        ["count"]=>
        int(4363)
        ["page_info"]=>
        object(stdClass)#268 (2) {
          ["has_next_page"]=>
          bool(true)
          ["end_cursor"]=>
          string(120) "QVFCVGEzQ2pYNUtuVkkzMmZCX1htUlNySGFFTnUyWU9BZ2NPMks3RENRd3oxalBaak03Mmc1WFVOMXhqSkRWVXZPbERIcENQYUpkcHR2MXdKQ1lTN0JoYw=="
        }
        ["edges"]=>
        array(0) {
        }
      }
    }
  }
  ["status"]=>
  string(2) "ok"
}
<br>
 No nodes!!!!!!!!!!!!!!!!!!!!!!!!!!!!!!!!<br>
 \n<br> Count: 0\n<br><br>
Client: dioceliogoulart (5)   2018-10-30 08:01:19am<br>
\n<br> Count: 15\n<br>Profil name: yldyane<br>
object(stdClass)#639 (1) {
  ["status"]=>
  string(2) "ok"
}
<br>
Profil name: weksirlainealmeidaar<br>
object(stdClass)#634 (1) {
  ["status"]=>
  string(2) "ok"
}
<br>
Profil name: sndydavids<br>
object(stdClass)#639 (1) {
  ["status"]=>
  string(2) "ok"
}
<br>
Profil name: jeanesilva103<br>
object(stdClass)#634 (1) {
  ["status"]=>
  string(2) "ok"
}
<br>
Profil name: vanessassis_<br>
object(stdClass)#639 (1) {
  ["status"]=>
  string(2) "ok"
}
<br>
Profil name: katemostachi<br>
object(stdClass)#634 (1) {
  ["status"]=>
  string(2) "ok"
}
<br>
Profil name: w.sadvocacia<br>
object(stdClass)#639 (1) {
  ["status"]=>
  string(2) "ok"
}
<br>
Profil name: larissamarcely_10<br>
object(stdClass)#634 (1) {
  ["status"]=>
  string(2) "ok"
}
<br>
Profil name: hotelterrapreta<br>
object(stdClass)#639 (1) {
  ["status"]=>
  string(2) "ok"
}
<br>
Profil name: janis.fotografia<br>
object(stdClass)#634 (1) {
  ["status"]=>
  string(2) "ok"
}
<br>
Profil name: naturarte.br<br>
object(stdClass)#639 (1) {
  ["status"]=>
  string(2) "ok"
}
<br>
Profil name: cons._ambiental<br>
object(stdClass)#634 (1) {
  ["status"]=>
  string(2) "ok"
}
<br>
Profil name: lexusbhshopping<br>
object(stdClass)#639 (1) {
  ["status"]=>
  string(2) "ok"
}
<br>
Profil name: amormaior061<br>
object(stdClass)#634 (1) {
  ["status"]=>
  string(2) "ok"
}
<br>
Profil name: paula____alves<br>
object(stdClass)#639 (1) {
  ["status"]=>
  string(2) "ok"
}
<br>
<br>
Client: baile_de_camelo (1)   2018-10-30 08:21:44am<br>
\n<br> Count: 15\n<br>Profil name: liduinaportella<br>
object(stdClass)#681 (1) {
  ["status"]=>
  string(2) "ok"
}
<br>
Profil name: guialmeida337<br>
object(stdClass)#639 (1) {
  ["status"]=>
  string(2) "ok"
}
<br>
Profil name: cryptocurrency__<br>
object(stdClass)#681 (1) {
  ["status"]=>
  string(2) "ok"
}
<br>
Profil name: mairadzumba<br>
object(stdClass)#639 (1) {
  ["status"]=>
  string(2) "ok"
}
<br>
Profil name: eltigredjdevenezuela<br>
object(stdClass)#681 (1) {
  ["status"]=>
  string(2) "ok"
}
<br>
Profil name: fogonofeno<br>
object(stdClass)#639 (1) {
  ["status"]=>
  string(2) "ok"
}
<br>
Profil name: tinny_books<br>
object(stdClass)#681 (1) {
  ["status"]=>
  string(2) "ok"
}
<br>
Profil name: terapia.energia<br>
object(stdClass)#639 (1) {
  ["status"]=>
  string(2) "ok"
}
<br>
Profil name: quelpsico<br>
object(stdClass)#681 (1) {
  ["status"]=>
  string(2) "ok"
}
<br>
Profil name: alessandrofmacedo<br>
object(stdClass)#639 (1) {
  ["status"]=>
  string(2) "ok"
}
<br>
Profil name: ferrarieliseu<br>
object(stdClass)#681 (1) {
  ["status"]=>
  string(2) "ok"
}
<br>
Profil name: eunamoropracasar<br>
object(stdClass)#639 (1) {
  ["status"]=>
  string(2) "ok"
}
<br>
Profil name: vinicioficial89<br>
object(stdClass)#681 (1) {
  ["status"]=>
  string(2) "ok"
}
<br>
Profil name: natalia.queiroz.costa__santos<br>
object(stdClass)#639 (1) {
  ["status"]=>
  string(2) "ok"
}
<br>
Profil name: lach_malmit<br>
object(stdClass)#681 (1) {
  ["status"]=>
  string(2) "ok"
}
<br>
<br>
Client: amaassessoria (4)   2018-10-30 08:22:14am<br>
object(stdClass)#677 (2) {
  ["data"]=>
  object(stdClass)#372 (1) {
    ["user"]=>
    object(stdClass)#676 (1) {
      ["edge_follow"]=>
      object(stdClass)#639 (3) {
        ["count"]=>
        int(764)
        ["page_info"]=>
        object(stdClass)#448 (2) {
          ["has_next_page"]=>
          bool(true)
          ["end_cursor"]=>
          string(120) "QVFDeFZFWjkzX1FRX21UX01EQmVYWklMZTM1OWYxc3dMZFdXSEFqTGlncE1HdDNkRE5oYVJGR1d6em9NbHNMOGhQbWFEZVhkdzdWMTVKeUJVYjNmbXAtQQ=="
        }
        ["edges"]=>
        array(0) {
        }
      }
    }
  }
  ["status"]=>
  string(2) "ok"
}
<br>
 No nodes!!!!!!!!!!!!!!!!!!!!!!!!!!!!!!!!<br>
 \n<br> Count: 0\n<br><br>
Client: felippetur (4)   2018-10-30 08:22:15am<br>
object(stdClass)#661 (2) {
  ["data"]=>
  object(stdClass)#662 (1) {
    ["user"]=>
    object(stdClass)#663 (1) {
      ["edge_follow"]=>
      object(stdClass)#665 (3) {
        ["count"]=>
        int(4126)
        ["page_info"]=>
        object(stdClass)#636 (2) {
          ["has_next_page"]=>
          bool(true)
          ["end_cursor"]=>
          string(120) "QVFCNmZsZGFrSlQ2dHdjeUI4SFM4dUJ1YXgyRmlsYmx6cTZPNy1wVFIyY0p6TERBVmE4YTJhWmFCa3k5NnhfNVpkamFXYmxfU3ZaUzMtMm1wbmtnTEJfWg=="
        }
        ["edges"]=>
        array(0) {
        }
      }
    }
  }
  ["status"]=>
  string(2) "ok"
}
<br>
 No nodes!!!!!!!!!!!!!!!!!!!!!!!!!!!!!!!!<br>
 \n<br> Count: 0\n<br><br>
Client: criptobraz (4)   2018-10-30 08:22:15am<br>
object(stdClass)#448 (2) {
  ["data"]=>
  object(stdClass)#639 (1) {
    ["user"]=>
    object(stdClass)#676 (1) {
      ["edge_follow"]=>
      object(stdClass)#677 (3) {
        ["count"]=>
        int(197)
        ["page_info"]=>
        object(stdClass)#372 (2) {
          ["has_next_page"]=>
          bool(true)
          ["end_cursor"]=>
          string(120) "QVFBMHNlYTZIV1puclhDTkhYNk5nWkZhRWI3aUpJM3V5N3JDN0o5VWlQUDdUQnBKRHRsMUpEbUtTQ2oza2xFdHdUcnJ1UnRhLUFTT0QwTzZFNmxscXpadQ=="
        }
        ["edges"]=>
        array(0) {
        }
      }
    }
  }
  ["status"]=>
  string(2) "ok"
}
<br>
 No nodes!!!!!!!!!!!!!!!!!!!!!!!!!!!!!!!!<br>
 \n<br> Count: 0\n<br><br>
Client: facamerirr (5)   2018-10-30 08:22:16am<br>
object(stdClass)#636 (2) {
  ["data"]=>
  object(stdClass)#665 (1) {
    ["user"]=>
    object(stdClass)#663 (1) {
      ["edge_follow"]=>
      object(stdClass)#661 (3) {
        ["count"]=>
        int(4363)
        ["page_info"]=>
        object(stdClass)#662 (2) {
          ["has_next_page"]=>
          bool(true)
          ["end_cursor"]=>
          string(120) "QVFETU9hLWdEajZrdUcxOU1JMTltWHJ4MEdwcmowTUIxZ2tXUVlucGwwSnVla1Q0cjlLc3pTQ1pUYnFkWTZjOW5CaHFmWmZWZTZBVVdiM2pVc2Uxb3J5aw=="
        }
        ["edges"]=>
        array(0) {
        }
      }
    }
  }
  ["status"]=>
  string(2) "ok"
}
<br>
 No nodes!!!!!!!!!!!!!!!!!!!!!!!!!!!!!!!!<br>
 \n<br> Count: 0\n<br><br>
Client: dioceliogoulart (5)   2018-10-30 08:22:17am<br>
\n<br> Count: 15\n<br>Profil name: camilasrleao<br>
object(stdClass)#664 (1) {
  ["status"]=>
  string(2) "ok"
}
<br>
Profil name: juju_alvessilva<br>
object(stdClass)#681 (1) {
  ["status"]=>
  string(2) "ok"
}
<br>
Profil name: durs_lory<br>
object(stdClass)#664 (1) {
  ["status"]=>
  string(2) "ok"
}
<br>
Profil name: joycenogueira30<br>
object(stdClass)#681 (1) {
  ["status"]=>
  string(2) "ok"
}
<br>
Profil name: pollyanaapsantos<br>
object(stdClass)#664 (1) {
  ["status"]=>
  string(2) "ok"
}
<br>
Profil name: dianafernandesdiana<br>
object(stdClass)#681 (1) {
  ["status"]=>
  string(2) "ok"
}
<br>
Profil name: brunaa_kamaia<br>
object(stdClass)#664 (1) {
  ["status"]=>
  string(2) "ok"
}
<br>
Profil name: brunadasilva94<br>
object(stdClass)#681 (1) {
  ["status"]=>
  string(2) "ok"
}
<br>
Profil name: miichellemorais_<br>
object(stdClass)#664 (1) {
  ["status"]=>
  string(2) "ok"
}
<br>
Profil name: marcela_schutz<br>
object(stdClass)#681 (1) {
  ["status"]=>
  string(2) "ok"
}
<br>
Profil name: narlete_dias_<br>
object(stdClass)#664 (1) {
  ["status"]=>
  string(2) "ok"
}
<br>
Profil name: laary_castroo<br>
object(stdClass)#681 (1) {
  ["status"]=>
  string(2) "ok"
}
<br>
Profil name: taislayne__<br>
object(stdClass)#664 (1) {
  ["status"]=>
  string(2) "ok"
}
<br>
Profil name: guimaraes.hp<br>
object(stdClass)#681 (1) {
  ["status"]=>
  string(2) "ok"
}
<br>
Profil name: __alvesdaay<br>
object(stdClass)#664 (1) {
  ["status"]=>
  string(2) "ok"
}
<br>
<br>
Client: baile_de_camelo (1)   2018-10-30 08:42:40am<br>
\n<br> Count: 15\n<br>Profil name: mirellandya<br>
object(stdClass)#668 (1) {
  ["status"]=>
  string(2) "ok"
}
<br>
Profil name: rbabado<br>
object(stdClass)#664 (1) {
  ["status"]=>
  string(2) "ok"
}
<br>
Profil name: baixostyleoficial<br>
object(stdClass)#668 (1) {
  ["status"]=>
  string(2) "ok"
}
<br>
Profil name: mostraquedanca<br>
object(stdClass)#664 (1) {
  ["status"]=>
  string(2) "ok"
}
<br>
Profil name: elemmakeup<br>
object(stdClass)#668 (1) {
  ["status"]=>
  string(2) "ok"
}
<br>
Profil name: criscoelho1980<br>
object(stdClass)#664 (1) {
  ["status"]=>
  string(2) "ok"
}
<br>
Profil name: rafaellyanchieta<br>
object(stdClass)#668 (1) {
  ["status"]=>
  string(2) "ok"
}
<br>
Profil name: gabrielmbordon<br>
object(stdClass)#664 (1) {
  ["status"]=>
  string(2) "ok"
}
<br>
Profil name: opss_lah<br>
object(stdClass)#668 (1) {
  ["status"]=>
  string(2) "ok"
}
<br>
Profil name: thaaillaa<br>
object(stdClass)#664 (1) {
  ["status"]=>
  string(2) "ok"
}
<br>
Profil name: vandomacedomacedo<br>
object(stdClass)#668 (1) {
  ["status"]=>
  string(2) "ok"
}
<br>
Profil name: desing.ls<br>
object(stdClass)#664 (1) {
  ["status"]=>
  string(2) "ok"
}
<br>
Profil name: contarbrincar<br>
object(stdClass)#668 (1) {
  ["status"]=>
  string(2) "ok"
}
<br>
Profil name: desireefavoreto<br>
object(stdClass)#664 (1) {
  ["status"]=>
  string(2) "ok"
}
<br>
Profil name: danielsilvabjj<br>
object(stdClass)#668 (1) {
  ["status"]=>
  string(2) "ok"
}
<br>
<br>
Client: amaassessoria (4)   2018-10-30 08:42:54am<br>
object(stdClass)#251 (2) {
  ["data"]=>
  object(stdClass)#554 (1) {
    ["user"]=>
    object(stdClass)#656 (1) {
      ["edge_follow"]=>
      object(stdClass)#664 (3) {
        ["count"]=>
        int(764)
        ["page_info"]=>
        object(stdClass)#667 (2) {
          ["has_next_page"]=>
          bool(true)
          ["end_cursor"]=>
          string(120) "QVFCS2c4WU9Pc1RfTElPQTAtZy0teVZVZDl5VHlzX3h3dS0zRG5UZWhoVW5LTHoyUnY2ZTZhTlZkUndWcFM2TS1aMTRSMHBnS0hLXzd4dHRiV1gycklraA=="
        }
        ["edges"]=>
        array(0) {
        }
      }
    }
  }
  ["status"]=>
  string(2) "ok"
}
<br>
 No nodes!!!!!!!!!!!!!!!!!!!!!!!!!!!!!!!!<br>
 \n<br> Count: 0\n<br><br>
Client: felippetur (4)   2018-10-30 08:42:55am<br>
object(stdClass)#640 (2) {
  ["data"]=>
  object(stdClass)#638 (1) {
    ["user"]=>
    object(stdClass)#626 (1) {
      ["edge_follow"]=>
      object(stdClass)#633 (3) {
        ["count"]=>
        int(4126)
        ["page_info"]=>
        object(stdClass)#441 (2) {
          ["has_next_page"]=>
          bool(true)
          ["end_cursor"]=>
          string(120) "QVFDYTRXWnhFVnBMTnF4X3dyMnM5NVJldkZ5bmFUZTk5cUJJQnJQTGpqOFlobllGbmxtVzR3Tnk0azhVc0kzNWRrRFpkQWszQnJoanVGWGZKRFpuV3lqag=="
        }
        ["edges"]=>
        array(0) {
        }
      }
    }
  }
  ["status"]=>
  string(2) "ok"
}
<br>
 No nodes!!!!!!!!!!!!!!!!!!!!!!!!!!!!!!!!<br>
 \n<br> Count: 0\n<br><br>
Client: criptobraz (4)   2018-10-30 08:42:55am<br>
object(stdClass)#667 (2) {
  ["data"]=>
  object(stdClass)#664 (1) {
    ["user"]=>
    object(stdClass)#656 (1) {
      ["edge_follow"]=>
      object(stdClass)#251 (3) {
        ["count"]=>
        int(197)
        ["page_info"]=>
        object(stdClass)#554 (2) {
          ["has_next_page"]=>
          bool(true)
          ["end_cursor"]=>
          string(120) "QVFBczhka3BKREVOUnVoRnFDMkdVR0JwLTlMSDFZbF9TeDlfMS1uZ2Rrel8ySnN3NldReEU2VGNqSlZlV29mb01yb1FwVEhrNm1iaS1HWE5hLXpmaEVpVA=="
        }
        ["edges"]=>
        array(0) {
        }
      }
    }
  }
  ["status"]=>
  string(2) "ok"
}
<br>
 No nodes!!!!!!!!!!!!!!!!!!!!!!!!!!!!!!!!<br>
 \n<br> Count: 0\n<br><br>
Client: facamerirr (5)   2018-10-30 08:42:56am<br>
object(stdClass)#441 (2) {
  ["data"]=>
  object(stdClass)#633 (1) {
    ["user"]=>
    object(stdClass)#626 (1) {
      ["edge_follow"]=>
      object(stdClass)#640 (3) {
        ["count"]=>
        int(4363)
        ["page_info"]=>
        object(stdClass)#638 (2) {
          ["has_next_page"]=>
          bool(true)
          ["end_cursor"]=>
          string(120) "QVFDWGVIX1I2dHNaNVcwblQ4ZW9yQjZDcTlURjBhSktsNWFuZGJiMDNFMDJxUjB5bkw3M3BWUkNpaDBMdUNyNGtEMjFnT2xMd01CMm1FbUdPdk5rNGRwbA=="
        }
        ["edges"]=>
        array(0) {
        }
      }
    }
  }
  ["status"]=>
  string(2) "ok"
}
<br>
 No nodes!!!!!!!!!!!!!!!!!!!!!!!!!!!!!!!!<br>
 \n<br> Count: 0\n<br><br>
Client: dioceliogoulart (5)   2018-10-30 08:42:56am<br>
\n<br> Count: 15\n<br>Profil name: airesdayaneh<br>
object(stdClass)#608 (1) {
  ["status"]=>
  string(2) "ok"
}
<br>
Profil name: allvesjuju<br>
object(stdClass)#668 (1) {
  ["status"]=>
  string(2) "ok"
}
<br>
Profil name: rafaelafernandes60<br>
object(stdClass)#608 (1) {
  ["status"]=>
  string(2) "ok"
}
<br>
Profil name: nayarawalkeer<br>
object(stdClass)#668 (1) {
  ["status"]=>
  string(2) "ok"
}
<br>
Profil name: vitoriacastro52<br>
object(stdClass)#608 (1) {
  ["status"]=>
  string(2) "ok"
}
<br>
Profil name: aalicya.ribeiro<br>
object(stdClass)#668 (1) {
  ["status"]=>
  string(2) "ok"
}
<br>
Profil name: _dannyoficiall<br>
object(stdClass)#608 (1) {
  ["status"]=>
  string(2) "ok"
}
<br>
Profil name: _alexiamadeira<br>
object(stdClass)#668 (1) {
  ["status"]=>
  string(2) "ok"
}
<br>
Profil name: beladiniz__<br>
object(stdClass)#608 (1) {
  ["status"]=>
  string(2) "ok"
}
<br>
Profil name: dj_melrodrigues<br>
object(stdClass)#668 (1) {
  ["status"]=>
  string(2) "ok"
}
<br>
Profil name: tamygl23<br>
object(stdClass)#608 (1) {
  ["status"]=>
  string(2) "ok"
}
<br>
Profil name: carol_l1ma<br>
object(stdClass)#668 (1) {
  ["status"]=>
  string(2) "ok"
}
<br>
Profil name: lorena_vieirac<br>
object(stdClass)#608 (1) {
  ["status"]=>
  string(2) "ok"
}
<br>
Profil name: _camiladox<br>
object(stdClass)#668 (1) {
  ["status"]=>
  string(2) "ok"
}
<br>
Profil name: thaysfrancoc<br>
object(stdClass)#608 (1) {
  ["status"]=>
  string(2) "ok"
}
<br>
<br>
Client: baile_de_camelo (1)   2018-10-30 09:03:18am<br>
\n<br> Count: 15\n<br>Profil name: thamirissaldanha<br>
object(stdClass)#642 (1) {
  ["status"]=>
  string(2) "ok"
}
<br>
Profil name: felipefariascoroa<br>
object(stdClass)#608 (1) {
  ["status"]=>
  string(2) "ok"
}
<br>
Profil name: attitudemusicpc<br>
object(stdClass)#642 (1) {
  ["status"]=>
  string(2) "ok"
}
<br>
Profil name: gut_mafia44<br>
object(stdClass)#608 (1) {
  ["status"]=>
  string(2) "ok"
}
<br>
Profil name: gabrielprattidj<br>
object(stdClass)#642 (1) {
  ["status"]=>
  string(2) "ok"
}
<br>
Profil name: pedrinsalles<br>
object(stdClass)#608 (1) {
  ["status"]=>
  string(2) "ok"
}
<br>
Profil name: mctikao<br>
object(stdClass)#642 (1) {
  ["status"]=>
  string(2) "ok"
}
<br>
Profil name: carade_cachorro<br>
object(stdClass)#608 (1) {
  ["status"]=>
  string(2) "ok"
}
<br>
Profil name: costasilviamiguel<br>
object(stdClass)#642 (1) {
  ["status"]=>
  string(2) "ok"
}
<br>
Profil name: fabiano.barros.1232760<br>
object(stdClass)#608 (1) {
  ["status"]=>
  string(2) "ok"
}
<br>
Profil name: russoslanches<br>
object(stdClass)#642 (1) {
  ["status"]=>
  string(2) "ok"
}
<br>
Profil name: dg_penhinha<br>
object(stdClass)#608 (1) {
  ["status"]=>
  string(2) "ok"
}
<br>
Profil name: ticiaacastro<br>
object(stdClass)#642 (1) {
  ["status"]=>
  string(2) "ok"
}
<br>
Profil name: wendellcarvalho_oficial<br>
object(stdClass)#608 (1) {
  ["status"]=>
  string(2) "ok"
}
<br>
Profil name: mcpalinha<br>
object(stdClass)#642 (1) {
  ["status"]=>
  string(2) "ok"
}
<br>
<br>
Client: amaassessoria (4)   2018-10-30 09:03:33am<br>
object(stdClass)#663 (2) {
  ["data"]=>
  object(stdClass)#665 (1) {
    ["user"]=>
    object(stdClass)#645 (1) {
      ["edge_follow"]=>
      object(stdClass)#608 (3) {
        ["count"]=>
        int(764)
        ["page_info"]=>
        object(stdClass)#682 (2) {
          ["has_next_page"]=>
          bool(true)
          ["end_cursor"]=>
          string(120) "QVFDd2dmYURPUG14eWpZYjAyNnlzRDdiZDlZZFBYZGc5T2xzdmZiRHdyUklhQW9ld2JXMDF0bnFoTDFMcmE0V1RjSmhMSTRhOENNNmNJa2xJdUk4N1BhVA=="
        }
        ["edges"]=>
        array(0) {
        }
      }
    }
  }
  ["status"]=>
  string(2) "ok"
}
<br>
 No nodes!!!!!!!!!!!!!!!!!!!!!!!!!!!!!!!!<br>
 \n<br> Count: 0\n<br><br>
Client: felippetur (4)   2018-10-30 09:03:33am<br>
object(stdClass)#672 (2) {
  ["data"]=>
  object(stdClass)#372 (1) {
    ["user"]=>
    object(stdClass)#677 (1) {
      ["edge_follow"]=>
      object(stdClass)#302 (3) {
        ["count"]=>
        int(4126)
        ["page_info"]=>
        object(stdClass)#676 (2) {
          ["has_next_page"]=>
          bool(true)
          ["end_cursor"]=>
          string(120) "QVFDdm16bnNGa3NLLWpDTkNxY1dxX0ExMmpEM2V0MzVDTzF1MEF6LVZteTdwbDZMMHR0a2k3WFF4Wm85bnl0UVZaN2JBb2Vkekd5UW1hbjRRSF96dWkyRA=="
        }
        ["edges"]=>
        array(0) {
        }
      }
    }
  }
  ["status"]=>
  string(2) "ok"
}
<br>
 No nodes!!!!!!!!!!!!!!!!!!!!!!!!!!!!!!!!<br>
 \n<br> Count: 0\n<br><br>
Client: criptobraz (4)   2018-10-30 09:03:34am<br>
object(stdClass)#682 (2) {
  ["data"]=>
  object(stdClass)#608 (1) {
    ["user"]=>
    object(stdClass)#645 (1) {
      ["edge_follow"]=>
      object(stdClass)#663 (3) {
        ["count"]=>
        int(197)
        ["page_info"]=>
        object(stdClass)#665 (2) {
          ["has_next_page"]=>
          bool(true)
          ["end_cursor"]=>
          string(120) "QVFEc244MG5nWWR4M3d0UjFIOWh2U0RVYUtWVzFlcjc1RnB4aVpxcFRGc25vUDdGeUF5VTJMMDZqV0NVNzJLaElJRFpiakpzamQyV21PdGRSSTBrUkVmeg=="
        }
        ["edges"]=>
        array(0) {
        }
      }
    }
  }
  ["status"]=>
  string(2) "ok"
}
<br>
 No nodes!!!!!!!!!!!!!!!!!!!!!!!!!!!!!!!!<br>
 \n<br> Count: 0\n<br><br>
Client: facamerirr (5)   2018-10-30 09:03:34am<br>
object(stdClass)#676 (2) {
  ["data"]=>
  object(stdClass)#302 (1) {
    ["user"]=>
    object(stdClass)#677 (1) {
      ["edge_follow"]=>
      object(stdClass)#672 (3) {
        ["count"]=>
        int(4363)
        ["page_info"]=>
        object(stdClass)#372 (2) {
          ["has_next_page"]=>
          bool(true)
          ["end_cursor"]=>
          string(120) "QVFEUFdrc3lja2xDeE15RmhXOFFxdkhuamMyeWQ4Q1dtcDdweGY3SG9ta2JUbmdFaTUwOHdwdVBtTmZxS05Nc0JGd0pRRVVwX29XMHVzSHRPU1pPdDdfNw=="
        }
        ["edges"]=>
        array(0) {
        }
      }
    }
  }
  ["status"]=>
  string(2) "ok"
}
<br>
 No nodes!!!!!!!!!!!!!!!!!!!!!!!!!!!!!!!!<br>
 \n<br> Count: 0\n<br><br>
Client: dioceliogoulart (5)   2018-10-30 09:03:35am<br>
\n<br> Count: 15\n<br>Profil name: thaislobraga<br>
object(stdClass)#273 (1) {
  ["status"]=>
  string(2) "ok"
}
<br>
Profil name: musas_dyvas<br>
object(stdClass)#642 (1) {
  ["status"]=>
  string(2) "ok"
}
<br>
Profil name: ruthyelleribeiroo<br>
object(stdClass)#273 (1) {
  ["status"]=>
  string(2) "ok"
}
<br>
Profil name: rigleiasilvaa<br>
object(stdClass)#642 (1) {
  ["status"]=>
  string(2) "ok"
}
<br>
Profil name: leticiakusik<br>
object(stdClass)#273 (1) {
  ["status"]=>
  string(2) "ok"
}
<br>
Profil name: marciacarolinebastos<br>
object(stdClass)#642 (1) {
  ["status"]=>
  string(2) "ok"
}
<br>
Profil name: pamela_carinee<br>
object(stdClass)#273 (1) {
  ["status"]=>
  string(2) "ok"
}
<br>
Profil name: ingridyrcamara<br>
object(stdClass)#642 (1) {
  ["status"]=>
  string(2) "ok"
}
<br>
Profil name: nadia_cout<br>
object(stdClass)#273 (1) {
  ["status"]=>
  string(2) "ok"
}
<br>
Profil name: luciana_cooutinho<br>
object(stdClass)#642 (1) {
  ["status"]=>
  string(2) "ok"
}
<br>
Profil name: nathyfiit<br>
object(stdClass)#273 (1) {
  ["status"]=>
  string(2) "ok"
}
<br>
Profil name: jhovanakelly<br>
object(stdClass)#642 (1) {
  ["status"]=>
  string(2) "ok"
}
<br>
Profil name: barbizinha_ofc<br>
object(stdClass)#273 (1) {
  ["status"]=>
  string(2) "ok"
}
<br>
Profil name: aloandra<br>
object(stdClass)#642 (1) {
  ["status"]=>
  string(2) "ok"
}
<br>
Profil name: daiane_suellen_<br>
object(stdClass)#273 (1) {
  ["status"]=>
  string(2) "ok"
}
<br>
<br>
Client: baile_de_camelo (1)   2018-10-30 09:23:58am<br>
\n<br> Count: 15\n<br>Profil name: ddudasantos90<br>
object(stdClass)#448 (1) {
  ["status"]=>
  string(2) "ok"
}
<br>
Profil name: alexandrewsaguiar<br>
object(stdClass)#273 (1) {
  ["status"]=>
  string(2) "ok"
}
<br>
Profil name: leandrinhoportugal<br>
object(stdClass)#448 (1) {
  ["status"]=>
  string(2) "ok"
}
<br>
Profil name: veerapaula<br>
object(stdClass)#273 (1) {
  ["status"]=>
  string(2) "ok"
}
<br>
Profil name: grazyalice2<br>
object(stdClass)#448 (1) {
  ["status"]=>
  string(2) "ok"
}
<br>
Profil name: sophiamadeiraq<br>
object(stdClass)#273 (1) {
  ["status"]=>
  string(2) "ok"
}
<br>
Profil name: jbjonathan<br>
object(stdClass)#448 (1) {
  ["status"]=>
  string(2) "ok"
}
<br>
Profil name: marianatorres2004<br>
object(stdClass)#273 (1) {
  ["status"]=>
  string(2) "ok"
}
<br>
Profil name: annajulia_evangelista<br>
object(stdClass)#448 (1) {
  ["status"]=>
  string(2) "ok"
}
<br>
Profil name: ricknasm<br>
object(stdClass)#273 (1) {
  ["status"]=>
  string(2) "ok"
}
<br>
Profil name: oscarqueroescuela<br>
object(stdClass)#448 (1) {
  ["status"]=>
  string(2) "ok"
}
<br>
Profil name: latifezet<br>
object(stdClass)#273 (1) {
  ["status"]=>
  string(2) "ok"
}
<br>
Profil name: analialcantarag<br>
object(stdClass)#448 (1) {
  ["status"]=>
  string(2) "ok"
}
<br>
Profil name: lisisfair<br>
object(stdClass)#273 (1) {
  ["status"]=>
  string(2) "ok"
}
<br>
Profil name: flamencaconestilo<br>
object(stdClass)#448 (1) {
  ["status"]=>
  string(2) "ok"
}
<br>
<br>
Client: amaassessoria (4)   2018-10-30 09:24:10am<br>
object(stdClass)#626 (2) {
  ["data"]=>
  object(stdClass)#633 (1) {
    ["user"]=>
    object(stdClass)#639 (1) {
      ["edge_follow"]=>
      object(stdClass)#273 (3) {
        ["count"]=>
        int(764)
        ["page_info"]=>
        object(stdClass)#634 (2) {
          ["has_next_page"]=>
          bool(true)
          ["end_cursor"]=>
          string(120) "QVFBZkZXUUNseWJiMmxieGZLV0J6TjZwRjdnVm9YT2JjS3MwQ0ZxUXRBaDliWjdzZ255c3J4MHROOEFNeDJyNlNIdGN5TUxFYlNFenNnaTJBWkN4cFdpNg=="
        }
        ["edges"]=>
        array(0) {
        }
      }
    }
  }
  ["status"]=>
  string(2) "ok"
}
<br>
 No nodes!!!!!!!!!!!!!!!!!!!!!!!!!!!!!!!!<br>
 \n<br> Count: 0\n<br><br>
Client: felippetur (4)   2018-10-30 09:24:11am<br>
object(stdClass)#635 (2) {
  ["data"]=>
  object(stdClass)#554 (1) {
    ["user"]=>
    object(stdClass)#251 (1) {
      ["edge_follow"]=>
      object(stdClass)#636 (3) {
        ["count"]=>
        int(4126)
        ["page_info"]=>
        object(stdClass)#656 (2) {
          ["has_next_page"]=>
          bool(true)
          ["end_cursor"]=>
          string(120) "QVFBQ01yVVVhSnk0VXdKOVNlanBIS01LSTRCamctUFZaSFlkQ2FGTkNOeDRGbG9zWnc5NER0UXhuZy1kM3FUVTVGVDBFZXFpaUlUd1g5RkNyTkJPdGZfOQ=="
        }
        ["edges"]=>
        array(0) {
        }
      }
    }
  }
  ["status"]=>
  string(2) "ok"
}
<br>
 No nodes!!!!!!!!!!!!!!!!!!!!!!!!!!!!!!!!<br>
 \n<br> Count: 0\n<br><br>
Client: criptobraz (4)   2018-10-30 09:24:12am<br>
object(stdClass)#634 (2) {
  ["data"]=>
  object(stdClass)#273 (1) {
    ["user"]=>
    object(stdClass)#639 (1) {
      ["edge_follow"]=>
      object(stdClass)#626 (3) {
        ["count"]=>
        int(197)
        ["page_info"]=>
        object(stdClass)#633 (2) {
          ["has_next_page"]=>
          bool(true)
          ["end_cursor"]=>
          string(120) "QVFCdGt0WDZWMzRlRGliOXZRYURPV1dIdzVVYS1BazFCM3Yya3hUNnpZQWxMYUhHdnNkNEFWd3BYWTZncHFuNXJOQ3VZc2JDbGxzcG9udTR5NHVFMG5qSw=="
        }
        ["edges"]=>
        array(0) {
        }
      }
    }
  }
  ["status"]=>
  string(2) "ok"
}
<br>
 No nodes!!!!!!!!!!!!!!!!!!!!!!!!!!!!!!!!<br>
 \n<br> Count: 0\n<br><br>
Client: facamerirr (5)   2018-10-30 09:24:12am<br>
object(stdClass)#656 (2) {
  ["data"]=>
  object(stdClass)#636 (1) {
    ["user"]=>
    object(stdClass)#251 (1) {
      ["edge_follow"]=>
      object(stdClass)#635 (3) {
        ["count"]=>
        int(4363)
        ["page_info"]=>
        object(stdClass)#554 (2) {
          ["has_next_page"]=>
          bool(true)
          ["end_cursor"]=>
          string(120) "QVFEbDlXREVvMHd1TzZQWjVhQUotOTdGU3ExTzRISFpXbzNPbWZQR1hKcnpKU3FPckJpaEtidmhEblFUT3ZkVHNDOXJCaDNfTWE5d25fYWk4QV9Ha2l6Vw=="
        }
        ["edges"]=>
        array(0) {
        }
      }
    }
  }
  ["status"]=>
  string(2) "ok"
}
<br>
 No nodes!!!!!!!!!!!!!!!!!!!!!!!!!!!!!!!!<br>
 \n<br> Count: 0\n<br><br>
Client: dioceliogoulart (5)   2018-10-30 09:24:12am<br>
\n<br> Count: 15\n<br>Profil name: alineamoreternoadrian<br>
object(stdClass)#310 (1) {
  ["status"]=>
  string(2) "ok"
}
<br>
Profil name: thaissmaia_<br>
object(stdClass)#448 (1) {
  ["status"]=>
  string(2) "ok"
}
<br>
Profil name: raahpessoa92<br>
object(stdClass)#310 (1) {
  ["status"]=>
  string(2) "ok"
}
<br>
Profil name: caroll_it<br>
object(stdClass)#448 (1) {
  ["status"]=>
  string(2) "ok"
}
<br>
Profil name: aline.mendes_bh<br>
object(stdClass)#310 (1) {
  ["status"]=>
  string(2) "ok"
}
<br>
Profil name: _palomalps<br>
object(stdClass)#448 (1) {
  ["status"]=>
  string(2) "ok"
}
<br>
Profil name: cassianaclavero<br>
object(stdClass)#310 (1) {
  ["status"]=>
  string(2) "ok"
}
<br>
Profil name: oliveiraemirandaadv<br>
object(stdClass)#448 (1) {
  ["status"]=>
  string(2) "ok"
}
<br>
Profil name: padocapadariagourmet<br>
object(stdClass)#310 (1) {
  ["status"]=>
  string(2) "ok"
}
<br>
Profil name: gropenadvocacia<br>
object(stdClass)#448 (1) {
  ["status"]=>
  string(2) "ok"
}
<br>
Profil name: soulshinetrio<br>
object(stdClass)#310 (1) {
  ["status"]=>
  string(2) "ok"
}
<br>
Profil name: hbarros91<br>
object(stdClass)#448 (1) {
  ["status"]=>
  string(2) "ok"
}
<br>
Profil name: raanntunes<br>
object(stdClass)#310 (1) {
  ["status"]=>
  string(2) "ok"
}
<br>
Profil name: independente_fc_do_morro<br>
object(stdClass)#448 (1) {
  ["status"]=>
  string(2) "ok"
}
<br>
Profil name: potinhodafelicidadee<br>
object(stdClass)#310 (1) {
  ["status"]=>
  string(2) "ok"
}
<br>
<br>
Client: baile_de_camelo (1)   2018-10-30 09:44:37am<br>
\n<br> Count: 15\n<br>Profil name: cleiton_sa_cgc<br>
object(stdClass)#667 (1) {
  ["status"]=>
  string(2) "ok"
}
<br>
Profil name: bailedefavelabhofc<br>
object(stdClass)#310 (1) {
  ["status"]=>
  string(2) "ok"
}
<br>
Profil name: tendenciiachave<br>
object(stdClass)#667 (1) {
  ["status"]=>
  string(2) "ok"
}
<br>
Profil name: magrinhodj<br>
object(stdClass)#310 (1) {
  ["status"]=>
  string(2) "ok"
}
<br>
Profil name: dodocloneoficial<br>
object(stdClass)#667 (1) {
  ["status"]=>
  string(2) "ok"
}
<br>
Profil name: jennifer_lima0<br>
object(stdClass)#310 (1) {
  ["status"]=>
  string(2) "ok"
}
<br>
Profil name: anazevedoo_<br>
object(stdClass)#667 (1) {
  ["status"]=>
  string(2) "ok"
}
<br>
Profil name: mcs_nacional<br>
object(stdClass)#310 (1) {
  ["status"]=>
  string(2) "ok"
}
<br>
Profil name: odeblando_rosa<br>
object(stdClass)#667 (1) {
  ["status"]=>
  string(2) "ok"
}
<br>
Profil name: jimmy.luz<br>
object(stdClass)#310 (1) {
  ["status"]=>
  string(2) "ok"
}
<br>
Profil name: cristaldarocha<br>
object(stdClass)#667 (1) {
  ["status"]=>
  string(2) "ok"
}
<br>
Profil name: tamiresfabielle<br>
object(stdClass)#310 (1) {
  ["status"]=>
  string(2) "ok"
}
<br>
Profil name: mcchoqueroyal<br>
object(stdClass)#667 (1) {
  ["status"]=>
  string(2) "ok"
}
<br>
Profil name: felipefarias_oficial<br>
object(stdClass)#310 (1) {
  ["status"]=>
  string(2) "ok"
}
<br>
Profil name: thaliaalmeida<br>
object(stdClass)#667 (1) {
  ["status"]=>
  string(2) "ok"
}
<br>
<br>
Client: amaassessoria (4)   2018-10-30 09:44:52am<br>
object(stdClass)#677 (2) {
  ["data"]=>
  object(stdClass)#302 (1) {
    ["user"]=>
    object(stdClass)#664 (1) {
      ["edge_follow"]=>
      object(stdClass)#310 (3) {
        ["count"]=>
        int(764)
        ["page_info"]=>
        object(stdClass)#681 (2) {
          ["has_next_page"]=>
          bool(true)
          ["end_cursor"]=>
          string(120) "QVFBVnh4aWN5SkE1Si14X1VXSXR2RDB1N1VFdTVXSU04VndDcnFFZGhZOG93cmVUc3hXenhoc3pWQWtHOEtNRjktNDhqblB0cVU2cUJJOTk1blNFNXdQLQ=="
        }
        ["edges"]=>
        array(0) {
        }
      }
    }
  }
  ["status"]=>
  string(2) "ok"
}
<br>
 No nodes!!!!!!!!!!!!!!!!!!!!!!!!!!!!!!!!<br>
 \n<br> Count: 0\n<br><br>
Client: felippetur (4)   2018-10-30 09:44:52am<br>
object(stdClass)#660 (2) {
  ["data"]=>
  object(stdClass)#665 (1) {
    ["user"]=>
    object(stdClass)#663 (1) {
      ["edge_follow"]=>
      object(stdClass)#441 (3) {
        ["count"]=>
        int(4126)
        ["page_info"]=>
        object(stdClass)#645 (2) {
          ["has_next_page"]=>
          bool(true)
          ["end_cursor"]=>
          string(120) "QVFBN1RSbTBGSWNOZ0wtaGNXVk1KM2ZUQ0l2TTIydHpwdmtpTHBLN055VTA4RjhkR04wZnFhZjlUQ2E0SWNtcml0Q3F0dW05MnFFT2ZHTXk0bDBwTlMtUQ=="
        }
        ["edges"]=>
        array(0) {
        }
      }
    }
  }
  ["status"]=>
  string(2) "ok"
}
<br>
 No nodes!!!!!!!!!!!!!!!!!!!!!!!!!!!!!!!!<br>
 \n<br> Count: 0\n<br><br>
Client: criptobraz (4)   2018-10-30 09:44:53am<br>
object(stdClass)#681 (2) {
  ["data"]=>
  object(stdClass)#310 (1) {
    ["user"]=>
    object(stdClass)#664 (1) {
      ["edge_follow"]=>
      object(stdClass)#677 (3) {
        ["count"]=>
        int(197)
        ["page_info"]=>
        object(stdClass)#302 (2) {
          ["has_next_page"]=>
          bool(true)
          ["end_cursor"]=>
          string(120) "QVFCRnNBWUpNMWVDT0ZQUmVrMFZLLWtfLWt1RnVGVTloc0VRMWVLdTRoMG5zRUxRTTNLTUdLbjBvR2dtcmdEVkQzRXNvVGVfcUI0MFg1eWFMbUVuLUI0Mg=="
        }
        ["edges"]=>
        array(0) {
        }
      }
    }
  }
  ["status"]=>
  string(2) "ok"
}
<br>
 No nodes!!!!!!!!!!!!!!!!!!!!!!!!!!!!!!!!<br>
 \n<br> Count: 0\n<br><br>
Client: facamerirr (5)   2018-10-30 09:44:53am<br>
object(stdClass)#645 (2) {
  ["data"]=>
  object(stdClass)#441 (1) {
    ["user"]=>
    object(stdClass)#663 (1) {
      ["edge_follow"]=>
      object(stdClass)#660 (3) {
        ["count"]=>
        int(4363)
        ["page_info"]=>
        object(stdClass)#665 (2) {
          ["has_next_page"]=>
          bool(true)
          ["end_cursor"]=>
          string(120) "QVFCaDQyOG14UXNBeC0yVG9IREdKT0w4YVJON2o5RWp1Tk1ha0hjZEoyTXBCMVV0MVV6WGQwS0s0aGxpeU9yMDFLaHotZ2ZUcmxUOXpLOXVla1UzZVVFXw=="
        }
        ["edges"]=>
        array(0) {
        }
      }
    }
  }
  ["status"]=>
  string(2) "ok"
}
<br>
 No nodes!!!!!!!!!!!!!!!!!!!!!!!!!!!!!!!!<br>
 \n<br> Count: 0\n<br><br>
Client: dioceliogoulart (5)   2018-10-30 09:44:54am<br>
\n<br> Count: 15\n<br>Profil name: sandevidaletti<br>
object(stdClass)#661 (1) {
  ["status"]=>
  string(2) "ok"
}
<br>
Profil name: alternativapresentes<br>
object(stdClass)#667 (1) {
  ["status"]=>
  string(2) "ok"
}
<br>
Profil name: martamartiniano.adv<br>
object(stdClass)#661 (1) {
  ["status"]=>
  string(2) "ok"
}
<br>
Profil name: electioseleicoes<br>
object(stdClass)#667 (1) {
  ["status"]=>
  string(2) "ok"
}
<br>
Profil name: herikaparecidoramos<br>
object(stdClass)#661 (1) {
  ["status"]=>
  string(2) "ok"
}
<br>
Profil name: helciohfc10<br>
object(stdClass)#667 (1) {
  ["status"]=>
  string(2) "ok"
}
<br>
Profil name: adv.osnisantos<br>
object(stdClass)#661 (1) {
  ["status"]=>
  string(2) "ok"
}
<br>
Profil name: farmaceuticadrogaria<br>
object(stdClass)#667 (1) {
  ["status"]=>
  string(2) "ok"
}
<br>
Profil name: srtariana<br>
object(stdClass)#661 (1) {
  ["status"]=>
  string(2) "ok"
}
<br>
Profil name: inprocesso7<br>
object(stdClass)#667 (1) {
  ["status"]=>
  string(2) "ok"
}
<br>
Profil name: wesley_izidro<br>
object(stdClass)#661 (1) {
  ["status"]=>
  string(2) "ok"
}
<br>
Profil name: eriocarsonoficial_sdv<br>
object(stdClass)#667 (1) {
  ["status"]=>
  string(2) "ok"
}
<br>
Profil name: dynamisfisio<br>
object(stdClass)#661 (1) {
  ["status"]=>
  string(2) "ok"
}
<br>
Profil name: janet_s_cota<br>
object(stdClass)#667 (1) {
  ["status"]=>
  string(2) "ok"
}
<br>
Profil name: decoracao_casa_interior<br>
object(stdClass)#661 (1) {
  ["status"]=>
  string(2) "ok"
}
<br>
<br>
Client: baile_de_camelo (1)   2018-10-30 10:05:17am<br>
\n<br> Count: 15\n<br>Profil name: mc_rcdaoskofc<br>
object(stdClass)#682 (1) {
  ["status"]=>
  string(2) "ok"
}
<br>
Profil name: hallissonct<br>
object(stdClass)#661 (1) {
  ["status"]=>
  string(2) "ok"
}
<br>
Profil name: leonardo_dinech_<br>
object(stdClass)#682 (1) {
  ["status"]=>
  string(2) "ok"
}
<br>
Profil name: juliocesar3571<br>
object(stdClass)#661 (1) {
  ["status"]=>
  string(2) "ok"
}
<br>
Profil name: lary_cadette_antunes<br>
object(stdClass)#682 (1) {
  ["status"]=>
  string(2) "ok"
}
<br>
Profil name: suzany_mesquita<br>
object(stdClass)#661 (1) {
  ["status"]=>
  string(2) "ok"
}
<br>
Profil name: pretozatoficial<br>
object(stdClass)#682 (1) {
  ["status"]=>
  string(2) "ok"
}
<br>
Profil name: unarosa___<br>
object(stdClass)#661 (1) {
  ["status"]=>
  string(2) "ok"
}
<br>
Profil name: kreblr<br>
object(stdClass)#682 (1) {
  ["status"]=>
  string(2) "ok"
}
<br>
Profil name: _lucihelena<br>
object(stdClass)#661 (1) {
  ["status"]=>
  string(2) "ok"
}
<br>
Profil name: mu540<br>
object(stdClass)#682 (1) {
  ["status"]=>
  string(2) "ok"
}
<br>
Profil name: regina___ramos<br>
object(stdClass)#661 (1) {
  ["status"]=>
  string(2) "ok"
}
<br>
Profil name: ll_muniz<br>
object(stdClass)#682 (1) {
  ["status"]=>
  string(2) "ok"
}
<br>
Profil name: priscylla_bastos<br>
object(stdClass)#661 (1) {
  ["status"]=>
  string(2) "ok"
}
<br>
Profil name: michelrodrigoeller<br>
object(stdClass)#682 (1) {
  ["status"]=>
  string(2) "ok"
}
<br>
<br>
Client: amaassessoria (4)   2018-10-30 10:05:31am<br>
object(stdClass)#251 (2) {
  ["data"]=>
  object(stdClass)#636 (1) {
    ["user"]=>
    object(stdClass)#608 (1) {
      ["edge_follow"]=>
      object(stdClass)#661 (3) {
        ["count"]=>
        int(764)
        ["page_info"]=>
        object(stdClass)#668 (2) {
          ["has_next_page"]=>
          bool(true)
          ["end_cursor"]=>
          string(120) "QVFCNEJmbEhVVXlleTBxQ1BEYldXbVl0QzRfbzBIUU55Sk9lZmpvTl9hcHJjS21PRFRBT0Fkc3JSa2FLNGttUW5TVnF3Szg4RERqNlBqekN4WFdUTzJvRw=="
        }
        ["edges"]=>
        array(0) {
        }
      }
    }
  }
  ["status"]=>
  string(2) "ok"
}
<br>
 No nodes!!!!!!!!!!!!!!!!!!!!!!!!!!!!!!!!<br>
 \n<br> Count: 0\n<br><br>
Client: felippetur (4)   2018-10-30 10:05:31am<br>
object(stdClass)#637 (2) {
  ["data"]=>
  object(stdClass)#633 (1) {
    ["user"]=>
    object(stdClass)#626 (1) {
      ["edge_follow"]=>
      object(stdClass)#676 (3) {
        ["count"]=>
        int(4126)
        ["page_info"]=>
        object(stdClass)#639 (2) {
          ["has_next_page"]=>
          bool(true)
          ["end_cursor"]=>
          string(120) "QVFCV2QzUElYUzI1SUUtOGIzcENWQkdtMEwxV0RVSjV2SnM2S05xQmp2ZEZhSlBJcUdaLTlxTm1iZVJFTHA5ZnQwVHJtSE9vR3BieXlvQTRjMjc5MU5XSg=="
        }
        ["edges"]=>
        array(0) {
        }
      }
    }
  }
  ["status"]=>
  string(2) "ok"
}
<br>
 No nodes!!!!!!!!!!!!!!!!!!!!!!!!!!!!!!!!<br>
 \n<br> Count: 0\n<br><br>
Client: criptobraz (4)   2018-10-30 10:05:32am<br>
object(stdClass)#668 (2) {
  ["data"]=>
  object(stdClass)#661 (1) {
    ["user"]=>
    object(stdClass)#608 (1) {
      ["edge_follow"]=>
      object(stdClass)#251 (3) {
        ["count"]=>
        int(197)
        ["page_info"]=>
        object(stdClass)#636 (2) {
          ["has_next_page"]=>
          bool(true)
          ["end_cursor"]=>
          string(120) "QVFEd1FFSjVsY0szcjV0YjlXWnpseHZ1eWhLanNDTVRFbjVKWmxnM19UdW54T0UzM2N3ZVQ0NkJENkdHX25ya082WE9wclJGdWhSUkRIUUhFeHJ4QThjZw=="
        }
        ["edges"]=>
        array(0) {
        }
      }
    }
  }
  ["status"]=>
  string(2) "ok"
}
<br>
 No nodes!!!!!!!!!!!!!!!!!!!!!!!!!!!!!!!!<br>
 \n<br> Count: 0\n<br><br>
Client: facamerirr (5)   2018-10-30 10:05:33am<br>
object(stdClass)#639 (2) {
  ["data"]=>
  object(stdClass)#676 (1) {
    ["user"]=>
    object(stdClass)#626 (1) {
      ["edge_follow"]=>
      object(stdClass)#637 (3) {
        ["count"]=>
        int(4363)
        ["page_info"]=>
        object(stdClass)#633 (2) {
          ["has_next_page"]=>
          bool(true)
          ["end_cursor"]=>
          string(120) "QVFEX3lWLUJOZVZSVTNnS0V0QW50SEZSUTBzOFhOeDJNNUtoYlVxVU9LOXBjU1R5aWtuZnpDNlUzckdGV0JfRFNKU0FFRkVJNnRLQnV4cld4ZkNvei12Mg=="
        }
        ["edges"]=>
        array(0) {
        }
      }
    }
  }
  ["status"]=>
  string(2) "ok"
}
<br>
 No nodes!!!!!!!!!!!!!!!!!!!!!!!!!!!!!!!!<br>
 \n<br> Count: 0\n<br><br>
Client: dioceliogoulart (5)   2018-10-30 10:05:33am<br>
\n<br> Count: 15\n<br>Profil name: luizantoniotheodorode<br>
object(stdClass)#640 (1) {
  ["status"]=>
  string(2) "ok"
}
<br>
Profil name: instadokim<br>
object(stdClass)#682 (1) {
  ["status"]=>
  string(2) "ok"
}
<br>
Profil name: buenoecosta<br>
object(stdClass)#640 (1) {
  ["status"]=>
  string(2) "ok"
}
<br>
Profil name: mariaclaudia0101<br>
object(stdClass)#682 (1) {
  ["status"]=>
  string(2) "ok"
}
<br>
Profil name: tacaimoveisop<br>
object(stdClass)#640 (1) {
  ["status"]=>
  string(2) "ok"
}
<br>
Profil name: helaine.adv<br>
object(stdClass)#682 (1) {
  ["status"]=>
  string(2) "ok"
}
<br>
Profil name: _santopanostore<br>
object(stdClass)#640 (1) {
  ["status"]=>
  string(2) "ok"
}
<br>
Profil name: livrarialookvariedades<br>
object(stdClass)#682 (1) {
  ["status"]=>
  string(2) "ok"
}
<br>
Profil name: erikayumi.12<br>
object(stdClass)#640 (1) {
  ["status"]=>
  string(2) "ok"
}
<br>
Profil name: bbvmentoria<br>
object(stdClass)#682 (1) {
  ["status"]=>
  string(2) "ok"
}
<br>
Profil name: leandranunesb<br>
object(stdClass)#640 (1) {
  ["status"]=>
  string(2) "ok"
}
<br>
Profil name: atecubanos_op<br>
object(stdClass)#682 (1) {
  ["status"]=>
  string(2) "ok"
}
<br>
Profil name: revalerio.coach<br>
object(stdClass)#640 (1) {
  ["status"]=>
  string(2) "ok"
}
<br>
Profil name: coutinhobartira<br>
object(stdClass)#682 (1) {
  ["status"]=>
  string(2) "ok"
}
<br>
Profil name: psicologo.rafael<br>
object(stdClass)#640 (1) {
  ["status"]=>
  string(2) "ok"
}
<br>
<br>
Client: baile_de_camelo (1)   2018-10-30 10:25:56am<br>
\n<br> Count: 15\n<br>Profil name: pcsalles<br>
object(stdClass)#634 (1) {
  ["status"]=>
  string(2) "ok"
}
<br>
Profil name: santos_rosana<br>
object(stdClass)#640 (1) {
  ["status"]=>
  string(2) "ok"
}
<br>
Profil name: cristiane.samuel<br>
object(stdClass)#634 (1) {
  ["status"]=>
  string(2) "ok"
}
<br>
Profil name: sandrastorees<br>
object(stdClass)#640 (1) {
  ["status"]=>
  string(2) "ok"
}
<br>
Profil name: cecitonio<br>
object(stdClass)#634 (1) {
  ["status"]=>
  string(2) "ok"
}
<br>
Profil name: _priscilarita<br>
object(stdClass)#640 (1) {
  ["status"]=>
  string(2) "ok"
}
<br>
Profil name: arsenalentretenimento<br>
object(stdClass)#634 (1) {
  ["status"]=>
  string(2) "ok"
}
<br>
Profil name: thiaguinhowernyck<br>
object(stdClass)#640 (1) {
  ["status"]=>
  string(2) "ok"
}
<br>
Profil name: djthiagoandreoli<br>
object(stdClass)#634 (1) {
  ["status"]=>
  string(2) "ok"
}
<br>
Profil name: djfabricio_couto<br>
object(stdClass)#640 (1) {
  ["status"]=>
  string(2) "ok"
}
<br>
Profil name: marllinoficial<br>
object(stdClass)#634 (1) {
  ["status"]=>
  string(2) "ok"
}
<br>
Profil name: _studio62<br>
object(stdClass)#640 (1) {
  ["status"]=>
  string(2) "ok"
}
<br>
Profil name: drvendas<br>
object(stdClass)#634 (1) {
  ["status"]=>
  string(2) "ok"
}
<br>
Profil name: alealsantos<br>
object(stdClass)#640 (1) {
  ["status"]=>
  string(2) "ok"
}
<br>
Profil name: yandranayara01<br>
object(stdClass)#634 (1) {
  ["status"]=>
  string(2) "ok"
}
<br>
<br>
Client: amaassessoria (4)   2018-10-30 10:26:10am<br>
object(stdClass)#663 (2) {
  ["data"]=>
  object(stdClass)#441 (1) {
    ["user"]=>
    object(stdClass)#273 (1) {
      ["edge_follow"]=>
      object(stdClass)#640 (3) {
        ["count"]=>
        int(764)
        ["page_info"]=>
        object(stdClass)#642 (2) {
          ["has_next_page"]=>
          bool(true)
          ["end_cursor"]=>
          string(120) "QVFENU1PTXAxVHRsY2lWOXE0ei1xSDNULXJVamlQYTVZUUlKUGg2bExqM0FxUHJtZWo5QmlZVkdncTZTNnpkLVk1d0ZFQXNMdkVrUlBpZmFBTnFfa2pUOA=="
        }
        ["edges"]=>
        array(0) {
        }
      }
    }
  }
  ["status"]=>
  string(2) "ok"
}
<br>
 No nodes!!!!!!!!!!!!!!!!!!!!!!!!!!!!!!!!<br>
 \n<br> Count: 0\n<br><br>
Client: felippetur (4)   2018-10-30 10:26:10am<br>
object(stdClass)#658 (2) {
  ["data"]=>
  object(stdClass)#302 (1) {
    ["user"]=>
    object(stdClass)#677 (1) {
      ["edge_follow"]=>
      object(stdClass)#656 (3) {
        ["count"]=>
        int(4126)
        ["page_info"]=>
        object(stdClass)#664 (2) {
          ["has_next_page"]=>
          bool(true)
          ["end_cursor"]=>
          string(120) "QVFCc1BDMjFRVXVMQnJBT2lJZk1pNDl0WTdUTDJFbVNKbUpRbkFHWVU2OG5OeU9fWG81X0lialpRRzFIRl9McEtWR3hiQ0pFeHg0US04LTdadFpIMVIxag=="
        }
        ["edges"]=>
        array(0) {
        }
      }
    }
  }
  ["status"]=>
  string(2) "ok"
}
<br>
 No nodes!!!!!!!!!!!!!!!!!!!!!!!!!!!!!!!!<br>
 \n<br> Count: 0\n<br><br>
Client: criptobraz (4)   2018-10-30 10:26:11am<br>
object(stdClass)#642 (2) {
  ["data"]=>
  object(stdClass)#640 (1) {
    ["user"]=>
    object(stdClass)#273 (1) {
      ["edge_follow"]=>
      object(stdClass)#663 (3) {
        ["count"]=>
        int(197)
        ["page_info"]=>
        object(stdClass)#441 (2) {
          ["has_next_page"]=>
          bool(true)
          ["end_cursor"]=>
          string(120) "QVFDN3lJbVRXWXRCa0gtUTg3OUpNS0NDa0RoRmlULXlmX3RJd3lYUndhZk05N05uOEN4SjF0Z0p5RzhEbEVrcEVxOHQzNmNlU1lYYWJ4WkZZdWpJUEp2Rw=="
        }
        ["edges"]=>
        array(0) {
        }
      }
    }
  }
  ["status"]=>
  string(2) "ok"
}
<br>
 No nodes!!!!!!!!!!!!!!!!!!!!!!!!!!!!!!!!<br>
 \n<br> Count: 0\n<br><br>
Client: facamerirr (5)   2018-10-30 10:26:11am<br>
object(stdClass)#664 (2) {
  ["data"]=>
  object(stdClass)#656 (1) {
    ["user"]=>
    object(stdClass)#677 (1) {
      ["edge_follow"]=>
      object(stdClass)#658 (3) {
        ["count"]=>
        int(4363)
        ["page_info"]=>
        object(stdClass)#302 (2) {
          ["has_next_page"]=>
          bool(true)
          ["end_cursor"]=>
          string(120) "QVFBUTlnRnZzS3hCWDBxMHEzMk9NS1FlT1hzUmpfSFNuYnphczZvWXZBcnl3VXR2a193Q2x6MmZ6a3VvbWg4MUptNHJWcWNWTkFqeUpyOWozQ21aNXctag=="
        }
        ["edges"]=>
        array(0) {
        }
      }
    }
  }
  ["status"]=>
  string(2) "ok"
}
<br>
 No nodes!!!!!!!!!!!!!!!!!!!!!!!!!!!!!!!!<br>
 \n<br> Count: 0\n<br><br>
Client: dioceliogoulart (5)   2018-10-30 10:26:12am<br>
\n<br> Count: 15\n<br>Profil name: talitasma<br>
object(stdClass)#672 (1) {
  ["status"]=>
  string(2) "ok"
}
<br>
Profil name: mariadelourdes2944<br>
object(stdClass)#634 (1) {
  ["status"]=>
  string(2) "ok"
}
<br>
Profil name: nathi.tx<br>
object(stdClass)#672 (1) {
  ["status"]=>
  string(2) "ok"
}
<br>
Profil name: atelieformiguinha_<br>
object(stdClass)#634 (1) {
  ["status"]=>
  string(2) "ok"
}
<br>
Profil name: netfiberonline<br>
object(stdClass)#672 (1) {
  ["status"]=>
  string(2) "ok"
}
<br>
Profil name: souflavioaugustode<br>
object(stdClass)#634 (1) {
  ["status"]=>
  string(2) "ok"
}
<br>
Profil name: brendabruder<br>
object(stdClass)#672 (1) {
  ["status"]=>
  string(2) "ok"
}
<br>
Profil name: festivalsoprarir<br>
object(stdClass)#634 (1) {
  ["status"]=>
  string(2) "ok"
}
<br>
Profil name: elliascruzeirensemg<br>
object(stdClass)#672 (1) {
  ["status"]=>
  string(2) "ok"
}
<br>
Profil name: jcorreiodacidade<br>
object(stdClass)#634 (1) {
  ["status"]=>
  string(2) "ok"
}
<br>
Profil name: fredericoafmarques<br>
object(stdClass)#672 (1) {
  ["status"]=>
  string(2) "ok"
}
<br>
Profil name: _samuelgonzaga<br>
object(stdClass)#634 (1) {
  ["status"]=>
  string(2) "ok"
}
<br>
Profil name: alvinopolisprefeitura<br>
object(stdClass)#672 (1) {
  ["status"]=>
  string(2) "ok"
}
<br>
Profil name: espindolarochaer<br>
object(stdClass)#634 (1) {
  ["status"]=>
  string(2) "ok"
}
<br>
Profil name: luciarealilemos<br>
object(stdClass)#672 (1) {
  ["status"]=>
  string(2) "ok"
}
<br>
<br>
Client: baile_de_camelo (1)   2018-10-30 10:46:36am<br>
\n<br> Count: 15\n<br>Profil name: divugirls_<br>
object(stdClass)#681 (1) {
  ["status"]=>
  string(2) "ok"
}
<br>
Profil name: misaelvicente03<br>
object(stdClass)#672 (1) {
  ["status"]=>
  string(2) "ok"
}
<br>
Profil name: planocintya<br>
object(stdClass)#681 (1) {
  ["status"]=>
  string(2) "ok"
}
<br>
Profil name: magazinecruxx<br>
object(stdClass)#672 (1) {
  ["status"]=>
  string(2) "ok"
}
<br>
Profil name: adriano_dam_sant<br>
object(stdClass)#681 (1) {
  ["status"]=>
  string(2) "ok"
}
<br>
Profil name: marciompr<br>
object(stdClass)#672 (1) {
  ["status"]=>
  string(2) "ok"
}
<br>
Profil name: elegancia_carimbos<br>
object(stdClass)#681 (1) {
  ["status"]=>
  string(2) "ok"
}
<br>
Profil name: showmarquesoficial<br>
object(stdClass)#672 (1) {
  ["status"]=>
  string(2) "ok"
}
<br>
Profil name: pioitatinga<br>
object(stdClass)#681 (1) {
  ["status"]=>
  string(2) "ok"
}
<br>
Profil name: saidomeuperfil<br>
object(stdClass)#672 (1) {
  ["status"]=>
  string(2) "ok"
}
<br>
Profil name: morandinicelso<br>
object(stdClass)#681 (1) {
  ["status"]=>
  string(2) "ok"
}
<br>
Profil name: haluna.suzaku<br>
object(stdClass)#672 (1) {
  ["status"]=>
  string(2) "ok"
}
<br>
Profil name: tablaotiempodegitanos<br>
object(stdClass)#681 (1) {
  ["status"]=>
  string(2) "ok"
}
<br>
Profil name: mariajoseisla29<br>
object(stdClass)#672 (1) {
  ["status"]=>
  string(2) "ok"
}
<br>
Profil name: beatmaker_pirulex<br>
object(stdClass)#681 (1) {
  ["status"]=>
  string(2) "ok"
}
<br>
<br>
Client: amaassessoria (4)   2018-10-30 10:46:50am<br>
object(stdClass)#626 (2) {
  ["data"]=>
  object(stdClass)#676 (1) {
    ["user"]=>
    object(stdClass)#310 (1) {
      ["edge_follow"]=>
      object(stdClass)#672 (3) {
        ["count"]=>
        int(764)
        ["page_info"]=>
        object(stdClass)#448 (2) {
          ["has_next_page"]=>
          bool(true)
          ["end_cursor"]=>
          string(120) "QVFDTG9TaUE1X3VWYUROa21BQ1dtdE5yNU1sT0M0UU0zMHlIZjNBVVZUV2ZkSGx5NWtrMmJ2ZWhrZkRmZGRpb1o5NVVvS0NDcmZTZ2U1Uk53VUpwUThvZg=="
        }
        ["edges"]=>
        array(0) {
        }
      }
    }
  }
  ["status"]=>
  string(2) "ok"
}
<br>
 No nodes!!!!!!!!!!!!!!!!!!!!!!!!!!!!!!!!<br>
 \n<br> Count: 0\n<br><br>
Client: felippetur (4)   2018-10-30 10:46:50am<br>
object(stdClass)#250 (2) {
  ["data"]=>
  object(stdClass)#636 (1) {
    ["user"]=>
    object(stdClass)#251 (1) {
      ["edge_follow"]=>
      object(stdClass)#645 (3) {
        ["count"]=>
        int(4126)
        ["page_info"]=>
        object(stdClass)#608 (2) {
          ["has_next_page"]=>
          bool(true)
          ["end_cursor"]=>
          string(120) "QVFESlJ5c25uMXI4R0pCVlY2cjFteFBoUTJDUWI3RWRBeHFRVExCcHp2ZkxUNFJzTTBGc25MbnNabFRjQ2VqRHoyUklsUG5RNVhNOU93VHZZZFRkVFdLOA=="
        }
        ["edges"]=>
        array(0) {
        }
      }
    }
  }
  ["status"]=>
  string(2) "ok"
}
<br>
 No nodes!!!!!!!!!!!!!!!!!!!!!!!!!!!!!!!!<br>
 \n<br> Count: 0\n<br><br>
Client: criptobraz (4)   2018-10-30 10:46:50am<br>
object(stdClass)#448 (2) {
  ["data"]=>
  object(stdClass)#672 (1) {
    ["user"]=>
    object(stdClass)#310 (1) {
      ["edge_follow"]=>
      object(stdClass)#626 (3) {
        ["count"]=>
        int(197)
        ["page_info"]=>
        object(stdClass)#676 (2) {
          ["has_next_page"]=>
          bool(true)
          ["end_cursor"]=>
          string(120) "QVFDdlNtcjNIUGpDVG5aVVFkYy1ZVExFOVFlSWp4WjRCbnhNUzFpR1Nkbk1nVl9TaDFRRGhPYzlSdzFuLWd4MDFQRXVGQWkwOU04d09UVDN1d3hrNFFvcQ=="
        }
        ["edges"]=>
        array(0) {
        }
      }
    }
  }
  ["status"]=>
  string(2) "ok"
}
<br>
 No nodes!!!!!!!!!!!!!!!!!!!!!!!!!!!!!!!!<br>
 \n<br> Count: 0\n<br><br>
Client: facamerirr (5)   2018-10-30 10:46:51am<br>
object(stdClass)#608 (2) {
  ["data"]=>
  object(stdClass)#645 (1) {
    ["user"]=>
    object(stdClass)#251 (1) {
      ["edge_follow"]=>
      object(stdClass)#250 (3) {
        ["count"]=>
        int(4363)
        ["page_info"]=>
        object(stdClass)#636 (2) {
          ["has_next_page"]=>
          bool(true)
          ["end_cursor"]=>
          string(120) "QVFEb295eGloMG1oQzNqVTlVWmFka0F3VHhFWUxqaFNXVTRCWkQ2ZzB3TjF1VWJxcy1ZQ19YXzU5dFZiNlg3VGQ4dDB6MW1URGFRajdtODNqUVhISGY0Uw=="
        }
        ["edges"]=>
        array(0) {
        }
      }
    }
  }
  ["status"]=>
  string(2) "ok"
}
<br>
 No nodes!!!!!!!!!!!!!!!!!!!!!!!!!!!!!!!!<br>
 \n<br> Count: 0\n<br><br>
Client: dioceliogoulart (5)   2018-10-30 10:46:51am<br>
\n<br> Count: 15\n<br>Profil name: breshopinho_<br>
object(stdClass)#635 (1) {
  ["status"]=>
  string(2) "ok"
}
<br>
Profil name: hotelgranodaracuiaba<br>
object(stdClass)#681 (1) {
  ["status"]=>
  string(2) "ok"
}
<br>
Profil name: giovanalaka<br>
object(stdClass)#635 (1) {
  ["status"]=>
  string(2) "ok"
}
<br>
Profil name: positivaagencia<br>
object(stdClass)#681 (1) {
  ["status"]=>
  string(2) "ok"
}
<br>
Profil name: danylosilva40<br>
object(stdClass)#635 (1) {
  ["status"]=>
  string(2) "ok"
}
<br>
Profil name: conmsex<br>
object(stdClass)#681 (1) {
  ["status"]=>
  string(2) "ok"
}
<br>
Profil name: giselaregina<br>
object(stdClass)#635 (1) {
  ["status"]=>
  string(2) "ok"
}
<br>
Profil name: eduardoyukii<br>
object(stdClass)#681 (1) {
  ["status"]=>
  string(2) "ok"
}
<br>
Profil name: spmakerweek<br>
object(stdClass)#635 (1) {
  ["status"]=>
  string(2) "ok"
}
<br>
Profil name: dinamiza.transportes<br>
object(stdClass)#681 (1) {
  ["status"]=>
  string(2) "ok"
}
<br>
Profil name: amandacristina.oliver<br>
object(stdClass)#635 (1) {
  ["status"]=>
  string(2) "ok"
}
<br>
Profil name: aj.unior<br>
object(stdClass)#681 (1) {
  ["status"]=>
  string(2) "ok"
}
<br>
Profil name: neiaevangelista<br>
object(stdClass)#635 (1) {
  ["status"]=>
  string(2) "ok"
}
<br>
Profil name: juliannytrindade<br>
object(stdClass)#681 (1) {
  ["status"]=>
  string(2) "ok"
}
<br>
Profil name: lucaseli.dornelas<br>
object(stdClass)#635 (1) {
  ["status"]=>
  string(2) "ok"
}
<br>
<br>
Client: baile_de_camelo (1)   2018-10-30 11:07:14am<br>
\n<br> Count: 15\n<br>Profil name: karolinesantoss_<br>
object(stdClass)#668 (1) {
  ["status"]=>
  string(2) "ok"
}
<br>
Profil name: adrianodj.oficiial<br>
object(stdClass)#635 (1) {
  ["status"]=>
  string(2) "ok"
}
<br>
Profil name: giccs<br>
object(stdClass)#668 (1) {
  ["status"]=>
  string(2) "ok"
}
<br>
Profil name: o_incomum<br>
object(stdClass)#635 (1) {
  ["status"]=>
  string(2) "ok"
}
<br>
Profil name: lushondadragqueen<br>
object(stdClass)#668 (1) {
  ["status"]=>
  string(2) "ok"
}
<br>
Profil name: pedrosolla<br>
object(stdClass)#635 (1) {
  ["status"]=>
  string(2) "ok"
}
<br>
Profil name: miguel.jabur<br>
object(stdClass)#668 (1) {
  ["status"]=>
  string(2) "ok"
}
<br>
Profil name: jr_s.jay<br>
object(stdClass)#635 (1) {
  ["status"]=>
  string(2) "ok"
}
<br>
Profil name: bandaagregados<br>
object(stdClass)#668 (1) {
  ["status"]=>
  string(2) "ok"
}
<br>
Profil name: jrbatatinha<br>
object(stdClass)#635 (1) {
  ["status"]=>
  string(2) "ok"
}
<br>
Profil name: djbokampc<br>
object(stdClass)#668 (1) {
  ["status"]=>
  string(2) "ok"
}
<br>
Profil name: vipsoundprod<br>
object(stdClass)#635 (1) {
  ["status"]=>
  string(2) "ok"
}
<br>
Profil name: djwaguinhompc<br>
object(stdClass)#668 (1) {
  ["status"]=>
  string(2) "ok"
}
<br>
Profil name: bruninhoobit_<br>
object(stdClass)#635 (1) {
  ["status"]=>
  string(2) "ok"
}
<br>
Profil name: cherry.red2<br>
object(stdClass)#668 (1) {
  ["status"]=>
  string(2) "ok"
}
<br>
<br>
Client: amaassessoria (4)   2018-10-30 11:07:27am<br>
object(stdClass)#677 (2) {
  ["data"]=>
  object(stdClass)#656 (1) {
    ["user"]=>
    object(stdClass)#661 (1) {
      ["edge_follow"]=>
      object(stdClass)#635 (3) {
        ["count"]=>
        int(764)
        ["page_info"]=>
        object(stdClass)#667 (2) {
          ["has_next_page"]=>
          bool(true)
          ["end_cursor"]=>
          string(120) "QVFETF83OFJtQ3dvbE9rTi1WbkNRWEp2d0t6QXhyQjRXelZaZlBJX0tjRHdHVEtnaWFwX2pFQVQxZWtpTUJ3VlF1RlZoT2JET0pDM3I5S20xNXlEMU1iZA=="
        }
        ["edges"]=>
        array(0) {
        }
      }
    }
  }
  ["status"]=>
  string(2) "ok"
}
<br>
 No nodes!!!!!!!!!!!!!!!!!!!!!!!!!!!!!!!!<br>
 \n<br> Count: 0\n<br><br>
Client: felippetur (4)   2018-10-30 11:07:28am<br>
object(stdClass)#669 (2) {
  ["data"]=>
  object(stdClass)#441 (1) {
    ["user"]=>
    object(stdClass)#663 (1) {
      ["edge_follow"]=>
      object(stdClass)#639 (3) {
        ["count"]=>
        int(4126)
        ["page_info"]=>
        object(stdClass)#273 (2) {
          ["has_next_page"]=>
          bool(true)
          ["end_cursor"]=>
          string(120) "QVFBNVlyYzNLTENDNWVMU2x1WWRNV3VPQ3FYVnhjSk5VV0VRSlEzdmE0bnpWT0Uxd3M1ZFZDWnlpMXJldXhRTHNELXI5ZXdUQXk1cU5BOWNIVHphMDN6MQ=="
        }
        ["edges"]=>
        array(0) {
        }
      }
    }
  }
  ["status"]=>
  string(2) "ok"
}
<br>
 No nodes!!!!!!!!!!!!!!!!!!!!!!!!!!!!!!!!<br>
 \n<br> Count: 0\n<br><br>
Client: criptobraz (4)   2018-10-30 11:07:28am<br>
object(stdClass)#667 (2) {
  ["data"]=>
  object(stdClass)#635 (1) {
    ["user"]=>
    object(stdClass)#661 (1) {
      ["edge_follow"]=>
      object(stdClass)#677 (3) {
        ["count"]=>
        int(197)
        ["page_info"]=>
        object(stdClass)#656 (2) {
          ["has_next_page"]=>
          bool(true)
          ["end_cursor"]=>
          string(120) "QVFEWVhhZ21qMG1lWi1YVEFzQUU1Q25FbVpocUFla2FLYXZ5c1dsT1Fra1VMQW0zQ0wzeU53Z2hDLWNPRWd2ekxESlNUZjB5Sm9qVzRuOGg5QVVtajd3RA=="
        }
        ["edges"]=>
        array(0) {
        }
      }
    }
  }
  ["status"]=>
  string(2) "ok"
}
<br>
 No nodes!!!!!!!!!!!!!!!!!!!!!!!!!!!!!!!!<br>
 \n<br> Count: 0\n<br><br>
Client: facamerirr (5)   2018-10-30 11:07:29am<br>
object(stdClass)#273 (2) {
  ["data"]=>
  object(stdClass)#639 (1) {
    ["user"]=>
    object(stdClass)#663 (1) {
      ["edge_follow"]=>
      object(stdClass)#669 (3) {
        ["count"]=>
        int(4363)
        ["page_info"]=>
        object(stdClass)#441 (2) {
          ["has_next_page"]=>
          bool(true)
          ["end_cursor"]=>
          string(120) "QVFBTndhRHMzTEdPbnhjeDd6NGFxWGk1VVlXd3Qtc2t6UVh0LWZSSGpNYXlDY3ZaMXJWdFRfZmlORlBvM29oMDJYVk5sUGFBcjhITlVaeWJLdUVSZUpzag=="
        }
        ["edges"]=>
        array(0) {
        }
      }
    }
  }
  ["status"]=>
  string(2) "ok"
}
<br>
 No nodes!!!!!!!!!!!!!!!!!!!!!!!!!!!!!!!!<br>
 \n<br> Count: 0\n<br><br>
Client: dioceliogoulart (5)   2018-10-30 11:07:29am<br>
\n<br> Count: 15\n<br>Profil name: hunsbrigadeiro<br>
object(stdClass)#660 (1) {
  ["status"]=>
  string(2) "ok"
}
<br>
Profil name: nutrisoftsaint<br>
object(stdClass)#668 (1) {
  ["status"]=>
  string(2) "ok"
}
<br>
Profil name: charmediniz_<br>
object(stdClass)#660 (1) {
  ["status"]=>
  string(2) "ok"
}
<br>
Profil name: plcorrea2<br>
object(stdClass)#668 (1) {
  ["status"]=>
  string(2) "ok"
}
<br>
Profil name: maamelodies<br>
object(stdClass)#660 (1) {
  ["status"]=>
  string(2) "ok"
}
<br>
Profil name: davidsouzalima14<br>
object(stdClass)#668 (1) {
  ["status"]=>
  string(2) "ok"
}
<br>
Profil name: previatoqueirozadvocacia<br>
object(stdClass)#660 (1) {
  ["status"]=>
  string(2) "ok"
}
<br>
Profil name: umamineirafotografou<br>
object(stdClass)#668 (1) {
  ["status"]=>
  string(2) "ok"
}
<br>
Profil name: debora10lopez<br>
object(stdClass)#660 (1) {
  ["status"]=>
  string(2) "ok"
}
<br>
Profil name: leept_ufmg<br>
object(stdClass)#668 (1) {
  ["status"]=>
  string(2) "ok"
}
<br>
Profil name: santlook<br>
object(stdClass)#660 (1) {
  ["status"]=>
  string(2) "ok"
}
<br>
Profil name: profdanicoelho<br>
object(stdClass)#668 (1) {
  ["status"]=>
  string(2) "ok"
}
<br>
Profil name: santacasadeclaudio<br>
object(stdClass)#660 (1) {
  ["status"]=>
  string(2) "ok"
}
<br>
Profil name: brakyoncald01<br>
object(stdClass)#668 (1) {
  ["status"]=>
  string(2) "ok"
}
<br>
Profil name: imobiliarialucro<br>
object(stdClass)#660 (1) {
  ["status"]=>
  string(2) "ok"
}
<br>
<br>
Client: baile_de_camelo (1)   2018-10-30 11:27:49am<br>
\n<br> Count: 15\n<br>Profil name: arslanov_07<br>
object(stdClass)#642 (1) {
  ["status"]=>
  string(2) "ok"
}
<br>
Profil name: x_fata_anonima<br>
object(stdClass)#660 (1) {
  ["status"]=>
  string(2) "ok"
}
<br>
Profil name: brunocnt561<br>
object(stdClass)#642 (1) {
  ["status"]=>
  string(2) "ok"
}
<br>
Profil name: roh_salles25<br>
object(stdClass)#660 (1) {
  ["status"]=>
  string(2) "ok"
}
<br>
Profil name: cristibaeta<br>
object(stdClass)#642 (1) {
  ["status"]=>
  string(2) "ok"
}
<br>
Profil name: geruzahonorato933<br>
object(stdClass)#660 (1) {
  ["status"]=>
  string(2) "ok"
}
<br>
Profil name: thamaradeo<br>
object(stdClass)#642 (1) {
  ["status"]=>
  string(2) "ok"
}
<br>
Profil name: elaidearte<br>
object(stdClass)#660 (1) {
  ["status"]=>
  string(2) "ok"
}
<br>
Profil name: ruandasilvahenrique<br>
object(stdClass)#642 (1) {
  ["status"]=>
  string(2) "ok"
}
<br>
Profil name: baile_da_r3<br>
object(stdClass)#660 (1) {
  ["status"]=>
  string(2) "ok"
}
<br>
Profil name: _lariihelena<br>
object(stdClass)#642 (1) {
  ["status"]=>
  string(2) "ok"
}
<br>
Profil name: mariagabrielaarellanor<br>
object(stdClass)#660 (1) {
  ["status"]=>
  string(2) "ok"
}
<br>
Profil name: fccarolina<br>
object(stdClass)#642 (1) {
  ["status"]=>
  string(2) "ok"
}
<br>
Profil name: thejointburguer<br>
object(stdClass)#660 (1) {
  ["status"]=>
  string(2) "ok"
}
<br>
Profil name: laurianocarolina<br>
object(stdClass)#642 (1) {
  ["status"]=>
  string(2) "ok"
}
<br>
<br>
Client: amaassessoria (4)   2018-10-30 11:28:03am<br>
object(stdClass)#251 (2) {
  ["data"]=>
  object(stdClass)#645 (1) {
    ["user"]=>
    object(stdClass)#640 (1) {
      ["edge_follow"]=>
      object(stdClass)#660 (3) {
        ["count"]=>
        int(764)
        ["page_info"]=>
        object(stdClass)#682 (2) {
          ["has_next_page"]=>
          bool(true)
          ["end_cursor"]=>
          string(120) "QVFEQUI3Z0ZoMVNBX240aTFtVndzZ0tJdUdzTVR6dWQwNmw3VXJJMGV2UFZ4ZHJFdERVSlpLbE9DZTVxNmdFTjBiYVVpZV9mRGcydFhwb0cwX1JQQ3ctYQ=="
        }
        ["edges"]=>
        array(0) {
        }
      }
    }
  }
  ["status"]=>
  string(2) "ok"
}
<br>
 No nodes!!!!!!!!!!!!!!!!!!!!!!!!!!!!!!!!<br>
 \n<br> Count: 0\n<br><br>
Client: felippetur (4)   2018-10-30 11:28:03am<br>
object(stdClass)#255 (2) {
  ["data"]=>
  object(stdClass)#676 (1) {
    ["user"]=>
    object(stdClass)#626 (1) {
      ["edge_follow"]=>
      object(stdClass)#664 (3) {
        ["count"]=>
        int(4126)
        ["page_info"]=>
        object(stdClass)#310 (2) {
          ["has_next_page"]=>
          bool(true)
          ["end_cursor"]=>
          string(120) "QVFEYzNDUnJoTjRMM0VtSDl2V2dGQUxReW4tTTAybmFuTnVtTjdCS3A4Q1ZuLUJLQ1ctbFA3dWQ4Sk4wZ2p3aHZpZ3Y2UDhMd1FId0xKLVp5bFRUQVhfdA=="
        }
        ["edges"]=>
        array(0) {
        }
      }
    }
  }
  ["status"]=>
  string(2) "ok"
}
<br>
 No nodes!!!!!!!!!!!!!!!!!!!!!!!!!!!!!!!!<br>
 \n<br> Count: 0\n<br><br>
Client: criptobraz (4)   2018-10-30 11:28:03am<br>
object(stdClass)#682 (2) {
  ["data"]=>
  object(stdClass)#660 (1) {
    ["user"]=>
    object(stdClass)#640 (1) {
      ["edge_follow"]=>
      object(stdClass)#251 (3) {
        ["count"]=>
        int(197)
        ["page_info"]=>
        object(stdClass)#645 (2) {
          ["has_next_page"]=>
          bool(true)
          ["end_cursor"]=>
          string(120) "QVFCekF4U0Q2X1k2cTJJLTlrcUxqRjdnNmxKQl9OYVRTcWJFYVpKc1ZfMEdOZE5adDNuUWlxeE1oS0k5SFdKcU5tX01wbFY5aEcwcUxybWJvT3FtaklwUA=="
        }
        ["edges"]=>
        array(0) {
        }
      }
    }
  }
  ["status"]=>
  string(2) "ok"
}
<br>
 No nodes!!!!!!!!!!!!!!!!!!!!!!!!!!!!!!!!<br>
 \n<br> Count: 0\n<br><br>
Client: facamerirr (5)   2018-10-30 11:28:04am<br>
object(stdClass)#310 (2) {
  ["data"]=>
  object(stdClass)#664 (1) {
    ["user"]=>
    object(stdClass)#626 (1) {
      ["edge_follow"]=>
      object(stdClass)#255 (3) {
        ["count"]=>
        int(4363)
        ["page_info"]=>
        object(stdClass)#676 (2) {
          ["has_next_page"]=>
          bool(true)
          ["end_cursor"]=>
          string(120) "QVFBS2hvRTJmRzN2TkdtNXlYT1FxLWdyS0Z6ZDBhb2hvZzR5ZG9MUmZmWERMczczTG5QaVJrZlZGTkZBTVlEaHRnMnJUSnQzRUFobktiVHZaR1FvdnJSRQ=="
        }
        ["edges"]=>
        array(0) {
        }
      }
    }
  }
  ["status"]=>
  string(2) "ok"
}
<br>
 No nodes!!!!!!!!!!!!!!!!!!!!!!!!!!!!!!!!<br>
 \n<br> Count: 0\n<br><br>
Client: dioceliogoulart (5)   2018-10-30 11:28:04am<br>
\n<br> Count: 15\n<br>Profil name: ricardo.normand<br>
object(stdClass)#637 (1) {
  ["status"]=>
  string(2) "ok"
}
<br>
Profil name: janafenix01<br>
object(stdClass)#642 (1) {
  ["status"]=>
  string(2) "ok"
}
<br>
Profil name: patriciagdufmg<br>
object(stdClass)#637 (1) {
  ["status"]=>
  string(2) "ok"
}
<br>
Profil name: josyannibispo<br>
object(stdClass)#642 (1) {
  ["status"]=>
  string(2) "ok"
}
<br>
Profil name: magofilmesepropaganda<br>
object(stdClass)#637 (1) {
  ["status"]=>
  string(2) "ok"
}
<br>
Profil name: simonemonesilva.ss<br>
object(stdClass)#642 (1) {
  ["status"]=>
  string(2) "ok"
}
<br>
Profil name: priscila_ljacote<br>
object(stdClass)#637 (1) {
  ["status"]=>
  string(2) "ok"
}
<br>
Profil name: isissalessampaio<br>
object(stdClass)#642 (1) {
  ["status"]=>
  string(2) "ok"
}
<br>
Profil name: brenojunio96<br>
object(stdClass)#637 (1) {
  ["status"]=>
  string(2) "ok"
}
<br>
Profil name: tata.nigga<br>
object(stdClass)#642 (1) {
  ["status"]=>
  string(2) "ok"
}
<br>
Profil name: liguesite_sorocaba<br>
object(stdClass)#637 (1) {
  ["status"]=>
  string(2) "ok"
}
<br>
Profil name: homecarepe<br>
object(stdClass)#642 (1) {
  ["status"]=>
  string(2) "ok"
}
<br>
Profil name: pleal_dutra<br>
object(stdClass)#637 (1) {
  ["status"]=>
  string(2) "ok"
}
<br>
Profil name: betobertozi<br>
object(stdClass)#642 (1) {
  ["status"]=>
  string(2) "ok"
}
<br>
Profil name: yellowtalita<br>
object(stdClass)#637 (1) {
  ["status"]=>
  string(2) "ok"
}
<br>
<br>
Client: baile_de_camelo (1)   2018-10-30 11:48:27am<br>
\n<br> Count: 15\n<br>Profil name: puts.erica<br>
object(stdClass)#448 (1) {
  ["status"]=>
  string(2) "ok"
}
<br>
Profil name: anacristinavcabral<br>
object(stdClass)#637 (1) {
  ["status"]=>
  string(2) "ok"
}
<br>
Profil name: luabordados<br>
object(stdClass)#448 (1) {
  ["status"]=>
  string(2) "ok"
}
<br>
Profil name: beatrizsoaressz<br>
object(stdClass)#637 (1) {
  ["status"]=>
  string(2) "ok"
}
<br>
Profil name: cleuzadiasbrandao<br>
object(stdClass)#448 (1) {
  ["status"]=>
  string(2) "ok"
}
<br>
Profil name: wellbrasiloficial<br>
object(stdClass)#637 (1) {
  ["status"]=>
  string(2) "ok"
}
<br>
Profil name: isabella.fariia<br>
object(stdClass)#448 (1) {
  ["status"]=>
  string(2) "ok"
}
<br>
Profil name: ledirporto<br>
object(stdClass)#637 (1) {
  ["status"]=>
  string(2) "ok"
}
<br>
Profil name: iridiumlabses<br>
object(stdClass)#448 (1) {
  ["status"]=>
  string(2) "ok"
}
<br>
Profil name: eibernardomaia_<br>
object(stdClass)#637 (1) {
  ["status"]=>
  string(2) "ok"
}
<br>
Profil name: raphaelabstos<br>
object(stdClass)#448 (1) {
  ["status"]=>
  string(2) "ok"
}
<br>
Profil name: chiabairicardo<br>
object(stdClass)#637 (1) {
  ["status"]=>
  string(2) "ok"
}
<br>
Profil name: fagnerharry<br>
object(stdClass)#448 (1) {
  ["status"]=>
  string(2) "ok"
}
<br>
Profil name: rainhafazassimoficial<br>
object(stdClass)#637 (1) {
  ["status"]=>
  string(2) "ok"
}
<br>
Profil name: brunamarquezineee_<br>
object(stdClass)#448 (1) {
  ["status"]=>
  string(2) "ok"
}
<br>
<br>
Client: amaassessoria (4)   2018-10-30 11:48:41am<br>
object(stdClass)#663 (2) {
  ["data"]=>
  object(stdClass)#639 (1) {
    ["user"]=>
    object(stdClass)#672 (1) {
      ["edge_follow"]=>
      object(stdClass)#637 (3) {
        ["count"]=>
        int(764)
        ["page_info"]=>
        object(stdClass)#634 (2) {
          ["has_next_page"]=>
          bool(true)
          ["end_cursor"]=>
          string(120) "QVFEYl9FRksyR3d3LU5RU0VJTDBfME91SE9hdzllekFSVFdfd2lyRXd6djkyMmdNRkE2TG9jSlJUamYteXlMWkhHWDV3QVg0ajc5VXdmczN2eTZVdVYzYw=="
        }
        ["edges"]=>
        array(0) {
        }
      }
    }
  }
  ["status"]=>
  string(2) "ok"
}
<br>
 No nodes!!!!!!!!!!!!!!!!!!!!!!!!!!!!!!!!<br>
 \n<br> Count: 0\n<br><br>
Client: felippetur (4)   2018-10-30 11:48:41am<br>
object(stdClass)#657 (2) {
  ["data"]=>
  object(stdClass)#656 (1) {
    ["user"]=>
    object(stdClass)#677 (1) {
      ["edge_follow"]=>
      object(stdClass)#608 (3) {
        ["count"]=>
        int(4126)
        ["page_info"]=>
        object(stdClass)#661 (2) {
          ["has_next_page"]=>
          bool(true)
          ["end_cursor"]=>
          string(120) "QVFBb1d3RDFqdWE1OWtCVVVlU1R2X3R0VDVhNDhpYzlSbm02U3BsZG5KeU1pemktd0I1MjV3R1VCS3lZUG5JUlRqVXVXc2tOV2hHamUzQWtVTHQwUnhKYg=="
        }
        ["edges"]=>
        array(0) {
        }
      }
    }
  }
  ["status"]=>
  string(2) "ok"
}
<br>
 No nodes!!!!!!!!!!!!!!!!!!!!!!!!!!!!!!!!<br>
 \n<br> Count: 0\n<br><br>
Client: criptobraz (4)   2018-10-30 11:48:42am<br>
object(stdClass)#634 (2) {
  ["data"]=>
  object(stdClass)#637 (1) {
    ["user"]=>
    object(stdClass)#672 (1) {
      ["edge_follow"]=>
      object(stdClass)#663 (3) {
        ["count"]=>
        int(197)
        ["page_info"]=>
        object(stdClass)#639 (2) {
          ["has_next_page"]=>
          bool(true)
          ["end_cursor"]=>
          string(120) "QVFDS3FneS1tRlJUWGdMTVAzdG51T0UwNi13NTBZSC14bktGVFd3dUpJcmJFenhtUXlaRzF6MEdYUVhZNU1ldjM4OUpPeW1mS3lKcnhYTWNHM0FYdWNkQw=="
        }
        ["edges"]=>
        array(0) {
        }
      }
    }
  }
  ["status"]=>
  string(2) "ok"
}
<br>
 No nodes!!!!!!!!!!!!!!!!!!!!!!!!!!!!!!!!<br>
 \n<br> Count: 0\n<br><br>
Client: facamerirr (5)   2018-10-30 11:48:42am<br>
object(stdClass)#661 (2) {
  ["data"]=>
  object(stdClass)#608 (1) {
    ["user"]=>
    object(stdClass)#677 (1) {
      ["edge_follow"]=>
      object(stdClass)#657 (3) {
        ["count"]=>
        int(4363)
        ["page_info"]=>
        object(stdClass)#656 (2) {
          ["has_next_page"]=>
          bool(true)
          ["end_cursor"]=>
          string(120) "QVFDd3VCTmdXalFuRVV6TDV5YjY0NFVFc09EQ2JrQ2tfZDBlM3FYX2JUUHlIa25tVlB2Sll3Nm9EOG01bnlqZmVqNG9HckUwR3A0SXZBSFdqQlZmaERCNg=="
        }
        ["edges"]=>
        array(0) {
        }
      }
    }
  }
  ["status"]=>
  string(2) "ok"
}
<br>
 No nodes!!!!!!!!!!!!!!!!!!!!!!!!!!!!!!!!<br>
 \n<br> Count: 0\n<br><br>
Client: dioceliogoulart (5)   2018-10-30 11:48:42am<br>
\n<br> Count: 11\n<br>Profil name: klinger.jr<br>
object(stdClass)#658 (1) {
  ["status"]=>
  string(2) "ok"
}
<br>
Profil name: elbrujo.store<br>
object(stdClass)#448 (1) {
  ["status"]=>
  string(2) "ok"
}
<br>
Profil name: liliane_pons_<br>
object(stdClass)#658 (1) {
  ["status"]=>
  string(2) "ok"
}
<br>
Profil name: escuderobruno<br>
object(stdClass)#448 (1) {
  ["status"]=>
  string(2) "ok"
}
<br>
Profil name: vitoriarcabral<br>
object(stdClass)#658 (1) {
  ["status"]=>
  string(2) "ok"
}
<br>
Profil name: agenciadigitala2<br>
object(stdClass)#448 (1) {
  ["status"]=>
  string(2) "ok"
}
<br>
Profil name: giapponezza<br>
object(stdClass)#658 (1) {
  ["status"]=>
  string(2) "ok"
}
<br>
Profil name: rafaellaasis<br>
object(stdClass)#448 (1) {
  ["status"]=>
  string(2) "ok"
}
<br>
Profil name: dani_quadri<br>
object(stdClass)#658 (1) {
  ["status"]=>
  string(2) "ok"
}
<br>
Profil name: gabriel.ghm<br>
object(stdClass)#448 (1) {
  ["status"]=>
  string(2) "ok"
}
<br>
Profil name: yaraconradomakeup<br>
object(stdClass)#658 (1) {
  ["status"]=>
  string(2) "ok"
}
<br>
<br>
Client: baile_de_camelo (1)   2018-10-30 12:09:00pm<br>
\n<br> Count: 15\n<br>Profil name: tonzaochagas<br>
object(stdClass)#554 (1) {
  ["status"]=>
  string(2) "ok"
}
<br>
Profil name: familiabeats_ofc<br>
object(stdClass)#658 (1) {
  ["status"]=>
  string(2) "ok"
}
<br>
Profil name: rafael.santoro<br>
object(stdClass)#554 (1) {
  ["status"]=>
  string(2) "ok"
}
<br>
Profil name: griffefabianapires<br>
object(stdClass)#658 (1) {
  ["status"]=>
  string(2) "ok"
}
<br>
Profil name: closetdelmare<br>
object(stdClass)#554 (1) {
  ["status"]=>
  string(2) "ok"
}
<br>
Profil name: renanleser<br>
object(stdClass)#658 (1) {
  ["status"]=>
  string(2) "ok"
}
<br>
Profil name: festasinrj<br>
object(stdClass)#554 (1) {
  ["status"]=>
  string(2) "ok"
}
<br>
Profil name: cesarlock007<br>
object(stdClass)#658 (1) {
  ["status"]=>
  string(2) "ok"
}
<br>
Profil name: humbamilho<br>
object(stdClass)#554 (1) {
  ["status"]=>
  string(2) "ok"
}
<br>
Profil name: girlsfashiontrends_<br>
object(stdClass)#658 (1) {
  ["status"]=>
  string(2) "ok"
}
<br>
Profil name: jccustodio88<br>
object(stdClass)#554 (1) {
  ["status"]=>
  string(2) "ok"
}
<br>
Profil name: guimps<br>
object(stdClass)#658 (1) {
  ["status"]=>
  string(2) "ok"
}
<br>
Profil name: 1one_life1111<br>
object(stdClass)#554 (1) {
  ["status"]=>
  string(2) "ok"
}
<br>
Profil name: d_lopes21<br>
object(stdClass)#658 (1) {
  ["status"]=>
  string(2) "ok"
}
<br>
Profil name: guilherme_burda<br>
object(stdClass)#554 (1) {
  ["status"]=>
  string(2) "ok"
}
<br>
<br>
Client: amaassessoria (4)   2018-10-30 12:09:15pm<br>
object(stdClass)#449 (2) {
  ["data"]=>
  object(stdClass)#268 (1) {
    ["user"]=>
    object(stdClass)#638 (1) {
      ["edge_follow"]=>
      object(stdClass)#658 (3) {
        ["count"]=>
        int(764)
        ["page_info"]=>
        object(stdClass)#633 (2) {
          ["has_next_page"]=>
          bool(true)
          ["end_cursor"]=>
          string(120) "QVFCcFEwLVNBcmdUVVMtWno4WFdBWkMwWl9yUjl3UXJyckdBR3lkX0RUVkFYcUgzV3RGQmkwYUhRck40UUlKUUlxOV9UQ0d1MnRoNWZCT1BSOF8zYnFtRA=="
        }
        ["edges"]=>
        array(0) {
        }
      }
    }
  }
  ["status"]=>
  string(2) "ok"
}
<br>
 No nodes!!!!!!!!!!!!!!!!!!!!!!!!!!!!!!!!<br>
 \n<br> Count: 0\n<br><br>
Client: felippetur (4)   2018-10-30 12:09:16pm<br>
object(stdClass)#266 (2) {
  ["data"]=>
  object(stdClass)#265 (1) {
    ["user"]=>
    object(stdClass)#263 (1) {
      ["edge_follow"]=>
      object(stdClass)#259 (3) {
        ["count"]=>
        int(4126)
        ["page_info"]=>
        object(stdClass)#249 (2) {
          ["has_next_page"]=>
          bool(true)
          ["end_cursor"]=>
          string(120) "QVFCSHVXT2xjNXIzTXp2bllzZ1Q5MGxZUTdZQ09WUjVuWlNveDRnS014dlJHX0JNLVg3SVp0SUJ1NHpEaG5FdmQxUkdsanc4Rm1TU1lERndSRVBhOE5KSw=="
        }
        ["edges"]=>
        array(0) {
        }
      }
    }
  }
  ["status"]=>
  string(2) "ok"
}
<br>
 No nodes!!!!!!!!!!!!!!!!!!!!!!!!!!!!!!!!<br>
 \n<br> Count: 0\n<br><br>
Client: criptobraz (4)   2018-10-30 12:09:16pm<br>
object(stdClass)#633 (2) {
  ["data"]=>
  object(stdClass)#658 (1) {
    ["user"]=>
    object(stdClass)#638 (1) {
      ["edge_follow"]=>
      object(stdClass)#449 (3) {
        ["count"]=>
        int(197)
        ["page_info"]=>
        object(stdClass)#268 (2) {
          ["has_next_page"]=>
          bool(true)
          ["end_cursor"]=>
          string(120) "QVFCbEpybzJ5MGRrZUJaWU96TUJWVXdrLXJQQTZHbURVQWp3ZVNYNXVxY05HcHVWa1c3Y1FoLUExNFFOZG5JLUMtQXFOWlh4NXdxLXBiNkctdEs0WXpHSA=="
        }
        ["edges"]=>
        array(0) {
        }
      }
    }
  }
  ["status"]=>
  string(2) "ok"
}
<br>
 No nodes!!!!!!!!!!!!!!!!!!!!!!!!!!!!!!!!<br>
 \n<br> Count: 0\n<br><br>
Client: facamerirr (5)   2018-10-30 12:09:17pm<br>
object(stdClass)#249 (2) {
  ["data"]=>
  object(stdClass)#259 (1) {
    ["user"]=>
    object(stdClass)#263 (1) {
      ["edge_follow"]=>
      object(stdClass)#266 (3) {
        ["count"]=>
        int(4363)
        ["page_info"]=>
        object(stdClass)#265 (2) {
          ["has_next_page"]=>
          bool(true)
          ["end_cursor"]=>
          string(120) "QVFBVmdvWE9pR3pLLVU2MU8wUE9xWEJPNmVGMExnVU1yTFNpYmd5QlIwVHVFeW5yM25aUVhzM0JJY3AtRldMQW53bjUtWk1YbEFHWkk2TlZDaFZRb3Nodw=="
        }
        ["edges"]=>
        array(0) {
        }
      }
    }
  }
  ["status"]=>
  string(2) "ok"
}
<br>
 No nodes!!!!!!!!!!!!!!!!!!!!!!!!!!!!!!!!<br>
 \n<br> Count: 0\n<br><br>
Client: dioceliogoulart (5)   2018-10-30 12:09:17pm<br>
object(stdClass)#268 (2) {
  ["data"]=>
  object(stdClass)#449 (1) {
    ["user"]=>
    object(stdClass)#638 (1) {
      ["edge_follow"]=>
      object(stdClass)#633 (3) {
        ["count"]=>
        int(10)
        ["page_info"]=>
        object(stdClass)#658 (2) {
          ["has_next_page"]=>
          bool(true)
          ["end_cursor"]=>
          string(120) "QVFENGh1aGJQOHFGdFBQYU5vdDI2X1RDMk9ldHFOMktrOGxMNXpmcXc4cG9rZFlnNFpNRVQtbmFMQVQtRGJ5bUVlTk8zc3JTODJoMTNrMGJYdVlzS1FBUg=="
        }
        ["edges"]=>
        array(0) {
        }
      }
    }
  }
  ["status"]=>
  string(2) "ok"
}
<br>
 No nodes!!!!!!!!!!!!!!!!!!!!!!!!!!!!!!!!<br>
 \n<br> Count: 0\n<br><br>
Client: baile_de_camelo (1)   2018-10-30 12:29:18pm<br>
\n<br> Count: 15\n<br>Profil name: uelton_fox<br>
object(stdClass)#261 (1) {
  ["status"]=>
  string(2) "ok"
}
<br>
Profil name: riquesouza57<br>
object(stdClass)#554 (1) {
  ["status"]=>
  string(2) "ok"
}
<br>
Profil name: diioficial<br>
object(stdClass)#261 (1) {
  ["status"]=>
  string(2) "ok"
}
<br>
Profil name: jomon_popz<br>
object(stdClass)#554 (1) {
  ["status"]=>
  string(2) "ok"
}
<br>
Profil name: matheus.js.figueiredo<br>
object(stdClass)#261 (1) {
  ["status"]=>
  string(2) "ok"
}
<br>
Profil name: carmenflamenca<br>
object(stdClass)#554 (1) {
  ["status"]=>
  string(2) "ok"
}
<br>
Profil name: cafetablao<br>
object(stdClass)#261 (1) {
  ["status"]=>
  string(2) "ok"
}
<br>
Profil name: martabalparda<br>
object(stdClass)#554 (1) {
  ["status"]=>
  string(2) "ok"
}
<br>
Profil name: jgflamencoydanza<br>
object(stdClass)#261 (1) {
  ["status"]=>
  string(2) "ok"
}
<br>
Profil name: danielezill<br>
object(stdClass)#554 (1) {
  ["status"]=>
  string(2) "ok"
}
<br>
Profil name: bielroodrigues<br>
object(stdClass)#261 (1) {
  ["status"]=>
  string(2) "ok"
}
<br>
Profil name: papierpersonnalise<br>
object(stdClass)#554 (1) {
  ["status"]=>
  string(2) "ok"
}
<br>
Profil name: lucasaudiovisual<br>
object(stdClass)#261 (1) {
  ["status"]=>
  string(2) "ok"
}
<br>
Profil name: nitropoint2018<br>
object(stdClass)#554 (1) {
  ["status"]=>
  string(2) "ok"
}
<br>
Profil name: paradiseloungebarbsb<br>
object(stdClass)#261 (1) {
  ["status"]=>
  string(2) "ok"
}
<br>
<br>
Client: amaassessoria (4)   2018-10-30 12:29:30pm<br>
object(stdClass)#633 (2) {
  ["data"]=>
  object(stdClass)#638 (1) {
    ["user"]=>
    object(stdClass)#449 (1) {
      ["edge_follow"]=>
      object(stdClass)#554 (3) {
        ["count"]=>
        int(764)
        ["page_info"]=>
        object(stdClass)#268 (2) {
          ["has_next_page"]=>
          bool(true)
          ["end_cursor"]=>
          string(120) "QVFEdUJjRS1nTHRtYlJ5MnhmM19LaElxYWlHdDhBY1p5b2pVaHVDcnRUNXVjb05TeDY2VVhueHlDWldRYUJsZU1vd1JfU2xUaVRDTHZpb1FWai12N21ybg=="
        }
        ["edges"]=>
        array(0) {
        }
      }
    }
  }
  ["status"]=>
  string(2) "ok"
}
<br>
 No nodes!!!!!!!!!!!!!!!!!!!!!!!!!!!!!!!!<br>
 \n<br> Count: 0\n<br><br>
Client: felippetur (4)   2018-10-30 12:29:31pm<br>
object(stdClass)#657 (2) {
  ["data"]=>
  object(stdClass)#677 (1) {
    ["user"]=>
    object(stdClass)#608 (1) {
      ["edge_follow"]=>
      object(stdClass)#257 (3) {
        ["count"]=>
        int(4126)
        ["page_info"]=>
        object(stdClass)#256 (2) {
          ["has_next_page"]=>
          bool(true)
          ["end_cursor"]=>
          string(120) "QVFBN21MT1IwbG9IVWxLLXdHQ1AwWDc2VTZpc1cxWVFKZlN0dmlmVFBEQjJNN25IMFpnRmdLdzBIbGVZV0VkaFFfYkVKZ3A0ZmlqNGpDVG1rcHBYMkRURQ=="
        }
        ["edges"]=>
        array(0) {
        }
      }
    }
  }
  ["status"]=>
  string(2) "ok"
}
<br>
 No nodes!!!!!!!!!!!!!!!!!!!!!!!!!!!!!!!!<br>
 \n<br> Count: 0\n<br><br>
Client: criptobraz (4)   2018-10-30 12:29:31pm<br>
object(stdClass)#268 (2) {
  ["data"]=>
  object(stdClass)#554 (1) {
    ["user"]=>
    object(stdClass)#449 (1) {
      ["edge_follow"]=>
      object(stdClass)#633 (3) {
        ["count"]=>
        int(197)
        ["page_info"]=>
        object(stdClass)#638 (2) {
          ["has_next_page"]=>
          bool(true)
          ["end_cursor"]=>
          string(120) "QVFEYWRTcEpfRmhEWGJFY3VoeGVsMTQ5MWFGU3hoOHhiWGNvUkpaUFQ0WE1iX0ZpNWMyWm16SWhfc0F2UjMzdVRaXzBROThUMmRzdzdaNnhfamF6TGtyYQ=="
        }
        ["edges"]=>
        array(0) {
        }
      }
    }
  }
  ["status"]=>
  string(2) "ok"
}
<br>
 No nodes!!!!!!!!!!!!!!!!!!!!!!!!!!!!!!!!<br>
 \n<br> Count: 0\n<br><br>
Client: facamerirr (5)   2018-10-30 12:29:32pm<br>
object(stdClass)#256 (2) {
  ["data"]=>
  object(stdClass)#257 (1) {
    ["user"]=>
    object(stdClass)#608 (1) {
      ["edge_follow"]=>
      object(stdClass)#657 (3) {
        ["count"]=>
        int(4363)
        ["page_info"]=>
        object(stdClass)#677 (2) {
          ["has_next_page"]=>
          bool(true)
          ["end_cursor"]=>
          string(120) "QVFEOWhDcnRJVkJ4RmowRl84WnItbEtjanRtRzB6LWJTOEZEaFRMZ3BmMlVmR1BwYjFtM2JLLUlEMV9NdWZlOXRTc2l6VDdaUFFJQ1VpRzZwVmlPZDVnVA=="
        }
        ["edges"]=>
        array(0) {
        }
      }
    }
  }
  ["status"]=>
  string(2) "ok"
}
<br>
 No nodes!!!!!!!!!!!!!!!!!!!!!!!!!!!!!!!!<br>
 \n<br> Count: 0\n<br><br>
Client: dioceliogoulart (5)   2018-10-30 12:29:32pm<br>
\n<br> Count: 1\n<br>Profil name: thaisguedess_<br>
object(stdClass)#254 (1) {
  ["status"]=>
  string(2) "ok"
}
<br>
<br>
Client: baile_de_camelo (1)   2018-10-30 12:49:34pm<br>
\n<br> Count: 15\n<br>Profil name: ronald_segecs<br>
object(stdClass)#449 (1) {
  ["status"]=>
  string(2) "ok"
}
<br>
Profil name: braz.rodrigo<br>
object(stdClass)#254 (1) {
  ["status"]=>
  string(2) "ok"
}
<br>
Profil name: kaelan_k_s_bjj<br>
object(stdClass)#449 (1) {
  ["status"]=>
  string(2) "ok"
}
<br>
Profil name: djalmaclementejunior<br>
object(stdClass)#254 (1) {
  ["status"]=>
  string(2) "ok"
}
<br>
Profil name: frase_de_musicaa<br>
object(stdClass)#449 (1) {
  ["status"]=>
  string(2) "ok"
}
<br>
Profil name: qzovideosofc<br>
object(stdClass)#254 (1) {
  ["status"]=>
  string(2) "ok"
}
<br>
Profil name: brunomax